sysbench 1.0.11 (using system LuaJIT 2.1.0-beta3)

Running the test with following options:
Number of threads: 1
Initializing random number generator from current time


Extra file open flags: 0
128 files, 16MiB each
2GiB total file size
Block size 16KiB
Number of IO requests: 0
Read/Write ratio for combined random IO test: 1.50
Periodic FSYNC enabled, calling fsync() each 100 requests.
Calling fsync() at the end of test, Enabled.
Using synchronous I/O mode
Doing random r/w test
Initializing worker threads...

Threads started!


File operations:
    reads/s:                      135.99
    writes/s:                     90.66
    fsyncs/s:                     289.95

Throughput:
    read, MiB/s:                  2.12
    written, MiB/s:               1.42

General statistics:
    total time:                          60.0012s
    total number of events:              30998

Latency (ms):
         min:                                  0.00
         avg:                                  1.93
         max:                                 44.09
         95th percentile:                      7.30
         sum:                              59740.24

Threads fairness:
    events (avg/stddev):           30998.0000/0.00
    execution time (avg/stddev):   59.7402/0.00

sysbench 1.0.11 (using system LuaJIT 2.1.0-beta3)

Running the test with following options:
Number of threads: 1
Initializing random number generator from current time


Extra file open flags: 0
128 files, 16MiB each
2GiB total file size
Block size 16KiB
Number of IO requests: 0
Read/Write ratio for combined random IO test: 1.50
Periodic FSYNC enabled, calling fsync() each 100 requests.
Calling fsync() at the end of test, Enabled.
Using synchronous I/O mode
Doing random r/w test
Initializing worker threads...

Threads started!


File operations:
    reads/s:                      132.94
    writes/s:                     88.62
    fsyncs/s:                     281.78

Throughput:
    read, MiB/s:                  2.08
    written, MiB/s:               1.38

General statistics:
    total time:                          60.0050s
    total number of events:              30215

Latency (ms):
         min:                                  0.00
         avg:                                  1.98
         max:                                 92.22
         95th percentile:                      7.56
         sum:                              59737.95

Threads fairness:
    events (avg/stddev):           30215.0000/0.00
    execution time (avg/stddev):   59.7380/0.00

sysbench 1.0.11 (using system LuaJIT 2.1.0-beta3)

Running the test with following options:
Number of threads: 1
Initializing random number generator from current time


Extra file open flags: 0
128 files, 16MiB each
2GiB total file size
Block size 16KiB
Number of IO requests: 0
Read/Write ratio for combined random IO test: 1.50
Periodic FSYNC enabled, calling fsync() each 100 requests.
Calling fsync() at the end of test, Enabled.
Using synchronous I/O mode
Doing random r/w test
Initializing worker threads...

Threads started!


File operations:
    reads/s:                      133.56
    writes/s:                     89.03
    fsyncs/s:                     283.71

Throughput:
    read, MiB/s:                  2.09
    written, MiB/s:               1.39

General statistics:
    total time:                          60.0022s
    total number of events:              30380

Latency (ms):
         min:                                  0.00
         avg:                                  1.97
         max:                                 95.51
         95th percentile:                      7.43
         sum:                              59706.02

Threads fairness:
    events (avg/stddev):           30380.0000/0.00
    execution time (avg/stddev):   59.7060/0.00

sysbench 1.0.11 (using system LuaJIT 2.1.0-beta3)

Running the test with following options:
Number of threads: 1
Initializing random number generator from current time


Extra file open flags: 0
128 files, 16MiB each
2GiB total file size
Block size 16KiB
Number of IO requests: 0
Read/Write ratio for combined random IO test: 1.50
Periodic FSYNC enabled, calling fsync() each 100 requests.
Calling fsync() at the end of test, Enabled.
Using synchronous I/O mode
Doing random r/w test
Initializing worker threads...

Threads started!


File operations:
    reads/s:                      135.99
    writes/s:                     90.66
    fsyncs/s:                     288.74

Throughput:
    read, MiB/s:                  2.12
    written, MiB/s:               1.42

General statistics:
    total time:                          60.0044s
    total number of events:              30926

Latency (ms):
         min:                                  0.00
         avg:                                  1.93
         max:                                109.71
         95th percentile:                      7.43
         sum:                              59721.26

Threads fairness:
    events (avg/stddev):           30926.0000/0.00
    execution time (avg/stddev):   59.7213/0.00

sysbench 1.0.11 (using system LuaJIT 2.1.0-beta3)

Running the test with following options:
Number of threads: 1
Initializing random number generator from current time


Extra file open flags: 0
128 files, 16MiB each
2GiB total file size
Block size 16KiB
Number of IO requests: 0
Read/Write ratio for combined random IO test: 1.50
Periodic FSYNC enabled, calling fsync() each 100 requests.
Calling fsync() at the end of test, Enabled.
Using synchronous I/O mode
Doing random r/w test
Initializing worker threads...

Threads started!


File operations:
    reads/s:                      134.98
    writes/s:                     89.99
    fsyncs/s:                     286.58

Throughput:
    read, MiB/s:                  2.11
    written, MiB/s:               1.41

General statistics:
    total time:                          60.0052s
    total number of events:              30697

Latency (ms):
         min:                                  0.00
         avg:                                  1.94
         max:                                903.24
         95th percentile:                      7.43
         sum:                              59553.36

Threads fairness:
    events (avg/stddev):           30697.0000/0.00
    execution time (avg/stddev):   59.5534/0.00

sysbench 1.0.11 (using system LuaJIT 2.1.0-beta3)

Running the test with following options:
Number of threads: 1
Initializing random number generator from current time


Extra file open flags: 0
128 files, 16MiB each
2GiB total file size
Block size 16KiB
Number of IO requests: 0
Read/Write ratio for combined random IO test: 1.50
Periodic FSYNC enabled, calling fsync() each 100 requests.
Calling fsync() at the end of test, Enabled.
Using synchronous I/O mode
Doing random r/w test
Initializing worker threads...

Threads started!


File operations:
    reads/s:                      122.28
    writes/s:                     81.51
    fsyncs/s:                     260.08

Throughput:
    read, MiB/s:                  1.91
    written, MiB/s:               1.27

General statistics:
    total time:                          60.0015s
    total number of events:              27852

Latency (ms):
         min:                                  0.00
         avg:                                  2.14
         max:                                756.28
         95th percentile:                      8.28
         sum:                              59662.56

Threads fairness:
    events (avg/stddev):           27852.0000/0.00
    execution time (avg/stddev):   59.6626/0.00

sysbench 1.0.11 (using system LuaJIT 2.1.0-beta3)

Running the test with following options:
Number of threads: 1
Initializing random number generator from current time


Extra file open flags: 0
128 files, 16MiB each
2GiB total file size
Block size 16KiB
Number of IO requests: 0
Read/Write ratio for combined random IO test: 1.50
Periodic FSYNC enabled, calling fsync() each 100 requests.
Calling fsync() at the end of test, Enabled.
Using synchronous I/O mode
Doing random r/w test
Initializing worker threads...

Threads started!


File operations:
    reads/s:                      123.96
    writes/s:                     82.64
    fsyncs/s:                     263.50

Throughput:
    read, MiB/s:                  1.94
    written, MiB/s:               1.29

General statistics:
    total time:                          60.0164s
    total number of events:              28215

Latency (ms):
         min:                                  0.00
         avg:                                  2.12
         max:                               2215.70
         95th percentile:                      7.84
         sum:                              59726.47

Threads fairness:
    events (avg/stddev):           28215.0000/0.00
    execution time (avg/stddev):   59.7265/0.00

sysbench 1.0.11 (using system LuaJIT 2.1.0-beta3)

Running the test with following options:
Number of threads: 1
Initializing random number generator from current time


Extra file open flags: 0
128 files, 16MiB each
2GiB total file size
Block size 16KiB
Number of IO requests: 0
Read/Write ratio for combined random IO test: 1.50
Periodic FSYNC enabled, calling fsync() each 100 requests.
Calling fsync() at the end of test, Enabled.
Using synchronous I/O mode
Doing random r/w test
Initializing worker threads...

Threads started!


File operations:
    reads/s:                      128.99
    writes/s:                     85.99
    fsyncs/s:                     274.94

Throughput:
    read, MiB/s:                  2.02
    written, MiB/s:               1.34

General statistics:
    total time:                          60.0032s
    total number of events:              29398

Latency (ms):
         min:                                  0.00
         avg:                                  2.03
         max:                               2233.88
         95th percentile:                      7.43
         sum:                              59683.15

Threads fairness:
    events (avg/stddev):           29398.0000/0.00
    execution time (avg/stddev):   59.6831/0.00

sysbench 1.0.11 (using system LuaJIT 2.1.0-beta3)

Running the test with following options:
Number of threads: 1
Initializing random number generator from current time


Extra file open flags: 0
128 files, 16MiB each
2GiB total file size
Block size 16KiB
Number of IO requests: 0
Read/Write ratio for combined random IO test: 1.50
Periodic FSYNC enabled, calling fsync() each 100 requests.
Calling fsync() at the end of test, Enabled.
Using synchronous I/O mode
Doing random r/w test
Initializing worker threads...

Threads started!


File operations:
    reads/s:                      131.98
    writes/s:                     87.99
    fsyncs/s:                     279.52

Throughput:
    read, MiB/s:                  2.06
    written, MiB/s:               1.37

General statistics:
    total time:                          60.0006s
    total number of events:              29974

Latency (ms):
         min:                                  0.00
         avg:                                  1.99
         max:                                779.59
         95th percentile:                      7.43
         sum:                              59700.39

Threads fairness:
    events (avg/stddev):           29974.0000/0.00
    execution time (avg/stddev):   59.7004/0.00

sysbench 1.0.11 (using system LuaJIT 2.1.0-beta3)

Running the test with following options:
Number of threads: 1
Initializing random number generator from current time


Extra file open flags: 0
128 files, 16MiB each
2GiB total file size
Block size 16KiB
Number of IO requests: 0
Read/Write ratio for combined random IO test: 1.50
Periodic FSYNC enabled, calling fsync() each 100 requests.
Calling fsync() at the end of test, Enabled.
Using synchronous I/O mode
Doing random r/w test
Initializing worker threads...

Threads started!


File operations:
    reads/s:                      135.97
    writes/s:                     90.64
    fsyncs/s:                     289.76

Throughput:
    read, MiB/s:                  2.12
    written, MiB/s:               1.42

General statistics:
    total time:                          60.0009s
    total number of events:              30990

Latency (ms):
         min:                                  0.00
         avg:                                  1.93
         max:                                 51.31
         95th percentile:                      7.43
         sum:                              59706.64

Threads fairness:
    events (avg/stddev):           30990.0000/0.00
    execution time (avg/stddev):   59.7066/0.00

sysbench 1.0.11 (using system LuaJIT 2.1.0-beta3)

Running the test with following options:
Number of threads: 1
Initializing random number generator from current time


Extra file open flags: 0
128 files, 16MiB each
2GiB total file size
Block size 16KiB
Number of IO requests: 0
Read/Write ratio for combined random IO test: 1.50
Periodic FSYNC enabled, calling fsync() each 100 requests.
Calling fsync() at the end of test, Enabled.
Using synchronous I/O mode
Doing random r/w test
Initializing worker threads...

Threads started!


File operations:
    reads/s:                      136.99
    writes/s:                     91.33
    fsyncs/s:                     292.22

Throughput:
    read, MiB/s:                  2.14
    written, MiB/s:               1.43

General statistics:
    total time:                          60.0019s
    total number of events:              31234

Latency (ms):
         min:                                  0.00
         avg:                                  1.91
         max:                                 77.16
         95th percentile:                      7.30
         sum:                              59568.52

Threads fairness:
    events (avg/stddev):           31234.0000/0.00
    execution time (avg/stddev):   59.5685/0.00

sysbench 1.0.11 (using system LuaJIT 2.1.0-beta3)

Running the test with following options:
Number of threads: 1
Initializing random number generator from current time


Extra file open flags: 0
128 files, 16MiB each
2GiB total file size
Block size 16KiB
Number of IO requests: 0
Read/Write ratio for combined random IO test: 1.50
Periodic FSYNC enabled, calling fsync() each 100 requests.
Calling fsync() at the end of test, Enabled.
Using synchronous I/O mode
Doing random r/w test
Initializing worker threads...

Threads started!


File operations:
    reads/s:                      137.99
    writes/s:                     91.99
    fsyncs/s:                     292.87

Throughput:
    read, MiB/s:                  2.16
    written, MiB/s:               1.44

General statistics:
    total time:                          60.0030s
    total number of events:              31374

Latency (ms):
         min:                                  0.00
         avg:                                  1.90
         max:                                 84.11
         95th percentile:                      7.30
         sum:                              59612.45

Threads fairness:
    events (avg/stddev):           31374.0000/0.00
    execution time (avg/stddev):   59.6125/0.00

sysbench 1.0.11 (using system LuaJIT 2.1.0-beta3)

Running the test with following options:
Number of threads: 1
Initializing random number generator from current time


Extra file open flags: 0
128 files, 16MiB each
2GiB total file size
Block size 16KiB
Number of IO requests: 0
Read/Write ratio for combined random IO test: 1.50
Periodic FSYNC enabled, calling fsync() each 100 requests.
Calling fsync() at the end of test, Enabled.
Using synchronous I/O mode
Doing random r/w test
Initializing worker threads...

Threads started!


File operations:
    reads/s:                      134.99
    writes/s:                     89.99
    fsyncs/s:                     287.37

Throughput:
    read, MiB/s:                  2.11
    written, MiB/s:               1.41

General statistics:
    total time:                          60.0040s
    total number of events:              30744

Latency (ms):
         min:                                  0.00
         avg:                                  1.94
         max:                                140.45
         95th percentile:                      7.43
         sum:                              59664.31

Threads fairness:
    events (avg/stddev):           30744.0000/0.00
    execution time (avg/stddev):   59.6643/0.00

sysbench 1.0.11 (using system LuaJIT 2.1.0-beta3)

Running the test with following options:
Number of threads: 1
Initializing random number generator from current time


Extra file open flags: 0
128 files, 16MiB each
2GiB total file size
Block size 16KiB
Number of IO requests: 0
Read/Write ratio for combined random IO test: 1.50
Periodic FSYNC enabled, calling fsync() each 100 requests.
Calling fsync() at the end of test, Enabled.
Using synchronous I/O mode
Doing random r/w test
Initializing worker threads...

Threads started!


File operations:
    reads/s:                      135.75
    writes/s:                     90.49
    fsyncs/s:                     287.97

Throughput:
    read, MiB/s:                  2.12
    written, MiB/s:               1.41

General statistics:
    total time:                          60.0013s
    total number of events:              30856

Latency (ms):
         min:                                  0.00
         avg:                                  1.94
         max:                                 98.87
         95th percentile:                      7.30
         sum:                              59706.90

Threads fairness:
    events (avg/stddev):           30856.0000/0.00
    execution time (avg/stddev):   59.7069/0.00

sysbench 1.0.11 (using system LuaJIT 2.1.0-beta3)

Running the test with following options:
Number of threads: 1
Initializing random number generator from current time


Extra file open flags: 0
128 files, 16MiB each
2GiB total file size
Block size 16KiB
Number of IO requests: 0
Read/Write ratio for combined random IO test: 1.50
Periodic FSYNC enabled, calling fsync() each 100 requests.
Calling fsync() at the end of test, Enabled.
Using synchronous I/O mode
Doing random r/w test
Initializing worker threads...

Threads started!


File operations:
    reads/s:                      134.98
    writes/s:                     89.99
    fsyncs/s:                     287.82

Throughput:
    read, MiB/s:                  2.11
    written, MiB/s:               1.41

General statistics:
    total time:                          60.0042s
    total number of events:              30771

Latency (ms):
         min:                                  0.00
         avg:                                  1.94
         max:                                 74.31
         95th percentile:                      7.43
         sum:                              59675.11

Threads fairness:
    events (avg/stddev):           30771.0000/0.00
    execution time (avg/stddev):   59.6751/0.00

sysbench 1.0.11 (using system LuaJIT 2.1.0-beta3)

Running the test with following options:
Number of threads: 1
Initializing random number generator from current time


Extra file open flags: 0
128 files, 16MiB each
2GiB total file size
Block size 16KiB
Number of IO requests: 0
Read/Write ratio for combined random IO test: 1.50
Periodic FSYNC enabled, calling fsync() each 100 requests.
Calling fsync() at the end of test, Enabled.
Using synchronous I/O mode
Doing random r/w test
Initializing worker threads...

Threads started!


File operations:
    reads/s:                      138.63
    writes/s:                     92.42
    fsyncs/s:                     294.36

Throughput:
    read, MiB/s:                  2.17
    written, MiB/s:               1.44

General statistics:
    total time:                          60.0005s
    total number of events:              31529

Latency (ms):
         min:                                  0.00
         avg:                                  1.89
         max:                                100.06
         95th percentile:                      7.30
         sum:                              59672.27

Threads fairness:
    events (avg/stddev):           31529.0000/0.00
    execution time (avg/stddev):   59.6723/0.00

sysbench 1.0.11 (using system LuaJIT 2.1.0-beta3)

Running the test with following options:
Number of threads: 1
Initializing random number generator from current time


Extra file open flags: 0
128 files, 16MiB each
2GiB total file size
Block size 16KiB
Number of IO requests: 0
Read/Write ratio for combined random IO test: 1.50
Periodic FSYNC enabled, calling fsync() each 100 requests.
Calling fsync() at the end of test, Enabled.
Using synchronous I/O mode
Doing random r/w test
Initializing worker threads...

Threads started!


File operations:
    reads/s:                      138.99
    writes/s:                     92.66
    fsyncs/s:                     294.39

Throughput:
    read, MiB/s:                  2.17
    written, MiB/s:               1.45

General statistics:
    total time:                          60.0002s
    total number of events:              31564

Latency (ms):
         min:                                  0.00
         avg:                                  1.89
         max:                                177.66
         95th percentile:                      7.30
         sum:                              59730.23

Threads fairness:
    events (avg/stddev):           31564.0000/0.00
    execution time (avg/stddev):   59.7302/0.00

sysbench 1.0.11 (using system LuaJIT 2.1.0-beta3)

Running the test with following options:
Number of threads: 1
Initializing random number generator from current time


Extra file open flags: 0
128 files, 16MiB each
2GiB total file size
Block size 16KiB
Number of IO requests: 0
Read/Write ratio for combined random IO test: 1.50
Periodic FSYNC enabled, calling fsync() each 100 requests.
Calling fsync() at the end of test, Enabled.
Using synchronous I/O mode
Doing random r/w test
Initializing worker threads...

Threads started!


File operations:
    reads/s:                      137.96
    writes/s:                     91.97
    fsyncs/s:                     292.20

Throughput:
    read, MiB/s:                  2.16
    written, MiB/s:               1.44

General statistics:
    total time:                          60.0003s
    total number of events:              31337

Latency (ms):
         min:                                  0.00
         avg:                                  1.91
         max:                                106.77
         95th percentile:                      7.30
         sum:                              59721.28

Threads fairness:
    events (avg/stddev):           31337.0000/0.00
    execution time (avg/stddev):   59.7213/0.00

sysbench 1.0.11 (using system LuaJIT 2.1.0-beta3)

Running the test with following options:
Number of threads: 1
Initializing random number generator from current time


Extra file open flags: 0
128 files, 16MiB each
2GiB total file size
Block size 16KiB
Number of IO requests: 0
Read/Write ratio for combined random IO test: 1.50
Periodic FSYNC enabled, calling fsync() each 100 requests.
Calling fsync() at the end of test, Enabled.
Using synchronous I/O mode
Doing random r/w test
Initializing worker threads...

Threads started!


File operations:
    reads/s:                      135.96
    writes/s:                     90.64
    fsyncs/s:                     289.56

Throughput:
    read, MiB/s:                  2.12
    written, MiB/s:               1.42

General statistics:
    total time:                          60.0037s
    total number of events:              30978

Latency (ms):
         min:                                  0.00
         avg:                                  1.93
         max:                               1193.41
         95th percentile:                      7.30
         sum:                              59736.66

Threads fairness:
    events (avg/stddev):           30978.0000/0.00
    execution time (avg/stddev):   59.7367/0.00

sysbench 1.0.11 (using system LuaJIT 2.1.0-beta3)

Running the test with following options:
Number of threads: 1
Initializing random number generator from current time


Extra file open flags: 0
128 files, 16MiB each
2GiB total file size
Block size 16KiB
Number of IO requests: 0
Read/Write ratio for combined random IO test: 1.50
Periodic FSYNC enabled, calling fsync() each 100 requests.
Calling fsync() at the end of test, Enabled.
Using synchronous I/O mode
Doing random r/w test
Initializing worker threads...

Threads started!


File operations:
    reads/s:                      136.77
    writes/s:                     91.17
    fsyncs/s:                     290.11

Throughput:
    read, MiB/s:                  2.14
    written, MiB/s:               1.42

General statistics:
    total time:                          60.0041s
    total number of events:              31086

Latency (ms):
         min:                                  0.00
         avg:                                  1.92
         max:                                 63.97
         95th percentile:                      7.30
         sum:                              59671.50

Threads fairness:
    events (avg/stddev):           31086.0000/0.00
    execution time (avg/stddev):   59.6715/0.00

sysbench 1.0.11 (using system LuaJIT 2.1.0-beta3)

Running the test with following options:
Number of threads: 1
Initializing random number generator from current time


Extra file open flags: 0
128 files, 16MiB each
2GiB total file size
Block size 16KiB
Number of IO requests: 0
Read/Write ratio for combined random IO test: 1.50
Periodic FSYNC enabled, calling fsync() each 100 requests.
Calling fsync() at the end of test, Enabled.
Using synchronous I/O mode
Doing random r/w test
Initializing worker threads...

Threads started!


File operations:
    reads/s:                      134.94
    writes/s:                     89.96
    fsyncs/s:                     286.52

Throughput:
    read, MiB/s:                  2.11
    written, MiB/s:               1.41

General statistics:
    total time:                          60.0042s
    total number of events:              30699

Latency (ms):
         min:                                  0.00
         avg:                                  1.95
         max:                                 59.33
         95th percentile:                      7.30
         sum:                              59726.21

Threads fairness:
    events (avg/stddev):           30699.0000/0.00
    execution time (avg/stddev):   59.7262/0.00

sysbench 1.0.11 (using system LuaJIT 2.1.0-beta3)

Running the test with following options:
Number of threads: 1
Initializing random number generator from current time


Extra file open flags: 0
128 files, 16MiB each
2GiB total file size
Block size 16KiB
Number of IO requests: 0
Read/Write ratio for combined random IO test: 1.50
Periodic FSYNC enabled, calling fsync() each 100 requests.
Calling fsync() at the end of test, Enabled.
Using synchronous I/O mode
Doing random r/w test
Initializing worker threads...

Threads started!


File operations:
    reads/s:                      134.99
    writes/s:                     89.99
    fsyncs/s:                     287.77

Throughput:
    read, MiB/s:                  2.11
    written, MiB/s:               1.41

General statistics:
    total time:                          60.0046s
    total number of events:              30768

Latency (ms):
         min:                                  0.00
         avg:                                  1.94
         max:                                 58.53
         95th percentile:                      7.30
         sum:                              59737.65

Threads fairness:
    events (avg/stddev):           30768.0000/0.00
    execution time (avg/stddev):   59.7377/0.00

sysbench 1.0.11 (using system LuaJIT 2.1.0-beta3)

Running the test with following options:
Number of threads: 1
Initializing random number generator from current time


Extra file open flags: 0
128 files, 16MiB each
2GiB total file size
Block size 16KiB
Number of IO requests: 0
Read/Write ratio for combined random IO test: 1.50
Periodic FSYNC enabled, calling fsync() each 100 requests.
Calling fsync() at the end of test, Enabled.
Using synchronous I/O mode
Doing random r/w test
Initializing worker threads...

Threads started!


File operations:
    reads/s:                      138.14
    writes/s:                     92.10
    fsyncs/s:                     294.39

Throughput:
    read, MiB/s:                  2.16
    written, MiB/s:               1.44

General statistics:
    total time:                          60.0009s
    total number of events:              31479

Latency (ms):
         min:                                  0.00
         avg:                                  1.90
         max:                                 65.09
         95th percentile:                      7.30
         sum:                              59757.71

Threads fairness:
    events (avg/stddev):           31479.0000/0.00
    execution time (avg/stddev):   59.7577/0.00

sysbench 1.0.11 (using system LuaJIT 2.1.0-beta3)

Running the test with following options:
Number of threads: 1
Initializing random number generator from current time


Extra file open flags: 0
128 files, 16MiB each
2GiB total file size
Block size 16KiB
Number of IO requests: 0
Read/Write ratio for combined random IO test: 1.50
Periodic FSYNC enabled, calling fsync() each 100 requests.
Calling fsync() at the end of test, Enabled.
Using synchronous I/O mode
Doing random r/w test
Initializing worker threads...

Threads started!


File operations:
    reads/s:                      139.06
    writes/s:                     92.69
    fsyncs/s:                     296.51

Throughput:
    read, MiB/s:                  2.17
    written, MiB/s:               1.45

General statistics:
    total time:                          60.0005s
    total number of events:              31698

Latency (ms):
         min:                                  0.00
         avg:                                  1.88
         max:                                 97.94
         95th percentile:                      7.17
         sum:                              59708.04

Threads fairness:
    events (avg/stddev):           31698.0000/0.00
    execution time (avg/stddev):   59.7080/0.00

sysbench 1.0.11 (using system LuaJIT 2.1.0-beta3)

Running the test with following options:
Number of threads: 1
Initializing random number generator from current time


Extra file open flags: 0
128 files, 16MiB each
2GiB total file size
Block size 16KiB
Number of IO requests: 0
Read/Write ratio for combined random IO test: 1.50
Periodic FSYNC enabled, calling fsync() each 100 requests.
Calling fsync() at the end of test, Enabled.
Using synchronous I/O mode
Doing random r/w test
Initializing worker threads...

Threads started!


File operations:
    reads/s:                      138.61
    writes/s:                     92.40
    fsyncs/s:                     294.39

Throughput:
    read, MiB/s:                  2.17
    written, MiB/s:               1.44

General statistics:
    total time:                          60.0011s
    total number of events:              31525

Latency (ms):
         min:                                  0.00
         avg:                                  1.89
         max:                                108.89
         95th percentile:                      7.17
         sum:                              59687.31

Threads fairness:
    events (avg/stddev):           31525.0000/0.00
    execution time (avg/stddev):   59.6873/0.00

sysbench 1.0.11 (using system LuaJIT 2.1.0-beta3)

Running the test with following options:
Number of threads: 1
Initializing random number generator from current time


Extra file open flags: 0
128 files, 16MiB each
2GiB total file size
Block size 16KiB
Number of IO requests: 0
Read/Write ratio for combined random IO test: 1.50
Periodic FSYNC enabled, calling fsync() each 100 requests.
Calling fsync() at the end of test, Enabled.
Using synchronous I/O mode
Doing random r/w test
Initializing worker threads...

Threads started!


File operations:
    reads/s:                      133.98
    writes/s:                     89.32
    fsyncs/s:                     284.52

Throughput:
    read, MiB/s:                  2.09
    written, MiB/s:               1.40

General statistics:
    total time:                          60.0024s
    total number of events:              30473

Latency (ms):
         min:                                  0.00
         avg:                                  1.96
         max:                                 82.99
         95th percentile:                      7.43
         sum:                              59626.75

Threads fairness:
    events (avg/stddev):           30473.0000/0.00
    execution time (avg/stddev):   59.6267/0.00

sysbench 1.0.11 (using system LuaJIT 2.1.0-beta3)

Running the test with following options:
Number of threads: 1
Initializing random number generator from current time


Extra file open flags: 0
128 files, 16MiB each
2GiB total file size
Block size 16KiB
Number of IO requests: 0
Read/Write ratio for combined random IO test: 1.50
Periodic FSYNC enabled, calling fsync() each 100 requests.
Calling fsync() at the end of test, Enabled.
Using synchronous I/O mode
Doing random r/w test
Initializing worker threads...

Threads started!


File operations:
    reads/s:                      132.97
    writes/s:                     88.64
    fsyncs/s:                     283.63

Throughput:
    read, MiB/s:                  2.08
    written, MiB/s:               1.38

General statistics:
    total time:                          60.0004s
    total number of events:              30325

Latency (ms):
         min:                                  0.00
         avg:                                  1.97
         max:                                143.30
         95th percentile:                      7.56
         sum:                              59720.96

Threads fairness:
    events (avg/stddev):           30325.0000/0.00
    execution time (avg/stddev):   59.7210/0.00

sysbench 1.0.11 (using system LuaJIT 2.1.0-beta3)

Running the test with following options:
Number of threads: 1
Initializing random number generator from current time


Extra file open flags: 0
128 files, 16MiB each
2GiB total file size
Block size 16KiB
Number of IO requests: 0
Read/Write ratio for combined random IO test: 1.50
Periodic FSYNC enabled, calling fsync() each 100 requests.
Calling fsync() at the end of test, Enabled.
Using synchronous I/O mode
Doing random r/w test
Initializing worker threads...

Threads started!


File operations:
    reads/s:                      137.97
    writes/s:                     91.98
    fsyncs/s:                     293.31

Throughput:
    read, MiB/s:                  2.16
    written, MiB/s:               1.44

General statistics:
    total time:                          60.0055s
    total number of events:              31402

Latency (ms):
         min:                                  0.00
         avg:                                  1.90
         max:                                128.60
         95th percentile:                      7.30
         sum:                              59746.89

Threads fairness:
    events (avg/stddev):           31402.0000/0.00
    execution time (avg/stddev):   59.7469/0.00

sysbench 1.0.11 (using system LuaJIT 2.1.0-beta3)

Running the test with following options:
Number of threads: 1
Initializing random number generator from current time


Extra file open flags: 0
128 files, 16MiB each
2GiB total file size
Block size 16KiB
Number of IO requests: 0
Read/Write ratio for combined random IO test: 1.50
Periodic FSYNC enabled, calling fsync() each 100 requests.
Calling fsync() at the end of test, Enabled.
Using synchronous I/O mode
Doing random r/w test
Initializing worker threads...

Threads started!


File operations:
    reads/s:                      135.99
    writes/s:                     90.66
    fsyncs/s:                     288.93

Throughput:
    read, MiB/s:                  2.12
    written, MiB/s:               1.42

General statistics:
    total time:                          60.0024s
    total number of events:              30937

Latency (ms):
         min:                                  0.00
         avg:                                  1.93
         max:                                111.59
         95th percentile:                      7.30
         sum:                              59635.28

Threads fairness:
    events (avg/stddev):           30937.0000/0.00
    execution time (avg/stddev):   59.6353/0.00

sysbench 1.0.11 (using system LuaJIT 2.1.0-beta3)

Running the test with following options:
Number of threads: 1
Initializing random number generator from current time


Extra file open flags: 0
128 files, 16MiB each
2GiB total file size
Block size 16KiB
Number of IO requests: 0
Read/Write ratio for combined random IO test: 1.50
Periodic FSYNC enabled, calling fsync() each 100 requests.
Calling fsync() at the end of test, Enabled.
Using synchronous I/O mode
Doing random r/w test
Initializing worker threads...

Threads started!


File operations:
    reads/s:                      138.98
    writes/s:                     92.66
    fsyncs/s:                     295.80

Throughput:
    read, MiB/s:                  2.17
    written, MiB/s:               1.45

General statistics:
    total time:                          60.0022s
    total number of events:              31650

Latency (ms):
         min:                                  0.00
         avg:                                  1.88
         max:                                 90.24
         95th percentile:                      7.17
         sum:                              59648.68

Threads fairness:
    events (avg/stddev):           31650.0000/0.00
    execution time (avg/stddev):   59.6487/0.00

