sysbench 1.0.11 (using system LuaJIT 2.1.0-beta3)

Running the test with following options:
Number of threads: 1
Initializing random number generator from current time


Extra file open flags: 0
128 files, 16MiB each
2GiB total file size
Block size 16KiB
Number of IO requests: 0
Read/Write ratio for combined random IO test: 1.50
Periodic FSYNC enabled, calling fsync() each 100 requests.
Calling fsync() at the end of test, Enabled.
Using synchronous I/O mode
Doing random r/w test
Initializing worker threads...

Threads started!


File operations:
    reads/s:                      82.99
    writes/s:                     55.33
    fsyncs/s:                     176.04

Throughput:
    read, MiB/s:                  1.30
    written, MiB/s:               0.86

General statistics:
    total time:                          60.0051s
    total number of events:              18864

Latency (ms):
         min:                                  0.00
         avg:                                  3.18
         max:                                118.70
         95th percentile:                     13.95
         sum:                              59946.72

Threads fairness:
    events (avg/stddev):           18864.0000/0.00
    execution time (avg/stddev):   59.9467/0.00

sysbench 1.0.11 (using system LuaJIT 2.1.0-beta3)

Running the test with following options:
Number of threads: 1
Initializing random number generator from current time


Extra file open flags: 0
128 files, 16MiB each
2GiB total file size
Block size 16KiB
Number of IO requests: 0
Read/Write ratio for combined random IO test: 1.50
Periodic FSYNC enabled, calling fsync() each 100 requests.
Calling fsync() at the end of test, Enabled.
Using synchronous I/O mode
Doing random r/w test
Initializing worker threads...

Threads started!


File operations:
    reads/s:                      82.99
    writes/s:                     55.33
    fsyncs/s:                     176.90

Throughput:
    read, MiB/s:                  1.30
    written, MiB/s:               0.86

General statistics:
    total time:                          60.0020s
    total number of events:              18915

Latency (ms):
         min:                                  0.00
         avg:                                  3.17
         max:                                125.86
         95th percentile:                     12.98
         sum:                              59942.33

Threads fairness:
    events (avg/stddev):           18915.0000/0.00
    execution time (avg/stddev):   59.9423/0.00

sysbench 1.0.11 (using system LuaJIT 2.1.0-beta3)

Running the test with following options:
Number of threads: 1
Initializing random number generator from current time


Extra file open flags: 0
128 files, 16MiB each
2GiB total file size
Block size 16KiB
Number of IO requests: 0
Read/Write ratio for combined random IO test: 1.50
Periodic FSYNC enabled, calling fsync() each 100 requests.
Calling fsync() at the end of test, Enabled.
Using synchronous I/O mode
Doing random r/w test
Initializing worker threads...

Threads started!


File operations:
    reads/s:                      82.01
    writes/s:                     54.66
    fsyncs/s:                     174.81

Throughput:
    read, MiB/s:                  1.28
    written, MiB/s:               0.85

General statistics:
    total time:                          60.0384s
    total number of events:              18702

Latency (ms):
         min:                                  0.00
         avg:                                  3.21
         max:                                115.33
         95th percentile:                     14.73
         sum:                              59971.57

Threads fairness:
    events (avg/stddev):           18702.0000/0.00
    execution time (avg/stddev):   59.9716/0.00

sysbench 1.0.11 (using system LuaJIT 2.1.0-beta3)

Running the test with following options:
Number of threads: 1
Initializing random number generator from current time


Extra file open flags: 0
128 files, 16MiB each
2GiB total file size
Block size 16KiB
Number of IO requests: 0
Read/Write ratio for combined random IO test: 1.50
Periodic FSYNC enabled, calling fsync() each 100 requests.
Calling fsync() at the end of test, Enabled.
Using synchronous I/O mode
Doing random r/w test
Initializing worker threads...

Threads started!


File operations:
    reads/s:                      81.99
    writes/s:                     54.66
    fsyncs/s:                     172.87

Throughput:
    read, MiB/s:                  1.28
    written, MiB/s:               0.85

General statistics:
    total time:                          60.0031s
    total number of events:              18573

Latency (ms):
         min:                                  0.01
         avg:                                  3.23
         max:                                116.62
         95th percentile:                     13.70
         sum:                              59949.65

Threads fairness:
    events (avg/stddev):           18573.0000/0.00
    execution time (avg/stddev):   59.9496/0.00

sysbench 1.0.11 (using system LuaJIT 2.1.0-beta3)

Running the test with following options:
Number of threads: 1
Initializing random number generator from current time


Extra file open flags: 0
128 files, 16MiB each
2GiB total file size
Block size 16KiB
Number of IO requests: 0
Read/Write ratio for combined random IO test: 1.50
Periodic FSYNC enabled, calling fsync() each 100 requests.
Calling fsync() at the end of test, Enabled.
Using synchronous I/O mode
Doing random r/w test
Initializing worker threads...

Threads started!


File operations:
    reads/s:                      83.90
    writes/s:                     55.94
    fsyncs/s:                     176.91

Throughput:
    read, MiB/s:                  1.31
    written, MiB/s:               0.87

General statistics:
    total time:                          60.0661s
    total number of events:              19027

Latency (ms):
         min:                                  0.00
         avg:                                  3.15
         max:                                110.04
         95th percentile:                     13.46
         sum:                              59954.43

Threads fairness:
    events (avg/stddev):           19027.0000/0.00
    execution time (avg/stddev):   59.9544/0.00

sysbench 1.0.11 (using system LuaJIT 2.1.0-beta3)

Running the test with following options:
Number of threads: 1
Initializing random number generator from current time


Extra file open flags: 0
128 files, 16MiB each
2GiB total file size
Block size 16KiB
Number of IO requests: 0
Read/Write ratio for combined random IO test: 1.50
Periodic FSYNC enabled, calling fsync() each 100 requests.
Calling fsync() at the end of test, Enabled.
Using synchronous I/O mode
Doing random r/w test
Initializing worker threads...

Threads started!


File operations:
    reads/s:                      81.95
    writes/s:                     54.63
    fsyncs/s:                     173.81

Throughput:
    read, MiB/s:                  1.28
    written, MiB/s:               0.85

General statistics:
    total time:                          60.0342s
    total number of events:              18635

Latency (ms):
         min:                                  0.00
         avg:                                  3.22
         max:                                122.96
         95th percentile:                     13.46
         sum:                              59949.37

Threads fairness:
    events (avg/stddev):           18635.0000/0.00
    execution time (avg/stddev):   59.9494/0.00

sysbench 1.0.11 (using system LuaJIT 2.1.0-beta3)

Running the test with following options:
Number of threads: 1
Initializing random number generator from current time


Extra file open flags: 0
128 files, 16MiB each
2GiB total file size
Block size 16KiB
Number of IO requests: 0
Read/Write ratio for combined random IO test: 1.50
Periodic FSYNC enabled, calling fsync() each 100 requests.
Calling fsync() at the end of test, Enabled.
Using synchronous I/O mode
Doing random r/w test
Initializing worker threads...

Threads started!


File operations:
    reads/s:                      83.96
    writes/s:                     55.97
    fsyncs/s:                     178.61

Throughput:
    read, MiB/s:                  1.31
    written, MiB/s:               0.87

General statistics:
    total time:                          60.0269s
    total number of events:              19122

Latency (ms):
         min:                                  0.00
         avg:                                  3.13
         max:                                110.83
         95th percentile:                     13.22
         sum:                              59939.78

Threads fairness:
    events (avg/stddev):           19122.0000/0.00
    execution time (avg/stddev):   59.9398/0.00

sysbench 1.0.11 (using system LuaJIT 2.1.0-beta3)

Running the test with following options:
Number of threads: 1
Initializing random number generator from current time


Extra file open flags: 0
128 files, 16MiB each
2GiB total file size
Block size 16KiB
Number of IO requests: 0
Read/Write ratio for combined random IO test: 1.50
Periodic FSYNC enabled, calling fsync() each 100 requests.
Calling fsync() at the end of test, Enabled.
Using synchronous I/O mode
Doing random r/w test
Initializing worker threads...

Threads started!


File operations:
    reads/s:                      81.59
    writes/s:                     54.40
    fsyncs/s:                     172.68

Throughput:
    read, MiB/s:                  1.27
    written, MiB/s:               0.85

General statistics:
    total time:                          60.0401s
    total number of events:              18533

Latency (ms):
         min:                                  0.00
         avg:                                  3.23
         max:                                201.79
         95th percentile:                     13.95
         sum:                              59947.46

Threads fairness:
    events (avg/stddev):           18533.0000/0.00
    execution time (avg/stddev):   59.9475/0.00

sysbench 1.0.11 (using system LuaJIT 2.1.0-beta3)

Running the test with following options:
Number of threads: 1
Initializing random number generator from current time


Extra file open flags: 0
128 files, 16MiB each
2GiB total file size
Block size 16KiB
Number of IO requests: 0
Read/Write ratio for combined random IO test: 1.50
Periodic FSYNC enabled, calling fsync() each 100 requests.
Calling fsync() at the end of test, Enabled.
Using synchronous I/O mode
Doing random r/w test
Initializing worker threads...

Threads started!


File operations:
    reads/s:                      80.81
    writes/s:                     53.88
    fsyncs/s:                     170.44

Throughput:
    read, MiB/s:                  1.26
    written, MiB/s:               0.84

General statistics:
    total time:                          60.1374s
    total number of events:              18350

Latency (ms):
         min:                                  0.00
         avg:                                  3.27
         max:                                138.07
         95th percentile:                     15.55
         sum:                              59992.95

Threads fairness:
    events (avg/stddev):           18350.0000/0.00
    execution time (avg/stddev):   59.9929/0.00

sysbench 1.0.11 (using system LuaJIT 2.1.0-beta3)

Running the test with following options:
Number of threads: 1
Initializing random number generator from current time


Extra file open flags: 0
128 files, 16MiB each
2GiB total file size
Block size 16KiB
Number of IO requests: 0
Read/Write ratio for combined random IO test: 1.50
Periodic FSYNC enabled, calling fsync() each 100 requests.
Calling fsync() at the end of test, Enabled.
Using synchronous I/O mode
Doing random r/w test
Initializing worker threads...

Threads started!


File operations:
    reads/s:                      80.84
    writes/s:                     53.90
    fsyncs/s:                     170.52

Throughput:
    read, MiB/s:                  1.26
    written, MiB/s:               0.84

General statistics:
    total time:                          60.1136s
    total number of events:              18351

Latency (ms):
         min:                                  0.00
         avg:                                  3.27
         max:                                131.12
         95th percentile:                     15.83
         sum:                              60023.16

Threads fairness:
    events (avg/stddev):           18351.0000/0.00
    execution time (avg/stddev):   60.0232/0.00

sysbench 1.0.11 (using system LuaJIT 2.1.0-beta3)

Running the test with following options:
Number of threads: 1
Initializing random number generator from current time


Extra file open flags: 0
128 files, 16MiB each
2GiB total file size
Block size 16KiB
Number of IO requests: 0
Read/Write ratio for combined random IO test: 1.50
Periodic FSYNC enabled, calling fsync() each 100 requests.
Calling fsync() at the end of test, Enabled.
Using synchronous I/O mode
Doing random r/w test
Initializing worker threads...

Threads started!


File operations:
    reads/s:                      83.52
    writes/s:                     55.68
    fsyncs/s:                     176.94

Throughput:
    read, MiB/s:                  1.31
    written, MiB/s:               0.87

General statistics:
    total time:                          60.0414s
    total number of events:              18982

Latency (ms):
         min:                                  0.00
         avg:                                  3.16
         max:                                124.59
         95th percentile:                     13.70
         sum:                              59945.62

Threads fairness:
    events (avg/stddev):           18982.0000/0.00
    execution time (avg/stddev):   59.9456/0.00

sysbench 1.0.11 (using system LuaJIT 2.1.0-beta3)

Running the test with following options:
Number of threads: 1
Initializing random number generator from current time


Extra file open flags: 0
128 files, 16MiB each
2GiB total file size
Block size 16KiB
Number of IO requests: 0
Read/Write ratio for combined random IO test: 1.50
Periodic FSYNC enabled, calling fsync() each 100 requests.
Calling fsync() at the end of test, Enabled.
Using synchronous I/O mode
Doing random r/w test
Initializing worker threads...

Threads started!


File operations:
    reads/s:                      79.95
    writes/s:                     53.30
    fsyncs/s:                     170.56

Throughput:
    read, MiB/s:                  1.25
    written, MiB/s:               0.83

General statistics:
    total time:                          60.0359s
    total number of events:              18240

Latency (ms):
         min:                                  0.00
         avg:                                  3.29
         max:                                116.59
         95th percentile:                     15.00
         sum:                              59937.53

Threads fairness:
    events (avg/stddev):           18240.0000/0.00
    execution time (avg/stddev):   59.9375/0.00

sysbench 1.0.11 (using system LuaJIT 2.1.0-beta3)

Running the test with following options:
Number of threads: 1
Initializing random number generator from current time


Extra file open flags: 0
128 files, 16MiB each
2GiB total file size
Block size 16KiB
Number of IO requests: 0
Read/Write ratio for combined random IO test: 1.50
Periodic FSYNC enabled, calling fsync() each 100 requests.
Calling fsync() at the end of test, Enabled.
Using synchronous I/O mode
Doing random r/w test
Initializing worker threads...

Threads started!


File operations:
    reads/s:                      81.96
    writes/s:                     54.64
    fsyncs/s:                     174.71

Throughput:
    read, MiB/s:                  1.28
    written, MiB/s:               0.85

General statistics:
    total time:                          60.0282s
    total number of events:              18688

Latency (ms):
         min:                                  0.00
         avg:                                  3.21
         max:                                104.25
         95th percentile:                     12.98
         sum:                              59926.80

Threads fairness:
    events (avg/stddev):           18688.0000/0.00
    execution time (avg/stddev):   59.9268/0.00

sysbench 1.0.11 (using system LuaJIT 2.1.0-beta3)

Running the test with following options:
Number of threads: 1
Initializing random number generator from current time


Extra file open flags: 0
128 files, 16MiB each
2GiB total file size
Block size 16KiB
Number of IO requests: 0
Read/Write ratio for combined random IO test: 1.50
Periodic FSYNC enabled, calling fsync() each 100 requests.
Calling fsync() at the end of test, Enabled.
Using synchronous I/O mode
Doing random r/w test
Initializing worker threads...

Threads started!


File operations:
    reads/s:                      79.90
    writes/s:                     53.26
    fsyncs/s:                     170.42

Throughput:
    read, MiB/s:                  1.25
    written, MiB/s:               0.83

General statistics:
    total time:                          60.0614s
    total number of events:              18241

Latency (ms):
         min:                                  0.00
         avg:                                  3.29
         max:                                123.77
         95th percentile:                     16.12
         sum:                              59953.88

Threads fairness:
    events (avg/stddev):           18241.0000/0.00
    execution time (avg/stddev):   59.9539/0.00

sysbench 1.0.11 (using system LuaJIT 2.1.0-beta3)

Running the test with following options:
Number of threads: 1
Initializing random number generator from current time


Extra file open flags: 0
128 files, 16MiB each
2GiB total file size
Block size 16KiB
Number of IO requests: 0
Read/Write ratio for combined random IO test: 1.50
Periodic FSYNC enabled, calling fsync() each 100 requests.
Calling fsync() at the end of test, Enabled.
Using synchronous I/O mode
Doing random r/w test
Initializing worker threads...

Threads started!


File operations:
    reads/s:                      81.97
    writes/s:                     54.65
    fsyncs/s:                     173.47

Throughput:
    read, MiB/s:                  1.28
    written, MiB/s:               0.85

General statistics:
    total time:                          60.0177s
    total number of events:              18612

Latency (ms):
         min:                                  0.00
         avg:                                  3.22
         max:                                168.28
         95th percentile:                     13.46
         sum:                              59942.43

Threads fairness:
    events (avg/stddev):           18612.0000/0.00
    execution time (avg/stddev):   59.9424/0.00

sysbench 1.0.11 (using system LuaJIT 2.1.0-beta3)

Running the test with following options:
Number of threads: 1
Initializing random number generator from current time


Extra file open flags: 0
128 files, 16MiB each
2GiB total file size
Block size 16KiB
Number of IO requests: 0
Read/Write ratio for combined random IO test: 1.50
Periodic FSYNC enabled, calling fsync() each 100 requests.
Calling fsync() at the end of test, Enabled.
Using synchronous I/O mode
Doing random r/w test
Initializing worker threads...

Threads started!


File operations:
    reads/s:                      80.94
    writes/s:                     53.96
    fsyncs/s:                     172.33

Throughput:
    read, MiB/s:                  1.26
    written, MiB/s:               0.84

General statistics:
    total time:                          60.0394s
    total number of events:              18447

Latency (ms):
         min:                                  0.00
         avg:                                  3.25
         max:                                149.54
         95th percentile:                     15.00
         sum:                              59952.74

Threads fairness:
    events (avg/stddev):           18447.0000/0.00
    execution time (avg/stddev):   59.9527/0.00

sysbench 1.0.11 (using system LuaJIT 2.1.0-beta3)

Running the test with following options:
Number of threads: 1
Initializing random number generator from current time


Extra file open flags: 0
128 files, 16MiB each
2GiB total file size
Block size 16KiB
Number of IO requests: 0
Read/Write ratio for combined random IO test: 1.50
Periodic FSYNC enabled, calling fsync() each 100 requests.
Calling fsync() at the end of test, Enabled.
Using synchronous I/O mode
Doing random r/w test
Initializing worker threads...

Threads started!


File operations:
    reads/s:                      80.95
    writes/s:                     53.96
    fsyncs/s:                     172.63

Throughput:
    read, MiB/s:                  1.26
    written, MiB/s:               0.84

General statistics:
    total time:                          60.0566s
    total number of events:              18471

Latency (ms):
         min:                                  0.00
         avg:                                  3.24
         max:                                123.58
         95th percentile:                     16.12
         sum:                              59934.99

Threads fairness:
    events (avg/stddev):           18471.0000/0.00
    execution time (avg/stddev):   59.9350/0.00

sysbench 1.0.11 (using system LuaJIT 2.1.0-beta3)

Running the test with following options:
Number of threads: 1
Initializing random number generator from current time


Extra file open flags: 0
128 files, 16MiB each
2GiB total file size
Block size 16KiB
Number of IO requests: 0
Read/Write ratio for combined random IO test: 1.50
Periodic FSYNC enabled, calling fsync() each 100 requests.
Calling fsync() at the end of test, Enabled.
Using synchronous I/O mode
Doing random r/w test
Initializing worker threads...

Threads started!


File operations:
    reads/s:                      83.95
    writes/s:                     55.96
    fsyncs/s:                     176.97

Throughput:
    read, MiB/s:                  1.31
    written, MiB/s:               0.87

General statistics:
    total time:                          60.0336s
    total number of events:              19025

Latency (ms):
         min:                                  0.00
         avg:                                  3.15
         max:                                123.83
         95th percentile:                     12.75
         sum:                              59942.03

Threads fairness:
    events (avg/stddev):           19025.0000/0.00
    execution time (avg/stddev):   59.9420/0.00

sysbench 1.0.11 (using system LuaJIT 2.1.0-beta3)

Running the test with following options:
Number of threads: 1
Initializing random number generator from current time


Extra file open flags: 0
128 files, 16MiB each
2GiB total file size
Block size 16KiB
Number of IO requests: 0
Read/Write ratio for combined random IO test: 1.50
Periodic FSYNC enabled, calling fsync() each 100 requests.
Calling fsync() at the end of test, Enabled.
Using synchronous I/O mode
Doing random r/w test
Initializing worker threads...

Threads started!


File operations:
    reads/s:                      81.96
    writes/s:                     54.64
    fsyncs/s:                     173.03

Throughput:
    read, MiB/s:                  1.28
    written, MiB/s:               0.85

General statistics:
    total time:                          60.0273s
    total number of events:              18587

Latency (ms):
         min:                                  0.00
         avg:                                  3.23
         max:                                126.79
         95th percentile:                     15.55
         sum:                              59953.07

Threads fairness:
    events (avg/stddev):           18587.0000/0.00
    execution time (avg/stddev):   59.9531/0.00

sysbench 1.0.11 (using system LuaJIT 2.1.0-beta3)

Running the test with following options:
Number of threads: 1
Initializing random number generator from current time


Extra file open flags: 0
128 files, 16MiB each
2GiB total file size
Block size 16KiB
Number of IO requests: 0
Read/Write ratio for combined random IO test: 1.50
Periodic FSYNC enabled, calling fsync() each 100 requests.
Calling fsync() at the end of test, Enabled.
Using synchronous I/O mode
Doing random r/w test
Initializing worker threads...

Threads started!


File operations:
    reads/s:                      81.06
    writes/s:                     54.04
    fsyncs/s:                     172.65

Throughput:
    read, MiB/s:                  1.27
    written, MiB/s:               0.84

General statistics:
    total time:                          60.0197s
    total number of events:              18481

Latency (ms):
         min:                                  0.00
         avg:                                  3.24
         max:                                137.43
         95th percentile:                     15.55
         sum:                              59960.35

Threads fairness:
    events (avg/stddev):           18481.0000/0.00
    execution time (avg/stddev):   59.9604/0.00

sysbench 1.0.11 (using system LuaJIT 2.1.0-beta3)

Running the test with following options:
Number of threads: 1
Initializing random number generator from current time


Extra file open flags: 0
128 files, 16MiB each
2GiB total file size
Block size 16KiB
Number of IO requests: 0
Read/Write ratio for combined random IO test: 1.50
Periodic FSYNC enabled, calling fsync() each 100 requests.
Calling fsync() at the end of test, Enabled.
Using synchronous I/O mode
Doing random r/w test
Initializing worker threads...

Threads started!


File operations:
    reads/s:                      83.91
    writes/s:                     55.94
    fsyncs/s:                     176.99

Throughput:
    read, MiB/s:                  1.31
    written, MiB/s:               0.87

General statistics:
    total time:                          60.0580s
    total number of events:              19031

Latency (ms):
         min:                                  0.01
         avg:                                  3.15
         max:                                175.27
         95th percentile:                     14.21
         sum:                              59949.91

Threads fairness:
    events (avg/stddev):           19031.0000/0.00
    execution time (avg/stddev):   59.9499/0.00

sysbench 1.0.11 (using system LuaJIT 2.1.0-beta3)

Running the test with following options:
Number of threads: 1
Initializing random number generator from current time


Extra file open flags: 0
128 files, 16MiB each
2GiB total file size
Block size 16KiB
Number of IO requests: 0
Read/Write ratio for combined random IO test: 1.50
Periodic FSYNC enabled, calling fsync() each 100 requests.
Calling fsync() at the end of test, Enabled.
Using synchronous I/O mode
Doing random r/w test
Initializing worker threads...

Threads started!


File operations:
    reads/s:                      82.96
    writes/s:                     55.31
    fsyncs/s:                     176.52

Throughput:
    read, MiB/s:                  1.30
    written, MiB/s:               0.86

General statistics:
    total time:                          60.0257s
    total number of events:              18896

Latency (ms):
         min:                                  0.00
         avg:                                  3.17
         max:                                130.96
         95th percentile:                     12.75
         sum:                              59948.41

Threads fairness:
    events (avg/stddev):           18896.0000/0.00
    execution time (avg/stddev):   59.9484/0.00

sysbench 1.0.11 (using system LuaJIT 2.1.0-beta3)

Running the test with following options:
Number of threads: 1
Initializing random number generator from current time


Extra file open flags: 0
128 files, 16MiB each
2GiB total file size
Block size 16KiB
Number of IO requests: 0
Read/Write ratio for combined random IO test: 1.50
Periodic FSYNC enabled, calling fsync() each 100 requests.
Calling fsync() at the end of test, Enabled.
Using synchronous I/O mode
Doing random r/w test
Initializing worker threads...

Threads started!


File operations:
    reads/s:                      84.92
    writes/s:                     56.61
    fsyncs/s:                     179.15

Throughput:
    read, MiB/s:                  1.33
    written, MiB/s:               0.88

General statistics:
    total time:                          60.0550s
    total number of events:              19259

Latency (ms):
         min:                                  0.00
         avg:                                  3.11
         max:                                108.08
         95th percentile:                     13.70
         sum:                              59962.89

Threads fairness:
    events (avg/stddev):           19259.0000/0.00
    execution time (avg/stddev):   59.9629/0.00

sysbench 1.0.11 (using system LuaJIT 2.1.0-beta3)

Running the test with following options:
Number of threads: 1
Initializing random number generator from current time


Extra file open flags: 0
128 files, 16MiB each
2GiB total file size
Block size 16KiB
Number of IO requests: 0
Read/Write ratio for combined random IO test: 1.50
Periodic FSYNC enabled, calling fsync() each 100 requests.
Calling fsync() at the end of test, Enabled.
Using synchronous I/O mode
Doing random r/w test
Initializing worker threads...

Threads started!


File operations:
    reads/s:                      83.96
    writes/s:                     55.98
    fsyncs/s:                     177.71

Throughput:
    read, MiB/s:                  1.31
    written, MiB/s:               0.87

General statistics:
    total time:                          60.0232s
    total number of events:              19067

Latency (ms):
         min:                                  0.00
         avg:                                  3.14
         max:                                117.37
         95th percentile:                     13.70
         sum:                              59946.14

Threads fairness:
    events (avg/stddev):           19067.0000/0.00
    execution time (avg/stddev):   59.9461/0.00

sysbench 1.0.11 (using system LuaJIT 2.1.0-beta3)

Running the test with following options:
Number of threads: 1
Initializing random number generator from current time


Extra file open flags: 0
128 files, 16MiB each
2GiB total file size
Block size 16KiB
Number of IO requests: 0
Read/Write ratio for combined random IO test: 1.50
Periodic FSYNC enabled, calling fsync() each 100 requests.
Calling fsync() at the end of test, Enabled.
Using synchronous I/O mode
Doing random r/w test
Initializing worker threads...

Threads started!


File operations:
    reads/s:                      81.94
    writes/s:                     54.63
    fsyncs/s:                     173.12

Throughput:
    read, MiB/s:                  1.28
    written, MiB/s:               0.85

General statistics:
    total time:                          60.0438s
    total number of events:              18595

Latency (ms):
         min:                                  0.00
         avg:                                  3.22
         max:                                115.03
         95th percentile:                     13.95
         sum:                              59951.63

Threads fairness:
    events (avg/stddev):           18595.0000/0.00
    execution time (avg/stddev):   59.9516/0.00

sysbench 1.0.11 (using system LuaJIT 2.1.0-beta3)

Running the test with following options:
Number of threads: 1
Initializing random number generator from current time


Extra file open flags: 0
128 files, 16MiB each
2GiB total file size
Block size 16KiB
Number of IO requests: 0
Read/Write ratio for combined random IO test: 1.50
Periodic FSYNC enabled, calling fsync() each 100 requests.
Calling fsync() at the end of test, Enabled.
Using synchronous I/O mode
Doing random r/w test
Initializing worker threads...

Threads started!


File operations:
    reads/s:                      83.91
    writes/s:                     55.94
    fsyncs/s:                     177.49

Throughput:
    read, MiB/s:                  1.31
    written, MiB/s:               0.87

General statistics:
    total time:                          60.0594s
    total number of events:              19060

Latency (ms):
         min:                                  0.00
         avg:                                  3.14
         max:                                110.32
         95th percentile:                     12.98
         sum:                              59939.54

Threads fairness:
    events (avg/stddev):           19060.0000/0.00
    execution time (avg/stddev):   59.9395/0.00

sysbench 1.0.11 (using system LuaJIT 2.1.0-beta3)

Running the test with following options:
Number of threads: 1
Initializing random number generator from current time


Extra file open flags: 0
128 files, 16MiB each
2GiB total file size
Block size 16KiB
Number of IO requests: 0
Read/Write ratio for combined random IO test: 1.50
Periodic FSYNC enabled, calling fsync() each 100 requests.
Calling fsync() at the end of test, Enabled.
Using synchronous I/O mode
Doing random r/w test
Initializing worker threads...

Threads started!


File operations:
    reads/s:                      81.93
    writes/s:                     54.62
    fsyncs/s:                     174.72

Throughput:
    read, MiB/s:                  1.28
    written, MiB/s:               0.85

General statistics:
    total time:                          60.0718s
    total number of events:              18699

Latency (ms):
         min:                                  0.01
         avg:                                  3.21
         max:                                116.15
         95th percentile:                     15.83
         sum:                              59958.33

Threads fairness:
    events (avg/stddev):           18699.0000/0.00
    execution time (avg/stddev):   59.9583/0.00

sysbench 1.0.11 (using system LuaJIT 2.1.0-beta3)

Running the test with following options:
Number of threads: 1
Initializing random number generator from current time


Extra file open flags: 0
128 files, 16MiB each
2GiB total file size
Block size 16KiB
Number of IO requests: 0
Read/Write ratio for combined random IO test: 1.50
Periodic FSYNC enabled, calling fsync() each 100 requests.
Calling fsync() at the end of test, Enabled.
Using synchronous I/O mode
Doing random r/w test
Initializing worker threads...

Threads started!


File operations:
    reads/s:                      81.92
    writes/s:                     54.62
    fsyncs/s:                     173.21

Throughput:
    read, MiB/s:                  1.28
    written, MiB/s:               0.85

General statistics:
    total time:                          60.0540s
    total number of events:              18602

Latency (ms):
         min:                                  0.00
         avg:                                  3.22
         max:                                111.30
         95th percentile:                     13.22
         sum:                              59944.73

Threads fairness:
    events (avg/stddev):           18602.0000/0.00
    execution time (avg/stddev):   59.9447/0.00

sysbench 1.0.11 (using system LuaJIT 2.1.0-beta3)

Running the test with following options:
Number of threads: 1
Initializing random number generator from current time


Extra file open flags: 0
128 files, 16MiB each
2GiB total file size
Block size 16KiB
Number of IO requests: 0
Read/Write ratio for combined random IO test: 1.50
Periodic FSYNC enabled, calling fsync() each 100 requests.
Calling fsync() at the end of test, Enabled.
Using synchronous I/O mode
Doing random r/w test
Initializing worker threads...

Threads started!


File operations:
    reads/s:                      81.89
    writes/s:                     54.59
    fsyncs/s:                     172.60

Throughput:
    read, MiB/s:                  1.28
    written, MiB/s:               0.85

General statistics:
    total time:                          60.0783s
    total number of events:              18570

Latency (ms):
         min:                                  0.00
         avg:                                  3.23
         max:                                122.11
         95th percentile:                     16.12
         sum:                              59998.61

Threads fairness:
    events (avg/stddev):           18570.0000/0.00
    execution time (avg/stddev):   59.9986/0.00

sysbench 1.0.11 (using system LuaJIT 2.1.0-beta3)

Running the test with following options:
Number of threads: 1
Initializing random number generator from current time


Extra file open flags: 0
128 files, 16MiB each
2GiB total file size
Block size 16KiB
Number of IO requests: 0
Read/Write ratio for combined random IO test: 1.50
Periodic FSYNC enabled, calling fsync() each 100 requests.
Calling fsync() at the end of test, Enabled.
Using synchronous I/O mode
Doing random r/w test
Initializing worker threads...

Threads started!


File operations:
    reads/s:                      83.97
    writes/s:                     55.98
    fsyncs/s:                     178.49

Throughput:
    read, MiB/s:                  1.31
    written, MiB/s:               0.87

General statistics:
    total time:                          60.0171s
    total number of events:              19113

Latency (ms):
         min:                                  0.00
         avg:                                  3.14
         max:                                121.31
         95th percentile:                     12.75
         sum:                              59942.45

Threads fairness:
    events (avg/stddev):           19113.0000/0.00
    execution time (avg/stddev):   59.9425/0.00

