sysbench 1.0.11 (using system LuaJIT 2.1.0-beta3)

Running the test with following options:
Number of threads: 1
Initializing random number generator from current time


Extra file open flags: 0
128 files, 16MiB each
2GiB total file size
Block size 16KiB
Number of IO requests: 0
Read/Write ratio for combined random IO test: 1.50
Periodic FSYNC enabled, calling fsync() each 100 requests.
Calling fsync() at the end of test, Enabled.
Using asynchronous I/O mode
Doing random r/w test
Initializing worker threads...

Threads started!


File operations:
    reads/s:                      1628.36
    writes/s:                     1086.97
    fsyncs/s:                     0.00

Throughput:
    read, MiB/s:                  25.44
    written, MiB/s:               16.98

General statistics:
    total time:                          60.0523s
    total number of events:              306562

Latency (ms):
         min:                                  0.00
         avg:                                  0.19
         max:                                108.83
         95th percentile:                      0.32
         sum:                              59579.73

Threads fairness:
    events (avg/stddev):           306562.0000/0.00
    execution time (avg/stddev):   59.5797/0.00

sysbench 1.0.11 (using system LuaJIT 2.1.0-beta3)

Running the test with following options:
Number of threads: 1
Initializing random number generator from current time


Extra file open flags: 0
128 files, 16MiB each
2GiB total file size
Block size 16KiB
Number of IO requests: 0
Read/Write ratio for combined random IO test: 1.50
Periodic FSYNC enabled, calling fsync() each 100 requests.
Calling fsync() at the end of test, Enabled.
Using asynchronous I/O mode
Doing random r/w test
Initializing worker threads...

Threads started!


File operations:
    reads/s:                      1628.58
    writes/s:                     1086.81
    fsyncs/s:                     0.00

Throughput:
    read, MiB/s:                  25.45
    written, MiB/s:               16.98

General statistics:
    total time:                          60.0614s
    total number of events:              306718

Latency (ms):
         min:                                  0.00
         avg:                                  0.19
         max:                                160.22
         95th percentile:                      0.32
         sum:                              59644.86

Threads fairness:
    events (avg/stddev):           306718.0000/0.00
    execution time (avg/stddev):   59.6449/0.00

sysbench 1.0.11 (using system LuaJIT 2.1.0-beta3)

Running the test with following options:
Number of threads: 1
Initializing random number generator from current time


Extra file open flags: 0
128 files, 16MiB each
2GiB total file size
Block size 16KiB
Number of IO requests: 0
Read/Write ratio for combined random IO test: 1.50
Periodic FSYNC enabled, calling fsync() each 100 requests.
Calling fsync() at the end of test, Enabled.
Using asynchronous I/O mode
Doing random r/w test
Initializing worker threads...

Threads started!


File operations:
    reads/s:                      1635.01
    writes/s:                     1089.49
    fsyncs/s:                     0.00

Throughput:
    read, MiB/s:                  25.55
    written, MiB/s:               17.02

General statistics:
    total time:                          60.0307s
    total number of events:              307439

Latency (ms):
         min:                                  0.00
         avg:                                  0.19
         max:                                 82.55
         95th percentile:                      0.32
         sum:                              59558.24

Threads fairness:
    events (avg/stddev):           307439.0000/0.00
    execution time (avg/stddev):   59.5582/0.00

sysbench 1.0.11 (using system LuaJIT 2.1.0-beta3)

Running the test with following options:
Number of threads: 1
Initializing random number generator from current time


Extra file open flags: 0
128 files, 16MiB each
2GiB total file size
Block size 16KiB
Number of IO requests: 0
Read/Write ratio for combined random IO test: 1.50
Periodic FSYNC enabled, calling fsync() each 100 requests.
Calling fsync() at the end of test, Enabled.
Using asynchronous I/O mode
Doing random r/w test
Initializing worker threads...

Threads started!


File operations:
    reads/s:                      1638.82
    writes/s:                     1093.25
    fsyncs/s:                     0.00

Throughput:
    read, MiB/s:                  25.61
    written, MiB/s:               17.08

General statistics:
    total time:                          60.0562s
    total number of events:              308481

Latency (ms):
         min:                                  0.00
         avg:                                  0.19
         max:                                143.52
         95th percentile:                      0.32
         sum:                              59636.53

Threads fairness:
    events (avg/stddev):           308481.0000/0.00
    execution time (avg/stddev):   59.6365/0.00

sysbench 1.0.11 (using system LuaJIT 2.1.0-beta3)

Running the test with following options:
Number of threads: 1
Initializing random number generator from current time


Extra file open flags: 0
128 files, 16MiB each
2GiB total file size
Block size 16KiB
Number of IO requests: 0
Read/Write ratio for combined random IO test: 1.50
Periodic FSYNC enabled, calling fsync() each 100 requests.
Calling fsync() at the end of test, Enabled.
Using asynchronous I/O mode
Doing random r/w test
Initializing worker threads...

Threads started!


File operations:
    reads/s:                      1637.38
    writes/s:                     1091.44
    fsyncs/s:                     0.00

Throughput:
    read, MiB/s:                  25.58
    written, MiB/s:               17.05

General statistics:
    total time:                          60.0424s
    total number of events:              308109

Latency (ms):
         min:                                  0.00
         avg:                                  0.19
         max:                                160.76
         95th percentile:                      0.33
         sum:                              59572.25

Threads fairness:
    events (avg/stddev):           308109.0000/0.00
    execution time (avg/stddev):   59.5722/0.00

sysbench 1.0.11 (using system LuaJIT 2.1.0-beta3)

Running the test with following options:
Number of threads: 1
Initializing random number generator from current time


Extra file open flags: 0
128 files, 16MiB each
2GiB total file size
Block size 16KiB
Number of IO requests: 0
Read/Write ratio for combined random IO test: 1.50
Periodic FSYNC enabled, calling fsync() each 100 requests.
Calling fsync() at the end of test, Enabled.
Using asynchronous I/O mode
Doing random r/w test
Initializing worker threads...

Threads started!


File operations:
    reads/s:                      1639.19
    writes/s:                     1093.42
    fsyncs/s:                     0.00

Throughput:
    read, MiB/s:                  25.61
    written, MiB/s:               17.08

General statistics:
    total time:                          60.0493s
    total number of events:              308615

Latency (ms):
         min:                                  0.00
         avg:                                  0.19
         max:                                 90.50
         95th percentile:                      0.32
         sum:                              59617.79

Threads fairness:
    events (avg/stddev):           308615.0000/0.00
    execution time (avg/stddev):   59.6178/0.00

sysbench 1.0.11 (using system LuaJIT 2.1.0-beta3)

Running the test with following options:
Number of threads: 1
Initializing random number generator from current time


Extra file open flags: 0
128 files, 16MiB each
2GiB total file size
Block size 16KiB
Number of IO requests: 0
Read/Write ratio for combined random IO test: 1.50
Periodic FSYNC enabled, calling fsync() each 100 requests.
Calling fsync() at the end of test, Enabled.
Using asynchronous I/O mode
Doing random r/w test
Initializing worker threads...

Threads started!


File operations:
    reads/s:                      1632.58
    writes/s:                     1087.24
    fsyncs/s:                     0.00

Throughput:
    read, MiB/s:                  25.51
    written, MiB/s:               16.99

General statistics:
    total time:                          60.0374s
    total number of events:              306919

Latency (ms):
         min:                                  0.00
         avg:                                  0.19
         max:                                 91.56
         95th percentile:                      0.32
         sum:                              59509.77

Threads fairness:
    events (avg/stddev):           306919.0000/0.00
    execution time (avg/stddev):   59.5098/0.00

sysbench 1.0.11 (using system LuaJIT 2.1.0-beta3)

Running the test with following options:
Number of threads: 1
Initializing random number generator from current time


Extra file open flags: 0
128 files, 16MiB each
2GiB total file size
Block size 16KiB
Number of IO requests: 0
Read/Write ratio for combined random IO test: 1.50
Periodic FSYNC enabled, calling fsync() each 100 requests.
Calling fsync() at the end of test, Enabled.
Using asynchronous I/O mode
Doing random r/w test
Initializing worker threads...

Threads started!


File operations:
    reads/s:                      1636.82
    writes/s:                     1091.56
    fsyncs/s:                     0.00

Throughput:
    read, MiB/s:                  25.58
    written, MiB/s:               17.06

General statistics:
    total time:                          60.0347s
    total number of events:              308065

Latency (ms):
         min:                                  0.00
         avg:                                  0.19
         max:                                127.30
         95th percentile:                      0.32
         sum:                              59584.72

Threads fairness:
    events (avg/stddev):           308065.0000/0.00
    execution time (avg/stddev):   59.5847/0.00

sysbench 1.0.11 (using system LuaJIT 2.1.0-beta3)

Running the test with following options:
Number of threads: 1
Initializing random number generator from current time


Extra file open flags: 0
128 files, 16MiB each
2GiB total file size
Block size 16KiB
Number of IO requests: 0
Read/Write ratio for combined random IO test: 1.50
Periodic FSYNC enabled, calling fsync() each 100 requests.
Calling fsync() at the end of test, Enabled.
Using asynchronous I/O mode
Doing random r/w test
Initializing worker threads...

Threads started!


File operations:
    reads/s:                      1640.38
    writes/s:                     1094.14
    fsyncs/s:                     0.00

Throughput:
    read, MiB/s:                  25.63
    written, MiB/s:               17.10

General statistics:
    total time:                          60.0792s
    total number of events:              308913

Latency (ms):
         min:                                  0.00
         avg:                                  0.19
         max:                                118.32
         95th percentile:                      0.32
         sum:                              59577.47

Threads fairness:
    events (avg/stddev):           308913.0000/0.00
    execution time (avg/stddev):   59.5775/0.00

sysbench 1.0.11 (using system LuaJIT 2.1.0-beta3)

Running the test with following options:
Number of threads: 1
Initializing random number generator from current time


Extra file open flags: 0
128 files, 16MiB each
2GiB total file size
Block size 16KiB
Number of IO requests: 0
Read/Write ratio for combined random IO test: 1.50
Periodic FSYNC enabled, calling fsync() each 100 requests.
Calling fsync() at the end of test, Enabled.
Using asynchronous I/O mode
Doing random r/w test
Initializing worker threads...

Threads started!


File operations:
    reads/s:                      1645.07
    writes/s:                     1096.83
    fsyncs/s:                     0.00

Throughput:
    read, MiB/s:                  25.70
    written, MiB/s:               17.14

General statistics:
    total time:                          60.0634s
    total number of events:              309511

Latency (ms):
         min:                                  0.00
         avg:                                  0.19
         max:                                105.98
         95th percentile:                      0.32
         sum:                              59591.85

Threads fairness:
    events (avg/stddev):           309511.0000/0.00
    execution time (avg/stddev):   59.5919/0.00

sysbench 1.0.11 (using system LuaJIT 2.1.0-beta3)

Running the test with following options:
Number of threads: 1
Initializing random number generator from current time


Extra file open flags: 0
128 files, 16MiB each
2GiB total file size
Block size 16KiB
Number of IO requests: 0
Read/Write ratio for combined random IO test: 1.50
Periodic FSYNC enabled, calling fsync() each 100 requests.
Calling fsync() at the end of test, Enabled.
Using asynchronous I/O mode
Doing random r/w test
Initializing worker threads...

Threads started!


File operations:
    reads/s:                      1601.26
    writes/s:                     1067.72
    fsyncs/s:                     0.00

Throughput:
    read, MiB/s:                  25.02
    written, MiB/s:               16.68

General statistics:
    total time:                          60.0565s
    total number of events:              301357

Latency (ms):
         min:                                  0.00
         avg:                                  0.20
         max:                                117.44
         95th percentile:                      0.34
         sum:                              59629.50

Threads fairness:
    events (avg/stddev):           301357.0000/0.00
    execution time (avg/stddev):   59.6295/0.00

sysbench 1.0.11 (using system LuaJIT 2.1.0-beta3)

Running the test with following options:
Number of threads: 1
Initializing random number generator from current time


Extra file open flags: 0
128 files, 16MiB each
2GiB total file size
Block size 16KiB
Number of IO requests: 0
Read/Write ratio for combined random IO test: 1.50
Periodic FSYNC enabled, calling fsync() each 100 requests.
Calling fsync() at the end of test, Enabled.
Using asynchronous I/O mode
Doing random r/w test
Initializing worker threads...

Threads started!


File operations:
    reads/s:                      1639.02
    writes/s:                     1093.38
    fsyncs/s:                     0.00

Throughput:
    read, MiB/s:                  25.61
    written, MiB/s:               17.08

General statistics:
    total time:                          60.0518s
    total number of events:              308481

Latency (ms):
         min:                                  0.00
         avg:                                  0.19
         max:                                 98.72
         95th percentile:                      0.32
         sum:                              59608.72

Threads fairness:
    events (avg/stddev):           308481.0000/0.00
    execution time (avg/stddev):   59.6087/0.00

sysbench 1.0.11 (using system LuaJIT 2.1.0-beta3)

Running the test with following options:
Number of threads: 1
Initializing random number generator from current time


Extra file open flags: 0
128 files, 16MiB each
2GiB total file size
Block size 16KiB
Number of IO requests: 0
Read/Write ratio for combined random IO test: 1.50
Periodic FSYNC enabled, calling fsync() each 100 requests.
Calling fsync() at the end of test, Enabled.
Using asynchronous I/O mode
Doing random r/w test
Initializing worker threads...

Threads started!


File operations:
    reads/s:                      1651.37
    writes/s:                     1100.10
    fsyncs/s:                     0.00

Throughput:
    read, MiB/s:                  25.80
    written, MiB/s:               17.19

General statistics:
    total time:                          60.0338s
    total number of events:              310473

Latency (ms):
         min:                                  0.00
         avg:                                  0.19
         max:                                149.13
         95th percentile:                      0.32
         sum:                              59613.37

Threads fairness:
    events (avg/stddev):           310473.0000/0.00
    execution time (avg/stddev):   59.6134/0.00

sysbench 1.0.11 (using system LuaJIT 2.1.0-beta3)

Running the test with following options:
Number of threads: 1
Initializing random number generator from current time


Extra file open flags: 0
128 files, 16MiB each
2GiB total file size
Block size 16KiB
Number of IO requests: 0
Read/Write ratio for combined random IO test: 1.50
Periodic FSYNC enabled, calling fsync() each 100 requests.
Calling fsync() at the end of test, Enabled.
Using asynchronous I/O mode
Doing random r/w test
Initializing worker threads...

Threads started!


File operations:
    reads/s:                      1647.09
    writes/s:                     1097.99
    fsyncs/s:                     0.00

Throughput:
    read, MiB/s:                  25.74
    written, MiB/s:               17.16

General statistics:
    total time:                          60.0325s
    total number of events:              309830

Latency (ms):
         min:                                  0.00
         avg:                                  0.19
         max:                                 97.32
         95th percentile:                      0.32
         sum:                              59615.64

Threads fairness:
    events (avg/stddev):           309830.0000/0.00
    execution time (avg/stddev):   59.6156/0.00

sysbench 1.0.11 (using system LuaJIT 2.1.0-beta3)

Running the test with following options:
Number of threads: 1
Initializing random number generator from current time


Extra file open flags: 0
128 files, 16MiB each
2GiB total file size
Block size 16KiB
Number of IO requests: 0
Read/Write ratio for combined random IO test: 1.50
Periodic FSYNC enabled, calling fsync() each 100 requests.
Calling fsync() at the end of test, Enabled.
Using asynchronous I/O mode
Doing random r/w test
Initializing worker threads...

Threads started!


File operations:
    reads/s:                      1646.96
    writes/s:                     1099.30
    fsyncs/s:                     0.00

Throughput:
    read, MiB/s:                  25.73
    written, MiB/s:               17.18

General statistics:
    total time:                          60.0734s
    total number of events:              310243

Latency (ms):
         min:                                  0.00
         avg:                                  0.19
         max:                                125.15
         95th percentile:                      0.32
         sum:                              59555.94

Threads fairness:
    events (avg/stddev):           310243.0000/0.00
    execution time (avg/stddev):   59.5559/0.00

sysbench 1.0.11 (using system LuaJIT 2.1.0-beta3)

Running the test with following options:
Number of threads: 1
Initializing random number generator from current time


Extra file open flags: 0
128 files, 16MiB each
2GiB total file size
Block size 16KiB
Number of IO requests: 0
Read/Write ratio for combined random IO test: 1.50
Periodic FSYNC enabled, calling fsync() each 100 requests.
Calling fsync() at the end of test, Enabled.
Using asynchronous I/O mode
Doing random r/w test
Initializing worker threads...

Threads started!


File operations:
    reads/s:                      1629.09
    writes/s:                     1087.15
    fsyncs/s:                     0.00

Throughput:
    read, MiB/s:                  25.45
    written, MiB/s:               16.99

General statistics:
    total time:                          60.0428s
    total number of events:              306718

Latency (ms):
         min:                                  0.00
         avg:                                  0.19
         max:                                125.88
         95th percentile:                      0.32
         sum:                              59604.08

Threads fairness:
    events (avg/stddev):           306718.0000/0.00
    execution time (avg/stddev):   59.6041/0.00

sysbench 1.0.11 (using system LuaJIT 2.1.0-beta3)

Running the test with following options:
Number of threads: 1
Initializing random number generator from current time


Extra file open flags: 0
128 files, 16MiB each
2GiB total file size
Block size 16KiB
Number of IO requests: 0
Read/Write ratio for combined random IO test: 1.50
Periodic FSYNC enabled, calling fsync() each 100 requests.
Calling fsync() at the end of test, Enabled.
Using asynchronous I/O mode
Doing random r/w test
Initializing worker threads...

Threads started!


File operations:
    reads/s:                      1664.70
    writes/s:                     1108.69
    fsyncs/s:                     0.00

Throughput:
    read, MiB/s:                  26.01
    written, MiB/s:               17.32

General statistics:
    total time:                          60.0309s
    total number of events:              312932

Latency (ms):
         min:                                  0.00
         avg:                                  0.19
         max:                                132.24
         95th percentile:                      0.32
         sum:                              59612.08

Threads fairness:
    events (avg/stddev):           312932.0000/0.00
    execution time (avg/stddev):   59.6121/0.00

sysbench 1.0.11 (using system LuaJIT 2.1.0-beta3)

Running the test with following options:
Number of threads: 1
Initializing random number generator from current time


Extra file open flags: 0
128 files, 16MiB each
2GiB total file size
Block size 16KiB
Number of IO requests: 0
Read/Write ratio for combined random IO test: 1.50
Periodic FSYNC enabled, calling fsync() each 100 requests.
Calling fsync() at the end of test, Enabled.
Using asynchronous I/O mode
Doing random r/w test
Initializing worker threads...

Threads started!


File operations:
    reads/s:                      1648.23
    writes/s:                     1100.15
    fsyncs/s:                     0.00

Throughput:
    read, MiB/s:                  25.75
    written, MiB/s:               17.19

General statistics:
    total time:                          60.0311s
    total number of events:              310184

Latency (ms):
         min:                                  0.00
         avg:                                  0.19
         max:                                123.29
         95th percentile:                      0.32
         sum:                              59587.26

Threads fairness:
    events (avg/stddev):           310184.0000/0.00
    execution time (avg/stddev):   59.5873/0.00

sysbench 1.0.11 (using system LuaJIT 2.1.0-beta3)

Running the test with following options:
Number of threads: 1
Initializing random number generator from current time


Extra file open flags: 0
128 files, 16MiB each
2GiB total file size
Block size 16KiB
Number of IO requests: 0
Read/Write ratio for combined random IO test: 1.50
Periodic FSYNC enabled, calling fsync() each 100 requests.
Calling fsync() at the end of test, Enabled.
Using asynchronous I/O mode
Doing random r/w test
Initializing worker threads...

Threads started!


File operations:
    reads/s:                      1628.08
    writes/s:                     1086.48
    fsyncs/s:                     0.00

Throughput:
    read, MiB/s:                  25.44
    written, MiB/s:               16.98

General statistics:
    total time:                          60.0796s
    total number of events:              306717

Latency (ms):
         min:                                  0.00
         avg:                                  0.19
         max:                                108.10
         95th percentile:                      0.32
         sum:                              59648.26

Threads fairness:
    events (avg/stddev):           306717.0000/0.00
    execution time (avg/stddev):   59.6483/0.00

sysbench 1.0.11 (using system LuaJIT 2.1.0-beta3)

Running the test with following options:
Number of threads: 1
Initializing random number generator from current time


Extra file open flags: 0
128 files, 16MiB each
2GiB total file size
Block size 16KiB
Number of IO requests: 0
Read/Write ratio for combined random IO test: 1.50
Periodic FSYNC enabled, calling fsync() each 100 requests.
Calling fsync() at the end of test, Enabled.
Using asynchronous I/O mode
Doing random r/w test
Initializing worker threads...

Threads started!


File operations:
    reads/s:                      1603.53
    writes/s:                     1070.27
    fsyncs/s:                     0.00

Throughput:
    read, MiB/s:                  25.06
    written, MiB/s:               16.72

General statistics:
    total time:                          60.0326s
    total number of events:              301839

Latency (ms):
         min:                                  0.00
         avg:                                  0.20
         max:                                153.80
         95th percentile:                      0.34
         sum:                              59541.77

Threads fairness:
    events (avg/stddev):           301839.0000/0.00
    execution time (avg/stddev):   59.5418/0.00

sysbench 1.0.11 (using system LuaJIT 2.1.0-beta3)

Running the test with following options:
Number of threads: 1
Initializing random number generator from current time


Extra file open flags: 0
128 files, 16MiB each
2GiB total file size
Block size 16KiB
Number of IO requests: 0
Read/Write ratio for combined random IO test: 1.50
Periodic FSYNC enabled, calling fsync() each 100 requests.
Calling fsync() at the end of test, Enabled.
Using asynchronous I/O mode
Doing random r/w test
Initializing worker threads...

Threads started!


File operations:
    reads/s:                      1654.89
    writes/s:                     1104.30
    fsyncs/s:                     0.00

Throughput:
    read, MiB/s:                  25.86
    written, MiB/s:               17.25

General statistics:
    total time:                          60.0371s
    total number of events:              311330

Latency (ms):
         min:                                  0.00
         avg:                                  0.19
         max:                                115.39
         95th percentile:                      0.32
         sum:                              59595.89

Threads fairness:
    events (avg/stddev):           311330.0000/0.00
    execution time (avg/stddev):   59.5959/0.00

sysbench 1.0.11 (using system LuaJIT 2.1.0-beta3)

Running the test with following options:
Number of threads: 1
Initializing random number generator from current time


Extra file open flags: 0
128 files, 16MiB each
2GiB total file size
Block size 16KiB
Number of IO requests: 0
Read/Write ratio for combined random IO test: 1.50
Periodic FSYNC enabled, calling fsync() each 100 requests.
Calling fsync() at the end of test, Enabled.
Using asynchronous I/O mode
Doing random r/w test
Initializing worker threads...

Threads started!


File operations:
    reads/s:                      1630.11
    writes/s:                     1086.75
    fsyncs/s:                     0.00

Throughput:
    read, MiB/s:                  25.47
    written, MiB/s:               16.98

General statistics:
    total time:                          60.0480s
    total number of events:              306815

Latency (ms):
         min:                                  0.00
         avg:                                  0.19
         max:                                135.01
         95th percentile:                      0.32
         sum:                              59580.06

Threads fairness:
    events (avg/stddev):           306815.0000/0.00
    execution time (avg/stddev):   59.5801/0.00

sysbench 1.0.11 (using system LuaJIT 2.1.0-beta3)

Running the test with following options:
Number of threads: 1
Initializing random number generator from current time


Extra file open flags: 0
128 files, 16MiB each
2GiB total file size
Block size 16KiB
Number of IO requests: 0
Read/Write ratio for combined random IO test: 1.50
Periodic FSYNC enabled, calling fsync() each 100 requests.
Calling fsync() at the end of test, Enabled.
Using asynchronous I/O mode
Doing random r/w test
Initializing worker threads...

Threads started!


File operations:
    reads/s:                      1631.73
    writes/s:                     1087.35
    fsyncs/s:                     0.00

Throughput:
    read, MiB/s:                  25.50
    written, MiB/s:               16.99

General statistics:
    total time:                          60.0314s
    total number of events:              306858

Latency (ms):
         min:                                  0.00
         avg:                                  0.19
         max:                                142.18
         95th percentile:                      0.32
         sum:                              59579.98

Threads fairness:
    events (avg/stddev):           306858.0000/0.00
    execution time (avg/stddev):   59.5800/0.00

sysbench 1.0.11 (using system LuaJIT 2.1.0-beta3)

Running the test with following options:
Number of threads: 1
Initializing random number generator from current time


Extra file open flags: 0
128 files, 16MiB each
2GiB total file size
Block size 16KiB
Number of IO requests: 0
Read/Write ratio for combined random IO test: 1.50
Periodic FSYNC enabled, calling fsync() each 100 requests.
Calling fsync() at the end of test, Enabled.
Using asynchronous I/O mode
Doing random r/w test
Initializing worker threads...

Threads started!


File operations:
    reads/s:                      1646.22
    writes/s:                     1097.94
    fsyncs/s:                     0.00

Throughput:
    read, MiB/s:                  25.72
    written, MiB/s:               17.16

General statistics:
    total time:                          60.0355s
    total number of events:              309655

Latency (ms):
         min:                                  0.00
         avg:                                  0.19
         max:                                153.95
         95th percentile:                      0.32
         sum:                              59600.54

Threads fairness:
    events (avg/stddev):           309655.0000/0.00
    execution time (avg/stddev):   59.6005/0.00

sysbench 1.0.11 (using system LuaJIT 2.1.0-beta3)

Running the test with following options:
Number of threads: 1
Initializing random number generator from current time


Extra file open flags: 0
128 files, 16MiB each
2GiB total file size
Block size 16KiB
Number of IO requests: 0
Read/Write ratio for combined random IO test: 1.50
Periodic FSYNC enabled, calling fsync() each 100 requests.
Calling fsync() at the end of test, Enabled.
Using asynchronous I/O mode
Doing random r/w test
Initializing worker threads...

Threads started!


File operations:
    reads/s:                      1660.99
    writes/s:                     1108.58
    fsyncs/s:                     0.00

Throughput:
    read, MiB/s:                  25.95
    written, MiB/s:               17.32

General statistics:
    total time:                          60.0362s
    total number of events:              312591

Latency (ms):
         min:                                  0.00
         avg:                                  0.19
         max:                                124.94
         95th percentile:                      0.32
         sum:                              59571.93

Threads fairness:
    events (avg/stddev):           312591.0000/0.00
    execution time (avg/stddev):   59.5719/0.00

sysbench 1.0.11 (using system LuaJIT 2.1.0-beta3)

Running the test with following options:
Number of threads: 1
Initializing random number generator from current time


Extra file open flags: 0
128 files, 16MiB each
2GiB total file size
Block size 16KiB
Number of IO requests: 0
Read/Write ratio for combined random IO test: 1.50
Periodic FSYNC enabled, calling fsync() each 100 requests.
Calling fsync() at the end of test, Enabled.
Using asynchronous I/O mode
Doing random r/w test
Initializing worker threads...

Threads started!


File operations:
    reads/s:                      1646.89
    writes/s:                     1097.93
    fsyncs/s:                     0.00

Throughput:
    read, MiB/s:                  25.73
    written, MiB/s:               17.16

General statistics:
    total time:                          60.0359s
    total number of events:              309767

Latency (ms):
         min:                                  0.00
         avg:                                  0.19
         max:                                114.29
         95th percentile:                      0.32
         sum:                              59581.02

Threads fairness:
    events (avg/stddev):           309767.0000/0.00
    execution time (avg/stddev):   59.5810/0.00

sysbench 1.0.11 (using system LuaJIT 2.1.0-beta3)

Running the test with following options:
Number of threads: 1
Initializing random number generator from current time


Extra file open flags: 0
128 files, 16MiB each
2GiB total file size
Block size 16KiB
Number of IO requests: 0
Read/Write ratio for combined random IO test: 1.50
Periodic FSYNC enabled, calling fsync() each 100 requests.
Calling fsync() at the end of test, Enabled.
Using asynchronous I/O mode
Doing random r/w test
Initializing worker threads...

Threads started!


File operations:
    reads/s:                      1620.96
    writes/s:                     1081.09
    fsyncs/s:                     0.00

Throughput:
    read, MiB/s:                  25.33
    written, MiB/s:               16.89

General statistics:
    total time:                          60.0243s
    total number of events:              304903

Latency (ms):
         min:                                  0.00
         avg:                                  0.20
         max:                                151.92
         95th percentile:                      0.32
         sum:                              59577.83

Threads fairness:
    events (avg/stddev):           304903.0000/0.00
    execution time (avg/stddev):   59.5778/0.00

sysbench 1.0.11 (using system LuaJIT 2.1.0-beta3)

Running the test with following options:
Number of threads: 1
Initializing random number generator from current time


Extra file open flags: 0
128 files, 16MiB each
2GiB total file size
Block size 16KiB
Number of IO requests: 0
Read/Write ratio for combined random IO test: 1.50
Periodic FSYNC enabled, calling fsync() each 100 requests.
Calling fsync() at the end of test, Enabled.
Using asynchronous I/O mode
Doing random r/w test
Initializing worker threads...

Threads started!


File operations:
    reads/s:                      1628.78
    writes/s:                     1086.95
    fsyncs/s:                     0.00

Throughput:
    read, MiB/s:                  25.45
    written, MiB/s:               16.98

General statistics:
    total time:                          60.0537s
    total number of events:              306717

Latency (ms):
         min:                                  0.00
         avg:                                  0.19
         max:                                104.66
         95th percentile:                      0.33
         sum:                              59615.10

Threads fairness:
    events (avg/stddev):           306717.0000/0.00
    execution time (avg/stddev):   59.6151/0.00

sysbench 1.0.11 (using system LuaJIT 2.1.0-beta3)

Running the test with following options:
Number of threads: 1
Initializing random number generator from current time


Extra file open flags: 0
128 files, 16MiB each
2GiB total file size
Block size 16KiB
Number of IO requests: 0
Read/Write ratio for combined random IO test: 1.50
Periodic FSYNC enabled, calling fsync() each 100 requests.
Calling fsync() at the end of test, Enabled.
Using asynchronous I/O mode
Doing random r/w test
Initializing worker threads...

Threads started!


File operations:
    reads/s:                      1643.81
    writes/s:                     1095.85
    fsyncs/s:                     0.00

Throughput:
    read, MiB/s:                  25.68
    written, MiB/s:               17.12

General statistics:
    total time:                          60.0331s
    total number of events:              309250

Latency (ms):
         min:                                  0.00
         avg:                                  0.19
         max:                                123.12
         95th percentile:                      0.32
         sum:                              59601.58

Threads fairness:
    events (avg/stddev):           309250.0000/0.00
    execution time (avg/stddev):   59.6016/0.00

sysbench 1.0.11 (using system LuaJIT 2.1.0-beta3)

Running the test with following options:
Number of threads: 1
Initializing random number generator from current time


Extra file open flags: 0
128 files, 16MiB each
2GiB total file size
Block size 16KiB
Number of IO requests: 0
Read/Write ratio for combined random IO test: 1.50
Periodic FSYNC enabled, calling fsync() each 100 requests.
Calling fsync() at the end of test, Enabled.
Using asynchronous I/O mode
Doing random r/w test
Initializing worker threads...

Threads started!


File operations:
    reads/s:                      1635.61
    writes/s:                     1091.63
    fsyncs/s:                     0.00

Throughput:
    read, MiB/s:                  25.56
    written, MiB/s:               17.06

General statistics:
    total time:                          60.0190s
    total number of events:              307827

Latency (ms):
         min:                                  0.00
         avg:                                  0.19
         max:                                137.96
         95th percentile:                      0.32
         sum:                              59602.85

Threads fairness:
    events (avg/stddev):           307827.0000/0.00
    execution time (avg/stddev):   59.6029/0.00

