sysbench 1.0.11 (using system LuaJIT 2.1.0-beta3)

Running the test with following options:
Number of threads: 1
Initializing random number generator from current time


Extra file open flags: 0
128 files, 16MiB each
2GiB total file size
Block size 16KiB
Number of IO requests: 0
Read/Write ratio for combined random IO test: 1.50
Periodic FSYNC enabled, calling fsync() each 100 requests.
Calling fsync() at the end of test, Enabled.
Using synchronous I/O mode
Doing random r/w test
Initializing worker threads...

Threads started!


File operations:
    reads/s:                      76.99
    writes/s:                     51.33
    fsyncs/s:                     162.88

Throughput:
    read, MiB/s:                  1.20
    written, MiB/s:               0.80

General statistics:
    total time:                          60.0055s
    total number of events:              17474

Latency (ms):
         min:                                  0.00
         avg:                                  3.43
         max:                                116.70
         95th percentile:                     16.41
         sum:                              59954.13

Threads fairness:
    events (avg/stddev):           17474.0000/0.00
    execution time (avg/stddev):   59.9541/0.00

sysbench 1.0.11 (using system LuaJIT 2.1.0-beta3)

Running the test with following options:
Number of threads: 1
Initializing random number generator from current time


Extra file open flags: 0
128 files, 16MiB each
2GiB total file size
Block size 16KiB
Number of IO requests: 0
Read/Write ratio for combined random IO test: 1.50
Periodic FSYNC enabled, calling fsync() each 100 requests.
Calling fsync() at the end of test, Enabled.
Using synchronous I/O mode
Doing random r/w test
Initializing worker threads...

Threads started!


File operations:
    reads/s:                      79.00
    writes/s:                     52.66
    fsyncs/s:                     167.84

Throughput:
    read, MiB/s:                  1.23
    written, MiB/s:               0.82

General statistics:
    total time:                          60.0003s
    total number of events:              17971

Latency (ms):
         min:                                  0.00
         avg:                                  3.34
         max:                                150.32
         95th percentile:                     15.27
         sum:                              59950.85

Threads fairness:
    events (avg/stddev):           17971.0000/0.00
    execution time (avg/stddev):   59.9509/0.00

sysbench 1.0.11 (using system LuaJIT 2.1.0-beta3)

Running the test with following options:
Number of threads: 1
Initializing random number generator from current time


Extra file open flags: 0
128 files, 16MiB each
2GiB total file size
Block size 16KiB
Number of IO requests: 0
Read/Write ratio for combined random IO test: 1.50
Periodic FSYNC enabled, calling fsync() each 100 requests.
Calling fsync() at the end of test, Enabled.
Using synchronous I/O mode
Doing random r/w test
Initializing worker threads...

Threads started!


File operations:
    reads/s:                      76.01
    writes/s:                     50.66
    fsyncs/s:                     162.12

Throughput:
    read, MiB/s:                  1.19
    written, MiB/s:               0.79

General statistics:
    total time:                          60.0051s
    total number of events:              17329

Latency (ms):
         min:                                  0.00
         avg:                                  3.46
         max:                                116.12
         95th percentile:                     15.83
         sum:                              59914.68

Threads fairness:
    events (avg/stddev):           17329.0000/0.00
    execution time (avg/stddev):   59.9147/0.00

sysbench 1.0.11 (using system LuaJIT 2.1.0-beta3)

Running the test with following options:
Number of threads: 1
Initializing random number generator from current time


Extra file open flags: 0
128 files, 16MiB each
2GiB total file size
Block size 16KiB
Number of IO requests: 0
Read/Write ratio for combined random IO test: 1.50
Periodic FSYNC enabled, calling fsync() each 100 requests.
Calling fsync() at the end of test, Enabled.
Using synchronous I/O mode
Doing random r/w test
Initializing worker threads...

Threads started!


File operations:
    reads/s:                      75.04
    writes/s:                     50.03
    fsyncs/s:                     159.97

Throughput:
    read, MiB/s:                  1.17
    written, MiB/s:               0.78

General statistics:
    total time:                          60.0081s
    total number of events:              17105

Latency (ms):
         min:                                  0.00
         avg:                                  3.51
         max:                                147.25
         95th percentile:                     15.55
         sum:                              59962.43

Threads fairness:
    events (avg/stddev):           17105.0000/0.00
    execution time (avg/stddev):   59.9624/0.00

sysbench 1.0.11 (using system LuaJIT 2.1.0-beta3)

Running the test with following options:
Number of threads: 1
Initializing random number generator from current time


Extra file open flags: 0
128 files, 16MiB each
2GiB total file size
Block size 16KiB
Number of IO requests: 0
Read/Write ratio for combined random IO test: 1.50
Periodic FSYNC enabled, calling fsync() each 100 requests.
Calling fsync() at the end of test, Enabled.
Using synchronous I/O mode
Doing random r/w test
Initializing worker threads...

Threads started!


File operations:
    reads/s:                      74.98
    writes/s:                     49.98
    fsyncs/s:                     158.97

Throughput:
    read, MiB/s:                  1.17
    written, MiB/s:               0.78

General statistics:
    total time:                          60.0162s
    total number of events:              17041

Latency (ms):
         min:                                  0.00
         avg:                                  3.52
         max:                                139.84
         95th percentile:                     16.41
         sum:                              59950.57

Threads fairness:
    events (avg/stddev):           17041.0000/0.00
    execution time (avg/stddev):   59.9506/0.00

sysbench 1.0.11 (using system LuaJIT 2.1.0-beta3)

Running the test with following options:
Number of threads: 1
Initializing random number generator from current time


Extra file open flags: 0
128 files, 16MiB each
2GiB total file size
Block size 16KiB
Number of IO requests: 0
Read/Write ratio for combined random IO test: 1.50
Periodic FSYNC enabled, calling fsync() each 100 requests.
Calling fsync() at the end of test, Enabled.
Using synchronous I/O mode
Doing random r/w test
Initializing worker threads...

Threads started!


File operations:
    reads/s:                      82.27
    writes/s:                     54.85
    fsyncs/s:                     174.76

Throughput:
    read, MiB/s:                  1.29
    written, MiB/s:               0.86

General statistics:
    total time:                          60.0569s
    total number of events:              18731

Latency (ms):
         min:                                  0.00
         avg:                                  3.20
         max:                                141.15
         95th percentile:                     13.22
         sum:                              59961.81

Threads fairness:
    events (avg/stddev):           18731.0000/0.00
    execution time (avg/stddev):   59.9618/0.00

sysbench 1.0.11 (using system LuaJIT 2.1.0-beta3)

Running the test with following options:
Number of threads: 1
Initializing random number generator from current time


Extra file open flags: 0
128 files, 16MiB each
2GiB total file size
Block size 16KiB
Number of IO requests: 0
Read/Write ratio for combined random IO test: 1.50
Periodic FSYNC enabled, calling fsync() each 100 requests.
Calling fsync() at the end of test, Enabled.
Using synchronous I/O mode
Doing random r/w test
Initializing worker threads...

Threads started!


File operations:
    reads/s:                      79.95
    writes/s:                     53.30
    fsyncs/s:                     170.50

Throughput:
    read, MiB/s:                  1.25
    written, MiB/s:               0.83

General statistics:
    total time:                          60.0380s
    total number of events:              18237

Latency (ms):
         min:                                  0.00
         avg:                                  3.29
         max:                                136.33
         95th percentile:                     15.27
         sum:                              59946.93

Threads fairness:
    events (avg/stddev):           18237.0000/0.00
    execution time (avg/stddev):   59.9469/0.00

sysbench 1.0.11 (using system LuaJIT 2.1.0-beta3)

Running the test with following options:
Number of threads: 1
Initializing random number generator from current time


Extra file open flags: 0
128 files, 16MiB each
2GiB total file size
Block size 16KiB
Number of IO requests: 0
Read/Write ratio for combined random IO test: 1.50
Periodic FSYNC enabled, calling fsync() each 100 requests.
Calling fsync() at the end of test, Enabled.
Using synchronous I/O mode
Doing random r/w test
Initializing worker threads...

Threads started!


File operations:
    reads/s:                      81.89
    writes/s:                     54.59
    fsyncs/s:                     173.26

Throughput:
    read, MiB/s:                  1.28
    written, MiB/s:               0.85

General statistics:
    total time:                          60.0806s
    total number of events:              18610

Latency (ms):
         min:                                  0.00
         avg:                                  3.22
         max:                                122.00
         95th percentile:                     13.46
         sum:                              59948.68

Threads fairness:
    events (avg/stddev):           18610.0000/0.00
    execution time (avg/stddev):   59.9487/0.00

sysbench 1.0.11 (using system LuaJIT 2.1.0-beta3)

Running the test with following options:
Number of threads: 1
Initializing random number generator from current time


Extra file open flags: 0
128 files, 16MiB each
2GiB total file size
Block size 16KiB
Number of IO requests: 0
Read/Write ratio for combined random IO test: 1.50
Periodic FSYNC enabled, calling fsync() each 100 requests.
Calling fsync() at the end of test, Enabled.
Using synchronous I/O mode
Doing random r/w test
Initializing worker threads...

Threads started!


File operations:
    reads/s:                      77.85
    writes/s:                     51.90
    fsyncs/s:                     164.11

Throughput:
    read, MiB/s:                  1.22
    written, MiB/s:               0.81

General statistics:
    total time:                          60.1156s
    total number of events:              17666

Latency (ms):
         min:                                  0.00
         avg:                                  3.40
         max:                                148.31
         95th percentile:                     16.41
         sum:                              60008.08

Threads fairness:
    events (avg/stddev):           17666.0000/0.00
    execution time (avg/stddev):   60.0081/0.00

sysbench 1.0.11 (using system LuaJIT 2.1.0-beta3)

Running the test with following options:
Number of threads: 1
Initializing random number generator from current time


Extra file open flags: 0
128 files, 16MiB each
2GiB total file size
Block size 16KiB
Number of IO requests: 0
Read/Write ratio for combined random IO test: 1.50
Periodic FSYNC enabled, calling fsync() each 100 requests.
Calling fsync() at the end of test, Enabled.
Using synchronous I/O mode
Doing random r/w test
Initializing worker threads...

Threads started!


File operations:
    reads/s:                      81.92
    writes/s:                     54.62
    fsyncs/s:                     174.63

Throughput:
    read, MiB/s:                  1.28
    written, MiB/s:               0.85

General statistics:
    total time:                          60.1024s
    total number of events:              18703

Latency (ms):
         min:                                  0.00
         avg:                                  3.21
         max:                                159.87
         95th percentile:                     12.98
         sum:                              59960.44

Threads fairness:
    events (avg/stddev):           18703.0000/0.00
    execution time (avg/stddev):   59.9604/0.00

sysbench 1.0.11 (using system LuaJIT 2.1.0-beta3)

Running the test with following options:
Number of threads: 1
Initializing random number generator from current time


Extra file open flags: 0
128 files, 16MiB each
2GiB total file size
Block size 16KiB
Number of IO requests: 0
Read/Write ratio for combined random IO test: 1.50
Periodic FSYNC enabled, calling fsync() each 100 requests.
Calling fsync() at the end of test, Enabled.
Using synchronous I/O mode
Doing random r/w test
Initializing worker threads...

Threads started!


File operations:
    reads/s:                      81.85
    writes/s:                     54.56
    fsyncs/s:                     172.59

Throughput:
    read, MiB/s:                  1.28
    written, MiB/s:               0.85

General statistics:
    total time:                          60.1117s
    total number of events:              18575

Latency (ms):
         min:                                  0.00
         avg:                                  3.23
         max:                                134.26
         95th percentile:                     13.95
         sum:                              59945.71

Threads fairness:
    events (avg/stddev):           18575.0000/0.00
    execution time (avg/stddev):   59.9457/0.00

sysbench 1.0.11 (using system LuaJIT 2.1.0-beta3)

Running the test with following options:
Number of threads: 1
Initializing random number generator from current time


Extra file open flags: 0
128 files, 16MiB each
2GiB total file size
Block size 16KiB
Number of IO requests: 0
Read/Write ratio for combined random IO test: 1.50
Periodic FSYNC enabled, calling fsync() each 100 requests.
Calling fsync() at the end of test, Enabled.
Using synchronous I/O mode
Doing random r/w test
Initializing worker threads...

Threads started!


File operations:
    reads/s:                      78.91
    writes/s:                     52.61
    fsyncs/s:                     167.26

Throughput:
    read, MiB/s:                  1.23
    written, MiB/s:               0.82

General statistics:
    total time:                          60.0676s
    total number of events:              17947

Latency (ms):
         min:                                  0.00
         avg:                                  3.34
         max:                                148.15
         95th percentile:                     16.12
         sum:                              59950.74

Threads fairness:
    events (avg/stddev):           17947.0000/0.00
    execution time (avg/stddev):   59.9507/0.00

sysbench 1.0.11 (using system LuaJIT 2.1.0-beta3)

Running the test with following options:
Number of threads: 1
Initializing random number generator from current time


Extra file open flags: 0
128 files, 16MiB each
2GiB total file size
Block size 16KiB
Number of IO requests: 0
Read/Write ratio for combined random IO test: 1.50
Periodic FSYNC enabled, calling fsync() each 100 requests.
Calling fsync() at the end of test, Enabled.
Using synchronous I/O mode
Doing random r/w test
Initializing worker threads...

Threads started!


File operations:
    reads/s:                      81.95
    writes/s:                     54.64
    fsyncs/s:                     174.77

Throughput:
    read, MiB/s:                  1.28
    written, MiB/s:               0.85

General statistics:
    total time:                          60.0328s
    total number of events:              18692

Latency (ms):
         min:                                  0.00
         avg:                                  3.21
         max:                                216.69
         95th percentile:                     13.95
         sum:                              59956.79

Threads fairness:
    events (avg/stddev):           18692.0000/0.00
    execution time (avg/stddev):   59.9568/0.00

sysbench 1.0.11 (using system LuaJIT 2.1.0-beta3)

Running the test with following options:
Number of threads: 1
Initializing random number generator from current time


Extra file open flags: 0
128 files, 16MiB each
2GiB total file size
Block size 16KiB
Number of IO requests: 0
Read/Write ratio for combined random IO test: 1.50
Periodic FSYNC enabled, calling fsync() each 100 requests.
Calling fsync() at the end of test, Enabled.
Using synchronous I/O mode
Doing random r/w test
Initializing worker threads...

Threads started!


File operations:
    reads/s:                      80.88
    writes/s:                     53.92
    fsyncs/s:                     172.05

Throughput:
    read, MiB/s:                  1.26
    written, MiB/s:               0.84

General statistics:
    total time:                          60.0904s
    total number of events:              18439

Latency (ms):
         min:                                  0.00
         avg:                                  3.25
         max:                                154.80
         95th percentile:                     13.46
         sum:                              59950.27

Threads fairness:
    events (avg/stddev):           18439.0000/0.00
    execution time (avg/stddev):   59.9503/0.00

sysbench 1.0.11 (using system LuaJIT 2.1.0-beta3)

Running the test with following options:
Number of threads: 1
Initializing random number generator from current time


Extra file open flags: 0
128 files, 16MiB each
2GiB total file size
Block size 16KiB
Number of IO requests: 0
Read/Write ratio for combined random IO test: 1.50
Periodic FSYNC enabled, calling fsync() each 100 requests.
Calling fsync() at the end of test, Enabled.
Using synchronous I/O mode
Doing random r/w test
Initializing worker threads...

Threads started!


File operations:
    reads/s:                      80.83
    writes/s:                     53.89
    fsyncs/s:                     170.40

Throughput:
    read, MiB/s:                  1.26
    written, MiB/s:               0.84

General statistics:
    total time:                          60.1261s
    total number of events:              18346

Latency (ms):
         min:                                  0.00
         avg:                                  3.27
         max:                                152.53
         95th percentile:                     14.21
         sum:                              59976.49

Threads fairness:
    events (avg/stddev):           18346.0000/0.00
    execution time (avg/stddev):   59.9765/0.00

sysbench 1.0.11 (using system LuaJIT 2.1.0-beta3)

Running the test with following options:
Number of threads: 1
Initializing random number generator from current time


Extra file open flags: 0
128 files, 16MiB each
2GiB total file size
Block size 16KiB
Number of IO requests: 0
Read/Write ratio for combined random IO test: 1.50
Periodic FSYNC enabled, calling fsync() each 100 requests.
Calling fsync() at the end of test, Enabled.
Using synchronous I/O mode
Doing random r/w test
Initializing worker threads...

Threads started!


File operations:
    reads/s:                      76.91
    writes/s:                     51.28
    fsyncs/s:                     164.06

Throughput:
    read, MiB/s:                  1.20
    written, MiB/s:               0.80

General statistics:
    total time:                          60.0665s
    total number of events:              17555

Latency (ms):
         min:                                  0.00
         avg:                                  3.42
         max:                                136.23
         95th percentile:                     16.71
         sum:                              59956.64

Threads fairness:
    events (avg/stddev):           17555.0000/0.00
    execution time (avg/stddev):   59.9566/0.00

sysbench 1.0.11 (using system LuaJIT 2.1.0-beta3)

Running the test with following options:
Number of threads: 1
Initializing random number generator from current time


Extra file open flags: 0
128 files, 16MiB each
2GiB total file size
Block size 16KiB
Number of IO requests: 0
Read/Write ratio for combined random IO test: 1.50
Periodic FSYNC enabled, calling fsync() each 100 requests.
Calling fsync() at the end of test, Enabled.
Using synchronous I/O mode
Doing random r/w test
Initializing worker threads...

Threads started!


File operations:
    reads/s:                      77.92
    writes/s:                     51.95
    fsyncs/s:                     164.61

Throughput:
    read, MiB/s:                  1.22
    written, MiB/s:               0.81

General statistics:
    total time:                          60.0609s
    total number of events:              17687

Latency (ms):
         min:                                  0.00
         avg:                                  3.39
         max:                                128.29
         95th percentile:                     16.71
         sum:                              59953.89

Threads fairness:
    events (avg/stddev):           17687.0000/0.00
    execution time (avg/stddev):   59.9539/0.00

sysbench 1.0.11 (using system LuaJIT 2.1.0-beta3)

Running the test with following options:
Number of threads: 1
Initializing random number generator from current time


Extra file open flags: 0
128 files, 16MiB each
2GiB total file size
Block size 16KiB
Number of IO requests: 0
Read/Write ratio for combined random IO test: 1.50
Periodic FSYNC enabled, calling fsync() each 100 requests.
Calling fsync() at the end of test, Enabled.
Using synchronous I/O mode
Doing random r/w test
Initializing worker threads...

Threads started!


File operations:
    reads/s:                      77.96
    writes/s:                     51.97
    fsyncs/s:                     165.68

Throughput:
    read, MiB/s:                  1.22
    written, MiB/s:               0.81

General statistics:
    total time:                          60.0313s
    total number of events:              17746

Latency (ms):
         min:                                  0.00
         avg:                                  3.38
         max:                                135.39
         95th percentile:                     14.21
         sum:                              59955.91

Threads fairness:
    events (avg/stddev):           17746.0000/0.00
    execution time (avg/stddev):   59.9559/0.00

sysbench 1.0.11 (using system LuaJIT 2.1.0-beta3)

Running the test with following options:
Number of threads: 1
Initializing random number generator from current time


Extra file open flags: 0
128 files, 16MiB each
2GiB total file size
Block size 16KiB
Number of IO requests: 0
Read/Write ratio for combined random IO test: 1.50
Periodic FSYNC enabled, calling fsync() each 100 requests.
Calling fsync() at the end of test, Enabled.
Using synchronous I/O mode
Doing random r/w test
Initializing worker threads...

Threads started!


File operations:
    reads/s:                      79.95
    writes/s:                     53.30
    fsyncs/s:                     169.37

Throughput:
    read, MiB/s:                  1.25
    written, MiB/s:               0.83

General statistics:
    total time:                          60.0331s
    total number of events:              18168

Latency (ms):
         min:                                  0.00
         avg:                                  3.30
         max:                                132.49
         95th percentile:                     16.12
         sum:                              59949.20

Threads fairness:
    events (avg/stddev):           18168.0000/0.00
    execution time (avg/stddev):   59.9492/0.00

sysbench 1.0.11 (using system LuaJIT 2.1.0-beta3)

Running the test with following options:
Number of threads: 1
Initializing random number generator from current time


Extra file open flags: 0
128 files, 16MiB each
2GiB total file size
Block size 16KiB
Number of IO requests: 0
Read/Write ratio for combined random IO test: 1.50
Periodic FSYNC enabled, calling fsync() each 100 requests.
Calling fsync() at the end of test, Enabled.
Using synchronous I/O mode
Doing random r/w test
Initializing worker threads...

Threads started!


File operations:
    reads/s:                      76.86
    writes/s:                     51.24
    fsyncs/s:                     162.21

Throughput:
    read, MiB/s:                  1.20
    written, MiB/s:               0.80

General statistics:
    total time:                          60.1103s
    total number of events:              17451

Latency (ms):
         min:                                  0.00
         avg:                                  3.44
         max:                                139.36
         95th percentile:                     16.12
         sum:                              59956.37

Threads fairness:
    events (avg/stddev):           17451.0000/0.00
    execution time (avg/stddev):   59.9564/0.00

sysbench 1.0.11 (using system LuaJIT 2.1.0-beta3)

Running the test with following options:
Number of threads: 1
Initializing random number generator from current time


Extra file open flags: 0
128 files, 16MiB each
2GiB total file size
Block size 16KiB
Number of IO requests: 0
Read/Write ratio for combined random IO test: 1.50
Periodic FSYNC enabled, calling fsync() each 100 requests.
Calling fsync() at the end of test, Enabled.
Using synchronous I/O mode
Doing random r/w test
Initializing worker threads...

Threads started!


File operations:
    reads/s:                      78.80
    writes/s:                     52.54
    fsyncs/s:                     168.04

Throughput:
    read, MiB/s:                  1.23
    written, MiB/s:               0.82

General statistics:
    total time:                          60.1755s
    total number of events:              18016

Latency (ms):
         min:                                  0.00
         avg:                                  3.33
         max:                                168.12
         95th percentile:                     14.46
         sum:                              59959.17

Threads fairness:
    events (avg/stddev):           18016.0000/0.00
    execution time (avg/stddev):   59.9592/0.00

sysbench 1.0.11 (using system LuaJIT 2.1.0-beta3)

Running the test with following options:
Number of threads: 1
Initializing random number generator from current time


Extra file open flags: 0
128 files, 16MiB each
2GiB total file size
Block size 16KiB
Number of IO requests: 0
Read/Write ratio for combined random IO test: 1.50
Periodic FSYNC enabled, calling fsync() each 100 requests.
Calling fsync() at the end of test, Enabled.
Using synchronous I/O mode
Doing random r/w test
Initializing worker threads...

Threads started!


File operations:
    reads/s:                      77.89
    writes/s:                     51.93
    fsyncs/s:                     165.37

Throughput:
    read, MiB/s:                  1.22
    written, MiB/s:               0.81

General statistics:
    total time:                          60.0802s
    total number of events:              17736

Latency (ms):
         min:                                  0.00
         avg:                                  3.38
         max:                                142.79
         95th percentile:                     13.95
         sum:                              59959.72

Threads fairness:
    events (avg/stddev):           17736.0000/0.00
    execution time (avg/stddev):   59.9597/0.00

sysbench 1.0.11 (using system LuaJIT 2.1.0-beta3)

Running the test with following options:
Number of threads: 1
Initializing random number generator from current time


Extra file open flags: 0
128 files, 16MiB each
2GiB total file size
Block size 16KiB
Number of IO requests: 0
Read/Write ratio for combined random IO test: 1.50
Periodic FSYNC enabled, calling fsync() each 100 requests.
Calling fsync() at the end of test, Enabled.
Using synchronous I/O mode
Doing random r/w test
Initializing worker threads...

Threads started!


File operations:
    reads/s:                      80.82
    writes/s:                     53.88
    fsyncs/s:                     170.36

Throughput:
    read, MiB/s:                  1.26
    written, MiB/s:               0.84

General statistics:
    total time:                          60.1286s
    total number of events:              18344

Latency (ms):
         min:                                  0.00
         avg:                                  3.27
         max:                                141.19
         95th percentile:                     13.22
         sum:                              59960.47

Threads fairness:
    events (avg/stddev):           18344.0000/0.00
    execution time (avg/stddev):   59.9605/0.00

sysbench 1.0.11 (using system LuaJIT 2.1.0-beta3)

Running the test with following options:
Number of threads: 1
Initializing random number generator from current time


Extra file open flags: 0
128 files, 16MiB each
2GiB total file size
Block size 16KiB
Number of IO requests: 0
Read/Write ratio for combined random IO test: 1.50
Periodic FSYNC enabled, calling fsync() each 100 requests.
Calling fsync() at the end of test, Enabled.
Using synchronous I/O mode
Doing random r/w test
Initializing worker threads...

Threads started!


File operations:
    reads/s:                      78.93
    writes/s:                     52.62
    fsyncs/s:                     167.19

Throughput:
    read, MiB/s:                  1.23
    written, MiB/s:               0.82

General statistics:
    total time:                          60.0495s
    total number of events:              17940

Latency (ms):
         min:                                  0.00
         avg:                                  3.34
         max:                                118.70
         95th percentile:                     16.41
         sum:                              59948.55

Threads fairness:
    events (avg/stddev):           17940.0000/0.00
    execution time (avg/stddev):   59.9485/0.00

sysbench 1.0.11 (using system LuaJIT 2.1.0-beta3)

Running the test with following options:
Number of threads: 1
Initializing random number generator from current time


Extra file open flags: 0
128 files, 16MiB each
2GiB total file size
Block size 16KiB
Number of IO requests: 0
Read/Write ratio for combined random IO test: 1.50
Periodic FSYNC enabled, calling fsync() each 100 requests.
Calling fsync() at the end of test, Enabled.
Using synchronous I/O mode
Doing random r/w test
Initializing worker threads...

Threads started!


File operations:
    reads/s:                      80.97
    writes/s:                     53.98
    fsyncs/s:                     170.94

Throughput:
    read, MiB/s:                  1.27
    written, MiB/s:               0.84

General statistics:
    total time:                          60.0194s
    total number of events:              18360

Latency (ms):
         min:                                  0.00
         avg:                                  3.27
         max:                                151.32
         95th percentile:                     14.73
         sum:                              59947.82

Threads fairness:
    events (avg/stddev):           18360.0000/0.00
    execution time (avg/stddev):   59.9478/0.00

sysbench 1.0.11 (using system LuaJIT 2.1.0-beta3)

Running the test with following options:
Number of threads: 1
Initializing random number generator from current time


Extra file open flags: 0
128 files, 16MiB each
2GiB total file size
Block size 16KiB
Number of IO requests: 0
Read/Write ratio for combined random IO test: 1.50
Periodic FSYNC enabled, calling fsync() each 100 requests.
Calling fsync() at the end of test, Enabled.
Using synchronous I/O mode
Doing random r/w test
Initializing worker threads...

Threads started!


File operations:
    reads/s:                      77.96
    writes/s:                     51.97
    fsyncs/s:                     164.30

Throughput:
    read, MiB/s:                  1.22
    written, MiB/s:               0.81

General statistics:
    total time:                          60.0297s
    total number of events:              17663

Latency (ms):
         min:                                  0.00
         avg:                                  3.39
         max:                                139.63
         95th percentile:                     16.41
         sum:                              59962.81

Threads fairness:
    events (avg/stddev):           17663.0000/0.00
    execution time (avg/stddev):   59.9628/0.00

sysbench 1.0.11 (using system LuaJIT 2.1.0-beta3)

Running the test with following options:
Number of threads: 1
Initializing random number generator from current time


Extra file open flags: 0
128 files, 16MiB each
2GiB total file size
Block size 16KiB
Number of IO requests: 0
Read/Write ratio for combined random IO test: 1.50
Periodic FSYNC enabled, calling fsync() each 100 requests.
Calling fsync() at the end of test, Enabled.
Using synchronous I/O mode
Doing random r/w test
Initializing worker threads...

Threads started!


File operations:
    reads/s:                      80.94
    writes/s:                     53.96
    fsyncs/s:                     172.31

Throughput:
    read, MiB/s:                  1.26
    written, MiB/s:               0.84

General statistics:
    total time:                          60.0456s
    total number of events:              18447

Latency (ms):
         min:                                  0.00
         avg:                                  3.25
         max:                                175.44
         95th percentile:                     15.27
         sum:                              59951.79

Threads fairness:
    events (avg/stddev):           18447.0000/0.00
    execution time (avg/stddev):   59.9518/0.00

sysbench 1.0.11 (using system LuaJIT 2.1.0-beta3)

Running the test with following options:
Number of threads: 1
Initializing random number generator from current time


Extra file open flags: 0
128 files, 16MiB each
2GiB total file size
Block size 16KiB
Number of IO requests: 0
Read/Write ratio for combined random IO test: 1.50
Periodic FSYNC enabled, calling fsync() each 100 requests.
Calling fsync() at the end of test, Enabled.
Using synchronous I/O mode
Doing random r/w test
Initializing worker threads...

Threads started!


File operations:
    reads/s:                      77.90
    writes/s:                     51.94
    fsyncs/s:                     165.15

Throughput:
    read, MiB/s:                  1.22
    written, MiB/s:               0.81

General statistics:
    total time:                          60.0728s
    total number of events:              17721

Latency (ms):
         min:                                  0.00
         avg:                                  3.38
         max:                                150.98
         95th percentile:                     14.46
         sum:                              59950.47

Threads fairness:
    events (avg/stddev):           17721.0000/0.00
    execution time (avg/stddev):   59.9505/0.00

sysbench 1.0.11 (using system LuaJIT 2.1.0-beta3)

Running the test with following options:
Number of threads: 1
Initializing random number generator from current time


Extra file open flags: 0
128 files, 16MiB each
2GiB total file size
Block size 16KiB
Number of IO requests: 0
Read/Write ratio for combined random IO test: 1.50
Periodic FSYNC enabled, calling fsync() each 100 requests.
Calling fsync() at the end of test, Enabled.
Using synchronous I/O mode
Doing random r/w test
Initializing worker threads...

Threads started!


File operations:
    reads/s:                      80.95
    writes/s:                     53.97
    fsyncs/s:                     171.58

Throughput:
    read, MiB/s:                  1.26
    written, MiB/s:               0.84

General statistics:
    total time:                          60.0355s
    total number of events:              18401

Latency (ms):
         min:                                  0.00
         avg:                                  3.26
         max:                                127.56
         95th percentile:                     13.70
         sum:                              59952.05

Threads fairness:
    events (avg/stddev):           18401.0000/0.00
    execution time (avg/stddev):   59.9521/0.00

sysbench 1.0.11 (using system LuaJIT 2.1.0-beta3)

Running the test with following options:
Number of threads: 1
Initializing random number generator from current time


Extra file open flags: 0
128 files, 16MiB each
2GiB total file size
Block size 16KiB
Number of IO requests: 0
Read/Write ratio for combined random IO test: 1.50
Periodic FSYNC enabled, calling fsync() each 100 requests.
Calling fsync() at the end of test, Enabled.
Using synchronous I/O mode
Doing random r/w test
Initializing worker threads...

Threads started!


File operations:
    reads/s:                      76.96
    writes/s:                     51.31
    fsyncs/s:                     163.82

Throughput:
    read, MiB/s:                  1.20
    written, MiB/s:               0.80

General statistics:
    total time:                          60.0263s
    total number of events:              17534

Latency (ms):
         min:                                  0.00
         avg:                                  3.42
         max:                                127.26
         95th percentile:                     15.27
         sum:                              59942.30

Threads fairness:
    events (avg/stddev):           17534.0000/0.00
    execution time (avg/stddev):   59.9423/0.00

