sysbench 1.0.11 (using system LuaJIT 2.1.0-beta3)

Running the test with following options:
Number of threads: 1
Initializing random number generator from current time


Extra file open flags: 0
128 files, 16MiB each
2GiB total file size
Block size 16KiB
Number of IO requests: 0
Read/Write ratio for combined random IO test: 1.50
Periodic FSYNC enabled, calling fsync() each 100 requests.
Calling fsync() at the end of test, Enabled.
Using synchronous I/O mode
Doing random r/w test
Initializing worker threads...

Threads started!


File operations:
    reads/s:                      115.94
    writes/s:                     77.30
    fsyncs/s:                     245.51

Throughput:
    read, MiB/s:                  1.81
    written, MiB/s:               1.21

General statistics:
    total time:                          60.0117s
    total number of events:              26338

Latency (ms):
         min:                                  0.00
         avg:                                  2.28
         max:                                120.21
         95th percentile:                      9.56
         sum:                              59946.40

Threads fairness:
    events (avg/stddev):           26338.0000/0.00
    execution time (avg/stddev):   59.9464/0.00

sysbench 1.0.11 (using system LuaJIT 2.1.0-beta3)

Running the test with following options:
Number of threads: 1
Initializing random number generator from current time


Extra file open flags: 0
128 files, 16MiB each
2GiB total file size
Block size 16KiB
Number of IO requests: 0
Read/Write ratio for combined random IO test: 1.50
Periodic FSYNC enabled, calling fsync() each 100 requests.
Calling fsync() at the end of test, Enabled.
Using synchronous I/O mode
Doing random r/w test
Initializing worker threads...

Threads started!


File operations:
    reads/s:                      114.99
    writes/s:                     76.66
    fsyncs/s:                     243.90

Throughput:
    read, MiB/s:                  1.80
    written, MiB/s:               1.20

General statistics:
    total time:                          60.0011s
    total number of events:              26135

Latency (ms):
         min:                                  0.00
         avg:                                  2.29
         max:                                114.46
         95th percentile:                      9.73
         sum:                              59930.90

Threads fairness:
    events (avg/stddev):           26135.0000/0.00
    execution time (avg/stddev):   59.9309/0.00

sysbench 1.0.11 (using system LuaJIT 2.1.0-beta3)

Running the test with following options:
Number of threads: 1
Initializing random number generator from current time


Extra file open flags: 0
128 files, 16MiB each
2GiB total file size
Block size 16KiB
Number of IO requests: 0
Read/Write ratio for combined random IO test: 1.50
Periodic FSYNC enabled, calling fsync() each 100 requests.
Calling fsync() at the end of test, Enabled.
Using synchronous I/O mode
Doing random r/w test
Initializing worker threads...

Threads started!


File operations:
    reads/s:                      115.99
    writes/s:                     77.33
    fsyncs/s:                     246.77

Throughput:
    read, MiB/s:                  1.81
    written, MiB/s:               1.21

General statistics:
    total time:                          60.0018s
    total number of events:              26407

Latency (ms):
         min:                                  0.00
         avg:                                  2.27
         max:                                154.93
         95th percentile:                      9.56
         sum:                              59934.09

Threads fairness:
    events (avg/stddev):           26407.0000/0.00
    execution time (avg/stddev):   59.9341/0.00

sysbench 1.0.11 (using system LuaJIT 2.1.0-beta3)

Running the test with following options:
Number of threads: 1
Initializing random number generator from current time


Extra file open flags: 0
128 files, 16MiB each
2GiB total file size
Block size 16KiB
Number of IO requests: 0
Read/Write ratio for combined random IO test: 1.50
Periodic FSYNC enabled, calling fsync() each 100 requests.
Calling fsync() at the end of test, Enabled.
Using synchronous I/O mode
Doing random r/w test
Initializing worker threads...

Threads started!


File operations:
    reads/s:                      115.78
    writes/s:                     77.19
    fsyncs/s:                     245.03

Throughput:
    read, MiB/s:                  1.81
    written, MiB/s:               1.21

General statistics:
    total time:                          60.1123s
    total number of events:              26330

Latency (ms):
         min:                                  0.00
         avg:                                  2.28
         max:                                125.79
         95th percentile:                      9.56
         sum:                              59987.66

Threads fairness:
    events (avg/stddev):           26330.0000/0.00
    execution time (avg/stddev):   59.9877/0.00

sysbench 1.0.11 (using system LuaJIT 2.1.0-beta3)

Running the test with following options:
Number of threads: 1
Initializing random number generator from current time


Extra file open flags: 0
128 files, 16MiB each
2GiB total file size
Block size 16KiB
Number of IO requests: 0
Read/Write ratio for combined random IO test: 1.50
Periodic FSYNC enabled, calling fsync() each 100 requests.
Calling fsync() at the end of test, Enabled.
Using synchronous I/O mode
Doing random r/w test
Initializing worker threads...

Threads started!


File operations:
    reads/s:                      110.97
    writes/s:                     73.98
    fsyncs/s:                     235.91

Throughput:
    read, MiB/s:                  1.73
    written, MiB/s:               1.16

General statistics:
    total time:                          60.0139s
    total number of events:              25258

Latency (ms):
         min:                                  0.00
         avg:                                  2.37
         max:                                120.99
         95th percentile:                      9.91
         sum:                              59933.90

Threads fairness:
    events (avg/stddev):           25258.0000/0.00
    execution time (avg/stddev):   59.9339/0.00

sysbench 1.0.11 (using system LuaJIT 2.1.0-beta3)

Running the test with following options:
Number of threads: 1
Initializing random number generator from current time


Extra file open flags: 0
128 files, 16MiB each
2GiB total file size
Block size 16KiB
Number of IO requests: 0
Read/Write ratio for combined random IO test: 1.50
Periodic FSYNC enabled, calling fsync() each 100 requests.
Calling fsync() at the end of test, Enabled.
Using synchronous I/O mode
Doing random r/w test
Initializing worker threads...

Threads started!


File operations:
    reads/s:                      115.73
    writes/s:                     77.15
    fsyncs/s:                     244.80

Throughput:
    read, MiB/s:                  1.81
    written, MiB/s:               1.21

General statistics:
    total time:                          60.1379s
    total number of events:              26322

Latency (ms):
         min:                                  0.01
         avg:                                  2.28
         max:                                156.20
         95th percentile:                      9.73
         sum:                              60002.96

Threads fairness:
    events (avg/stddev):           26322.0000/0.00
    execution time (avg/stddev):   60.0030/0.00

sysbench 1.0.11 (using system LuaJIT 2.1.0-beta3)

Running the test with following options:
Number of threads: 1
Initializing random number generator from current time


Extra file open flags: 0
128 files, 16MiB each
2GiB total file size
Block size 16KiB
Number of IO requests: 0
Read/Write ratio for combined random IO test: 1.50
Periodic FSYNC enabled, calling fsync() each 100 requests.
Calling fsync() at the end of test, Enabled.
Using synchronous I/O mode
Doing random r/w test
Initializing worker threads...

Threads started!


File operations:
    reads/s:                      118.97
    writes/s:                     79.31
    fsyncs/s:                     253.43

Throughput:
    read, MiB/s:                  1.86
    written, MiB/s:               1.24

General statistics:
    total time:                          60.0147s
    total number of events:              27110

Latency (ms):
         min:                                  0.00
         avg:                                  2.21
         max:                                118.34
         95th percentile:                      9.39
         sum:                              59920.97

Threads fairness:
    events (avg/stddev):           27110.0000/0.00
    execution time (avg/stddev):   59.9210/0.00

sysbench 1.0.11 (using system LuaJIT 2.1.0-beta3)

Running the test with following options:
Number of threads: 1
Initializing random number generator from current time


Extra file open flags: 0
128 files, 16MiB each
2GiB total file size
Block size 16KiB
Number of IO requests: 0
Read/Write ratio for combined random IO test: 1.50
Periodic FSYNC enabled, calling fsync() each 100 requests.
Calling fsync() at the end of test, Enabled.
Using synchronous I/O mode
Doing random r/w test
Initializing worker threads...

Threads started!


File operations:
    reads/s:                      114.88
    writes/s:                     76.57
    fsyncs/s:                     244.93

Throughput:
    read, MiB/s:                  1.79
    written, MiB/s:               1.20

General statistics:
    total time:                          60.0968s
    total number of events:              26226

Latency (ms):
         min:                                  0.00
         avg:                                  2.29
         max:                                176.46
         95th percentile:                      9.56
         sum:                              59950.49

Threads fairness:
    events (avg/stddev):           26226.0000/0.00
    execution time (avg/stddev):   59.9505/0.00

sysbench 1.0.11 (using system LuaJIT 2.1.0-beta3)

Running the test with following options:
Number of threads: 1
Initializing random number generator from current time


Extra file open flags: 0
128 files, 16MiB each
2GiB total file size
Block size 16KiB
Number of IO requests: 0
Read/Write ratio for combined random IO test: 1.50
Periodic FSYNC enabled, calling fsync() each 100 requests.
Calling fsync() at the end of test, Enabled.
Using synchronous I/O mode
Doing random r/w test
Initializing worker threads...

Threads started!


File operations:
    reads/s:                      113.86
    writes/s:                     75.91
    fsyncs/s:                     241.26

Throughput:
    read, MiB/s:                  1.78
    written, MiB/s:               1.19

General statistics:
    total time:                          60.0695s
    total number of events:              25893

Latency (ms):
         min:                                  0.00
         avg:                                  2.32
         max:                                126.48
         95th percentile:                      9.73
         sum:                              59968.41

Threads fairness:
    events (avg/stddev):           25893.0000/0.00
    execution time (avg/stddev):   59.9684/0.00

sysbench 1.0.11 (using system LuaJIT 2.1.0-beta3)

Running the test with following options:
Number of threads: 1
Initializing random number generator from current time


Extra file open flags: 0
128 files, 16MiB each
2GiB total file size
Block size 16KiB
Number of IO requests: 0
Read/Write ratio for combined random IO test: 1.50
Periodic FSYNC enabled, calling fsync() each 100 requests.
Calling fsync() at the end of test, Enabled.
Using synchronous I/O mode
Doing random r/w test
Initializing worker threads...

Threads started!


File operations:
    reads/s:                      113.80
    writes/s:                     75.86
    fsyncs/s:                     242.53

Throughput:
    read, MiB/s:                  1.78
    written, MiB/s:               1.19

General statistics:
    total time:                          60.1639s
    total number of events:              26003

Latency (ms):
         min:                                  0.00
         avg:                                  2.31
         max:                                127.87
         95th percentile:                      9.73
         sum:                              60007.94

Threads fairness:
    events (avg/stddev):           26003.0000/0.00
    execution time (avg/stddev):   60.0079/0.00

sysbench 1.0.11 (using system LuaJIT 2.1.0-beta3)

Running the test with following options:
Number of threads: 1
Initializing random number generator from current time


Extra file open flags: 0
128 files, 16MiB each
2GiB total file size
Block size 16KiB
Number of IO requests: 0
Read/Write ratio for combined random IO test: 1.50
Periodic FSYNC enabled, calling fsync() each 100 requests.
Calling fsync() at the end of test, Enabled.
Using synchronous I/O mode
Doing random r/w test
Initializing worker threads...

Threads started!


File operations:
    reads/s:                      114.89
    writes/s:                     76.58
    fsyncs/s:                     245.02

Throughput:
    read, MiB/s:                  1.80
    written, MiB/s:               1.20

General statistics:
    total time:                          60.0755s
    total number of events:              26223

Latency (ms):
         min:                                  0.00
         avg:                                  2.29
         max:                                122.78
         95th percentile:                      9.56
         sum:                              59962.85

Threads fairness:
    events (avg/stddev):           26223.0000/0.00
    execution time (avg/stddev):   59.9629/0.00

sysbench 1.0.11 (using system LuaJIT 2.1.0-beta3)

Running the test with following options:
Number of threads: 1
Initializing random number generator from current time


Extra file open flags: 0
128 files, 16MiB each
2GiB total file size
Block size 16KiB
Number of IO requests: 0
Read/Write ratio for combined random IO test: 1.50
Periodic FSYNC enabled, calling fsync() each 100 requests.
Calling fsync() at the end of test, Enabled.
Using synchronous I/O mode
Doing random r/w test
Initializing worker threads...

Threads started!


File operations:
    reads/s:                      118.08
    writes/s:                     78.72
    fsyncs/s:                     251.63

Throughput:
    read, MiB/s:                  1.85
    written, MiB/s:               1.23

General statistics:
    total time:                          60.0238s
    total number of events:              26917

Latency (ms):
         min:                                  0.00
         avg:                                  2.23
         max:                                116.46
         95th percentile:                      9.39
         sum:                              59951.09

Threads fairness:
    events (avg/stddev):           26917.0000/0.00
    execution time (avg/stddev):   59.9511/0.00

sysbench 1.0.11 (using system LuaJIT 2.1.0-beta3)

Running the test with following options:
Number of threads: 1
Initializing random number generator from current time


Extra file open flags: 0
128 files, 16MiB each
2GiB total file size
Block size 16KiB
Number of IO requests: 0
Read/Write ratio for combined random IO test: 1.50
Periodic FSYNC enabled, calling fsync() each 100 requests.
Calling fsync() at the end of test, Enabled.
Using synchronous I/O mode
Doing random r/w test
Initializing worker threads...

Threads started!


File operations:
    reads/s:                      114.96
    writes/s:                     76.64
    fsyncs/s:                     244.46

Throughput:
    read, MiB/s:                  1.80
    written, MiB/s:               1.20

General statistics:
    total time:                          60.0171s
    total number of events:              26172

Latency (ms):
         min:                                  0.00
         avg:                                  2.29
         max:                                128.24
         95th percentile:                      9.56
         sum:                              59941.79

Threads fairness:
    events (avg/stddev):           26172.0000/0.00
    execution time (avg/stddev):   59.9418/0.00

sysbench 1.0.11 (using system LuaJIT 2.1.0-beta3)

Running the test with following options:
Number of threads: 1
Initializing random number generator from current time


Extra file open flags: 0
128 files, 16MiB each
2GiB total file size
Block size 16KiB
Number of IO requests: 0
Read/Write ratio for combined random IO test: 1.50
Periodic FSYNC enabled, calling fsync() each 100 requests.
Calling fsync() at the end of test, Enabled.
Using synchronous I/O mode
Doing random r/w test
Initializing worker threads...

Threads started!


File operations:
    reads/s:                      114.91
    writes/s:                     76.61
    fsyncs/s:                     243.35

Throughput:
    read, MiB/s:                  1.80
    written, MiB/s:               1.20

General statistics:
    total time:                          60.0466s
    total number of events:              26113

Latency (ms):
         min:                                  0.00
         avg:                                  2.30
         max:                                104.59
         95th percentile:                      9.56
         sum:                              59941.65

Threads fairness:
    events (avg/stddev):           26113.0000/0.00
    execution time (avg/stddev):   59.9416/0.00

sysbench 1.0.11 (using system LuaJIT 2.1.0-beta3)

Running the test with following options:
Number of threads: 1
Initializing random number generator from current time


Extra file open flags: 0
128 files, 16MiB each
2GiB total file size
Block size 16KiB
Number of IO requests: 0
Read/Write ratio for combined random IO test: 1.50
Periodic FSYNC enabled, calling fsync() each 100 requests.
Calling fsync() at the end of test, Enabled.
Using synchronous I/O mode
Doing random r/w test
Initializing worker threads...

Threads started!


File operations:
    reads/s:                      115.96
    writes/s:                     77.30
    fsyncs/s:                     247.31

Throughput:
    read, MiB/s:                  1.81
    written, MiB/s:               1.21

General statistics:
    total time:                          60.0371s
    total number of events:              26451

Latency (ms):
         min:                                  0.00
         avg:                                  2.27
         max:                                166.14
         95th percentile:                      9.56
         sum:                              59938.87

Threads fairness:
    events (avg/stddev):           26451.0000/0.00
    execution time (avg/stddev):   59.9389/0.00

sysbench 1.0.11 (using system LuaJIT 2.1.0-beta3)

Running the test with following options:
Number of threads: 1
Initializing random number generator from current time


Extra file open flags: 0
128 files, 16MiB each
2GiB total file size
Block size 16KiB
Number of IO requests: 0
Read/Write ratio for combined random IO test: 1.50
Periodic FSYNC enabled, calling fsync() each 100 requests.
Calling fsync() at the end of test, Enabled.
Using synchronous I/O mode
Doing random r/w test
Initializing worker threads...

Threads started!


File operations:
    reads/s:                      115.80
    writes/s:                     77.20
    fsyncs/s:                     245.07

Throughput:
    read, MiB/s:                  1.81
    written, MiB/s:               1.21

General statistics:
    total time:                          60.0996s
    total number of events:              26329

Latency (ms):
         min:                                  0.00
         avg:                                  2.28
         max:                                144.12
         95th percentile:                      9.56
         sum:                              59972.38

Threads fairness:
    events (avg/stddev):           26329.0000/0.00
    execution time (avg/stddev):   59.9724/0.00

sysbench 1.0.11 (using system LuaJIT 2.1.0-beta3)

Running the test with following options:
Number of threads: 1
Initializing random number generator from current time


Extra file open flags: 0
128 files, 16MiB each
2GiB total file size
Block size 16KiB
Number of IO requests: 0
Read/Write ratio for combined random IO test: 1.50
Periodic FSYNC enabled, calling fsync() each 100 requests.
Calling fsync() at the end of test, Enabled.
Using synchronous I/O mode
Doing random r/w test
Initializing worker threads...

Threads started!


File operations:
    reads/s:                      113.95
    writes/s:                     75.97
    fsyncs/s:                     242.85

Throughput:
    read, MiB/s:                  1.78
    written, MiB/s:               1.19

General statistics:
    total time:                          60.0241s
    total number of events:              25977

Latency (ms):
         min:                                  0.00
         avg:                                  2.31
         max:                                116.86
         95th percentile:                      9.56
         sum:                              59932.84

Threads fairness:
    events (avg/stddev):           25977.0000/0.00
    execution time (avg/stddev):   59.9328/0.00

sysbench 1.0.11 (using system LuaJIT 2.1.0-beta3)

Running the test with following options:
Number of threads: 1
Initializing random number generator from current time


Extra file open flags: 0
128 files, 16MiB each
2GiB total file size
Block size 16KiB
Number of IO requests: 0
Read/Write ratio for combined random IO test: 1.50
Periodic FSYNC enabled, calling fsync() each 100 requests.
Calling fsync() at the end of test, Enabled.
Using synchronous I/O mode
Doing random r/w test
Initializing worker threads...

Threads started!


File operations:
    reads/s:                      117.55
    writes/s:                     78.35
    fsyncs/s:                     249.24

Throughput:
    read, MiB/s:                  1.84
    written, MiB/s:               1.22

General statistics:
    total time:                          60.0679s
    total number of events:              26747

Latency (ms):
         min:                                  0.00
         avg:                                  2.24
         max:                                138.72
         95th percentile:                      9.56
         sum:                              59996.16

Threads fairness:
    events (avg/stddev):           26747.0000/0.00
    execution time (avg/stddev):   59.9962/0.00

sysbench 1.0.11 (using system LuaJIT 2.1.0-beta3)

Running the test with following options:
Number of threads: 1
Initializing random number generator from current time


Extra file open flags: 0
128 files, 16MiB each
2GiB total file size
Block size 16KiB
Number of IO requests: 0
Read/Write ratio for combined random IO test: 1.50
Periodic FSYNC enabled, calling fsync() each 100 requests.
Calling fsync() at the end of test, Enabled.
Using synchronous I/O mode
Doing random r/w test
Initializing worker threads...

Threads started!


File operations:
    reads/s:                      117.82
    writes/s:                     78.55
    fsyncs/s:                     249.57

Throughput:
    read, MiB/s:                  1.84
    written, MiB/s:               1.23

General statistics:
    total time:                          60.0879s
    total number of events:              26797

Latency (ms):
         min:                                  0.00
         avg:                                  2.24
         max:                                158.78
         95th percentile:                      9.39
         sum:                              59950.86

Threads fairness:
    events (avg/stddev):           26797.0000/0.00
    execution time (avg/stddev):   59.9509/0.00

sysbench 1.0.11 (using system LuaJIT 2.1.0-beta3)

Running the test with following options:
Number of threads: 1
Initializing random number generator from current time


Extra file open flags: 0
128 files, 16MiB each
2GiB total file size
Block size 16KiB
Number of IO requests: 0
Read/Write ratio for combined random IO test: 1.50
Periodic FSYNC enabled, calling fsync() each 100 requests.
Calling fsync() at the end of test, Enabled.
Using synchronous I/O mode
Doing random r/w test
Initializing worker threads...

Threads started!


File operations:
    reads/s:                      117.97
    writes/s:                     78.65
    fsyncs/s:                     251.22

Throughput:
    read, MiB/s:                  1.84
    written, MiB/s:               1.23

General statistics:
    total time:                          60.0132s
    total number of events:              26877

Latency (ms):
         min:                                  0.00
         avg:                                  2.23
         max:                                116.29
         95th percentile:                      9.56
         sum:                              59933.83

Threads fairness:
    events (avg/stddev):           26877.0000/0.00
    execution time (avg/stddev):   59.9338/0.00

sysbench 1.0.11 (using system LuaJIT 2.1.0-beta3)

Running the test with following options:
Number of threads: 1
Initializing random number generator from current time


Extra file open flags: 0
128 files, 16MiB each
2GiB total file size
Block size 16KiB
Number of IO requests: 0
Read/Write ratio for combined random IO test: 1.50
Periodic FSYNC enabled, calling fsync() each 100 requests.
Calling fsync() at the end of test, Enabled.
Using synchronous I/O mode
Doing random r/w test
Initializing worker threads...

Threads started!


File operations:
    reads/s:                      114.82
    writes/s:                     76.55
    fsyncs/s:                     243.00

Throughput:
    read, MiB/s:                  1.79
    written, MiB/s:               1.20

General statistics:
    total time:                          60.0909s
    total number of events:              26103

Latency (ms):
         min:                                  0.00
         avg:                                  2.30
         max:                                117.42
         95th percentile:                      9.73
         sum:                              59954.18

Threads fairness:
    events (avg/stddev):           26103.0000/0.00
    execution time (avg/stddev):   59.9542/0.00

sysbench 1.0.11 (using system LuaJIT 2.1.0-beta3)

Running the test with following options:
Number of threads: 1
Initializing random number generator from current time


Extra file open flags: 0
128 files, 16MiB each
2GiB total file size
Block size 16KiB
Number of IO requests: 0
Read/Write ratio for combined random IO test: 1.50
Periodic FSYNC enabled, calling fsync() each 100 requests.
Calling fsync() at the end of test, Enabled.
Using synchronous I/O mode
Doing random r/w test
Initializing worker threads...

Threads started!


File operations:
    reads/s:                      115.97
    writes/s:                     77.31
    fsyncs/s:                     247.02

Throughput:
    read, MiB/s:                  1.81
    written, MiB/s:               1.21

General statistics:
    total time:                          60.0128s
    total number of events:              26425

Latency (ms):
         min:                                  0.00
         avg:                                  2.27
         max:                                117.12
         95th percentile:                      9.39
         sum:                              59934.73

Threads fairness:
    events (avg/stddev):           26425.0000/0.00
    execution time (avg/stddev):   59.9347/0.00

sysbench 1.0.11 (using system LuaJIT 2.1.0-beta3)

Running the test with following options:
Number of threads: 1
Initializing random number generator from current time


Extra file open flags: 0
128 files, 16MiB each
2GiB total file size
Block size 16KiB
Number of IO requests: 0
Read/Write ratio for combined random IO test: 1.50
Periodic FSYNC enabled, calling fsync() each 100 requests.
Calling fsync() at the end of test, Enabled.
Using synchronous I/O mode
Doing random r/w test
Initializing worker threads...

Threads started!


File operations:
    reads/s:                      115.89
    writes/s:                     77.26
    fsyncs/s:                     245.54

Throughput:
    read, MiB/s:                  1.81
    written, MiB/s:               1.21

General statistics:
    total time:                          60.0559s
    total number of events:              26347

Latency (ms):
         min:                                  0.00
         avg:                                  2.28
         max:                                107.93
         95th percentile:                      9.56
         sum:                              59947.14

Threads fairness:
    events (avg/stddev):           26347.0000/0.00
    execution time (avg/stddev):   59.9471/0.00

sysbench 1.0.11 (using system LuaJIT 2.1.0-beta3)

Running the test with following options:
Number of threads: 1
Initializing random number generator from current time


Extra file open flags: 0
128 files, 16MiB each
2GiB total file size
Block size 16KiB
Number of IO requests: 0
Read/Write ratio for combined random IO test: 1.50
Periodic FSYNC enabled, calling fsync() each 100 requests.
Calling fsync() at the end of test, Enabled.
Using synchronous I/O mode
Doing random r/w test
Initializing worker threads...

Threads started!


File operations:
    reads/s:                      113.98
    writes/s:                     75.98
    fsyncs/s:                     242.98

Throughput:
    read, MiB/s:                  1.78
    written, MiB/s:               1.19

General statistics:
    total time:                          60.0533s
    total number of events:              26000

Latency (ms):
         min:                                  0.00
         avg:                                  2.31
         max:                                127.27
         95th percentile:                      9.56
         sum:                              59935.00

Threads fairness:
    events (avg/stddev):           26000.0000/0.00
    execution time (avg/stddev):   59.9350/0.00

sysbench 1.0.11 (using system LuaJIT 2.1.0-beta3)

Running the test with following options:
Number of threads: 1
Initializing random number generator from current time


Extra file open flags: 0
128 files, 16MiB each
2GiB total file size
Block size 16KiB
Number of IO requests: 0
Read/Write ratio for combined random IO test: 1.50
Periodic FSYNC enabled, calling fsync() each 100 requests.
Calling fsync() at the end of test, Enabled.
Using synchronous I/O mode
Doing random r/w test
Initializing worker threads...

Threads started!


File operations:
    reads/s:                      116.95
    writes/s:                     77.97
    fsyncs/s:                     247.93

Throughput:
    read, MiB/s:                  1.83
    written, MiB/s:               1.22

General statistics:
    total time:                          60.0236s
    total number of events:              26582

Latency (ms):
         min:                                  0.00
         avg:                                  2.25
         max:                                114.11
         95th percentile:                      9.39
         sum:                              59925.60

Threads fairness:
    events (avg/stddev):           26582.0000/0.00
    execution time (avg/stddev):   59.9256/0.00

sysbench 1.0.11 (using system LuaJIT 2.1.0-beta3)

Running the test with following options:
Number of threads: 1
Initializing random number generator from current time


Extra file open flags: 0
128 files, 16MiB each
2GiB total file size
Block size 16KiB
Number of IO requests: 0
Read/Write ratio for combined random IO test: 1.50
Periodic FSYNC enabled, calling fsync() each 100 requests.
Calling fsync() at the end of test, Enabled.
Using synchronous I/O mode
Doing random r/w test
Initializing worker threads...

Threads started!


File operations:
    reads/s:                      116.05
    writes/s:                     77.35
    fsyncs/s:                     247.42

Throughput:
    read, MiB/s:                  1.81
    written, MiB/s:               1.21

General statistics:
    total time:                          60.0041s
    total number of events:              26454

Latency (ms):
         min:                                  0.00
         avg:                                  2.27
         max:                                129.71
         95th percentile:                      9.56
         sum:                              59935.63

Threads fairness:
    events (avg/stddev):           26454.0000/0.00
    execution time (avg/stddev):   59.9356/0.00

sysbench 1.0.11 (using system LuaJIT 2.1.0-beta3)

Running the test with following options:
Number of threads: 1
Initializing random number generator from current time


Extra file open flags: 0
128 files, 16MiB each
2GiB total file size
Block size 16KiB
Number of IO requests: 0
Read/Write ratio for combined random IO test: 1.50
Periodic FSYNC enabled, calling fsync() each 100 requests.
Calling fsync() at the end of test, Enabled.
Using synchronous I/O mode
Doing random r/w test
Initializing worker threads...

Threads started!


File operations:
    reads/s:                      113.88
    writes/s:                     75.92
    fsyncs/s:                     241.09

Throughput:
    read, MiB/s:                  1.78
    written, MiB/s:               1.19

General statistics:
    total time:                          60.0583s
    total number of events:              25880

Latency (ms):
         min:                                  0.00
         avg:                                  2.32
         max:                                106.27
         95th percentile:                      9.73
         sum:                              59965.78

Threads fairness:
    events (avg/stddev):           25880.0000/0.00
    execution time (avg/stddev):   59.9658/0.00

sysbench 1.0.11 (using system LuaJIT 2.1.0-beta3)

Running the test with following options:
Number of threads: 1
Initializing random number generator from current time


Extra file open flags: 0
128 files, 16MiB each
2GiB total file size
Block size 16KiB
Number of IO requests: 0
Read/Write ratio for combined random IO test: 1.50
Periodic FSYNC enabled, calling fsync() each 100 requests.
Calling fsync() at the end of test, Enabled.
Using synchronous I/O mode
Doing random r/w test
Initializing worker threads...

Threads started!


File operations:
    reads/s:                      114.98
    writes/s:                     76.65
    fsyncs/s:                     244.52

Throughput:
    read, MiB/s:                  1.80
    written, MiB/s:               1.20

General statistics:
    total time:                          60.0089s
    total number of events:              26174

Latency (ms):
         min:                                  0.00
         avg:                                  2.29
         max:                                105.31
         95th percentile:                      9.56
         sum:                              59921.68

Threads fairness:
    events (avg/stddev):           26174.0000/0.00
    execution time (avg/stddev):   59.9217/0.00

sysbench 1.0.11 (using system LuaJIT 2.1.0-beta3)

Running the test with following options:
Number of threads: 1
Initializing random number generator from current time


Extra file open flags: 0
128 files, 16MiB each
2GiB total file size
Block size 16KiB
Number of IO requests: 0
Read/Write ratio for combined random IO test: 1.50
Periodic FSYNC enabled, calling fsync() each 100 requests.
Calling fsync() at the end of test, Enabled.
Using synchronous I/O mode
Doing random r/w test
Initializing worker threads...

Threads started!


File operations:
    reads/s:                      113.88
    writes/s:                     75.92
    fsyncs/s:                     240.83

Throughput:
    read, MiB/s:                  1.78
    written, MiB/s:               1.19

General statistics:
    total time:                          60.0613s
    total number of events:              25865

Latency (ms):
         min:                                  0.00
         avg:                                  2.32
         max:                                117.87
         95th percentile:                      9.56
         sum:                              59958.63

Threads fairness:
    events (avg/stddev):           25865.0000/0.00
    execution time (avg/stddev):   59.9586/0.00

sysbench 1.0.11 (using system LuaJIT 2.1.0-beta3)

Running the test with following options:
Number of threads: 1
Initializing random number generator from current time


Extra file open flags: 0
128 files, 16MiB each
2GiB total file size
Block size 16KiB
Number of IO requests: 0
Read/Write ratio for combined random IO test: 1.50
Periodic FSYNC enabled, calling fsync() each 100 requests.
Calling fsync() at the end of test, Enabled.
Using synchronous I/O mode
Doing random r/w test
Initializing worker threads...

Threads started!


File operations:
    reads/s:                      116.99
    writes/s:                     78.00
    fsyncs/s:                     249.44

Throughput:
    read, MiB/s:                  1.83
    written, MiB/s:               1.22

General statistics:
    total time:                          60.0365s
    total number of events:              26683

Latency (ms):
         min:                                  0.00
         avg:                                  2.25
         max:                                114.80
         95th percentile:                      9.56
         sum:                              59941.68

Threads fairness:
    events (avg/stddev):           26683.0000/0.00
    execution time (avg/stddev):   59.9417/0.00

