sysbench 1.0.11 (using system LuaJIT 2.1.0-beta3)

Running the test with following options:
Number of threads: 1
Initializing random number generator from current time


Extra file open flags: 0
128 files, 16MiB each
2GiB total file size
Block size 16KiB
Number of IO requests: 0
Read/Write ratio for combined random IO test: 1.50
Periodic FSYNC enabled, calling fsync() each 100 requests.
Calling fsync() at the end of test, Enabled.
Using synchronous I/O mode
Doing random r/w test
Initializing worker threads...

Threads started!


File operations:
    reads/s:                      84.00
    writes/s:                     56.00
    fsyncs/s:                     178.44

Throughput:
    read, MiB/s:                  1.31
    written, MiB/s:               0.87

General statistics:
    total time:                          60.0010s
    total number of events:              19107

Latency (ms):
         min:                                  0.00
         avg:                                  3.14
         max:                                114.19
         95th percentile:                     12.08
         sum:                              59933.67

Threads fairness:
    events (avg/stddev):           19107.0000/0.00
    execution time (avg/stddev):   59.9337/0.00

sysbench 1.0.11 (using system LuaJIT 2.1.0-beta3)

Running the test with following options:
Number of threads: 1
Initializing random number generator from current time


Extra file open flags: 0
128 files, 16MiB each
2GiB total file size
Block size 16KiB
Number of IO requests: 0
Read/Write ratio for combined random IO test: 1.50
Periodic FSYNC enabled, calling fsync() each 100 requests.
Calling fsync() at the end of test, Enabled.
Using synchronous I/O mode
Doing random r/w test
Initializing worker threads...

Threads started!


File operations:
    reads/s:                      81.99
    writes/s:                     54.66
    fsyncs/s:                     174.74

Throughput:
    read, MiB/s:                  1.28
    written, MiB/s:               0.85

General statistics:
    total time:                          60.0026s
    total number of events:              18685

Latency (ms):
         min:                                  0.00
         avg:                                  3.21
         max:                                114.25
         95th percentile:                     13.22
         sum:                              59946.60

Threads fairness:
    events (avg/stddev):           18685.0000/0.00
    execution time (avg/stddev):   59.9466/0.00

sysbench 1.0.11 (using system LuaJIT 2.1.0-beta3)

Running the test with following options:
Number of threads: 1
Initializing random number generator from current time


Extra file open flags: 0
128 files, 16MiB each
2GiB total file size
Block size 16KiB
Number of IO requests: 0
Read/Write ratio for combined random IO test: 1.50
Periodic FSYNC enabled, calling fsync() each 100 requests.
Calling fsync() at the end of test, Enabled.
Using synchronous I/O mode
Doing random r/w test
Initializing worker threads...

Threads started!


File operations:
    reads/s:                      82.00
    writes/s:                     54.66
    fsyncs/s:                     174.39

Throughput:
    read, MiB/s:                  1.28
    written, MiB/s:               0.85

General statistics:
    total time:                          60.0016s
    total number of events:              18664

Latency (ms):
         min:                                  0.00
         avg:                                  3.21
         max:                                107.97
         95th percentile:                     12.98
         sum:                              59948.61

Threads fairness:
    events (avg/stddev):           18664.0000/0.00
    execution time (avg/stddev):   59.9486/0.00

sysbench 1.0.11 (using system LuaJIT 2.1.0-beta3)

Running the test with following options:
Number of threads: 1
Initializing random number generator from current time


Extra file open flags: 0
128 files, 16MiB each
2GiB total file size
Block size 16KiB
Number of IO requests: 0
Read/Write ratio for combined random IO test: 1.50
Periodic FSYNC enabled, calling fsync() each 100 requests.
Calling fsync() at the end of test, Enabled.
Using synchronous I/O mode
Doing random r/w test
Initializing worker threads...

Threads started!


File operations:
    reads/s:                      81.00
    writes/s:                     54.00
    fsyncs/s:                     171.09

Throughput:
    read, MiB/s:                  1.27
    written, MiB/s:               0.84

General statistics:
    total time:                          60.0003s
    total number of events:              18366

Latency (ms):
         min:                                  0.00
         avg:                                  3.26
         max:                                124.80
         95th percentile:                     14.21
         sum:                              59949.60

Threads fairness:
    events (avg/stddev):           18366.0000/0.00
    execution time (avg/stddev):   59.9496/0.00

sysbench 1.0.11 (using system LuaJIT 2.1.0-beta3)

Running the test with following options:
Number of threads: 1
Initializing random number generator from current time


Extra file open flags: 0
128 files, 16MiB each
2GiB total file size
Block size 16KiB
Number of IO requests: 0
Read/Write ratio for combined random IO test: 1.50
Periodic FSYNC enabled, calling fsync() each 100 requests.
Calling fsync() at the end of test, Enabled.
Using synchronous I/O mode
Doing random r/w test
Initializing worker threads...

Threads started!


File operations:
    reads/s:                      83.95
    writes/s:                     55.97
    fsyncs/s:                     177.47

Throughput:
    read, MiB/s:                  1.31
    written, MiB/s:               0.87

General statistics:
    total time:                          60.0317s
    total number of events:              19054

Latency (ms):
         min:                                  0.01
         avg:                                  3.15
         max:                                190.16
         95th percentile:                     14.21
         sum:                              59954.03

Threads fairness:
    events (avg/stddev):           19054.0000/0.00
    execution time (avg/stddev):   59.9540/0.00

sysbench 1.0.11 (using system LuaJIT 2.1.0-beta3)

Running the test with following options:
Number of threads: 1
Initializing random number generator from current time


Extra file open flags: 0
128 files, 16MiB each
2GiB total file size
Block size 16KiB
Number of IO requests: 0
Read/Write ratio for combined random IO test: 1.50
Periodic FSYNC enabled, calling fsync() each 100 requests.
Calling fsync() at the end of test, Enabled.
Using synchronous I/O mode
Doing random r/w test
Initializing worker threads...

Threads started!


File operations:
    reads/s:                      83.96
    writes/s:                     55.97
    fsyncs/s:                     178.86

Throughput:
    read, MiB/s:                  1.31
    written, MiB/s:               0.87

General statistics:
    total time:                          60.0267s
    total number of events:              19137

Latency (ms):
         min:                                  0.00
         avg:                                  3.13
         max:                                202.60
         95th percentile:                     15.00
         sum:                              59936.51

Threads fairness:
    events (avg/stddev):           19137.0000/0.00
    execution time (avg/stddev):   59.9365/0.00

sysbench 1.0.11 (using system LuaJIT 2.1.0-beta3)

Running the test with following options:
Number of threads: 1
Initializing random number generator from current time


Extra file open flags: 0
128 files, 16MiB each
2GiB total file size
Block size 16KiB
Number of IO requests: 0
Read/Write ratio for combined random IO test: 1.50
Periodic FSYNC enabled, calling fsync() each 100 requests.
Calling fsync() at the end of test, Enabled.
Using synchronous I/O mode
Doing random r/w test
Initializing worker threads...

Threads started!


File operations:
    reads/s:                      83.96
    writes/s:                     55.97
    fsyncs/s:                     177.91

Throughput:
    read, MiB/s:                  1.31
    written, MiB/s:               0.87

General statistics:
    total time:                          60.0282s
    total number of events:              19080

Latency (ms):
         min:                                  0.01
         avg:                                  3.14
         max:                                147.04
         95th percentile:                     12.98
         sum:                              59951.09

Threads fairness:
    events (avg/stddev):           19080.0000/0.00
    execution time (avg/stddev):   59.9511/0.00

sysbench 1.0.11 (using system LuaJIT 2.1.0-beta3)

Running the test with following options:
Number of threads: 1
Initializing random number generator from current time


Extra file open flags: 0
128 files, 16MiB each
2GiB total file size
Block size 16KiB
Number of IO requests: 0
Read/Write ratio for combined random IO test: 1.50
Periodic FSYNC enabled, calling fsync() each 100 requests.
Calling fsync() at the end of test, Enabled.
Using synchronous I/O mode
Doing random r/w test
Initializing worker threads...

Threads started!


File operations:
    reads/s:                      82.39
    writes/s:                     54.92
    fsyncs/s:                     174.83

Throughput:
    read, MiB/s:                  1.29
    written, MiB/s:               0.86

General statistics:
    total time:                          60.0326s
    total number of events:              18739

Latency (ms):
         min:                                  0.00
         avg:                                  3.20
         max:                                121.76
         95th percentile:                     14.21
         sum:                              59945.29

Threads fairness:
    events (avg/stddev):           18739.0000/0.00
    execution time (avg/stddev):   59.9453/0.00

sysbench 1.0.11 (using system LuaJIT 2.1.0-beta3)

Running the test with following options:
Number of threads: 1
Initializing random number generator from current time


Extra file open flags: 0
128 files, 16MiB each
2GiB total file size
Block size 16KiB
Number of IO requests: 0
Read/Write ratio for combined random IO test: 1.50
Periodic FSYNC enabled, calling fsync() each 100 requests.
Calling fsync() at the end of test, Enabled.
Using synchronous I/O mode
Doing random r/w test
Initializing worker threads...

Threads started!


File operations:
    reads/s:                      81.95
    writes/s:                     54.63
    fsyncs/s:                     173.48

Throughput:
    read, MiB/s:                  1.28
    written, MiB/s:               0.85

General statistics:
    total time:                          60.0351s
    total number of events:              18615

Latency (ms):
         min:                                  0.00
         avg:                                  3.22
         max:                                116.10
         95th percentile:                     15.00
         sum:                              59948.04

Threads fairness:
    events (avg/stddev):           18615.0000/0.00
    execution time (avg/stddev):   59.9480/0.00

sysbench 1.0.11 (using system LuaJIT 2.1.0-beta3)

Running the test with following options:
Number of threads: 1
Initializing random number generator from current time


Extra file open flags: 0
128 files, 16MiB each
2GiB total file size
Block size 16KiB
Number of IO requests: 0
Read/Write ratio for combined random IO test: 1.50
Periodic FSYNC enabled, calling fsync() each 100 requests.
Calling fsync() at the end of test, Enabled.
Using synchronous I/O mode
Doing random r/w test
Initializing worker threads...

Threads started!


File operations:
    reads/s:                      81.82
    writes/s:                     54.55
    fsyncs/s:                     172.58

Throughput:
    read, MiB/s:                  1.28
    written, MiB/s:               0.85

General statistics:
    total time:                          60.1308s
    total number of events:              18578

Latency (ms):
         min:                                  0.00
         avg:                                  3.23
         max:                                114.92
         95th percentile:                     15.27
         sum:                              59998.88

Threads fairness:
    events (avg/stddev):           18578.0000/0.00
    execution time (avg/stddev):   59.9989/0.00

sysbench 1.0.11 (using system LuaJIT 2.1.0-beta3)

Running the test with following options:
Number of threads: 1
Initializing random number generator from current time


Extra file open flags: 0
128 files, 16MiB each
2GiB total file size
Block size 16KiB
Number of IO requests: 0
Read/Write ratio for combined random IO test: 1.50
Periodic FSYNC enabled, calling fsync() each 100 requests.
Calling fsync() at the end of test, Enabled.
Using synchronous I/O mode
Doing random r/w test
Initializing worker threads...

Threads started!


File operations:
    reads/s:                      80.96
    writes/s:                     53.97
    fsyncs/s:                     171.45

Throughput:
    read, MiB/s:                  1.27
    written, MiB/s:               0.84

General statistics:
    total time:                          60.0246s
    total number of events:              18392

Latency (ms):
         min:                                  0.00
         avg:                                  3.26
         max:                                116.30
         95th percentile:                     15.27
         sum:                              59944.53

Threads fairness:
    events (avg/stddev):           18392.0000/0.00
    execution time (avg/stddev):   59.9445/0.00

sysbench 1.0.11 (using system LuaJIT 2.1.0-beta3)

Running the test with following options:
Number of threads: 1
Initializing random number generator from current time


Extra file open flags: 0
128 files, 16MiB each
2GiB total file size
Block size 16KiB
Number of IO requests: 0
Read/Write ratio for combined random IO test: 1.50
Periodic FSYNC enabled, calling fsync() each 100 requests.
Calling fsync() at the end of test, Enabled.
Using synchronous I/O mode
Doing random r/w test
Initializing worker threads...

Threads started!


File operations:
    reads/s:                      82.84
    writes/s:                     55.23
    fsyncs/s:                     174.70

Throughput:
    read, MiB/s:                  1.29
    written, MiB/s:               0.86

General statistics:
    total time:                          60.1111s
    total number of events:              18802

Latency (ms):
         min:                                  0.00
         avg:                                  3.19
         max:                                126.16
         95th percentile:                     15.55
         sum:                              60016.09

Threads fairness:
    events (avg/stddev):           18802.0000/0.00
    execution time (avg/stddev):   60.0161/0.00

sysbench 1.0.11 (using system LuaJIT 2.1.0-beta3)

Running the test with following options:
Number of threads: 1
Initializing random number generator from current time


Extra file open flags: 0
128 files, 16MiB each
2GiB total file size
Block size 16KiB
Number of IO requests: 0
Read/Write ratio for combined random IO test: 1.50
Periodic FSYNC enabled, calling fsync() each 100 requests.
Calling fsync() at the end of test, Enabled.
Using synchronous I/O mode
Doing random r/w test
Initializing worker threads...

Threads started!


File operations:
    reads/s:                      81.94
    writes/s:                     54.63
    fsyncs/s:                     173.42

Throughput:
    read, MiB/s:                  1.28
    written, MiB/s:               0.85

General statistics:
    total time:                          60.0389s
    total number of events:              18612

Latency (ms):
         min:                                  0.00
         avg:                                  3.22
         max:                                148.65
         95th percentile:                     14.73
         sum:                              59953.30

Threads fairness:
    events (avg/stddev):           18612.0000/0.00
    execution time (avg/stddev):   59.9533/0.00

sysbench 1.0.11 (using system LuaJIT 2.1.0-beta3)

Running the test with following options:
Number of threads: 1
Initializing random number generator from current time


Extra file open flags: 0
128 files, 16MiB each
2GiB total file size
Block size 16KiB
Number of IO requests: 0
Read/Write ratio for combined random IO test: 1.50
Periodic FSYNC enabled, calling fsync() each 100 requests.
Calling fsync() at the end of test, Enabled.
Using synchronous I/O mode
Doing random r/w test
Initializing worker threads...

Threads started!


File operations:
    reads/s:                      82.96
    writes/s:                     55.31
    fsyncs/s:                     176.56

Throughput:
    read, MiB/s:                  1.30
    written, MiB/s:               0.86

General statistics:
    total time:                          60.0290s
    total number of events:              18899

Latency (ms):
         min:                                  0.00
         avg:                                  3.17
         max:                                160.34
         95th percentile:                     13.95
         sum:                              59955.57

Threads fairness:
    events (avg/stddev):           18899.0000/0.00
    execution time (avg/stddev):   59.9556/0.00

sysbench 1.0.11 (using system LuaJIT 2.1.0-beta3)

Running the test with following options:
Number of threads: 1
Initializing random number generator from current time


Extra file open flags: 0
128 files, 16MiB each
2GiB total file size
Block size 16KiB
Number of IO requests: 0
Read/Write ratio for combined random IO test: 1.50
Periodic FSYNC enabled, calling fsync() each 100 requests.
Calling fsync() at the end of test, Enabled.
Using synchronous I/O mode
Doing random r/w test
Initializing worker threads...

Threads started!


File operations:
    reads/s:                      80.96
    writes/s:                     53.97
    fsyncs/s:                     172.08

Throughput:
    read, MiB/s:                  1.26
    written, MiB/s:               0.84

General statistics:
    total time:                          60.0275s
    total number of events:              18430

Latency (ms):
         min:                                  0.00
         avg:                                  3.25
         max:                                116.39
         95th percentile:                     14.21
         sum:                              59954.23

Threads fairness:
    events (avg/stddev):           18430.0000/0.00
    execution time (avg/stddev):   59.9542/0.00

sysbench 1.0.11 (using system LuaJIT 2.1.0-beta3)

Running the test with following options:
Number of threads: 1
Initializing random number generator from current time


Extra file open flags: 0
128 files, 16MiB each
2GiB total file size
Block size 16KiB
Number of IO requests: 0
Read/Write ratio for combined random IO test: 1.50
Periodic FSYNC enabled, calling fsync() each 100 requests.
Calling fsync() at the end of test, Enabled.
Using synchronous I/O mode
Doing random r/w test
Initializing worker threads...

Threads started!


File operations:
    reads/s:                      83.85
    writes/s:                     55.90
    fsyncs/s:                     177.43

Throughput:
    read, MiB/s:                  1.31
    written, MiB/s:               0.87

General statistics:
    total time:                          60.1068s
    total number of events:              19065

Latency (ms):
         min:                                  0.00
         avg:                                  3.14
         max:                                129.57
         95th percentile:                     14.46
         sum:                              59952.17

Threads fairness:
    events (avg/stddev):           19065.0000/0.00
    execution time (avg/stddev):   59.9522/0.00

sysbench 1.0.11 (using system LuaJIT 2.1.0-beta3)

Running the test with following options:
Number of threads: 1
Initializing random number generator from current time


Extra file open flags: 0
128 files, 16MiB each
2GiB total file size
Block size 16KiB
Number of IO requests: 0
Read/Write ratio for combined random IO test: 1.50
Periodic FSYNC enabled, calling fsync() each 100 requests.
Calling fsync() at the end of test, Enabled.
Using synchronous I/O mode
Doing random r/w test
Initializing worker threads...

Threads started!


File operations:
    reads/s:                      84.86
    writes/s:                     56.57
    fsyncs/s:                     179.05

Throughput:
    read, MiB/s:                  1.33
    written, MiB/s:               0.88

General statistics:
    total time:                          60.0951s
    total number of events:              19261

Latency (ms):
         min:                                  0.00
         avg:                                  3.11
         max:                                120.64
         95th percentile:                     12.98
         sum:                              59974.82

Threads fairness:
    events (avg/stddev):           19261.0000/0.00
    execution time (avg/stddev):   59.9748/0.00

sysbench 1.0.11 (using system LuaJIT 2.1.0-beta3)

Running the test with following options:
Number of threads: 1
Initializing random number generator from current time


Extra file open flags: 0
128 files, 16MiB each
2GiB total file size
Block size 16KiB
Number of IO requests: 0
Read/Write ratio for combined random IO test: 1.50
Periodic FSYNC enabled, calling fsync() each 100 requests.
Calling fsync() at the end of test, Enabled.
Using synchronous I/O mode
Doing random r/w test
Initializing worker threads...

Threads started!


File operations:
    reads/s:                      81.91
    writes/s:                     54.61
    fsyncs/s:                     172.67

Throughput:
    read, MiB/s:                  1.28
    written, MiB/s:               0.85

General statistics:
    total time:                          60.0660s
    total number of events:              18572

Latency (ms):
         min:                                  0.00
         avg:                                  3.23
         max:                                131.28
         95th percentile:                     16.12
         sum:                              59926.13

Threads fairness:
    events (avg/stddev):           18572.0000/0.00
    execution time (avg/stddev):   59.9261/0.00

sysbench 1.0.11 (using system LuaJIT 2.1.0-beta3)

Running the test with following options:
Number of threads: 1
Initializing random number generator from current time


Extra file open flags: 0
128 files, 16MiB each
2GiB total file size
Block size 16KiB
Number of IO requests: 0
Read/Write ratio for combined random IO test: 1.50
Periodic FSYNC enabled, calling fsync() each 100 requests.
Calling fsync() at the end of test, Enabled.
Using synchronous I/O mode
Doing random r/w test
Initializing worker threads...

Threads started!


File operations:
    reads/s:                      82.07
    writes/s:                     54.71
    fsyncs/s:                     174.86

Throughput:
    read, MiB/s:                  1.28
    written, MiB/s:               0.85

General statistics:
    total time:                          60.0227s
    total number of events:              18706

Latency (ms):
         min:                                  0.00
         avg:                                  3.21
         max:                                129.91
         95th percentile:                     15.27
         sum:                              59954.27

Threads fairness:
    events (avg/stddev):           18706.0000/0.00
    execution time (avg/stddev):   59.9543/0.00

sysbench 1.0.11 (using system LuaJIT 2.1.0-beta3)

Running the test with following options:
Number of threads: 1
Initializing random number generator from current time


Extra file open flags: 0
128 files, 16MiB each
2GiB total file size
Block size 16KiB
Number of IO requests: 0
Read/Write ratio for combined random IO test: 1.50
Periodic FSYNC enabled, calling fsync() each 100 requests.
Calling fsync() at the end of test, Enabled.
Using synchronous I/O mode
Doing random r/w test
Initializing worker threads...

Threads started!


File operations:
    reads/s:                      80.99
    writes/s:                     53.99
    fsyncs/s:                     171.32

Throughput:
    read, MiB/s:                  1.27
    written, MiB/s:               0.84

General statistics:
    total time:                          60.0086s
    total number of events:              18381

Latency (ms):
         min:                                  0.00
         avg:                                  3.26
         max:                                115.50
         95th percentile:                     14.73
         sum:                              59936.49

Threads fairness:
    events (avg/stddev):           18381.0000/0.00
    execution time (avg/stddev):   59.9365/0.00

sysbench 1.0.11 (using system LuaJIT 2.1.0-beta3)

Running the test with following options:
Number of threads: 1
Initializing random number generator from current time


Extra file open flags: 0
128 files, 16MiB each
2GiB total file size
Block size 16KiB
Number of IO requests: 0
Read/Write ratio for combined random IO test: 1.50
Periodic FSYNC enabled, calling fsync() each 100 requests.
Calling fsync() at the end of test, Enabled.
Using synchronous I/O mode
Doing random r/w test
Initializing worker threads...

Threads started!


File operations:
    reads/s:                      82.91
    writes/s:                     55.27
    fsyncs/s:                     174.79

Throughput:
    read, MiB/s:                  1.30
    written, MiB/s:               0.86

General statistics:
    total time:                          60.0660s
    total number of events:              18799

Latency (ms):
         min:                                  0.00
         avg:                                  3.19
         max:                                113.10
         95th percentile:                     15.00
         sum:                              59986.77

Threads fairness:
    events (avg/stddev):           18799.0000/0.00
    execution time (avg/stddev):   59.9868/0.00

sysbench 1.0.11 (using system LuaJIT 2.1.0-beta3)

Running the test with following options:
Number of threads: 1
Initializing random number generator from current time


Extra file open flags: 0
128 files, 16MiB each
2GiB total file size
Block size 16KiB
Number of IO requests: 0
Read/Write ratio for combined random IO test: 1.50
Periodic FSYNC enabled, calling fsync() each 100 requests.
Calling fsync() at the end of test, Enabled.
Using synchronous I/O mode
Doing random r/w test
Initializing worker threads...

Threads started!


File operations:
    reads/s:                      81.96
    writes/s:                     54.64
    fsyncs/s:                     173.31

Throughput:
    read, MiB/s:                  1.28
    written, MiB/s:               0.85

General statistics:
    total time:                          60.0245s
    total number of events:              18603

Latency (ms):
         min:                                  0.00
         avg:                                  3.22
         max:                                119.67
         95th percentile:                     13.70
         sum:                              59946.79

Threads fairness:
    events (avg/stddev):           18603.0000/0.00
    execution time (avg/stddev):   59.9468/0.00

sysbench 1.0.11 (using system LuaJIT 2.1.0-beta3)

Running the test with following options:
Number of threads: 1
Initializing random number generator from current time


Extra file open flags: 0
128 files, 16MiB each
2GiB total file size
Block size 16KiB
Number of IO requests: 0
Read/Write ratio for combined random IO test: 1.50
Periodic FSYNC enabled, calling fsync() each 100 requests.
Calling fsync() at the end of test, Enabled.
Using synchronous I/O mode
Doing random r/w test
Initializing worker threads...

Threads started!


File operations:
    reads/s:                      82.94
    writes/s:                     55.30
    fsyncs/s:                     176.55

Throughput:
    read, MiB/s:                  1.30
    written, MiB/s:               0.86

General statistics:
    total time:                          60.0395s
    total number of events:              18900

Latency (ms):
         min:                                  0.00
         avg:                                  3.17
         max:                                112.13
         95th percentile:                     14.21
         sum:                              59947.84

Threads fairness:
    events (avg/stddev):           18900.0000/0.00
    execution time (avg/stddev):   59.9478/0.00

sysbench 1.0.11 (using system LuaJIT 2.1.0-beta3)

Running the test with following options:
Number of threads: 1
Initializing random number generator from current time


Extra file open flags: 0
128 files, 16MiB each
2GiB total file size
Block size 16KiB
Number of IO requests: 0
Read/Write ratio for combined random IO test: 1.50
Periodic FSYNC enabled, calling fsync() each 100 requests.
Calling fsync() at the end of test, Enabled.
Using synchronous I/O mode
Doing random r/w test
Initializing worker threads...

Threads started!


File operations:
    reads/s:                      82.79
    writes/s:                     55.19
    fsyncs/s:                     174.84

Throughput:
    read, MiB/s:                  1.29
    written, MiB/s:               0.86

General statistics:
    total time:                          60.0291s
    total number of events:              18779

Latency (ms):
         min:                                  0.00
         avg:                                  3.19
         max:                                119.33
         95th percentile:                     13.95
         sum:                              59945.19

Threads fairness:
    events (avg/stddev):           18779.0000/0.00
    execution time (avg/stddev):   59.9452/0.00

sysbench 1.0.11 (using system LuaJIT 2.1.0-beta3)

Running the test with following options:
Number of threads: 1
Initializing random number generator from current time


Extra file open flags: 0
128 files, 16MiB each
2GiB total file size
Block size 16KiB
Number of IO requests: 0
Read/Write ratio for combined random IO test: 1.50
Periodic FSYNC enabled, calling fsync() each 100 requests.
Calling fsync() at the end of test, Enabled.
Using synchronous I/O mode
Doing random r/w test
Initializing worker threads...

Threads started!


File operations:
    reads/s:                      81.96
    writes/s:                     54.64
    fsyncs/s:                     174.18

Throughput:
    read, MiB/s:                  1.28
    written, MiB/s:               0.85

General statistics:
    total time:                          60.0288s
    total number of events:              18656

Latency (ms):
         min:                                  0.00
         avg:                                  3.21
         max:                                113.77
         95th percentile:                     15.00
         sum:                              59939.27

Threads fairness:
    events (avg/stddev):           18656.0000/0.00
    execution time (avg/stddev):   59.9393/0.00

sysbench 1.0.11 (using system LuaJIT 2.1.0-beta3)

Running the test with following options:
Number of threads: 1
Initializing random number generator from current time


Extra file open flags: 0
128 files, 16MiB each
2GiB total file size
Block size 16KiB
Number of IO requests: 0
Read/Write ratio for combined random IO test: 1.50
Periodic FSYNC enabled, calling fsync() each 100 requests.
Calling fsync() at the end of test, Enabled.
Using synchronous I/O mode
Doing random r/w test
Initializing worker threads...

Threads started!


File operations:
    reads/s:                      83.93
    writes/s:                     55.95
    fsyncs/s:                     176.96

Throughput:
    read, MiB/s:                  1.31
    written, MiB/s:               0.87

General statistics:
    total time:                          60.0491s
    total number of events:              19027

Latency (ms):
         min:                                  0.00
         avg:                                  3.15
         max:                                118.73
         95th percentile:                     14.21
         sum:                              59958.71

Threads fairness:
    events (avg/stddev):           19027.0000/0.00
    execution time (avg/stddev):   59.9587/0.00

sysbench 1.0.11 (using system LuaJIT 2.1.0-beta3)

Running the test with following options:
Number of threads: 1
Initializing random number generator from current time


Extra file open flags: 0
128 files, 16MiB each
2GiB total file size
Block size 16KiB
Number of IO requests: 0
Read/Write ratio for combined random IO test: 1.50
Periodic FSYNC enabled, calling fsync() each 100 requests.
Calling fsync() at the end of test, Enabled.
Using synchronous I/O mode
Doing random r/w test
Initializing worker threads...

Threads started!


File operations:
    reads/s:                      83.93
    writes/s:                     55.95
    fsyncs/s:                     177.83

Throughput:
    read, MiB/s:                  1.31
    written, MiB/s:               0.87

General statistics:
    total time:                          60.0446s
    total number of events:              19079

Latency (ms):
         min:                                  0.00
         avg:                                  3.14
         max:                                127.26
         95th percentile:                     14.21
         sum:                              59944.58

Threads fairness:
    events (avg/stddev):           19079.0000/0.00
    execution time (avg/stddev):   59.9446/0.00

sysbench 1.0.11 (using system LuaJIT 2.1.0-beta3)

Running the test with following options:
Number of threads: 1
Initializing random number generator from current time


Extra file open flags: 0
128 files, 16MiB each
2GiB total file size
Block size 16KiB
Number of IO requests: 0
Read/Write ratio for combined random IO test: 1.50
Periodic FSYNC enabled, calling fsync() each 100 requests.
Calling fsync() at the end of test, Enabled.
Using synchronous I/O mode
Doing random r/w test
Initializing worker threads...

Threads started!


File operations:
    reads/s:                      83.97
    writes/s:                     55.98
    fsyncs/s:                     178.06

Throughput:
    read, MiB/s:                  1.31
    written, MiB/s:               0.87

General statistics:
    total time:                          60.0179s
    total number of events:              19087

Latency (ms):
         min:                                  0.00
         avg:                                  3.14
         max:                                155.88
         95th percentile:                     13.70
         sum:                              59944.78

Threads fairness:
    events (avg/stddev):           19087.0000/0.00
    execution time (avg/stddev):   59.9448/0.00

sysbench 1.0.11 (using system LuaJIT 2.1.0-beta3)

Running the test with following options:
Number of threads: 1
Initializing random number generator from current time


Extra file open flags: 0
128 files, 16MiB each
2GiB total file size
Block size 16KiB
Number of IO requests: 0
Read/Write ratio for combined random IO test: 1.50
Periodic FSYNC enabled, calling fsync() each 100 requests.
Calling fsync() at the end of test, Enabled.
Using synchronous I/O mode
Doing random r/w test
Initializing worker threads...

Threads started!


File operations:
    reads/s:                      81.96
    writes/s:                     54.64
    fsyncs/s:                     174.62

Throughput:
    read, MiB/s:                  1.28
    written, MiB/s:               0.85

General statistics:
    total time:                          60.0260s
    total number of events:              18682

Latency (ms):
         min:                                  0.00
         avg:                                  3.21
         max:                                118.92
         95th percentile:                     13.46
         sum:                              59947.31

Threads fairness:
    events (avg/stddev):           18682.0000/0.00
    execution time (avg/stddev):   59.9473/0.00

sysbench 1.0.11 (using system LuaJIT 2.1.0-beta3)

Running the test with following options:
Number of threads: 1
Initializing random number generator from current time


Extra file open flags: 0
128 files, 16MiB each
2GiB total file size
Block size 16KiB
Number of IO requests: 0
Read/Write ratio for combined random IO test: 1.50
Periodic FSYNC enabled, calling fsync() each 100 requests.
Calling fsync() at the end of test, Enabled.
Using synchronous I/O mode
Doing random r/w test
Initializing worker threads...

Threads started!


File operations:
    reads/s:                      82.84
    writes/s:                     55.22
    fsyncs/s:                     175.22

Throughput:
    read, MiB/s:                  1.29
    written, MiB/s:               0.86

General statistics:
    total time:                          60.1166s
    total number of events:              18834

Latency (ms):
         min:                                  0.00
         avg:                                  3.18
         max:                                159.14
         95th percentile:                     15.83
         sum:                              59944.11

Threads fairness:
    events (avg/stddev):           18834.0000/0.00
    execution time (avg/stddev):   59.9441/0.00

