sysbench 1.0.11 (using system LuaJIT 2.1.0-beta3)

Running the test with following options:
Number of threads: 1
Initializing random number generator from current time


Extra file open flags: 0
128 files, 16MiB each
2GiB total file size
Block size 16KiB
Number of IO requests: 0
Read/Write ratio for combined random IO test: 1.50
Periodic FSYNC enabled, calling fsync() each 100 requests.
Calling fsync() at the end of test, Enabled.
Using synchronous I/O mode
Doing random r/w test
Initializing worker threads...

Threads started!


File operations:
    reads/s:                      81.04
    writes/s:                     54.01
    fsyncs/s:                     172.73

Throughput:
    read, MiB/s:                  1.27
    written, MiB/s:               0.84

General statistics:
    total time:                          60.0008s
    total number of events:              18474

Latency (ms):
         min:                                  0.00
         avg:                                  3.24
         max:                                109.69
         95th percentile:                     13.95
         sum:                              59942.15

Threads fairness:
    events (avg/stddev):           18474.0000/0.00
    execution time (avg/stddev):   59.9421/0.00

sysbench 1.0.11 (using system LuaJIT 2.1.0-beta3)

Running the test with following options:
Number of threads: 1
Initializing random number generator from current time


Extra file open flags: 0
128 files, 16MiB each
2GiB total file size
Block size 16KiB
Number of IO requests: 0
Read/Write ratio for combined random IO test: 1.50
Periodic FSYNC enabled, calling fsync() each 100 requests.
Calling fsync() at the end of test, Enabled.
Using synchronous I/O mode
Doing random r/w test
Initializing worker threads...

Threads started!


File operations:
    reads/s:                      82.99
    writes/s:                     55.33
    fsyncs/s:                     175.39

Throughput:
    read, MiB/s:                  1.30
    written, MiB/s:               0.86

General statistics:
    total time:                          60.0003s
    total number of events:              18824

Latency (ms):
         min:                                  0.00
         avg:                                  3.18
         max:                                109.10
         95th percentile:                     13.95
         sum:                              59944.30

Threads fairness:
    events (avg/stddev):           18824.0000/0.00
    execution time (avg/stddev):   59.9443/0.00

sysbench 1.0.11 (using system LuaJIT 2.1.0-beta3)

Running the test with following options:
Number of threads: 1
Initializing random number generator from current time


Extra file open flags: 0
128 files, 16MiB each
2GiB total file size
Block size 16KiB
Number of IO requests: 0
Read/Write ratio for combined random IO test: 1.50
Periodic FSYNC enabled, calling fsync() each 100 requests.
Calling fsync() at the end of test, Enabled.
Using synchronous I/O mode
Doing random r/w test
Initializing worker threads...

Threads started!


File operations:
    reads/s:                      82.99
    writes/s:                     55.33
    fsyncs/s:                     175.53

Throughput:
    read, MiB/s:                  1.30
    written, MiB/s:               0.86

General statistics:
    total time:                          60.0043s
    total number of events:              18833

Latency (ms):
         min:                                  0.00
         avg:                                  3.18
         max:                                109.21
         95th percentile:                     12.75
         sum:                              59948.12

Threads fairness:
    events (avg/stddev):           18833.0000/0.00
    execution time (avg/stddev):   59.9481/0.00

sysbench 1.0.11 (using system LuaJIT 2.1.0-beta3)

Running the test with following options:
Number of threads: 1
Initializing random number generator from current time


Extra file open flags: 0
128 files, 16MiB each
2GiB total file size
Block size 16KiB
Number of IO requests: 0
Read/Write ratio for combined random IO test: 1.50
Periodic FSYNC enabled, calling fsync() each 100 requests.
Calling fsync() at the end of test, Enabled.
Using synchronous I/O mode
Doing random r/w test
Initializing worker threads...

Threads started!


File operations:
    reads/s:                      80.98
    writes/s:                     53.98
    fsyncs/s:                     172.73

Throughput:
    read, MiB/s:                  1.27
    written, MiB/s:               0.84

General statistics:
    total time:                          60.0138s
    total number of events:              18469

Latency (ms):
         min:                                  0.00
         avg:                                  3.25
         max:                                100.57
         95th percentile:                     13.95
         sum:                              59962.91

Threads fairness:
    events (avg/stddev):           18469.0000/0.00
    execution time (avg/stddev):   59.9629/0.00

sysbench 1.0.11 (using system LuaJIT 2.1.0-beta3)

Running the test with following options:
Number of threads: 1
Initializing random number generator from current time


Extra file open flags: 0
128 files, 16MiB each
2GiB total file size
Block size 16KiB
Number of IO requests: 0
Read/Write ratio for combined random IO test: 1.50
Periodic FSYNC enabled, calling fsync() each 100 requests.
Calling fsync() at the end of test, Enabled.
Using synchronous I/O mode
Doing random r/w test
Initializing worker threads...

Threads started!


File operations:
    reads/s:                      82.18
    writes/s:                     54.78
    fsyncs/s:                     174.88

Throughput:
    read, MiB/s:                  1.28
    written, MiB/s:               0.86

General statistics:
    total time:                          60.0154s
    total number of events:              18716

Latency (ms):
         min:                                  0.00
         avg:                                  3.20
         max:                                124.30
         95th percentile:                     14.21
         sum:                              59931.96

Threads fairness:
    events (avg/stddev):           18716.0000/0.00
    execution time (avg/stddev):   59.9320/0.00

sysbench 1.0.11 (using system LuaJIT 2.1.0-beta3)

Running the test with following options:
Number of threads: 1
Initializing random number generator from current time


Extra file open flags: 0
128 files, 16MiB each
2GiB total file size
Block size 16KiB
Number of IO requests: 0
Read/Write ratio for combined random IO test: 1.50
Periodic FSYNC enabled, calling fsync() each 100 requests.
Calling fsync() at the end of test, Enabled.
Using synchronous I/O mode
Doing random r/w test
Initializing worker threads...

Threads started!


File operations:
    reads/s:                      81.98
    writes/s:                     54.66
    fsyncs/s:                     174.28

Throughput:
    read, MiB/s:                  1.28
    written, MiB/s:               0.85

General statistics:
    total time:                          60.0105s
    total number of events:              18659

Latency (ms):
         min:                                  0.00
         avg:                                  3.21
         max:                                182.85
         95th percentile:                     14.73
         sum:                              59936.43

Threads fairness:
    events (avg/stddev):           18659.0000/0.00
    execution time (avg/stddev):   59.9364/0.00

sysbench 1.0.11 (using system LuaJIT 2.1.0-beta3)

Running the test with following options:
Number of threads: 1
Initializing random number generator from current time


Extra file open flags: 0
128 files, 16MiB each
2GiB total file size
Block size 16KiB
Number of IO requests: 0
Read/Write ratio for combined random IO test: 1.50
Periodic FSYNC enabled, calling fsync() each 100 requests.
Calling fsync() at the end of test, Enabled.
Using synchronous I/O mode
Doing random r/w test
Initializing worker threads...

Threads started!


File operations:
    reads/s:                      82.90
    writes/s:                     55.26
    fsyncs/s:                     174.75

Throughput:
    read, MiB/s:                  1.30
    written, MiB/s:               0.86

General statistics:
    total time:                          60.0741s
    total number of events:              18798

Latency (ms):
         min:                                  0.00
         avg:                                  3.19
         max:                                139.90
         95th percentile:                     13.95
         sum:                              59968.19

Threads fairness:
    events (avg/stddev):           18798.0000/0.00
    execution time (avg/stddev):   59.9682/0.00

sysbench 1.0.11 (using system LuaJIT 2.1.0-beta3)

Running the test with following options:
Number of threads: 1
Initializing random number generator from current time


Extra file open flags: 0
128 files, 16MiB each
2GiB total file size
Block size 16KiB
Number of IO requests: 0
Read/Write ratio for combined random IO test: 1.50
Periodic FSYNC enabled, calling fsync() each 100 requests.
Calling fsync() at the end of test, Enabled.
Using synchronous I/O mode
Doing random r/w test
Initializing worker threads...

Threads started!


File operations:
    reads/s:                      81.94
    writes/s:                     54.63
    fsyncs/s:                     172.95

Throughput:
    read, MiB/s:                  1.28
    written, MiB/s:               0.85

General statistics:
    total time:                          60.0436s
    total number of events:              18585

Latency (ms):
         min:                                  0.00
         avg:                                  3.23
         max:                                121.77
         95th percentile:                     15.83
         sum:                              59943.97

Threads fairness:
    events (avg/stddev):           18585.0000/0.00
    execution time (avg/stddev):   59.9440/0.00

sysbench 1.0.11 (using system LuaJIT 2.1.0-beta3)

Running the test with following options:
Number of threads: 1
Initializing random number generator from current time


Extra file open flags: 0
128 files, 16MiB each
2GiB total file size
Block size 16KiB
Number of IO requests: 0
Read/Write ratio for combined random IO test: 1.50
Periodic FSYNC enabled, calling fsync() each 100 requests.
Calling fsync() at the end of test, Enabled.
Using synchronous I/O mode
Doing random r/w test
Initializing worker threads...

Threads started!


File operations:
    reads/s:                      81.94
    writes/s:                     54.62
    fsyncs/s:                     172.92

Throughput:
    read, MiB/s:                  1.28
    written, MiB/s:               0.85

General statistics:
    total time:                          60.0445s
    total number of events:              18583

Latency (ms):
         min:                                  0.00
         avg:                                  3.23
         max:                                118.06
         95th percentile:                     15.27
         sum:                              59955.33

Threads fairness:
    events (avg/stddev):           18583.0000/0.00
    execution time (avg/stddev):   59.9553/0.00

sysbench 1.0.11 (using system LuaJIT 2.1.0-beta3)

Running the test with following options:
Number of threads: 1
Initializing random number generator from current time


Extra file open flags: 0
128 files, 16MiB each
2GiB total file size
Block size 16KiB
Number of IO requests: 0
Read/Write ratio for combined random IO test: 1.50
Periodic FSYNC enabled, calling fsync() each 100 requests.
Calling fsync() at the end of test, Enabled.
Using synchronous I/O mode
Doing random r/w test
Initializing worker threads...

Threads started!


File operations:
    reads/s:                      80.92
    writes/s:                     53.94
    fsyncs/s:                     170.52

Throughput:
    read, MiB/s:                  1.26
    written, MiB/s:               0.84

General statistics:
    total time:                          60.0609s
    total number of events:              18342

Latency (ms):
         min:                                  0.00
         avg:                                  3.27
         max:                                114.71
         95th percentile:                     15.83
         sum:                              59947.67

Threads fairness:
    events (avg/stddev):           18342.0000/0.00
    execution time (avg/stddev):   59.9477/0.00

sysbench 1.0.11 (using system LuaJIT 2.1.0-beta3)

Running the test with following options:
Number of threads: 1
Initializing random number generator from current time


Extra file open flags: 0
128 files, 16MiB each
2GiB total file size
Block size 16KiB
Number of IO requests: 0
Read/Write ratio for combined random IO test: 1.50
Periodic FSYNC enabled, calling fsync() each 100 requests.
Calling fsync() at the end of test, Enabled.
Using synchronous I/O mode
Doing random r/w test
Initializing worker threads...

Threads started!


File operations:
    reads/s:                      79.98
    writes/s:                     53.32
    fsyncs/s:                     170.55

Throughput:
    read, MiB/s:                  1.25
    written, MiB/s:               0.83

General statistics:
    total time:                          60.0110s
    total number of events:              18235

Latency (ms):
         min:                                  0.00
         avg:                                  3.29
         max:                                116.26
         95th percentile:                     15.00
         sum:                              59939.09

Threads fairness:
    events (avg/stddev):           18235.0000/0.00
    execution time (avg/stddev):   59.9391/0.00

sysbench 1.0.11 (using system LuaJIT 2.1.0-beta3)

Running the test with following options:
Number of threads: 1
Initializing random number generator from current time


Extra file open flags: 0
128 files, 16MiB each
2GiB total file size
Block size 16KiB
Number of IO requests: 0
Read/Write ratio for combined random IO test: 1.50
Periodic FSYNC enabled, calling fsync() each 100 requests.
Calling fsync() at the end of test, Enabled.
Using synchronous I/O mode
Doing random r/w test
Initializing worker threads...

Threads started!


File operations:
    reads/s:                      79.95
    writes/s:                     53.30
    fsyncs/s:                     169.12

Throughput:
    read, MiB/s:                  1.25
    written, MiB/s:               0.83

General statistics:
    total time:                          60.0340s
    total number of events:              18153

Latency (ms):
         min:                                  0.01
         avg:                                  3.30
         max:                                129.23
         95th percentile:                     16.71
         sum:                              59956.01

Threads fairness:
    events (avg/stddev):           18153.0000/0.00
    execution time (avg/stddev):   59.9560/0.00

sysbench 1.0.11 (using system LuaJIT 2.1.0-beta3)

Running the test with following options:
Number of threads: 1
Initializing random number generator from current time


Extra file open flags: 0
128 files, 16MiB each
2GiB total file size
Block size 16KiB
Number of IO requests: 0
Read/Write ratio for combined random IO test: 1.50
Periodic FSYNC enabled, calling fsync() each 100 requests.
Calling fsync() at the end of test, Enabled.
Using synchronous I/O mode
Doing random r/w test
Initializing worker threads...

Threads started!


File operations:
    reads/s:                      81.77
    writes/s:                     54.51
    fsyncs/s:                     172.40

Throughput:
    read, MiB/s:                  1.28
    written, MiB/s:               0.85

General statistics:
    total time:                          60.1681s
    total number of events:              18573

Latency (ms):
         min:                                  0.00
         avg:                                  3.23
         max:                                132.77
         95th percentile:                     15.27
         sum:                              59963.61

Threads fairness:
    events (avg/stddev):           18573.0000/0.00
    execution time (avg/stddev):   59.9636/0.00

sysbench 1.0.11 (using system LuaJIT 2.1.0-beta3)

Running the test with following options:
Number of threads: 1
Initializing random number generator from current time


Extra file open flags: 0
128 files, 16MiB each
2GiB total file size
Block size 16KiB
Number of IO requests: 0
Read/Write ratio for combined random IO test: 1.50
Periodic FSYNC enabled, calling fsync() each 100 requests.
Calling fsync() at the end of test, Enabled.
Using synchronous I/O mode
Doing random r/w test
Initializing worker threads...

Threads started!


File operations:
    reads/s:                      82.05
    writes/s:                     54.70
    fsyncs/s:                     174.82

Throughput:
    read, MiB/s:                  1.28
    written, MiB/s:               0.85

General statistics:
    total time:                          60.0360s
    total number of events:              18706

Latency (ms):
         min:                                  0.01
         avg:                                  3.21
         max:                                112.26
         95th percentile:                     14.21
         sum:                              59952.75

Threads fairness:
    events (avg/stddev):           18706.0000/0.00
    execution time (avg/stddev):   59.9527/0.00

sysbench 1.0.11 (using system LuaJIT 2.1.0-beta3)

Running the test with following options:
Number of threads: 1
Initializing random number generator from current time


Extra file open flags: 0
128 files, 16MiB each
2GiB total file size
Block size 16KiB
Number of IO requests: 0
Read/Write ratio for combined random IO test: 1.50
Periodic FSYNC enabled, calling fsync() each 100 requests.
Calling fsync() at the end of test, Enabled.
Using synchronous I/O mode
Doing random r/w test
Initializing worker threads...

Threads started!


File operations:
    reads/s:                      80.91
    writes/s:                     53.94
    fsyncs/s:                     170.52

Throughput:
    read, MiB/s:                  1.26
    written, MiB/s:               0.84

General statistics:
    total time:                          60.0616s
    total number of events:              18342

Latency (ms):
         min:                                  0.00
         avg:                                  3.27
         max:                                107.10
         95th percentile:                     15.55
         sum:                              59935.58

Threads fairness:
    events (avg/stddev):           18342.0000/0.00
    execution time (avg/stddev):   59.9356/0.00

sysbench 1.0.11 (using system LuaJIT 2.1.0-beta3)

Running the test with following options:
Number of threads: 1
Initializing random number generator from current time


Extra file open flags: 0
128 files, 16MiB each
2GiB total file size
Block size 16KiB
Number of IO requests: 0
Read/Write ratio for combined random IO test: 1.50
Periodic FSYNC enabled, calling fsync() each 100 requests.
Calling fsync() at the end of test, Enabled.
Using synchronous I/O mode
Doing random r/w test
Initializing worker threads...

Threads started!


File operations:
    reads/s:                      82.98
    writes/s:                     55.32
    fsyncs/s:                     176.64

Throughput:
    read, MiB/s:                  1.30
    written, MiB/s:               0.86

General statistics:
    total time:                          60.0138s
    total number of events:              18901

Latency (ms):
         min:                                  0.01
         avg:                                  3.17
         max:                                107.43
         95th percentile:                     13.70
         sum:                              59950.47

Threads fairness:
    events (avg/stddev):           18901.0000/0.00
    execution time (avg/stddev):   59.9505/0.00

sysbench 1.0.11 (using system LuaJIT 2.1.0-beta3)

Running the test with following options:
Number of threads: 1
Initializing random number generator from current time


Extra file open flags: 0
128 files, 16MiB each
2GiB total file size
Block size 16KiB
Number of IO requests: 0
Read/Write ratio for combined random IO test: 1.50
Periodic FSYNC enabled, calling fsync() each 100 requests.
Calling fsync() at the end of test, Enabled.
Using synchronous I/O mode
Doing random r/w test
Initializing worker threads...

Threads started!


File operations:
    reads/s:                      82.97
    writes/s:                     55.31
    fsyncs/s:                     176.10

Throughput:
    read, MiB/s:                  1.30
    written, MiB/s:               0.86

General statistics:
    total time:                          60.0197s
    total number of events:              18870

Latency (ms):
         min:                                  0.00
         avg:                                  3.18
         max:                                125.30
         95th percentile:                     15.27
         sum:                              59941.50

Threads fairness:
    events (avg/stddev):           18870.0000/0.00
    execution time (avg/stddev):   59.9415/0.00

sysbench 1.0.11 (using system LuaJIT 2.1.0-beta3)

Running the test with following options:
Number of threads: 1
Initializing random number generator from current time


Extra file open flags: 0
128 files, 16MiB each
2GiB total file size
Block size 16KiB
Number of IO requests: 0
Read/Write ratio for combined random IO test: 1.50
Periodic FSYNC enabled, calling fsync() each 100 requests.
Calling fsync() at the end of test, Enabled.
Using synchronous I/O mode
Doing random r/w test
Initializing worker threads...

Threads started!


File operations:
    reads/s:                      80.91
    writes/s:                     53.94
    fsyncs/s:                     172.51

Throughput:
    read, MiB/s:                  1.26
    written, MiB/s:               0.84

General statistics:
    total time:                          60.0627s
    total number of events:              18462

Latency (ms):
         min:                                  0.00
         avg:                                  3.25
         max:                                131.32
         95th percentile:                     15.55
         sum:                              59948.92

Threads fairness:
    events (avg/stddev):           18462.0000/0.00
    execution time (avg/stddev):   59.9489/0.00

sysbench 1.0.11 (using system LuaJIT 2.1.0-beta3)

Running the test with following options:
Number of threads: 1
Initializing random number generator from current time


Extra file open flags: 0
128 files, 16MiB each
2GiB total file size
Block size 16KiB
Number of IO requests: 0
Read/Write ratio for combined random IO test: 1.50
Periodic FSYNC enabled, calling fsync() each 100 requests.
Calling fsync() at the end of test, Enabled.
Using synchronous I/O mode
Doing random r/w test
Initializing worker threads...

Threads started!


File operations:
    reads/s:                      83.94
    writes/s:                     55.96
    fsyncs/s:                     177.06

Throughput:
    read, MiB/s:                  1.31
    written, MiB/s:               0.87

General statistics:
    total time:                          60.0372s
    total number of events:              19031

Latency (ms):
         min:                                  0.00
         avg:                                  3.15
         max:                                176.93
         95th percentile:                     15.55
         sum:                              59937.85

Threads fairness:
    events (avg/stddev):           19031.0000/0.00
    execution time (avg/stddev):   59.9379/0.00

sysbench 1.0.11 (using system LuaJIT 2.1.0-beta3)

Running the test with following options:
Number of threads: 1
Initializing random number generator from current time


Extra file open flags: 0
128 files, 16MiB each
2GiB total file size
Block size 16KiB
Number of IO requests: 0
Read/Write ratio for combined random IO test: 1.50
Periodic FSYNC enabled, calling fsync() each 100 requests.
Calling fsync() at the end of test, Enabled.
Using synchronous I/O mode
Doing random r/w test
Initializing worker threads...

Threads started!


File operations:
    reads/s:                      81.00
    writes/s:                     54.00
    fsyncs/s:                     172.76

Throughput:
    read, MiB/s:                  1.27
    written, MiB/s:               0.84

General statistics:
    total time:                          60.0003s
    total number of events:              18466

Latency (ms):
         min:                                  0.00
         avg:                                  3.25
         max:                                123.46
         95th percentile:                     14.73
         sum:                              59934.82

Threads fairness:
    events (avg/stddev):           18466.0000/0.00
    execution time (avg/stddev):   59.9348/0.00

sysbench 1.0.11 (using system LuaJIT 2.1.0-beta3)

Running the test with following options:
Number of threads: 1
Initializing random number generator from current time


Extra file open flags: 0
128 files, 16MiB each
2GiB total file size
Block size 16KiB
Number of IO requests: 0
Read/Write ratio for combined random IO test: 1.50
Periodic FSYNC enabled, calling fsync() each 100 requests.
Calling fsync() at the end of test, Enabled.
Using synchronous I/O mode
Doing random r/w test
Initializing worker threads...

Threads started!


File operations:
    reads/s:                      81.95
    writes/s:                     54.63
    fsyncs/s:                     173.32

Throughput:
    read, MiB/s:                  1.28
    written, MiB/s:               0.85

General statistics:
    total time:                          60.0379s
    total number of events:              18606

Latency (ms):
         min:                                  0.00
         avg:                                  3.22
         max:                                113.11
         95th percentile:                     15.83
         sum:                              59961.57

Threads fairness:
    events (avg/stddev):           18606.0000/0.00
    execution time (avg/stddev):   59.9616/0.00

sysbench 1.0.11 (using system LuaJIT 2.1.0-beta3)

Running the test with following options:
Number of threads: 1
Initializing random number generator from current time


Extra file open flags: 0
128 files, 16MiB each
2GiB total file size
Block size 16KiB
Number of IO requests: 0
Read/Write ratio for combined random IO test: 1.50
Periodic FSYNC enabled, calling fsync() each 100 requests.
Calling fsync() at the end of test, Enabled.
Using synchronous I/O mode
Doing random r/w test
Initializing worker threads...

Threads started!


File operations:
    reads/s:                      80.98
    writes/s:                     53.99
    fsyncs/s:                     172.55

Throughput:
    read, MiB/s:                  1.27
    written, MiB/s:               0.84

General statistics:
    total time:                          60.0857s
    total number of events:              18478

Latency (ms):
         min:                                  0.00
         avg:                                  3.24
         max:                                119.48
         95th percentile:                     14.46
         sum:                              59947.08

Threads fairness:
    events (avg/stddev):           18478.0000/0.00
    execution time (avg/stddev):   59.9471/0.00

sysbench 1.0.11 (using system LuaJIT 2.1.0-beta3)

Running the test with following options:
Number of threads: 1
Initializing random number generator from current time


Extra file open flags: 0
128 files, 16MiB each
2GiB total file size
Block size 16KiB
Number of IO requests: 0
Read/Write ratio for combined random IO test: 1.50
Periodic FSYNC enabled, calling fsync() each 100 requests.
Calling fsync() at the end of test, Enabled.
Using synchronous I/O mode
Doing random r/w test
Initializing worker threads...

Threads started!


File operations:
    reads/s:                      84.94
    writes/s:                     56.63
    fsyncs/s:                     181.10

Throughput:
    read, MiB/s:                  1.33
    written, MiB/s:               0.88

General statistics:
    total time:                          60.0746s
    total number of events:              19385

Latency (ms):
         min:                                  0.00
         avg:                                  3.09
         max:                                127.75
         95th percentile:                     12.98
         sum:                              59964.63

Threads fairness:
    events (avg/stddev):           19385.0000/0.00
    execution time (avg/stddev):   59.9646/0.00

sysbench 1.0.11 (using system LuaJIT 2.1.0-beta3)

Running the test with following options:
Number of threads: 1
Initializing random number generator from current time


Extra file open flags: 0
128 files, 16MiB each
2GiB total file size
Block size 16KiB
Number of IO requests: 0
Read/Write ratio for combined random IO test: 1.50
Periodic FSYNC enabled, calling fsync() each 100 requests.
Calling fsync() at the end of test, Enabled.
Using synchronous I/O mode
Doing random r/w test
Initializing worker threads...

Threads started!


File operations:
    reads/s:                      82.89
    writes/s:                     55.26
    fsyncs/s:                     174.73

Throughput:
    read, MiB/s:                  1.30
    written, MiB/s:               0.86

General statistics:
    total time:                          60.0796s
    total number of events:              18798

Latency (ms):
         min:                                  0.00
         avg:                                  3.19
         max:                                114.61
         95th percentile:                     15.27
         sum:                              59965.46

Threads fairness:
    events (avg/stddev):           18798.0000/0.00
    execution time (avg/stddev):   59.9655/0.00

sysbench 1.0.11 (using system LuaJIT 2.1.0-beta3)

Running the test with following options:
Number of threads: 1
Initializing random number generator from current time


Extra file open flags: 0
128 files, 16MiB each
2GiB total file size
Block size 16KiB
Number of IO requests: 0
Read/Write ratio for combined random IO test: 1.50
Periodic FSYNC enabled, calling fsync() each 100 requests.
Calling fsync() at the end of test, Enabled.
Using synchronous I/O mode
Doing random r/w test
Initializing worker threads...

Threads started!


File operations:
    reads/s:                      83.90
    writes/s:                     55.94
    fsyncs/s:                     177.66

Throughput:
    read, MiB/s:                  1.31
    written, MiB/s:               0.87

General statistics:
    total time:                          60.0674s
    total number of events:              19072

Latency (ms):
         min:                                  0.00
         avg:                                  3.14
         max:                                120.14
         95th percentile:                     14.21
         sum:                              59945.24

Threads fairness:
    events (avg/stddev):           19072.0000/0.00
    execution time (avg/stddev):   59.9452/0.00

sysbench 1.0.11 (using system LuaJIT 2.1.0-beta3)

Running the test with following options:
Number of threads: 1
Initializing random number generator from current time


Extra file open flags: 0
128 files, 16MiB each
2GiB total file size
Block size 16KiB
Number of IO requests: 0
Read/Write ratio for combined random IO test: 1.50
Periodic FSYNC enabled, calling fsync() each 100 requests.
Calling fsync() at the end of test, Enabled.
Using synchronous I/O mode
Doing random r/w test
Initializing worker threads...

Threads started!


File operations:
    reads/s:                      84.94
    writes/s:                     56.63
    fsyncs/s:                     179.50

Throughput:
    read, MiB/s:                  1.33
    written, MiB/s:               0.88

General statistics:
    total time:                          60.0376s
    total number of events:              19277

Latency (ms):
         min:                                  0.00
         avg:                                  3.11
         max:                                118.69
         95th percentile:                     13.46
         sum:                              59944.96

Threads fairness:
    events (avg/stddev):           19277.0000/0.00
    execution time (avg/stddev):   59.9450/0.00

sysbench 1.0.11 (using system LuaJIT 2.1.0-beta3)

Running the test with following options:
Number of threads: 1
Initializing random number generator from current time


Extra file open flags: 0
128 files, 16MiB each
2GiB total file size
Block size 16KiB
Number of IO requests: 0
Read/Write ratio for combined random IO test: 1.50
Periodic FSYNC enabled, calling fsync() each 100 requests.
Calling fsync() at the end of test, Enabled.
Using synchronous I/O mode
Doing random r/w test
Initializing worker threads...

Threads started!


File operations:
    reads/s:                      82.85
    writes/s:                     55.23
    fsyncs/s:                     176.63

Throughput:
    read, MiB/s:                  1.29
    written, MiB/s:               0.86

General statistics:
    total time:                          60.1465s
    total number of events:              18929

Latency (ms):
         min:                                  0.00
         avg:                                  3.17
         max:                                127.26
         95th percentile:                     14.73
         sum:                              59973.14

Threads fairness:
    events (avg/stddev):           18929.0000/0.00
    execution time (avg/stddev):   59.9731/0.00

sysbench 1.0.11 (using system LuaJIT 2.1.0-beta3)

Running the test with following options:
Number of threads: 1
Initializing random number generator from current time


Extra file open flags: 0
128 files, 16MiB each
2GiB total file size
Block size 16KiB
Number of IO requests: 0
Read/Write ratio for combined random IO test: 1.50
Periodic FSYNC enabled, calling fsync() each 100 requests.
Calling fsync() at the end of test, Enabled.
Using synchronous I/O mode
Doing random r/w test
Initializing worker threads...

Threads started!


File operations:
    reads/s:                      85.94
    writes/s:                     57.29
    fsyncs/s:                     181.37

Throughput:
    read, MiB/s:                  1.34
    written, MiB/s:               0.90

General statistics:
    total time:                          60.0427s
    total number of events:              19490

Latency (ms):
         min:                                  0.00
         avg:                                  3.08
         max:                                119.79
         95th percentile:                     12.98
         sum:                              59956.03

Threads fairness:
    events (avg/stddev):           19490.0000/0.00
    execution time (avg/stddev):   59.9560/0.00

sysbench 1.0.11 (using system LuaJIT 2.1.0-beta3)

Running the test with following options:
Number of threads: 1
Initializing random number generator from current time


Extra file open flags: 0
128 files, 16MiB each
2GiB total file size
Block size 16KiB
Number of IO requests: 0
Read/Write ratio for combined random IO test: 1.50
Periodic FSYNC enabled, calling fsync() each 100 requests.
Calling fsync() at the end of test, Enabled.
Using synchronous I/O mode
Doing random r/w test
Initializing worker threads...

Threads started!


File operations:
    reads/s:                      82.98
    writes/s:                     55.32
    fsyncs/s:                     176.35

Throughput:
    read, MiB/s:                  1.30
    written, MiB/s:               0.86

General statistics:
    total time:                          60.0143s
    total number of events:              18884

Latency (ms):
         min:                                  0.00
         avg:                                  3.17
         max:                                124.93
         95th percentile:                     12.75
         sum:                              59946.80

Threads fairness:
    events (avg/stddev):           18884.0000/0.00
    execution time (avg/stddev):   59.9468/0.00

sysbench 1.0.11 (using system LuaJIT 2.1.0-beta3)

Running the test with following options:
Number of threads: 1
Initializing random number generator from current time


Extra file open flags: 0
128 files, 16MiB each
2GiB total file size
Block size 16KiB
Number of IO requests: 0
Read/Write ratio for combined random IO test: 1.50
Periodic FSYNC enabled, calling fsync() each 100 requests.
Calling fsync() at the end of test, Enabled.
Using synchronous I/O mode
Doing random r/w test
Initializing worker threads...

Threads started!


File operations:
    reads/s:                      81.95
    writes/s:                     54.64
    fsyncs/s:                     174.70

Throughput:
    read, MiB/s:                  1.28
    written, MiB/s:               0.85

General statistics:
    total time:                          60.0317s
    total number of events:              18688

Latency (ms):
         min:                                  0.00
         avg:                                  3.21
         max:                                148.35
         95th percentile:                     15.83
         sum:                              59952.45

Threads fairness:
    events (avg/stddev):           18688.0000/0.00
    execution time (avg/stddev):   59.9524/0.00

