sysbench 1.0.11 (using system LuaJIT 2.1.0-beta3)

Running the test with following options:
Number of threads: 1
Initializing random number generator from current time


Initializing worker threads...

Threads started!

SQL statistics:
    queries performed:
        read:                            14462
        write:                           4132
        other:                           2066
        total:                           20660
    transactions:                        1033   (17.21 per sec.)
    queries:                             20660  (344.24 per sec.)
    ignored errors:                      0      (0.00 per sec.)
    reconnects:                          0      (0.00 per sec.)

General statistics:
    total time:                          60.0152s
    total number of events:              1033

Latency (ms):
         min:                                 28.65
         avg:                                 58.08
         max:                                875.79
         95th percentile:                    101.13
         sum:                              60001.31

Threads fairness:
    events (avg/stddev):           1033.0000/0.00
    execution time (avg/stddev):   60.0013/0.00

sysbench 1.0.11 (using system LuaJIT 2.1.0-beta3)

Running the test with following options:
Number of threads: 1
Initializing random number generator from current time


Initializing worker threads...

Threads started!

SQL statistics:
    queries performed:
        read:                            17304
        write:                           4944
        other:                           2472
        total:                           24720
    transactions:                        1236   (20.59 per sec.)
    queries:                             24720  (411.80 per sec.)
    ignored errors:                      0      (0.00 per sec.)
    reconnects:                          0      (0.00 per sec.)

General statistics:
    total time:                          60.0221s
    total number of events:              1236

Latency (ms):
         min:                                 25.89
         avg:                                 48.55
         max:                                167.31
         95th percentile:                     66.84
         sum:                              60012.23

Threads fairness:
    events (avg/stddev):           1236.0000/0.00
    execution time (avg/stddev):   60.0122/0.00

sysbench 1.0.11 (using system LuaJIT 2.1.0-beta3)

Running the test with following options:
Number of threads: 1
Initializing random number generator from current time


Initializing worker threads...

Threads started!

SQL statistics:
    queries performed:
        read:                            17038
        write:                           4868
        other:                           2434
        total:                           24340
    transactions:                        1217   (20.28 per sec.)
    queries:                             24340  (405.60 per sec.)
    ignored errors:                      0      (0.00 per sec.)
    reconnects:                          0      (0.00 per sec.)

General statistics:
    total time:                          60.0085s
    total number of events:              1217

Latency (ms):
         min:                                 26.15
         avg:                                 49.30
         max:                                178.83
         95th percentile:                     74.46
         sum:                              60000.47

Threads fairness:
    events (avg/stddev):           1217.0000/0.00
    execution time (avg/stddev):   60.0005/0.00

sysbench 1.0.11 (using system LuaJIT 2.1.0-beta3)

Running the test with following options:
Number of threads: 1
Initializing random number generator from current time


Initializing worker threads...

Threads started!

SQL statistics:
    queries performed:
        read:                            17416
        write:                           4976
        other:                           2488
        total:                           24880
    transactions:                        1244   (20.73 per sec.)
    queries:                             24880  (414.62 per sec.)
    ignored errors:                      0      (0.00 per sec.)
    reconnects:                          0      (0.00 per sec.)

General statistics:
    total time:                          60.0042s
    total number of events:              1244

Latency (ms):
         min:                                 23.19
         avg:                                 48.23
         max:                                204.86
         95th percentile:                     66.84
         sum:                              59992.01

Threads fairness:
    events (avg/stddev):           1244.0000/0.00
    execution time (avg/stddev):   59.9920/0.00

sysbench 1.0.11 (using system LuaJIT 2.1.0-beta3)

Running the test with following options:
Number of threads: 1
Initializing random number generator from current time


Initializing worker threads...

Threads started!

SQL statistics:
    queries performed:
        read:                            17332
        write:                           4952
        other:                           2476
        total:                           24760
    transactions:                        1238   (20.63 per sec.)
    queries:                             24760  (412.61 per sec.)
    ignored errors:                      0      (0.00 per sec.)
    reconnects:                          0      (0.00 per sec.)

General statistics:
    total time:                          60.0061s
    total number of events:              1238

Latency (ms):
         min:                                 24.49
         avg:                                 48.46
         max:                                167.91
         95th percentile:                     69.29
         sum:                              59992.92

Threads fairness:
    events (avg/stddev):           1238.0000/0.00
    execution time (avg/stddev):   59.9929/0.00

sysbench 1.0.11 (using system LuaJIT 2.1.0-beta3)

Running the test with following options:
Number of threads: 1
Initializing random number generator from current time


Initializing worker threads...

Threads started!

SQL statistics:
    queries performed:
        read:                            17332
        write:                           4952
        other:                           2476
        total:                           24760
    transactions:                        1238   (20.63 per sec.)
    queries:                             24760  (412.56 per sec.)
    ignored errors:                      0      (0.00 per sec.)
    reconnects:                          0      (0.00 per sec.)

General statistics:
    total time:                          60.0140s
    total number of events:              1238

Latency (ms):
         min:                                 24.87
         avg:                                 48.46
         max:                                193.35
         95th percentile:                     70.55
         sum:                              59993.41

Threads fairness:
    events (avg/stddev):           1238.0000/0.00
    execution time (avg/stddev):   59.9934/0.00

sysbench 1.0.11 (using system LuaJIT 2.1.0-beta3)

Running the test with following options:
Number of threads: 1
Initializing random number generator from current time


Initializing worker threads...

Threads started!

SQL statistics:
    queries performed:
        read:                            17598
        write:                           5028
        other:                           2514
        total:                           25140
    transactions:                        1257   (20.92 per sec.)
    queries:                             25140  (418.37 per sec.)
    ignored errors:                      0      (0.00 per sec.)
    reconnects:                          0      (0.00 per sec.)

General statistics:
    total time:                          60.0686s
    total number of events:              1257

Latency (ms):
         min:                                 21.58
         avg:                                 47.78
         max:                                170.93
         95th percentile:                     68.05
         sum:                              60059.96

Threads fairness:
    events (avg/stddev):           1257.0000/0.00
    execution time (avg/stddev):   60.0600/0.00

sysbench 1.0.11 (using system LuaJIT 2.1.0-beta3)

Running the test with following options:
Number of threads: 1
Initializing random number generator from current time


Initializing worker threads...

Threads started!

SQL statistics:
    queries performed:
        read:                            17416
        write:                           4976
        other:                           2488
        total:                           24880
    transactions:                        1244   (20.72 per sec.)
    queries:                             24880  (414.44 per sec.)
    ignored errors:                      0      (0.00 per sec.)
    reconnects:                          0      (0.00 per sec.)

General statistics:
    total time:                          60.0239s
    total number of events:              1244

Latency (ms):
         min:                                 24.72
         avg:                                 48.24
         max:                                214.38
         95th percentile:                     65.65
         sum:                              60013.48

Threads fairness:
    events (avg/stddev):           1244.0000/0.00
    execution time (avg/stddev):   60.0135/0.00

sysbench 1.0.11 (using system LuaJIT 2.1.0-beta3)

Running the test with following options:
Number of threads: 1
Initializing random number generator from current time


Initializing worker threads...

Threads started!

SQL statistics:
    queries performed:
        read:                            17094
        write:                           4884
        other:                           2442
        total:                           24420
    transactions:                        1221   (20.35 per sec.)
    queries:                             24420  (406.90 per sec.)
    ignored errors:                      0      (0.00 per sec.)
    reconnects:                          0      (0.00 per sec.)

General statistics:
    total time:                          60.0031s
    total number of events:              1221

Latency (ms):
         min:                                 25.76
         avg:                                 49.13
         max:                                183.19
         95th percentile:                     75.82
         sum:                              59991.60

Threads fairness:
    events (avg/stddev):           1221.0000/0.00
    execution time (avg/stddev):   59.9916/0.00

sysbench 1.0.11 (using system LuaJIT 2.1.0-beta3)

Running the test with following options:
Number of threads: 1
Initializing random number generator from current time


Initializing worker threads...

Threads started!

SQL statistics:
    queries performed:
        read:                            17458
        write:                           4988
        other:                           2494
        total:                           24940
    transactions:                        1247   (20.77 per sec.)
    queries:                             24940  (415.50 per sec.)
    ignored errors:                      0      (0.00 per sec.)
    reconnects:                          0      (0.00 per sec.)

General statistics:
    total time:                          60.0225s
    total number of events:              1247

Latency (ms):
         min:                                 22.08
         avg:                                 48.13
         max:                                174.97
         95th percentile:                     68.05
         sum:                              60012.76

Threads fairness:
    events (avg/stddev):           1247.0000/0.00
    execution time (avg/stddev):   60.0128/0.00

sysbench 1.0.11 (using system LuaJIT 2.1.0-beta3)

Running the test with following options:
Number of threads: 1
Initializing random number generator from current time


Initializing worker threads...

Threads started!

SQL statistics:
    queries performed:
        read:                            17178
        write:                           4908
        other:                           2454
        total:                           24540
    transactions:                        1227   (20.45 per sec.)
    queries:                             24540  (408.91 per sec.)
    ignored errors:                      0      (0.00 per sec.)
    reconnects:                          0      (0.00 per sec.)

General statistics:
    total time:                          60.0115s
    total number of events:              1227

Latency (ms):
         min:                                 24.63
         avg:                                 48.90
         max:                                235.60
         95th percentile:                     69.29
         sum:                              59997.35

Threads fairness:
    events (avg/stddev):           1227.0000/0.00
    execution time (avg/stddev):   59.9973/0.00

sysbench 1.0.11 (using system LuaJIT 2.1.0-beta3)

Running the test with following options:
Number of threads: 1
Initializing random number generator from current time


Initializing worker threads...

Threads started!

SQL statistics:
    queries performed:
        read:                            17388
        write:                           4968
        other:                           2484
        total:                           24840
    transactions:                        1242   (20.69 per sec.)
    queries:                             24840  (413.83 per sec.)
    ignored errors:                      0      (0.00 per sec.)
    reconnects:                          0      (0.00 per sec.)

General statistics:
    total time:                          60.0232s
    total number of events:              1242

Latency (ms):
         min:                                 24.49
         avg:                                 48.32
         max:                                165.90
         95th percentile:                     68.05
         sum:                              60011.92

Threads fairness:
    events (avg/stddev):           1242.0000/0.00
    execution time (avg/stddev):   60.0119/0.00

sysbench 1.0.11 (using system LuaJIT 2.1.0-beta3)

Running the test with following options:
Number of threads: 1
Initializing random number generator from current time


Initializing worker threads...

Threads started!

SQL statistics:
    queries performed:
        read:                            17220
        write:                           4920
        other:                           2460
        total:                           24600
    transactions:                        1230   (20.50 per sec.)
    queries:                             24600  (409.90 per sec.)
    ignored errors:                      0      (0.00 per sec.)
    reconnects:                          0      (0.00 per sec.)

General statistics:
    total time:                          60.0034s
    total number of events:              1230

Latency (ms):
         min:                                 24.49
         avg:                                 48.78
         max:                                161.97
         95th percentile:                     71.83
         sum:                              59995.19

Threads fairness:
    events (avg/stddev):           1230.0000/0.00
    execution time (avg/stddev):   59.9952/0.00

sysbench 1.0.11 (using system LuaJIT 2.1.0-beta3)

Running the test with following options:
Number of threads: 1
Initializing random number generator from current time


Initializing worker threads...

Threads started!

SQL statistics:
    queries performed:
        read:                            17500
        write:                           5000
        other:                           2500
        total:                           25000
    transactions:                        1250   (20.83 per sec.)
    queries:                             25000  (416.59 per sec.)
    ignored errors:                      0      (0.00 per sec.)
    reconnects:                          0      (0.00 per sec.)

General statistics:
    total time:                          60.0040s
    total number of events:              1250

Latency (ms):
         min:                                 25.11
         avg:                                 47.99
         max:                                182.77
         95th percentile:                     66.84
         sum:                              59993.21

Threads fairness:
    events (avg/stddev):           1250.0000/0.00
    execution time (avg/stddev):   59.9932/0.00

sysbench 1.0.11 (using system LuaJIT 2.1.0-beta3)

Running the test with following options:
Number of threads: 1
Initializing random number generator from current time


Initializing worker threads...

Threads started!

SQL statistics:
    queries performed:
        read:                            17416
        write:                           4976
        other:                           2488
        total:                           24880
    transactions:                        1244   (20.73 per sec.)
    queries:                             24880  (414.50 per sec.)
    ignored errors:                      0      (0.00 per sec.)
    reconnects:                          0      (0.00 per sec.)

General statistics:
    total time:                          60.0220s
    total number of events:              1244

Latency (ms):
         min:                                 25.68
         avg:                                 48.24
         max:                                172.95
         95th percentile:                     69.29
         sum:                              60012.27

Threads fairness:
    events (avg/stddev):           1244.0000/0.00
    execution time (avg/stddev):   60.0123/0.00

sysbench 1.0.11 (using system LuaJIT 2.1.0-beta3)

Running the test with following options:
Number of threads: 1
Initializing random number generator from current time


Initializing worker threads...

Threads started!

SQL statistics:
    queries performed:
        read:                            17486
        write:                           4996
        other:                           2498
        total:                           24980
    transactions:                        1249   (20.81 per sec.)
    queries:                             24980  (416.23 per sec.)
    ignored errors:                      0      (0.00 per sec.)
    reconnects:                          0      (0.00 per sec.)

General statistics:
    total time:                          60.0054s
    total number of events:              1249

Latency (ms):
         min:                                 22.89
         avg:                                 48.03
         max:                                133.32
         95th percentile:                     70.55
         sum:                              59991.13

Threads fairness:
    events (avg/stddev):           1249.0000/0.00
    execution time (avg/stddev):   59.9911/0.00

sysbench 1.0.11 (using system LuaJIT 2.1.0-beta3)

Running the test with following options:
Number of threads: 1
Initializing random number generator from current time


Initializing worker threads...

Threads started!

SQL statistics:
    queries performed:
        read:                            17150
        write:                           4900
        other:                           2450
        total:                           24500
    transactions:                        1225   (20.39 per sec.)
    queries:                             24500  (407.87 per sec.)
    ignored errors:                      0      (0.00 per sec.)
    reconnects:                          0      (0.00 per sec.)

General statistics:
    total time:                          60.0483s
    total number of events:              1225

Latency (ms):
         min:                                 24.78
         avg:                                 49.01
         max:                                208.02
         95th percentile:                     73.13
         sum:                              60039.96

Threads fairness:
    events (avg/stddev):           1225.0000/0.00
    execution time (avg/stddev):   60.0400/0.00

sysbench 1.0.11 (using system LuaJIT 2.1.0-beta3)

Running the test with following options:
Number of threads: 1
Initializing random number generator from current time


Initializing worker threads...

Threads started!

SQL statistics:
    queries performed:
        read:                            16548
        write:                           4728
        other:                           2364
        total:                           23640
    transactions:                        1182   (19.69 per sec.)
    queries:                             23640  (393.89 per sec.)
    ignored errors:                      0      (0.00 per sec.)
    reconnects:                          0      (0.00 per sec.)

General statistics:
    total time:                          60.0149s
    total number of events:              1182

Latency (ms):
         min:                                 27.78
         avg:                                 50.77
         max:                                209.08
         95th percentile:                     73.13
         sum:                              60006.61

Threads fairness:
    events (avg/stddev):           1182.0000/0.00
    execution time (avg/stddev):   60.0066/0.00

sysbench 1.0.11 (using system LuaJIT 2.1.0-beta3)

Running the test with following options:
Number of threads: 1
Initializing random number generator from current time


Initializing worker threads...

Threads started!

SQL statistics:
    queries performed:
        read:                            17416
        write:                           4976
        other:                           2488
        total:                           24880
    transactions:                        1244   (20.70 per sec.)
    queries:                             24880  (414.06 per sec.)
    ignored errors:                      0      (0.00 per sec.)
    reconnects:                          0      (0.00 per sec.)

General statistics:
    total time:                          60.0351s
    total number of events:              1244

Latency (ms):
         min:                                 26.87
         avg:                                 48.25
         max:                                181.71
         95th percentile:                     68.05
         sum:                              60025.57

Threads fairness:
    events (avg/stddev):           1244.0000/0.00
    execution time (avg/stddev):   60.0256/0.00

sysbench 1.0.11 (using system LuaJIT 2.1.0-beta3)

Running the test with following options:
Number of threads: 1
Initializing random number generator from current time


Initializing worker threads...

Threads started!

SQL statistics:
    queries performed:
        read:                            17402
        write:                           4972
        other:                           2486
        total:                           24860
    transactions:                        1243   (20.72 per sec.)
    queries:                             24860  (414.30 per sec.)
    ignored errors:                      0      (0.00 per sec.)
    reconnects:                          0      (0.00 per sec.)

General statistics:
    total time:                          60.0024s
    total number of events:              1243

Latency (ms):
         min:                                 27.53
         avg:                                 48.27
         max:                                224.05
         95th percentile:                     66.84
         sum:                              59993.50

Threads fairness:
    events (avg/stddev):           1243.0000/0.00
    execution time (avg/stddev):   59.9935/0.00

sysbench 1.0.11 (using system LuaJIT 2.1.0-beta3)

Running the test with following options:
Number of threads: 1
Initializing random number generator from current time


Initializing worker threads...

Threads started!

SQL statistics:
    queries performed:
        read:                            17360
        write:                           4960
        other:                           2480
        total:                           24800
    transactions:                        1240   (20.65 per sec.)
    queries:                             24800  (412.98 per sec.)
    ignored errors:                      0      (0.00 per sec.)
    reconnects:                          0      (0.00 per sec.)

General statistics:
    total time:                          60.0426s
    total number of events:              1240

Latency (ms):
         min:                                 21.59
         avg:                                 48.40
         max:                                240.82
         95th percentile:                     70.55
         sum:                              60012.95

Threads fairness:
    events (avg/stddev):           1240.0000/0.00
    execution time (avg/stddev):   60.0130/0.00

sysbench 1.0.11 (using system LuaJIT 2.1.0-beta3)

Running the test with following options:
Number of threads: 1
Initializing random number generator from current time


Initializing worker threads...

Threads started!

SQL statistics:
    queries performed:
        read:                            17430
        write:                           4980
        other:                           2490
        total:                           24900
    transactions:                        1245   (20.74 per sec.)
    queries:                             24900  (414.76 per sec.)
    ignored errors:                      0      (0.00 per sec.)
    reconnects:                          0      (0.00 per sec.)

General statistics:
    total time:                          60.0263s
    total number of events:              1245

Latency (ms):
         min:                                 24.83
         avg:                                 48.21
         max:                                195.23
         95th percentile:                     71.83
         sum:                              60016.61

Threads fairness:
    events (avg/stddev):           1245.0000/0.00
    execution time (avg/stddev):   60.0166/0.00

sysbench 1.0.11 (using system LuaJIT 2.1.0-beta3)

Running the test with following options:
Number of threads: 1
Initializing random number generator from current time


Initializing worker threads...

Threads started!

SQL statistics:
    queries performed:
        read:                            17514
        write:                           5004
        other:                           2502
        total:                           25020
    transactions:                        1251   (20.83 per sec.)
    queries:                             25020  (416.65 per sec.)
    ignored errors:                      0      (0.00 per sec.)
    reconnects:                          0      (0.00 per sec.)

General statistics:
    total time:                          60.0282s
    total number of events:              1251

Latency (ms):
         min:                                 26.04
         avg:                                 47.98
         max:                                185.35
         95th percentile:                     65.65
         sum:                              60020.31

Threads fairness:
    events (avg/stddev):           1251.0000/0.00
    execution time (avg/stddev):   60.0203/0.00

sysbench 1.0.11 (using system LuaJIT 2.1.0-beta3)

Running the test with following options:
Number of threads: 1
Initializing random number generator from current time


Initializing worker threads...

Threads started!

SQL statistics:
    queries performed:
        read:                            17276
        write:                           4936
        other:                           2468
        total:                           24680
    transactions:                        1234   (20.56 per sec.)
    queries:                             24680  (411.10 per sec.)
    ignored errors:                      0      (0.00 per sec.)
    reconnects:                          0      (0.00 per sec.)

General statistics:
    total time:                          60.0230s
    total number of events:              1234

Latency (ms):
         min:                                 25.07
         avg:                                 48.63
         max:                                215.27
         95th percentile:                     69.29
         sum:                              60013.04

Threads fairness:
    events (avg/stddev):           1234.0000/0.00
    execution time (avg/stddev):   60.0130/0.00

sysbench 1.0.11 (using system LuaJIT 2.1.0-beta3)

Running the test with following options:
Number of threads: 1
Initializing random number generator from current time


Initializing worker threads...

Threads started!

SQL statistics:
    queries performed:
        read:                            17360
        write:                           4960
        other:                           2480
        total:                           24800
    transactions:                        1240   (20.67 per sec.)
    queries:                             24800  (413.31 per sec.)
    ignored errors:                      0      (0.00 per sec.)
    reconnects:                          0      (0.00 per sec.)

General statistics:
    total time:                          60.0018s
    total number of events:              1240

Latency (ms):
         min:                                 24.13
         avg:                                 48.38
         max:                                205.48
         95th percentile:                     70.55
         sum:                              59993.18

Threads fairness:
    events (avg/stddev):           1240.0000/0.00
    execution time (avg/stddev):   59.9932/0.00

sysbench 1.0.11 (using system LuaJIT 2.1.0-beta3)

Running the test with following options:
Number of threads: 1
Initializing random number generator from current time


Initializing worker threads...

Threads started!

SQL statistics:
    queries performed:
        read:                            17304
        write:                           4944
        other:                           2472
        total:                           24720
    transactions:                        1236   (20.59 per sec.)
    queries:                             24720  (411.86 per sec.)
    ignored errors:                      0      (0.00 per sec.)
    reconnects:                          0      (0.00 per sec.)

General statistics:
    total time:                          60.0188s
    total number of events:              1236

Latency (ms):
         min:                                 21.78
         avg:                                 48.55
         max:                                159.39
         95th percentile:                     70.55
         sum:                              60005.71

Threads fairness:
    events (avg/stddev):           1236.0000/0.00
    execution time (avg/stddev):   60.0057/0.00

sysbench 1.0.11 (using system LuaJIT 2.1.0-beta3)

Running the test with following options:
Number of threads: 1
Initializing random number generator from current time


Initializing worker threads...

Threads started!

SQL statistics:
    queries performed:
        read:                            17500
        write:                           5000
        other:                           2500
        total:                           25000
    transactions:                        1250   (20.83 per sec.)
    queries:                             25000  (416.56 per sec.)
    ignored errors:                      0      (0.00 per sec.)
    reconnects:                          0      (0.00 per sec.)

General statistics:
    total time:                          60.0024s
    total number of events:              1250

Latency (ms):
         min:                                 23.58
         avg:                                 47.98
         max:                                172.95
         95th percentile:                     68.05
         sum:                              59970.86

Threads fairness:
    events (avg/stddev):           1250.0000/0.00
    execution time (avg/stddev):   59.9709/0.00

sysbench 1.0.11 (using system LuaJIT 2.1.0-beta3)

Running the test with following options:
Number of threads: 1
Initializing random number generator from current time


Initializing worker threads...

Threads started!

SQL statistics:
    queries performed:
        read:                            17402
        write:                           4972
        other:                           2486
        total:                           24860
    transactions:                        1243   (20.70 per sec.)
    queries:                             24860  (414.00 per sec.)
    ignored errors:                      0      (0.00 per sec.)
    reconnects:                          0      (0.00 per sec.)

General statistics:
    total time:                          60.0241s
    total number of events:              1243

Latency (ms):
         min:                                 24.38
         avg:                                 48.28
         max:                                226.49
         95th percentile:                     69.29
         sum:                              60015.90

Threads fairness:
    events (avg/stddev):           1243.0000/0.00
    execution time (avg/stddev):   60.0159/0.00

sysbench 1.0.11 (using system LuaJIT 2.1.0-beta3)

Running the test with following options:
Number of threads: 1
Initializing random number generator from current time


Initializing worker threads...

Threads started!

SQL statistics:
    queries performed:
        read:                            17402
        write:                           4972
        other:                           2486
        total:                           24860
    transactions:                        1243   (20.71 per sec.)
    queries:                             24860  (414.22 per sec.)
    ignored errors:                      0      (0.00 per sec.)
    reconnects:                          0      (0.00 per sec.)

General statistics:
    total time:                          60.0150s
    total number of events:              1243

Latency (ms):
         min:                                 23.58
         avg:                                 48.27
         max:                                177.41
         95th percentile:                     66.84
         sum:                              60005.74

Threads fairness:
    events (avg/stddev):           1243.0000/0.00
    execution time (avg/stddev):   60.0057/0.00

sysbench 1.0.11 (using system LuaJIT 2.1.0-beta3)

Running the test with following options:
Number of threads: 1
Initializing random number generator from current time


Initializing worker threads...

Threads started!

SQL statistics:
    queries performed:
        read:                            17458
        write:                           4988
        other:                           2494
        total:                           24940
    transactions:                        1247   (20.78 per sec.)
    queries:                             24940  (415.61 per sec.)
    ignored errors:                      0      (0.00 per sec.)
    reconnects:                          0      (0.00 per sec.)

General statistics:
    total time:                          60.0067s
    total number of events:              1247

Latency (ms):
         min:                                 22.59
         avg:                                 48.11
         max:                                165.13
         95th percentile:                     71.83
         sum:                              59997.56

Threads fairness:
    events (avg/stddev):           1247.0000/0.00
    execution time (avg/stddev):   59.9976/0.00

