sysbench 1.0.11 (using system LuaJIT 2.1.0-beta3)

Running the test with following options:
Number of threads: 1
Initializing random number generator from current time


Initializing worker threads...

Threads started!

SQL statistics:
    queries performed:
        read:                            13594
        write:                           3884
        other:                           1942
        total:                           19420
    transactions:                        971    (16.16 per sec.)
    queries:                             19420  (323.17 per sec.)
    ignored errors:                      0      (0.00 per sec.)
    reconnects:                          0      (0.00 per sec.)

General statistics:
    total time:                          60.0641s
    total number of events:              971

Latency (ms):
         min:                                 11.09
         avg:                                 61.82
         max:                                779.28
         95th percentile:                    130.13
         sum:                              60031.05

Threads fairness:
    events (avg/stddev):           971.0000/0.00
    execution time (avg/stddev):   60.0311/0.00

sysbench 1.0.11 (using system LuaJIT 2.1.0-beta3)

Running the test with following options:
Number of threads: 1
Initializing random number generator from current time


Initializing worker threads...

Threads started!

SQL statistics:
    queries performed:
        read:                            19922
        write:                           5692
        other:                           2846
        total:                           28460
    transactions:                        1423   (23.70 per sec.)
    queries:                             28460  (474.03 per sec.)
    ignored errors:                      0      (0.00 per sec.)
    reconnects:                          0      (0.00 per sec.)

General statistics:
    total time:                          60.0211s
    total number of events:              1423

Latency (ms):
         min:                                 11.99
         avg:                                 42.17
         max:                                226.51
         95th percentile:                     66.84
         sum:                              60010.05

Threads fairness:
    events (avg/stddev):           1423.0000/0.00
    execution time (avg/stddev):   60.0101/0.00

sysbench 1.0.11 (using system LuaJIT 2.1.0-beta3)

Running the test with following options:
Number of threads: 1
Initializing random number generator from current time


Initializing worker threads...

Threads started!

SQL statistics:
    queries performed:
        read:                            20090
        write:                           5740
        other:                           2870
        total:                           28700
    transactions:                        1435   (23.90 per sec.)
    queries:                             28700  (478.01 per sec.)
    ignored errors:                      0      (0.00 per sec.)
    reconnects:                          0      (0.00 per sec.)

General statistics:
    total time:                          60.0250s
    total number of events:              1435

Latency (ms):
         min:                                 13.27
         avg:                                 41.82
         max:                                236.86
         95th percentile:                     64.47
         sum:                              60011.33

Threads fairness:
    events (avg/stddev):           1435.0000/0.00
    execution time (avg/stddev):   60.0113/0.00

sysbench 1.0.11 (using system LuaJIT 2.1.0-beta3)

Running the test with following options:
Number of threads: 1
Initializing random number generator from current time


Initializing worker threads...

Threads started!

SQL statistics:
    queries performed:
        read:                            19852
        write:                           5672
        other:                           2836
        total:                           28360
    transactions:                        1418   (23.62 per sec.)
    queries:                             28360  (472.36 per sec.)
    ignored errors:                      0      (0.00 per sec.)
    reconnects:                          0      (0.00 per sec.)

General statistics:
    total time:                          60.0294s
    total number of events:              1418

Latency (ms):
         min:                                 11.90
         avg:                                 42.32
         max:                                254.05
         95th percentile:                     64.47
         sum:                              60007.63

Threads fairness:
    events (avg/stddev):           1418.0000/0.00
    execution time (avg/stddev):   60.0076/0.00

sysbench 1.0.11 (using system LuaJIT 2.1.0-beta3)

Running the test with following options:
Number of threads: 1
Initializing random number generator from current time


Initializing worker threads...

Threads started!

SQL statistics:
    queries performed:
        read:                            20076
        write:                           5736
        other:                           2868
        total:                           28680
    transactions:                        1434   (23.89 per sec.)
    queries:                             28680  (477.74 per sec.)
    ignored errors:                      0      (0.00 per sec.)
    reconnects:                          0      (0.00 per sec.)

General statistics:
    total time:                          60.0231s
    total number of events:              1434

Latency (ms):
         min:                                 12.51
         avg:                                 41.84
         max:                                231.84
         95th percentile:                     64.47
         sum:                              60005.00

Threads fairness:
    events (avg/stddev):           1434.0000/0.00
    execution time (avg/stddev):   60.0050/0.00

sysbench 1.0.11 (using system LuaJIT 2.1.0-beta3)

Running the test with following options:
Number of threads: 1
Initializing random number generator from current time


Initializing worker threads...

Threads started!

SQL statistics:
    queries performed:
        read:                            20076
        write:                           5736
        other:                           2868
        total:                           28680
    transactions:                        1434   (23.89 per sec.)
    queries:                             28680  (477.76 per sec.)
    ignored errors:                      0      (0.00 per sec.)
    reconnects:                          0      (0.00 per sec.)

General statistics:
    total time:                          60.0235s
    total number of events:              1434

Latency (ms):
         min:                                 13.21
         avg:                                 41.85
         max:                                185.14
         95th percentile:                     64.47
         sum:                              60013.73

Threads fairness:
    events (avg/stddev):           1434.0000/0.00
    execution time (avg/stddev):   60.0137/0.00

sysbench 1.0.11 (using system LuaJIT 2.1.0-beta3)

Running the test with following options:
Number of threads: 1
Initializing random number generator from current time


Initializing worker threads...

Threads started!

SQL statistics:
    queries performed:
        read:                            20160
        write:                           5760
        other:                           2880
        total:                           28800
    transactions:                        1440   (23.99 per sec.)
    queries:                             28800  (479.90 per sec.)
    ignored errors:                      0      (0.00 per sec.)
    reconnects:                          0      (0.00 per sec.)

General statistics:
    total time:                          60.0106s
    total number of events:              1440

Latency (ms):
         min:                                  9.44
         avg:                                 41.67
         max:                                150.41
         95th percentile:                     64.47
         sum:                              60000.52

Threads fairness:
    events (avg/stddev):           1440.0000/0.00
    execution time (avg/stddev):   60.0005/0.00

sysbench 1.0.11 (using system LuaJIT 2.1.0-beta3)

Running the test with following options:
Number of threads: 1
Initializing random number generator from current time


Initializing worker threads...

Threads started!

SQL statistics:
    queries performed:
        read:                            20202
        write:                           5772
        other:                           2886
        total:                           28860
    transactions:                        1443   (24.04 per sec.)
    queries:                             28860  (480.85 per sec.)
    ignored errors:                      0      (0.00 per sec.)
    reconnects:                          0      (0.00 per sec.)

General statistics:
    total time:                          60.0147s
    total number of events:              1443

Latency (ms):
         min:                                 12.72
         avg:                                 41.58
         max:                                242.16
         95th percentile:                     64.47
         sum:                              60004.68

Threads fairness:
    events (avg/stddev):           1443.0000/0.00
    execution time (avg/stddev):   60.0047/0.00

sysbench 1.0.11 (using system LuaJIT 2.1.0-beta3)

Running the test with following options:
Number of threads: 1
Initializing random number generator from current time


Initializing worker threads...

Threads started!

SQL statistics:
    queries performed:
        read:                            20202
        write:                           5772
        other:                           2886
        total:                           28860
    transactions:                        1443   (24.04 per sec.)
    queries:                             28860  (480.80 per sec.)
    ignored errors:                      0      (0.00 per sec.)
    reconnects:                          0      (0.00 per sec.)

General statistics:
    total time:                          60.0097s
    total number of events:              1443

Latency (ms):
         min:                                 11.60
         avg:                                 41.58
         max:                                182.48
         95th percentile:                     63.32
         sum:                              60000.01

Threads fairness:
    events (avg/stddev):           1443.0000/0.00
    execution time (avg/stddev):   60.0000/0.00

sysbench 1.0.11 (using system LuaJIT 2.1.0-beta3)

Running the test with following options:
Number of threads: 1
Initializing random number generator from current time


Initializing worker threads...

Threads started!

SQL statistics:
    queries performed:
        read:                            19768
        write:                           5648
        other:                           2824
        total:                           28240
    transactions:                        1412   (23.53 per sec.)
    queries:                             28240  (470.51 per sec.)
    ignored errors:                      0      (0.00 per sec.)
    reconnects:                          0      (0.00 per sec.)

General statistics:
    total time:                          60.0095s
    total number of events:              1412

Latency (ms):
         min:                                 12.39
         avg:                                 42.49
         max:                                260.01
         95th percentile:                     65.65
         sum:                              59999.70

Threads fairness:
    events (avg/stddev):           1412.0000/0.00
    execution time (avg/stddev):   59.9997/0.00

sysbench 1.0.11 (using system LuaJIT 2.1.0-beta3)

Running the test with following options:
Number of threads: 1
Initializing random number generator from current time


Initializing worker threads...

Threads started!

SQL statistics:
    queries performed:
        read:                            19978
        write:                           5708
        other:                           2854
        total:                           28540
    transactions:                        1427   (23.77 per sec.)
    queries:                             28540  (475.34 per sec.)
    ignored errors:                      0      (0.00 per sec.)
    reconnects:                          0      (0.00 per sec.)

General statistics:
    total time:                          60.0259s
    total number of events:              1427

Latency (ms):
         min:                                  8.88
         avg:                                 42.06
         max:                                200.95
         95th percentile:                     69.29
         sum:                              60015.89

Threads fairness:
    events (avg/stddev):           1427.0000/0.00
    execution time (avg/stddev):   60.0159/0.00

sysbench 1.0.11 (using system LuaJIT 2.1.0-beta3)

Running the test with following options:
Number of threads: 1
Initializing random number generator from current time


Initializing worker threads...

Threads started!

SQL statistics:
    queries performed:
        read:                            19964
        write:                           5704
        other:                           2852
        total:                           28520
    transactions:                        1426   (23.76 per sec.)
    queries:                             28520  (475.19 per sec.)
    ignored errors:                      0      (0.00 per sec.)
    reconnects:                          0      (0.00 per sec.)

General statistics:
    total time:                          60.0160s
    total number of events:              1426

Latency (ms):
         min:                                  8.94
         avg:                                 42.08
         max:                                235.54
         95th percentile:                     65.65
         sum:                              60005.06

Threads fairness:
    events (avg/stddev):           1426.0000/0.00
    execution time (avg/stddev):   60.0051/0.00

sysbench 1.0.11 (using system LuaJIT 2.1.0-beta3)

Running the test with following options:
Number of threads: 1
Initializing random number generator from current time


Initializing worker threads...

Threads started!

SQL statistics:
    queries performed:
        read:                            19754
        write:                           5644
        other:                           2822
        total:                           28220
    transactions:                        1411   (23.50 per sec.)
    queries:                             28220  (470.07 per sec.)
    ignored errors:                      0      (0.00 per sec.)
    reconnects:                          0      (0.00 per sec.)

General statistics:
    total time:                          60.0171s
    total number of events:              1411

Latency (ms):
         min:                                 10.47
         avg:                                 42.53
         max:                                421.03
         95th percentile:                     66.84
         sum:                              60003.80

Threads fairness:
    events (avg/stddev):           1411.0000/0.00
    execution time (avg/stddev):   60.0038/0.00

sysbench 1.0.11 (using system LuaJIT 2.1.0-beta3)

Running the test with following options:
Number of threads: 1
Initializing random number generator from current time


Initializing worker threads...

Threads started!

SQL statistics:
    queries performed:
        read:                            19866
        write:                           5676
        other:                           2838
        total:                           28380
    transactions:                        1419   (23.64 per sec.)
    queries:                             28380  (472.76 per sec.)
    ignored errors:                      0      (0.00 per sec.)
    reconnects:                          0      (0.00 per sec.)

General statistics:
    total time:                          60.0286s
    total number of events:              1419

Latency (ms):
         min:                                  9.01
         avg:                                 42.30
         max:                                307.37
         95th percentile:                     65.65
         sum:                              60019.03

Threads fairness:
    events (avg/stddev):           1419.0000/0.00
    execution time (avg/stddev):   60.0190/0.00

sysbench 1.0.11 (using system LuaJIT 2.1.0-beta3)

Running the test with following options:
Number of threads: 1
Initializing random number generator from current time


Initializing worker threads...

Threads started!

SQL statistics:
    queries performed:
        read:                            20020
        write:                           5720
        other:                           2860
        total:                           28600
    transactions:                        1430   (23.83 per sec.)
    queries:                             28600  (476.56 per sec.)
    ignored errors:                      0      (0.00 per sec.)
    reconnects:                          0      (0.00 per sec.)

General statistics:
    total time:                          60.0114s
    total number of events:              1430

Latency (ms):
         min:                                 11.92
         avg:                                 41.96
         max:                                188.46
         95th percentile:                     66.84
         sum:                              60001.69

Threads fairness:
    events (avg/stddev):           1430.0000/0.00
    execution time (avg/stddev):   60.0017/0.00

sysbench 1.0.11 (using system LuaJIT 2.1.0-beta3)

Running the test with following options:
Number of threads: 1
Initializing random number generator from current time


Initializing worker threads...

Threads started!

SQL statistics:
    queries performed:
        read:                            19796
        write:                           5656
        other:                           2828
        total:                           28280
    transactions:                        1414   (23.54 per sec.)
    queries:                             28280  (470.86 per sec.)
    ignored errors:                      0      (0.00 per sec.)
    reconnects:                          0      (0.00 per sec.)

General statistics:
    total time:                          60.0405s
    total number of events:              1414

Latency (ms):
         min:                                 11.53
         avg:                                 42.45
         max:                                281.40
         95th percentile:                     63.32
         sum:                              60030.11

Threads fairness:
    events (avg/stddev):           1414.0000/0.00
    execution time (avg/stddev):   60.0301/0.00

sysbench 1.0.11 (using system LuaJIT 2.1.0-beta3)

Running the test with following options:
Number of threads: 1
Initializing random number generator from current time


Initializing worker threads...

Threads started!

SQL statistics:
    queries performed:
        read:                            19964
        write:                           5704
        other:                           2852
        total:                           28520
    transactions:                        1426   (23.76 per sec.)
    queries:                             28520  (475.17 per sec.)
    ignored errors:                      0      (0.00 per sec.)
    reconnects:                          0      (0.00 per sec.)

General statistics:
    total time:                          60.0089s
    total number of events:              1426

Latency (ms):
         min:                                 12.24
         avg:                                 42.07
         max:                                380.04
         95th percentile:                     65.65
         sum:                              59995.32

Threads fairness:
    events (avg/stddev):           1426.0000/0.00
    execution time (avg/stddev):   59.9953/0.00

sysbench 1.0.11 (using system LuaJIT 2.1.0-beta3)

Running the test with following options:
Number of threads: 1
Initializing random number generator from current time


Initializing worker threads...

Threads started!

SQL statistics:
    queries performed:
        read:                            19824
        write:                           5664
        other:                           2832
        total:                           28320
    transactions:                        1416   (23.59 per sec.)
    queries:                             28320  (471.87 per sec.)
    ignored errors:                      0      (0.00 per sec.)
    reconnects:                          0      (0.00 per sec.)

General statistics:
    total time:                          60.0030s
    total number of events:              1416

Latency (ms):
         min:                                 10.55
         avg:                                 42.37
         max:                                197.59
         95th percentile:                     65.65
         sum:                              59993.10

Threads fairness:
    events (avg/stddev):           1416.0000/0.00
    execution time (avg/stddev):   59.9931/0.00

sysbench 1.0.11 (using system LuaJIT 2.1.0-beta3)

Running the test with following options:
Number of threads: 1
Initializing random number generator from current time


Initializing worker threads...

Threads started!

SQL statistics:
    queries performed:
        read:                            19866
        write:                           5676
        other:                           2838
        total:                           28380
    transactions:                        1419   (23.65 per sec.)
    queries:                             28380  (472.92 per sec.)
    ignored errors:                      0      (0.00 per sec.)
    reconnects:                          0      (0.00 per sec.)

General statistics:
    total time:                          60.0084s
    total number of events:              1419

Latency (ms):
         min:                                  7.54
         avg:                                 42.28
         max:                                181.50
         95th percentile:                     65.65
         sum:                              59996.65

Threads fairness:
    events (avg/stddev):           1419.0000/0.00
    execution time (avg/stddev):   59.9967/0.00

sysbench 1.0.11 (using system LuaJIT 2.1.0-beta3)

Running the test with following options:
Number of threads: 1
Initializing random number generator from current time


Initializing worker threads...

Threads started!

SQL statistics:
    queries performed:
        read:                            20132
        write:                           5752
        other:                           2876
        total:                           28760
    transactions:                        1438   (23.96 per sec.)
    queries:                             28760  (479.18 per sec.)
    ignored errors:                      0      (0.00 per sec.)
    reconnects:                          0      (0.00 per sec.)

General statistics:
    total time:                          60.0168s
    total number of events:              1438

Latency (ms):
         min:                                 11.34
         avg:                                 41.73
         max:                                232.91
         95th percentile:                     63.32
         sum:                              60007.71

Threads fairness:
    events (avg/stddev):           1438.0000/0.00
    execution time (avg/stddev):   60.0077/0.00

sysbench 1.0.11 (using system LuaJIT 2.1.0-beta3)

Running the test with following options:
Number of threads: 1
Initializing random number generator from current time


Initializing worker threads...

Threads started!

SQL statistics:
    queries performed:
        read:                            19838
        write:                           5668
        other:                           2834
        total:                           28340
    transactions:                        1417   (23.61 per sec.)
    queries:                             28340  (472.21 per sec.)
    ignored errors:                      0      (0.00 per sec.)
    reconnects:                          0      (0.00 per sec.)

General statistics:
    total time:                          60.0133s
    total number of events:              1417

Latency (ms):
         min:                                 13.94
         avg:                                 42.34
         max:                                416.04
         95th percentile:                     65.65
         sum:                              60001.32

Threads fairness:
    events (avg/stddev):           1417.0000/0.00
    execution time (avg/stddev):   60.0013/0.00

sysbench 1.0.11 (using system LuaJIT 2.1.0-beta3)

Running the test with following options:
Number of threads: 1
Initializing random number generator from current time


Initializing worker threads...

Threads started!

SQL statistics:
    queries performed:
        read:                            19754
        write:                           5644
        other:                           2822
        total:                           28220
    transactions:                        1411   (23.50 per sec.)
    queries:                             28220  (470.02 per sec.)
    ignored errors:                      0      (0.00 per sec.)
    reconnects:                          0      (0.00 per sec.)

General statistics:
    total time:                          60.0283s
    total number of events:              1411

Latency (ms):
         min:                                  9.40
         avg:                                 42.54
         max:                                203.27
         95th percentile:                     66.84
         sum:                              60018.17

Threads fairness:
    events (avg/stddev):           1411.0000/0.00
    execution time (avg/stddev):   60.0182/0.00

sysbench 1.0.11 (using system LuaJIT 2.1.0-beta3)

Running the test with following options:
Number of threads: 1
Initializing random number generator from current time


Initializing worker threads...

Threads started!

SQL statistics:
    queries performed:
        read:                            19530
        write:                           5580
        other:                           2790
        total:                           27900
    transactions:                        1395   (23.23 per sec.)
    queries:                             27900  (464.70 per sec.)
    ignored errors:                      0      (0.00 per sec.)
    reconnects:                          0      (0.00 per sec.)

General statistics:
    total time:                          60.0369s
    total number of events:              1395

Latency (ms):
         min:                                 12.17
         avg:                                 43.03
         max:                                201.31
         95th percentile:                     69.29
         sum:                              60025.64

Threads fairness:
    events (avg/stddev):           1395.0000/0.00
    execution time (avg/stddev):   60.0256/0.00

sysbench 1.0.11 (using system LuaJIT 2.1.0-beta3)

Running the test with following options:
Number of threads: 1
Initializing random number generator from current time


Initializing worker threads...

Threads started!

SQL statistics:
    queries performed:
        read:                            19852
        write:                           5672
        other:                           2836
        total:                           28360
    transactions:                        1418   (23.63 per sec.)
    queries:                             28360  (472.60 per sec.)
    ignored errors:                      0      (0.00 per sec.)
    reconnects:                          0      (0.00 per sec.)

General statistics:
    total time:                          60.0067s
    total number of events:              1418

Latency (ms):
         min:                                  9.42
         avg:                                 42.30
         max:                                183.34
         95th percentile:                     66.84
         sum:                              59985.34

Threads fairness:
    events (avg/stddev):           1418.0000/0.00
    execution time (avg/stddev):   59.9853/0.00

sysbench 1.0.11 (using system LuaJIT 2.1.0-beta3)

Running the test with following options:
Number of threads: 1
Initializing random number generator from current time


Initializing worker threads...

Threads started!

SQL statistics:
    queries performed:
        read:                            19922
        write:                           5692
        other:                           2846
        total:                           28460
    transactions:                        1423   (23.71 per sec.)
    queries:                             28460  (474.25 per sec.)
    ignored errors:                      0      (0.00 per sec.)
    reconnects:                          0      (0.00 per sec.)

General statistics:
    total time:                          60.0089s
    total number of events:              1423

Latency (ms):
         min:                                 13.14
         avg:                                 42.16
         max:                                334.37
         95th percentile:                     65.65
         sum:                              59998.71

Threads fairness:
    events (avg/stddev):           1423.0000/0.00
    execution time (avg/stddev):   59.9987/0.00

sysbench 1.0.11 (using system LuaJIT 2.1.0-beta3)

Running the test with following options:
Number of threads: 1
Initializing random number generator from current time


Initializing worker threads...

Threads started!

SQL statistics:
    queries performed:
        read:                            19908
        write:                           5688
        other:                           2844
        total:                           28440
    transactions:                        1422   (23.69 per sec.)
    queries:                             28440  (473.86 per sec.)
    ignored errors:                      0      (0.00 per sec.)
    reconnects:                          0      (0.00 per sec.)

General statistics:
    total time:                          60.0074s
    total number of events:              1422

Latency (ms):
         min:                                 13.41
         avg:                                 42.19
         max:                                373.17
         95th percentile:                     65.65
         sum:                              59995.00

Threads fairness:
    events (avg/stddev):           1422.0000/0.00
    execution time (avg/stddev):   59.9950/0.00

sysbench 1.0.11 (using system LuaJIT 2.1.0-beta3)

Running the test with following options:
Number of threads: 1
Initializing random number generator from current time


Initializing worker threads...

Threads started!

SQL statistics:
    queries performed:
        read:                            20118
        write:                           5748
        other:                           2874
        total:                           28740
    transactions:                        1437   (23.94 per sec.)
    queries:                             28740  (478.88 per sec.)
    ignored errors:                      0      (0.00 per sec.)
    reconnects:                          0      (0.00 per sec.)

General statistics:
    total time:                          60.0127s
    total number of events:              1437

Latency (ms):
         min:                                 12.01
         avg:                                 41.75
         max:                                216.21
         95th percentile:                     64.47
         sum:                              60001.53

Threads fairness:
    events (avg/stddev):           1437.0000/0.00
    execution time (avg/stddev):   60.0015/0.00

sysbench 1.0.11 (using system LuaJIT 2.1.0-beta3)

Running the test with following options:
Number of threads: 1
Initializing random number generator from current time


Initializing worker threads...

Threads started!

SQL statistics:
    queries performed:
        read:                            19796
        write:                           5656
        other:                           2828
        total:                           28280
    transactions:                        1414   (23.56 per sec.)
    queries:                             28280  (471.11 per sec.)
    ignored errors:                      0      (0.00 per sec.)
    reconnects:                          0      (0.00 per sec.)

General statistics:
    total time:                          60.0193s
    total number of events:              1414

Latency (ms):
         min:                                 13.66
         avg:                                 42.44
         max:                                310.31
         95th percentile:                     69.29
         sum:                              60006.36

Threads fairness:
    events (avg/stddev):           1414.0000/0.00
    execution time (avg/stddev):   60.0064/0.00

sysbench 1.0.11 (using system LuaJIT 2.1.0-beta3)

Running the test with following options:
Number of threads: 1
Initializing random number generator from current time


Initializing worker threads...

Threads started!

SQL statistics:
    queries performed:
        read:                            19810
        write:                           5660
        other:                           2830
        total:                           28300
    transactions:                        1415   (23.57 per sec.)
    queries:                             28300  (471.38 per sec.)
    ignored errors:                      0      (0.00 per sec.)
    reconnects:                          0      (0.00 per sec.)

General statistics:
    total time:                          60.0230s
    total number of events:              1415

Latency (ms):
         min:                                 10.90
         avg:                                 42.41
         max:                                188.54
         95th percentile:                     63.32
         sum:                              60012.80

Threads fairness:
    events (avg/stddev):           1415.0000/0.00
    execution time (avg/stddev):   60.0128/0.00

sysbench 1.0.11 (using system LuaJIT 2.1.0-beta3)

Running the test with following options:
Number of threads: 1
Initializing random number generator from current time


Initializing worker threads...

Threads started!

SQL statistics:
    queries performed:
        read:                            19992
        write:                           5712
        other:                           2856
        total:                           28560
    transactions:                        1428   (23.79 per sec.)
    queries:                             28560  (475.81 per sec.)
    ignored errors:                      0      (0.00 per sec.)
    reconnects:                          0      (0.00 per sec.)

General statistics:
    total time:                          60.0222s
    total number of events:              1428

Latency (ms):
         min:                                 13.27
         avg:                                 42.02
         max:                                444.91
         95th percentile:                     63.32
         sum:                              60010.34

Threads fairness:
    events (avg/stddev):           1428.0000/0.00
    execution time (avg/stddev):   60.0103/0.00

