sysbench 1.0.11 (using system LuaJIT 2.1.0-beta3)

Running the test with following options:
Number of threads: 1
Initializing random number generator from current time


Initializing worker threads...

Threads started!

SQL statistics:
    queries performed:
        read:                            13216
        write:                           3776
        other:                           1888
        total:                           18880
    transactions:                        944    (15.71 per sec.)
    queries:                             18880  (314.15 per sec.)
    ignored errors:                      0      (0.00 per sec.)
    reconnects:                          0      (0.00 per sec.)

General statistics:
    total time:                          60.0628s
    total number of events:              944

Latency (ms):
         min:                                 18.81
         avg:                                 63.54
         max:                                236.81
         95th percentile:                    102.97
         sum:                              59985.65

Threads fairness:
    events (avg/stddev):           944.0000/0.00
    execution time (avg/stddev):   59.9857/0.00

sysbench 1.0.11 (using system LuaJIT 2.1.0-beta3)

Running the test with following options:
Number of threads: 1
Initializing random number generator from current time


Initializing worker threads...

Threads started!

SQL statistics:
    queries performed:
        read:                            13664
        write:                           3904
        other:                           1952
        total:                           19520
    transactions:                        976    (16.26 per sec.)
    queries:                             19520  (325.22 per sec.)
    ignored errors:                      0      (0.00 per sec.)
    reconnects:                          0      (0.00 per sec.)

General statistics:
    total time:                          60.0190s
    total number of events:              976

Latency (ms):
         min:                                 21.02
         avg:                                 61.48
         max:                                247.60
         95th percentile:                     89.16
         sum:                              60001.47

Threads fairness:
    events (avg/stddev):           976.0000/0.00
    execution time (avg/stddev):   60.0015/0.00

sysbench 1.0.11 (using system LuaJIT 2.1.0-beta3)

Running the test with following options:
Number of threads: 1
Initializing random number generator from current time


Initializing worker threads...

Threads started!

SQL statistics:
    queries performed:
        read:                            13734
        write:                           3924
        other:                           1962
        total:                           19620
    transactions:                        981    (16.33 per sec.)
    queries:                             19620  (326.51 per sec.)
    ignored errors:                      0      (0.00 per sec.)
    reconnects:                          0      (0.00 per sec.)

General statistics:
    total time:                          60.0873s
    total number of events:              981

Latency (ms):
         min:                                 24.25
         avg:                                 61.24
         max:                                224.58
         95th percentile:                     87.56
         sum:                              60074.92

Threads fairness:
    events (avg/stddev):           981.0000/0.00
    execution time (avg/stddev):   60.0749/0.00

sysbench 1.0.11 (using system LuaJIT 2.1.0-beta3)

Running the test with following options:
Number of threads: 1
Initializing random number generator from current time


Initializing worker threads...

Threads started!

SQL statistics:
    queries performed:
        read:                            13622
        write:                           3892
        other:                           1946
        total:                           19460
    transactions:                        973    (16.20 per sec.)
    queries:                             19460  (324.10 per sec.)
    ignored errors:                      0      (0.00 per sec.)
    reconnects:                          0      (0.00 per sec.)

General statistics:
    total time:                          60.0158s
    total number of events:              973

Latency (ms):
         min:                                 19.33
         avg:                                 61.67
         max:                                183.14
         95th percentile:                     90.78
         sum:                              60002.80

Threads fairness:
    events (avg/stddev):           973.0000/0.00
    execution time (avg/stddev):   60.0028/0.00

sysbench 1.0.11 (using system LuaJIT 2.1.0-beta3)

Running the test with following options:
Number of threads: 1
Initializing random number generator from current time


Initializing worker threads...

Threads started!

SQL statistics:
    queries performed:
        read:                            13244
        write:                           3784
        other:                           1892
        total:                           18920
    transactions:                        946    (15.76 per sec.)
    queries:                             18920  (315.24 per sec.)
    ignored errors:                      0      (0.00 per sec.)
    reconnects:                          0      (0.00 per sec.)

General statistics:
    total time:                          60.0111s
    total number of events:              946

Latency (ms):
         min:                                 19.40
         avg:                                 63.42
         max:                                204.01
         95th percentile:                     89.16
         sum:                              59999.21

Threads fairness:
    events (avg/stddev):           946.0000/0.00
    execution time (avg/stddev):   59.9992/0.00

sysbench 1.0.11 (using system LuaJIT 2.1.0-beta3)

Running the test with following options:
Number of threads: 1
Initializing random number generator from current time


Initializing worker threads...

Threads started!

SQL statistics:
    queries performed:
        read:                            13300
        write:                           3800
        other:                           1900
        total:                           19000
    transactions:                        950    (15.82 per sec.)
    queries:                             19000  (316.40 per sec.)
    ignored errors:                      0      (0.00 per sec.)
    reconnects:                          0      (0.00 per sec.)

General statistics:
    total time:                          60.0216s
    total number of events:              950

Latency (ms):
         min:                                 33.44
         avg:                                 63.17
         max:                                184.18
         95th percentile:                     89.16
         sum:                              60010.91

Threads fairness:
    events (avg/stddev):           950.0000/0.00
    execution time (avg/stddev):   60.0109/0.00

sysbench 1.0.11 (using system LuaJIT 2.1.0-beta3)

Running the test with following options:
Number of threads: 1
Initializing random number generator from current time


Initializing worker threads...

Threads started!

SQL statistics:
    queries performed:
        read:                            13118
        write:                           3748
        other:                           1874
        total:                           18740
    transactions:                        937    (15.61 per sec.)
    queries:                             18740  (312.17 per sec.)
    ignored errors:                      0      (0.00 per sec.)
    reconnects:                          0      (0.00 per sec.)

General statistics:
    total time:                          60.0203s
    total number of events:              937

Latency (ms):
         min:                                 24.12
         avg:                                 64.04
         max:                                192.18
         95th percentile:                     94.10
         sum:                              60003.57

Threads fairness:
    events (avg/stddev):           937.0000/0.00
    execution time (avg/stddev):   60.0036/0.00

sysbench 1.0.11 (using system LuaJIT 2.1.0-beta3)

Running the test with following options:
Number of threads: 1
Initializing random number generator from current time


Initializing worker threads...

Threads started!

SQL statistics:
    queries performed:
        read:                            13370
        write:                           3820
        other:                           1910
        total:                           19100
    transactions:                        955    (15.90 per sec.)
    queries:                             19100  (317.98 per sec.)
    ignored errors:                      0      (0.00 per sec.)
    reconnects:                          0      (0.00 per sec.)

General statistics:
    total time:                          60.0591s
    total number of events:              955

Latency (ms):
         min:                                 24.78
         avg:                                 62.86
         max:                                197.92
         95th percentile:                     89.16
         sum:                              60034.62

Threads fairness:
    events (avg/stddev):           955.0000/0.00
    execution time (avg/stddev):   60.0346/0.00

sysbench 1.0.11 (using system LuaJIT 2.1.0-beta3)

Running the test with following options:
Number of threads: 1
Initializing random number generator from current time


Initializing worker threads...

Threads started!

SQL statistics:
    queries performed:
        read:                            13146
        write:                           3756
        other:                           1878
        total:                           18780
    transactions:                        939    (15.64 per sec.)
    queries:                             18780  (312.90 per sec.)
    ignored errors:                      0      (0.00 per sec.)
    reconnects:                          0      (0.00 per sec.)

General statistics:
    total time:                          60.0175s
    total number of events:              939

Latency (ms):
         min:                                 29.87
         avg:                                 63.90
         max:                                192.63
         95th percentile:                     90.78
         sum:                              59997.71

Threads fairness:
    events (avg/stddev):           939.0000/0.00
    execution time (avg/stddev):   59.9977/0.00

sysbench 1.0.11 (using system LuaJIT 2.1.0-beta3)

Running the test with following options:
Number of threads: 1
Initializing random number generator from current time


Initializing worker threads...

Threads started!

SQL statistics:
    queries performed:
        read:                            13230
        write:                           3780
        other:                           1890
        total:                           18900
    transactions:                        945    (15.74 per sec.)
    queries:                             18900  (314.77 per sec.)
    ignored errors:                      0      (0.00 per sec.)
    reconnects:                          0      (0.00 per sec.)

General statistics:
    total time:                          60.0214s
    total number of events:              945

Latency (ms):
         min:                                 20.41
         avg:                                 63.51
         max:                                171.64
         95th percentile:                     92.42
         sum:                              60012.26

Threads fairness:
    events (avg/stddev):           945.0000/0.00
    execution time (avg/stddev):   60.0123/0.00

sysbench 1.0.11 (using system LuaJIT 2.1.0-beta3)

Running the test with following options:
Number of threads: 1
Initializing random number generator from current time


Initializing worker threads...

Threads started!

SQL statistics:
    queries performed:
        read:                            13118
        write:                           3748
        other:                           1874
        total:                           18740
    transactions:                        937    (15.60 per sec.)
    queries:                             18740  (312.05 per sec.)
    ignored errors:                      0      (0.00 per sec.)
    reconnects:                          0      (0.00 per sec.)

General statistics:
    total time:                          60.0293s
    total number of events:              937

Latency (ms):
         min:                                 20.31
         avg:                                 64.04
         max:                                273.93
         95th percentile:                     92.42
         sum:                              60003.18

Threads fairness:
    events (avg/stddev):           937.0000/0.00
    execution time (avg/stddev):   60.0032/0.00

sysbench 1.0.11 (using system LuaJIT 2.1.0-beta3)

Running the test with following options:
Number of threads: 1
Initializing random number generator from current time


Initializing worker threads...

Threads started!

SQL statistics:
    queries performed:
        read:                            13398
        write:                           3828
        other:                           1914
        total:                           19140
    transactions:                        957    (15.93 per sec.)
    queries:                             19140  (318.67 per sec.)
    ignored errors:                      0      (0.00 per sec.)
    reconnects:                          0      (0.00 per sec.)

General statistics:
    total time:                          60.0606s
    total number of events:              957

Latency (ms):
         min:                                 22.97
         avg:                                 62.74
         max:                                239.11
         95th percentile:                     89.16
         sum:                              60039.34

Threads fairness:
    events (avg/stddev):           957.0000/0.00
    execution time (avg/stddev):   60.0393/0.00

sysbench 1.0.11 (using system LuaJIT 2.1.0-beta3)

Running the test with following options:
Number of threads: 1
Initializing random number generator from current time


Initializing worker threads...

Threads started!

SQL statistics:
    queries performed:
        read:                            13146
        write:                           3756
        other:                           1878
        total:                           18780
    transactions:                        939    (15.63 per sec.)
    queries:                             18780  (312.67 per sec.)
    ignored errors:                      0      (0.00 per sec.)
    reconnects:                          0      (0.00 per sec.)

General statistics:
    total time:                          60.0490s
    total number of events:              939

Latency (ms):
         min:                                 26.56
         avg:                                 63.94
         max:                                195.42
         95th percentile:                     94.10
         sum:                              60035.98

Threads fairness:
    events (avg/stddev):           939.0000/0.00
    execution time (avg/stddev):   60.0360/0.00

sysbench 1.0.11 (using system LuaJIT 2.1.0-beta3)

Running the test with following options:
Number of threads: 1
Initializing random number generator from current time


Initializing worker threads...

Threads started!

SQL statistics:
    queries performed:
        read:                            13230
        write:                           3780
        other:                           1890
        total:                           18900
    transactions:                        945    (15.74 per sec.)
    queries:                             18900  (314.81 per sec.)
    ignored errors:                      0      (0.00 per sec.)
    reconnects:                          0      (0.00 per sec.)

General statistics:
    total time:                          60.0132s
    total number of events:              945

Latency (ms):
         min:                                 29.40
         avg:                                 63.49
         max:                                237.02
         95th percentile:                     90.78
         sum:                              59997.21

Threads fairness:
    events (avg/stddev):           945.0000/0.00
    execution time (avg/stddev):   59.9972/0.00

sysbench 1.0.11 (using system LuaJIT 2.1.0-beta3)

Running the test with following options:
Number of threads: 1
Initializing random number generator from current time


Initializing worker threads...

Threads started!

SQL statistics:
    queries performed:
        read:                            13314
        write:                           3804
        other:                           1902
        total:                           19020
    transactions:                        951    (15.84 per sec.)
    queries:                             19020  (316.80 per sec.)
    ignored errors:                      0      (0.00 per sec.)
    reconnects:                          0      (0.00 per sec.)

General statistics:
    total time:                          60.0224s
    total number of events:              951

Latency (ms):
         min:                                 25.79
         avg:                                 63.10
         max:                                206.31
         95th percentile:                     92.42
         sum:                              60009.64

Threads fairness:
    events (avg/stddev):           951.0000/0.00
    execution time (avg/stddev):   60.0096/0.00

sysbench 1.0.11 (using system LuaJIT 2.1.0-beta3)

Running the test with following options:
Number of threads: 1
Initializing random number generator from current time


Initializing worker threads...

Threads started!

SQL statistics:
    queries performed:
        read:                            12628
        write:                           3608
        other:                           1804
        total:                           18040
    transactions:                        902    (15.02 per sec.)
    queries:                             18040  (300.46 per sec.)
    ignored errors:                      0      (0.00 per sec.)
    reconnects:                          0      (0.00 per sec.)

General statistics:
    total time:                          60.0397s
    total number of events:              902

Latency (ms):
         min:                                 29.89
         avg:                                 66.55
         max:                                232.80
         95th percentile:                     99.33
         sum:                              60028.97

Threads fairness:
    events (avg/stddev):           902.0000/0.00
    execution time (avg/stddev):   60.0290/0.00

sysbench 1.0.11 (using system LuaJIT 2.1.0-beta3)

Running the test with following options:
Number of threads: 1
Initializing random number generator from current time


Initializing worker threads...

Threads started!

SQL statistics:
    queries performed:
        read:                            13020
        write:                           3720
        other:                           1860
        total:                           18600
    transactions:                        930    (15.49 per sec.)
    queries:                             18600  (309.80 per sec.)
    ignored errors:                      0      (0.00 per sec.)
    reconnects:                          0      (0.00 per sec.)

General statistics:
    total time:                          60.0292s
    total number of events:              930

Latency (ms):
         min:                                 25.47
         avg:                                 64.53
         max:                                232.84
         95th percentile:                     99.33
         sum:                              60011.04

Threads fairness:
    events (avg/stddev):           930.0000/0.00
    execution time (avg/stddev):   60.0110/0.00

sysbench 1.0.11 (using system LuaJIT 2.1.0-beta3)

Running the test with following options:
Number of threads: 1
Initializing random number generator from current time


Initializing worker threads...

Threads started!

SQL statistics:
    queries performed:
        read:                            13328
        write:                           3808
        other:                           1904
        total:                           19040
    transactions:                        952    (15.85 per sec.)
    queries:                             19040  (317.07 per sec.)
    ignored errors:                      0      (0.00 per sec.)
    reconnects:                          0      (0.00 per sec.)

General statistics:
    total time:                          60.0340s
    total number of events:              952

Latency (ms):
         min:                                 32.79
         avg:                                 63.04
         max:                                181.47
         95th percentile:                     86.00
         sum:                              60018.30

Threads fairness:
    events (avg/stddev):           952.0000/0.00
    execution time (avg/stddev):   60.0183/0.00

sysbench 1.0.11 (using system LuaJIT 2.1.0-beta3)

Running the test with following options:
Number of threads: 1
Initializing random number generator from current time


Initializing worker threads...

Threads started!

SQL statistics:
    queries performed:
        read:                            13230
        write:                           3780
        other:                           1890
        total:                           18900
    transactions:                        945    (15.75 per sec.)
    queries:                             18900  (314.97 per sec.)
    ignored errors:                      0      (0.00 per sec.)
    reconnects:                          0      (0.00 per sec.)

General statistics:
    total time:                          60.0031s
    total number of events:              945

Latency (ms):
         min:                                 23.74
         avg:                                 63.48
         max:                                169.26
         95th percentile:                     94.10
         sum:                              59991.67

Threads fairness:
    events (avg/stddev):           945.0000/0.00
    execution time (avg/stddev):   59.9917/0.00

sysbench 1.0.11 (using system LuaJIT 2.1.0-beta3)

Running the test with following options:
Number of threads: 1
Initializing random number generator from current time


Initializing worker threads...

Threads started!

SQL statistics:
    queries performed:
        read:                            13216
        write:                           3776
        other:                           1888
        total:                           18880
    transactions:                        944    (15.72 per sec.)
    queries:                             18880  (314.33 per sec.)
    ignored errors:                      0      (0.00 per sec.)
    reconnects:                          0      (0.00 per sec.)

General statistics:
    total time:                          60.0491s
    total number of events:              944

Latency (ms):
         min:                                 28.21
         avg:                                 63.59
         max:                                182.46
         95th percentile:                     87.56
         sum:                              60031.78

Threads fairness:
    events (avg/stddev):           944.0000/0.00
    execution time (avg/stddev):   60.0318/0.00

sysbench 1.0.11 (using system LuaJIT 2.1.0-beta3)

Running the test with following options:
Number of threads: 1
Initializing random number generator from current time


Initializing worker threads...

Threads started!

SQL statistics:
    queries performed:
        read:                            13258
        write:                           3788
        other:                           1894
        total:                           18940
    transactions:                        947    (15.78 per sec.)
    queries:                             18940  (315.53 per sec.)
    ignored errors:                      0      (0.00 per sec.)
    reconnects:                          0      (0.00 per sec.)

General statistics:
    total time:                          60.0233s
    total number of events:              947

Latency (ms):
         min:                                 22.86
         avg:                                 63.37
         max:                                241.80
         95th percentile:                     89.16
         sum:                              60014.66

Threads fairness:
    events (avg/stddev):           947.0000/0.00
    execution time (avg/stddev):   60.0147/0.00

sysbench 1.0.11 (using system LuaJIT 2.1.0-beta3)

Running the test with following options:
Number of threads: 1
Initializing random number generator from current time


Initializing worker threads...

Threads started!

SQL statistics:
    queries performed:
        read:                            13286
        write:                           3796
        other:                           1898
        total:                           18980
    transactions:                        949    (15.81 per sec.)
    queries:                             18980  (316.15 per sec.)
    ignored errors:                      0      (0.00 per sec.)
    reconnects:                          0      (0.00 per sec.)

General statistics:
    total time:                          60.0040s
    total number of events:              949

Latency (ms):
         min:                                 31.60
         avg:                                 63.22
         max:                                177.49
         95th percentile:                     90.78
         sum:                              59995.33

Threads fairness:
    events (avg/stddev):           949.0000/0.00
    execution time (avg/stddev):   59.9953/0.00

sysbench 1.0.11 (using system LuaJIT 2.1.0-beta3)

Running the test with following options:
Number of threads: 1
Initializing random number generator from current time


Initializing worker threads...

Threads started!

SQL statistics:
    queries performed:
        read:                            13356
        write:                           3816
        other:                           1908
        total:                           19080
    transactions:                        954    (15.88 per sec.)
    queries:                             19080  (317.55 per sec.)
    ignored errors:                      0      (0.00 per sec.)
    reconnects:                          0      (0.00 per sec.)

General statistics:
    total time:                          60.0648s
    total number of events:              954

Latency (ms):
         min:                                 33.13
         avg:                                 62.94
         max:                                185.21
         95th percentile:                     94.10
         sum:                              60048.37

Threads fairness:
    events (avg/stddev):           954.0000/0.00
    execution time (avg/stddev):   60.0484/0.00

sysbench 1.0.11 (using system LuaJIT 2.1.0-beta3)

Running the test with following options:
Number of threads: 1
Initializing random number generator from current time


Initializing worker threads...

Threads started!

SQL statistics:
    queries performed:
        read:                            13286
        write:                           3796
        other:                           1898
        total:                           18980
    transactions:                        949    (15.79 per sec.)
    queries:                             18980  (315.90 per sec.)
    ignored errors:                      0      (0.00 per sec.)
    reconnects:                          0      (0.00 per sec.)

General statistics:
    total time:                          60.0809s
    total number of events:              949

Latency (ms):
         min:                                 29.07
         avg:                                 63.30
         max:                                169.60
         95th percentile:                     90.78
         sum:                              60069.56

Threads fairness:
    events (avg/stddev):           949.0000/0.00
    execution time (avg/stddev):   60.0696/0.00

sysbench 1.0.11 (using system LuaJIT 2.1.0-beta3)

Running the test with following options:
Number of threads: 1
Initializing random number generator from current time


Initializing worker threads...

Threads started!

SQL statistics:
    queries performed:
        read:                            13286
        write:                           3796
        other:                           1898
        total:                           18980
    transactions:                        949    (15.80 per sec.)
    queries:                             18980  (316.02 per sec.)
    ignored errors:                      0      (0.00 per sec.)
    reconnects:                          0      (0.00 per sec.)

General statistics:
    total time:                          60.0446s
    total number of events:              949

Latency (ms):
         min:                                 24.43
         avg:                                 63.26
         max:                                199.27
         95th percentile:                     92.42
         sum:                              60032.60

Threads fairness:
    events (avg/stddev):           949.0000/0.00
    execution time (avg/stddev):   60.0326/0.00

sysbench 1.0.11 (using system LuaJIT 2.1.0-beta3)

Running the test with following options:
Number of threads: 1
Initializing random number generator from current time


Initializing worker threads...

Threads started!

SQL statistics:
    queries performed:
        read:                            13412
        write:                           3832
        other:                           1916
        total:                           19160
    transactions:                        958    (15.96 per sec.)
    queries:                             19160  (319.27 per sec.)
    ignored errors:                      0      (0.00 per sec.)
    reconnects:                          0      (0.00 per sec.)

General statistics:
    total time:                          60.0095s
    total number of events:              958

Latency (ms):
         min:                                 36.07
         avg:                                 62.62
         max:                                207.83
         95th percentile:                     86.00
         sum:                              59994.55

Threads fairness:
    events (avg/stddev):           958.0000/0.00
    execution time (avg/stddev):   59.9946/0.00

sysbench 1.0.11 (using system LuaJIT 2.1.0-beta3)

Running the test with following options:
Number of threads: 1
Initializing random number generator from current time


Initializing worker threads...

Threads started!

SQL statistics:
    queries performed:
        read:                            13314
        write:                           3804
        other:                           1902
        total:                           19020
    transactions:                        951    (15.84 per sec.)
    queries:                             19020  (316.77 per sec.)
    ignored errors:                      0      (0.00 per sec.)
    reconnects:                          0      (0.00 per sec.)

General statistics:
    total time:                          60.0202s
    total number of events:              951

Latency (ms):
         min:                                 26.95
         avg:                                 63.10
         max:                                270.70
         95th percentile:                     89.16
         sum:                              60006.81

Threads fairness:
    events (avg/stddev):           951.0000/0.00
    execution time (avg/stddev):   60.0068/0.00

sysbench 1.0.11 (using system LuaJIT 2.1.0-beta3)

Running the test with following options:
Number of threads: 1
Initializing random number generator from current time


Initializing worker threads...

Threads started!

SQL statistics:
    queries performed:
        read:                            13272
        write:                           3792
        other:                           1896
        total:                           18960
    transactions:                        948    (15.79 per sec.)
    queries:                             18960  (315.79 per sec.)
    ignored errors:                      0      (0.00 per sec.)
    reconnects:                          0      (0.00 per sec.)

General statistics:
    total time:                          60.0382s
    total number of events:              948

Latency (ms):
         min:                                 23.55
         avg:                                 63.32
         max:                                349.47
         95th percentile:                     89.16
         sum:                              60027.04

Threads fairness:
    events (avg/stddev):           948.0000/0.00
    execution time (avg/stddev):   60.0270/0.00

sysbench 1.0.11 (using system LuaJIT 2.1.0-beta3)

Running the test with following options:
Number of threads: 1
Initializing random number generator from current time


Initializing worker threads...

Threads started!

SQL statistics:
    queries performed:
        read:                            13272
        write:                           3792
        other:                           1896
        total:                           18960
    transactions:                        948    (15.80 per sec.)
    queries:                             18960  (315.93 per sec.)
    ignored errors:                      0      (0.00 per sec.)
    reconnects:                          0      (0.00 per sec.)

General statistics:
    total time:                          60.0122s
    total number of events:              948

Latency (ms):
         min:                                 22.53
         avg:                                 63.28
         max:                                188.79
         95th percentile:                     90.78
         sum:                              59987.73

Threads fairness:
    events (avg/stddev):           948.0000/0.00
    execution time (avg/stddev):   59.9877/0.00

sysbench 1.0.11 (using system LuaJIT 2.1.0-beta3)

Running the test with following options:
Number of threads: 1
Initializing random number generator from current time


Initializing worker threads...

Threads started!

SQL statistics:
    queries performed:
        read:                            13440
        write:                           3840
        other:                           1920
        total:                           19200
    transactions:                        960    (15.99 per sec.)
    queries:                             19200  (319.75 per sec.)
    ignored errors:                      0      (0.00 per sec.)
    reconnects:                          0      (0.00 per sec.)

General statistics:
    total time:                          60.0343s
    total number of events:              960

Latency (ms):
         min:                                 22.88
         avg:                                 62.51
         max:                                226.88
         95th percentile:                     86.00
         sum:                              60013.23

Threads fairness:
    events (avg/stddev):           960.0000/0.00
    execution time (avg/stddev):   60.0132/0.00

