sysbench 1.0.11 (using system LuaJIT 2.1.0-beta3)

Running the test with following options:
Number of threads: 1
Initializing random number generator from current time


Initializing worker threads...

Threads started!

SQL statistics:
    queries performed:
        read:                            106232
        write:                           30352
        other:                           15176
        total:                           151760
    transactions:                        7588   (126.46 per sec.)
    queries:                             151760 (2529.13 per sec.)
    ignored errors:                      0      (0.00 per sec.)
    reconnects:                          0      (0.00 per sec.)

General statistics:
    total time:                          60.0033s
    total number of events:              7588

Latency (ms):
         min:                                  4.78
         avg:                                  7.90
         max:                                 35.53
         95th percentile:                      9.39
         sum:                              59968.63

Threads fairness:
    events (avg/stddev):           7588.0000/0.00
    execution time (avg/stddev):   59.9686/0.00

sysbench 1.0.11 (using system LuaJIT 2.1.0-beta3)

Running the test with following options:
Number of threads: 1
Initializing random number generator from current time


Initializing worker threads...

Threads started!

SQL statistics:
    queries performed:
        read:                            106330
        write:                           30380
        other:                           15190
        total:                           151900
    transactions:                        7595   (126.58 per sec.)
    queries:                             151900 (2531.54 per sec.)
    ignored errors:                      0      (0.00 per sec.)
    reconnects:                          0      (0.00 per sec.)

General statistics:
    total time:                          60.0014s
    total number of events:              7595

Latency (ms):
         min:                                  4.79
         avg:                                  7.90
         max:                                 25.09
         95th percentile:                      9.39
         sum:                              59966.34

Threads fairness:
    events (avg/stddev):           7595.0000/0.00
    execution time (avg/stddev):   59.9663/0.00

sysbench 1.0.11 (using system LuaJIT 2.1.0-beta3)

Running the test with following options:
Number of threads: 1
Initializing random number generator from current time


Initializing worker threads...

Threads started!

SQL statistics:
    queries performed:
        read:                            106246
        write:                           30356
        other:                           15178
        total:                           151780
    transactions:                        7589   (126.47 per sec.)
    queries:                             151780 (2529.42 per sec.)
    ignored errors:                      0      (0.00 per sec.)
    reconnects:                          0      (0.00 per sec.)

General statistics:
    total time:                          60.0041s
    total number of events:              7589

Latency (ms):
         min:                                  4.82
         avg:                                  7.90
         max:                                 31.89
         95th percentile:                      9.39
         sum:                              59969.80

Threads fairness:
    events (avg/stddev):           7589.0000/0.00
    execution time (avg/stddev):   59.9698/0.00

sysbench 1.0.11 (using system LuaJIT 2.1.0-beta3)

Running the test with following options:
Number of threads: 1
Initializing random number generator from current time


Initializing worker threads...

Threads started!

SQL statistics:
    queries performed:
        read:                            106204
        write:                           30344
        other:                           15172
        total:                           151720
    transactions:                        7586   (126.42 per sec.)
    queries:                             151720 (2528.41 per sec.)
    ignored errors:                      0      (0.00 per sec.)
    reconnects:                          0      (0.00 per sec.)

General statistics:
    total time:                          60.0043s
    total number of events:              7586

Latency (ms):
         min:                                  4.72
         avg:                                  7.91
         max:                                 27.95
         95th percentile:                      9.39
         sum:                              59969.00

Threads fairness:
    events (avg/stddev):           7586.0000/0.00
    execution time (avg/stddev):   59.9690/0.00

sysbench 1.0.11 (using system LuaJIT 2.1.0-beta3)

Running the test with following options:
Number of threads: 1
Initializing random number generator from current time


Initializing worker threads...

Threads started!

SQL statistics:
    queries performed:
        read:                            106274
        write:                           30364
        other:                           15182
        total:                           151820
    transactions:                        7591   (126.51 per sec.)
    queries:                             151820 (2530.24 per sec.)
    ignored errors:                      0      (0.00 per sec.)
    reconnects:                          0      (0.00 per sec.)

General statistics:
    total time:                          60.0006s
    total number of events:              7591

Latency (ms):
         min:                                  4.76
         avg:                                  7.90
         max:                                 35.36
         95th percentile:                      9.39
         sum:                              59966.26

Threads fairness:
    events (avg/stddev):           7591.0000/0.00
    execution time (avg/stddev):   59.9663/0.00

sysbench 1.0.11 (using system LuaJIT 2.1.0-beta3)

Running the test with following options:
Number of threads: 1
Initializing random number generator from current time


Initializing worker threads...

Threads started!

SQL statistics:
    queries performed:
        read:                            106400
        write:                           30400
        other:                           15200
        total:                           152000
    transactions:                        7600   (126.66 per sec.)
    queries:                             152000 (2533.21 per sec.)
    ignored errors:                      0      (0.00 per sec.)
    reconnects:                          0      (0.00 per sec.)

General statistics:
    total time:                          60.0012s
    total number of events:              7600

Latency (ms):
         min:                                  4.76
         avg:                                  7.89
         max:                                 33.27
         95th percentile:                      9.39
         sum:                              59966.24

Threads fairness:
    events (avg/stddev):           7600.0000/0.00
    execution time (avg/stddev):   59.9662/0.00

sysbench 1.0.11 (using system LuaJIT 2.1.0-beta3)

Running the test with following options:
Number of threads: 1
Initializing random number generator from current time


Initializing worker threads...

Threads started!

SQL statistics:
    queries performed:
        read:                            106302
        write:                           30372
        other:                           15186
        total:                           151860
    transactions:                        7593   (126.55 per sec.)
    queries:                             151860 (2530.91 per sec.)
    ignored errors:                      0      (0.00 per sec.)
    reconnects:                          0      (0.00 per sec.)

General statistics:
    total time:                          60.0004s
    total number of events:              7593

Latency (ms):
         min:                                  4.62
         avg:                                  7.90
         max:                                 25.49
         95th percentile:                      9.22
         sum:                              59964.90

Threads fairness:
    events (avg/stddev):           7593.0000/0.00
    execution time (avg/stddev):   59.9649/0.00

sysbench 1.0.11 (using system LuaJIT 2.1.0-beta3)

Running the test with following options:
Number of threads: 1
Initializing random number generator from current time


Initializing worker threads...

Threads started!

SQL statistics:
    queries performed:
        read:                            106330
        write:                           30380
        other:                           15190
        total:                           151900
    transactions:                        7595   (126.56 per sec.)
    queries:                             151900 (2531.29 per sec.)
    ignored errors:                      0      (0.00 per sec.)
    reconnects:                          0      (0.00 per sec.)

General statistics:
    total time:                          60.0072s
    total number of events:              7595

Latency (ms):
         min:                                  4.68
         avg:                                  7.90
         max:                                 30.23
         95th percentile:                      9.22
         sum:                              59971.21

Threads fairness:
    events (avg/stddev):           7595.0000/0.00
    execution time (avg/stddev):   59.9712/0.00

sysbench 1.0.11 (using system LuaJIT 2.1.0-beta3)

Running the test with following options:
Number of threads: 1
Initializing random number generator from current time


Initializing worker threads...

Threads started!

SQL statistics:
    queries performed:
        read:                            106372
        write:                           30392
        other:                           15196
        total:                           151960
    transactions:                        7598   (126.61 per sec.)
    queries:                             151960 (2532.23 per sec.)
    ignored errors:                      0      (0.00 per sec.)
    reconnects:                          0      (0.00 per sec.)

General statistics:
    total time:                          60.0086s
    total number of events:              7598

Latency (ms):
         min:                                  4.73
         avg:                                  7.89
         max:                                 27.89
         95th percentile:                      9.39
         sum:                              59972.93

Threads fairness:
    events (avg/stddev):           7598.0000/0.00
    execution time (avg/stddev):   59.9729/0.00

sysbench 1.0.11 (using system LuaJIT 2.1.0-beta3)

Running the test with following options:
Number of threads: 1
Initializing random number generator from current time


Initializing worker threads...

Threads started!

SQL statistics:
    queries performed:
        read:                            106330
        write:                           30380
        other:                           15190
        total:                           151900
    transactions:                        7595   (126.57 per sec.)
    queries:                             151900 (2531.38 per sec.)
    ignored errors:                      0      (0.00 per sec.)
    reconnects:                          0      (0.00 per sec.)

General statistics:
    total time:                          60.0050s
    total number of events:              7595

Latency (ms):
         min:                                  4.71
         avg:                                  7.90
         max:                                 25.48
         95th percentile:                      9.39
         sum:                              59970.78

Threads fairness:
    events (avg/stddev):           7595.0000/0.00
    execution time (avg/stddev):   59.9708/0.00

sysbench 1.0.11 (using system LuaJIT 2.1.0-beta3)

Running the test with following options:
Number of threads: 1
Initializing random number generator from current time


Initializing worker threads...

Threads started!

SQL statistics:
    queries performed:
        read:                            106232
        write:                           30352
        other:                           15176
        total:                           151760
    transactions:                        7588   (126.46 per sec.)
    queries:                             151760 (2529.12 per sec.)
    ignored errors:                      0      (0.00 per sec.)
    reconnects:                          0      (0.00 per sec.)

General statistics:
    total time:                          60.0034s
    total number of events:              7588

Latency (ms):
         min:                                  4.66
         avg:                                  7.90
         max:                                 34.40
         95th percentile:                      9.39
         sum:                              59967.64

Threads fairness:
    events (avg/stddev):           7588.0000/0.00
    execution time (avg/stddev):   59.9676/0.00

sysbench 1.0.11 (using system LuaJIT 2.1.0-beta3)

Running the test with following options:
Number of threads: 1
Initializing random number generator from current time


Initializing worker threads...

Threads started!

SQL statistics:
    queries performed:
        read:                            106232
        write:                           30352
        other:                           15176
        total:                           151760
    transactions:                        7588   (126.45 per sec.)
    queries:                             151760 (2529.05 per sec.)
    ignored errors:                      0      (0.00 per sec.)
    reconnects:                          0      (0.00 per sec.)

General statistics:
    total time:                          60.0050s
    total number of events:              7588

Latency (ms):
         min:                                  4.72
         avg:                                  7.90
         max:                                 25.46
         95th percentile:                      9.39
         sum:                              59970.67

Threads fairness:
    events (avg/stddev):           7588.0000/0.00
    execution time (avg/stddev):   59.9707/0.00

sysbench 1.0.11 (using system LuaJIT 2.1.0-beta3)

Running the test with following options:
Number of threads: 1
Initializing random number generator from current time


Initializing worker threads...

Threads started!

SQL statistics:
    queries performed:
        read:                            106190
        write:                           30340
        other:                           15170
        total:                           151700
    transactions:                        7585   (126.40 per sec.)
    queries:                             151700 (2528.06 per sec.)
    ignored errors:                      0      (0.00 per sec.)
    reconnects:                          0      (0.00 per sec.)

General statistics:
    total time:                          60.0047s
    total number of events:              7585

Latency (ms):
         min:                                  4.64
         avg:                                  7.91
         max:                                 28.53
         95th percentile:                      9.22
         sum:                              59969.24

Threads fairness:
    events (avg/stddev):           7585.0000/0.00
    execution time (avg/stddev):   59.9692/0.00

sysbench 1.0.11 (using system LuaJIT 2.1.0-beta3)

Running the test with following options:
Number of threads: 1
Initializing random number generator from current time


Initializing worker threads...

Threads started!

SQL statistics:
    queries performed:
        read:                            106148
        write:                           30328
        other:                           15164
        total:                           151640
    transactions:                        7582   (126.36 per sec.)
    queries:                             151640 (2527.10 per sec.)
    ignored errors:                      0      (0.00 per sec.)
    reconnects:                          0      (0.00 per sec.)

General statistics:
    total time:                          60.0037s
    total number of events:              7582

Latency (ms):
         min:                                  4.75
         avg:                                  7.91
         max:                                 38.65
         95th percentile:                      9.39
         sum:                              59967.99

Threads fairness:
    events (avg/stddev):           7582.0000/0.00
    execution time (avg/stddev):   59.9680/0.00

sysbench 1.0.11 (using system LuaJIT 2.1.0-beta3)

Running the test with following options:
Number of threads: 1
Initializing random number generator from current time


Initializing worker threads...

Threads started!

SQL statistics:
    queries performed:
        read:                            106372
        write:                           30392
        other:                           15196
        total:                           151960
    transactions:                        7598   (126.61 per sec.)
    queries:                             151960 (2532.30 per sec.)
    ignored errors:                      0      (0.00 per sec.)
    reconnects:                          0      (0.00 per sec.)

General statistics:
    total time:                          60.0071s
    total number of events:              7598

Latency (ms):
         min:                                  4.78
         avg:                                  7.89
         max:                                 28.78
         95th percentile:                      9.39
         sum:                              59973.81

Threads fairness:
    events (avg/stddev):           7598.0000/0.00
    execution time (avg/stddev):   59.9738/0.00

sysbench 1.0.11 (using system LuaJIT 2.1.0-beta3)

Running the test with following options:
Number of threads: 1
Initializing random number generator from current time


Initializing worker threads...

Threads started!

SQL statistics:
    queries performed:
        read:                            106330
        write:                           30380
        other:                           15190
        total:                           151900
    transactions:                        7595   (126.57 per sec.)
    queries:                             151900 (2531.39 per sec.)
    ignored errors:                      0      (0.00 per sec.)
    reconnects:                          0      (0.00 per sec.)

General statistics:
    total time:                          60.0047s
    total number of events:              7595

Latency (ms):
         min:                                  4.73
         avg:                                  7.90
         max:                                 34.38
         95th percentile:                      9.39
         sum:                              59970.75

Threads fairness:
    events (avg/stddev):           7595.0000/0.00
    execution time (avg/stddev):   59.9707/0.00

sysbench 1.0.11 (using system LuaJIT 2.1.0-beta3)

Running the test with following options:
Number of threads: 1
Initializing random number generator from current time


Initializing worker threads...

Threads started!

SQL statistics:
    queries performed:
        read:                            105840
        write:                           30240
        other:                           15120
        total:                           151200
    transactions:                        7560   (125.99 per sec.)
    queries:                             151200 (2519.87 per sec.)
    ignored errors:                      0      (0.00 per sec.)
    reconnects:                          0      (0.00 per sec.)

General statistics:
    total time:                          60.0015s
    total number of events:              7560

Latency (ms):
         min:                                  4.77
         avg:                                  7.93
         max:                                120.65
         95th percentile:                      9.39
         sum:                              59968.42

Threads fairness:
    events (avg/stddev):           7560.0000/0.00
    execution time (avg/stddev):   59.9684/0.00

sysbench 1.0.11 (using system LuaJIT 2.1.0-beta3)

Running the test with following options:
Number of threads: 1
Initializing random number generator from current time


Initializing worker threads...

Threads started!

SQL statistics:
    queries performed:
        read:                            106428
        write:                           30408
        other:                           15204
        total:                           152040
    transactions:                        7602   (126.69 per sec.)
    queries:                             152040 (2533.82 per sec.)
    ignored errors:                      0      (0.00 per sec.)
    reconnects:                          0      (0.00 per sec.)

General statistics:
    total time:                          60.0024s
    total number of events:              7602

Latency (ms):
         min:                                  4.60
         avg:                                  7.89
         max:                                 32.88
         95th percentile:                      9.39
         sum:                              59968.79

Threads fairness:
    events (avg/stddev):           7602.0000/0.00
    execution time (avg/stddev):   59.9688/0.00

sysbench 1.0.11 (using system LuaJIT 2.1.0-beta3)

Running the test with following options:
Number of threads: 1
Initializing random number generator from current time


Initializing worker threads...

Threads started!

SQL statistics:
    queries performed:
        read:                            108290
        write:                           30940
        other:                           15470
        total:                           154700
    transactions:                        7735   (128.90 per sec.)
    queries:                             154700 (2578.06 per sec.)
    ignored errors:                      0      (0.00 per sec.)
    reconnects:                          0      (0.00 per sec.)

General statistics:
    total time:                          60.0047s
    total number of events:              7735

Latency (ms):
         min:                                  4.27
         avg:                                  7.75
         max:                                 29.01
         95th percentile:                      9.22
         sum:                              59968.53

Threads fairness:
    events (avg/stddev):           7735.0000/0.00
    execution time (avg/stddev):   59.9685/0.00

sysbench 1.0.11 (using system LuaJIT 2.1.0-beta3)

Running the test with following options:
Number of threads: 1
Initializing random number generator from current time


Initializing worker threads...

Threads started!

SQL statistics:
    queries performed:
        read:                            108668
        write:                           31048
        other:                           15524
        total:                           155240
    transactions:                        7762   (129.36 per sec.)
    queries:                             155240 (2587.20 per sec.)
    ignored errors:                      0      (0.00 per sec.)
    reconnects:                          0      (0.00 per sec.)

General statistics:
    total time:                          60.0015s
    total number of events:              7762

Latency (ms):
         min:                                  4.06
         avg:                                  7.73
         max:                                 29.43
         95th percentile:                      9.22
         sum:                              59966.82

Threads fairness:
    events (avg/stddev):           7762.0000/0.00
    execution time (avg/stddev):   59.9668/0.00

sysbench 1.0.11 (using system LuaJIT 2.1.0-beta3)

Running the test with following options:
Number of threads: 1
Initializing random number generator from current time


Initializing worker threads...

Threads started!

SQL statistics:
    queries performed:
        read:                            109032
        write:                           31152
        other:                           15576
        total:                           155760
    transactions:                        7788   (129.78 per sec.)
    queries:                             155760 (2595.55 per sec.)
    ignored errors:                      0      (0.00 per sec.)
    reconnects:                          0      (0.00 per sec.)

General statistics:
    total time:                          60.0088s
    total number of events:              7788

Latency (ms):
         min:                                  4.00
         avg:                                  7.70
         max:                                 26.40
         95th percentile:                      9.22
         sum:                              59969.42

Threads fairness:
    events (avg/stddev):           7788.0000/0.00
    execution time (avg/stddev):   59.9694/0.00

sysbench 1.0.11 (using system LuaJIT 2.1.0-beta3)

Running the test with following options:
Number of threads: 1
Initializing random number generator from current time


Initializing worker threads...

Threads started!

SQL statistics:
    queries performed:
        read:                            107870
        write:                           30820
        other:                           15410
        total:                           154100
    transactions:                        7705   (128.40 per sec.)
    queries:                             154100 (2568.05 per sec.)
    ignored errors:                      0      (0.00 per sec.)
    reconnects:                          0      (0.00 per sec.)

General statistics:
    total time:                          60.0048s
    total number of events:              7705

Latency (ms):
         min:                                  4.24
         avg:                                  7.78
         max:                                 31.53
         95th percentile:                      9.22
         sum:                              59969.40

Threads fairness:
    events (avg/stddev):           7705.0000/0.00
    execution time (avg/stddev):   59.9694/0.00

sysbench 1.0.11 (using system LuaJIT 2.1.0-beta3)

Running the test with following options:
Number of threads: 1
Initializing random number generator from current time


Initializing worker threads...

Threads started!

SQL statistics:
    queries performed:
        read:                            107044
        write:                           30584
        other:                           15292
        total:                           152920
    transactions:                        7646   (127.42 per sec.)
    queries:                             152920 (2548.44 per sec.)
    ignored errors:                      0      (0.00 per sec.)
    reconnects:                          0      (0.00 per sec.)

General statistics:
    total time:                          60.0036s
    total number of events:              7646

Latency (ms):
         min:                                  4.37
         avg:                                  7.84
         max:                                 36.81
         95th percentile:                      9.39
         sum:                              59968.08

Threads fairness:
    events (avg/stddev):           7646.0000/0.00
    execution time (avg/stddev):   59.9681/0.00

sysbench 1.0.11 (using system LuaJIT 2.1.0-beta3)

Running the test with following options:
Number of threads: 1
Initializing random number generator from current time


Initializing worker threads...

Threads started!

SQL statistics:
    queries performed:
        read:                            106568
        write:                           30448
        other:                           15224
        total:                           152240
    transactions:                        7612   (126.85 per sec.)
    queries:                             152240 (2536.96 per sec.)
    ignored errors:                      0      (0.00 per sec.)
    reconnects:                          0      (0.00 per sec.)

General statistics:
    total time:                          60.0072s
    total number of events:              7612

Latency (ms):
         min:                                  4.38
         avg:                                  7.88
         max:                                 25.04
         95th percentile:                      9.39
         sum:                              59972.88

Threads fairness:
    events (avg/stddev):           7612.0000/0.00
    execution time (avg/stddev):   59.9729/0.00

sysbench 1.0.11 (using system LuaJIT 2.1.0-beta3)

Running the test with following options:
Number of threads: 1
Initializing random number generator from current time


Initializing worker threads...

Threads started!

SQL statistics:
    queries performed:
        read:                            106288
        write:                           30368
        other:                           15184
        total:                           151840
    transactions:                        7592   (126.51 per sec.)
    queries:                             151840 (2530.23 per sec.)
    ignored errors:                      0      (0.00 per sec.)
    reconnects:                          0      (0.00 per sec.)

General statistics:
    total time:                          60.0084s
    total number of events:              7592

Latency (ms):
         min:                                  4.75
         avg:                                  7.90
         max:                                 32.64
         95th percentile:                      9.39
         sum:                              59971.82

Threads fairness:
    events (avg/stddev):           7592.0000/0.00
    execution time (avg/stddev):   59.9718/0.00

sysbench 1.0.11 (using system LuaJIT 2.1.0-beta3)

Running the test with following options:
Number of threads: 1
Initializing random number generator from current time


Initializing worker threads...

Threads started!

SQL statistics:
    queries performed:
        read:                            106358
        write:                           30388
        other:                           15194
        total:                           151940
    transactions:                        7597   (126.61 per sec.)
    queries:                             151940 (2532.11 per sec.)
    ignored errors:                      0      (0.00 per sec.)
    reconnects:                          0      (0.00 per sec.)

General statistics:
    total time:                          60.0036s
    total number of events:              7597

Latency (ms):
         min:                                  4.66
         avg:                                  7.89
         max:                                 25.66
         95th percentile:                      9.39
         sum:                              59969.92

Threads fairness:
    events (avg/stddev):           7597.0000/0.00
    execution time (avg/stddev):   59.9699/0.00

sysbench 1.0.11 (using system LuaJIT 2.1.0-beta3)

Running the test with following options:
Number of threads: 1
Initializing random number generator from current time


Initializing worker threads...

Threads started!

SQL statistics:
    queries performed:
        read:                            106358
        write:                           30388
        other:                           15194
        total:                           151940
    transactions:                        7597   (126.61 per sec.)
    queries:                             151940 (2532.11 per sec.)
    ignored errors:                      0      (0.00 per sec.)
    reconnects:                          0      (0.00 per sec.)

General statistics:
    total time:                          60.0034s
    total number of events:              7597

Latency (ms):
         min:                                  4.78
         avg:                                  7.89
         max:                                 31.66
         95th percentile:                      9.39
         sum:                              59968.13

Threads fairness:
    events (avg/stddev):           7597.0000/0.00
    execution time (avg/stddev):   59.9681/0.00

sysbench 1.0.11 (using system LuaJIT 2.1.0-beta3)

Running the test with following options:
Number of threads: 1
Initializing random number generator from current time


Initializing worker threads...

Threads started!

SQL statistics:
    queries performed:
        read:                            106246
        write:                           30356
        other:                           15178
        total:                           151780
    transactions:                        7589   (126.46 per sec.)
    queries:                             151780 (2529.22 per sec.)
    ignored errors:                      0      (0.00 per sec.)
    reconnects:                          0      (0.00 per sec.)

General statistics:
    total time:                          60.0088s
    total number of events:              7589

Latency (ms):
         min:                                  4.70
         avg:                                  7.90
         max:                                 44.87
         95th percentile:                      9.22
         sum:                              59973.09

Threads fairness:
    events (avg/stddev):           7589.0000/0.00
    execution time (avg/stddev):   59.9731/0.00

sysbench 1.0.11 (using system LuaJIT 2.1.0-beta3)

Running the test with following options:
Number of threads: 1
Initializing random number generator from current time


Initializing worker threads...

Threads started!

SQL statistics:
    queries performed:
        read:                            106092
        write:                           30312
        other:                           15156
        total:                           151560
    transactions:                        7578   (126.29 per sec.)
    queries:                             151560 (2525.78 per sec.)
    ignored errors:                      0      (0.00 per sec.)
    reconnects:                          0      (0.00 per sec.)

General statistics:
    total time:                          60.0033s
    total number of events:              7578

Latency (ms):
         min:                                  4.78
         avg:                                  7.91
         max:                                 28.42
         95th percentile:                      9.39
         sum:                              59968.79

Threads fairness:
    events (avg/stddev):           7578.0000/0.00
    execution time (avg/stddev):   59.9688/0.00

sysbench 1.0.11 (using system LuaJIT 2.1.0-beta3)

Running the test with following options:
Number of threads: 1
Initializing random number generator from current time


Initializing worker threads...

Threads started!

SQL statistics:
    queries performed:
        read:                            106344
        write:                           30384
        other:                           15192
        total:                           151920
    transactions:                        7596   (126.59 per sec.)
    queries:                             151920 (2531.71 per sec.)
    ignored errors:                      0      (0.00 per sec.)
    reconnects:                          0      (0.00 per sec.)

General statistics:
    total time:                          60.0050s
    total number of events:              7596

Latency (ms):
         min:                                  4.80
         avg:                                  7.89
         max:                                 39.03
         95th percentile:                      9.39
         sum:                              59970.27

Threads fairness:
    events (avg/stddev):           7596.0000/0.00
    execution time (avg/stddev):   59.9703/0.00

