sysbench 1.0.11 (using system LuaJIT 2.1.0-beta3)

Running the test with following options:
Number of threads: 1
Initializing random number generator from current time


Initializing worker threads...

Threads started!

SQL statistics:
    queries performed:
        read:                            20146
        write:                           5756
        other:                           2878
        total:                           28780
    transactions:                        1439   (23.97 per sec.)
    queries:                             28780  (479.48 per sec.)
    ignored errors:                      0      (0.00 per sec.)
    reconnects:                          0      (0.00 per sec.)

General statistics:
    total time:                          60.0184s
    total number of events:              1439

Latency (ms):
         min:                                  9.44
         avg:                                 41.69
         max:                                396.57
         95th percentile:                     94.10
         sum:                              59996.68

Threads fairness:
    events (avg/stddev):           1439.0000/0.00
    execution time (avg/stddev):   59.9967/0.00

sysbench 1.0.11 (using system LuaJIT 2.1.0-beta3)

Running the test with following options:
Number of threads: 1
Initializing random number generator from current time


Initializing worker threads...

Threads started!

SQL statistics:
    queries performed:
        read:                            25928
        write:                           7408
        other:                           3704
        total:                           37040
    transactions:                        1852   (30.85 per sec.)
    queries:                             37040  (617.00 per sec.)
    ignored errors:                      0      (0.00 per sec.)
    reconnects:                          0      (0.00 per sec.)

General statistics:
    total time:                          60.0306s
    total number of events:              1852

Latency (ms):
         min:                                  8.57
         avg:                                 32.41
         max:                                462.26
         95th percentile:                     59.99
         sum:                              60015.41

Threads fairness:
    events (avg/stddev):           1852.0000/0.00
    execution time (avg/stddev):   60.0154/0.00

sysbench 1.0.11 (using system LuaJIT 2.1.0-beta3)

Running the test with following options:
Number of threads: 1
Initializing random number generator from current time


Initializing worker threads...

Threads started!

SQL statistics:
    queries performed:
        read:                            26222
        write:                           7492
        other:                           3746
        total:                           37460
    transactions:                        1873   (31.21 per sec.)
    queries:                             37460  (624.17 per sec.)
    ignored errors:                      0      (0.00 per sec.)
    reconnects:                          0      (0.00 per sec.)

General statistics:
    total time:                          60.0121s
    total number of events:              1873

Latency (ms):
         min:                                  8.08
         avg:                                 32.03
         max:                                265.52
         95th percentile:                     59.99
         sum:                              59999.71

Threads fairness:
    events (avg/stddev):           1873.0000/0.00
    execution time (avg/stddev):   59.9997/0.00

sysbench 1.0.11 (using system LuaJIT 2.1.0-beta3)

Running the test with following options:
Number of threads: 1
Initializing random number generator from current time


Initializing worker threads...

Threads started!

SQL statistics:
    queries performed:
        read:                            26362
        write:                           7532
        other:                           3766
        total:                           37660
    transactions:                        1883   (31.38 per sec.)
    queries:                             37660  (627.51 per sec.)
    ignored errors:                      0      (0.00 per sec.)
    reconnects:                          0      (0.00 per sec.)

General statistics:
    total time:                          60.0130s
    total number of events:              1883

Latency (ms):
         min:                                  8.43
         avg:                                 31.86
         max:                                265.33
         95th percentile:                     57.87
         sum:                              60000.48

Threads fairness:
    events (avg/stddev):           1883.0000/0.00
    execution time (avg/stddev):   60.0005/0.00

sysbench 1.0.11 (using system LuaJIT 2.1.0-beta3)

Running the test with following options:
Number of threads: 1
Initializing random number generator from current time


Initializing worker threads...

Threads started!

SQL statistics:
    queries performed:
        read:                            26054
        write:                           7444
        other:                           3722
        total:                           37220
    transactions:                        1861   (31.01 per sec.)
    queries:                             37220  (620.22 per sec.)
    ignored errors:                      0      (0.00 per sec.)
    reconnects:                          0      (0.00 per sec.)

General statistics:
    total time:                          60.0088s
    total number of events:              1861

Latency (ms):
         min:                                  9.65
         avg:                                 32.24
         max:                                298.60
         95th percentile:                     59.99
         sum:                              59996.36

Threads fairness:
    events (avg/stddev):           1861.0000/0.00
    execution time (avg/stddev):   59.9964/0.00

sysbench 1.0.11 (using system LuaJIT 2.1.0-beta3)

Running the test with following options:
Number of threads: 1
Initializing random number generator from current time


Initializing worker threads...

Threads started!

SQL statistics:
    queries performed:
        read:                            26264
        write:                           7504
        other:                           3752
        total:                           37520
    transactions:                        1876   (31.26 per sec.)
    queries:                             37520  (625.17 per sec.)
    ignored errors:                      0      (0.00 per sec.)
    reconnects:                          0      (0.00 per sec.)

General statistics:
    total time:                          60.0066s
    total number of events:              1876

Latency (ms):
         min:                                  8.92
         avg:                                 31.98
         max:                                198.52
         95th percentile:                     57.87
         sum:                              59992.01

Threads fairness:
    events (avg/stddev):           1876.0000/0.00
    execution time (avg/stddev):   59.9920/0.00

sysbench 1.0.11 (using system LuaJIT 2.1.0-beta3)

Running the test with following options:
Number of threads: 1
Initializing random number generator from current time


Initializing worker threads...

Threads started!

SQL statistics:
    queries performed:
        read:                            25970
        write:                           7420
        other:                           3710
        total:                           37100
    transactions:                        1855   (30.91 per sec.)
    queries:                             37100  (618.19 per sec.)
    ignored errors:                      0      (0.00 per sec.)
    reconnects:                          0      (0.00 per sec.)

General statistics:
    total time:                          60.0090s
    total number of events:              1855

Latency (ms):
         min:                                  6.74
         avg:                                 32.34
         max:                                395.75
         95th percentile:                     59.99
         sum:                              59994.52

Threads fairness:
    events (avg/stddev):           1855.0000/0.00
    execution time (avg/stddev):   59.9945/0.00

sysbench 1.0.11 (using system LuaJIT 2.1.0-beta3)

Running the test with following options:
Number of threads: 1
Initializing random number generator from current time


Initializing worker threads...

Threads started!

SQL statistics:
    queries performed:
        read:                            25214
        write:                           7204
        other:                           3602
        total:                           36020
    transactions:                        1801   (30.01 per sec.)
    queries:                             36020  (600.21 per sec.)
    ignored errors:                      0      (0.00 per sec.)
    reconnects:                          0      (0.00 per sec.)

General statistics:
    total time:                          60.0094s
    total number of events:              1801

Latency (ms):
         min:                                  9.97
         avg:                                 33.31
         max:                                243.09
         95th percentile:                     61.08
         sum:                              59997.46

Threads fairness:
    events (avg/stddev):           1801.0000/0.00
    execution time (avg/stddev):   59.9975/0.00

sysbench 1.0.11 (using system LuaJIT 2.1.0-beta3)

Running the test with following options:
Number of threads: 1
Initializing random number generator from current time


Initializing worker threads...

Threads started!

SQL statistics:
    queries performed:
        read:                            26040
        write:                           7440
        other:                           3720
        total:                           37200
    transactions:                        1860   (31.00 per sec.)
    queries:                             37200  (619.91 per sec.)
    ignored errors:                      0      (0.00 per sec.)
    reconnects:                          0      (0.00 per sec.)

General statistics:
    total time:                          60.0070s
    total number of events:              1860

Latency (ms):
         min:                                  8.02
         avg:                                 32.26
         max:                                177.05
         95th percentile:                     59.99
         sum:                              59994.85

Threads fairness:
    events (avg/stddev):           1860.0000/0.00
    execution time (avg/stddev):   59.9949/0.00

sysbench 1.0.11 (using system LuaJIT 2.1.0-beta3)

Running the test with following options:
Number of threads: 1
Initializing random number generator from current time


Initializing worker threads...

Threads started!

SQL statistics:
    queries performed:
        read:                            25942
        write:                           7412
        other:                           3706
        total:                           37060
    transactions:                        1853   (30.88 per sec.)
    queries:                             37060  (617.55 per sec.)
    ignored errors:                      0      (0.00 per sec.)
    reconnects:                          0      (0.00 per sec.)

General statistics:
    total time:                          60.0055s
    total number of events:              1853

Latency (ms):
         min:                                  9.52
         avg:                                 32.38
         max:                                277.55
         95th percentile:                     61.08
         sum:                              59991.36

Threads fairness:
    events (avg/stddev):           1853.0000/0.00
    execution time (avg/stddev):   59.9914/0.00

sysbench 1.0.11 (using system LuaJIT 2.1.0-beta3)

Running the test with following options:
Number of threads: 1
Initializing random number generator from current time


Initializing worker threads...

Threads started!

SQL statistics:
    queries performed:
        read:                            25858
        write:                           7388
        other:                           3694
        total:                           36940
    transactions:                        1847   (30.78 per sec.)
    queries:                             36940  (615.62 per sec.)
    ignored errors:                      0      (0.00 per sec.)
    reconnects:                          0      (0.00 per sec.)

General statistics:
    total time:                          60.0024s
    total number of events:              1847

Latency (ms):
         min:                                  9.68
         avg:                                 32.48
         max:                                457.79
         95th percentile:                     61.08
         sum:                              59988.46

Threads fairness:
    events (avg/stddev):           1847.0000/0.00
    execution time (avg/stddev):   59.9885/0.00

sysbench 1.0.11 (using system LuaJIT 2.1.0-beta3)

Running the test with following options:
Number of threads: 1
Initializing random number generator from current time


Initializing worker threads...

Threads started!

SQL statistics:
    queries performed:
        read:                            25998
        write:                           7428
        other:                           3714
        total:                           37140
    transactions:                        1857   (30.94 per sec.)
    queries:                             37140  (618.88 per sec.)
    ignored errors:                      0      (0.00 per sec.)
    reconnects:                          0      (0.00 per sec.)

General statistics:
    total time:                          60.0093s
    total number of events:              1857

Latency (ms):
         min:                                  7.85
         avg:                                 32.31
         max:                                193.49
         95th percentile:                     59.99
         sum:                              59996.34

Threads fairness:
    events (avg/stddev):           1857.0000/0.00
    execution time (avg/stddev):   59.9963/0.00

sysbench 1.0.11 (using system LuaJIT 2.1.0-beta3)

Running the test with following options:
Number of threads: 1
Initializing random number generator from current time


Initializing worker threads...

Threads started!

SQL statistics:
    queries performed:
        read:                            25914
        write:                           7404
        other:                           3702
        total:                           37020
    transactions:                        1851   (30.84 per sec.)
    queries:                             37020  (616.88 per sec.)
    ignored errors:                      0      (0.00 per sec.)
    reconnects:                          0      (0.00 per sec.)

General statistics:
    total time:                          60.0076s
    total number of events:              1851

Latency (ms):
         min:                                  8.93
         avg:                                 32.41
         max:                                200.36
         95th percentile:                     58.92
         sum:                              59990.41

Threads fairness:
    events (avg/stddev):           1851.0000/0.00
    execution time (avg/stddev):   59.9904/0.00

sysbench 1.0.11 (using system LuaJIT 2.1.0-beta3)

Running the test with following options:
Number of threads: 1
Initializing random number generator from current time


Initializing worker threads...

Threads started!

SQL statistics:
    queries performed:
        read:                            25886
        write:                           7396
        other:                           3698
        total:                           36980
    transactions:                        1849   (30.81 per sec.)
    queries:                             36980  (616.27 per sec.)
    ignored errors:                      0      (0.00 per sec.)
    reconnects:                          0      (0.00 per sec.)

General statistics:
    total time:                          60.0017s
    total number of events:              1849

Latency (ms):
         min:                                  7.80
         avg:                                 32.44
         max:                                297.97
         95th percentile:                     58.92
         sum:                              59988.06

Threads fairness:
    events (avg/stddev):           1849.0000/0.00
    execution time (avg/stddev):   59.9881/0.00

sysbench 1.0.11 (using system LuaJIT 2.1.0-beta3)

Running the test with following options:
Number of threads: 1
Initializing random number generator from current time


Initializing worker threads...

Threads started!

SQL statistics:
    queries performed:
        read:                            25984
        write:                           7424
        other:                           3712
        total:                           37120
    transactions:                        1856   (30.93 per sec.)
    queries:                             37120  (618.59 per sec.)
    ignored errors:                      0      (0.00 per sec.)
    reconnects:                          0      (0.00 per sec.)

General statistics:
    total time:                          60.0055s
    total number of events:              1856

Latency (ms):
         min:                                  8.33
         avg:                                 32.32
         max:                                191.64
         95th percentile:                     59.99
         sum:                              59991.99

Threads fairness:
    events (avg/stddev):           1856.0000/0.00
    execution time (avg/stddev):   59.9920/0.00

sysbench 1.0.11 (using system LuaJIT 2.1.0-beta3)

Running the test with following options:
Number of threads: 1
Initializing random number generator from current time


Initializing worker threads...

Threads started!

SQL statistics:
    queries performed:
        read:                            26040
        write:                           7440
        other:                           3720
        total:                           37200
    transactions:                        1860   (30.99 per sec.)
    queries:                             37200  (619.85 per sec.)
    ignored errors:                      0      (0.00 per sec.)
    reconnects:                          0      (0.00 per sec.)

General statistics:
    total time:                          60.0105s
    total number of events:              1860

Latency (ms):
         min:                                  9.68
         avg:                                 32.26
         max:                                239.14
         95th percentile:                     58.92
         sum:                              59998.50

Threads fairness:
    events (avg/stddev):           1860.0000/0.00
    execution time (avg/stddev):   59.9985/0.00

sysbench 1.0.11 (using system LuaJIT 2.1.0-beta3)

Running the test with following options:
Number of threads: 1
Initializing random number generator from current time


Initializing worker threads...

Threads started!

SQL statistics:
    queries performed:
        read:                            25662
        write:                           7332
        other:                           3666
        total:                           36660
    transactions:                        1833   (30.53 per sec.)
    queries:                             36660  (610.62 per sec.)
    ignored errors:                      0      (0.00 per sec.)
    reconnects:                          0      (0.00 per sec.)

General statistics:
    total time:                          60.0269s
    total number of events:              1833

Latency (ms):
         min:                                  9.76
         avg:                                 32.74
         max:                                391.04
         95th percentile:                     61.08
         sum:                              60013.66

Threads fairness:
    events (avg/stddev):           1833.0000/0.00
    execution time (avg/stddev):   60.0137/0.00

sysbench 1.0.11 (using system LuaJIT 2.1.0-beta3)

Running the test with following options:
Number of threads: 1
Initializing random number generator from current time


Initializing worker threads...

Threads started!

SQL statistics:
    queries performed:
        read:                            25830
        write:                           7380
        other:                           3690
        total:                           36900
    transactions:                        1845   (30.75 per sec.)
    queries:                             36900  (614.97 per sec.)
    ignored errors:                      0      (0.00 per sec.)
    reconnects:                          0      (0.00 per sec.)

General statistics:
    total time:                          60.0011s
    total number of events:              1845

Latency (ms):
         min:                                  9.59
         avg:                                 32.51
         max:                                226.03
         95th percentile:                     59.99
         sum:                              59988.14

Threads fairness:
    events (avg/stddev):           1845.0000/0.00
    execution time (avg/stddev):   59.9881/0.00

sysbench 1.0.11 (using system LuaJIT 2.1.0-beta3)

Running the test with following options:
Number of threads: 1
Initializing random number generator from current time


Initializing worker threads...

Threads started!

SQL statistics:
    queries performed:
        read:                            25886
        write:                           7396
        other:                           3698
        total:                           36980
    transactions:                        1849   (30.81 per sec.)
    queries:                             36980  (616.28 per sec.)
    ignored errors:                      0      (0.00 per sec.)
    reconnects:                          0      (0.00 per sec.)

General statistics:
    total time:                          60.0009s
    total number of events:              1849

Latency (ms):
         min:                                  7.50
         avg:                                 32.44
         max:                                414.02
         95th percentile:                     61.08
         sum:                              59989.09

Threads fairness:
    events (avg/stddev):           1849.0000/0.00
    execution time (avg/stddev):   59.9891/0.00

sysbench 1.0.11 (using system LuaJIT 2.1.0-beta3)

Running the test with following options:
Number of threads: 1
Initializing random number generator from current time


Initializing worker threads...

Threads started!

SQL statistics:
    queries performed:
        read:                            25746
        write:                           7356
        other:                           3678
        total:                           36780
    transactions:                        1839   (30.65 per sec.)
    queries:                             36780  (612.93 per sec.)
    ignored errors:                      0      (0.00 per sec.)
    reconnects:                          0      (0.00 per sec.)

General statistics:
    total time:                          60.0046s
    total number of events:              1839

Latency (ms):
         min:                                  8.39
         avg:                                 32.62
         max:                                175.55
         95th percentile:                     61.08
         sum:                              59990.81

Threads fairness:
    events (avg/stddev):           1839.0000/0.00
    execution time (avg/stddev):   59.9908/0.00

sysbench 1.0.11 (using system LuaJIT 2.1.0-beta3)

Running the test with following options:
Number of threads: 1
Initializing random number generator from current time


Initializing worker threads...

Threads started!

SQL statistics:
    queries performed:
        read:                            25844
        write:                           7384
        other:                           3692
        total:                           36920
    transactions:                        1846   (30.76 per sec.)
    queries:                             36920  (615.27 per sec.)
    ignored errors:                      0      (0.00 per sec.)
    reconnects:                          0      (0.00 per sec.)

General statistics:
    total time:                          60.0044s
    total number of events:              1846

Latency (ms):
         min:                                  8.80
         avg:                                 32.49
         max:                                177.72
         95th percentile:                     59.99
         sum:                              59979.27

Threads fairness:
    events (avg/stddev):           1846.0000/0.00
    execution time (avg/stddev):   59.9793/0.00

sysbench 1.0.11 (using system LuaJIT 2.1.0-beta3)

Running the test with following options:
Number of threads: 1
Initializing random number generator from current time


Initializing worker threads...

Threads started!

SQL statistics:
    queries performed:
        read:                            25914
        write:                           7404
        other:                           3702
        total:                           37020
    transactions:                        1851   (30.84 per sec.)
    queries:                             37020  (616.85 per sec.)
    ignored errors:                      0      (0.00 per sec.)
    reconnects:                          0      (0.00 per sec.)

General statistics:
    total time:                          60.0082s
    total number of events:              1851

Latency (ms):
         min:                                  8.96
         avg:                                 32.41
         max:                                236.25
         95th percentile:                     61.08
         sum:                              59994.49

Threads fairness:
    events (avg/stddev):           1851.0000/0.00
    execution time (avg/stddev):   59.9945/0.00

sysbench 1.0.11 (using system LuaJIT 2.1.0-beta3)

Running the test with following options:
Number of threads: 1
Initializing random number generator from current time


Initializing worker threads...

Threads started!

SQL statistics:
    queries performed:
        read:                            25830
        write:                           7380
        other:                           3690
        total:                           36900
    transactions:                        1845   (30.74 per sec.)
    queries:                             36900  (614.80 per sec.)
    ignored errors:                      0      (0.00 per sec.)
    reconnects:                          0      (0.00 per sec.)

General statistics:
    total time:                          60.0092s
    total number of events:              1845

Latency (ms):
         min:                                  8.30
         avg:                                 32.52
         max:                                164.17
         95th percentile:                     63.32
         sum:                              59996.74

Threads fairness:
    events (avg/stddev):           1845.0000/0.00
    execution time (avg/stddev):   59.9967/0.00

sysbench 1.0.11 (using system LuaJIT 2.1.0-beta3)

Running the test with following options:
Number of threads: 1
Initializing random number generator from current time


Initializing worker threads...

Threads started!

SQL statistics:
    queries performed:
        read:                            25956
        write:                           7416
        other:                           3708
        total:                           37080
    transactions:                        1854   (30.90 per sec.)
    queries:                             37080  (617.92 per sec.)
    ignored errors:                      0      (0.00 per sec.)
    reconnects:                          0      (0.00 per sec.)

General statistics:
    total time:                          60.0061s
    total number of events:              1854

Latency (ms):
         min:                                  9.95
         avg:                                 32.36
         max:                                219.65
         95th percentile:                     61.08
         sum:                              59993.88

Threads fairness:
    events (avg/stddev):           1854.0000/0.00
    execution time (avg/stddev):   59.9939/0.00

sysbench 1.0.11 (using system LuaJIT 2.1.0-beta3)

Running the test with following options:
Number of threads: 1
Initializing random number generator from current time


Initializing worker threads...

Threads started!

SQL statistics:
    queries performed:
        read:                            25872
        write:                           7392
        other:                           3696
        total:                           36960
    transactions:                        1848   (30.79 per sec.)
    queries:                             36960  (615.84 per sec.)
    ignored errors:                      0      (0.00 per sec.)
    reconnects:                          0      (0.00 per sec.)

General statistics:
    total time:                          60.0094s
    total number of events:              1848

Latency (ms):
         min:                                  9.79
         avg:                                 32.47
         max:                                433.36
         95th percentile:                     61.08
         sum:                              59997.46

Threads fairness:
    events (avg/stddev):           1848.0000/0.00
    execution time (avg/stddev):   59.9975/0.00

sysbench 1.0.11 (using system LuaJIT 2.1.0-beta3)

Running the test with following options:
Number of threads: 1
Initializing random number generator from current time


Initializing worker threads...

Threads started!

SQL statistics:
    queries performed:
        read:                            25816
        write:                           7376
        other:                           3688
        total:                           36880
    transactions:                        1844   (30.72 per sec.)
    queries:                             36880  (614.48 per sec.)
    ignored errors:                      0      (0.00 per sec.)
    reconnects:                          0      (0.00 per sec.)

General statistics:
    total time:                          60.0148s
    total number of events:              1844

Latency (ms):
         min:                                 10.05
         avg:                                 32.54
         max:                                193.09
         95th percentile:                     59.99
         sum:                              59996.24

Threads fairness:
    events (avg/stddev):           1844.0000/0.00
    execution time (avg/stddev):   59.9962/0.00

sysbench 1.0.11 (using system LuaJIT 2.1.0-beta3)

Running the test with following options:
Number of threads: 1
Initializing random number generator from current time


Initializing worker threads...

Threads started!

SQL statistics:
    queries performed:
        read:                            25830
        write:                           7380
        other:                           3690
        total:                           36900
    transactions:                        1845   (30.75 per sec.)
    queries:                             36900  (614.95 per sec.)
    ignored errors:                      0      (0.00 per sec.)
    reconnects:                          0      (0.00 per sec.)

General statistics:
    total time:                          60.0016s
    total number of events:              1845

Latency (ms):
         min:                                 10.04
         avg:                                 32.51
         max:                                337.97
         95th percentile:                     58.92
         sum:                              59987.91

Threads fairness:
    events (avg/stddev):           1845.0000/0.00
    execution time (avg/stddev):   59.9879/0.00

sysbench 1.0.11 (using system LuaJIT 2.1.0-beta3)

Running the test with following options:
Number of threads: 1
Initializing random number generator from current time


Initializing worker threads...

Threads started!

SQL statistics:
    queries performed:
        read:                            25886
        write:                           7396
        other:                           3698
        total:                           36980
    transactions:                        1849   (30.81 per sec.)
    queries:                             36980  (616.14 per sec.)
    ignored errors:                      0      (0.00 per sec.)
    reconnects:                          0      (0.00 per sec.)

General statistics:
    total time:                          60.0170s
    total number of events:              1849

Latency (ms):
         min:                                 10.04
         avg:                                 32.45
         max:                                234.52
         95th percentile:                     62.19
         sum:                              60004.01

Threads fairness:
    events (avg/stddev):           1849.0000/0.00
    execution time (avg/stddev):   60.0040/0.00

sysbench 1.0.11 (using system LuaJIT 2.1.0-beta3)

Running the test with following options:
Number of threads: 1
Initializing random number generator from current time


Initializing worker threads...

Threads started!

SQL statistics:
    queries performed:
        read:                            25802
        write:                           7372
        other:                           3686
        total:                           36860
    transactions:                        1843   (30.71 per sec.)
    queries:                             36860  (614.20 per sec.)
    ignored errors:                      0      (0.00 per sec.)
    reconnects:                          0      (0.00 per sec.)

General statistics:
    total time:                          60.0093s
    total number of events:              1843

Latency (ms):
         min:                                  9.32
         avg:                                 32.55
         max:                                389.11
         95th percentile:                     59.99
         sum:                              59996.51

Threads fairness:
    events (avg/stddev):           1843.0000/0.00
    execution time (avg/stddev):   59.9965/0.00

sysbench 1.0.11 (using system LuaJIT 2.1.0-beta3)

Running the test with following options:
Number of threads: 1
Initializing random number generator from current time


Initializing worker threads...

Threads started!

SQL statistics:
    queries performed:
        read:                            25942
        write:                           7412
        other:                           3706
        total:                           37060
    transactions:                        1853   (30.88 per sec.)
    queries:                             37060  (617.53 per sec.)
    ignored errors:                      0      (0.00 per sec.)
    reconnects:                          0      (0.00 per sec.)

General statistics:
    total time:                          60.0117s
    total number of events:              1853

Latency (ms):
         min:                                  9.34
         avg:                                 32.38
         max:                                197.40
         95th percentile:                     58.92
         sum:                              59999.35

Threads fairness:
    events (avg/stddev):           1853.0000/0.00
    execution time (avg/stddev):   59.9993/0.00

