sysbench 1.0.11 (using system LuaJIT 2.1.0-beta3)

Running the test with following options:
Number of threads: 1
Initializing random number generator from current time


Initializing worker threads...

Threads started!

SQL statistics:
    queries performed:
        read:                            12334
        write:                           3524
        other:                           1762
        total:                           17620
    transactions:                        881    (14.67 per sec.)
    queries:                             17620  (293.45 per sec.)
    ignored errors:                      0      (0.00 per sec.)
    reconnects:                          0      (0.00 per sec.)

General statistics:
    total time:                          60.0280s
    total number of events:              881

Latency (ms):
         min:                                  9.05
         avg:                                 67.84
         max:                                539.55
         95th percentile:                    176.73
         sum:                              59764.79

Threads fairness:
    events (avg/stddev):           881.0000/0.00
    execution time (avg/stddev):   59.7648/0.00

sysbench 1.0.11 (using system LuaJIT 2.1.0-beta3)

Running the test with following options:
Number of threads: 1
Initializing random number generator from current time


Initializing worker threads...

Threads started!

SQL statistics:
    queries performed:
        read:                            21658
        write:                           6188
        other:                           3094
        total:                           30940
    transactions:                        1547   (25.78 per sec.)
    queries:                             30940  (515.50 per sec.)
    ignored errors:                      0      (0.00 per sec.)
    reconnects:                          0      (0.00 per sec.)

General statistics:
    total time:                          60.0052s
    total number of events:              1547

Latency (ms):
         min:                                  9.97
         avg:                                 38.78
         max:                                275.99
         95th percentile:                     65.65
         sum:                              59988.59

Threads fairness:
    events (avg/stddev):           1547.0000/0.00
    execution time (avg/stddev):   59.9886/0.00

sysbench 1.0.11 (using system LuaJIT 2.1.0-beta3)

Running the test with following options:
Number of threads: 1
Initializing random number generator from current time


Initializing worker threads...

Threads started!

SQL statistics:
    queries performed:
        read:                            22820
        write:                           6520
        other:                           3260
        total:                           32600
    transactions:                        1630   (27.16 per sec.)
    queries:                             32600  (543.15 per sec.)
    ignored errors:                      0      (0.00 per sec.)
    reconnects:                          0      (0.00 per sec.)

General statistics:
    total time:                          60.0188s
    total number of events:              1630

Latency (ms):
         min:                                  8.71
         avg:                                 36.80
         max:                                183.80
         95th percentile:                     64.47
         sum:                              59983.62

Threads fairness:
    events (avg/stddev):           1630.0000/0.00
    execution time (avg/stddev):   59.9836/0.00

sysbench 1.0.11 (using system LuaJIT 2.1.0-beta3)

Running the test with following options:
Number of threads: 1
Initializing random number generator from current time


Initializing worker threads...

Threads started!

SQL statistics:
    queries performed:
        read:                            22652
        write:                           6472
        other:                           3236
        total:                           32360
    transactions:                        1618   (26.96 per sec.)
    queries:                             32360  (539.15 per sec.)
    ignored errors:                      0      (0.00 per sec.)
    reconnects:                          0      (0.00 per sec.)

General statistics:
    total time:                          60.0029s
    total number of events:              1618

Latency (ms):
         min:                                  8.81
         avg:                                 37.08
         max:                                224.44
         95th percentile:                     62.19
         sum:                              59990.99

Threads fairness:
    events (avg/stddev):           1618.0000/0.00
    execution time (avg/stddev):   59.9910/0.00

sysbench 1.0.11 (using system LuaJIT 2.1.0-beta3)

Running the test with following options:
Number of threads: 1
Initializing random number generator from current time


Initializing worker threads...

Threads started!

SQL statistics:
    queries performed:
        read:                            23016
        write:                           6576
        other:                           3288
        total:                           32880
    transactions:                        1644   (27.40 per sec.)
    queries:                             32880  (547.91 per sec.)
    ignored errors:                      0      (0.00 per sec.)
    reconnects:                          0      (0.00 per sec.)

General statistics:
    total time:                          60.0059s
    total number of events:              1644

Latency (ms):
         min:                                  8.68
         avg:                                 36.49
         max:                                235.73
         95th percentile:                     62.19
         sum:                              59995.19

Threads fairness:
    events (avg/stddev):           1644.0000/0.00
    execution time (avg/stddev):   59.9952/0.00

sysbench 1.0.11 (using system LuaJIT 2.1.0-beta3)

Running the test with following options:
Number of threads: 1
Initializing random number generator from current time


Initializing worker threads...

Threads started!

SQL statistics:
    queries performed:
        read:                            22512
        write:                           6432
        other:                           3216
        total:                           32160
    transactions:                        1608   (26.78 per sec.)
    queries:                             32160  (535.55 per sec.)
    ignored errors:                      0      (0.00 per sec.)
    reconnects:                          0      (0.00 per sec.)

General statistics:
    total time:                          60.0344s
    total number of events:              1608

Latency (ms):
         min:                                  8.64
         avg:                                 37.33
         max:                                238.83
         95th percentile:                     66.84
         sum:                              60023.64

Threads fairness:
    events (avg/stddev):           1608.0000/0.00
    execution time (avg/stddev):   60.0236/0.00

sysbench 1.0.11 (using system LuaJIT 2.1.0-beta3)

Running the test with following options:
Number of threads: 1
Initializing random number generator from current time


Initializing worker threads...

Threads started!

SQL statistics:
    queries performed:
        read:                            23408
        write:                           6688
        other:                           3344
        total:                           33440
    transactions:                        1672   (27.84 per sec.)
    queries:                             33440  (556.76 per sec.)
    ignored errors:                      0      (0.00 per sec.)
    reconnects:                          0      (0.00 per sec.)

General statistics:
    total time:                          60.0429s
    total number of events:              1672

Latency (ms):
         min:                                  8.79
         avg:                                 35.90
         max:                                180.97
         95th percentile:                     61.08
         sum:                              60031.61

Threads fairness:
    events (avg/stddev):           1672.0000/0.00
    execution time (avg/stddev):   60.0316/0.00

sysbench 1.0.11 (using system LuaJIT 2.1.0-beta3)

Running the test with following options:
Number of threads: 1
Initializing random number generator from current time


Initializing worker threads...

Threads started!

SQL statistics:
    queries performed:
        read:                            23114
        write:                           6604
        other:                           3302
        total:                           33020
    transactions:                        1651   (27.51 per sec.)
    queries:                             33020  (550.11 per sec.)
    ignored errors:                      0      (0.00 per sec.)
    reconnects:                          0      (0.00 per sec.)

General statistics:
    total time:                          60.0063s
    total number of events:              1651

Latency (ms):
         min:                                  8.76
         avg:                                 36.34
         max:                                457.53
         95th percentile:                     61.08
         sum:                              59995.63

Threads fairness:
    events (avg/stddev):           1651.0000/0.00
    execution time (avg/stddev):   59.9956/0.00

sysbench 1.0.11 (using system LuaJIT 2.1.0-beta3)

Running the test with following options:
Number of threads: 1
Initializing random number generator from current time


Initializing worker threads...

Threads started!

SQL statistics:
    queries performed:
        read:                            22960
        write:                           6560
        other:                           3280
        total:                           32800
    transactions:                        1640   (27.32 per sec.)
    queries:                             32800  (546.47 per sec.)
    ignored errors:                      0      (0.00 per sec.)
    reconnects:                          0      (0.00 per sec.)

General statistics:
    total time:                          60.0051s
    total number of events:              1640

Latency (ms):
         min:                                  8.78
         avg:                                 36.58
         max:                                372.08
         95th percentile:                     63.32
         sum:                              59994.43

Threads fairness:
    events (avg/stddev):           1640.0000/0.00
    execution time (avg/stddev):   59.9944/0.00

sysbench 1.0.11 (using system LuaJIT 2.1.0-beta3)

Running the test with following options:
Number of threads: 1
Initializing random number generator from current time


Initializing worker threads...

Threads started!

SQL statistics:
    queries performed:
        read:                            23240
        write:                           6640
        other:                           3320
        total:                           33200
    transactions:                        1660   (27.64 per sec.)
    queries:                             33200  (552.84 per sec.)
    ignored errors:                      0      (0.00 per sec.)
    reconnects:                          0      (0.00 per sec.)

General statistics:
    total time:                          60.0377s
    total number of events:              1660

Latency (ms):
         min:                                  8.75
         avg:                                 36.16
         max:                                364.06
         95th percentile:                     61.08
         sum:                              60026.69

Threads fairness:
    events (avg/stddev):           1660.0000/0.00
    execution time (avg/stddev):   60.0267/0.00

sysbench 1.0.11 (using system LuaJIT 2.1.0-beta3)

Running the test with following options:
Number of threads: 1
Initializing random number generator from current time


Initializing worker threads...

Threads started!

SQL statistics:
    queries performed:
        read:                            22134
        write:                           6324
        other:                           3162
        total:                           31620
    transactions:                        1581   (26.33 per sec.)
    queries:                             31620  (526.63 per sec.)
    ignored errors:                      0      (0.00 per sec.)
    reconnects:                          0      (0.00 per sec.)

General statistics:
    total time:                          60.0403s
    total number of events:              1581

Latency (ms):
         min:                                  9.52
         avg:                                 37.97
         max:                                194.28
         95th percentile:                     62.19
         sum:                              60024.95

Threads fairness:
    events (avg/stddev):           1581.0000/0.00
    execution time (avg/stddev):   60.0249/0.00

sysbench 1.0.11 (using system LuaJIT 2.1.0-beta3)

Running the test with following options:
Number of threads: 1
Initializing random number generator from current time


Initializing worker threads...

Threads started!

SQL statistics:
    queries performed:
        read:                            23240
        write:                           6640
        other:                           3320
        total:                           33200
    transactions:                        1660   (27.66 per sec.)
    queries:                             33200  (553.11 per sec.)
    ignored errors:                      0      (0.00 per sec.)
    reconnects:                          0      (0.00 per sec.)

General statistics:
    total time:                          60.0018s
    total number of events:              1660

Latency (ms):
         min:                                  8.14
         avg:                                 36.14
         max:                                203.74
         95th percentile:                     59.99
         sum:                              59989.55

Threads fairness:
    events (avg/stddev):           1660.0000/0.00
    execution time (avg/stddev):   59.9896/0.00

sysbench 1.0.11 (using system LuaJIT 2.1.0-beta3)

Running the test with following options:
Number of threads: 1
Initializing random number generator from current time


Initializing worker threads...

Threads started!

SQL statistics:
    queries performed:
        read:                            23184
        write:                           6624
        other:                           3312
        total:                           33120
    transactions:                        1656   (27.58 per sec.)
    queries:                             33120  (551.57 per sec.)
    ignored errors:                      0      (0.00 per sec.)
    reconnects:                          0      (0.00 per sec.)

General statistics:
    total time:                          60.0450s
    total number of events:              1656

Latency (ms):
         min:                                  8.76
         avg:                                 36.24
         max:                                364.34
         95th percentile:                     62.19
         sum:                              60021.00

Threads fairness:
    events (avg/stddev):           1656.0000/0.00
    execution time (avg/stddev):   60.0210/0.00

sysbench 1.0.11 (using system LuaJIT 2.1.0-beta3)

Running the test with following options:
Number of threads: 1
Initializing random number generator from current time


Initializing worker threads...

Threads started!

SQL statistics:
    queries performed:
        read:                            23324
        write:                           6664
        other:                           3332
        total:                           33320
    transactions:                        1666   (27.76 per sec.)
    queries:                             33320  (555.14 per sec.)
    ignored errors:                      0      (0.00 per sec.)
    reconnects:                          0      (0.00 per sec.)

General statistics:
    total time:                          60.0194s
    total number of events:              1666

Latency (ms):
         min:                                  8.73
         avg:                                 36.02
         max:                                181.38
         95th percentile:                     59.99
         sum:                              60008.44

Threads fairness:
    events (avg/stddev):           1666.0000/0.00
    execution time (avg/stddev):   60.0084/0.00

sysbench 1.0.11 (using system LuaJIT 2.1.0-beta3)

Running the test with following options:
Number of threads: 1
Initializing random number generator from current time


Initializing worker threads...

Threads started!

SQL statistics:
    queries performed:
        read:                            23170
        write:                           6620
        other:                           3310
        total:                           33100
    transactions:                        1655   (27.57 per sec.)
    queries:                             33100  (551.30 per sec.)
    ignored errors:                      0      (0.00 per sec.)
    reconnects:                          0      (0.00 per sec.)

General statistics:
    total time:                          60.0277s
    total number of events:              1655

Latency (ms):
         min:                                  8.68
         avg:                                 36.26
         max:                                152.20
         95th percentile:                     61.08
         sum:                              60016.23

Threads fairness:
    events (avg/stddev):           1655.0000/0.00
    execution time (avg/stddev):   60.0162/0.00

sysbench 1.0.11 (using system LuaJIT 2.1.0-beta3)

Running the test with following options:
Number of threads: 1
Initializing random number generator from current time


Initializing worker threads...

Threads started!

SQL statistics:
    queries performed:
        read:                            22568
        write:                           6448
        other:                           3224
        total:                           32240
    transactions:                        1612   (26.85 per sec.)
    queries:                             32240  (537.05 per sec.)
    ignored errors:                      0      (0.00 per sec.)
    reconnects:                          0      (0.00 per sec.)

General statistics:
    total time:                          60.0111s
    total number of events:              1612

Latency (ms):
         min:                                  6.31
         avg:                                 37.22
         max:                                170.29
         95th percentile:                     62.19
         sum:                              59994.42

Threads fairness:
    events (avg/stddev):           1612.0000/0.00
    execution time (avg/stddev):   59.9944/0.00

sysbench 1.0.11 (using system LuaJIT 2.1.0-beta3)

Running the test with following options:
Number of threads: 1
Initializing random number generator from current time


Initializing worker threads...

Threads started!

SQL statistics:
    queries performed:
        read:                            23086
        write:                           6596
        other:                           3298
        total:                           32980
    transactions:                        1649   (27.48 per sec.)
    queries:                             32980  (549.50 per sec.)
    ignored errors:                      0      (0.00 per sec.)
    reconnects:                          0      (0.00 per sec.)

General statistics:
    total time:                          60.0021s
    total number of events:              1649

Latency (ms):
         min:                                  8.72
         avg:                                 36.38
         max:                                488.40
         95th percentile:                     61.08
         sum:                              59989.19

Threads fairness:
    events (avg/stddev):           1649.0000/0.00
    execution time (avg/stddev):   59.9892/0.00

sysbench 1.0.11 (using system LuaJIT 2.1.0-beta3)

Running the test with following options:
Number of threads: 1
Initializing random number generator from current time


Initializing worker threads...

Threads started!

SQL statistics:
    queries performed:
        read:                            23100
        write:                           6600
        other:                           3300
        total:                           33000
    transactions:                        1650   (27.48 per sec.)
    queries:                             33000  (549.57 per sec.)
    ignored errors:                      0      (0.00 per sec.)
    reconnects:                          0      (0.00 per sec.)

General statistics:
    total time:                          60.0389s
    total number of events:              1650

Latency (ms):
         min:                                  8.60
         avg:                                 36.38
         max:                                207.95
         95th percentile:                     62.19
         sum:                              60026.50

Threads fairness:
    events (avg/stddev):           1650.0000/0.00
    execution time (avg/stddev):   60.0265/0.00

sysbench 1.0.11 (using system LuaJIT 2.1.0-beta3)

Running the test with following options:
Number of threads: 1
Initializing random number generator from current time


Initializing worker threads...

Threads started!

SQL statistics:
    queries performed:
        read:                            23352
        write:                           6672
        other:                           3336
        total:                           33360
    transactions:                        1668   (27.79 per sec.)
    queries:                             33360  (555.78 per sec.)
    ignored errors:                      0      (0.00 per sec.)
    reconnects:                          0      (0.00 per sec.)

General statistics:
    total time:                          60.0100s
    total number of events:              1668

Latency (ms):
         min:                                  8.78
         avg:                                 35.97
         max:                                224.08
         95th percentile:                     62.19
         sum:                              59997.76

Threads fairness:
    events (avg/stddev):           1668.0000/0.00
    execution time (avg/stddev):   59.9978/0.00

sysbench 1.0.11 (using system LuaJIT 2.1.0-beta3)

Running the test with following options:
Number of threads: 1
Initializing random number generator from current time


Initializing worker threads...

Threads started!

SQL statistics:
    queries performed:
        read:                            23072
        write:                           6592
        other:                           3296
        total:                           32960
    transactions:                        1648   (27.45 per sec.)
    queries:                             32960  (549.06 per sec.)
    ignored errors:                      0      (0.00 per sec.)
    reconnects:                          0      (0.00 per sec.)

General statistics:
    total time:                          60.0276s
    total number of events:              1648

Latency (ms):
         min:                                  7.62
         avg:                                 36.42
         max:                                379.06
         95th percentile:                     61.08
         sum:                              60016.61

Threads fairness:
    events (avg/stddev):           1648.0000/0.00
    execution time (avg/stddev):   60.0166/0.00

sysbench 1.0.11 (using system LuaJIT 2.1.0-beta3)

Running the test with following options:
Number of threads: 1
Initializing random number generator from current time


Initializing worker threads...

Threads started!

SQL statistics:
    queries performed:
        read:                            23156
        write:                           6616
        other:                           3308
        total:                           33080
    transactions:                        1654   (27.56 per sec.)
    queries:                             33080  (551.12 per sec.)
    ignored errors:                      0      (0.00 per sec.)
    reconnects:                          0      (0.00 per sec.)

General statistics:
    total time:                          60.0075s
    total number of events:              1654

Latency (ms):
         min:                                  8.67
         avg:                                 36.27
         max:                                196.16
         95th percentile:                     61.08
         sum:                              59990.19

Threads fairness:
    events (avg/stddev):           1654.0000/0.00
    execution time (avg/stddev):   59.9902/0.00

sysbench 1.0.11 (using system LuaJIT 2.1.0-beta3)

Running the test with following options:
Number of threads: 1
Initializing random number generator from current time


Initializing worker threads...

Threads started!

SQL statistics:
    queries performed:
        read:                            23352
        write:                           6672
        other:                           3336
        total:                           33360
    transactions:                        1668   (27.78 per sec.)
    queries:                             33360  (555.69 per sec.)
    ignored errors:                      0      (0.00 per sec.)
    reconnects:                          0      (0.00 per sec.)

General statistics:
    total time:                          60.0194s
    total number of events:              1668

Latency (ms):
         min:                                  6.24
         avg:                                 35.98
         max:                                178.25
         95th percentile:                     61.08
         sum:                              60007.55

Threads fairness:
    events (avg/stddev):           1668.0000/0.00
    execution time (avg/stddev):   60.0076/0.00

sysbench 1.0.11 (using system LuaJIT 2.1.0-beta3)

Running the test with following options:
Number of threads: 1
Initializing random number generator from current time


Initializing worker threads...

Threads started!

SQL statistics:
    queries performed:
        read:                            23352
        write:                           6672
        other:                           3336
        total:                           33360
    transactions:                        1668   (27.78 per sec.)
    queries:                             33360  (555.63 per sec.)
    ignored errors:                      0      (0.00 per sec.)
    reconnects:                          0      (0.00 per sec.)

General statistics:
    total time:                          60.0321s
    total number of events:              1668

Latency (ms):
         min:                                  8.68
         avg:                                 35.98
         max:                                257.92
         95th percentile:                     62.19
         sum:                              60018.81

Threads fairness:
    events (avg/stddev):           1668.0000/0.00
    execution time (avg/stddev):   60.0188/0.00

sysbench 1.0.11 (using system LuaJIT 2.1.0-beta3)

Running the test with following options:
Number of threads: 1
Initializing random number generator from current time


Initializing worker threads...

Threads started!

SQL statistics:
    queries performed:
        read:                            23478
        write:                           6708
        other:                           3354
        total:                           33540
    transactions:                        1677   (27.94 per sec.)
    queries:                             33540  (558.73 per sec.)
    ignored errors:                      0      (0.00 per sec.)
    reconnects:                          0      (0.00 per sec.)

General statistics:
    total time:                          60.0032s
    total number of events:              1677

Latency (ms):
         min:                                  7.57
         avg:                                 35.77
         max:                                195.81
         95th percentile:                     59.99
         sum:                              59992.16

Threads fairness:
    events (avg/stddev):           1677.0000/0.00
    execution time (avg/stddev):   59.9922/0.00

sysbench 1.0.11 (using system LuaJIT 2.1.0-beta3)

Running the test with following options:
Number of threads: 1
Initializing random number generator from current time


Initializing worker threads...

Threads started!

SQL statistics:
    queries performed:
        read:                            22736
        write:                           6496
        other:                           3248
        total:                           32480
    transactions:                        1624   (27.06 per sec.)
    queries:                             32480  (541.21 per sec.)
    ignored errors:                      0      (0.00 per sec.)
    reconnects:                          0      (0.00 per sec.)

General statistics:
    total time:                          60.0021s
    total number of events:              1624

Latency (ms):
         min:                                  8.33
         avg:                                 36.94
         max:                                233.16
         95th percentile:                     64.47
         sum:                              59991.00

Threads fairness:
    events (avg/stddev):           1624.0000/0.00
    execution time (avg/stddev):   59.9910/0.00

sysbench 1.0.11 (using system LuaJIT 2.1.0-beta3)

Running the test with following options:
Number of threads: 1
Initializing random number generator from current time


Initializing worker threads...

Threads started!

SQL statistics:
    queries performed:
        read:                            23128
        write:                           6608
        other:                           3304
        total:                           33040
    transactions:                        1652   (27.52 per sec.)
    queries:                             33040  (550.30 per sec.)
    ignored errors:                      0      (0.00 per sec.)
    reconnects:                          0      (0.00 per sec.)

General statistics:
    total time:                          60.0379s
    total number of events:              1652

Latency (ms):
         min:                                  8.76
         avg:                                 36.33
         max:                                170.98
         95th percentile:                     62.19
         sum:                              60017.94

Threads fairness:
    events (avg/stddev):           1652.0000/0.00
    execution time (avg/stddev):   60.0179/0.00

sysbench 1.0.11 (using system LuaJIT 2.1.0-beta3)

Running the test with following options:
Number of threads: 1
Initializing random number generator from current time


Initializing worker threads...

Threads started!

SQL statistics:
    queries performed:
        read:                            23282
        write:                           6652
        other:                           3326
        total:                           33260
    transactions:                        1663   (27.71 per sec.)
    queries:                             33260  (554.13 per sec.)
    ignored errors:                      0      (0.00 per sec.)
    reconnects:                          0      (0.00 per sec.)

General statistics:
    total time:                          60.0199s
    total number of events:              1663

Latency (ms):
         min:                                  8.74
         avg:                                 36.08
         max:                                433.00
         95th percentile:                     62.19
         sum:                              60006.41

Threads fairness:
    events (avg/stddev):           1663.0000/0.00
    execution time (avg/stddev):   60.0064/0.00

sysbench 1.0.11 (using system LuaJIT 2.1.0-beta3)

Running the test with following options:
Number of threads: 1
Initializing random number generator from current time


Initializing worker threads...

Threads started!

SQL statistics:
    queries performed:
        read:                            23310
        write:                           6660
        other:                           3330
        total:                           33300
    transactions:                        1665   (27.73 per sec.)
    queries:                             33300  (554.57 per sec.)
    ignored errors:                      0      (0.00 per sec.)
    reconnects:                          0      (0.00 per sec.)

General statistics:
    total time:                          60.0258s
    total number of events:              1665

Latency (ms):
         min:                                  8.80
         avg:                                 36.05
         max:                                215.39
         95th percentile:                     59.99
         sum:                              60015.28

Threads fairness:
    events (avg/stddev):           1665.0000/0.00
    execution time (avg/stddev):   60.0153/0.00

sysbench 1.0.11 (using system LuaJIT 2.1.0-beta3)

Running the test with following options:
Number of threads: 1
Initializing random number generator from current time


Initializing worker threads...

Threads started!

SQL statistics:
    queries performed:
        read:                            23520
        write:                           6720
        other:                           3360
        total:                           33600
    transactions:                        1680   (27.98 per sec.)
    queries:                             33600  (559.59 per sec.)
    ignored errors:                      0      (0.00 per sec.)
    reconnects:                          0      (0.00 per sec.)

General statistics:
    total time:                          60.0315s
    total number of events:              1680

Latency (ms):
         min:                                  5.96
         avg:                                 35.72
         max:                                182.60
         95th percentile:                     59.99
         sum:                              60015.87

Threads fairness:
    events (avg/stddev):           1680.0000/0.00
    execution time (avg/stddev):   60.0159/0.00

sysbench 1.0.11 (using system LuaJIT 2.1.0-beta3)

Running the test with following options:
Number of threads: 1
Initializing random number generator from current time


Initializing worker threads...

Threads started!

SQL statistics:
    queries performed:
        read:                            23156
        write:                           6616
        other:                           3308
        total:                           33080
    transactions:                        1654   (27.54 per sec.)
    queries:                             33080  (550.75 per sec.)
    ignored errors:                      0      (0.00 per sec.)
    reconnects:                          0      (0.00 per sec.)

General statistics:
    total time:                          60.0438s
    total number of events:              1654

Latency (ms):
         min:                                  8.66
         avg:                                 36.29
         max:                                235.17
         95th percentile:                     63.32
         sum:                              60019.67

Threads fairness:
    events (avg/stddev):           1654.0000/0.00
    execution time (avg/stddev):   60.0197/0.00

