sysbench 1.0.11 (using system LuaJIT 2.1.0-beta3)

Running the test with following options:
Number of threads: 1
Initializing random number generator from current time


Initializing worker threads...

Threads started!

SQL statistics:
    queries performed:
        read:                            16506
        write:                           4716
        other:                           2358
        total:                           23580
    transactions:                        1179   (19.64 per sec.)
    queries:                             23580  (392.90 per sec.)
    ignored errors:                      0      (0.00 per sec.)
    reconnects:                          0      (0.00 per sec.)

General statistics:
    total time:                          60.0101s
    total number of events:              1179

Latency (ms):
         min:                                 10.62
         avg:                                 50.89
         max:                                281.62
         95th percentile:                     82.96
         sum:                              60000.51

Threads fairness:
    events (avg/stddev):           1179.0000/0.00
    execution time (avg/stddev):   60.0005/0.00

sysbench 1.0.11 (using system LuaJIT 2.1.0-beta3)

Running the test with following options:
Number of threads: 1
Initializing random number generator from current time


Initializing worker threads...

Threads started!

SQL statistics:
    queries performed:
        read:                            17752
        write:                           5072
        other:                           2536
        total:                           25360
    transactions:                        1268   (21.13 per sec.)
    queries:                             25360  (422.60 per sec.)
    ignored errors:                      0      (0.00 per sec.)
    reconnects:                          0      (0.00 per sec.)

General statistics:
    total time:                          60.0081s
    total number of events:              1268

Latency (ms):
         min:                                 11.68
         avg:                                 47.32
         max:                                196.61
         95th percentile:                     63.32
         sum:                              59999.60

Threads fairness:
    events (avg/stddev):           1268.0000/0.00
    execution time (avg/stddev):   59.9996/0.00

sysbench 1.0.11 (using system LuaJIT 2.1.0-beta3)

Running the test with following options:
Number of threads: 1
Initializing random number generator from current time


Initializing worker threads...

Threads started!

SQL statistics:
    queries performed:
        read:                            17472
        write:                           4992
        other:                           2496
        total:                           24960
    transactions:                        1248   (20.79 per sec.)
    queries:                             24960  (415.76 per sec.)
    ignored errors:                      0      (0.00 per sec.)
    reconnects:                          0      (0.00 per sec.)

General statistics:
    total time:                          60.0264s
    total number of events:              1248

Latency (ms):
         min:                                 11.22
         avg:                                 48.09
         max:                                178.27
         95th percentile:                     65.65
         sum:                              60016.65

Threads fairness:
    events (avg/stddev):           1248.0000/0.00
    execution time (avg/stddev):   60.0166/0.00

sysbench 1.0.11 (using system LuaJIT 2.1.0-beta3)

Running the test with following options:
Number of threads: 1
Initializing random number generator from current time


Initializing worker threads...

Threads started!

SQL statistics:
    queries performed:
        read:                            17794
        write:                           5084
        other:                           2542
        total:                           25420
    transactions:                        1271   (21.18 per sec.)
    queries:                             25420  (423.60 per sec.)
    ignored errors:                      0      (0.00 per sec.)
    reconnects:                          0      (0.00 per sec.)

General statistics:
    total time:                          60.0015s
    total number of events:              1271

Latency (ms):
         min:                                 11.44
         avg:                                 47.20
         max:                                164.72
         95th percentile:                     63.32
         sum:                              59985.45

Threads fairness:
    events (avg/stddev):           1271.0000/0.00
    execution time (avg/stddev):   59.9855/0.00

sysbench 1.0.11 (using system LuaJIT 2.1.0-beta3)

Running the test with following options:
Number of threads: 1
Initializing random number generator from current time


Initializing worker threads...

Threads started!

SQL statistics:
    queries performed:
        read:                            17682
        write:                           5052
        other:                           2526
        total:                           25260
    transactions:                        1263   (21.04 per sec.)
    queries:                             25260  (420.84 per sec.)
    ignored errors:                      0      (0.00 per sec.)
    reconnects:                          0      (0.00 per sec.)

General statistics:
    total time:                          60.0152s
    total number of events:              1263

Latency (ms):
         min:                                 10.31
         avg:                                 47.51
         max:                                162.18
         95th percentile:                     66.84
         sum:                              60003.97

Threads fairness:
    events (avg/stddev):           1263.0000/0.00
    execution time (avg/stddev):   60.0040/0.00

sysbench 1.0.11 (using system LuaJIT 2.1.0-beta3)

Running the test with following options:
Number of threads: 1
Initializing random number generator from current time


Initializing worker threads...

Threads started!

SQL statistics:
    queries performed:
        read:                            17780
        write:                           5080
        other:                           2540
        total:                           25400
    transactions:                        1270   (21.15 per sec.)
    queries:                             25400  (423.01 per sec.)
    ignored errors:                      0      (0.00 per sec.)
    reconnects:                          0      (0.00 per sec.)

General statistics:
    total time:                          60.0292s
    total number of events:              1270

Latency (ms):
         min:                                  9.55
         avg:                                 47.26
         max:                                272.90
         95th percentile:                     65.65
         sum:                              60019.09

Threads fairness:
    events (avg/stddev):           1270.0000/0.00
    execution time (avg/stddev):   60.0191/0.00

sysbench 1.0.11 (using system LuaJIT 2.1.0-beta3)

Running the test with following options:
Number of threads: 1
Initializing random number generator from current time


Initializing worker threads...

Threads started!

SQL statistics:
    queries performed:
        read:                            17724
        write:                           5064
        other:                           2532
        total:                           25320
    transactions:                        1266   (21.10 per sec.)
    queries:                             25320  (421.98 per sec.)
    ignored errors:                      0      (0.00 per sec.)
    reconnects:                          0      (0.00 per sec.)

General statistics:
    total time:                          60.0013s
    total number of events:              1266

Latency (ms):
         min:                                 15.59
         avg:                                 47.39
         max:                                219.63
         95th percentile:                     62.19
         sum:                              59992.81

Threads fairness:
    events (avg/stddev):           1266.0000/0.00
    execution time (avg/stddev):   59.9928/0.00

sysbench 1.0.11 (using system LuaJIT 2.1.0-beta3)

Running the test with following options:
Number of threads: 1
Initializing random number generator from current time


Initializing worker threads...

Threads started!

SQL statistics:
    queries performed:
        read:                            17892
        write:                           5112
        other:                           2556
        total:                           25560
    transactions:                        1278   (21.29 per sec.)
    queries:                             25560  (425.86 per sec.)
    ignored errors:                      0      (0.00 per sec.)
    reconnects:                          0      (0.00 per sec.)

General statistics:
    total time:                          60.0180s
    total number of events:              1278

Latency (ms):
         min:                                  9.99
         avg:                                 46.95
         max:                                149.46
         95th percentile:                     63.32
         sum:                              60005.41

Threads fairness:
    events (avg/stddev):           1278.0000/0.00
    execution time (avg/stddev):   60.0054/0.00

sysbench 1.0.11 (using system LuaJIT 2.1.0-beta3)

Running the test with following options:
Number of threads: 1
Initializing random number generator from current time


Initializing worker threads...

Threads started!

SQL statistics:
    queries performed:
        read:                            17542
        write:                           5012
        other:                           2506
        total:                           25060
    transactions:                        1253   (20.88 per sec.)
    queries:                             25060  (417.63 per sec.)
    ignored errors:                      0      (0.00 per sec.)
    reconnects:                          0      (0.00 per sec.)

General statistics:
    total time:                          60.0020s
    total number of events:              1253

Latency (ms):
         min:                                 11.81
         avg:                                 47.88
         max:                                176.14
         95th percentile:                     64.47
         sum:                              59993.87

Threads fairness:
    events (avg/stddev):           1253.0000/0.00
    execution time (avg/stddev):   59.9939/0.00

sysbench 1.0.11 (using system LuaJIT 2.1.0-beta3)

Running the test with following options:
Number of threads: 1
Initializing random number generator from current time


Initializing worker threads...

Threads started!

SQL statistics:
    queries performed:
        read:                            17864
        write:                           5104
        other:                           2552
        total:                           25520
    transactions:                        1276   (21.27 per sec.)
    queries:                             25520  (425.30 per sec.)
    ignored errors:                      0      (0.00 per sec.)
    reconnects:                          0      (0.00 per sec.)

General statistics:
    total time:                          60.0023s
    total number of events:              1276

Latency (ms):
         min:                                 15.43
         avg:                                 47.02
         max:                                166.88
         95th percentile:                     63.32
         sum:                              59993.41

Threads fairness:
    events (avg/stddev):           1276.0000/0.00
    execution time (avg/stddev):   59.9934/0.00

sysbench 1.0.11 (using system LuaJIT 2.1.0-beta3)

Running the test with following options:
Number of threads: 1
Initializing random number generator from current time


Initializing worker threads...

Threads started!

SQL statistics:
    queries performed:
        read:                            17710
        write:                           5060
        other:                           2530
        total:                           25300
    transactions:                        1265   (21.04 per sec.)
    queries:                             25300  (420.80 per sec.)
    ignored errors:                      0      (0.00 per sec.)
    reconnects:                          0      (0.00 per sec.)

General statistics:
    total time:                          60.0429s
    total number of events:              1265

Latency (ms):
         min:                                 10.33
         avg:                                 47.46
         max:                                175.90
         95th percentile:                     65.65
         sum:                              60032.03

Threads fairness:
    events (avg/stddev):           1265.0000/0.00
    execution time (avg/stddev):   60.0320/0.00

sysbench 1.0.11 (using system LuaJIT 2.1.0-beta3)

Running the test with following options:
Number of threads: 1
Initializing random number generator from current time


Initializing worker threads...

Threads started!

SQL statistics:
    queries performed:
        read:                            17738
        write:                           5068
        other:                           2534
        total:                           25340
    transactions:                        1267   (21.11 per sec.)
    queries:                             25340  (422.19 per sec.)
    ignored errors:                      0      (0.00 per sec.)
    reconnects:                          0      (0.00 per sec.)

General statistics:
    total time:                          60.0128s
    total number of events:              1267

Latency (ms):
         min:                                 11.81
         avg:                                 47.36
         max:                                170.68
         95th percentile:                     64.47
         sum:                              60003.07

Threads fairness:
    events (avg/stddev):           1267.0000/0.00
    execution time (avg/stddev):   60.0031/0.00

sysbench 1.0.11 (using system LuaJIT 2.1.0-beta3)

Running the test with following options:
Number of threads: 1
Initializing random number generator from current time


Initializing worker threads...

Threads started!

SQL statistics:
    queries performed:
        read:                            17682
        write:                           5052
        other:                           2526
        total:                           25260
    transactions:                        1263   (21.04 per sec.)
    queries:                             25260  (420.79 per sec.)
    ignored errors:                      0      (0.00 per sec.)
    reconnects:                          0      (0.00 per sec.)

General statistics:
    total time:                          60.0145s
    total number of events:              1263

Latency (ms):
         min:                                 11.97
         avg:                                 47.51
         max:                                314.47
         95th percentile:                     66.84
         sum:                              60006.20

Threads fairness:
    events (avg/stddev):           1263.0000/0.00
    execution time (avg/stddev):   60.0062/0.00

sysbench 1.0.11 (using system LuaJIT 2.1.0-beta3)

Running the test with following options:
Number of threads: 1
Initializing random number generator from current time


Initializing worker threads...

Threads started!

SQL statistics:
    queries performed:
        read:                            17626
        write:                           5036
        other:                           2518
        total:                           25180
    transactions:                        1259   (20.98 per sec.)
    queries:                             25180  (419.55 per sec.)
    ignored errors:                      0      (0.00 per sec.)
    reconnects:                          0      (0.00 per sec.)

General statistics:
    total time:                          60.0135s
    total number of events:              1259

Latency (ms):
         min:                                 12.41
         avg:                                 47.66
         max:                                187.59
         95th percentile:                     64.47
         sum:                              60002.28

Threads fairness:
    events (avg/stddev):           1259.0000/0.00
    execution time (avg/stddev):   60.0023/0.00

sysbench 1.0.11 (using system LuaJIT 2.1.0-beta3)

Running the test with following options:
Number of threads: 1
Initializing random number generator from current time


Initializing worker threads...

Threads started!

SQL statistics:
    queries performed:
        read:                            17626
        write:                           5036
        other:                           2518
        total:                           25180
    transactions:                        1259   (20.98 per sec.)
    queries:                             25180  (419.58 per sec.)
    ignored errors:                      0      (0.00 per sec.)
    reconnects:                          0      (0.00 per sec.)

General statistics:
    total time:                          60.0067s
    total number of events:              1259

Latency (ms):
         min:                                 10.75
         avg:                                 47.65
         max:                                165.50
         95th percentile:                     66.84
         sum:                              59996.54

Threads fairness:
    events (avg/stddev):           1259.0000/0.00
    execution time (avg/stddev):   59.9965/0.00

sysbench 1.0.11 (using system LuaJIT 2.1.0-beta3)

Running the test with following options:
Number of threads: 1
Initializing random number generator from current time


Initializing worker threads...

Threads started!

SQL statistics:
    queries performed:
        read:                            17738
        write:                           5068
        other:                           2534
        total:                           25340
    transactions:                        1267   (21.11 per sec.)
    queries:                             25340  (422.29 per sec.)
    ignored errors:                      0      (0.00 per sec.)
    reconnects:                          0      (0.00 per sec.)

General statistics:
    total time:                          60.0038s
    total number of events:              1267

Latency (ms):
         min:                                 11.72
         avg:                                 47.35
         max:                                158.53
         95th percentile:                     65.65
         sum:                              59995.29

Threads fairness:
    events (avg/stddev):           1267.0000/0.00
    execution time (avg/stddev):   59.9953/0.00

sysbench 1.0.11 (using system LuaJIT 2.1.0-beta3)

Running the test with following options:
Number of threads: 1
Initializing random number generator from current time


Initializing worker threads...

Threads started!

SQL statistics:
    queries performed:
        read:                            17612
        write:                           5032
        other:                           2516
        total:                           25160
    transactions:                        1258   (20.96 per sec.)
    queries:                             25160  (419.27 per sec.)
    ignored errors:                      0      (0.00 per sec.)
    reconnects:                          0      (0.00 per sec.)

General statistics:
    total time:                          60.0037s
    total number of events:              1258

Latency (ms):
         min:                                 11.19
         avg:                                 47.69
         max:                                169.31
         95th percentile:                     68.05
         sum:                              59995.42

Threads fairness:
    events (avg/stddev):           1258.0000/0.00
    execution time (avg/stddev):   59.9954/0.00

sysbench 1.0.11 (using system LuaJIT 2.1.0-beta3)

Running the test with following options:
Number of threads: 1
Initializing random number generator from current time


Initializing worker threads...

Threads started!

SQL statistics:
    queries performed:
        read:                            16772
        write:                           4792
        other:                           2396
        total:                           23960
    transactions:                        1198   (19.96 per sec.)
    queries:                             23960  (399.26 per sec.)
    ignored errors:                      0      (0.00 per sec.)
    reconnects:                          0      (0.00 per sec.)

General statistics:
    total time:                          60.0087s
    total number of events:              1198

Latency (ms):
         min:                                  9.18
         avg:                                 50.08
         max:                                173.70
         95th percentile:                     71.83
         sum:                              59990.54

Threads fairness:
    events (avg/stddev):           1198.0000/0.00
    execution time (avg/stddev):   59.9905/0.00

sysbench 1.0.11 (using system LuaJIT 2.1.0-beta3)

Running the test with following options:
Number of threads: 1
Initializing random number generator from current time


Initializing worker threads...

Threads started!

SQL statistics:
    queries performed:
        read:                            17850
        write:                           5100
        other:                           2550
        total:                           25500
    transactions:                        1275   (21.25 per sec.)
    queries:                             25500  (424.92 per sec.)
    ignored errors:                      0      (0.00 per sec.)
    reconnects:                          0      (0.00 per sec.)

General statistics:
    total time:                          60.0039s
    total number of events:              1275

Latency (ms):
         min:                                 11.61
         avg:                                 47.05
         max:                                189.70
         95th percentile:                     62.19
         sum:                              59990.32

Threads fairness:
    events (avg/stddev):           1275.0000/0.00
    execution time (avg/stddev):   59.9903/0.00

sysbench 1.0.11 (using system LuaJIT 2.1.0-beta3)

Running the test with following options:
Number of threads: 1
Initializing random number generator from current time


Initializing worker threads...

Threads started!

SQL statistics:
    queries performed:
        read:                            17430
        write:                           4980
        other:                           2490
        total:                           24900
    transactions:                        1245   (20.75 per sec.)
    queries:                             24900  (414.96 per sec.)
    ignored errors:                      0      (0.00 per sec.)
    reconnects:                          0      (0.00 per sec.)

General statistics:
    total time:                          60.0034s
    total number of events:              1245

Latency (ms):
         min:                                 11.40
         avg:                                 48.18
         max:                                198.72
         95th percentile:                     65.65
         sum:                              59988.58

Threads fairness:
    events (avg/stddev):           1245.0000/0.00
    execution time (avg/stddev):   59.9886/0.00

sysbench 1.0.11 (using system LuaJIT 2.1.0-beta3)

Running the test with following options:
Number of threads: 1
Initializing random number generator from current time


Initializing worker threads...

Threads started!

SQL statistics:
    queries performed:
        read:                            17766
        write:                           5076
        other:                           2538
        total:                           25380
    transactions:                        1269   (21.15 per sec.)
    queries:                             25380  (422.96 per sec.)
    ignored errors:                      0      (0.00 per sec.)
    reconnects:                          0      (0.00 per sec.)

General statistics:
    total time:                          60.0018s
    total number of events:              1269

Latency (ms):
         min:                                 12.29
         avg:                                 47.27
         max:                                179.13
         95th percentile:                     66.84
         sum:                              59987.76

Threads fairness:
    events (avg/stddev):           1269.0000/0.00
    execution time (avg/stddev):   59.9878/0.00

sysbench 1.0.11 (using system LuaJIT 2.1.0-beta3)

Running the test with following options:
Number of threads: 1
Initializing random number generator from current time


Initializing worker threads...

Threads started!

SQL statistics:
    queries performed:
        read:                            17654
        write:                           5044
        other:                           2522
        total:                           25220
    transactions:                        1261   (21.01 per sec.)
    queries:                             25220  (420.19 per sec.)
    ignored errors:                      0      (0.00 per sec.)
    reconnects:                          0      (0.00 per sec.)

General statistics:
    total time:                          60.0063s
    total number of events:              1261

Latency (ms):
         min:                                 13.80
         avg:                                 47.58
         max:                                213.14
         95th percentile:                     63.32
         sum:                              59998.01

Threads fairness:
    events (avg/stddev):           1261.0000/0.00
    execution time (avg/stddev):   59.9980/0.00

sysbench 1.0.11 (using system LuaJIT 2.1.0-beta3)

Running the test with following options:
Number of threads: 1
Initializing random number generator from current time


Initializing worker threads...

Threads started!

SQL statistics:
    queries performed:
        read:                            17934
        write:                           5124
        other:                           2562
        total:                           25620
    transactions:                        1281   (21.35 per sec.)
    queries:                             25620  (426.93 per sec.)
    ignored errors:                      0      (0.00 per sec.)
    reconnects:                          0      (0.00 per sec.)

General statistics:
    total time:                          60.0063s
    total number of events:              1281

Latency (ms):
         min:                                 11.53
         avg:                                 46.84
         max:                                175.08
         95th percentile:                     62.19
         sum:                              59996.04

Threads fairness:
    events (avg/stddev):           1281.0000/0.00
    execution time (avg/stddev):   59.9960/0.00

sysbench 1.0.11 (using system LuaJIT 2.1.0-beta3)

Running the test with following options:
Number of threads: 1
Initializing random number generator from current time


Initializing worker threads...

Threads started!

SQL statistics:
    queries performed:
        read:                            17682
        write:                           5052
        other:                           2526
        total:                           25260
    transactions:                        1263   (21.05 per sec.)
    queries:                             25260  (420.92 per sec.)
    ignored errors:                      0      (0.00 per sec.)
    reconnects:                          0      (0.00 per sec.)

General statistics:
    total time:                          60.0099s
    total number of events:              1263

Latency (ms):
         min:                                 10.60
         avg:                                 47.51
         max:                                233.93
         95th percentile:                     64.47
         sum:                              59999.02

Threads fairness:
    events (avg/stddev):           1263.0000/0.00
    execution time (avg/stddev):   59.9990/0.00

sysbench 1.0.11 (using system LuaJIT 2.1.0-beta3)

Running the test with following options:
Number of threads: 1
Initializing random number generator from current time


Initializing worker threads...

Threads started!

SQL statistics:
    queries performed:
        read:                            17836
        write:                           5096
        other:                           2548
        total:                           25480
    transactions:                        1274   (21.22 per sec.)
    queries:                             25480  (424.32 per sec.)
    ignored errors:                      0      (0.00 per sec.)
    reconnects:                          0      (0.00 per sec.)

General statistics:
    total time:                          60.0174s
    total number of events:              1274

Latency (ms):
         min:                                 11.51
         avg:                                 47.10
         max:                                169.40
         95th percentile:                     64.47
         sum:                              60009.29

Threads fairness:
    events (avg/stddev):           1274.0000/0.00
    execution time (avg/stddev):   60.0093/0.00

sysbench 1.0.11 (using system LuaJIT 2.1.0-beta3)

Running the test with following options:
Number of threads: 1
Initializing random number generator from current time


Initializing worker threads...

Threads started!

SQL statistics:
    queries performed:
        read:                            17458
        write:                           4988
        other:                           2494
        total:                           24940
    transactions:                        1247   (20.78 per sec.)
    queries:                             24940  (415.57 per sec.)
    ignored errors:                      0      (0.00 per sec.)
    reconnects:                          0      (0.00 per sec.)

General statistics:
    total time:                          60.0114s
    total number of events:              1247

Latency (ms):
         min:                                 11.94
         avg:                                 48.12
         max:                                155.16
         95th percentile:                     65.65
         sum:                              60001.41

Threads fairness:
    events (avg/stddev):           1247.0000/0.00
    execution time (avg/stddev):   60.0014/0.00

sysbench 1.0.11 (using system LuaJIT 2.1.0-beta3)

Running the test with following options:
Number of threads: 1
Initializing random number generator from current time


Initializing worker threads...

Threads started!

SQL statistics:
    queries performed:
        read:                            18032
        write:                           5152
        other:                           2576
        total:                           25760
    transactions:                        1288   (21.46 per sec.)
    queries:                             25760  (429.23 per sec.)
    ignored errors:                      0      (0.00 per sec.)
    reconnects:                          0      (0.00 per sec.)

General statistics:
    total time:                          60.0129s
    total number of events:              1288

Latency (ms):
         min:                                 11.35
         avg:                                 46.59
         max:                                183.63
         95th percentile:                     64.47
         sum:                              60004.07

Threads fairness:
    events (avg/stddev):           1288.0000/0.00
    execution time (avg/stddev):   60.0041/0.00

sysbench 1.0.11 (using system LuaJIT 2.1.0-beta3)

Running the test with following options:
Number of threads: 1
Initializing random number generator from current time


Initializing worker threads...

Threads started!

SQL statistics:
    queries performed:
        read:                            17766
        write:                           5076
        other:                           2538
        total:                           25380
    transactions:                        1269   (21.15 per sec.)
    queries:                             25380  (422.94 per sec.)
    ignored errors:                      0      (0.00 per sec.)
    reconnects:                          0      (0.00 per sec.)

General statistics:
    total time:                          60.0071s
    total number of events:              1269

Latency (ms):
         min:                                 10.94
         avg:                                 47.28
         max:                                210.51
         95th percentile:                     64.47
         sum:                              59997.59

Threads fairness:
    events (avg/stddev):           1269.0000/0.00
    execution time (avg/stddev):   59.9976/0.00

sysbench 1.0.11 (using system LuaJIT 2.1.0-beta3)

Running the test with following options:
Number of threads: 1
Initializing random number generator from current time


Initializing worker threads...

Threads started!

SQL statistics:
    queries performed:
        read:                            17584
        write:                           5024
        other:                           2512
        total:                           25120
    transactions:                        1256   (20.93 per sec.)
    queries:                             25120  (418.59 per sec.)
    ignored errors:                      0      (0.00 per sec.)
    reconnects:                          0      (0.00 per sec.)

General statistics:
    total time:                          60.0034s
    total number of events:              1256

Latency (ms):
         min:                                 12.11
         avg:                                 47.76
         max:                                193.99
         95th percentile:                     69.29
         sum:                              59988.42

Threads fairness:
    events (avg/stddev):           1256.0000/0.00
    execution time (avg/stddev):   59.9884/0.00

sysbench 1.0.11 (using system LuaJIT 2.1.0-beta3)

Running the test with following options:
Number of threads: 1
Initializing random number generator from current time


Initializing worker threads...

Threads started!

SQL statistics:
    queries performed:
        read:                            17794
        write:                           5084
        other:                           2542
        total:                           25420
    transactions:                        1271   (21.17 per sec.)
    queries:                             25420  (423.48 per sec.)
    ignored errors:                      0      (0.00 per sec.)
    reconnects:                          0      (0.00 per sec.)

General statistics:
    total time:                          60.0233s
    total number of events:              1271

Latency (ms):
         min:                                 15.36
         avg:                                 47.22
         max:                                190.11
         95th percentile:                     64.47
         sum:                              60015.35

Threads fairness:
    events (avg/stddev):           1271.0000/0.00
    execution time (avg/stddev):   60.0153/0.00

