sysbench 1.0.11 (using system LuaJIT 2.1.0-beta3)

Running the test with following options:
Number of threads: 1
Initializing random number generator from current time


Initializing worker threads...

Threads started!

SQL statistics:
    queries performed:
        read:                            16114
        write:                           4604
        other:                           2302
        total:                           23020
    transactions:                        1151   (19.17 per sec.)
    queries:                             23020  (383.44 per sec.)
    ignored errors:                      0      (0.00 per sec.)
    reconnects:                          0      (0.00 per sec.)

General statistics:
    total time:                          60.0302s
    total number of events:              1151

Latency (ms):
         min:                                 11.09
         avg:                                 52.11
         max:                                321.99
         95th percentile:                    123.28
         sum:                              59979.89

Threads fairness:
    events (avg/stddev):           1151.0000/0.00
    execution time (avg/stddev):   59.9799/0.00

sysbench 1.0.11 (using system LuaJIT 2.1.0-beta3)

Running the test with following options:
Number of threads: 1
Initializing random number generator from current time


Initializing worker threads...

Threads started!

SQL statistics:
    queries performed:
        read:                            21154
        write:                           6044
        other:                           3022
        total:                           30220
    transactions:                        1511   (25.17 per sec.)
    queries:                             30220  (503.37 per sec.)
    ignored errors:                      0      (0.00 per sec.)
    reconnects:                          0      (0.00 per sec.)

General statistics:
    total time:                          60.0229s
    total number of events:              1511

Latency (ms):
         min:                                 10.15
         avg:                                 39.71
         max:                                201.25
         95th percentile:                     63.32
         sum:                              60007.43

Threads fairness:
    events (avg/stddev):           1511.0000/0.00
    execution time (avg/stddev):   60.0074/0.00

sysbench 1.0.11 (using system LuaJIT 2.1.0-beta3)

Running the test with following options:
Number of threads: 1
Initializing random number generator from current time


Initializing worker threads...

Threads started!

SQL statistics:
    queries performed:
        read:                            21308
        write:                           6088
        other:                           3044
        total:                           30440
    transactions:                        1522   (25.36 per sec.)
    queries:                             30440  (507.18 per sec.)
    ignored errors:                      0      (0.00 per sec.)
    reconnects:                          0      (0.00 per sec.)

General statistics:
    total time:                          60.0167s
    total number of events:              1522

Latency (ms):
         min:                                  9.44
         avg:                                 39.43
         max:                                193.33
         95th percentile:                     63.32
         sum:                              60006.45

Threads fairness:
    events (avg/stddev):           1522.0000/0.00
    execution time (avg/stddev):   60.0065/0.00

sysbench 1.0.11 (using system LuaJIT 2.1.0-beta3)

Running the test with following options:
Number of threads: 1
Initializing random number generator from current time


Initializing worker threads...

Threads started!

SQL statistics:
    queries performed:
        read:                            21336
        write:                           6096
        other:                           3048
        total:                           30480
    transactions:                        1524   (25.38 per sec.)
    queries:                             30480  (507.69 per sec.)
    ignored errors:                      0      (0.00 per sec.)
    reconnects:                          0      (0.00 per sec.)

General statistics:
    total time:                          60.0294s
    total number of events:              1524

Latency (ms):
         min:                                  9.96
         avg:                                 39.38
         max:                                160.16
         95th percentile:                     63.32
         sum:                              60017.91

Threads fairness:
    events (avg/stddev):           1524.0000/0.00
    execution time (avg/stddev):   60.0179/0.00

sysbench 1.0.11 (using system LuaJIT 2.1.0-beta3)

Running the test with following options:
Number of threads: 1
Initializing random number generator from current time


Initializing worker threads...

Threads started!

SQL statistics:
    queries performed:
        read:                            21154
        write:                           6044
        other:                           3022
        total:                           30220
    transactions:                        1511   (25.17 per sec.)
    queries:                             30220  (503.36 per sec.)
    ignored errors:                      0      (0.00 per sec.)
    reconnects:                          0      (0.00 per sec.)

General statistics:
    total time:                          60.0350s
    total number of events:              1511

Latency (ms):
         min:                                  9.39
         avg:                                 39.73
         max:                                195.24
         95th percentile:                     62.19
         sum:                              60024.90

Threads fairness:
    events (avg/stddev):           1511.0000/0.00
    execution time (avg/stddev):   60.0249/0.00

sysbench 1.0.11 (using system LuaJIT 2.1.0-beta3)

Running the test with following options:
Number of threads: 1
Initializing random number generator from current time


Initializing worker threads...

Threads started!

SQL statistics:
    queries performed:
        read:                            21364
        write:                           6104
        other:                           3052
        total:                           30520
    transactions:                        1526   (25.42 per sec.)
    queries:                             30520  (508.39 per sec.)
    ignored errors:                      0      (0.00 per sec.)
    reconnects:                          0      (0.00 per sec.)

General statistics:
    total time:                          60.0313s
    total number of events:              1526

Latency (ms):
         min:                                  9.08
         avg:                                 39.33
         max:                                190.51
         95th percentile:                     63.32
         sum:                              60019.03

Threads fairness:
    events (avg/stddev):           1526.0000/0.00
    execution time (avg/stddev):   60.0190/0.00

sysbench 1.0.11 (using system LuaJIT 2.1.0-beta3)

Running the test with following options:
Number of threads: 1
Initializing random number generator from current time


Initializing worker threads...

Threads started!

SQL statistics:
    queries performed:
        read:                            21490
        write:                           6140
        other:                           3070
        total:                           30700
    transactions:                        1535   (25.56 per sec.)
    queries:                             30700  (511.25 per sec.)
    ignored errors:                      0      (0.00 per sec.)
    reconnects:                          0      (0.00 per sec.)

General statistics:
    total time:                          60.0454s
    total number of events:              1535

Latency (ms):
         min:                                  9.03
         avg:                                 39.11
         max:                                241.33
         95th percentile:                     62.19
         sum:                              60035.07

Threads fairness:
    events (avg/stddev):           1535.0000/0.00
    execution time (avg/stddev):   60.0351/0.00

sysbench 1.0.11 (using system LuaJIT 2.1.0-beta3)

Running the test with following options:
Number of threads: 1
Initializing random number generator from current time


Initializing worker threads...

Threads started!

SQL statistics:
    queries performed:
        read:                            21014
        write:                           6004
        other:                           3002
        total:                           30020
    transactions:                        1501   (25.00 per sec.)
    queries:                             30020  (499.91 per sec.)
    ignored errors:                      0      (0.00 per sec.)
    reconnects:                          0      (0.00 per sec.)

General statistics:
    total time:                          60.0284s
    total number of events:              1501

Latency (ms):
         min:                                  8.65
         avg:                                 39.99
         max:                                205.22
         95th percentile:                     65.65
         sum:                              60017.79

Threads fairness:
    events (avg/stddev):           1501.0000/0.00
    execution time (avg/stddev):   60.0178/0.00

sysbench 1.0.11 (using system LuaJIT 2.1.0-beta3)

Running the test with following options:
Number of threads: 1
Initializing random number generator from current time


Initializing worker threads...

Threads started!

SQL statistics:
    queries performed:
        read:                            20860
        write:                           5960
        other:                           2980
        total:                           29800
    transactions:                        1490   (24.82 per sec.)
    queries:                             29800  (496.50 per sec.)
    ignored errors:                      0      (0.00 per sec.)
    reconnects:                          0      (0.00 per sec.)

General statistics:
    total time:                          60.0128s
    total number of events:              1490

Latency (ms):
         min:                                  8.78
         avg:                                 40.27
         max:                                233.93
         95th percentile:                     65.65
         sum:                              59998.21

Threads fairness:
    events (avg/stddev):           1490.0000/0.00
    execution time (avg/stddev):   59.9982/0.00

sysbench 1.0.11 (using system LuaJIT 2.1.0-beta3)

Running the test with following options:
Number of threads: 1
Initializing random number generator from current time


Initializing worker threads...

Threads started!

SQL statistics:
    queries performed:
        read:                            20902
        write:                           5972
        other:                           2986
        total:                           29860
    transactions:                        1493   (24.88 per sec.)
    queries:                             29860  (497.51 per sec.)
    ignored errors:                      0      (0.00 per sec.)
    reconnects:                          0      (0.00 per sec.)

General statistics:
    total time:                          60.0092s
    total number of events:              1493

Latency (ms):
         min:                                  8.88
         avg:                                 40.19
         max:                                177.28
         95th percentile:                     65.65
         sum:                              59998.49

Threads fairness:
    events (avg/stddev):           1493.0000/0.00
    execution time (avg/stddev):   59.9985/0.00

sysbench 1.0.11 (using system LuaJIT 2.1.0-beta3)

Running the test with following options:
Number of threads: 1
Initializing random number generator from current time


Initializing worker threads...

Threads started!

SQL statistics:
    queries performed:
        read:                            21378
        write:                           6108
        other:                           3054
        total:                           30540
    transactions:                        1527   (25.43 per sec.)
    queries:                             30540  (508.53 per sec.)
    ignored errors:                      0      (0.00 per sec.)
    reconnects:                          0      (0.00 per sec.)

General statistics:
    total time:                          60.0409s
    total number of events:              1527

Latency (ms):
         min:                                 10.16
         avg:                                 39.31
         max:                                212.93
         95th percentile:                     61.08
         sum:                              60030.11

Threads fairness:
    events (avg/stddev):           1527.0000/0.00
    execution time (avg/stddev):   60.0301/0.00

sysbench 1.0.11 (using system LuaJIT 2.1.0-beta3)

Running the test with following options:
Number of threads: 1
Initializing random number generator from current time


Initializing worker threads...

Threads started!

SQL statistics:
    queries performed:
        read:                            21098
        write:                           6028
        other:                           3014
        total:                           30140
    transactions:                        1507   (25.10 per sec.)
    queries:                             30140  (501.98 per sec.)
    ignored errors:                      0      (0.00 per sec.)
    reconnects:                          0      (0.00 per sec.)

General statistics:
    total time:                          60.0365s
    total number of events:              1507

Latency (ms):
         min:                                  8.88
         avg:                                 39.83
         max:                                205.42
         95th percentile:                     63.32
         sum:                              60026.29

Threads fairness:
    events (avg/stddev):           1507.0000/0.00
    execution time (avg/stddev):   60.0263/0.00

sysbench 1.0.11 (using system LuaJIT 2.1.0-beta3)

Running the test with following options:
Number of threads: 1
Initializing random number generator from current time


Initializing worker threads...

Threads started!

SQL statistics:
    queries performed:
        read:                            20286
        write:                           5796
        other:                           2898
        total:                           28980
    transactions:                        1449   (24.14 per sec.)
    queries:                             28980  (482.76 per sec.)
    ignored errors:                      0      (0.00 per sec.)
    reconnects:                          0      (0.00 per sec.)

General statistics:
    total time:                          60.0194s
    total number of events:              1449

Latency (ms):
         min:                                  8.70
         avg:                                 41.41
         max:                                193.50
         95th percentile:                     71.83
         sum:                              60009.53

Threads fairness:
    events (avg/stddev):           1449.0000/0.00
    execution time (avg/stddev):   60.0095/0.00

sysbench 1.0.11 (using system LuaJIT 2.1.0-beta3)

Running the test with following options:
Number of threads: 1
Initializing random number generator from current time


Initializing worker threads...

Threads started!

SQL statistics:
    queries performed:
        read:                            21560
        write:                           6160
        other:                           3080
        total:                           30800
    transactions:                        1540   (25.65 per sec.)
    queries:                             30800  (513.04 per sec.)
    ignored errors:                      0      (0.00 per sec.)
    reconnects:                          0      (0.00 per sec.)

General statistics:
    total time:                          60.0325s
    total number of events:              1540

Latency (ms):
         min:                                  8.55
         avg:                                 38.97
         max:                                180.92
         95th percentile:                     62.19
         sum:                              60021.01

Threads fairness:
    events (avg/stddev):           1540.0000/0.00
    execution time (avg/stddev):   60.0210/0.00

sysbench 1.0.11 (using system LuaJIT 2.1.0-beta3)

Running the test with following options:
Number of threads: 1
Initializing random number generator from current time


Initializing worker threads...

Threads started!

SQL statistics:
    queries performed:
        read:                            21392
        write:                           6112
        other:                           3056
        total:                           30560
    transactions:                        1528   (25.45 per sec.)
    queries:                             30560  (508.99 per sec.)
    ignored errors:                      0      (0.00 per sec.)
    reconnects:                          0      (0.00 per sec.)

General statistics:
    total time:                          60.0335s
    total number of events:              1528

Latency (ms):
         min:                                  9.56
         avg:                                 39.28
         max:                                423.10
         95th percentile:                     61.08
         sum:                              60023.03

Threads fairness:
    events (avg/stddev):           1528.0000/0.00
    execution time (avg/stddev):   60.0230/0.00

sysbench 1.0.11 (using system LuaJIT 2.1.0-beta3)

Running the test with following options:
Number of threads: 1
Initializing random number generator from current time


Initializing worker threads...

Threads started!

SQL statistics:
    queries performed:
        read:                            21406
        write:                           6116
        other:                           3058
        total:                           30580
    transactions:                        1529   (25.47 per sec.)
    queries:                             30580  (509.48 per sec.)
    ignored errors:                      0      (0.00 per sec.)
    reconnects:                          0      (0.00 per sec.)

General statistics:
    total time:                          60.0075s
    total number of events:              1529

Latency (ms):
         min:                                  9.25
         avg:                                 39.24
         max:                                172.83
         95th percentile:                     63.32
         sum:                              59996.15

Threads fairness:
    events (avg/stddev):           1529.0000/0.00
    execution time (avg/stddev):   59.9962/0.00

sysbench 1.0.11 (using system LuaJIT 2.1.0-beta3)

Running the test with following options:
Number of threads: 1
Initializing random number generator from current time


Initializing worker threads...

Threads started!

SQL statistics:
    queries performed:
        read:                            21532
        write:                           6152
        other:                           3076
        total:                           30760
    transactions:                        1538   (25.62 per sec.)
    queries:                             30760  (512.47 per sec.)
    ignored errors:                      0      (0.00 per sec.)
    reconnects:                          0      (0.00 per sec.)

General statistics:
    total time:                          60.0057s
    total number of events:              1538

Latency (ms):
         min:                                  8.96
         avg:                                 39.00
         max:                                424.70
         95th percentile:                     63.32
         sum:                              59989.21

Threads fairness:
    events (avg/stddev):           1538.0000/0.00
    execution time (avg/stddev):   59.9892/0.00

sysbench 1.0.11 (using system LuaJIT 2.1.0-beta3)

Running the test with following options:
Number of threads: 1
Initializing random number generator from current time


Initializing worker threads...

Threads started!

SQL statistics:
    queries performed:
        read:                            21308
        write:                           6088
        other:                           3044
        total:                           30440
    transactions:                        1522   (25.34 per sec.)
    queries:                             30440  (506.86 per sec.)
    ignored errors:                      0      (0.00 per sec.)
    reconnects:                          0      (0.00 per sec.)

General statistics:
    total time:                          60.0373s
    total number of events:              1522

Latency (ms):
         min:                                  8.87
         avg:                                 39.44
         max:                                296.23
         95th percentile:                     63.32
         sum:                              60027.05

Threads fairness:
    events (avg/stddev):           1522.0000/0.00
    execution time (avg/stddev):   60.0271/0.00

sysbench 1.0.11 (using system LuaJIT 2.1.0-beta3)

Running the test with following options:
Number of threads: 1
Initializing random number generator from current time


Initializing worker threads...

Threads started!

SQL statistics:
    queries performed:
        read:                            21616
        write:                           6176
        other:                           3088
        total:                           30880
    transactions:                        1544   (25.71 per sec.)
    queries:                             30880  (514.16 per sec.)
    ignored errors:                      0      (0.00 per sec.)
    reconnects:                          0      (0.00 per sec.)

General statistics:
    total time:                          60.0455s
    total number of events:              1544

Latency (ms):
         min:                                  9.61
         avg:                                 38.88
         max:                                229.98
         95th percentile:                     62.19
         sum:                              60034.06

Threads fairness:
    events (avg/stddev):           1544.0000/0.00
    execution time (avg/stddev):   60.0341/0.00

sysbench 1.0.11 (using system LuaJIT 2.1.0-beta3)

Running the test with following options:
Number of threads: 1
Initializing random number generator from current time


Initializing worker threads...

Threads started!

SQL statistics:
    queries performed:
        read:                            21532
        write:                           6152
        other:                           3076
        total:                           30760
    transactions:                        1538   (25.62 per sec.)
    queries:                             30760  (512.42 per sec.)
    ignored errors:                      0      (0.00 per sec.)
    reconnects:                          0      (0.00 per sec.)

General statistics:
    total time:                          60.0267s
    total number of events:              1538

Latency (ms):
         min:                                  9.16
         avg:                                 39.02
         max:                                226.38
         95th percentile:                     62.19
         sum:                              60016.72

Threads fairness:
    events (avg/stddev):           1538.0000/0.00
    execution time (avg/stddev):   60.0167/0.00

sysbench 1.0.11 (using system LuaJIT 2.1.0-beta3)

Running the test with following options:
Number of threads: 1
Initializing random number generator from current time


Initializing worker threads...

Threads started!

SQL statistics:
    queries performed:
        read:                            21378
        write:                           6108
        other:                           3054
        total:                           30540
    transactions:                        1527   (25.44 per sec.)
    queries:                             30540  (508.80 per sec.)
    ignored errors:                      0      (0.00 per sec.)
    reconnects:                          0      (0.00 per sec.)

General statistics:
    total time:                          60.0209s
    total number of events:              1527

Latency (ms):
         min:                                  8.85
         avg:                                 39.30
         max:                                235.00
         95th percentile:                     62.19
         sum:                              60008.47

Threads fairness:
    events (avg/stddev):           1527.0000/0.00
    execution time (avg/stddev):   60.0085/0.00

sysbench 1.0.11 (using system LuaJIT 2.1.0-beta3)

Running the test with following options:
Number of threads: 1
Initializing random number generator from current time


Initializing worker threads...

Threads started!

SQL statistics:
    queries performed:
        read:                            21560
        write:                           6160
        other:                           3080
        total:                           30800
    transactions:                        1540   (25.66 per sec.)
    queries:                             30800  (513.20 per sec.)
    ignored errors:                      0      (0.00 per sec.)
    reconnects:                          0      (0.00 per sec.)

General statistics:
    total time:                          60.0142s
    total number of events:              1540

Latency (ms):
         min:                                  9.85
         avg:                                 38.96
         max:                                232.49
         95th percentile:                     62.19
         sum:                              60003.98

Threads fairness:
    events (avg/stddev):           1540.0000/0.00
    execution time (avg/stddev):   60.0040/0.00

sysbench 1.0.11 (using system LuaJIT 2.1.0-beta3)

Running the test with following options:
Number of threads: 1
Initializing random number generator from current time


Initializing worker threads...

Threads started!

SQL statistics:
    queries performed:
        read:                            21252
        write:                           6072
        other:                           3036
        total:                           30360
    transactions:                        1518   (25.28 per sec.)
    queries:                             30360  (505.64 per sec.)
    ignored errors:                      0      (0.00 per sec.)
    reconnects:                          0      (0.00 per sec.)

General statistics:
    total time:                          60.0406s
    total number of events:              1518

Latency (ms):
         min:                                  8.86
         avg:                                 39.54
         max:                                198.39
         95th percentile:                     63.32
         sum:                              60020.24

Threads fairness:
    events (avg/stddev):           1518.0000/0.00
    execution time (avg/stddev):   60.0202/0.00

sysbench 1.0.11 (using system LuaJIT 2.1.0-beta3)

Running the test with following options:
Number of threads: 1
Initializing random number generator from current time


Initializing worker threads...

Threads started!

SQL statistics:
    queries performed:
        read:                            21126
        write:                           6036
        other:                           3018
        total:                           30180
    transactions:                        1509   (25.14 per sec.)
    queries:                             30180  (502.87 per sec.)
    ignored errors:                      0      (0.00 per sec.)
    reconnects:                          0      (0.00 per sec.)

General statistics:
    total time:                          60.0061s
    total number of events:              1509

Latency (ms):
         min:                                  8.78
         avg:                                 39.76
         max:                                157.25
         95th percentile:                     64.47
         sum:                              59994.24

Threads fairness:
    events (avg/stddev):           1509.0000/0.00
    execution time (avg/stddev):   59.9942/0.00

sysbench 1.0.11 (using system LuaJIT 2.1.0-beta3)

Running the test with following options:
Number of threads: 1
Initializing random number generator from current time


Initializing worker threads...

Threads started!

SQL statistics:
    queries performed:
        read:                            21350
        write:                           6100
        other:                           3050
        total:                           30500
    transactions:                        1525   (25.40 per sec.)
    queries:                             30500  (508.07 per sec.)
    ignored errors:                      0      (0.00 per sec.)
    reconnects:                          0      (0.00 per sec.)

General statistics:
    total time:                          60.0272s
    total number of events:              1525

Latency (ms):
         min:                                  9.03
         avg:                                 39.35
         max:                                201.62
         95th percentile:                     61.08
         sum:                              60014.26

Threads fairness:
    events (avg/stddev):           1525.0000/0.00
    execution time (avg/stddev):   60.0143/0.00

sysbench 1.0.11 (using system LuaJIT 2.1.0-beta3)

Running the test with following options:
Number of threads: 1
Initializing random number generator from current time


Initializing worker threads...

Threads started!

SQL statistics:
    queries performed:
        read:                            21406
        write:                           6116
        other:                           3058
        total:                           30580
    transactions:                        1529   (25.46 per sec.)
    queries:                             30580  (509.29 per sec.)
    ignored errors:                      0      (0.00 per sec.)
    reconnects:                          0      (0.00 per sec.)

General statistics:
    total time:                          60.0282s
    total number of events:              1529

Latency (ms):
         min:                                 10.31
         avg:                                 39.25
         max:                                209.45
         95th percentile:                     63.32
         sum:                              60018.18

Threads fairness:
    events (avg/stddev):           1529.0000/0.00
    execution time (avg/stddev):   60.0182/0.00

sysbench 1.0.11 (using system LuaJIT 2.1.0-beta3)

Running the test with following options:
Number of threads: 1
Initializing random number generator from current time


Initializing worker threads...

Threads started!

SQL statistics:
    queries performed:
        read:                            21042
        write:                           6012
        other:                           3006
        total:                           30060
    transactions:                        1503   (25.03 per sec.)
    queries:                             30060  (500.67 per sec.)
    ignored errors:                      0      (0.00 per sec.)
    reconnects:                          0      (0.00 per sec.)

General statistics:
    total time:                          60.0378s
    total number of events:              1503

Latency (ms):
         min:                                  8.48
         avg:                                 39.94
         max:                                207.23
         95th percentile:                     63.32
         sum:                              60027.48

Threads fairness:
    events (avg/stddev):           1503.0000/0.00
    execution time (avg/stddev):   60.0275/0.00

sysbench 1.0.11 (using system LuaJIT 2.1.0-beta3)

Running the test with following options:
Number of threads: 1
Initializing random number generator from current time


Initializing worker threads...

Threads started!

SQL statistics:
    queries performed:
        read:                            21182
        write:                           6052
        other:                           3026
        total:                           30260
    transactions:                        1513   (25.21 per sec.)
    queries:                             30260  (504.24 per sec.)
    ignored errors:                      0      (0.00 per sec.)
    reconnects:                          0      (0.00 per sec.)

General statistics:
    total time:                          60.0094s
    total number of events:              1513

Latency (ms):
         min:                                  9.20
         avg:                                 39.65
         max:                                170.29
         95th percentile:                     62.19
         sum:                              59995.82

Threads fairness:
    events (avg/stddev):           1513.0000/0.00
    execution time (avg/stddev):   59.9958/0.00

sysbench 1.0.11 (using system LuaJIT 2.1.0-beta3)

Running the test with following options:
Number of threads: 1
Initializing random number generator from current time


Initializing worker threads...

Threads started!

SQL statistics:
    queries performed:
        read:                            21028
        write:                           6008
        other:                           3004
        total:                           30040
    transactions:                        1502   (25.02 per sec.)
    queries:                             30040  (500.30 per sec.)
    ignored errors:                      0      (0.00 per sec.)
    reconnects:                          0      (0.00 per sec.)

General statistics:
    total time:                          60.0284s
    total number of events:              1502

Latency (ms):
         min:                                  8.74
         avg:                                 39.96
         max:                                440.88
         95th percentile:                     65.65
         sum:                              60014.54

Threads fairness:
    events (avg/stddev):           1502.0000/0.00
    execution time (avg/stddev):   60.0145/0.00

sysbench 1.0.11 (using system LuaJIT 2.1.0-beta3)

Running the test with following options:
Number of threads: 1
Initializing random number generator from current time


Initializing worker threads...

Threads started!

SQL statistics:
    queries performed:
        read:                            21588
        write:                           6168
        other:                           3084
        total:                           30840
    transactions:                        1542   (25.70 per sec.)
    queries:                             30840  (513.90 per sec.)
    ignored errors:                      0      (0.00 per sec.)
    reconnects:                          0      (0.00 per sec.)

General statistics:
    total time:                          60.0092s
    total number of events:              1542

Latency (ms):
         min:                                  9.31
         avg:                                 38.91
         max:                                225.28
         95th percentile:                     62.19
         sum:                              59996.58

Threads fairness:
    events (avg/stddev):           1542.0000/0.00
    execution time (avg/stddev):   59.9966/0.00

