sysbench 1.0.11 (using system LuaJIT 2.1.0-beta3)

Running the test with following options:
Number of threads: 1
Initializing random number generator from current time


Initializing worker threads...

Threads started!

SQL statistics:
    queries performed:
        read:                            12376
        write:                           3536
        other:                           1768
        total:                           17680
    transactions:                        884    (14.69 per sec.)
    queries:                             17680  (293.84 per sec.)
    ignored errors:                      0      (0.00 per sec.)
    reconnects:                          0      (0.00 per sec.)

General statistics:
    total time:                          60.0727s
    total number of events:              884

Latency (ms):
         min:                                  7.56
         avg:                                 64.45
         max:                                774.02
         95th percentile:                    183.21
         sum:                              56977.95

Threads fairness:
    events (avg/stddev):           884.0000/0.00
    execution time (avg/stddev):   56.9779/0.00

sysbench 1.0.11 (using system LuaJIT 2.1.0-beta3)

Running the test with following options:
Number of threads: 1
Initializing random number generator from current time


Initializing worker threads...

Threads started!

SQL statistics:
    queries performed:
        read:                            23660
        write:                           6760
        other:                           3380
        total:                           33800
    transactions:                        1690   (28.10 per sec.)
    queries:                             33800  (562.02 per sec.)
    ignored errors:                      0      (0.00 per sec.)
    reconnects:                          0      (0.00 per sec.)

General statistics:
    total time:                          60.1099s
    total number of events:              1690

Latency (ms):
         min:                                  7.59
         avg:                                 35.52
         max:                                294.80
         95th percentile:                     65.65
         sum:                              60023.87

Threads fairness:
    events (avg/stddev):           1690.0000/0.00
    execution time (avg/stddev):   60.0239/0.00

sysbench 1.0.11 (using system LuaJIT 2.1.0-beta3)

Running the test with following options:
Number of threads: 1
Initializing random number generator from current time


Initializing worker threads...

Threads started!

SQL statistics:
    queries performed:
        read:                            25340
        write:                           7240
        other:                           3620
        total:                           36200
    transactions:                        1810   (30.14 per sec.)
    queries:                             36200  (602.75 per sec.)
    ignored errors:                      0      (0.00 per sec.)
    reconnects:                          0      (0.00 per sec.)

General statistics:
    total time:                          60.0230s
    total number of events:              1810

Latency (ms):
         min:                                  5.55
         avg:                                 33.15
         max:                                144.98
         95th percentile:                     59.99
         sum:                              60002.95

Threads fairness:
    events (avg/stddev):           1810.0000/0.00
    execution time (avg/stddev):   60.0029/0.00

sysbench 1.0.11 (using system LuaJIT 2.1.0-beta3)

Running the test with following options:
Number of threads: 1
Initializing random number generator from current time


Initializing worker threads...

Threads started!

SQL statistics:
    queries performed:
        read:                            25466
        write:                           7276
        other:                           3638
        total:                           36380
    transactions:                        1819   (30.29 per sec.)
    queries:                             36380  (605.71 per sec.)
    ignored errors:                      0      (0.00 per sec.)
    reconnects:                          0      (0.00 per sec.)

General statistics:
    total time:                          60.0475s
    total number of events:              1819

Latency (ms):
         min:                                  7.32
         avg:                                 33.00
         max:                                150.16
         95th percentile:                     61.08
         sum:                              60034.00

Threads fairness:
    events (avg/stddev):           1819.0000/0.00
    execution time (avg/stddev):   60.0340/0.00

sysbench 1.0.11 (using system LuaJIT 2.1.0-beta3)

Running the test with following options:
Number of threads: 1
Initializing random number generator from current time


Initializing worker threads...

Threads started!

SQL statistics:
    queries performed:
        read:                            25774
        write:                           7364
        other:                           3682
        total:                           36820
    transactions:                        1841   (30.65 per sec.)
    queries:                             36820  (612.99 per sec.)
    ignored errors:                      0      (0.00 per sec.)
    reconnects:                          0      (0.00 per sec.)

General statistics:
    total time:                          60.0472s
    total number of events:              1841

Latency (ms):
         min:                                  5.98
         avg:                                 32.61
         max:                                181.77
         95th percentile:                     58.92
         sum:                              60034.42

Threads fairness:
    events (avg/stddev):           1841.0000/0.00
    execution time (avg/stddev):   60.0344/0.00

sysbench 1.0.11 (using system LuaJIT 2.1.0-beta3)

Running the test with following options:
Number of threads: 1
Initializing random number generator from current time


Initializing worker threads...

Threads started!

SQL statistics:
    queries performed:
        read:                            25606
        write:                           7316
        other:                           3658
        total:                           36580
    transactions:                        1829   (30.45 per sec.)
    queries:                             36580  (608.94 per sec.)
    ignored errors:                      0      (0.00 per sec.)
    reconnects:                          0      (0.00 per sec.)

General statistics:
    total time:                          60.0449s
    total number of events:              1829

Latency (ms):
         min:                                  6.61
         avg:                                 32.82
         max:                                168.28
         95th percentile:                     64.47
         sum:                              60031.32

Threads fairness:
    events (avg/stddev):           1829.0000/0.00
    execution time (avg/stddev):   60.0313/0.00

sysbench 1.0.11 (using system LuaJIT 2.1.0-beta3)

Running the test with following options:
Number of threads: 1
Initializing random number generator from current time


Initializing worker threads...

Threads started!

SQL statistics:
    queries performed:
        read:                            25858
        write:                           7388
        other:                           3694
        total:                           36940
    transactions:                        1847   (30.76 per sec.)
    queries:                             36940  (615.12 per sec.)
    ignored errors:                      0      (0.00 per sec.)
    reconnects:                          0      (0.00 per sec.)

General statistics:
    total time:                          60.0172s
    total number of events:              1847

Latency (ms):
         min:                                  7.20
         avg:                                 32.49
         max:                                176.68
         95th percentile:                     57.87
         sum:                              60003.68

Threads fairness:
    events (avg/stddev):           1847.0000/0.00
    execution time (avg/stddev):   60.0037/0.00

sysbench 1.0.11 (using system LuaJIT 2.1.0-beta3)

Running the test with following options:
Number of threads: 1
Initializing random number generator from current time


Initializing worker threads...

Threads started!

SQL statistics:
    queries performed:
        read:                            25858
        write:                           7388
        other:                           3694
        total:                           36940
    transactions:                        1847   (30.75 per sec.)
    queries:                             36940  (615.04 per sec.)
    ignored errors:                      0      (0.00 per sec.)
    reconnects:                          0      (0.00 per sec.)

General statistics:
    total time:                          60.0415s
    total number of events:              1847

Latency (ms):
         min:                                  5.42
         avg:                                 32.50
         max:                                147.45
         95th percentile:                     59.99
         sum:                              60026.78

Threads fairness:
    events (avg/stddev):           1847.0000/0.00
    execution time (avg/stddev):   60.0268/0.00

sysbench 1.0.11 (using system LuaJIT 2.1.0-beta3)

Running the test with following options:
Number of threads: 1
Initializing random number generator from current time


Initializing worker threads...

Threads started!

SQL statistics:
    queries performed:
        read:                            25788
        write:                           7368
        other:                           3684
        total:                           36840
    transactions:                        1842   (30.68 per sec.)
    queries:                             36840  (613.60 per sec.)
    ignored errors:                      0      (0.00 per sec.)
    reconnects:                          0      (0.00 per sec.)

General statistics:
    total time:                          60.0374s
    total number of events:              1842

Latency (ms):
         min:                                  7.28
         avg:                                 32.59
         max:                                141.64
         95th percentile:                     58.92
         sum:                              60024.80

Threads fairness:
    events (avg/stddev):           1842.0000/0.00
    execution time (avg/stddev):   60.0248/0.00

sysbench 1.0.11 (using system LuaJIT 2.1.0-beta3)

Running the test with following options:
Number of threads: 1
Initializing random number generator from current time


Initializing worker threads...

Threads started!

SQL statistics:
    queries performed:
        read:                            25704
        write:                           7344
        other:                           3672
        total:                           36720
    transactions:                        1836   (30.58 per sec.)
    queries:                             36720  (611.59 per sec.)
    ignored errors:                      0      (0.00 per sec.)
    reconnects:                          0      (0.00 per sec.)

General statistics:
    total time:                          60.0259s
    total number of events:              1836

Latency (ms):
         min:                                  7.20
         avg:                                 32.69
         max:                                185.01
         95th percentile:                     58.92
         sum:                              60013.84

Threads fairness:
    events (avg/stddev):           1836.0000/0.00
    execution time (avg/stddev):   60.0138/0.00

sysbench 1.0.11 (using system LuaJIT 2.1.0-beta3)

Running the test with following options:
Number of threads: 1
Initializing random number generator from current time


Initializing worker threads...

Threads started!

SQL statistics:
    queries performed:
        read:                            24906
        write:                           7116
        other:                           3558
        total:                           35580
    transactions:                        1779   (29.61 per sec.)
    queries:                             35580  (592.26 per sec.)
    ignored errors:                      0      (0.00 per sec.)
    reconnects:                          0      (0.00 per sec.)

General statistics:
    total time:                          60.0477s
    total number of events:              1779

Latency (ms):
         min:                                  7.69
         avg:                                 33.75
         max:                                180.40
         95th percentile:                     61.08
         sum:                              60032.80

Threads fairness:
    events (avg/stddev):           1779.0000/0.00
    execution time (avg/stddev):   60.0328/0.00

sysbench 1.0.11 (using system LuaJIT 2.1.0-beta3)

Running the test with following options:
Number of threads: 1
Initializing random number generator from current time


Initializing worker threads...

Threads started!

SQL statistics:
    queries performed:
        read:                            26054
        write:                           7444
        other:                           3722
        total:                           37220
    transactions:                        1861   (31.00 per sec.)
    queries:                             37220  (619.92 per sec.)
    ignored errors:                      0      (0.00 per sec.)
    reconnects:                          0      (0.00 per sec.)

General statistics:
    total time:                          60.0180s
    total number of events:              1861

Latency (ms):
         min:                                  7.00
         avg:                                 32.24
         max:                                154.22
         95th percentile:                     57.87
         sum:                              60003.66

Threads fairness:
    events (avg/stddev):           1861.0000/0.00
    execution time (avg/stddev):   60.0037/0.00

sysbench 1.0.11 (using system LuaJIT 2.1.0-beta3)

Running the test with following options:
Number of threads: 1
Initializing random number generator from current time


Initializing worker threads...

Threads started!

SQL statistics:
    queries performed:
        read:                            25760
        write:                           7360
        other:                           3680
        total:                           36800
    transactions:                        1840   (30.64 per sec.)
    queries:                             36800  (612.82 per sec.)
    ignored errors:                      0      (0.00 per sec.)
    reconnects:                          0      (0.00 per sec.)

General statistics:
    total time:                          60.0261s
    total number of events:              1840

Latency (ms):
         min:                                  7.29
         avg:                                 32.62
         max:                                189.45
         95th percentile:                     58.92
         sum:                              60012.77

Threads fairness:
    events (avg/stddev):           1840.0000/0.00
    execution time (avg/stddev):   60.0128/0.00

sysbench 1.0.11 (using system LuaJIT 2.1.0-beta3)

Running the test with following options:
Number of threads: 1
Initializing random number generator from current time


Initializing worker threads...

Threads started!

SQL statistics:
    queries performed:
        read:                            26040
        write:                           7440
        other:                           3720
        total:                           37200
    transactions:                        1860   (30.98 per sec.)
    queries:                             37200  (619.56 per sec.)
    ignored errors:                      0      (0.00 per sec.)
    reconnects:                          0      (0.00 per sec.)

General statistics:
    total time:                          60.0129s
    total number of events:              1860

Latency (ms):
         min:                                  7.35
         avg:                                 32.26
         max:                                178.93
         95th percentile:                     57.87
         sum:                              59999.19

Threads fairness:
    events (avg/stddev):           1860.0000/0.00
    execution time (avg/stddev):   59.9992/0.00

sysbench 1.0.11 (using system LuaJIT 2.1.0-beta3)

Running the test with following options:
Number of threads: 1
Initializing random number generator from current time


Initializing worker threads...

Threads started!

SQL statistics:
    queries performed:
        read:                            26040
        write:                           7440
        other:                           3720
        total:                           37200
    transactions:                        1860   (30.97 per sec.)
    queries:                             37200  (619.48 per sec.)
    ignored errors:                      0      (0.00 per sec.)
    reconnects:                          0      (0.00 per sec.)

General statistics:
    total time:                          60.0262s
    total number of events:              1860

Latency (ms):
         min:                                  6.68
         avg:                                 32.26
         max:                                183.23
         95th percentile:                     58.92
         sum:                              60010.64

Threads fairness:
    events (avg/stddev):           1860.0000/0.00
    execution time (avg/stddev):   60.0106/0.00

sysbench 1.0.11 (using system LuaJIT 2.1.0-beta3)

Running the test with following options:
Number of threads: 1
Initializing random number generator from current time


Initializing worker threads...

Threads started!

SQL statistics:
    queries performed:
        read:                            25228
        write:                           7208
        other:                           3604
        total:                           36040
    transactions:                        1802   (30.01 per sec.)
    queries:                             36040  (600.12 per sec.)
    ignored errors:                      0      (0.00 per sec.)
    reconnects:                          0      (0.00 per sec.)

General statistics:
    total time:                          60.0252s
    total number of events:              1802

Latency (ms):
         min:                                  7.24
         avg:                                 33.30
         max:                                175.38
         95th percentile:                     58.92
         sum:                              60011.86

Threads fairness:
    events (avg/stddev):           1802.0000/0.00
    execution time (avg/stddev):   60.0119/0.00

sysbench 1.0.11 (using system LuaJIT 2.1.0-beta3)

Running the test with following options:
Number of threads: 1
Initializing random number generator from current time


Initializing worker threads...

Threads started!

SQL statistics:
    queries performed:
        read:                            25746
        write:                           7356
        other:                           3678
        total:                           36780
    transactions:                        1839   (30.63 per sec.)
    queries:                             36780  (612.59 per sec.)
    ignored errors:                      0      (0.00 per sec.)
    reconnects:                          0      (0.00 per sec.)

General statistics:
    total time:                          60.0144s
    total number of events:              1839

Latency (ms):
         min:                                  7.21
         avg:                                 32.63
         max:                                239.51
         95th percentile:                     58.92
         sum:                              60001.20

Threads fairness:
    events (avg/stddev):           1839.0000/0.00
    execution time (avg/stddev):   60.0012/0.00

sysbench 1.0.11 (using system LuaJIT 2.1.0-beta3)

Running the test with following options:
Number of threads: 1
Initializing random number generator from current time


Initializing worker threads...

Threads started!

SQL statistics:
    queries performed:
        read:                            25830
        write:                           7380
        other:                           3690
        total:                           36900
    transactions:                        1845   (30.73 per sec.)
    queries:                             36900  (614.59 per sec.)
    ignored errors:                      0      (0.00 per sec.)
    reconnects:                          0      (0.00 per sec.)

General statistics:
    total time:                          60.0383s
    total number of events:              1845

Latency (ms):
         min:                                  5.52
         avg:                                 32.53
         max:                                165.60
         95th percentile:                     58.92
         sum:                              60025.91

Threads fairness:
    events (avg/stddev):           1845.0000/0.00
    execution time (avg/stddev):   60.0259/0.00

sysbench 1.0.11 (using system LuaJIT 2.1.0-beta3)

Running the test with following options:
Number of threads: 1
Initializing random number generator from current time


Initializing worker threads...

Threads started!

SQL statistics:
    queries performed:
        read:                            26082
        write:                           7452
        other:                           3726
        total:                           37260
    transactions:                        1863   (31.02 per sec.)
    queries:                             37260  (620.41 per sec.)
    ignored errors:                      0      (0.00 per sec.)
    reconnects:                          0      (0.00 per sec.)

General statistics:
    total time:                          60.0363s
    total number of events:              1863

Latency (ms):
         min:                                  7.16
         avg:                                 32.22
         max:                                191.34
         95th percentile:                     59.99
         sum:                              60020.91

Threads fairness:
    events (avg/stddev):           1863.0000/0.00
    execution time (avg/stddev):   60.0209/0.00

sysbench 1.0.11 (using system LuaJIT 2.1.0-beta3)

Running the test with following options:
Number of threads: 1
Initializing random number generator from current time


Initializing worker threads...

Threads started!

SQL statistics:
    queries performed:
        read:                            25956
        write:                           7416
        other:                           3708
        total:                           37080
    transactions:                        1854   (30.89 per sec.)
    queries:                             37080  (617.79 per sec.)
    ignored errors:                      0      (0.00 per sec.)
    reconnects:                          0      (0.00 per sec.)

General statistics:
    total time:                          60.0183s
    total number of events:              1854

Latency (ms):
         min:                                  7.48
         avg:                                 32.37
         max:                                165.42
         95th percentile:                     58.92
         sum:                              60006.01

Threads fairness:
    events (avg/stddev):           1854.0000/0.00
    execution time (avg/stddev):   60.0060/0.00

sysbench 1.0.11 (using system LuaJIT 2.1.0-beta3)

Running the test with following options:
Number of threads: 1
Initializing random number generator from current time


Initializing worker threads...

Threads started!

SQL statistics:
    queries performed:
        read:                            25900
        write:                           7400
        other:                           3700
        total:                           37000
    transactions:                        1850   (30.80 per sec.)
    queries:                             37000  (615.97 per sec.)
    ignored errors:                      0      (0.00 per sec.)
    reconnects:                          0      (0.00 per sec.)

General statistics:
    total time:                          60.0409s
    total number of events:              1850

Latency (ms):
         min:                                  7.45
         avg:                                 32.44
         max:                                145.59
         95th percentile:                     58.92
         sum:                              60020.84

Threads fairness:
    events (avg/stddev):           1850.0000/0.00
    execution time (avg/stddev):   60.0208/0.00

sysbench 1.0.11 (using system LuaJIT 2.1.0-beta3)

Running the test with following options:
Number of threads: 1
Initializing random number generator from current time


Initializing worker threads...

Threads started!

SQL statistics:
    queries performed:
        read:                            26040
        write:                           7440
        other:                           3720
        total:                           37200
    transactions:                        1860   (30.97 per sec.)
    queries:                             37200  (619.40 per sec.)
    ignored errors:                      0      (0.00 per sec.)
    reconnects:                          0      (0.00 per sec.)

General statistics:
    total time:                          60.0423s
    total number of events:              1860

Latency (ms):
         min:                                  7.20
         avg:                                 32.27
         max:                                181.35
         95th percentile:                     57.87
         sum:                              60025.91

Threads fairness:
    events (avg/stddev):           1860.0000/0.00
    execution time (avg/stddev):   60.0259/0.00

sysbench 1.0.11 (using system LuaJIT 2.1.0-beta3)

Running the test with following options:
Number of threads: 1
Initializing random number generator from current time


Initializing worker threads...

Threads started!

SQL statistics:
    queries performed:
        read:                            26110
        write:                           7460
        other:                           3730
        total:                           37300
    transactions:                        1865   (31.07 per sec.)
    queries:                             37300  (621.31 per sec.)
    ignored errors:                      0      (0.00 per sec.)
    reconnects:                          0      (0.00 per sec.)

General statistics:
    total time:                          60.0165s
    total number of events:              1865

Latency (ms):
         min:                                  7.47
         avg:                                 32.17
         max:                                181.39
         95th percentile:                     57.87
         sum:                              60003.24

Threads fairness:
    events (avg/stddev):           1865.0000/0.00
    execution time (avg/stddev):   60.0032/0.00

sysbench 1.0.11 (using system LuaJIT 2.1.0-beta3)

Running the test with following options:
Number of threads: 1
Initializing random number generator from current time


Initializing worker threads...

Threads started!

SQL statistics:
    queries performed:
        read:                            25886
        write:                           7396
        other:                           3698
        total:                           36980
    transactions:                        1849   (30.80 per sec.)
    queries:                             36980  (615.95 per sec.)
    ignored errors:                      0      (0.00 per sec.)
    reconnects:                          0      (0.00 per sec.)

General statistics:
    total time:                          60.0205s
    total number of events:              1849

Latency (ms):
         min:                                  7.22
         avg:                                 32.45
         max:                                176.74
         95th percentile:                     59.99
         sum:                              60005.82

Threads fairness:
    events (avg/stddev):           1849.0000/0.00
    execution time (avg/stddev):   60.0058/0.00

sysbench 1.0.11 (using system LuaJIT 2.1.0-beta3)

Running the test with following options:
Number of threads: 1
Initializing random number generator from current time


Initializing worker threads...

Threads started!

SQL statistics:
    queries performed:
        read:                            25382
        write:                           7252
        other:                           3626
        total:                           36260
    transactions:                        1813   (30.20 per sec.)
    queries:                             36260  (603.92 per sec.)
    ignored errors:                      0      (0.00 per sec.)
    reconnects:                          0      (0.00 per sec.)

General statistics:
    total time:                          60.0251s
    total number of events:              1813

Latency (ms):
         min:                                  7.44
         avg:                                 33.10
         max:                                193.11
         95th percentile:                     61.08
         sum:                              60011.21

Threads fairness:
    events (avg/stddev):           1813.0000/0.00
    execution time (avg/stddev):   60.0112/0.00

sysbench 1.0.11 (using system LuaJIT 2.1.0-beta3)

Running the test with following options:
Number of threads: 1
Initializing random number generator from current time


Initializing worker threads...

Threads started!

SQL statistics:
    queries performed:
        read:                            25732
        write:                           7352
        other:                           3676
        total:                           36760
    transactions:                        1838   (30.63 per sec.)
    queries:                             36760  (612.58 per sec.)
    ignored errors:                      0      (0.00 per sec.)
    reconnects:                          0      (0.00 per sec.)

General statistics:
    total time:                          60.0067s
    total number of events:              1838

Latency (ms):
         min:                                  6.98
         avg:                                 32.64
         max:                                155.55
         95th percentile:                     61.08
         sum:                              59993.82

Threads fairness:
    events (avg/stddev):           1838.0000/0.00
    execution time (avg/stddev):   59.9938/0.00

sysbench 1.0.11 (using system LuaJIT 2.1.0-beta3)

Running the test with following options:
Number of threads: 1
Initializing random number generator from current time


Initializing worker threads...

Threads started!

SQL statistics:
    queries performed:
        read:                            26306
        write:                           7516
        other:                           3758
        total:                           37580
    transactions:                        1879   (31.29 per sec.)
    queries:                             37580  (625.88 per sec.)
    ignored errors:                      0      (0.00 per sec.)
    reconnects:                          0      (0.00 per sec.)

General statistics:
    total time:                          60.0241s
    total number of events:              1879

Latency (ms):
         min:                                  6.22
         avg:                                 31.94
         max:                                146.64
         95th percentile:                     57.87
         sum:                              60007.07

Threads fairness:
    events (avg/stddev):           1879.0000/0.00
    execution time (avg/stddev):   60.0071/0.00

sysbench 1.0.11 (using system LuaJIT 2.1.0-beta3)

Running the test with following options:
Number of threads: 1
Initializing random number generator from current time


Initializing worker threads...

Threads started!

SQL statistics:
    queries performed:
        read:                            26138
        write:                           7468
        other:                           3734
        total:                           37340
    transactions:                        1867   (31.09 per sec.)
    queries:                             37340  (621.89 per sec.)
    ignored errors:                      0      (0.00 per sec.)
    reconnects:                          0      (0.00 per sec.)

General statistics:
    total time:                          60.0291s
    total number of events:              1867

Latency (ms):
         min:                                  6.18
         avg:                                 32.14
         max:                                148.06
         95th percentile:                     58.92
         sum:                              60014.66

Threads fairness:
    events (avg/stddev):           1867.0000/0.00
    execution time (avg/stddev):   60.0147/0.00

sysbench 1.0.11 (using system LuaJIT 2.1.0-beta3)

Running the test with following options:
Number of threads: 1
Initializing random number generator from current time


Initializing worker threads...

Threads started!

SQL statistics:
    queries performed:
        read:                            26012
        write:                           7432
        other:                           3716
        total:                           37160
    transactions:                        1858   (30.95 per sec.)
    queries:                             37160  (618.99 per sec.)
    ignored errors:                      0      (0.00 per sec.)
    reconnects:                          0      (0.00 per sec.)

General statistics:
    total time:                          60.0060s
    total number of events:              1858

Latency (ms):
         min:                                  7.32
         avg:                                 32.29
         max:                                157.99
         95th percentile:                     58.92
         sum:                              59987.32

Threads fairness:
    events (avg/stddev):           1858.0000/0.00
    execution time (avg/stddev):   59.9873/0.00

sysbench 1.0.11 (using system LuaJIT 2.1.0-beta3)

Running the test with following options:
Number of threads: 1
Initializing random number generator from current time


Initializing worker threads...

Threads started!

SQL statistics:
    queries performed:
        read:                            25914
        write:                           7404
        other:                           3702
        total:                           37020
    transactions:                        1851   (30.83 per sec.)
    queries:                             37020  (616.59 per sec.)
    ignored errors:                      0      (0.00 per sec.)
    reconnects:                          0      (0.00 per sec.)

General statistics:
    total time:                          60.0158s
    total number of events:              1851

Latency (ms):
         min:                                  7.26
         avg:                                 32.42
         max:                                131.44
         95th percentile:                     59.99
         sum:                              60002.06

Threads fairness:
    events (avg/stddev):           1851.0000/0.00
    execution time (avg/stddev):   60.0021/0.00

