sysbench 1.0.11 (using system LuaJIT 2.1.0-beta3)

Running the test with following options:
Number of threads: 1
Initializing random number generator from current time


Extra file open flags: 0
128 files, 800KiB each
100MiB total file size
Block size 16KiB
Number of IO requests: 0
Read/Write ratio for combined random IO test: 1.50
Periodic FSYNC enabled, calling fsync() each 100 requests.
Calling fsync() at the end of test, Enabled.
Using synchronous I/O mode
Doing random r/w test
Initializing worker threads...

Threads started!


File operations:
    reads/s:                      201.99
    writes/s:                     134.66
    fsyncs/s:                     429.61

Throughput:
    read, MiB/s:                  3.16
    written, MiB/s:               2.10

General statistics:
    total time:                          60.0016s
    total number of events:              45978

Latency (ms):
         min:                                  0.00
         avg:                                  1.30
         max:                                 45.07
         95th percentile:                      6.79
         sum:                              59838.28

Threads fairness:
    events (avg/stddev):           45978.0000/0.00
    execution time (avg/stddev):   59.8383/0.00

sysbench 1.0.11 (using system LuaJIT 2.1.0-beta3)

Running the test with following options:
Number of threads: 1
Initializing random number generator from current time


Extra file open flags: 0
128 files, 800KiB each
100MiB total file size
Block size 16KiB
Number of IO requests: 0
Read/Write ratio for combined random IO test: 1.50
Periodic FSYNC enabled, calling fsync() each 100 requests.
Calling fsync() at the end of test, Enabled.
Using synchronous I/O mode
Doing random r/w test
Initializing worker threads...

Threads started!


File operations:
    reads/s:                      202.99
    writes/s:                     135.33
    fsyncs/s:                     431.20

Throughput:
    read, MiB/s:                  3.17
    written, MiB/s:               2.11

General statistics:
    total time:                          60.0007s
    total number of events:              46173

Latency (ms):
         min:                                  0.00
         avg:                                  1.30
         max:                                 56.62
         95th percentile:                      6.79
         sum:                              59824.12

Threads fairness:
    events (avg/stddev):           46173.0000/0.00
    execution time (avg/stddev):   59.8241/0.00

sysbench 1.0.11 (using system LuaJIT 2.1.0-beta3)

Running the test with following options:
Number of threads: 1
Initializing random number generator from current time


Extra file open flags: 0
128 files, 800KiB each
100MiB total file size
Block size 16KiB
Number of IO requests: 0
Read/Write ratio for combined random IO test: 1.50
Periodic FSYNC enabled, calling fsync() each 100 requests.
Calling fsync() at the end of test, Enabled.
Using synchronous I/O mode
Doing random r/w test
Initializing worker threads...

Threads started!


File operations:
    reads/s:                      202.98
    writes/s:                     135.32
    fsyncs/s:                     432.53

Throughput:
    read, MiB/s:                  3.17
    written, MiB/s:               2.11

General statistics:
    total time:                          60.0055s
    total number of events:              46255

Latency (ms):
         min:                                  0.00
         avg:                                  1.29
         max:                                 60.58
         95th percentile:                      6.79
         sum:                              59840.07

Threads fairness:
    events (avg/stddev):           46255.0000/0.00
    execution time (avg/stddev):   59.8401/0.00

sysbench 1.0.11 (using system LuaJIT 2.1.0-beta3)

Running the test with following options:
Number of threads: 1
Initializing random number generator from current time


Extra file open flags: 0
128 files, 800KiB each
100MiB total file size
Block size 16KiB
Number of IO requests: 0
Read/Write ratio for combined random IO test: 1.50
Periodic FSYNC enabled, calling fsync() each 100 requests.
Calling fsync() at the end of test, Enabled.
Using synchronous I/O mode
Doing random r/w test
Initializing worker threads...

Threads started!


File operations:
    reads/s:                      201.98
    writes/s:                     134.65
    fsyncs/s:                     429.95

Throughput:
    read, MiB/s:                  3.16
    written, MiB/s:               2.10

General statistics:
    total time:                          60.0054s
    total number of events:              46000

Latency (ms):
         min:                                  0.00
         avg:                                  1.30
         max:                                 59.33
         95th percentile:                      6.43
         sum:                              59845.25

Threads fairness:
    events (avg/stddev):           46000.0000/0.00
    execution time (avg/stddev):   59.8453/0.00

sysbench 1.0.11 (using system LuaJIT 2.1.0-beta3)

Running the test with following options:
Number of threads: 1
Initializing random number generator from current time


Extra file open flags: 0
128 files, 800KiB each
100MiB total file size
Block size 16KiB
Number of IO requests: 0
Read/Write ratio for combined random IO test: 1.50
Periodic FSYNC enabled, calling fsync() each 100 requests.
Calling fsync() at the end of test, Enabled.
Using synchronous I/O mode
Doing random r/w test
Initializing worker threads...

Threads started!


File operations:
    reads/s:                      201.97
    writes/s:                     134.65
    fsyncs/s:                     430.81

Throughput:
    read, MiB/s:                  3.16
    written, MiB/s:               2.10

General statistics:
    total time:                          60.0049s
    total number of events:              46052

Latency (ms):
         min:                                  0.00
         avg:                                  1.30
         max:                                 46.16
         95th percentile:                      6.79
         sum:                              59825.38

Threads fairness:
    events (avg/stddev):           46052.0000/0.00
    execution time (avg/stddev):   59.8254/0.00

sysbench 1.0.11 (using system LuaJIT 2.1.0-beta3)

Running the test with following options:
Number of threads: 1
Initializing random number generator from current time


Extra file open flags: 0
128 files, 800KiB each
100MiB total file size
Block size 16KiB
Number of IO requests: 0
Read/Write ratio for combined random IO test: 1.50
Periodic FSYNC enabled, calling fsync() each 100 requests.
Calling fsync() at the end of test, Enabled.
Using synchronous I/O mode
Doing random r/w test
Initializing worker threads...

Threads started!


File operations:
    reads/s:                      204.99
    writes/s:                     136.66
    fsyncs/s:                     437.09

Throughput:
    read, MiB/s:                  3.20
    written, MiB/s:               2.14

General statistics:
    total time:                          60.0018s
    total number of events:              46727

Latency (ms):
         min:                                  0.00
         avg:                                  1.28
         max:                                 58.74
         95th percentile:                      6.55
         sum:                              59820.20

Threads fairness:
    events (avg/stddev):           46727.0000/0.00
    execution time (avg/stddev):   59.8202/0.00

sysbench 1.0.11 (using system LuaJIT 2.1.0-beta3)

Running the test with following options:
Number of threads: 1
Initializing random number generator from current time


Extra file open flags: 0
128 files, 800KiB each
100MiB total file size
Block size 16KiB
Number of IO requests: 0
Read/Write ratio for combined random IO test: 1.50
Periodic FSYNC enabled, calling fsync() each 100 requests.
Calling fsync() at the end of test, Enabled.
Using synchronous I/O mode
Doing random r/w test
Initializing worker threads...

Threads started!


File operations:
    reads/s:                      203.99
    writes/s:                     135.99
    fsyncs/s:                     433.86

Throughput:
    read, MiB/s:                  3.19
    written, MiB/s:               2.12

General statistics:
    total time:                          60.0010s
    total number of events:              46433

Latency (ms):
         min:                                  0.00
         avg:                                  1.29
         max:                                 98.09
         95th percentile:                      6.67
         sum:                              59836.26

Threads fairness:
    events (avg/stddev):           46433.0000/0.00
    execution time (avg/stddev):   59.8363/0.00

sysbench 1.0.11 (using system LuaJIT 2.1.0-beta3)

Running the test with following options:
Number of threads: 1
Initializing random number generator from current time


Extra file open flags: 0
128 files, 800KiB each
100MiB total file size
Block size 16KiB
Number of IO requests: 0
Read/Write ratio for combined random IO test: 1.50
Periodic FSYNC enabled, calling fsync() each 100 requests.
Calling fsync() at the end of test, Enabled.
Using synchronous I/O mode
Doing random r/w test
Initializing worker threads...

Threads started!


File operations:
    reads/s:                      201.99
    writes/s:                     134.66
    fsyncs/s:                     430.55

Throughput:
    read, MiB/s:                  3.16
    written, MiB/s:               2.10

General statistics:
    total time:                          60.0001s
    total number of events:              46034

Latency (ms):
         min:                                  0.00
         avg:                                  1.30
         max:                                125.75
         95th percentile:                      6.67
         sum:                              59821.94

Threads fairness:
    events (avg/stddev):           46034.0000/0.00
    execution time (avg/stddev):   59.8219/0.00

sysbench 1.0.11 (using system LuaJIT 2.1.0-beta3)

Running the test with following options:
Number of threads: 1
Initializing random number generator from current time


Extra file open flags: 0
128 files, 800KiB each
100MiB total file size
Block size 16KiB
Number of IO requests: 0
Read/Write ratio for combined random IO test: 1.50
Periodic FSYNC enabled, calling fsync() each 100 requests.
Calling fsync() at the end of test, Enabled.
Using synchronous I/O mode
Doing random r/w test
Initializing worker threads...

Threads started!


File operations:
    reads/s:                      203.96
    writes/s:                     135.97
    fsyncs/s:                     433.42

Throughput:
    read, MiB/s:                  3.19
    written, MiB/s:               2.12

General statistics:
    total time:                          60.0069s
    total number of events:              46410

Latency (ms):
         min:                                  0.00
         avg:                                  1.29
         max:                                 41.85
         95th percentile:                      6.67
         sum:                              59847.51

Threads fairness:
    events (avg/stddev):           46410.0000/0.00
    execution time (avg/stddev):   59.8475/0.00

sysbench 1.0.11 (using system LuaJIT 2.1.0-beta3)

Running the test with following options:
Number of threads: 1
Initializing random number generator from current time


Extra file open flags: 0
128 files, 800KiB each
100MiB total file size
Block size 16KiB
Number of IO requests: 0
Read/Write ratio for combined random IO test: 1.50
Periodic FSYNC enabled, calling fsync() each 100 requests.
Calling fsync() at the end of test, Enabled.
Using synchronous I/O mode
Doing random r/w test
Initializing worker threads...

Threads started!


File operations:
    reads/s:                      203.99
    writes/s:                     135.99
    fsyncs/s:                     433.54

Throughput:
    read, MiB/s:                  3.19
    written, MiB/s:               2.12

General statistics:
    total time:                          60.0011s
    total number of events:              46414

Latency (ms):
         min:                                  0.00
         avg:                                  1.29
         max:                                 97.96
         95th percentile:                      6.67
         sum:                              59825.11

Threads fairness:
    events (avg/stddev):           46414.0000/0.00
    execution time (avg/stddev):   59.8251/0.00

sysbench 1.0.11 (using system LuaJIT 2.1.0-beta3)

Running the test with following options:
Number of threads: 1
Initializing random number generator from current time


Extra file open flags: 0
128 files, 800KiB each
100MiB total file size
Block size 16KiB
Number of IO requests: 0
Read/Write ratio for combined random IO test: 1.50
Periodic FSYNC enabled, calling fsync() each 100 requests.
Calling fsync() at the end of test, Enabled.
Using synchronous I/O mode
Doing random r/w test
Initializing worker threads...

Threads started!


File operations:
    reads/s:                      202.98
    writes/s:                     135.32
    fsyncs/s:                     432.19

Throughput:
    read, MiB/s:                  3.17
    written, MiB/s:               2.11

General statistics:
    total time:                          60.0039s
    total number of events:              46234

Latency (ms):
         min:                                  0.00
         avg:                                  1.29
         max:                                109.36
         95th percentile:                      6.79
         sum:                              59847.71

Threads fairness:
    events (avg/stddev):           46234.0000/0.00
    execution time (avg/stddev):   59.8477/0.00

sysbench 1.0.11 (using system LuaJIT 2.1.0-beta3)

Running the test with following options:
Number of threads: 1
Initializing random number generator from current time


Extra file open flags: 0
128 files, 800KiB each
100MiB total file size
Block size 16KiB
Number of IO requests: 0
Read/Write ratio for combined random IO test: 1.50
Periodic FSYNC enabled, calling fsync() each 100 requests.
Calling fsync() at the end of test, Enabled.
Using synchronous I/O mode
Doing random r/w test
Initializing worker threads...

Threads started!


File operations:
    reads/s:                      204.98
    writes/s:                     136.65
    fsyncs/s:                     435.37

Throughput:
    read, MiB/s:                  3.20
    written, MiB/s:               2.14

General statistics:
    total time:                          60.0039s
    total number of events:              46625

Latency (ms):
         min:                                  0.00
         avg:                                  1.28
         max:                                 90.51
         95th percentile:                      6.67
         sum:                              59822.23

Threads fairness:
    events (avg/stddev):           46625.0000/0.00
    execution time (avg/stddev):   59.8222/0.00

sysbench 1.0.11 (using system LuaJIT 2.1.0-beta3)

Running the test with following options:
Number of threads: 1
Initializing random number generator from current time


Extra file open flags: 0
128 files, 800KiB each
100MiB total file size
Block size 16KiB
Number of IO requests: 0
Read/Write ratio for combined random IO test: 1.50
Periodic FSYNC enabled, calling fsync() each 100 requests.
Calling fsync() at the end of test, Enabled.
Using synchronous I/O mode
Doing random r/w test
Initializing worker threads...

Threads started!


File operations:
    reads/s:                      204.99
    writes/s:                     136.66
    fsyncs/s:                     435.50

Throughput:
    read, MiB/s:                  3.20
    written, MiB/s:               2.14

General statistics:
    total time:                          60.0006s
    total number of events:              46631

Latency (ms):
         min:                                  0.00
         avg:                                  1.28
         max:                                 98.91
         95th percentile:                      6.67
         sum:                              59817.08

Threads fairness:
    events (avg/stddev):           46631.0000/0.00
    execution time (avg/stddev):   59.8171/0.00

sysbench 1.0.11 (using system LuaJIT 2.1.0-beta3)

Running the test with following options:
Number of threads: 1
Initializing random number generator from current time


Extra file open flags: 0
128 files, 800KiB each
100MiB total file size
Block size 16KiB
Number of IO requests: 0
Read/Write ratio for combined random IO test: 1.50
Periodic FSYNC enabled, calling fsync() each 100 requests.
Calling fsync() at the end of test, Enabled.
Using synchronous I/O mode
Doing random r/w test
Initializing worker threads...

Threads started!


File operations:
    reads/s:                      203.98
    writes/s:                     135.99
    fsyncs/s:                     434.26

Throughput:
    read, MiB/s:                  3.19
    written, MiB/s:               2.12

General statistics:
    total time:                          60.0031s
    total number of events:              46458

Latency (ms):
         min:                                  0.00
         avg:                                  1.29
         max:                                 46.94
         95th percentile:                      6.79
         sum:                              59815.44

Threads fairness:
    events (avg/stddev):           46458.0000/0.00
    execution time (avg/stddev):   59.8154/0.00

sysbench 1.0.11 (using system LuaJIT 2.1.0-beta3)

Running the test with following options:
Number of threads: 1
Initializing random number generator from current time


Extra file open flags: 0
128 files, 800KiB each
100MiB total file size
Block size 16KiB
Number of IO requests: 0
Read/Write ratio for combined random IO test: 1.50
Periodic FSYNC enabled, calling fsync() each 100 requests.
Calling fsync() at the end of test, Enabled.
Using synchronous I/O mode
Doing random r/w test
Initializing worker threads...

Threads started!


File operations:
    reads/s:                      203.99
    writes/s:                     135.99
    fsyncs/s:                     434.74

Throughput:
    read, MiB/s:                  3.19
    written, MiB/s:               2.12

General statistics:
    total time:                          60.0014s
    total number of events:              46486

Latency (ms):
         min:                                  0.00
         avg:                                  1.29
         max:                                 35.99
         95th percentile:                      6.67
         sum:                              59818.75

Threads fairness:
    events (avg/stddev):           46486.0000/0.00
    execution time (avg/stddev):   59.8187/0.00

sysbench 1.0.11 (using system LuaJIT 2.1.0-beta3)

Running the test with following options:
Number of threads: 1
Initializing random number generator from current time


Extra file open flags: 0
128 files, 800KiB each
100MiB total file size
Block size 16KiB
Number of IO requests: 0
Read/Write ratio for combined random IO test: 1.50
Periodic FSYNC enabled, calling fsync() each 100 requests.
Calling fsync() at the end of test, Enabled.
Using synchronous I/O mode
Doing random r/w test
Initializing worker threads...

Threads started!


File operations:
    reads/s:                      204.99
    writes/s:                     136.66
    fsyncs/s:                     435.19

Throughput:
    read, MiB/s:                  3.20
    written, MiB/s:               2.14

General statistics:
    total time:                          60.0010s
    total number of events:              46613

Latency (ms):
         min:                                  0.00
         avg:                                  1.28
         max:                                 45.80
         95th percentile:                      6.67
         sum:                              59828.48

Threads fairness:
    events (avg/stddev):           46613.0000/0.00
    execution time (avg/stddev):   59.8285/0.00

sysbench 1.0.11 (using system LuaJIT 2.1.0-beta3)

Running the test with following options:
Number of threads: 1
Initializing random number generator from current time


Extra file open flags: 0
128 files, 800KiB each
100MiB total file size
Block size 16KiB
Number of IO requests: 0
Read/Write ratio for combined random IO test: 1.50
Periodic FSYNC enabled, calling fsync() each 100 requests.
Calling fsync() at the end of test, Enabled.
Using synchronous I/O mode
Doing random r/w test
Initializing worker threads...

Threads started!


File operations:
    reads/s:                      204.99
    writes/s:                     136.66
    fsyncs/s:                     435.55

Throughput:
    read, MiB/s:                  3.20
    written, MiB/s:               2.14

General statistics:
    total time:                          60.0006s
    total number of events:              46634

Latency (ms):
         min:                                  0.00
         avg:                                  1.28
         max:                                 54.89
         95th percentile:                      6.67
         sum:                              59822.10

Threads fairness:
    events (avg/stddev):           46634.0000/0.00
    execution time (avg/stddev):   59.8221/0.00

sysbench 1.0.11 (using system LuaJIT 2.1.0-beta3)

Running the test with following options:
Number of threads: 1
Initializing random number generator from current time


Extra file open flags: 0
128 files, 800KiB each
100MiB total file size
Block size 16KiB
Number of IO requests: 0
Read/Write ratio for combined random IO test: 1.50
Periodic FSYNC enabled, calling fsync() each 100 requests.
Calling fsync() at the end of test, Enabled.
Using synchronous I/O mode
Doing random r/w test
Initializing worker threads...

Threads started!


File operations:
    reads/s:                      202.97
    writes/s:                     135.32
    fsyncs/s:                     432.04

Throughput:
    read, MiB/s:                  3.17
    written, MiB/s:               2.11

General statistics:
    total time:                          60.0058s
    total number of events:              46226

Latency (ms):
         min:                                  0.00
         avg:                                  1.29
         max:                                 43.33
         95th percentile:                      6.79
         sum:                              59830.93

Threads fairness:
    events (avg/stddev):           46226.0000/0.00
    execution time (avg/stddev):   59.8309/0.00

sysbench 1.0.11 (using system LuaJIT 2.1.0-beta3)

Running the test with following options:
Number of threads: 1
Initializing random number generator from current time


Extra file open flags: 0
128 files, 800KiB each
100MiB total file size
Block size 16KiB
Number of IO requests: 0
Read/Write ratio for combined random IO test: 1.50
Periodic FSYNC enabled, calling fsync() each 100 requests.
Calling fsync() at the end of test, Enabled.
Using synchronous I/O mode
Doing random r/w test
Initializing worker threads...

Threads started!


File operations:
    reads/s:                      204.99
    writes/s:                     136.66
    fsyncs/s:                     436.61

Throughput:
    read, MiB/s:                  3.20
    written, MiB/s:               2.14

General statistics:
    total time:                          60.0008s
    total number of events:              46698

Latency (ms):
         min:                                  0.00
         avg:                                  1.28
         max:                                 38.00
         95th percentile:                      6.55
         sum:                              59807.33

Threads fairness:
    events (avg/stddev):           46698.0000/0.00
    execution time (avg/stddev):   59.8073/0.00

sysbench 1.0.11 (using system LuaJIT 2.1.0-beta3)

Running the test with following options:
Number of threads: 1
Initializing random number generator from current time


Extra file open flags: 0
128 files, 800KiB each
100MiB total file size
Block size 16KiB
Number of IO requests: 0
Read/Write ratio for combined random IO test: 1.50
Periodic FSYNC enabled, calling fsync() each 100 requests.
Calling fsync() at the end of test, Enabled.
Using synchronous I/O mode
Doing random r/w test
Initializing worker threads...

Threads started!


File operations:
    reads/s:                      203.98
    writes/s:                     135.99
    fsyncs/s:                     434.92

Throughput:
    read, MiB/s:                  3.19
    written, MiB/s:               2.12

General statistics:
    total time:                          60.0031s
    total number of events:              46497

Latency (ms):
         min:                                  0.00
         avg:                                  1.29
         max:                                 98.27
         95th percentile:                      6.67
         sum:                              59808.76

Threads fairness:
    events (avg/stddev):           46497.0000/0.00
    execution time (avg/stddev):   59.8088/0.00

sysbench 1.0.11 (using system LuaJIT 2.1.0-beta3)

Running the test with following options:
Number of threads: 1
Initializing random number generator from current time


Extra file open flags: 0
128 files, 800KiB each
100MiB total file size
Block size 16KiB
Number of IO requests: 0
Read/Write ratio for combined random IO test: 1.50
Periodic FSYNC enabled, calling fsync() each 100 requests.
Calling fsync() at the end of test, Enabled.
Using synchronous I/O mode
Doing random r/w test
Initializing worker threads...

Threads started!


File operations:
    reads/s:                      206.98
    writes/s:                     137.99
    fsyncs/s:                     439.76

Throughput:
    read, MiB/s:                  3.23
    written, MiB/s:               2.16

General statistics:
    total time:                          60.0032s
    total number of events:              47088

Latency (ms):
         min:                                  0.00
         avg:                                  1.27
         max:                                 34.70
         95th percentile:                      6.55
         sum:                              59832.64

Threads fairness:
    events (avg/stddev):           47088.0000/0.00
    execution time (avg/stddev):   59.8326/0.00

sysbench 1.0.11 (using system LuaJIT 2.1.0-beta3)

Running the test with following options:
Number of threads: 1
Initializing random number generator from current time


Extra file open flags: 0
128 files, 800KiB each
100MiB total file size
Block size 16KiB
Number of IO requests: 0
Read/Write ratio for combined random IO test: 1.50
Periodic FSYNC enabled, calling fsync() each 100 requests.
Calling fsync() at the end of test, Enabled.
Using synchronous I/O mode
Doing random r/w test
Initializing worker threads...

Threads started!


File operations:
    reads/s:                      203.98
    writes/s:                     135.99
    fsyncs/s:                     433.19

Throughput:
    read, MiB/s:                  3.19
    written, MiB/s:               2.12

General statistics:
    total time:                          60.0039s
    total number of events:              46394

Latency (ms):
         min:                                  0.00
         avg:                                  1.29
         max:                                 98.51
         95th percentile:                      6.79
         sum:                              59841.44

Threads fairness:
    events (avg/stddev):           46394.0000/0.00
    execution time (avg/stddev):   59.8414/0.00

sysbench 1.0.11 (using system LuaJIT 2.1.0-beta3)

Running the test with following options:
Number of threads: 1
Initializing random number generator from current time


Extra file open flags: 0
128 files, 800KiB each
100MiB total file size
Block size 16KiB
Number of IO requests: 0
Read/Write ratio for combined random IO test: 1.50
Periodic FSYNC enabled, calling fsync() each 100 requests.
Calling fsync() at the end of test, Enabled.
Using synchronous I/O mode
Doing random r/w test
Initializing worker threads...

Threads started!


File operations:
    reads/s:                      204.99
    writes/s:                     136.66
    fsyncs/s:                     437.17

Throughput:
    read, MiB/s:                  3.20
    written, MiB/s:               2.14

General statistics:
    total time:                          60.0006s
    total number of events:              46731

Latency (ms):
         min:                                  0.00
         avg:                                  1.28
         max:                                 52.18
         95th percentile:                      6.67
         sum:                              59827.91

Threads fairness:
    events (avg/stddev):           46731.0000/0.00
    execution time (avg/stddev):   59.8279/0.00

sysbench 1.0.11 (using system LuaJIT 2.1.0-beta3)

Running the test with following options:
Number of threads: 1
Initializing random number generator from current time


Extra file open flags: 0
128 files, 800KiB each
100MiB total file size
Block size 16KiB
Number of IO requests: 0
Read/Write ratio for combined random IO test: 1.50
Periodic FSYNC enabled, calling fsync() each 100 requests.
Calling fsync() at the end of test, Enabled.
Using synchronous I/O mode
Doing random r/w test
Initializing worker threads...

Threads started!


File operations:
    reads/s:                      202.99
    writes/s:                     135.33
    fsyncs/s:                     431.36

Throughput:
    read, MiB/s:                  3.17
    written, MiB/s:               2.11

General statistics:
    total time:                          60.0008s
    total number of events:              46183

Latency (ms):
         min:                                  0.00
         avg:                                  1.29
         max:                                 42.36
         95th percentile:                      6.67
         sum:                              59793.72

Threads fairness:
    events (avg/stddev):           46183.0000/0.00
    execution time (avg/stddev):   59.7937/0.00

sysbench 1.0.11 (using system LuaJIT 2.1.0-beta3)

Running the test with following options:
Number of threads: 1
Initializing random number generator from current time


Extra file open flags: 0
128 files, 800KiB each
100MiB total file size
Block size 16KiB
Number of IO requests: 0
Read/Write ratio for combined random IO test: 1.50
Periodic FSYNC enabled, calling fsync() each 100 requests.
Calling fsync() at the end of test, Enabled.
Using synchronous I/O mode
Doing random r/w test
Initializing worker threads...

Threads started!


File operations:
    reads/s:                      202.99
    writes/s:                     135.33
    fsyncs/s:                     433.01

Throughput:
    read, MiB/s:                  3.17
    written, MiB/s:               2.11

General statistics:
    total time:                          60.0008s
    total number of events:              46282

Latency (ms):
         min:                                  0.00
         avg:                                  1.29
         max:                                 58.54
         95th percentile:                      6.55
         sum:                              59817.73

Threads fairness:
    events (avg/stddev):           46282.0000/0.00
    execution time (avg/stddev):   59.8177/0.00

sysbench 1.0.11 (using system LuaJIT 2.1.0-beta3)

Running the test with following options:
Number of threads: 1
Initializing random number generator from current time


Extra file open flags: 0
128 files, 800KiB each
100MiB total file size
Block size 16KiB
Number of IO requests: 0
Read/Write ratio for combined random IO test: 1.50
Periodic FSYNC enabled, calling fsync() each 100 requests.
Calling fsync() at the end of test, Enabled.
Using synchronous I/O mode
Doing random r/w test
Initializing worker threads...

Threads started!


File operations:
    reads/s:                      202.99
    writes/s:                     135.33
    fsyncs/s:                     431.60

Throughput:
    read, MiB/s:                  3.17
    written, MiB/s:               2.11

General statistics:
    total time:                          60.0005s
    total number of events:              46197

Latency (ms):
         min:                                  0.00
         avg:                                  1.29
         max:                                 52.92
         95th percentile:                      6.55
         sum:                              59792.08

Threads fairness:
    events (avg/stddev):           46197.0000/0.00
    execution time (avg/stddev):   59.7921/0.00

sysbench 1.0.11 (using system LuaJIT 2.1.0-beta3)

Running the test with following options:
Number of threads: 1
Initializing random number generator from current time


Extra file open flags: 0
128 files, 800KiB each
100MiB total file size
Block size 16KiB
Number of IO requests: 0
Read/Write ratio for combined random IO test: 1.50
Periodic FSYNC enabled, calling fsync() each 100 requests.
Calling fsync() at the end of test, Enabled.
Using synchronous I/O mode
Doing random r/w test
Initializing worker threads...

Threads started!


File operations:
    reads/s:                      202.97
    writes/s:                     135.31
    fsyncs/s:                     431.50

Throughput:
    read, MiB/s:                  3.17
    written, MiB/s:               2.11

General statistics:
    total time:                          60.0060s
    total number of events:              46194

Latency (ms):
         min:                                  0.00
         avg:                                  1.30
         max:                                 46.35
         95th percentile:                      6.67
         sum:                              59856.84

Threads fairness:
    events (avg/stddev):           46194.0000/0.00
    execution time (avg/stddev):   59.8568/0.00

sysbench 1.0.11 (using system LuaJIT 2.1.0-beta3)

Running the test with following options:
Number of threads: 1
Initializing random number generator from current time


Extra file open flags: 0
128 files, 800KiB each
100MiB total file size
Block size 16KiB
Number of IO requests: 0
Read/Write ratio for combined random IO test: 1.50
Periodic FSYNC enabled, calling fsync() each 100 requests.
Calling fsync() at the end of test, Enabled.
Using synchronous I/O mode
Doing random r/w test
Initializing worker threads...

Threads started!


File operations:
    reads/s:                      202.97
    writes/s:                     135.31
    fsyncs/s:                     432.68

Throughput:
    read, MiB/s:                  3.17
    written, MiB/s:               2.11

General statistics:
    total time:                          60.0071s
    total number of events:              46265

Latency (ms):
         min:                                  0.00
         avg:                                  1.29
         max:                                 62.31
         95th percentile:                      6.67
         sum:                              59821.47

Threads fairness:
    events (avg/stddev):           46265.0000/0.00
    execution time (avg/stddev):   59.8215/0.00

sysbench 1.0.11 (using system LuaJIT 2.1.0-beta3)

Running the test with following options:
Number of threads: 1
Initializing random number generator from current time


Extra file open flags: 0
128 files, 800KiB each
100MiB total file size
Block size 16KiB
Number of IO requests: 0
Read/Write ratio for combined random IO test: 1.50
Periodic FSYNC enabled, calling fsync() each 100 requests.
Calling fsync() at the end of test, Enabled.
Using synchronous I/O mode
Doing random r/w test
Initializing worker threads...

Threads started!


File operations:
    reads/s:                      204.99
    writes/s:                     136.66
    fsyncs/s:                     436.79

Throughput:
    read, MiB/s:                  3.20
    written, MiB/s:               2.14

General statistics:
    total time:                          60.0006s
    total number of events:              46709

Latency (ms):
         min:                                  0.00
         avg:                                  1.28
         max:                                100.55
         95th percentile:                      6.67
         sum:                              59853.49

Threads fairness:
    events (avg/stddev):           46709.0000/0.00
    execution time (avg/stddev):   59.8535/0.00

sysbench 1.0.11 (using system LuaJIT 2.1.0-beta3)

Running the test with following options:
Number of threads: 1
Initializing random number generator from current time


Extra file open flags: 0
128 files, 800KiB each
100MiB total file size
Block size 16KiB
Number of IO requests: 0
Read/Write ratio for combined random IO test: 1.50
Periodic FSYNC enabled, calling fsync() each 100 requests.
Calling fsync() at the end of test, Enabled.
Using synchronous I/O mode
Doing random r/w test
Initializing worker threads...

Threads started!


File operations:
    reads/s:                      203.97
    writes/s:                     135.98
    fsyncs/s:                     433.99

Throughput:
    read, MiB/s:                  3.19
    written, MiB/s:               2.12

General statistics:
    total time:                          60.0045s
    total number of events:              46443

Latency (ms):
         min:                                  0.00
         avg:                                  1.29
         max:                                 51.14
         95th percentile:                      6.67
         sum:                              59841.54

Threads fairness:
    events (avg/stddev):           46443.0000/0.00
    execution time (avg/stddev):   59.8415/0.00

