sysbench 1.0.11 (using system LuaJIT 2.1.0-beta3)

Running the test with following options:
Number of threads: 1
Initializing random number generator from current time


Extra file open flags: 0
128 files, 800KiB each
100MiB total file size
Block size 16KiB
Number of IO requests: 0
Read/Write ratio for combined random IO test: 1.50
Periodic FSYNC enabled, calling fsync() each 100 requests.
Calling fsync() at the end of test, Enabled.
Using synchronous I/O mode
Doing random r/w test
Initializing worker threads...

Threads started!


File operations:
    reads/s:                      207.99
    writes/s:                     138.66
    fsyncs/s:                     442.62

Throughput:
    read, MiB/s:                  3.25
    written, MiB/s:               2.17

General statistics:
    total time:                          60.0023s
    total number of events:              47359

Latency (ms):
         min:                                  0.00
         avg:                                  1.26
         max:                                 59.49
         95th percentile:                      6.43
         sum:                              59833.95

Threads fairness:
    events (avg/stddev):           47359.0000/0.00
    execution time (avg/stddev):   59.8339/0.00

sysbench 1.0.11 (using system LuaJIT 2.1.0-beta3)

Running the test with following options:
Number of threads: 1
Initializing random number generator from current time


Extra file open flags: 0
128 files, 800KiB each
100MiB total file size
Block size 16KiB
Number of IO requests: 0
Read/Write ratio for combined random IO test: 1.50
Periodic FSYNC enabled, calling fsync() each 100 requests.
Calling fsync() at the end of test, Enabled.
Using synchronous I/O mode
Doing random r/w test
Initializing worker threads...

Threads started!


File operations:
    reads/s:                      210.99
    writes/s:                     140.66
    fsyncs/s:                     448.47

Throughput:
    read, MiB/s:                  3.30
    written, MiB/s:               2.20

General statistics:
    total time:                          60.0013s
    total number of events:              48010

Latency (ms):
         min:                                  0.00
         avg:                                  1.25
         max:                                 71.16
         95th percentile:                      6.32
         sum:                              59823.97

Threads fairness:
    events (avg/stddev):           48010.0000/0.00
    execution time (avg/stddev):   59.8240/0.00

sysbench 1.0.11 (using system LuaJIT 2.1.0-beta3)

Running the test with following options:
Number of threads: 1
Initializing random number generator from current time


Extra file open flags: 0
128 files, 800KiB each
100MiB total file size
Block size 16KiB
Number of IO requests: 0
Read/Write ratio for combined random IO test: 1.50
Periodic FSYNC enabled, calling fsync() each 100 requests.
Calling fsync() at the end of test, Enabled.
Using synchronous I/O mode
Doing random r/w test
Initializing worker threads...

Threads started!


File operations:
    reads/s:                      210.98
    writes/s:                     140.65
    fsyncs/s:                     448.99

Throughput:
    read, MiB/s:                  3.30
    written, MiB/s:               2.20

General statistics:
    total time:                          60.0005s
    total number of events:              48042

Latency (ms):
         min:                                  0.00
         avg:                                  1.24
         max:                                106.81
         95th percentile:                      6.21
         sum:                              59799.74

Threads fairness:
    events (avg/stddev):           48042.0000/0.00
    execution time (avg/stddev):   59.7997/0.00

sysbench 1.0.11 (using system LuaJIT 2.1.0-beta3)

Running the test with following options:
Number of threads: 1
Initializing random number generator from current time


Extra file open flags: 0
128 files, 800KiB each
100MiB total file size
Block size 16KiB
Number of IO requests: 0
Read/Write ratio for combined random IO test: 1.50
Periodic FSYNC enabled, calling fsync() each 100 requests.
Calling fsync() at the end of test, Enabled.
Using synchronous I/O mode
Doing random r/w test
Initializing worker threads...

Threads started!


File operations:
    reads/s:                      198.98
    writes/s:                     132.66
    fsyncs/s:                     422.56

Throughput:
    read, MiB/s:                  3.11
    written, MiB/s:               2.07

General statistics:
    total time:                          60.0018s
    total number of events:              45256

Latency (ms):
         min:                                  0.00
         avg:                                  1.32
         max:                                 51.17
         95th percentile:                      6.79
         sum:                              59821.35

Threads fairness:
    events (avg/stddev):           45256.0000/0.00
    execution time (avg/stddev):   59.8214/0.00

sysbench 1.0.11 (using system LuaJIT 2.1.0-beta3)

Running the test with following options:
Number of threads: 1
Initializing random number generator from current time


Extra file open flags: 0
128 files, 800KiB each
100MiB total file size
Block size 16KiB
Number of IO requests: 0
Read/Write ratio for combined random IO test: 1.50
Periodic FSYNC enabled, calling fsync() each 100 requests.
Calling fsync() at the end of test, Enabled.
Using synchronous I/O mode
Doing random r/w test
Initializing worker threads...

Threads started!


File operations:
    reads/s:                      208.99
    writes/s:                     139.32
    fsyncs/s:                     444.09

Throughput:
    read, MiB/s:                  3.27
    written, MiB/s:               2.18

General statistics:
    total time:                          60.0004s
    total number of events:              47547

Latency (ms):
         min:                                  0.00
         avg:                                  1.26
         max:                                 46.75
         95th percentile:                      6.43
         sum:                              59811.94

Threads fairness:
    events (avg/stddev):           47547.0000/0.00
    execution time (avg/stddev):   59.8119/0.00

sysbench 1.0.11 (using system LuaJIT 2.1.0-beta3)

Running the test with following options:
Number of threads: 1
Initializing random number generator from current time


Extra file open flags: 0
128 files, 800KiB each
100MiB total file size
Block size 16KiB
Number of IO requests: 0
Read/Write ratio for combined random IO test: 1.50
Periodic FSYNC enabled, calling fsync() each 100 requests.
Calling fsync() at the end of test, Enabled.
Using synchronous I/O mode
Doing random r/w test
Initializing worker threads...

Threads started!


File operations:
    reads/s:                      208.99
    writes/s:                     139.32
    fsyncs/s:                     445.74

Throughput:
    read, MiB/s:                  3.27
    written, MiB/s:               2.18

General statistics:
    total time:                          60.0015s
    total number of events:              47646

Latency (ms):
         min:                                  0.00
         avg:                                  1.26
         max:                                 82.76
         95th percentile:                      6.43
         sum:                              59849.77

Threads fairness:
    events (avg/stddev):           47646.0000/0.00
    execution time (avg/stddev):   59.8498/0.00

sysbench 1.0.11 (using system LuaJIT 2.1.0-beta3)

Running the test with following options:
Number of threads: 1
Initializing random number generator from current time


Extra file open flags: 0
128 files, 800KiB each
100MiB total file size
Block size 16KiB
Number of IO requests: 0
Read/Write ratio for combined random IO test: 1.50
Periodic FSYNC enabled, calling fsync() each 100 requests.
Calling fsync() at the end of test, Enabled.
Using synchronous I/O mode
Doing random r/w test
Initializing worker threads...

Threads started!


File operations:
    reads/s:                      207.97
    writes/s:                     138.64
    fsyncs/s:                     442.56

Throughput:
    read, MiB/s:                  3.25
    written, MiB/s:               2.17

General statistics:
    total time:                          60.0076s
    total number of events:              47358

Latency (ms):
         min:                                  0.00
         avg:                                  1.26
         max:                                 98.63
         95th percentile:                      6.55
         sum:                              59823.64

Threads fairness:
    events (avg/stddev):           47358.0000/0.00
    execution time (avg/stddev):   59.8236/0.00

sysbench 1.0.11 (using system LuaJIT 2.1.0-beta3)

Running the test with following options:
Number of threads: 1
Initializing random number generator from current time


Extra file open flags: 0
128 files, 800KiB each
100MiB total file size
Block size 16KiB
Number of IO requests: 0
Read/Write ratio for combined random IO test: 1.50
Periodic FSYNC enabled, calling fsync() each 100 requests.
Calling fsync() at the end of test, Enabled.
Using synchronous I/O mode
Doing random r/w test
Initializing worker threads...

Threads started!


File operations:
    reads/s:                      206.98
    writes/s:                     137.98
    fsyncs/s:                     439.60

Throughput:
    read, MiB/s:                  3.23
    written, MiB/s:               2.16

General statistics:
    total time:                          60.0042s
    total number of events:              47079

Latency (ms):
         min:                                  0.00
         avg:                                  1.27
         max:                                 44.87
         95th percentile:                      6.67
         sum:                              59795.01

Threads fairness:
    events (avg/stddev):           47079.0000/0.00
    execution time (avg/stddev):   59.7950/0.00

sysbench 1.0.11 (using system LuaJIT 2.1.0-beta3)

Running the test with following options:
Number of threads: 1
Initializing random number generator from current time


Extra file open flags: 0
128 files, 800KiB each
100MiB total file size
Block size 16KiB
Number of IO requests: 0
Read/Write ratio for combined random IO test: 1.50
Periodic FSYNC enabled, calling fsync() each 100 requests.
Calling fsync() at the end of test, Enabled.
Using synchronous I/O mode
Doing random r/w test
Initializing worker threads...

Threads started!


File operations:
    reads/s:                      208.99
    writes/s:                     139.33
    fsyncs/s:                     445.59

Throughput:
    read, MiB/s:                  3.27
    written, MiB/s:               2.18

General statistics:
    total time:                          60.0015s
    total number of events:              47637

Latency (ms):
         min:                                  0.00
         avg:                                  1.26
         max:                                 98.85
         95th percentile:                      6.43
         sum:                              59839.52

Threads fairness:
    events (avg/stddev):           47637.0000/0.00
    execution time (avg/stddev):   59.8395/0.00

sysbench 1.0.11 (using system LuaJIT 2.1.0-beta3)

Running the test with following options:
Number of threads: 1
Initializing random number generator from current time


Extra file open flags: 0
128 files, 800KiB each
100MiB total file size
Block size 16KiB
Number of IO requests: 0
Read/Write ratio for combined random IO test: 1.50
Periodic FSYNC enabled, calling fsync() each 100 requests.
Calling fsync() at the end of test, Enabled.
Using synchronous I/O mode
Doing random r/w test
Initializing worker threads...

Threads started!


File operations:
    reads/s:                      211.99
    writes/s:                     141.32
    fsyncs/s:                     451.66

Throughput:
    read, MiB/s:                  3.31
    written, MiB/s:               2.21

General statistics:
    total time:                          60.0009s
    total number of events:              48301

Latency (ms):
         min:                                  0.00
         avg:                                  1.24
         max:                                 71.01
         95th percentile:                      6.21
         sum:                              59820.62

Threads fairness:
    events (avg/stddev):           48301.0000/0.00
    execution time (avg/stddev):   59.8206/0.00

sysbench 1.0.11 (using system LuaJIT 2.1.0-beta3)

Running the test with following options:
Number of threads: 1
Initializing random number generator from current time


Extra file open flags: 0
128 files, 800KiB each
100MiB total file size
Block size 16KiB
Number of IO requests: 0
Read/Write ratio for combined random IO test: 1.50
Periodic FSYNC enabled, calling fsync() each 100 requests.
Calling fsync() at the end of test, Enabled.
Using synchronous I/O mode
Doing random r/w test
Initializing worker threads...

Threads started!


File operations:
    reads/s:                      210.98
    writes/s:                     140.65
    fsyncs/s:                     448.49

Throughput:
    read, MiB/s:                  3.30
    written, MiB/s:               2.20

General statistics:
    total time:                          60.0027s
    total number of events:              48012

Latency (ms):
         min:                                  0.00
         avg:                                  1.25
         max:                                 51.90
         95th percentile:                      6.43
         sum:                              59829.45

Threads fairness:
    events (avg/stddev):           48012.0000/0.00
    execution time (avg/stddev):   59.8295/0.00

sysbench 1.0.11 (using system LuaJIT 2.1.0-beta3)

Running the test with following options:
Number of threads: 1
Initializing random number generator from current time


Extra file open flags: 0
128 files, 800KiB each
100MiB total file size
Block size 16KiB
Number of IO requests: 0
Read/Write ratio for combined random IO test: 1.50
Periodic FSYNC enabled, calling fsync() each 100 requests.
Calling fsync() at the end of test, Enabled.
Using synchronous I/O mode
Doing random r/w test
Initializing worker threads...

Threads started!


File operations:
    reads/s:                      208.99
    writes/s:                     139.33
    fsyncs/s:                     444.45

Throughput:
    read, MiB/s:                  3.27
    written, MiB/s:               2.18

General statistics:
    total time:                          60.0002s
    total number of events:              47568

Latency (ms):
         min:                                  0.00
         avg:                                  1.26
         max:                                 54.76
         95th percentile:                      6.55
         sum:                              59819.73

Threads fairness:
    events (avg/stddev):           47568.0000/0.00
    execution time (avg/stddev):   59.8197/0.00

sysbench 1.0.11 (using system LuaJIT 2.1.0-beta3)

Running the test with following options:
Number of threads: 1
Initializing random number generator from current time


Extra file open flags: 0
128 files, 800KiB each
100MiB total file size
Block size 16KiB
Number of IO requests: 0
Read/Write ratio for combined random IO test: 1.50
Periodic FSYNC enabled, calling fsync() each 100 requests.
Calling fsync() at the end of test, Enabled.
Using synchronous I/O mode
Doing random r/w test
Initializing worker threads...

Threads started!


File operations:
    reads/s:                      208.97
    writes/s:                     139.31
    fsyncs/s:                     443.94

Throughput:
    read, MiB/s:                  3.27
    written, MiB/s:               2.18

General statistics:
    total time:                          60.0004s
    total number of events:              47540

Latency (ms):
         min:                                  0.00
         avg:                                  1.26
         max:                                 45.91
         95th percentile:                      6.09
         sum:                              59834.72

Threads fairness:
    events (avg/stddev):           47540.0000/0.00
    execution time (avg/stddev):   59.8347/0.00

sysbench 1.0.11 (using system LuaJIT 2.1.0-beta3)

Running the test with following options:
Number of threads: 1
Initializing random number generator from current time


Extra file open flags: 0
128 files, 800KiB each
100MiB total file size
Block size 16KiB
Number of IO requests: 0
Read/Write ratio for combined random IO test: 1.50
Periodic FSYNC enabled, calling fsync() each 100 requests.
Calling fsync() at the end of test, Enabled.
Using synchronous I/O mode
Doing random r/w test
Initializing worker threads...

Threads started!


File operations:
    reads/s:                      208.99
    writes/s:                     139.33
    fsyncs/s:                     444.14

Throughput:
    read, MiB/s:                  3.27
    written, MiB/s:               2.18

General statistics:
    total time:                          60.0008s
    total number of events:              47550

Latency (ms):
         min:                                  0.00
         avg:                                  1.26
         max:                                109.56
         95th percentile:                      6.32
         sum:                              59820.27

Threads fairness:
    events (avg/stddev):           47550.0000/0.00
    execution time (avg/stddev):   59.8203/0.00

sysbench 1.0.11 (using system LuaJIT 2.1.0-beta3)

Running the test with following options:
Number of threads: 1
Initializing random number generator from current time


Extra file open flags: 0
128 files, 800KiB each
100MiB total file size
Block size 16KiB
Number of IO requests: 0
Read/Write ratio for combined random IO test: 1.50
Periodic FSYNC enabled, calling fsync() each 100 requests.
Calling fsync() at the end of test, Enabled.
Using synchronous I/O mode
Doing random r/w test
Initializing worker threads...

Threads started!


File operations:
    reads/s:                      209.97
    writes/s:                     139.98
    fsyncs/s:                     446.00

Throughput:
    read, MiB/s:                  3.28
    written, MiB/s:               2.19

General statistics:
    total time:                          60.0058s
    total number of events:              47764

Latency (ms):
         min:                                  0.00
         avg:                                  1.25
         max:                                 59.34
         95th percentile:                      6.43
         sum:                              59839.71

Threads fairness:
    events (avg/stddev):           47764.0000/0.00
    execution time (avg/stddev):   59.8397/0.00

sysbench 1.0.11 (using system LuaJIT 2.1.0-beta3)

Running the test with following options:
Number of threads: 1
Initializing random number generator from current time


Extra file open flags: 0
128 files, 800KiB each
100MiB total file size
Block size 16KiB
Number of IO requests: 0
Read/Write ratio for combined random IO test: 1.50
Periodic FSYNC enabled, calling fsync() each 100 requests.
Calling fsync() at the end of test, Enabled.
Using synchronous I/O mode
Doing random r/w test
Initializing worker threads...

Threads started!


File operations:
    reads/s:                      209.99
    writes/s:                     139.99
    fsyncs/s:                     446.23

Throughput:
    read, MiB/s:                  3.28
    written, MiB/s:               2.19

General statistics:
    total time:                          60.0010s
    total number of events:              47775

Latency (ms):
         min:                                  0.00
         avg:                                  1.25
         max:                                105.96
         95th percentile:                      6.43
         sum:                              59837.85

Threads fairness:
    events (avg/stddev):           47775.0000/0.00
    execution time (avg/stddev):   59.8378/0.00

sysbench 1.0.11 (using system LuaJIT 2.1.0-beta3)

Running the test with following options:
Number of threads: 1
Initializing random number generator from current time


Extra file open flags: 0
128 files, 800KiB each
100MiB total file size
Block size 16KiB
Number of IO requests: 0
Read/Write ratio for combined random IO test: 1.50
Periodic FSYNC enabled, calling fsync() each 100 requests.
Calling fsync() at the end of test, Enabled.
Using synchronous I/O mode
Doing random r/w test
Initializing worker threads...

Threads started!


File operations:
    reads/s:                      210.99
    writes/s:                     140.66
    fsyncs/s:                     449.14

Throughput:
    read, MiB/s:                  3.30
    written, MiB/s:               2.20

General statistics:
    total time:                          60.0024s
    total number of events:              48050

Latency (ms):
         min:                                  0.00
         avg:                                  1.25
         max:                                 61.76
         95th percentile:                      6.21
         sum:                              59826.53

Threads fairness:
    events (avg/stddev):           48050.0000/0.00
    execution time (avg/stddev):   59.8265/0.00

sysbench 1.0.11 (using system LuaJIT 2.1.0-beta3)

Running the test with following options:
Number of threads: 1
Initializing random number generator from current time


Extra file open flags: 0
128 files, 800KiB each
100MiB total file size
Block size 16KiB
Number of IO requests: 0
Read/Write ratio for combined random IO test: 1.50
Periodic FSYNC enabled, calling fsync() each 100 requests.
Calling fsync() at the end of test, Enabled.
Using synchronous I/O mode
Doing random r/w test
Initializing worker threads...

Threads started!


File operations:
    reads/s:                      208.98
    writes/s:                     139.32
    fsyncs/s:                     444.40

Throughput:
    read, MiB/s:                  3.27
    written, MiB/s:               2.18

General statistics:
    total time:                          60.0052s
    total number of events:              47567

Latency (ms):
         min:                                  0.00
         avg:                                  1.26
         max:                                 48.98
         95th percentile:                      6.43
         sum:                              59823.55

Threads fairness:
    events (avg/stddev):           47567.0000/0.00
    execution time (avg/stddev):   59.8236/0.00

sysbench 1.0.11 (using system LuaJIT 2.1.0-beta3)

Running the test with following options:
Number of threads: 1
Initializing random number generator from current time


Extra file open flags: 0
128 files, 800KiB each
100MiB total file size
Block size 16KiB
Number of IO requests: 0
Read/Write ratio for combined random IO test: 1.50
Periodic FSYNC enabled, calling fsync() each 100 requests.
Calling fsync() at the end of test, Enabled.
Using synchronous I/O mode
Doing random r/w test
Initializing worker threads...

Threads started!


File operations:
    reads/s:                      208.97
    writes/s:                     139.31
    fsyncs/s:                     444.57

Throughput:
    read, MiB/s:                  3.27
    written, MiB/s:               2.18

General statistics:
    total time:                          60.0053s
    total number of events:              47578

Latency (ms):
         min:                                  0.00
         avg:                                  1.26
         max:                                 42.36
         95th percentile:                      6.32
         sum:                              59859.83

Threads fairness:
    events (avg/stddev):           47578.0000/0.00
    execution time (avg/stddev):   59.8598/0.00

sysbench 1.0.11 (using system LuaJIT 2.1.0-beta3)

Running the test with following options:
Number of threads: 1
Initializing random number generator from current time


Extra file open flags: 0
128 files, 800KiB each
100MiB total file size
Block size 16KiB
Number of IO requests: 0
Read/Write ratio for combined random IO test: 1.50
Periodic FSYNC enabled, calling fsync() each 100 requests.
Calling fsync() at the end of test, Enabled.
Using synchronous I/O mode
Doing random r/w test
Initializing worker threads...

Threads started!


File operations:
    reads/s:                      209.99
    writes/s:                     139.99
    fsyncs/s:                     445.98

Throughput:
    read, MiB/s:                  3.28
    written, MiB/s:               2.19

General statistics:
    total time:                          60.0003s
    total number of events:              47760

Latency (ms):
         min:                                  0.00
         avg:                                  1.25
         max:                                 54.67
         95th percentile:                      6.43
         sum:                              59851.73

Threads fairness:
    events (avg/stddev):           47760.0000/0.00
    execution time (avg/stddev):   59.8517/0.00

sysbench 1.0.11 (using system LuaJIT 2.1.0-beta3)

Running the test with following options:
Number of threads: 1
Initializing random number generator from current time


Extra file open flags: 0
128 files, 800KiB each
100MiB total file size
Block size 16KiB
Number of IO requests: 0
Read/Write ratio for combined random IO test: 1.50
Periodic FSYNC enabled, calling fsync() each 100 requests.
Calling fsync() at the end of test, Enabled.
Using synchronous I/O mode
Doing random r/w test
Initializing worker threads...

Threads started!


File operations:
    reads/s:                      208.98
    writes/s:                     139.32
    fsyncs/s:                     444.17

Throughput:
    read, MiB/s:                  3.27
    written, MiB/s:               2.18

General statistics:
    total time:                          60.0021s
    total number of events:              47552

Latency (ms):
         min:                                  0.00
         avg:                                  1.26
         max:                                 50.22
         95th percentile:                      6.21
         sum:                              59833.11

Threads fairness:
    events (avg/stddev):           47552.0000/0.00
    execution time (avg/stddev):   59.8331/0.00

sysbench 1.0.11 (using system LuaJIT 2.1.0-beta3)

Running the test with following options:
Number of threads: 1
Initializing random number generator from current time


Extra file open flags: 0
128 files, 800KiB each
100MiB total file size
Block size 16KiB
Number of IO requests: 0
Read/Write ratio for combined random IO test: 1.50
Periodic FSYNC enabled, calling fsync() each 100 requests.
Calling fsync() at the end of test, Enabled.
Using synchronous I/O mode
Doing random r/w test
Initializing worker threads...

Threads started!


File operations:
    reads/s:                      209.96
    writes/s:                     139.98
    fsyncs/s:                     446.47

Throughput:
    read, MiB/s:                  3.28
    written, MiB/s:               2.19

General statistics:
    total time:                          60.0058s
    total number of events:              47793

Latency (ms):
         min:                                  0.00
         avg:                                  1.25
         max:                                 99.52
         95th percentile:                      6.43
         sum:                              59853.41

Threads fairness:
    events (avg/stddev):           47793.0000/0.00
    execution time (avg/stddev):   59.8534/0.00

sysbench 1.0.11 (using system LuaJIT 2.1.0-beta3)

Running the test with following options:
Number of threads: 1
Initializing random number generator from current time


Extra file open flags: 0
128 files, 800KiB each
100MiB total file size
Block size 16KiB
Number of IO requests: 0
Read/Write ratio for combined random IO test: 1.50
Periodic FSYNC enabled, calling fsync() each 100 requests.
Calling fsync() at the end of test, Enabled.
Using synchronous I/O mode
Doing random r/w test
Initializing worker threads...

Threads started!


File operations:
    reads/s:                      209.99
    writes/s:                     139.99
    fsyncs/s:                     447.93

Throughput:
    read, MiB/s:                  3.28
    written, MiB/s:               2.19

General statistics:
    total time:                          60.0001s
    total number of events:              47877

Latency (ms):
         min:                                  0.00
         avg:                                  1.25
         max:                                 54.83
         95th percentile:                      6.32
         sum:                              59801.93

Threads fairness:
    events (avg/stddev):           47877.0000/0.00
    execution time (avg/stddev):   59.8019/0.00

sysbench 1.0.11 (using system LuaJIT 2.1.0-beta3)

Running the test with following options:
Number of threads: 1
Initializing random number generator from current time


Extra file open flags: 0
128 files, 800KiB each
100MiB total file size
Block size 16KiB
Number of IO requests: 0
Read/Write ratio for combined random IO test: 1.50
Periodic FSYNC enabled, calling fsync() each 100 requests.
Calling fsync() at the end of test, Enabled.
Using synchronous I/O mode
Doing random r/w test
Initializing worker threads...

Threads started!


File operations:
    reads/s:                      209.98
    writes/s:                     139.99
    fsyncs/s:                     446.39

Throughput:
    read, MiB/s:                  3.28
    written, MiB/s:               2.19

General statistics:
    total time:                          60.0023s
    total number of events:              47786

Latency (ms):
         min:                                  0.00
         avg:                                  1.25
         max:                                 38.36
         95th percentile:                      6.43
         sum:                              59844.73

Threads fairness:
    events (avg/stddev):           47786.0000/0.00
    execution time (avg/stddev):   59.8447/0.00

sysbench 1.0.11 (using system LuaJIT 2.1.0-beta3)

Running the test with following options:
Number of threads: 1
Initializing random number generator from current time


Extra file open flags: 0
128 files, 800KiB each
100MiB total file size
Block size 16KiB
Number of IO requests: 0
Read/Write ratio for combined random IO test: 1.50
Periodic FSYNC enabled, calling fsync() each 100 requests.
Calling fsync() at the end of test, Enabled.
Using synchronous I/O mode
Doing random r/w test
Initializing worker threads...

Threads started!


File operations:
    reads/s:                      210.97
    writes/s:                     140.65
    fsyncs/s:                     448.73

Throughput:
    read, MiB/s:                  3.30
    written, MiB/s:               2.20

General statistics:
    total time:                          60.0064s
    total number of events:              48028

Latency (ms):
         min:                                  0.00
         avg:                                  1.25
         max:                                 54.45
         95th percentile:                      6.43
         sum:                              59839.62

Threads fairness:
    events (avg/stddev):           48028.0000/0.00
    execution time (avg/stddev):   59.8396/0.00

sysbench 1.0.11 (using system LuaJIT 2.1.0-beta3)

Running the test with following options:
Number of threads: 1
Initializing random number generator from current time


Extra file open flags: 0
128 files, 800KiB each
100MiB total file size
Block size 16KiB
Number of IO requests: 0
Read/Write ratio for combined random IO test: 1.50
Periodic FSYNC enabled, calling fsync() each 100 requests.
Calling fsync() at the end of test, Enabled.
Using synchronous I/O mode
Doing random r/w test
Initializing worker threads...

Threads started!


File operations:
    reads/s:                      208.98
    writes/s:                     139.32
    fsyncs/s:                     444.34

Throughput:
    read, MiB/s:                  3.27
    written, MiB/s:               2.18

General statistics:
    total time:                          60.0040s
    total number of events:              47563

Latency (ms):
         min:                                  0.00
         avg:                                  1.26
         max:                                 97.58
         95th percentile:                      6.43
         sum:                              59831.77

Threads fairness:
    events (avg/stddev):           47563.0000/0.00
    execution time (avg/stddev):   59.8318/0.00

sysbench 1.0.11 (using system LuaJIT 2.1.0-beta3)

Running the test with following options:
Number of threads: 1
Initializing random number generator from current time


Extra file open flags: 0
128 files, 800KiB each
100MiB total file size
Block size 16KiB
Number of IO requests: 0
Read/Write ratio for combined random IO test: 1.50
Periodic FSYNC enabled, calling fsync() each 100 requests.
Calling fsync() at the end of test, Enabled.
Using synchronous I/O mode
Doing random r/w test
Initializing worker threads...

Threads started!


File operations:
    reads/s:                      209.99
    writes/s:                     139.99
    fsyncs/s:                     446.49

Throughput:
    read, MiB/s:                  3.28
    written, MiB/s:               2.19

General statistics:
    total time:                          60.0019s
    total number of events:              47791

Latency (ms):
         min:                                  0.00
         avg:                                  1.25
         max:                                 95.52
         95th percentile:                      6.43
         sum:                              59810.79

Threads fairness:
    events (avg/stddev):           47791.0000/0.00
    execution time (avg/stddev):   59.8108/0.00

sysbench 1.0.11 (using system LuaJIT 2.1.0-beta3)

Running the test with following options:
Number of threads: 1
Initializing random number generator from current time


Extra file open flags: 0
128 files, 800KiB each
100MiB total file size
Block size 16KiB
Number of IO requests: 0
Read/Write ratio for combined random IO test: 1.50
Periodic FSYNC enabled, calling fsync() each 100 requests.
Calling fsync() at the end of test, Enabled.
Using synchronous I/O mode
Doing random r/w test
Initializing worker threads...

Threads started!


File operations:
    reads/s:                      208.97
    writes/s:                     139.31
    fsyncs/s:                     444.62

Throughput:
    read, MiB/s:                  3.27
    written, MiB/s:               2.18

General statistics:
    total time:                          60.0064s
    total number of events:              47581

Latency (ms):
         min:                                  0.00
         avg:                                  1.26
         max:                                 54.01
         95th percentile:                      6.09
         sum:                              59839.30

Threads fairness:
    events (avg/stddev):           47581.0000/0.00
    execution time (avg/stddev):   59.8393/0.00

sysbench 1.0.11 (using system LuaJIT 2.1.0-beta3)

Running the test with following options:
Number of threads: 1
Initializing random number generator from current time


Extra file open flags: 0
128 files, 800KiB each
100MiB total file size
Block size 16KiB
Number of IO requests: 0
Read/Write ratio for combined random IO test: 1.50
Periodic FSYNC enabled, calling fsync() each 100 requests.
Calling fsync() at the end of test, Enabled.
Using synchronous I/O mode
Doing random r/w test
Initializing worker threads...

Threads started!


File operations:
    reads/s:                      209.98
    writes/s:                     139.99
    fsyncs/s:                     446.51

Throughput:
    read, MiB/s:                  3.28
    written, MiB/s:               2.19

General statistics:
    total time:                          60.0018s
    total number of events:              47793

Latency (ms):
         min:                                  0.00
         avg:                                  1.25
         max:                                 99.35
         95th percentile:                      6.43
         sum:                              59838.34

Threads fairness:
    events (avg/stddev):           47793.0000/0.00
    execution time (avg/stddev):   59.8383/0.00

sysbench 1.0.11 (using system LuaJIT 2.1.0-beta3)

Running the test with following options:
Number of threads: 1
Initializing random number generator from current time


Extra file open flags: 0
128 files, 800KiB each
100MiB total file size
Block size 16KiB
Number of IO requests: 0
Read/Write ratio for combined random IO test: 1.50
Periodic FSYNC enabled, calling fsync() each 100 requests.
Calling fsync() at the end of test, Enabled.
Using synchronous I/O mode
Doing random r/w test
Initializing worker threads...

Threads started!


File operations:
    reads/s:                      209.99
    writes/s:                     139.99
    fsyncs/s:                     446.12

Throughput:
    read, MiB/s:                  3.28
    written, MiB/s:               2.19

General statistics:
    total time:                          60.0005s
    total number of events:              47769

Latency (ms):
         min:                                  0.00
         avg:                                  1.25
         max:                                 53.11
         95th percentile:                      6.43
         sum:                              59817.91

Threads fairness:
    events (avg/stddev):           47769.0000/0.00
    execution time (avg/stddev):   59.8179/0.00

