sysbench 1.0.11 (using system LuaJIT 2.1.0-beta3)

Running the test with following options:
Number of threads: 1
Initializing random number generator from current time


Extra file open flags: 0
128 files, 800KiB each
100MiB total file size
Block size 16KiB
Number of IO requests: 0
Read/Write ratio for combined random IO test: 1.50
Periodic FSYNC enabled, calling fsync() each 100 requests.
Calling fsync() at the end of test, Enabled.
Using synchronous I/O mode
Doing random r/w test
Initializing worker threads...

Threads started!


File operations:
    reads/s:                      200.97
    writes/s:                     133.98
    fsyncs/s:                     428.09

Throughput:
    read, MiB/s:                  3.14
    written, MiB/s:               2.09

General statistics:
    total time:                          60.0054s
    total number of events:              45789

Latency (ms):
         min:                                  0.00
         avg:                                  1.31
         max:                                 51.56
         95th percentile:                      5.57
         sum:                              59819.69

Threads fairness:
    events (avg/stddev):           45789.0000/0.00
    execution time (avg/stddev):   59.8197/0.00

sysbench 1.0.11 (using system LuaJIT 2.1.0-beta3)

Running the test with following options:
Number of threads: 1
Initializing random number generator from current time


Extra file open flags: 0
128 files, 800KiB each
100MiB total file size
Block size 16KiB
Number of IO requests: 0
Read/Write ratio for combined random IO test: 1.50
Periodic FSYNC enabled, calling fsync() each 100 requests.
Calling fsync() at the end of test, Enabled.
Using synchronous I/O mode
Doing random r/w test
Initializing worker threads...

Threads started!


File operations:
    reads/s:                      199.98
    writes/s:                     133.32
    fsyncs/s:                     426.25

Throughput:
    read, MiB/s:                  3.12
    written, MiB/s:               2.08

General statistics:
    total time:                          60.0028s
    total number of events:              45577

Latency (ms):
         min:                                  0.00
         avg:                                  1.31
         max:                                 40.83
         95th percentile:                      5.57
         sum:                              59817.99

Threads fairness:
    events (avg/stddev):           45577.0000/0.00
    execution time (avg/stddev):   59.8180/0.00

sysbench 1.0.11 (using system LuaJIT 2.1.0-beta3)

Running the test with following options:
Number of threads: 1
Initializing random number generator from current time


Extra file open flags: 0
128 files, 800KiB each
100MiB total file size
Block size 16KiB
Number of IO requests: 0
Read/Write ratio for combined random IO test: 1.50
Periodic FSYNC enabled, calling fsync() each 100 requests.
Calling fsync() at the end of test, Enabled.
Using synchronous I/O mode
Doing random r/w test
Initializing worker threads...

Threads started!


File operations:
    reads/s:                      200.97
    writes/s:                     133.98
    fsyncs/s:                     428.41

Throughput:
    read, MiB/s:                  3.14
    written, MiB/s:               2.09

General statistics:
    total time:                          60.0065s
    total number of events:              45808

Latency (ms):
         min:                                  0.00
         avg:                                  1.31
         max:                                 91.51
         95th percentile:                      5.57
         sum:                              59820.75

Threads fairness:
    events (avg/stddev):           45808.0000/0.00
    execution time (avg/stddev):   59.8208/0.00

sysbench 1.0.11 (using system LuaJIT 2.1.0-beta3)

Running the test with following options:
Number of threads: 1
Initializing random number generator from current time


Extra file open flags: 0
128 files, 800KiB each
100MiB total file size
Block size 16KiB
Number of IO requests: 0
Read/Write ratio for combined random IO test: 1.50
Periodic FSYNC enabled, calling fsync() each 100 requests.
Calling fsync() at the end of test, Enabled.
Using synchronous I/O mode
Doing random r/w test
Initializing worker threads...

Threads started!


File operations:
    reads/s:                      201.99
    writes/s:                     134.66
    fsyncs/s:                     429.65

Throughput:
    read, MiB/s:                  3.16
    written, MiB/s:               2.10

General statistics:
    total time:                          60.0002s
    total number of events:              45980

Latency (ms):
         min:                                  0.00
         avg:                                  1.30
         max:                                 99.93
         95th percentile:                      5.47
         sum:                              59851.94

Threads fairness:
    events (avg/stddev):           45980.0000/0.00
    execution time (avg/stddev):   59.8519/0.00

sysbench 1.0.11 (using system LuaJIT 2.1.0-beta3)

Running the test with following options:
Number of threads: 1
Initializing random number generator from current time


Extra file open flags: 0
128 files, 800KiB each
100MiB total file size
Block size 16KiB
Number of IO requests: 0
Read/Write ratio for combined random IO test: 1.50
Periodic FSYNC enabled, calling fsync() each 100 requests.
Calling fsync() at the end of test, Enabled.
Using synchronous I/O mode
Doing random r/w test
Initializing worker threads...

Threads started!


File operations:
    reads/s:                      200.97
    writes/s:                     133.98
    fsyncs/s:                     427.51

Throughput:
    read, MiB/s:                  3.14
    written, MiB/s:               2.09

General statistics:
    total time:                          60.0052s
    total number of events:              45754

Latency (ms):
         min:                                  0.00
         avg:                                  1.31
         max:                                 57.43
         95th percentile:                      5.77
         sum:                              59839.56

Threads fairness:
    events (avg/stddev):           45754.0000/0.00
    execution time (avg/stddev):   59.8396/0.00

sysbench 1.0.11 (using system LuaJIT 2.1.0-beta3)

Running the test with following options:
Number of threads: 1
Initializing random number generator from current time


Extra file open flags: 0
128 files, 800KiB each
100MiB total file size
Block size 16KiB
Number of IO requests: 0
Read/Write ratio for combined random IO test: 1.50
Periodic FSYNC enabled, calling fsync() each 100 requests.
Calling fsync() at the end of test, Enabled.
Using synchronous I/O mode
Doing random r/w test
Initializing worker threads...

Threads started!


File operations:
    reads/s:                      201.99
    writes/s:                     134.66
    fsyncs/s:                     430.25

Throughput:
    read, MiB/s:                  3.16
    written, MiB/s:               2.10

General statistics:
    total time:                          60.0007s
    total number of events:              46016

Latency (ms):
         min:                                  0.00
         avg:                                  1.30
         max:                                 74.08
         95th percentile:                      5.37
         sum:                              59860.24

Threads fairness:
    events (avg/stddev):           46016.0000/0.00
    execution time (avg/stddev):   59.8602/0.00

sysbench 1.0.11 (using system LuaJIT 2.1.0-beta3)

Running the test with following options:
Number of threads: 1
Initializing random number generator from current time


Extra file open flags: 0
128 files, 800KiB each
100MiB total file size
Block size 16KiB
Number of IO requests: 0
Read/Write ratio for combined random IO test: 1.50
Periodic FSYNC enabled, calling fsync() each 100 requests.
Calling fsync() at the end of test, Enabled.
Using synchronous I/O mode
Doing random r/w test
Initializing worker threads...

Threads started!


File operations:
    reads/s:                      201.97
    writes/s:                     134.64
    fsyncs/s:                     430.24

Throughput:
    read, MiB/s:                  3.16
    written, MiB/s:               2.10

General statistics:
    total time:                          60.0079s
    total number of events:              46019

Latency (ms):
         min:                                  0.00
         avg:                                  1.30
         max:                                 45.17
         95th percentile:                      5.47
         sum:                              59823.99

Threads fairness:
    events (avg/stddev):           46019.0000/0.00
    execution time (avg/stddev):   59.8240/0.00

sysbench 1.0.11 (using system LuaJIT 2.1.0-beta3)

Running the test with following options:
Number of threads: 1
Initializing random number generator from current time


Extra file open flags: 0
128 files, 800KiB each
100MiB total file size
Block size 16KiB
Number of IO requests: 0
Read/Write ratio for combined random IO test: 1.50
Periodic FSYNC enabled, calling fsync() each 100 requests.
Calling fsync() at the end of test, Enabled.
Using synchronous I/O mode
Doing random r/w test
Initializing worker threads...

Threads started!


File operations:
    reads/s:                      199.99
    writes/s:                     133.33
    fsyncs/s:                     424.98

Throughput:
    read, MiB/s:                  3.12
    written, MiB/s:               2.08

General statistics:
    total time:                          60.0007s
    total number of events:              45500

Latency (ms):
         min:                                  0.00
         avg:                                  1.31
         max:                                 99.64
         95th percentile:                      6.09
         sum:                              59812.78

Threads fairness:
    events (avg/stddev):           45500.0000/0.00
    execution time (avg/stddev):   59.8128/0.00

sysbench 1.0.11 (using system LuaJIT 2.1.0-beta3)

Running the test with following options:
Number of threads: 1
Initializing random number generator from current time


Extra file open flags: 0
128 files, 800KiB each
100MiB total file size
Block size 16KiB
Number of IO requests: 0
Read/Write ratio for combined random IO test: 1.50
Periodic FSYNC enabled, calling fsync() each 100 requests.
Calling fsync() at the end of test, Enabled.
Using synchronous I/O mode
Doing random r/w test
Initializing worker threads...

Threads started!


File operations:
    reads/s:                      201.98
    writes/s:                     134.65
    fsyncs/s:                     429.12

Throughput:
    read, MiB/s:                  3.16
    written, MiB/s:               2.10

General statistics:
    total time:                          60.0023s
    total number of events:              45950

Latency (ms):
         min:                                  0.00
         avg:                                  1.30
         max:                                 74.97
         95th percentile:                      5.37
         sum:                              59862.12

Threads fairness:
    events (avg/stddev):           45950.0000/0.00
    execution time (avg/stddev):   59.8621/0.00

sysbench 1.0.11 (using system LuaJIT 2.1.0-beta3)

Running the test with following options:
Number of threads: 1
Initializing random number generator from current time


Extra file open flags: 0
128 files, 800KiB each
100MiB total file size
Block size 16KiB
Number of IO requests: 0
Read/Write ratio for combined random IO test: 1.50
Periodic FSYNC enabled, calling fsync() each 100 requests.
Calling fsync() at the end of test, Enabled.
Using synchronous I/O mode
Doing random r/w test
Initializing worker threads...

Threads started!


File operations:
    reads/s:                      202.98
    writes/s:                     135.32
    fsyncs/s:                     431.99

Throughput:
    read, MiB/s:                  3.17
    written, MiB/s:               2.11

General statistics:
    total time:                          60.0043s
    total number of events:              46222

Latency (ms):
         min:                                  0.00
         avg:                                  1.29
         max:                                101.23
         95th percentile:                      5.18
         sum:                              59809.44

Threads fairness:
    events (avg/stddev):           46222.0000/0.00
    execution time (avg/stddev):   59.8094/0.00

sysbench 1.0.11 (using system LuaJIT 2.1.0-beta3)

Running the test with following options:
Number of threads: 1
Initializing random number generator from current time


Extra file open flags: 0
128 files, 800KiB each
100MiB total file size
Block size 16KiB
Number of IO requests: 0
Read/Write ratio for combined random IO test: 1.50
Periodic FSYNC enabled, calling fsync() each 100 requests.
Calling fsync() at the end of test, Enabled.
Using synchronous I/O mode
Doing random r/w test
Initializing worker threads...

Threads started!


File operations:
    reads/s:                      201.99
    writes/s:                     134.66
    fsyncs/s:                     430.17

Throughput:
    read, MiB/s:                  3.16
    written, MiB/s:               2.10

General statistics:
    total time:                          60.0025s
    total number of events:              46012

Latency (ms):
         min:                                  0.00
         avg:                                  1.30
         max:                                 75.99
         95th percentile:                      5.47
         sum:                              59789.44

Threads fairness:
    events (avg/stddev):           46012.0000/0.00
    execution time (avg/stddev):   59.7894/0.00

sysbench 1.0.11 (using system LuaJIT 2.1.0-beta3)

Running the test with following options:
Number of threads: 1
Initializing random number generator from current time


Extra file open flags: 0
128 files, 800KiB each
100MiB total file size
Block size 16KiB
Number of IO requests: 0
Read/Write ratio for combined random IO test: 1.50
Periodic FSYNC enabled, calling fsync() each 100 requests.
Calling fsync() at the end of test, Enabled.
Using synchronous I/O mode
Doing random r/w test
Initializing worker threads...

Threads started!


File operations:
    reads/s:                      200.98
    writes/s:                     133.98
    fsyncs/s:                     427.63

Throughput:
    read, MiB/s:                  3.14
    written, MiB/s:               2.09

General statistics:
    total time:                          60.0050s
    total number of events:              45761

Latency (ms):
         min:                                  0.00
         avg:                                  1.31
         max:                                 91.64
         95th percentile:                      5.77
         sum:                              59825.13

Threads fairness:
    events (avg/stddev):           45761.0000/0.00
    execution time (avg/stddev):   59.8251/0.00

sysbench 1.0.11 (using system LuaJIT 2.1.0-beta3)

Running the test with following options:
Number of threads: 1
Initializing random number generator from current time


Extra file open flags: 0
128 files, 800KiB each
100MiB total file size
Block size 16KiB
Number of IO requests: 0
Read/Write ratio for combined random IO test: 1.50
Periodic FSYNC enabled, calling fsync() each 100 requests.
Calling fsync() at the end of test, Enabled.
Using synchronous I/O mode
Doing random r/w test
Initializing worker threads...

Threads started!


File operations:
    reads/s:                      200.99
    writes/s:                     133.99
    fsyncs/s:                     427.25

Throughput:
    read, MiB/s:                  3.14
    written, MiB/s:               2.09

General statistics:
    total time:                          60.0007s
    total number of events:              45736

Latency (ms):
         min:                                  0.00
         avg:                                  1.31
         max:                                 60.79
         95th percentile:                      5.77
         sum:                              59845.44

Threads fairness:
    events (avg/stddev):           45736.0000/0.00
    execution time (avg/stddev):   59.8454/0.00

sysbench 1.0.11 (using system LuaJIT 2.1.0-beta3)

Running the test with following options:
Number of threads: 1
Initializing random number generator from current time


Extra file open flags: 0
128 files, 800KiB each
100MiB total file size
Block size 16KiB
Number of IO requests: 0
Read/Write ratio for combined random IO test: 1.50
Periodic FSYNC enabled, calling fsync() each 100 requests.
Calling fsync() at the end of test, Enabled.
Using synchronous I/O mode
Doing random r/w test
Initializing worker threads...

Threads started!


File operations:
    reads/s:                      202.99
    writes/s:                     135.32
    fsyncs/s:                     431.10

Throughput:
    read, MiB/s:                  3.17
    written, MiB/s:               2.11

General statistics:
    total time:                          60.0007s
    total number of events:              46168

Latency (ms):
         min:                                  0.00
         avg:                                  1.30
         max:                                 38.09
         95th percentile:                      5.37
         sum:                              59847.45

Threads fairness:
    events (avg/stddev):           46168.0000/0.00
    execution time (avg/stddev):   59.8475/0.00

sysbench 1.0.11 (using system LuaJIT 2.1.0-beta3)

Running the test with following options:
Number of threads: 1
Initializing random number generator from current time


Extra file open flags: 0
128 files, 800KiB each
100MiB total file size
Block size 16KiB
Number of IO requests: 0
Read/Write ratio for combined random IO test: 1.50
Periodic FSYNC enabled, calling fsync() each 100 requests.
Calling fsync() at the end of test, Enabled.
Using synchronous I/O mode
Doing random r/w test
Initializing worker threads...

Threads started!


File operations:
    reads/s:                      201.97
    writes/s:                     134.65
    fsyncs/s:                     429.35

Throughput:
    read, MiB/s:                  3.16
    written, MiB/s:               2.10

General statistics:
    total time:                          60.0066s
    total number of events:              45965

Latency (ms):
         min:                                  0.00
         avg:                                  1.30
         max:                                 94.48
         95th percentile:                      5.47
         sum:                              59822.85

Threads fairness:
    events (avg/stddev):           45965.0000/0.00
    execution time (avg/stddev):   59.8229/0.00

sysbench 1.0.11 (using system LuaJIT 2.1.0-beta3)

Running the test with following options:
Number of threads: 1
Initializing random number generator from current time


Extra file open flags: 0
128 files, 800KiB each
100MiB total file size
Block size 16KiB
Number of IO requests: 0
Read/Write ratio for combined random IO test: 1.50
Periodic FSYNC enabled, calling fsync() each 100 requests.
Calling fsync() at the end of test, Enabled.
Using synchronous I/O mode
Doing random r/w test
Initializing worker threads...

Threads started!


File operations:
    reads/s:                      199.97
    writes/s:                     133.31
    fsyncs/s:                     425.07

Throughput:
    read, MiB/s:                  3.12
    written, MiB/s:               2.08

General statistics:
    total time:                          60.0072s
    total number of events:              45508

Latency (ms):
         min:                                  0.00
         avg:                                  1.32
         max:                                 48.17
         95th percentile:                      5.28
         sum:                              59851.67

Threads fairness:
    events (avg/stddev):           45508.0000/0.00
    execution time (avg/stddev):   59.8517/0.00

sysbench 1.0.11 (using system LuaJIT 2.1.0-beta3)

Running the test with following options:
Number of threads: 1
Initializing random number generator from current time


Extra file open flags: 0
128 files, 800KiB each
100MiB total file size
Block size 16KiB
Number of IO requests: 0
Read/Write ratio for combined random IO test: 1.50
Periodic FSYNC enabled, calling fsync() each 100 requests.
Calling fsync() at the end of test, Enabled.
Using synchronous I/O mode
Doing random r/w test
Initializing worker threads...

Threads started!


File operations:
    reads/s:                      197.98
    writes/s:                     131.99
    fsyncs/s:                     421.30

Throughput:
    read, MiB/s:                  3.09
    written, MiB/s:               2.06

General statistics:
    total time:                          60.0013s
    total number of events:              45080

Latency (ms):
         min:                                  0.00
         avg:                                  1.33
         max:                                167.01
         95th percentile:                      5.77
         sum:                              59790.67

Threads fairness:
    events (avg/stddev):           45080.0000/0.00
    execution time (avg/stddev):   59.7907/0.00

sysbench 1.0.11 (using system LuaJIT 2.1.0-beta3)

Running the test with following options:
Number of threads: 1
Initializing random number generator from current time


Extra file open flags: 0
128 files, 800KiB each
100MiB total file size
Block size 16KiB
Number of IO requests: 0
Read/Write ratio for combined random IO test: 1.50
Periodic FSYNC enabled, calling fsync() each 100 requests.
Calling fsync() at the end of test, Enabled.
Using synchronous I/O mode
Doing random r/w test
Initializing worker threads...

Threads started!


File operations:
    reads/s:                      185.98
    writes/s:                     123.99
    fsyncs/s:                     396.31

Throughput:
    read, MiB/s:                  2.91
    written, MiB/s:               1.94

General statistics:
    total time:                          60.0039s
    total number of events:              42381

Latency (ms):
         min:                                  0.00
         avg:                                  1.41
         max:                                132.48
         95th percentile:                      6.79
         sum:                              59831.46

Threads fairness:
    events (avg/stddev):           42381.0000/0.00
    execution time (avg/stddev):   59.8315/0.00

sysbench 1.0.11 (using system LuaJIT 2.1.0-beta3)

Running the test with following options:
Number of threads: 1
Initializing random number generator from current time


Extra file open flags: 0
128 files, 800KiB each
100MiB total file size
Block size 16KiB
Number of IO requests: 0
Read/Write ratio for combined random IO test: 1.50
Periodic FSYNC enabled, calling fsync() each 100 requests.
Calling fsync() at the end of test, Enabled.
Using synchronous I/O mode
Doing random r/w test
Initializing worker threads...

Threads started!


File operations:
    reads/s:                      202.99
    writes/s:                     135.33
    fsyncs/s:                     432.58

Throughput:
    read, MiB/s:                  3.17
    written, MiB/s:               2.11

General statistics:
    total time:                          60.0005s
    total number of events:              46256

Latency (ms):
         min:                                  0.00
         avg:                                  1.29
         max:                                 45.76
         95th percentile:                      5.57
         sum:                              59836.95

Threads fairness:
    events (avg/stddev):           46256.0000/0.00
    execution time (avg/stddev):   59.8370/0.00

sysbench 1.0.11 (using system LuaJIT 2.1.0-beta3)

Running the test with following options:
Number of threads: 1
Initializing random number generator from current time


Extra file open flags: 0
128 files, 800KiB each
100MiB total file size
Block size 16KiB
Number of IO requests: 0
Read/Write ratio for combined random IO test: 1.50
Periodic FSYNC enabled, calling fsync() each 100 requests.
Calling fsync() at the end of test, Enabled.
Using synchronous I/O mode
Doing random r/w test
Initializing worker threads...

Threads started!


File operations:
    reads/s:                      201.99
    writes/s:                     134.66
    fsyncs/s:                     429.02

Throughput:
    read, MiB/s:                  3.16
    written, MiB/s:               2.10

General statistics:
    total time:                          60.0023s
    total number of events:              45943

Latency (ms):
         min:                                  0.00
         avg:                                  1.30
         max:                                 41.41
         95th percentile:                      5.99
         sum:                              59836.82

Threads fairness:
    events (avg/stddev):           45943.0000/0.00
    execution time (avg/stddev):   59.8368/0.00

sysbench 1.0.11 (using system LuaJIT 2.1.0-beta3)

Running the test with following options:
Number of threads: 1
Initializing random number generator from current time


Extra file open flags: 0
128 files, 800KiB each
100MiB total file size
Block size 16KiB
Number of IO requests: 0
Read/Write ratio for combined random IO test: 1.50
Periodic FSYNC enabled, calling fsync() each 100 requests.
Calling fsync() at the end of test, Enabled.
Using synchronous I/O mode
Doing random r/w test
Initializing worker threads...

Threads started!


File operations:
    reads/s:                      201.99
    writes/s:                     134.66
    fsyncs/s:                     430.16

Throughput:
    read, MiB/s:                  3.16
    written, MiB/s:               2.10

General statistics:
    total time:                          60.0009s
    total number of events:              46011

Latency (ms):
         min:                                  0.00
         avg:                                  1.30
         max:                                107.50
         95th percentile:                      5.57
         sum:                              59841.11

Threads fairness:
    events (avg/stddev):           46011.0000/0.00
    execution time (avg/stddev):   59.8411/0.00

sysbench 1.0.11 (using system LuaJIT 2.1.0-beta3)

Running the test with following options:
Number of threads: 1
Initializing random number generator from current time


Extra file open flags: 0
128 files, 800KiB each
100MiB total file size
Block size 16KiB
Number of IO requests: 0
Read/Write ratio for combined random IO test: 1.50
Periodic FSYNC enabled, calling fsync() each 100 requests.
Calling fsync() at the end of test, Enabled.
Using synchronous I/O mode
Doing random r/w test
Initializing worker threads...

Threads started!


File operations:
    reads/s:                      201.98
    writes/s:                     134.65
    fsyncs/s:                     429.46

Throughput:
    read, MiB/s:                  3.16
    written, MiB/s:               2.10

General statistics:
    total time:                          60.0048s
    total number of events:              45971

Latency (ms):
         min:                                  0.00
         avg:                                  1.30
         max:                                 58.66
         95th percentile:                      5.57
         sum:                              59823.70

Threads fairness:
    events (avg/stddev):           45971.0000/0.00
    execution time (avg/stddev):   59.8237/0.00

sysbench 1.0.11 (using system LuaJIT 2.1.0-beta3)

Running the test with following options:
Number of threads: 1
Initializing random number generator from current time


Extra file open flags: 0
128 files, 800KiB each
100MiB total file size
Block size 16KiB
Number of IO requests: 0
Read/Write ratio for combined random IO test: 1.50
Periodic FSYNC enabled, calling fsync() each 100 requests.
Calling fsync() at the end of test, Enabled.
Using synchronous I/O mode
Doing random r/w test
Initializing worker threads...

Threads started!


File operations:
    reads/s:                      201.99
    writes/s:                     134.66
    fsyncs/s:                     429.97

Throughput:
    read, MiB/s:                  3.16
    written, MiB/s:               2.10

General statistics:
    total time:                          60.0006s
    total number of events:              45999

Latency (ms):
         min:                                  0.00
         avg:                                  1.30
         max:                                104.23
         95th percentile:                      5.67
         sum:                              59833.13

Threads fairness:
    events (avg/stddev):           45999.0000/0.00
    execution time (avg/stddev):   59.8331/0.00

sysbench 1.0.11 (using system LuaJIT 2.1.0-beta3)

Running the test with following options:
Number of threads: 1
Initializing random number generator from current time


Extra file open flags: 0
128 files, 800KiB each
100MiB total file size
Block size 16KiB
Number of IO requests: 0
Read/Write ratio for combined random IO test: 1.50
Periodic FSYNC enabled, calling fsync() each 100 requests.
Calling fsync() at the end of test, Enabled.
Using synchronous I/O mode
Doing random r/w test
Initializing worker threads...

Threads started!


File operations:
    reads/s:                      202.99
    writes/s:                     135.32
    fsyncs/s:                     432.02

Throughput:
    read, MiB/s:                  3.17
    written, MiB/s:               2.11

General statistics:
    total time:                          60.0017s
    total number of events:              46223

Latency (ms):
         min:                                  0.00
         avg:                                  1.29
         max:                                101.94
         95th percentile:                      5.37
         sum:                              59850.31

Threads fairness:
    events (avg/stddev):           46223.0000/0.00
    execution time (avg/stddev):   59.8503/0.00

sysbench 1.0.11 (using system LuaJIT 2.1.0-beta3)

Running the test with following options:
Number of threads: 1
Initializing random number generator from current time


Extra file open flags: 0
128 files, 800KiB each
100MiB total file size
Block size 16KiB
Number of IO requests: 0
Read/Write ratio for combined random IO test: 1.50
Periodic FSYNC enabled, calling fsync() each 100 requests.
Calling fsync() at the end of test, Enabled.
Using synchronous I/O mode
Doing random r/w test
Initializing worker threads...

Threads started!


File operations:
    reads/s:                      202.98
    writes/s:                     135.32
    fsyncs/s:                     432.84

Throughput:
    read, MiB/s:                  3.17
    written, MiB/s:               2.11

General statistics:
    total time:                          60.0031s
    total number of events:              46273

Latency (ms):
         min:                                  0.00
         avg:                                  1.29
         max:                                102.68
         95th percentile:                      5.37
         sum:                              59810.48

Threads fairness:
    events (avg/stddev):           46273.0000/0.00
    execution time (avg/stddev):   59.8105/0.00

sysbench 1.0.11 (using system LuaJIT 2.1.0-beta3)

Running the test with following options:
Number of threads: 1
Initializing random number generator from current time


Extra file open flags: 0
128 files, 800KiB each
100MiB total file size
Block size 16KiB
Number of IO requests: 0
Read/Write ratio for combined random IO test: 1.50
Periodic FSYNC enabled, calling fsync() each 100 requests.
Calling fsync() at the end of test, Enabled.
Using synchronous I/O mode
Doing random r/w test
Initializing worker threads...

Threads started!


File operations:
    reads/s:                      201.98
    writes/s:                     134.65
    fsyncs/s:                     429.02

Throughput:
    read, MiB/s:                  3.16
    written, MiB/s:               2.10

General statistics:
    total time:                          60.0046s
    total number of events:              45944

Latency (ms):
         min:                                  0.00
         avg:                                  1.30
         max:                                102.69
         95th percentile:                      5.77
         sum:                              59806.81

Threads fairness:
    events (avg/stddev):           45944.0000/0.00
    execution time (avg/stddev):   59.8068/0.00

sysbench 1.0.11 (using system LuaJIT 2.1.0-beta3)

Running the test with following options:
Number of threads: 1
Initializing random number generator from current time


Extra file open flags: 0
128 files, 800KiB each
100MiB total file size
Block size 16KiB
Number of IO requests: 0
Read/Write ratio for combined random IO test: 1.50
Periodic FSYNC enabled, calling fsync() each 100 requests.
Calling fsync() at the end of test, Enabled.
Using synchronous I/O mode
Doing random r/w test
Initializing worker threads...

Threads started!


File operations:
    reads/s:                      201.98
    writes/s:                     134.65
    fsyncs/s:                     429.93

Throughput:
    read, MiB/s:                  3.16
    written, MiB/s:               2.10

General statistics:
    total time:                          60.0034s
    total number of events:              45998

Latency (ms):
         min:                                  0.00
         avg:                                  1.30
         max:                                 74.14
         95th percentile:                      5.57
         sum:                              59818.52

Threads fairness:
    events (avg/stddev):           45998.0000/0.00
    execution time (avg/stddev):   59.8185/0.00

sysbench 1.0.11 (using system LuaJIT 2.1.0-beta3)

Running the test with following options:
Number of threads: 1
Initializing random number generator from current time


Extra file open flags: 0
128 files, 800KiB each
100MiB total file size
Block size 16KiB
Number of IO requests: 0
Read/Write ratio for combined random IO test: 1.50
Periodic FSYNC enabled, calling fsync() each 100 requests.
Calling fsync() at the end of test, Enabled.
Using synchronous I/O mode
Doing random r/w test
Initializing worker threads...

Threads started!


File operations:
    reads/s:                      201.98
    writes/s:                     134.66
    fsyncs/s:                     430.38

Throughput:
    read, MiB/s:                  3.16
    written, MiB/s:               2.10

General statistics:
    total time:                          60.0017s
    total number of events:              46025

Latency (ms):
         min:                                  0.00
         avg:                                  1.30
         max:                                 59.06
         95th percentile:                      5.57
         sum:                              59840.17

Threads fairness:
    events (avg/stddev):           46025.0000/0.00
    execution time (avg/stddev):   59.8402/0.00

sysbench 1.0.11 (using system LuaJIT 2.1.0-beta3)

Running the test with following options:
Number of threads: 1
Initializing random number generator from current time


Extra file open flags: 0
128 files, 800KiB each
100MiB total file size
Block size 16KiB
Number of IO requests: 0
Read/Write ratio for combined random IO test: 1.50
Periodic FSYNC enabled, calling fsync() each 100 requests.
Calling fsync() at the end of test, Enabled.
Using synchronous I/O mode
Doing random r/w test
Initializing worker threads...

Threads started!


File operations:
    reads/s:                      202.99
    writes/s:                     135.32
    fsyncs/s:                     431.09

Throughput:
    read, MiB/s:                  3.17
    written, MiB/s:               2.11

General statistics:
    total time:                          60.0017s
    total number of events:              46167

Latency (ms):
         min:                                  0.00
         avg:                                  1.30
         max:                                 31.29
         95th percentile:                      5.77
         sum:                              59831.56

Threads fairness:
    events (avg/stddev):           46167.0000/0.00
    execution time (avg/stddev):   59.8316/0.00

sysbench 1.0.11 (using system LuaJIT 2.1.0-beta3)

Running the test with following options:
Number of threads: 1
Initializing random number generator from current time


Extra file open flags: 0
128 files, 800KiB each
100MiB total file size
Block size 16KiB
Number of IO requests: 0
Read/Write ratio for combined random IO test: 1.50
Periodic FSYNC enabled, calling fsync() each 100 requests.
Calling fsync() at the end of test, Enabled.
Using synchronous I/O mode
Doing random r/w test
Initializing worker threads...

Threads started!


File operations:
    reads/s:                      200.98
    writes/s:                     133.99
    fsyncs/s:                     426.91

Throughput:
    read, MiB/s:                  3.14
    written, MiB/s:               2.09

General statistics:
    total time:                          60.0011s
    total number of events:              45717

Latency (ms):
         min:                                  0.00
         avg:                                  1.31
         max:                                 50.61
         95th percentile:                      5.99
         sum:                              59811.64

Threads fairness:
    events (avg/stddev):           45717.0000/0.00
    execution time (avg/stddev):   59.8116/0.00

