sysbench 1.0.11 (using system LuaJIT 2.1.0-beta3)

Running the test with following options:
Number of threads: 1
Initializing random number generator from current time


Extra file open flags: 0
128 files, 800KiB each
100MiB total file size
Block size 16KiB
Number of IO requests: 0
Read/Write ratio for combined random IO test: 1.50
Periodic FSYNC enabled, calling fsync() each 100 requests.
Calling fsync() at the end of test, Enabled.
Using synchronous I/O mode
Doing random r/w test
Initializing worker threads...

Threads started!


File operations:
    reads/s:                      202.98
    writes/s:                     135.32
    fsyncs/s:                     432.68

Throughput:
    read, MiB/s:                  3.17
    written, MiB/s:               2.11

General statistics:
    total time:                          60.0030s
    total number of events:              46263

Latency (ms):
         min:                                  0.00
         avg:                                  1.29
         max:                                 38.52
         95th percentile:                      6.79
         sum:                              59840.69

Threads fairness:
    events (avg/stddev):           46263.0000/0.00
    execution time (avg/stddev):   59.8407/0.00

sysbench 1.0.11 (using system LuaJIT 2.1.0-beta3)

Running the test with following options:
Number of threads: 1
Initializing random number generator from current time


Extra file open flags: 0
128 files, 800KiB each
100MiB total file size
Block size 16KiB
Number of IO requests: 0
Read/Write ratio for combined random IO test: 1.50
Periodic FSYNC enabled, calling fsync() each 100 requests.
Calling fsync() at the end of test, Enabled.
Using synchronous I/O mode
Doing random r/w test
Initializing worker threads...

Threads started!


File operations:
    reads/s:                      203.97
    writes/s:                     135.98
    fsyncs/s:                     433.93

Throughput:
    read, MiB/s:                  3.19
    written, MiB/s:               2.12

General statistics:
    total time:                          60.0064s
    total number of events:              46440

Latency (ms):
         min:                                  0.00
         avg:                                  1.29
         max:                                 56.58
         95th percentile:                      6.79
         sum:                              59831.33

Threads fairness:
    events (avg/stddev):           46440.0000/0.00
    execution time (avg/stddev):   59.8313/0.00

sysbench 1.0.11 (using system LuaJIT 2.1.0-beta3)

Running the test with following options:
Number of threads: 1
Initializing random number generator from current time


Extra file open flags: 0
128 files, 800KiB each
100MiB total file size
Block size 16KiB
Number of IO requests: 0
Read/Write ratio for combined random IO test: 1.50
Periodic FSYNC enabled, calling fsync() each 100 requests.
Calling fsync() at the end of test, Enabled.
Using synchronous I/O mode
Doing random r/w test
Initializing worker threads...

Threads started!


File operations:
    reads/s:                      204.96
    writes/s:                     136.64
    fsyncs/s:                     435.39

Throughput:
    read, MiB/s:                  3.20
    written, MiB/s:               2.14

General statistics:
    total time:                          60.0070s
    total number of events:              46628

Latency (ms):
         min:                                  0.00
         avg:                                  1.28
         max:                                 60.36
         95th percentile:                      6.67
         sum:                              59855.13

Threads fairness:
    events (avg/stddev):           46628.0000/0.00
    execution time (avg/stddev):   59.8551/0.00

sysbench 1.0.11 (using system LuaJIT 2.1.0-beta3)

Running the test with following options:
Number of threads: 1
Initializing random number generator from current time


Extra file open flags: 0
128 files, 800KiB each
100MiB total file size
Block size 16KiB
Number of IO requests: 0
Read/Write ratio for combined random IO test: 1.50
Periodic FSYNC enabled, calling fsync() each 100 requests.
Calling fsync() at the end of test, Enabled.
Using synchronous I/O mode
Doing random r/w test
Initializing worker threads...

Threads started!


File operations:
    reads/s:                      201.97
    writes/s:                     134.64
    fsyncs/s:                     429.80

Throughput:
    read, MiB/s:                  3.16
    written, MiB/s:               2.10

General statistics:
    total time:                          60.0077s
    total number of events:              45992

Latency (ms):
         min:                                  0.00
         avg:                                  1.30
         max:                                 58.94
         95th percentile:                      6.67
         sum:                              59832.99

Threads fairness:
    events (avg/stddev):           45992.0000/0.00
    execution time (avg/stddev):   59.8330/0.00

sysbench 1.0.11 (using system LuaJIT 2.1.0-beta3)

Running the test with following options:
Number of threads: 1
Initializing random number generator from current time


Extra file open flags: 0
128 files, 800KiB each
100MiB total file size
Block size 16KiB
Number of IO requests: 0
Read/Write ratio for combined random IO test: 1.50
Periodic FSYNC enabled, calling fsync() each 100 requests.
Calling fsync() at the end of test, Enabled.
Using synchronous I/O mode
Doing random r/w test
Initializing worker threads...

Threads started!


File operations:
    reads/s:                      203.98
    writes/s:                     135.98
    fsyncs/s:                     434.10

Throughput:
    read, MiB/s:                  3.19
    written, MiB/s:               2.12

General statistics:
    total time:                          60.0050s
    total number of events:              46449

Latency (ms):
         min:                                  0.00
         avg:                                  1.29
         max:                                 45.83
         95th percentile:                      6.67
         sum:                              59829.49

Threads fairness:
    events (avg/stddev):           46449.0000/0.00
    execution time (avg/stddev):   59.8295/0.00

sysbench 1.0.11 (using system LuaJIT 2.1.0-beta3)

Running the test with following options:
Number of threads: 1
Initializing random number generator from current time


Extra file open flags: 0
128 files, 800KiB each
100MiB total file size
Block size 16KiB
Number of IO requests: 0
Read/Write ratio for combined random IO test: 1.50
Periodic FSYNC enabled, calling fsync() each 100 requests.
Calling fsync() at the end of test, Enabled.
Using synchronous I/O mode
Doing random r/w test
Initializing worker threads...

Threads started!


File operations:
    reads/s:                      205.97
    writes/s:                     137.32
    fsyncs/s:                     437.69

Throughput:
    read, MiB/s:                  3.22
    written, MiB/s:               2.15

General statistics:
    total time:                          60.0062s
    total number of events:              46865

Latency (ms):
         min:                                  0.00
         avg:                                  1.28
         max:                                 58.46
         95th percentile:                      6.67
         sum:                              59861.38

Threads fairness:
    events (avg/stddev):           46865.0000/0.00
    execution time (avg/stddev):   59.8614/0.00

sysbench 1.0.11 (using system LuaJIT 2.1.0-beta3)

Running the test with following options:
Number of threads: 1
Initializing random number generator from current time


Extra file open flags: 0
128 files, 800KiB each
100MiB total file size
Block size 16KiB
Number of IO requests: 0
Read/Write ratio for combined random IO test: 1.50
Periodic FSYNC enabled, calling fsync() each 100 requests.
Calling fsync() at the end of test, Enabled.
Using synchronous I/O mode
Doing random r/w test
Initializing worker threads...

Threads started!


File operations:
    reads/s:                      203.99
    writes/s:                     135.99
    fsyncs/s:                     434.75

Throughput:
    read, MiB/s:                  3.19
    written, MiB/s:               2.12

General statistics:
    total time:                          60.0024s
    total number of events:              46487

Latency (ms):
         min:                                  0.00
         avg:                                  1.29
         max:                                 52.98
         95th percentile:                      6.67
         sum:                              59800.06

Threads fairness:
    events (avg/stddev):           46487.0000/0.00
    execution time (avg/stddev):   59.8001/0.00

sysbench 1.0.11 (using system LuaJIT 2.1.0-beta3)

Running the test with following options:
Number of threads: 1
Initializing random number generator from current time


Extra file open flags: 0
128 files, 800KiB each
100MiB total file size
Block size 16KiB
Number of IO requests: 0
Read/Write ratio for combined random IO test: 1.50
Periodic FSYNC enabled, calling fsync() each 100 requests.
Calling fsync() at the end of test, Enabled.
Using synchronous I/O mode
Doing random r/w test
Initializing worker threads...

Threads started!


File operations:
    reads/s:                      202.99
    writes/s:                     135.33
    fsyncs/s:                     431.76

Throughput:
    read, MiB/s:                  3.17
    written, MiB/s:               2.11

General statistics:
    total time:                          60.0005s
    total number of events:              46207

Latency (ms):
         min:                                  0.00
         avg:                                  1.29
         max:                                 64.35
         95th percentile:                      6.79
         sum:                              59817.60

Threads fairness:
    events (avg/stddev):           46207.0000/0.00
    execution time (avg/stddev):   59.8176/0.00

sysbench 1.0.11 (using system LuaJIT 2.1.0-beta3)

Running the test with following options:
Number of threads: 1
Initializing random number generator from current time


Extra file open flags: 0
128 files, 800KiB each
100MiB total file size
Block size 16KiB
Number of IO requests: 0
Read/Write ratio for combined random IO test: 1.50
Periodic FSYNC enabled, calling fsync() each 100 requests.
Calling fsync() at the end of test, Enabled.
Using synchronous I/O mode
Doing random r/w test
Initializing worker threads...

Threads started!


File operations:
    reads/s:                      203.97
    writes/s:                     135.98
    fsyncs/s:                     433.39

Throughput:
    read, MiB/s:                  3.19
    written, MiB/s:               2.12

General statistics:
    total time:                          60.0063s
    total number of events:              46407

Latency (ms):
         min:                                  0.00
         avg:                                  1.29
         max:                                 42.88
         95th percentile:                      6.79
         sum:                              59803.82

Threads fairness:
    events (avg/stddev):           46407.0000/0.00
    execution time (avg/stddev):   59.8038/0.00

sysbench 1.0.11 (using system LuaJIT 2.1.0-beta3)

Running the test with following options:
Number of threads: 1
Initializing random number generator from current time


Extra file open flags: 0
128 files, 800KiB each
100MiB total file size
Block size 16KiB
Number of IO requests: 0
Read/Write ratio for combined random IO test: 1.50
Periodic FSYNC enabled, calling fsync() each 100 requests.
Calling fsync() at the end of test, Enabled.
Using synchronous I/O mode
Doing random r/w test
Initializing worker threads...

Threads started!


File operations:
    reads/s:                      204.99
    writes/s:                     136.66
    fsyncs/s:                     435.97

Throughput:
    read, MiB/s:                  3.20
    written, MiB/s:               2.14

General statistics:
    total time:                          60.0009s
    total number of events:              46659

Latency (ms):
         min:                                  0.00
         avg:                                  1.28
         max:                                 97.98
         95th percentile:                      6.67
         sum:                              59818.68

Threads fairness:
    events (avg/stddev):           46659.0000/0.00
    execution time (avg/stddev):   59.8187/0.00

sysbench 1.0.11 (using system LuaJIT 2.1.0-beta3)

Running the test with following options:
Number of threads: 1
Initializing random number generator from current time


Extra file open flags: 0
128 files, 800KiB each
100MiB total file size
Block size 16KiB
Number of IO requests: 0
Read/Write ratio for combined random IO test: 1.50
Periodic FSYNC enabled, calling fsync() each 100 requests.
Calling fsync() at the end of test, Enabled.
Using synchronous I/O mode
Doing random r/w test
Initializing worker threads...

Threads started!


File operations:
    reads/s:                      203.96
    writes/s:                     135.98
    fsyncs/s:                     434.36

Throughput:
    read, MiB/s:                  3.19
    written, MiB/s:               2.12

General statistics:
    total time:                          60.0084s
    total number of events:              46466

Latency (ms):
         min:                                  0.00
         avg:                                  1.29
         max:                                 36.90
         95th percentile:                      6.79
         sum:                              59828.41

Threads fairness:
    events (avg/stddev):           46466.0000/0.00
    execution time (avg/stddev):   59.8284/0.00

sysbench 1.0.11 (using system LuaJIT 2.1.0-beta3)

Running the test with following options:
Number of threads: 1
Initializing random number generator from current time


Extra file open flags: 0
128 files, 800KiB each
100MiB total file size
Block size 16KiB
Number of IO requests: 0
Read/Write ratio for combined random IO test: 1.50
Periodic FSYNC enabled, calling fsync() each 100 requests.
Calling fsync() at the end of test, Enabled.
Using synchronous I/O mode
Doing random r/w test
Initializing worker threads...

Threads started!


File operations:
    reads/s:                      204.97
    writes/s:                     136.64
    fsyncs/s:                     437.11

Throughput:
    read, MiB/s:                  3.20
    written, MiB/s:               2.14

General statistics:
    total time:                          60.0072s
    total number of events:              46731

Latency (ms):
         min:                                  0.00
         avg:                                  1.28
         max:                                 41.19
         95th percentile:                      6.67
         sum:                              59835.51

Threads fairness:
    events (avg/stddev):           46731.0000/0.00
    execution time (avg/stddev):   59.8355/0.00

sysbench 1.0.11 (using system LuaJIT 2.1.0-beta3)

Running the test with following options:
Number of threads: 1
Initializing random number generator from current time


Extra file open flags: 0
128 files, 800KiB each
100MiB total file size
Block size 16KiB
Number of IO requests: 0
Read/Write ratio for combined random IO test: 1.50
Periodic FSYNC enabled, calling fsync() each 100 requests.
Calling fsync() at the end of test, Enabled.
Using synchronous I/O mode
Doing random r/w test
Initializing worker threads...

Threads started!


File operations:
    reads/s:                      204.99
    writes/s:                     136.66
    fsyncs/s:                     436.51

Throughput:
    read, MiB/s:                  3.20
    written, MiB/s:               2.14

General statistics:
    total time:                          60.0010s
    total number of events:              46692

Latency (ms):
         min:                                  0.00
         avg:                                  1.28
         max:                                 48.30
         95th percentile:                      6.67
         sum:                              59817.31

Threads fairness:
    events (avg/stddev):           46692.0000/0.00
    execution time (avg/stddev):   59.8173/0.00

sysbench 1.0.11 (using system LuaJIT 2.1.0-beta3)

Running the test with following options:
Number of threads: 1
Initializing random number generator from current time


Extra file open flags: 0
128 files, 800KiB each
100MiB total file size
Block size 16KiB
Number of IO requests: 0
Read/Write ratio for combined random IO test: 1.50
Periodic FSYNC enabled, calling fsync() each 100 requests.
Calling fsync() at the end of test, Enabled.
Using synchronous I/O mode
Doing random r/w test
Initializing worker threads...

Threads started!


File operations:
    reads/s:                      204.99
    writes/s:                     136.66
    fsyncs/s:                     435.93

Throughput:
    read, MiB/s:                  3.20
    written, MiB/s:               2.14

General statistics:
    total time:                          60.0008s
    total number of events:              46657

Latency (ms):
         min:                                  0.00
         avg:                                  1.28
         max:                                 46.83
         95th percentile:                      6.67
         sum:                              59824.07

Threads fairness:
    events (avg/stddev):           46657.0000/0.00
    execution time (avg/stddev):   59.8241/0.00

sysbench 1.0.11 (using system LuaJIT 2.1.0-beta3)

Running the test with following options:
Number of threads: 1
Initializing random number generator from current time


Extra file open flags: 0
128 files, 800KiB each
100MiB total file size
Block size 16KiB
Number of IO requests: 0
Read/Write ratio for combined random IO test: 1.50
Periodic FSYNC enabled, calling fsync() each 100 requests.
Calling fsync() at the end of test, Enabled.
Using synchronous I/O mode
Doing random r/w test
Initializing worker threads...

Threads started!


File operations:
    reads/s:                      203.97
    writes/s:                     135.98
    fsyncs/s:                     434.69

Throughput:
    read, MiB/s:                  3.19
    written, MiB/s:               2.12

General statistics:
    total time:                          60.0067s
    total number of events:              46485

Latency (ms):
         min:                                  0.00
         avg:                                  1.29
         max:                                 35.99
         95th percentile:                      6.79
         sum:                              59850.55

Threads fairness:
    events (avg/stddev):           46485.0000/0.00
    execution time (avg/stddev):   59.8506/0.00

sysbench 1.0.11 (using system LuaJIT 2.1.0-beta3)

Running the test with following options:
Number of threads: 1
Initializing random number generator from current time


Extra file open flags: 0
128 files, 800KiB each
100MiB total file size
Block size 16KiB
Number of IO requests: 0
Read/Write ratio for combined random IO test: 1.50
Periodic FSYNC enabled, calling fsync() each 100 requests.
Calling fsync() at the end of test, Enabled.
Using synchronous I/O mode
Doing random r/w test
Initializing worker threads...

Threads started!


File operations:
    reads/s:                      204.96
    writes/s:                     136.64
    fsyncs/s:                     435.54

Throughput:
    read, MiB/s:                  3.20
    written, MiB/s:               2.14

General statistics:
    total time:                          60.0073s
    total number of events:              46637

Latency (ms):
         min:                                  0.00
         avg:                                  1.28
         max:                                 46.38
         95th percentile:                      6.67
         sum:                              59830.36

Threads fairness:
    events (avg/stddev):           46637.0000/0.00
    execution time (avg/stddev):   59.8304/0.00

sysbench 1.0.11 (using system LuaJIT 2.1.0-beta3)

Running the test with following options:
Number of threads: 1
Initializing random number generator from current time


Extra file open flags: 0
128 files, 800KiB each
100MiB total file size
Block size 16KiB
Number of IO requests: 0
Read/Write ratio for combined random IO test: 1.50
Periodic FSYNC enabled, calling fsync() each 100 requests.
Calling fsync() at the end of test, Enabled.
Using synchronous I/O mode
Doing random r/w test
Initializing worker threads...

Threads started!


File operations:
    reads/s:                      205.98
    writes/s:                     137.32
    fsyncs/s:                     438.61

Throughput:
    read, MiB/s:                  3.22
    written, MiB/s:               2.15

General statistics:
    total time:                          60.0022s
    total number of events:              46919

Latency (ms):
         min:                                  0.00
         avg:                                  1.28
         max:                                 45.28
         95th percentile:                      6.67
         sum:                              59836.59

Threads fairness:
    events (avg/stddev):           46919.0000/0.00
    execution time (avg/stddev):   59.8366/0.00

sysbench 1.0.11 (using system LuaJIT 2.1.0-beta3)

Running the test with following options:
Number of threads: 1
Initializing random number generator from current time


Extra file open flags: 0
128 files, 800KiB each
100MiB total file size
Block size 16KiB
Number of IO requests: 0
Read/Write ratio for combined random IO test: 1.50
Periodic FSYNC enabled, calling fsync() each 100 requests.
Calling fsync() at the end of test, Enabled.
Using synchronous I/O mode
Doing random r/w test
Initializing worker threads...

Threads started!


File operations:
    reads/s:                      203.98
    writes/s:                     135.99
    fsyncs/s:                     434.38

Throughput:
    read, MiB/s:                  3.19
    written, MiB/s:               2.12

General statistics:
    total time:                          60.0034s
    total number of events:              46465

Latency (ms):
         min:                                  0.00
         avg:                                  1.29
         max:                                 39.99
         95th percentile:                      6.79
         sum:                              59840.51

Threads fairness:
    events (avg/stddev):           46465.0000/0.00
    execution time (avg/stddev):   59.8405/0.00

sysbench 1.0.11 (using system LuaJIT 2.1.0-beta3)

Running the test with following options:
Number of threads: 1
Initializing random number generator from current time


Extra file open flags: 0
128 files, 800KiB each
100MiB total file size
Block size 16KiB
Number of IO requests: 0
Read/Write ratio for combined random IO test: 1.50
Periodic FSYNC enabled, calling fsync() each 100 requests.
Calling fsync() at the end of test, Enabled.
Using synchronous I/O mode
Doing random r/w test
Initializing worker threads...

Threads started!


File operations:
    reads/s:                      204.97
    writes/s:                     136.65
    fsyncs/s:                     436.32

Throughput:
    read, MiB/s:                  3.20
    written, MiB/s:               2.14

General statistics:
    total time:                          60.0054s
    total number of events:              46683

Latency (ms):
         min:                                  0.00
         avg:                                  1.28
         max:                                 41.75
         95th percentile:                      6.55
         sum:                              59834.39

Threads fairness:
    events (avg/stddev):           46683.0000/0.00
    execution time (avg/stddev):   59.8344/0.00

sysbench 1.0.11 (using system LuaJIT 2.1.0-beta3)

Running the test with following options:
Number of threads: 1
Initializing random number generator from current time


Extra file open flags: 0
128 files, 800KiB each
100MiB total file size
Block size 16KiB
Number of IO requests: 0
Read/Write ratio for combined random IO test: 1.50
Periodic FSYNC enabled, calling fsync() each 100 requests.
Calling fsync() at the end of test, Enabled.
Using synchronous I/O mode
Doing random r/w test
Initializing worker threads...

Threads started!


File operations:
    reads/s:                      205.98
    writes/s:                     137.32
    fsyncs/s:                     438.69

Throughput:
    read, MiB/s:                  3.22
    written, MiB/s:               2.15

General statistics:
    total time:                          60.0031s
    total number of events:              46924

Latency (ms):
         min:                                  0.00
         avg:                                  1.28
         max:                                 51.90
         95th percentile:                      6.67
         sum:                              59841.65

Threads fairness:
    events (avg/stddev):           46924.0000/0.00
    execution time (avg/stddev):   59.8417/0.00

sysbench 1.0.11 (using system LuaJIT 2.1.0-beta3)

Running the test with following options:
Number of threads: 1
Initializing random number generator from current time


Extra file open flags: 0
128 files, 800KiB each
100MiB total file size
Block size 16KiB
Number of IO requests: 0
Read/Write ratio for combined random IO test: 1.50
Periodic FSYNC enabled, calling fsync() each 100 requests.
Calling fsync() at the end of test, Enabled.
Using synchronous I/O mode
Doing random r/w test
Initializing worker threads...

Threads started!


File operations:
    reads/s:                      206.98
    writes/s:                     137.99
    fsyncs/s:                     440.05

Throughput:
    read, MiB/s:                  3.23
    written, MiB/s:               2.16

General statistics:
    total time:                          60.0029s
    total number of events:              47105

Latency (ms):
         min:                                  0.00
         avg:                                  1.27
         max:                                 34.72
         95th percentile:                      6.55
         sum:                              59799.27

Threads fairness:
    events (avg/stddev):           47105.0000/0.00
    execution time (avg/stddev):   59.7993/0.00

sysbench 1.0.11 (using system LuaJIT 2.1.0-beta3)

Running the test with following options:
Number of threads: 1
Initializing random number generator from current time


Extra file open flags: 0
128 files, 800KiB each
100MiB total file size
Block size 16KiB
Number of IO requests: 0
Read/Write ratio for combined random IO test: 1.50
Periodic FSYNC enabled, calling fsync() each 100 requests.
Calling fsync() at the end of test, Enabled.
Using synchronous I/O mode
Doing random r/w test
Initializing worker threads...

Threads started!


File operations:
    reads/s:                      203.98
    writes/s:                     135.99
    fsyncs/s:                     433.68

Throughput:
    read, MiB/s:                  3.19
    written, MiB/s:               2.12

General statistics:
    total time:                          60.0022s
    total number of events:              46423

Latency (ms):
         min:                                  0.00
         avg:                                  1.29
         max:                                 98.51
         95th percentile:                      6.79
         sum:                              59821.96

Threads fairness:
    events (avg/stddev):           46423.0000/0.00
    execution time (avg/stddev):   59.8220/0.00

sysbench 1.0.11 (using system LuaJIT 2.1.0-beta3)

Running the test with following options:
Number of threads: 1
Initializing random number generator from current time


Extra file open flags: 0
128 files, 800KiB each
100MiB total file size
Block size 16KiB
Number of IO requests: 0
Read/Write ratio for combined random IO test: 1.50
Periodic FSYNC enabled, calling fsync() each 100 requests.
Calling fsync() at the end of test, Enabled.
Using synchronous I/O mode
Doing random r/w test
Initializing worker threads...

Threads started!


File operations:
    reads/s:                      205.99
    writes/s:                     137.33
    fsyncs/s:                     438.28

Throughput:
    read, MiB/s:                  3.22
    written, MiB/s:               2.15

General statistics:
    total time:                          60.0007s
    total number of events:              46898

Latency (ms):
         min:                                  0.00
         avg:                                  1.28
         max:                                 52.10
         95th percentile:                      6.55
         sum:                              59860.88

Threads fairness:
    events (avg/stddev):           46898.0000/0.00
    execution time (avg/stddev):   59.8609/0.00

sysbench 1.0.11 (using system LuaJIT 2.1.0-beta3)

Running the test with following options:
Number of threads: 1
Initializing random number generator from current time


Extra file open flags: 0
128 files, 800KiB each
100MiB total file size
Block size 16KiB
Number of IO requests: 0
Read/Write ratio for combined random IO test: 1.50
Periodic FSYNC enabled, calling fsync() each 100 requests.
Calling fsync() at the end of test, Enabled.
Using synchronous I/O mode
Doing random r/w test
Initializing worker threads...

Threads started!


File operations:
    reads/s:                      202.97
    writes/s:                     135.31
    fsyncs/s:                     431.33

Throughput:
    read, MiB/s:                  3.17
    written, MiB/s:               2.11

General statistics:
    total time:                          60.0086s
    total number of events:              46184

Latency (ms):
         min:                                  0.00
         avg:                                  1.30
         max:                                 42.62
         95th percentile:                      6.79
         sum:                              59854.52

Threads fairness:
    events (avg/stddev):           46184.0000/0.00
    execution time (avg/stddev):   59.8545/0.00

sysbench 1.0.11 (using system LuaJIT 2.1.0-beta3)

Running the test with following options:
Number of threads: 1
Initializing random number generator from current time


Extra file open flags: 0
128 files, 800KiB each
100MiB total file size
Block size 16KiB
Number of IO requests: 0
Read/Write ratio for combined random IO test: 1.50
Periodic FSYNC enabled, calling fsync() each 100 requests.
Calling fsync() at the end of test, Enabled.
Using synchronous I/O mode
Doing random r/w test
Initializing worker threads...

Threads started!


File operations:
    reads/s:                      203.97
    writes/s:                     135.98
    fsyncs/s:                     434.09

Throughput:
    read, MiB/s:                  3.19
    written, MiB/s:               2.12

General statistics:
    total time:                          60.0064s
    total number of events:              46449

Latency (ms):
         min:                                  0.00
         avg:                                  1.29
         max:                                 58.33
         95th percentile:                      6.55
         sum:                              59838.70

Threads fairness:
    events (avg/stddev):           46449.0000/0.00
    execution time (avg/stddev):   59.8387/0.00

sysbench 1.0.11 (using system LuaJIT 2.1.0-beta3)

Running the test with following options:
Number of threads: 1
Initializing random number generator from current time


Extra file open flags: 0
128 files, 800KiB each
100MiB total file size
Block size 16KiB
Number of IO requests: 0
Read/Write ratio for combined random IO test: 1.50
Periodic FSYNC enabled, calling fsync() each 100 requests.
Calling fsync() at the end of test, Enabled.
Using synchronous I/O mode
Doing random r/w test
Initializing worker threads...

Threads started!


File operations:
    reads/s:                      203.99
    writes/s:                     135.99
    fsyncs/s:                     434.12

Throughput:
    read, MiB/s:                  3.19
    written, MiB/s:               2.12

General statistics:
    total time:                          60.0021s
    total number of events:              46449

Latency (ms):
         min:                                  0.00
         avg:                                  1.29
         max:                                 46.45
         95th percentile:                      6.55
         sum:                              59806.97

Threads fairness:
    events (avg/stddev):           46449.0000/0.00
    execution time (avg/stddev):   59.8070/0.00

sysbench 1.0.11 (using system LuaJIT 2.1.0-beta3)

Running the test with following options:
Number of threads: 1
Initializing random number generator from current time


Extra file open flags: 0
128 files, 800KiB each
100MiB total file size
Block size 16KiB
Number of IO requests: 0
Read/Write ratio for combined random IO test: 1.50
Periodic FSYNC enabled, calling fsync() each 100 requests.
Calling fsync() at the end of test, Enabled.
Using synchronous I/O mode
Doing random r/w test
Initializing worker threads...

Threads started!


File operations:
    reads/s:                      202.97
    writes/s:                     135.31
    fsyncs/s:                     432.45

Throughput:
    read, MiB/s:                  3.17
    written, MiB/s:               2.11

General statistics:
    total time:                          60.0069s
    total number of events:              46251

Latency (ms):
         min:                                  0.00
         avg:                                  1.29
         max:                                 46.24
         95th percentile:                      6.79
         sum:                              59835.90

Threads fairness:
    events (avg/stddev):           46251.0000/0.00
    execution time (avg/stddev):   59.8359/0.00

sysbench 1.0.11 (using system LuaJIT 2.1.0-beta3)

Running the test with following options:
Number of threads: 1
Initializing random number generator from current time


Extra file open flags: 0
128 files, 800KiB each
100MiB total file size
Block size 16KiB
Number of IO requests: 0
Read/Write ratio for combined random IO test: 1.50
Periodic FSYNC enabled, calling fsync() each 100 requests.
Calling fsync() at the end of test, Enabled.
Using synchronous I/O mode
Doing random r/w test
Initializing worker threads...

Threads started!


File operations:
    reads/s:                      204.97
    writes/s:                     136.65
    fsyncs/s:                     436.86

Throughput:
    read, MiB/s:                  3.20
    written, MiB/s:               2.14

General statistics:
    total time:                          60.0066s
    total number of events:              46715

Latency (ms):
         min:                                  0.00
         avg:                                  1.28
         max:                                 55.32
         95th percentile:                      6.67
         sum:                              59841.87

Threads fairness:
    events (avg/stddev):           46715.0000/0.00
    execution time (avg/stddev):   59.8419/0.00

sysbench 1.0.11 (using system LuaJIT 2.1.0-beta3)

Running the test with following options:
Number of threads: 1
Initializing random number generator from current time


Extra file open flags: 0
128 files, 800KiB each
100MiB total file size
Block size 16KiB
Number of IO requests: 0
Read/Write ratio for combined random IO test: 1.50
Periodic FSYNC enabled, calling fsync() each 100 requests.
Calling fsync() at the end of test, Enabled.
Using synchronous I/O mode
Doing random r/w test
Initializing worker threads...

Threads started!


File operations:
    reads/s:                      206.99
    writes/s:                     137.99
    fsyncs/s:                     440.78

Throughput:
    read, MiB/s:                  3.23
    written, MiB/s:               2.16

General statistics:
    total time:                          60.0013s
    total number of events:              47148

Latency (ms):
         min:                                  0.00
         avg:                                  1.27
         max:                                 54.40
         95th percentile:                      6.43
         sum:                              59817.61

Threads fairness:
    events (avg/stddev):           47148.0000/0.00
    execution time (avg/stddev):   59.8176/0.00

sysbench 1.0.11 (using system LuaJIT 2.1.0-beta3)

Running the test with following options:
Number of threads: 1
Initializing random number generator from current time


Extra file open flags: 0
128 files, 800KiB each
100MiB total file size
Block size 16KiB
Number of IO requests: 0
Read/Write ratio for combined random IO test: 1.50
Periodic FSYNC enabled, calling fsync() each 100 requests.
Calling fsync() at the end of test, Enabled.
Using synchronous I/O mode
Doing random r/w test
Initializing worker threads...

Threads started!


File operations:
    reads/s:                      204.99
    writes/s:                     136.66
    fsyncs/s:                     435.25

Throughput:
    read, MiB/s:                  3.20
    written, MiB/s:               2.14

General statistics:
    total time:                          60.0009s
    total number of events:              46616

Latency (ms):
         min:                                  0.00
         avg:                                  1.28
         max:                                 36.30
         95th percentile:                      6.67
         sum:                              59829.56

Threads fairness:
    events (avg/stddev):           46616.0000/0.00
    execution time (avg/stddev):   59.8296/0.00

