sysbench 1.0.11 (using system LuaJIT 2.1.0-beta3)

Running the test with following options:
Number of threads: 1
Initializing random number generator from current time


Extra file open flags: 0
128 files, 800KiB each
100MiB total file size
Block size 16KiB
Number of IO requests: 0
Read/Write ratio for combined random IO test: 1.50
Periodic FSYNC enabled, calling fsync() each 100 requests.
Calling fsync() at the end of test, Enabled.
Using synchronous I/O mode
Doing random r/w test
Initializing worker threads...

Threads started!


File operations:
    reads/s:                      205.99
    writes/s:                     137.33
    fsyncs/s:                     439.08

Throughput:
    read, MiB/s:                  3.22
    written, MiB/s:               2.15

General statistics:
    total time:                          60.0012s
    total number of events:              46946

Latency (ms):
         min:                                  0.00
         avg:                                  1.27
         max:                                 59.75
         95th percentile:                      6.67
         sum:                              59843.79

Threads fairness:
    events (avg/stddev):           46946.0000/0.00
    execution time (avg/stddev):   59.8438/0.00

sysbench 1.0.11 (using system LuaJIT 2.1.0-beta3)

Running the test with following options:
Number of threads: 1
Initializing random number generator from current time


Extra file open flags: 0
128 files, 800KiB each
100MiB total file size
Block size 16KiB
Number of IO requests: 0
Read/Write ratio for combined random IO test: 1.50
Periodic FSYNC enabled, calling fsync() each 100 requests.
Calling fsync() at the end of test, Enabled.
Using synchronous I/O mode
Doing random r/w test
Initializing worker threads...

Threads started!


File operations:
    reads/s:                      206.98
    writes/s:                     137.99
    fsyncs/s:                     440.67

Throughput:
    read, MiB/s:                  3.23
    written, MiB/s:               2.16

General statistics:
    total time:                          60.0022s
    total number of events:              47142

Latency (ms):
         min:                                  0.00
         avg:                                  1.27
         max:                                 56.65
         95th percentile:                      6.67
         sum:                              59837.49

Threads fairness:
    events (avg/stddev):           47142.0000/0.00
    execution time (avg/stddev):   59.8375/0.00

sysbench 1.0.11 (using system LuaJIT 2.1.0-beta3)

Running the test with following options:
Number of threads: 1
Initializing random number generator from current time


Extra file open flags: 0
128 files, 800KiB each
100MiB total file size
Block size 16KiB
Number of IO requests: 0
Read/Write ratio for combined random IO test: 1.50
Periodic FSYNC enabled, calling fsync() each 100 requests.
Calling fsync() at the end of test, Enabled.
Using synchronous I/O mode
Doing random r/w test
Initializing worker threads...

Threads started!


File operations:
    reads/s:                      208.97
    writes/s:                     139.31
    fsyncs/s:                     443.70

Throughput:
    read, MiB/s:                  3.27
    written, MiB/s:               2.18

General statistics:
    total time:                          60.0062s
    total number of events:              47526

Latency (ms):
         min:                                  0.00
         avg:                                  1.26
         max:                                 60.35
         95th percentile:                      6.55
         sum:                              59821.13

Threads fairness:
    events (avg/stddev):           47526.0000/0.00
    execution time (avg/stddev):   59.8211/0.00

sysbench 1.0.11 (using system LuaJIT 2.1.0-beta3)

Running the test with following options:
Number of threads: 1
Initializing random number generator from current time


Extra file open flags: 0
128 files, 800KiB each
100MiB total file size
Block size 16KiB
Number of IO requests: 0
Read/Write ratio for combined random IO test: 1.50
Periodic FSYNC enabled, calling fsync() each 100 requests.
Calling fsync() at the end of test, Enabled.
Using synchronous I/O mode
Doing random r/w test
Initializing worker threads...

Threads started!


File operations:
    reads/s:                      206.99
    writes/s:                     137.99
    fsyncs/s:                     440.08

Throughput:
    read, MiB/s:                  3.23
    written, MiB/s:               2.16

General statistics:
    total time:                          60.0008s
    total number of events:              47106

Latency (ms):
         min:                                  0.00
         avg:                                  1.27
         max:                                 59.23
         95th percentile:                      6.32
         sum:                              59851.62

Threads fairness:
    events (avg/stddev):           47106.0000/0.00
    execution time (avg/stddev):   59.8516/0.00

sysbench 1.0.11 (using system LuaJIT 2.1.0-beta3)

Running the test with following options:
Number of threads: 1
Initializing random number generator from current time


Extra file open flags: 0
128 files, 800KiB each
100MiB total file size
Block size 16KiB
Number of IO requests: 0
Read/Write ratio for combined random IO test: 1.50
Periodic FSYNC enabled, calling fsync() each 100 requests.
Calling fsync() at the end of test, Enabled.
Using synchronous I/O mode
Doing random r/w test
Initializing worker threads...

Threads started!


File operations:
    reads/s:                      207.99
    writes/s:                     138.66
    fsyncs/s:                     442.52

Throughput:
    read, MiB/s:                  3.25
    written, MiB/s:               2.17

General statistics:
    total time:                          60.0015s
    total number of events:              47353

Latency (ms):
         min:                                  0.00
         avg:                                  1.26
         max:                                 46.62
         95th percentile:                      6.55
         sum:                              59836.93

Threads fairness:
    events (avg/stddev):           47353.0000/0.00
    execution time (avg/stddev):   59.8369/0.00

sysbench 1.0.11 (using system LuaJIT 2.1.0-beta3)

Running the test with following options:
Number of threads: 1
Initializing random number generator from current time


Extra file open flags: 0
128 files, 800KiB each
100MiB total file size
Block size 16KiB
Number of IO requests: 0
Read/Write ratio for combined random IO test: 1.50
Periodic FSYNC enabled, calling fsync() each 100 requests.
Calling fsync() at the end of test, Enabled.
Using synchronous I/O mode
Doing random r/w test
Initializing worker threads...

Threads started!


File operations:
    reads/s:                      210.97
    writes/s:                     140.64
    fsyncs/s:                     448.00

Throughput:
    read, MiB/s:                  3.30
    written, MiB/s:               2.20

General statistics:
    total time:                          60.0071s
    total number of events:              47984

Latency (ms):
         min:                                  0.00
         avg:                                  1.25
         max:                                 58.78
         95th percentile:                      6.43
         sum:                              59792.39

Threads fairness:
    events (avg/stddev):           47984.0000/0.00
    execution time (avg/stddev):   59.7924/0.00

sysbench 1.0.11 (using system LuaJIT 2.1.0-beta3)

Running the test with following options:
Number of threads: 1
Initializing random number generator from current time


Extra file open flags: 0
128 files, 800KiB each
100MiB total file size
Block size 16KiB
Number of IO requests: 0
Read/Write ratio for combined random IO test: 1.50
Periodic FSYNC enabled, calling fsync() each 100 requests.
Calling fsync() at the end of test, Enabled.
Using synchronous I/O mode
Doing random r/w test
Initializing worker threads...

Threads started!


File operations:
    reads/s:                      208.99
    writes/s:                     139.32
    fsyncs/s:                     445.52

Throughput:
    read, MiB/s:                  3.27
    written, MiB/s:               2.18

General statistics:
    total time:                          60.0018s
    total number of events:              47633

Latency (ms):
         min:                                  0.00
         avg:                                  1.26
         max:                                 98.07
         95th percentile:                      6.43
         sum:                              59820.26

Threads fairness:
    events (avg/stddev):           47633.0000/0.00
    execution time (avg/stddev):   59.8203/0.00

sysbench 1.0.11 (using system LuaJIT 2.1.0-beta3)

Running the test with following options:
Number of threads: 1
Initializing random number generator from current time


Extra file open flags: 0
128 files, 800KiB each
100MiB total file size
Block size 16KiB
Number of IO requests: 0
Read/Write ratio for combined random IO test: 1.50
Periodic FSYNC enabled, calling fsync() each 100 requests.
Calling fsync() at the end of test, Enabled.
Using synchronous I/O mode
Doing random r/w test
Initializing worker threads...

Threads started!


File operations:
    reads/s:                      208.98
    writes/s:                     139.32
    fsyncs/s:                     444.19

Throughput:
    read, MiB/s:                  3.27
    written, MiB/s:               2.18

General statistics:
    total time:                          60.0042s
    total number of events:              47554

Latency (ms):
         min:                                  0.00
         avg:                                  1.26
         max:                                 88.34
         95th percentile:                      6.55
         sum:                              59834.19

Threads fairness:
    events (avg/stddev):           47554.0000/0.00
    execution time (avg/stddev):   59.8342/0.00

sysbench 1.0.11 (using system LuaJIT 2.1.0-beta3)

Running the test with following options:
Number of threads: 1
Initializing random number generator from current time


Extra file open flags: 0
128 files, 800KiB each
100MiB total file size
Block size 16KiB
Number of IO requests: 0
Read/Write ratio for combined random IO test: 1.50
Periodic FSYNC enabled, calling fsync() each 100 requests.
Calling fsync() at the end of test, Enabled.
Using synchronous I/O mode
Doing random r/w test
Initializing worker threads...

Threads started!


File operations:
    reads/s:                      208.99
    writes/s:                     139.33
    fsyncs/s:                     445.14

Throughput:
    read, MiB/s:                  3.27
    written, MiB/s:               2.18

General statistics:
    total time:                          60.0012s
    total number of events:              47610

Latency (ms):
         min:                                  0.00
         avg:                                  1.26
         max:                                 51.58
         95th percentile:                      6.55
         sum:                              59837.83

Threads fairness:
    events (avg/stddev):           47610.0000/0.00
    execution time (avg/stddev):   59.8378/0.00

sysbench 1.0.11 (using system LuaJIT 2.1.0-beta3)

Running the test with following options:
Number of threads: 1
Initializing random number generator from current time


Extra file open flags: 0
128 files, 800KiB each
100MiB total file size
Block size 16KiB
Number of IO requests: 0
Read/Write ratio for combined random IO test: 1.50
Periodic FSYNC enabled, calling fsync() each 100 requests.
Calling fsync() at the end of test, Enabled.
Using synchronous I/O mode
Doing random r/w test
Initializing worker threads...

Threads started!


File operations:
    reads/s:                      207.99
    writes/s:                     138.66
    fsyncs/s:                     442.65

Throughput:
    read, MiB/s:                  3.25
    written, MiB/s:               2.17

General statistics:
    total time:                          60.0003s
    total number of events:              47360

Latency (ms):
         min:                                  0.00
         avg:                                  1.26
         max:                                 97.95
         95th percentile:                      6.55
         sum:                              59800.94

Threads fairness:
    events (avg/stddev):           47360.0000/0.00
    execution time (avg/stddev):   59.8009/0.00

sysbench 1.0.11 (using system LuaJIT 2.1.0-beta3)

Running the test with following options:
Number of threads: 1
Initializing random number generator from current time


Extra file open flags: 0
128 files, 800KiB each
100MiB total file size
Block size 16KiB
Number of IO requests: 0
Read/Write ratio for combined random IO test: 1.50
Periodic FSYNC enabled, calling fsync() each 100 requests.
Calling fsync() at the end of test, Enabled.
Using synchronous I/O mode
Doing random r/w test
Initializing worker threads...

Threads started!


File operations:
    reads/s:                      208.99
    writes/s:                     139.32
    fsyncs/s:                     443.95

Throughput:
    read, MiB/s:                  3.27
    written, MiB/s:               2.18

General statistics:
    total time:                          60.0006s
    total number of events:              47539

Latency (ms):
         min:                                  0.00
         avg:                                  1.26
         max:                                109.39
         95th percentile:                      6.55
         sum:                              59816.86

Threads fairness:
    events (avg/stddev):           47539.0000/0.00
    execution time (avg/stddev):   59.8169/0.00

sysbench 1.0.11 (using system LuaJIT 2.1.0-beta3)

Running the test with following options:
Number of threads: 1
Initializing random number generator from current time


Extra file open flags: 0
128 files, 800KiB each
100MiB total file size
Block size 16KiB
Number of IO requests: 0
Read/Write ratio for combined random IO test: 1.50
Periodic FSYNC enabled, calling fsync() each 100 requests.
Calling fsync() at the end of test, Enabled.
Using synchronous I/O mode
Doing random r/w test
Initializing worker threads...

Threads started!


File operations:
    reads/s:                      208.99
    writes/s:                     139.33
    fsyncs/s:                     443.81

Throughput:
    read, MiB/s:                  3.27
    written, MiB/s:               2.18

General statistics:
    total time:                          60.0010s
    total number of events:              47530

Latency (ms):
         min:                                  0.00
         avg:                                  1.26
         max:                                 92.74
         95th percentile:                      6.43
         sum:                              59803.22

Threads fairness:
    events (avg/stddev):           47530.0000/0.00
    execution time (avg/stddev):   59.8032/0.00

sysbench 1.0.11 (using system LuaJIT 2.1.0-beta3)

Running the test with following options:
Number of threads: 1
Initializing random number generator from current time


Extra file open flags: 0
128 files, 800KiB each
100MiB total file size
Block size 16KiB
Number of IO requests: 0
Read/Write ratio for combined random IO test: 1.50
Periodic FSYNC enabled, calling fsync() each 100 requests.
Calling fsync() at the end of test, Enabled.
Using synchronous I/O mode
Doing random r/w test
Initializing worker threads...

Threads started!


File operations:
    reads/s:                      209.96
    writes/s:                     139.97
    fsyncs/s:                     446.61

Throughput:
    read, MiB/s:                  3.28
    written, MiB/s:               2.19

General statistics:
    total time:                          60.0094s
    total number of events:              47802

Latency (ms):
         min:                                  0.00
         avg:                                  1.25
         max:                                 98.90
         95th percentile:                      6.43
         sum:                              59824.94

Threads fairness:
    events (avg/stddev):           47802.0000/0.00
    execution time (avg/stddev):   59.8249/0.00

sysbench 1.0.11 (using system LuaJIT 2.1.0-beta3)

Running the test with following options:
Number of threads: 1
Initializing random number generator from current time


Extra file open flags: 0
128 files, 800KiB each
100MiB total file size
Block size 16KiB
Number of IO requests: 0
Read/Write ratio for combined random IO test: 1.50
Periodic FSYNC enabled, calling fsync() each 100 requests.
Calling fsync() at the end of test, Enabled.
Using synchronous I/O mode
Doing random r/w test
Initializing worker threads...

Threads started!


File operations:
    reads/s:                      208.99
    writes/s:                     139.33
    fsyncs/s:                     445.59

Throughput:
    read, MiB/s:                  3.27
    written, MiB/s:               2.18

General statistics:
    total time:                          60.0003s
    total number of events:              47637

Latency (ms):
         min:                                  0.00
         avg:                                  1.26
         max:                                 46.90
         95th percentile:                      6.55
         sum:                              59823.86

Threads fairness:
    events (avg/stddev):           47637.0000/0.00
    execution time (avg/stddev):   59.8239/0.00

sysbench 1.0.11 (using system LuaJIT 2.1.0-beta3)

Running the test with following options:
Number of threads: 1
Initializing random number generator from current time


Extra file open flags: 0
128 files, 800KiB each
100MiB total file size
Block size 16KiB
Number of IO requests: 0
Read/Write ratio for combined random IO test: 1.50
Periodic FSYNC enabled, calling fsync() each 100 requests.
Calling fsync() at the end of test, Enabled.
Using synchronous I/O mode
Doing random r/w test
Initializing worker threads...

Threads started!


File operations:
    reads/s:                      208.99
    writes/s:                     139.32
    fsyncs/s:                     444.23

Throughput:
    read, MiB/s:                  3.27
    written, MiB/s:               2.18

General statistics:
    total time:                          60.0018s
    total number of events:              47556

Latency (ms):
         min:                                  0.00
         avg:                                  1.26
         max:                                 39.87
         95th percentile:                      6.55
         sum:                              59847.35

Threads fairness:
    events (avg/stddev):           47556.0000/0.00
    execution time (avg/stddev):   59.8474/0.00

sysbench 1.0.11 (using system LuaJIT 2.1.0-beta3)

Running the test with following options:
Number of threads: 1
Initializing random number generator from current time


Extra file open flags: 0
128 files, 800KiB each
100MiB total file size
Block size 16KiB
Number of IO requests: 0
Read/Write ratio for combined random IO test: 1.50
Periodic FSYNC enabled, calling fsync() each 100 requests.
Calling fsync() at the end of test, Enabled.
Using synchronous I/O mode
Doing random r/w test
Initializing worker threads...

Threads started!


File operations:
    reads/s:                      208.97
    writes/s:                     139.31
    fsyncs/s:                     444.83

Throughput:
    read, MiB/s:                  3.27
    written, MiB/s:               2.18

General statistics:
    total time:                          60.0068s
    total number of events:              47594

Latency (ms):
         min:                                  0.00
         avg:                                  1.26
         max:                                101.19
         95th percentile:                      6.55
         sum:                              59820.74

Threads fairness:
    events (avg/stddev):           47594.0000/0.00
    execution time (avg/stddev):   59.8207/0.00

sysbench 1.0.11 (using system LuaJIT 2.1.0-beta3)

Running the test with following options:
Number of threads: 1
Initializing random number generator from current time


Extra file open flags: 0
128 files, 800KiB each
100MiB total file size
Block size 16KiB
Number of IO requests: 0
Read/Write ratio for combined random IO test: 1.50
Periodic FSYNC enabled, calling fsync() each 100 requests.
Calling fsync() at the end of test, Enabled.
Using synchronous I/O mode
Doing random r/w test
Initializing worker threads...

Threads started!


File operations:
    reads/s:                      209.99
    writes/s:                     139.99
    fsyncs/s:                     446.19

Throughput:
    read, MiB/s:                  3.28
    written, MiB/s:               2.19

General statistics:
    total time:                          60.0013s
    total number of events:              47773

Latency (ms):
         min:                                  0.00
         avg:                                  1.25
         max:                                 54.74
         95th percentile:                      6.55
         sum:                              59842.21

Threads fairness:
    events (avg/stddev):           47773.0000/0.00
    execution time (avg/stddev):   59.8422/0.00

sysbench 1.0.11 (using system LuaJIT 2.1.0-beta3)

Running the test with following options:
Number of threads: 1
Initializing random number generator from current time


Extra file open flags: 0
128 files, 800KiB each
100MiB total file size
Block size 16KiB
Number of IO requests: 0
Read/Write ratio for combined random IO test: 1.50
Periodic FSYNC enabled, calling fsync() each 100 requests.
Calling fsync() at the end of test, Enabled.
Using synchronous I/O mode
Doing random r/w test
Initializing worker threads...

Threads started!


File operations:
    reads/s:                      207.98
    writes/s:                     138.65
    fsyncs/s:                     443.39

Throughput:
    read, MiB/s:                  3.25
    written, MiB/s:               2.17

General statistics:
    total time:                          60.0023s
    total number of events:              47406

Latency (ms):
         min:                                  0.00
         avg:                                  1.26
         max:                                 55.99
         95th percentile:                      6.67
         sum:                              59811.57

Threads fairness:
    events (avg/stddev):           47406.0000/0.00
    execution time (avg/stddev):   59.8116/0.00

sysbench 1.0.11 (using system LuaJIT 2.1.0-beta3)

Running the test with following options:
Number of threads: 1
Initializing random number generator from current time


Extra file open flags: 0
128 files, 800KiB each
100MiB total file size
Block size 16KiB
Number of IO requests: 0
Read/Write ratio for combined random IO test: 1.50
Periodic FSYNC enabled, calling fsync() each 100 requests.
Calling fsync() at the end of test, Enabled.
Using synchronous I/O mode
Doing random r/w test
Initializing worker threads...

Threads started!


File operations:
    reads/s:                      209.99
    writes/s:                     139.99
    fsyncs/s:                     445.99

Throughput:
    read, MiB/s:                  3.28
    written, MiB/s:               2.19

General statistics:
    total time:                          60.0002s
    total number of events:              47761

Latency (ms):
         min:                                  0.00
         avg:                                  1.25
         max:                                 39.21
         95th percentile:                      6.32
         sum:                              59791.96

Threads fairness:
    events (avg/stddev):           47761.0000/0.00
    execution time (avg/stddev):   59.7920/0.00

sysbench 1.0.11 (using system LuaJIT 2.1.0-beta3)

Running the test with following options:
Number of threads: 1
Initializing random number generator from current time


Extra file open flags: 0
128 files, 800KiB each
100MiB total file size
Block size 16KiB
Number of IO requests: 0
Read/Write ratio for combined random IO test: 1.50
Periodic FSYNC enabled, calling fsync() each 100 requests.
Calling fsync() at the end of test, Enabled.
Using synchronous I/O mode
Doing random r/w test
Initializing worker threads...

Threads started!


File operations:
    reads/s:                      207.99
    writes/s:                     138.66
    fsyncs/s:                     442.91

Throughput:
    read, MiB/s:                  3.25
    written, MiB/s:               2.17

General statistics:
    total time:                          60.0013s
    total number of events:              47376

Latency (ms):
         min:                                  0.00
         avg:                                  1.26
         max:                                 98.21
         95th percentile:                      6.55
         sum:                              59847.94

Threads fairness:
    events (avg/stddev):           47376.0000/0.00
    execution time (avg/stddev):   59.8479/0.00

sysbench 1.0.11 (using system LuaJIT 2.1.0-beta3)

Running the test with following options:
Number of threads: 1
Initializing random number generator from current time


Extra file open flags: 0
128 files, 800KiB each
100MiB total file size
Block size 16KiB
Number of IO requests: 0
Read/Write ratio for combined random IO test: 1.50
Periodic FSYNC enabled, calling fsync() each 100 requests.
Calling fsync() at the end of test, Enabled.
Using synchronous I/O mode
Doing random r/w test
Initializing worker threads...

Threads started!


File operations:
    reads/s:                      211.97
    writes/s:                     141.31
    fsyncs/s:                     450.20

Throughput:
    read, MiB/s:                  3.31
    written, MiB/s:               2.21

General statistics:
    total time:                          60.0067s
    total number of events:              48216

Latency (ms):
         min:                                  0.00
         avg:                                  1.24
         max:                                 59.01
         95th percentile:                      6.32
         sum:                              59789.85

Threads fairness:
    events (avg/stddev):           48216.0000/0.00
    execution time (avg/stddev):   59.7898/0.00

sysbench 1.0.11 (using system LuaJIT 2.1.0-beta3)

Running the test with following options:
Number of threads: 1
Initializing random number generator from current time


Extra file open flags: 0
128 files, 800KiB each
100MiB total file size
Block size 16KiB
Number of IO requests: 0
Read/Write ratio for combined random IO test: 1.50
Periodic FSYNC enabled, calling fsync() each 100 requests.
Calling fsync() at the end of test, Enabled.
Using synchronous I/O mode
Doing random r/w test
Initializing worker threads...

Threads started!


File operations:
    reads/s:                      209.99
    writes/s:                     140.00
    fsyncs/s:                     446.47

Throughput:
    read, MiB/s:                  3.28
    written, MiB/s:               2.19

General statistics:
    total time:                          60.0004s
    total number of events:              47789

Latency (ms):
         min:                                  0.00
         avg:                                  1.25
         max:                                103.07
         95th percentile:                      6.55
         sum:                              59828.54

Threads fairness:
    events (avg/stddev):           47789.0000/0.00
    execution time (avg/stddev):   59.8285/0.00

sysbench 1.0.11 (using system LuaJIT 2.1.0-beta3)

Running the test with following options:
Number of threads: 1
Initializing random number generator from current time


Extra file open flags: 0
128 files, 800KiB each
100MiB total file size
Block size 16KiB
Number of IO requests: 0
Read/Write ratio for combined random IO test: 1.50
Periodic FSYNC enabled, calling fsync() each 100 requests.
Calling fsync() at the end of test, Enabled.
Using synchronous I/O mode
Doing random r/w test
Initializing worker threads...

Threads started!


File operations:
    reads/s:                      209.98
    writes/s:                     139.99
    fsyncs/s:                     447.72

Throughput:
    read, MiB/s:                  3.28
    written, MiB/s:               2.19

General statistics:
    total time:                          60.0036s
    total number of events:              47866

Latency (ms):
         min:                                  0.00
         avg:                                  1.25
         max:                                 66.89
         95th percentile:                      6.43
         sum:                              59845.26

Threads fairness:
    events (avg/stddev):           47866.0000/0.00
    execution time (avg/stddev):   59.8453/0.00

sysbench 1.0.11 (using system LuaJIT 2.1.0-beta3)

Running the test with following options:
Number of threads: 1
Initializing random number generator from current time


Extra file open flags: 0
128 files, 800KiB each
100MiB total file size
Block size 16KiB
Number of IO requests: 0
Read/Write ratio for combined random IO test: 1.50
Periodic FSYNC enabled, calling fsync() each 100 requests.
Calling fsync() at the end of test, Enabled.
Using synchronous I/O mode
Doing random r/w test
Initializing worker threads...

Threads started!


File operations:
    reads/s:                      207.99
    writes/s:                     138.66
    fsyncs/s:                     443.06

Throughput:
    read, MiB/s:                  3.25
    written, MiB/s:               2.17

General statistics:
    total time:                          60.0013s
    total number of events:              47385

Latency (ms):
         min:                                  0.00
         avg:                                  1.26
         max:                                 47.26
         95th percentile:                      6.55
         sum:                              59831.52

Threads fairness:
    events (avg/stddev):           47385.0000/0.00
    execution time (avg/stddev):   59.8315/0.00

sysbench 1.0.11 (using system LuaJIT 2.1.0-beta3)

Running the test with following options:
Number of threads: 1
Initializing random number generator from current time


Extra file open flags: 0
128 files, 800KiB each
100MiB total file size
Block size 16KiB
Number of IO requests: 0
Read/Write ratio for combined random IO test: 1.50
Periodic FSYNC enabled, calling fsync() each 100 requests.
Calling fsync() at the end of test, Enabled.
Using synchronous I/O mode
Doing random r/w test
Initializing worker threads...

Threads started!


File operations:
    reads/s:                      208.97
    writes/s:                     139.31
    fsyncs/s:                     444.65

Throughput:
    read, MiB/s:                  3.27
    written, MiB/s:               2.18

General statistics:
    total time:                          60.0066s
    total number of events:              47583

Latency (ms):
         min:                                  0.00
         avg:                                  1.26
         max:                                 84.37
         95th percentile:                      6.32
         sum:                              59837.21

Threads fairness:
    events (avg/stddev):           47583.0000/0.00
    execution time (avg/stddev):   59.8372/0.00

sysbench 1.0.11 (using system LuaJIT 2.1.0-beta3)

Running the test with following options:
Number of threads: 1
Initializing random number generator from current time


Extra file open flags: 0
128 files, 800KiB each
100MiB total file size
Block size 16KiB
Number of IO requests: 0
Read/Write ratio for combined random IO test: 1.50
Periodic FSYNC enabled, calling fsync() each 100 requests.
Calling fsync() at the end of test, Enabled.
Using synchronous I/O mode
Doing random r/w test
Initializing worker threads...

Threads started!


File operations:
    reads/s:                      207.98
    writes/s:                     138.65
    fsyncs/s:                     442.36

Throughput:
    read, MiB/s:                  3.25
    written, MiB/s:               2.17

General statistics:
    total time:                          60.0014s
    total number of events:              47344

Latency (ms):
         min:                                  0.00
         avg:                                  1.26
         max:                                 82.06
         95th percentile:                      6.43
         sum:                              59825.48

Threads fairness:
    events (avg/stddev):           47344.0000/0.00
    execution time (avg/stddev):   59.8255/0.00

sysbench 1.0.11 (using system LuaJIT 2.1.0-beta3)

Running the test with following options:
Number of threads: 1
Initializing random number generator from current time


Extra file open flags: 0
128 files, 800KiB each
100MiB total file size
Block size 16KiB
Number of IO requests: 0
Read/Write ratio for combined random IO test: 1.50
Periodic FSYNC enabled, calling fsync() each 100 requests.
Calling fsync() at the end of test, Enabled.
Using synchronous I/O mode
Doing random r/w test
Initializing worker threads...

Threads started!


File operations:
    reads/s:                      206.99
    writes/s:                     137.99
    fsyncs/s:                     441.44

Throughput:
    read, MiB/s:                  3.23
    written, MiB/s:               2.16

General statistics:
    total time:                          60.0004s
    total number of events:              47188

Latency (ms):
         min:                                  0.00
         avg:                                  1.27
         max:                                 52.40
         95th percentile:                      6.67
         sum:                              59821.13

Threads fairness:
    events (avg/stddev):           47188.0000/0.00
    execution time (avg/stddev):   59.8211/0.00

sysbench 1.0.11 (using system LuaJIT 2.1.0-beta3)

Running the test with following options:
Number of threads: 1
Initializing random number generator from current time


Extra file open flags: 0
128 files, 800KiB each
100MiB total file size
Block size 16KiB
Number of IO requests: 0
Read/Write ratio for combined random IO test: 1.50
Periodic FSYNC enabled, calling fsync() each 100 requests.
Calling fsync() at the end of test, Enabled.
Using synchronous I/O mode
Doing random r/w test
Initializing worker threads...

Threads started!


File operations:
    reads/s:                      207.99
    writes/s:                     138.66
    fsyncs/s:                     442.36

Throughput:
    read, MiB/s:                  3.25
    written, MiB/s:               2.17

General statistics:
    total time:                          60.0006s
    total number of events:              47343

Latency (ms):
         min:                                  0.00
         avg:                                  1.26
         max:                                 61.32
         95th percentile:                      6.55
         sum:                              59803.46

Threads fairness:
    events (avg/stddev):           47343.0000/0.00
    execution time (avg/stddev):   59.8035/0.00

sysbench 1.0.11 (using system LuaJIT 2.1.0-beta3)

Running the test with following options:
Number of threads: 1
Initializing random number generator from current time


Extra file open flags: 0
128 files, 800KiB each
100MiB total file size
Block size 16KiB
Number of IO requests: 0
Read/Write ratio for combined random IO test: 1.50
Periodic FSYNC enabled, calling fsync() each 100 requests.
Calling fsync() at the end of test, Enabled.
Using synchronous I/O mode
Doing random r/w test
Initializing worker threads...

Threads started!


File operations:
    reads/s:                      209.99
    writes/s:                     139.99
    fsyncs/s:                     446.67

Throughput:
    read, MiB/s:                  3.28
    written, MiB/s:               2.19

General statistics:
    total time:                          60.0015s
    total number of events:              47802

Latency (ms):
         min:                                  0.00
         avg:                                  1.25
         max:                                100.45
         95th percentile:                      6.55
         sum:                              59811.48

Threads fairness:
    events (avg/stddev):           47802.0000/0.00
    execution time (avg/stddev):   59.8115/0.00

sysbench 1.0.11 (using system LuaJIT 2.1.0-beta3)

Running the test with following options:
Number of threads: 1
Initializing random number generator from current time


Extra file open flags: 0
128 files, 800KiB each
100MiB total file size
Block size 16KiB
Number of IO requests: 0
Read/Write ratio for combined random IO test: 1.50
Periodic FSYNC enabled, calling fsync() each 100 requests.
Calling fsync() at the end of test, Enabled.
Using synchronous I/O mode
Doing random r/w test
Initializing worker threads...

Threads started!


File operations:
    reads/s:                      208.99
    writes/s:                     139.32
    fsyncs/s:                     444.70

Throughput:
    read, MiB/s:                  3.27
    written, MiB/s:               2.18

General statistics:
    total time:                          60.0015s
    total number of events:              47584

Latency (ms):
         min:                                  0.00
         avg:                                  1.26
         max:                                 60.80
         95th percentile:                      6.43
         sum:                              59845.04

Threads fairness:
    events (avg/stddev):           47584.0000/0.00
    execution time (avg/stddev):   59.8450/0.00

