sysbench 1.0.11 (using system LuaJIT 2.1.0-beta3)

Running the test with following options:
Number of threads: 1
Initializing random number generator from current time


Extra file open flags: 0
128 files, 800KiB each
100MiB total file size
Block size 16KiB
Number of IO requests: 0
Read/Write ratio for combined random IO test: 1.50
Periodic FSYNC enabled, calling fsync() each 100 requests.
Calling fsync() at the end of test, Enabled.
Using synchronous I/O mode
Doing random r/w test
Initializing worker threads...

Threads started!


File operations:
    reads/s:                      227.99
    writes/s:                     152.00
    fsyncs/s:                     485.09

Throughput:
    read, MiB/s:                  3.56
    written, MiB/s:               2.37

General statistics:
    total time:                          60.0001s
    total number of events:              51906

Latency (ms):
         min:                                  0.00
         avg:                                  1.15
         max:                                 39.76
         95th percentile:                      6.09
         sum:                              59827.69

Threads fairness:
    events (avg/stddev):           51906.0000/0.00
    execution time (avg/stddev):   59.8277/0.00

sysbench 1.0.11 (using system LuaJIT 2.1.0-beta3)

Running the test with following options:
Number of threads: 1
Initializing random number generator from current time


Extra file open flags: 0
128 files, 800KiB each
100MiB total file size
Block size 16KiB
Number of IO requests: 0
Read/Write ratio for combined random IO test: 1.50
Periodic FSYNC enabled, calling fsync() each 100 requests.
Calling fsync() at the end of test, Enabled.
Using synchronous I/O mode
Doing random r/w test
Initializing worker threads...

Threads started!


File operations:
    reads/s:                      230.99
    writes/s:                     154.00
    fsyncs/s:                     492.67

Throughput:
    read, MiB/s:                  3.61
    written, MiB/s:               2.41

General statistics:
    total time:                          60.0003s
    total number of events:              52661

Latency (ms):
         min:                                  0.00
         avg:                                  1.14
         max:                                 26.02
         95th percentile:                      5.57
         sum:                              59843.54

Threads fairness:
    events (avg/stddev):           52661.0000/0.00
    execution time (avg/stddev):   59.8435/0.00

sysbench 1.0.11 (using system LuaJIT 2.1.0-beta3)

Running the test with following options:
Number of threads: 1
Initializing random number generator from current time


Extra file open flags: 0
128 files, 800KiB each
100MiB total file size
Block size 16KiB
Number of IO requests: 0
Read/Write ratio for combined random IO test: 1.50
Periodic FSYNC enabled, calling fsync() each 100 requests.
Calling fsync() at the end of test, Enabled.
Using synchronous I/O mode
Doing random r/w test
Initializing worker threads...

Threads started!


File operations:
    reads/s:                      227.99
    writes/s:                     152.00
    fsyncs/s:                     484.93

Throughput:
    read, MiB/s:                  3.56
    written, MiB/s:               2.37

General statistics:
    total time:                          60.0003s
    total number of events:              51897

Latency (ms):
         min:                                  0.00
         avg:                                  1.15
         max:                                 29.93
         95th percentile:                      5.99
         sum:                              59833.26

Threads fairness:
    events (avg/stddev):           51897.0000/0.00
    execution time (avg/stddev):   59.8333/0.00

sysbench 1.0.11 (using system LuaJIT 2.1.0-beta3)

Running the test with following options:
Number of threads: 1
Initializing random number generator from current time


Extra file open flags: 0
128 files, 800KiB each
100MiB total file size
Block size 16KiB
Number of IO requests: 0
Read/Write ratio for combined random IO test: 1.50
Periodic FSYNC enabled, calling fsync() each 100 requests.
Calling fsync() at the end of test, Enabled.
Using synchronous I/O mode
Doing random r/w test
Initializing worker threads...

Threads started!


File operations:
    reads/s:                      211.99
    writes/s:                     141.33
    fsyncs/s:                     451.32

Throughput:
    read, MiB/s:                  3.31
    written, MiB/s:               2.21

General statistics:
    total time:                          60.0001s
    total number of events:              48280

Latency (ms):
         min:                                  0.00
         avg:                                  1.24
         max:                                107.32
         95th percentile:                      6.43
         sum:                              59805.98

Threads fairness:
    events (avg/stddev):           48280.0000/0.00
    execution time (avg/stddev):   59.8060/0.00

sysbench 1.0.11 (using system LuaJIT 2.1.0-beta3)

Running the test with following options:
Number of threads: 1
Initializing random number generator from current time


Extra file open flags: 0
128 files, 800KiB each
100MiB total file size
Block size 16KiB
Number of IO requests: 0
Read/Write ratio for combined random IO test: 1.50
Periodic FSYNC enabled, calling fsync() each 100 requests.
Calling fsync() at the end of test, Enabled.
Using synchronous I/O mode
Doing random r/w test
Initializing worker threads...

Threads started!


File operations:
    reads/s:                      227.99
    writes/s:                     151.99
    fsyncs/s:                     484.68

Throughput:
    read, MiB/s:                  3.56
    written, MiB/s:               2.37

General statistics:
    total time:                          60.0004s
    total number of events:              51882

Latency (ms):
         min:                                  0.00
         avg:                                  1.15
         max:                                 46.78
         95th percentile:                      5.99
         sum:                              59851.72

Threads fairness:
    events (avg/stddev):           51882.0000/0.00
    execution time (avg/stddev):   59.8517/0.00

sysbench 1.0.11 (using system LuaJIT 2.1.0-beta3)

Running the test with following options:
Number of threads: 1
Initializing random number generator from current time


Extra file open flags: 0
128 files, 800KiB each
100MiB total file size
Block size 16KiB
Number of IO requests: 0
Read/Write ratio for combined random IO test: 1.50
Periodic FSYNC enabled, calling fsync() each 100 requests.
Calling fsync() at the end of test, Enabled.
Using synchronous I/O mode
Doing random r/w test
Initializing worker threads...

Threads started!


File operations:
    reads/s:                      225.99
    writes/s:                     150.66
    fsyncs/s:                     481.88

Throughput:
    read, MiB/s:                  3.53
    written, MiB/s:               2.35

General statistics:
    total time:                          60.0007s
    total number of events:              51514

Latency (ms):
         min:                                  0.00
         avg:                                  1.16
         max:                                 68.56
         95th percentile:                      6.09
         sum:                              59836.88

Threads fairness:
    events (avg/stddev):           51514.0000/0.00
    execution time (avg/stddev):   59.8369/0.00

sysbench 1.0.11 (using system LuaJIT 2.1.0-beta3)

Running the test with following options:
Number of threads: 1
Initializing random number generator from current time


Extra file open flags: 0
128 files, 800KiB each
100MiB total file size
Block size 16KiB
Number of IO requests: 0
Read/Write ratio for combined random IO test: 1.50
Periodic FSYNC enabled, calling fsync() each 100 requests.
Calling fsync() at the end of test, Enabled.
Using synchronous I/O mode
Doing random r/w test
Initializing worker threads...

Threads started!


File operations:
    reads/s:                      227.99
    writes/s:                     152.00
    fsyncs/s:                     484.80

Throughput:
    read, MiB/s:                  3.56
    written, MiB/s:               2.37

General statistics:
    total time:                          60.0002s
    total number of events:              51889

Latency (ms):
         min:                                  0.00
         avg:                                  1.15
         max:                                 21.91
         95th percentile:                      6.09
         sum:                              59843.79

Threads fairness:
    events (avg/stddev):           51889.0000/0.00
    execution time (avg/stddev):   59.8438/0.00

sysbench 1.0.11 (using system LuaJIT 2.1.0-beta3)

Running the test with following options:
Number of threads: 1
Initializing random number generator from current time


Extra file open flags: 0
128 files, 800KiB each
100MiB total file size
Block size 16KiB
Number of IO requests: 0
Read/Write ratio for combined random IO test: 1.50
Periodic FSYNC enabled, calling fsync() each 100 requests.
Calling fsync() at the end of test, Enabled.
Using synchronous I/O mode
Doing random r/w test
Initializing worker threads...

Threads started!


File operations:
    reads/s:                      226.99
    writes/s:                     151.33
    fsyncs/s:                     483.10

Throughput:
    read, MiB/s:                  3.55
    written, MiB/s:               2.36

General statistics:
    total time:                          60.0003s
    total number of events:              51687

Latency (ms):
         min:                                  0.00
         avg:                                  1.16
         max:                                 48.08
         95th percentile:                      6.09
         sum:                              59834.12

Threads fairness:
    events (avg/stddev):           51687.0000/0.00
    execution time (avg/stddev):   59.8341/0.00

sysbench 1.0.11 (using system LuaJIT 2.1.0-beta3)

Running the test with following options:
Number of threads: 1
Initializing random number generator from current time


Extra file open flags: 0
128 files, 800KiB each
100MiB total file size
Block size 16KiB
Number of IO requests: 0
Read/Write ratio for combined random IO test: 1.50
Periodic FSYNC enabled, calling fsync() each 100 requests.
Calling fsync() at the end of test, Enabled.
Using synchronous I/O mode
Doing random r/w test
Initializing worker threads...

Threads started!


File operations:
    reads/s:                      226.99
    writes/s:                     151.33
    fsyncs/s:                     484.24

Throughput:
    read, MiB/s:                  3.55
    written, MiB/s:               2.36

General statistics:
    total time:                          60.0001s
    total number of events:              51755

Latency (ms):
         min:                                  0.00
         avg:                                  1.16
         max:                                 39.91
         95th percentile:                      5.99
         sum:                              59806.99

Threads fairness:
    events (avg/stddev):           51755.0000/0.00
    execution time (avg/stddev):   59.8070/0.00

sysbench 1.0.11 (using system LuaJIT 2.1.0-beta3)

Running the test with following options:
Number of threads: 1
Initializing random number generator from current time


Extra file open flags: 0
128 files, 800KiB each
100MiB total file size
Block size 16KiB
Number of IO requests: 0
Read/Write ratio for combined random IO test: 1.50
Periodic FSYNC enabled, calling fsync() each 100 requests.
Calling fsync() at the end of test, Enabled.
Using synchronous I/O mode
Doing random r/w test
Initializing worker threads...

Threads started!


File operations:
    reads/s:                      226.99
    writes/s:                     151.33
    fsyncs/s:                     482.57

Throughput:
    read, MiB/s:                  3.55
    written, MiB/s:               2.36

General statistics:
    total time:                          60.0001s
    total number of events:              51655

Latency (ms):
         min:                                  0.00
         avg:                                  1.16
         max:                                 43.28
         95th percentile:                      5.88
         sum:                              59812.70

Threads fairness:
    events (avg/stddev):           51655.0000/0.00
    execution time (avg/stddev):   59.8127/0.00

sysbench 1.0.11 (using system LuaJIT 2.1.0-beta3)

Running the test with following options:
Number of threads: 1
Initializing random number generator from current time


Extra file open flags: 0
128 files, 800KiB each
100MiB total file size
Block size 16KiB
Number of IO requests: 0
Read/Write ratio for combined random IO test: 1.50
Periodic FSYNC enabled, calling fsync() each 100 requests.
Calling fsync() at the end of test, Enabled.
Using synchronous I/O mode
Doing random r/w test
Initializing worker threads...

Threads started!


File operations:
    reads/s:                      226.99
    writes/s:                     151.33
    fsyncs/s:                     484.22

Throughput:
    read, MiB/s:                  3.55
    written, MiB/s:               2.36

General statistics:
    total time:                          60.0003s
    total number of events:              51754

Latency (ms):
         min:                                  0.00
         avg:                                  1.16
         max:                                 29.55
         95th percentile:                      6.09
         sum:                              59819.19

Threads fairness:
    events (avg/stddev):           51754.0000/0.00
    execution time (avg/stddev):   59.8192/0.00

sysbench 1.0.11 (using system LuaJIT 2.1.0-beta3)

Running the test with following options:
Number of threads: 1
Initializing random number generator from current time


Extra file open flags: 0
128 files, 800KiB each
100MiB total file size
Block size 16KiB
Number of IO requests: 0
Read/Write ratio for combined random IO test: 1.50
Periodic FSYNC enabled, calling fsync() each 100 requests.
Calling fsync() at the end of test, Enabled.
Using synchronous I/O mode
Doing random r/w test
Initializing worker threads...

Threads started!


File operations:
    reads/s:                      226.99
    writes/s:                     151.33
    fsyncs/s:                     483.49

Throughput:
    read, MiB/s:                  3.55
    written, MiB/s:               2.36

General statistics:
    total time:                          60.0001s
    total number of events:              51710

Latency (ms):
         min:                                  0.00
         avg:                                  1.16
         max:                                 22.91
         95th percentile:                      6.09
         sum:                              59834.11

Threads fairness:
    events (avg/stddev):           51710.0000/0.00
    execution time (avg/stddev):   59.8341/0.00

sysbench 1.0.11 (using system LuaJIT 2.1.0-beta3)

Running the test with following options:
Number of threads: 1
Initializing random number generator from current time


Extra file open flags: 0
128 files, 800KiB each
100MiB total file size
Block size 16KiB
Number of IO requests: 0
Read/Write ratio for combined random IO test: 1.50
Periodic FSYNC enabled, calling fsync() each 100 requests.
Calling fsync() at the end of test, Enabled.
Using synchronous I/O mode
Doing random r/w test
Initializing worker threads...

Threads started!


File operations:
    reads/s:                      227.99
    writes/s:                     151.99
    fsyncs/s:                     486.35

Throughput:
    read, MiB/s:                  3.56
    written, MiB/s:               2.37

General statistics:
    total time:                          60.0007s
    total number of events:              51982

Latency (ms):
         min:                                  0.00
         avg:                                  1.15
         max:                                 44.06
         95th percentile:                      5.37
         sum:                              59817.35

Threads fairness:
    events (avg/stddev):           51982.0000/0.00
    execution time (avg/stddev):   59.8174/0.00

sysbench 1.0.11 (using system LuaJIT 2.1.0-beta3)

Running the test with following options:
Number of threads: 1
Initializing random number generator from current time


Extra file open flags: 0
128 files, 800KiB each
100MiB total file size
Block size 16KiB
Number of IO requests: 0
Read/Write ratio for combined random IO test: 1.50
Periodic FSYNC enabled, calling fsync() each 100 requests.
Calling fsync() at the end of test, Enabled.
Using synchronous I/O mode
Doing random r/w test
Initializing worker threads...

Threads started!


File operations:
    reads/s:                      232.99
    writes/s:                     155.33
    fsyncs/s:                     496.62

Throughput:
    read, MiB/s:                  3.64
    written, MiB/s:               2.43

General statistics:
    total time:                          60.0004s
    total number of events:              53098

Latency (ms):
         min:                                  0.00
         avg:                                  1.13
         max:                                107.73
         95th percentile:                      5.47
         sum:                              59818.71

Threads fairness:
    events (avg/stddev):           53098.0000/0.00
    execution time (avg/stddev):   59.8187/0.00

sysbench 1.0.11 (using system LuaJIT 2.1.0-beta3)

Running the test with following options:
Number of threads: 1
Initializing random number generator from current time


Extra file open flags: 0
128 files, 800KiB each
100MiB total file size
Block size 16KiB
Number of IO requests: 0
Read/Write ratio for combined random IO test: 1.50
Periodic FSYNC enabled, calling fsync() each 100 requests.
Calling fsync() at the end of test, Enabled.
Using synchronous I/O mode
Doing random r/w test
Initializing worker threads...

Threads started!


File operations:
    reads/s:                      226.99
    writes/s:                     151.33
    fsyncs/s:                     484.10

Throughput:
    read, MiB/s:                  3.55
    written, MiB/s:               2.36

General statistics:
    total time:                          60.0005s
    total number of events:              51747

Latency (ms):
         min:                                  0.00
         avg:                                  1.16
         max:                                 98.15
         95th percentile:                      5.99
         sum:                              59841.80

Threads fairness:
    events (avg/stddev):           51747.0000/0.00
    execution time (avg/stddev):   59.8418/0.00

sysbench 1.0.11 (using system LuaJIT 2.1.0-beta3)

Running the test with following options:
Number of threads: 1
Initializing random number generator from current time


Extra file open flags: 0
128 files, 800KiB each
100MiB total file size
Block size 16KiB
Number of IO requests: 0
Read/Write ratio for combined random IO test: 1.50
Periodic FSYNC enabled, calling fsync() each 100 requests.
Calling fsync() at the end of test, Enabled.
Using synchronous I/O mode
Doing random r/w test
Initializing worker threads...

Threads started!


File operations:
    reads/s:                      229.99
    writes/s:                     153.33
    fsyncs/s:                     488.88

Throughput:
    read, MiB/s:                  3.59
    written, MiB/s:               2.40

General statistics:
    total time:                          60.0003s
    total number of events:              52334

Latency (ms):
         min:                                  0.00
         avg:                                  1.14
         max:                                 23.52
         95th percentile:                      5.67
         sum:                              59827.62

Threads fairness:
    events (avg/stddev):           52334.0000/0.00
    execution time (avg/stddev):   59.8276/0.00

sysbench 1.0.11 (using system LuaJIT 2.1.0-beta3)

Running the test with following options:
Number of threads: 1
Initializing random number generator from current time


Extra file open flags: 0
128 files, 800KiB each
100MiB total file size
Block size 16KiB
Number of IO requests: 0
Read/Write ratio for combined random IO test: 1.50
Periodic FSYNC enabled, calling fsync() each 100 requests.
Calling fsync() at the end of test, Enabled.
Using synchronous I/O mode
Doing random r/w test
Initializing worker threads...

Threads started!


File operations:
    reads/s:                      229.99
    writes/s:                     153.33
    fsyncs/s:                     490.45

Throughput:
    read, MiB/s:                  3.59
    written, MiB/s:               2.40

General statistics:
    total time:                          60.0007s
    total number of events:              52428

Latency (ms):
         min:                                  0.00
         avg:                                  1.14
         max:                                 24.40
         95th percentile:                      5.67
         sum:                              59840.47

Threads fairness:
    events (avg/stddev):           52428.0000/0.00
    execution time (avg/stddev):   59.8405/0.00

sysbench 1.0.11 (using system LuaJIT 2.1.0-beta3)

Running the test with following options:
Number of threads: 1
Initializing random number generator from current time


Extra file open flags: 0
128 files, 800KiB each
100MiB total file size
Block size 16KiB
Number of IO requests: 0
Read/Write ratio for combined random IO test: 1.50
Periodic FSYNC enabled, calling fsync() each 100 requests.
Calling fsync() at the end of test, Enabled.
Using synchronous I/O mode
Doing random r/w test
Initializing worker threads...

Threads started!


File operations:
    reads/s:                      227.99
    writes/s:                     152.00
    fsyncs/s:                     484.79

Throughput:
    read, MiB/s:                  3.56
    written, MiB/s:               2.37

General statistics:
    total time:                          60.0001s
    total number of events:              51888

Latency (ms):
         min:                                  0.00
         avg:                                  1.15
         max:                                 37.74
         95th percentile:                      5.99
         sum:                              59812.00

Threads fairness:
    events (avg/stddev):           51888.0000/0.00
    execution time (avg/stddev):   59.8120/0.00

sysbench 1.0.11 (using system LuaJIT 2.1.0-beta3)

Running the test with following options:
Number of threads: 1
Initializing random number generator from current time


Extra file open flags: 0
128 files, 800KiB each
100MiB total file size
Block size 16KiB
Number of IO requests: 0
Read/Write ratio for combined random IO test: 1.50
Periodic FSYNC enabled, calling fsync() each 100 requests.
Calling fsync() at the end of test, Enabled.
Using synchronous I/O mode
Doing random r/w test
Initializing worker threads...

Threads started!


File operations:
    reads/s:                      226.99
    writes/s:                     151.33
    fsyncs/s:                     482.95

Throughput:
    read, MiB/s:                  3.55
    written, MiB/s:               2.36

General statistics:
    total time:                          60.0002s
    total number of events:              51678

Latency (ms):
         min:                                  0.00
         avg:                                  1.16
         max:                                 42.01
         95th percentile:                      6.09
         sum:                              59827.22

Threads fairness:
    events (avg/stddev):           51678.0000/0.00
    execution time (avg/stddev):   59.8272/0.00

sysbench 1.0.11 (using system LuaJIT 2.1.0-beta3)

Running the test with following options:
Number of threads: 1
Initializing random number generator from current time


Extra file open flags: 0
128 files, 800KiB each
100MiB total file size
Block size 16KiB
Number of IO requests: 0
Read/Write ratio for combined random IO test: 1.50
Periodic FSYNC enabled, calling fsync() each 100 requests.
Calling fsync() at the end of test, Enabled.
Using synchronous I/O mode
Doing random r/w test
Initializing worker threads...

Threads started!


File operations:
    reads/s:                      228.99
    writes/s:                     152.66
    fsyncs/s:                     486.60

Throughput:
    read, MiB/s:                  3.58
    written, MiB/s:               2.39

General statistics:
    total time:                          60.0007s
    total number of events:              52097

Latency (ms):
         min:                                  0.00
         avg:                                  1.15
         max:                                 33.98
         95th percentile:                      5.88
         sum:                              59838.76

Threads fairness:
    events (avg/stddev):           52097.0000/0.00
    execution time (avg/stddev):   59.8388/0.00

sysbench 1.0.11 (using system LuaJIT 2.1.0-beta3)

Running the test with following options:
Number of threads: 1
Initializing random number generator from current time


Extra file open flags: 0
128 files, 800KiB each
100MiB total file size
Block size 16KiB
Number of IO requests: 0
Read/Write ratio for combined random IO test: 1.50
Periodic FSYNC enabled, calling fsync() each 100 requests.
Calling fsync() at the end of test, Enabled.
Using synchronous I/O mode
Doing random r/w test
Initializing worker threads...

Threads started!


File operations:
    reads/s:                      230.99
    writes/s:                     154.00
    fsyncs/s:                     491.44

Throughput:
    read, MiB/s:                  3.61
    written, MiB/s:               2.41

General statistics:
    total time:                          60.0002s
    total number of events:              52587

Latency (ms):
         min:                                  0.00
         avg:                                  1.14
         max:                                 36.65
         95th percentile:                      5.88
         sum:                              59829.75

Threads fairness:
    events (avg/stddev):           52587.0000/0.00
    execution time (avg/stddev):   59.8298/0.00

sysbench 1.0.11 (using system LuaJIT 2.1.0-beta3)

Running the test with following options:
Number of threads: 1
Initializing random number generator from current time


Extra file open flags: 0
128 files, 800KiB each
100MiB total file size
Block size 16KiB
Number of IO requests: 0
Read/Write ratio for combined random IO test: 1.50
Periodic FSYNC enabled, calling fsync() each 100 requests.
Calling fsync() at the end of test, Enabled.
Using synchronous I/O mode
Doing random r/w test
Initializing worker threads...

Threads started!


File operations:
    reads/s:                      228.99
    writes/s:                     152.66
    fsyncs/s:                     488.39

Throughput:
    read, MiB/s:                  3.58
    written, MiB/s:               2.39

General statistics:
    total time:                          60.0001s
    total number of events:              52204

Latency (ms):
         min:                                  0.00
         avg:                                  1.15
         max:                                 31.84
         95th percentile:                      5.99
         sum:                              59814.44

Threads fairness:
    events (avg/stddev):           52204.0000/0.00
    execution time (avg/stddev):   59.8144/0.00

sysbench 1.0.11 (using system LuaJIT 2.1.0-beta3)

Running the test with following options:
Number of threads: 1
Initializing random number generator from current time


Extra file open flags: 0
128 files, 800KiB each
100MiB total file size
Block size 16KiB
Number of IO requests: 0
Read/Write ratio for combined random IO test: 1.50
Periodic FSYNC enabled, calling fsync() each 100 requests.
Calling fsync() at the end of test, Enabled.
Using synchronous I/O mode
Doing random r/w test
Initializing worker threads...

Threads started!


File operations:
    reads/s:                      226.99
    writes/s:                     151.33
    fsyncs/s:                     483.23

Throughput:
    read, MiB/s:                  3.55
    written, MiB/s:               2.36

General statistics:
    total time:                          60.0003s
    total number of events:              51695

Latency (ms):
         min:                                  0.00
         avg:                                  1.16
         max:                                 23.47
         95th percentile:                      6.09
         sum:                              59820.11

Threads fairness:
    events (avg/stddev):           51695.0000/0.00
    execution time (avg/stddev):   59.8201/0.00

sysbench 1.0.11 (using system LuaJIT 2.1.0-beta3)

Running the test with following options:
Number of threads: 1
Initializing random number generator from current time


Extra file open flags: 0
128 files, 800KiB each
100MiB total file size
Block size 16KiB
Number of IO requests: 0
Read/Write ratio for combined random IO test: 1.50
Periodic FSYNC enabled, calling fsync() each 100 requests.
Calling fsync() at the end of test, Enabled.
Using synchronous I/O mode
Doing random r/w test
Initializing worker threads...

Threads started!


File operations:
    reads/s:                      228.99
    writes/s:                     152.66
    fsyncs/s:                     487.90

Throughput:
    read, MiB/s:                  3.58
    written, MiB/s:               2.39

General statistics:
    total time:                          60.0001s
    total number of events:              52175

Latency (ms):
         min:                                  0.00
         avg:                                  1.15
         max:                                 19.90
         95th percentile:                      5.77
         sum:                              59838.61

Threads fairness:
    events (avg/stddev):           52175.0000/0.00
    execution time (avg/stddev):   59.8386/0.00

sysbench 1.0.11 (using system LuaJIT 2.1.0-beta3)

Running the test with following options:
Number of threads: 1
Initializing random number generator from current time


Extra file open flags: 0
128 files, 800KiB each
100MiB total file size
Block size 16KiB
Number of IO requests: 0
Read/Write ratio for combined random IO test: 1.50
Periodic FSYNC enabled, calling fsync() each 100 requests.
Calling fsync() at the end of test, Enabled.
Using synchronous I/O mode
Doing random r/w test
Initializing worker threads...

Threads started!


File operations:
    reads/s:                      227.99
    writes/s:                     152.00
    fsyncs/s:                     486.00

Throughput:
    read, MiB/s:                  3.56
    written, MiB/s:               2.37

General statistics:
    total time:                          60.0003s
    total number of events:              51961

Latency (ms):
         min:                                  0.00
         avg:                                  1.15
         max:                                 43.84
         95th percentile:                      6.09
         sum:                              59820.38

Threads fairness:
    events (avg/stddev):           51961.0000/0.00
    execution time (avg/stddev):   59.8204/0.00

sysbench 1.0.11 (using system LuaJIT 2.1.0-beta3)

Running the test with following options:
Number of threads: 1
Initializing random number generator from current time


Extra file open flags: 0
128 files, 800KiB each
100MiB total file size
Block size 16KiB
Number of IO requests: 0
Read/Write ratio for combined random IO test: 1.50
Periodic FSYNC enabled, calling fsync() each 100 requests.
Calling fsync() at the end of test, Enabled.
Using synchronous I/O mode
Doing random r/w test
Initializing worker threads...

Threads started!


File operations:
    reads/s:                      226.99
    writes/s:                     151.33
    fsyncs/s:                     483.97

Throughput:
    read, MiB/s:                  3.55
    written, MiB/s:               2.36

General statistics:
    total time:                          60.0002s
    total number of events:              51739

Latency (ms):
         min:                                  0.00
         avg:                                  1.16
         max:                                 19.78
         95th percentile:                      6.09
         sum:                              59845.56

Threads fairness:
    events (avg/stddev):           51739.0000/0.00
    execution time (avg/stddev):   59.8456/0.00

sysbench 1.0.11 (using system LuaJIT 2.1.0-beta3)

Running the test with following options:
Number of threads: 1
Initializing random number generator from current time


Extra file open flags: 0
128 files, 800KiB each
100MiB total file size
Block size 16KiB
Number of IO requests: 0
Read/Write ratio for combined random IO test: 1.50
Periodic FSYNC enabled, calling fsync() each 100 requests.
Calling fsync() at the end of test, Enabled.
Using synchronous I/O mode
Doing random r/w test
Initializing worker threads...

Threads started!


File operations:
    reads/s:                      227.99
    writes/s:                     151.99
    fsyncs/s:                     484.55

Throughput:
    read, MiB/s:                  3.56
    written, MiB/s:               2.37

General statistics:
    total time:                          60.0006s
    total number of events:              51874

Latency (ms):
         min:                                  0.00
         avg:                                  1.15
         max:                                 24.49
         95th percentile:                      5.88
         sum:                              59813.10

Threads fairness:
    events (avg/stddev):           51874.0000/0.00
    execution time (avg/stddev):   59.8131/0.00

sysbench 1.0.11 (using system LuaJIT 2.1.0-beta3)

Running the test with following options:
Number of threads: 1
Initializing random number generator from current time


Extra file open flags: 0
128 files, 800KiB each
100MiB total file size
Block size 16KiB
Number of IO requests: 0
Read/Write ratio for combined random IO test: 1.50
Periodic FSYNC enabled, calling fsync() each 100 requests.
Calling fsync() at the end of test, Enabled.
Using synchronous I/O mode
Doing random r/w test
Initializing worker threads...

Threads started!


File operations:
    reads/s:                      225.99
    writes/s:                     150.66
    fsyncs/s:                     482.03

Throughput:
    read, MiB/s:                  3.53
    written, MiB/s:               2.35

General statistics:
    total time:                          60.0004s
    total number of events:              51523

Latency (ms):
         min:                                  0.00
         avg:                                  1.16
         max:                                 24.44
         95th percentile:                      5.67
         sum:                              59824.02

Threads fairness:
    events (avg/stddev):           51523.0000/0.00
    execution time (avg/stddev):   59.8240/0.00

sysbench 1.0.11 (using system LuaJIT 2.1.0-beta3)

Running the test with following options:
Number of threads: 1
Initializing random number generator from current time


Extra file open flags: 0
128 files, 800KiB each
100MiB total file size
Block size 16KiB
Number of IO requests: 0
Read/Write ratio for combined random IO test: 1.50
Periodic FSYNC enabled, calling fsync() each 100 requests.
Calling fsync() at the end of test, Enabled.
Using synchronous I/O mode
Doing random r/w test
Initializing worker threads...

Threads started!


File operations:
    reads/s:                      228.99
    writes/s:                     152.66
    fsyncs/s:                     487.29

Throughput:
    read, MiB/s:                  3.58
    written, MiB/s:               2.39

General statistics:
    total time:                          60.0001s
    total number of events:              52138

Latency (ms):
         min:                                  0.00
         avg:                                  1.15
         max:                                 19.37
         95th percentile:                      5.99
         sum:                              59825.29

Threads fairness:
    events (avg/stddev):           52138.0000/0.00
    execution time (avg/stddev):   59.8253/0.00

sysbench 1.0.11 (using system LuaJIT 2.1.0-beta3)

Running the test with following options:
Number of threads: 1
Initializing random number generator from current time


Extra file open flags: 0
128 files, 800KiB each
100MiB total file size
Block size 16KiB
Number of IO requests: 0
Read/Write ratio for combined random IO test: 1.50
Periodic FSYNC enabled, calling fsync() each 100 requests.
Calling fsync() at the end of test, Enabled.
Using synchronous I/O mode
Doing random r/w test
Initializing worker threads...

Threads started!


File operations:
    reads/s:                      225.99
    writes/s:                     150.66
    fsyncs/s:                     481.32

Throughput:
    read, MiB/s:                  3.53
    written, MiB/s:               2.35

General statistics:
    total time:                          60.0002s
    total number of events:              51480

Latency (ms):
         min:                                  0.00
         avg:                                  1.16
         max:                                 33.55
         95th percentile:                      6.21
         sum:                              59805.70

Threads fairness:
    events (avg/stddev):           51480.0000/0.00
    execution time (avg/stddev):   59.8057/0.00

