sysbench 1.0.11 (using system LuaJIT 2.1.0-beta3)

Running the test with following options:
Number of threads: 1
Initializing random number generator from current time


Extra file open flags: 0
128 files, 800KiB each
100MiB total file size
Block size 16KiB
Number of IO requests: 0
Read/Write ratio for combined random IO test: 1.50
Periodic FSYNC enabled, calling fsync() each 100 requests.
Calling fsync() at the end of test, Enabled.
Using synchronous I/O mode
Doing random r/w test
Initializing worker threads...

Threads started!


File operations:
    reads/s:                      200.97
    writes/s:                     133.98
    fsyncs/s:                     427.17

Throughput:
    read, MiB/s:                  3.14
    written, MiB/s:               2.09

General statistics:
    total time:                          60.0052s
    total number of events:              45734

Latency (ms):
         min:                                  0.00
         avg:                                  1.31
         max:                                 51.61
         95th percentile:                      5.67
         sum:                              59803.97

Threads fairness:
    events (avg/stddev):           45734.0000/0.00
    execution time (avg/stddev):   59.8040/0.00

sysbench 1.0.11 (using system LuaJIT 2.1.0-beta3)

Running the test with following options:
Number of threads: 1
Initializing random number generator from current time


Extra file open flags: 0
128 files, 800KiB each
100MiB total file size
Block size 16KiB
Number of IO requests: 0
Read/Write ratio for combined random IO test: 1.50
Periodic FSYNC enabled, calling fsync() each 100 requests.
Calling fsync() at the end of test, Enabled.
Using synchronous I/O mode
Doing random r/w test
Initializing worker threads...

Threads started!


File operations:
    reads/s:                      199.99
    writes/s:                     133.32
    fsyncs/s:                     425.79

Throughput:
    read, MiB/s:                  3.12
    written, MiB/s:               2.08

General statistics:
    total time:                          60.0021s
    total number of events:              45549

Latency (ms):
         min:                                  0.00
         avg:                                  1.31
         max:                                 48.12
         95th percentile:                      5.67
         sum:                              59825.99

Threads fairness:
    events (avg/stddev):           45549.0000/0.00
    execution time (avg/stddev):   59.8260/0.00

sysbench 1.0.11 (using system LuaJIT 2.1.0-beta3)

Running the test with following options:
Number of threads: 1
Initializing random number generator from current time


Extra file open flags: 0
128 files, 800KiB each
100MiB total file size
Block size 16KiB
Number of IO requests: 0
Read/Write ratio for combined random IO test: 1.50
Periodic FSYNC enabled, calling fsync() each 100 requests.
Calling fsync() at the end of test, Enabled.
Using synchronous I/O mode
Doing random r/w test
Initializing worker threads...

Threads started!


File operations:
    reads/s:                      200.99
    writes/s:                     133.99
    fsyncs/s:                     427.28

Throughput:
    read, MiB/s:                  3.14
    written, MiB/s:               2.09

General statistics:
    total time:                          60.0003s
    total number of events:              45738

Latency (ms):
         min:                                  0.00
         avg:                                  1.31
         max:                                 91.38
         95th percentile:                      5.67
         sum:                              59847.71

Threads fairness:
    events (avg/stddev):           45738.0000/0.00
    execution time (avg/stddev):   59.8477/0.00

sysbench 1.0.11 (using system LuaJIT 2.1.0-beta3)

Running the test with following options:
Number of threads: 1
Initializing random number generator from current time


Extra file open flags: 0
128 files, 800KiB each
100MiB total file size
Block size 16KiB
Number of IO requests: 0
Read/Write ratio for combined random IO test: 1.50
Periodic FSYNC enabled, calling fsync() each 100 requests.
Calling fsync() at the end of test, Enabled.
Using synchronous I/O mode
Doing random r/w test
Initializing worker threads...

Threads started!


File operations:
    reads/s:                      201.98
    writes/s:                     134.65
    fsyncs/s:                     429.49

Throughput:
    read, MiB/s:                  3.16
    written, MiB/s:               2.10

General statistics:
    total time:                          60.0037s
    total number of events:              45972

Latency (ms):
         min:                                  0.00
         avg:                                  1.30
         max:                                 99.94
         95th percentile:                      5.47
         sum:                              59868.44

Threads fairness:
    events (avg/stddev):           45972.0000/0.00
    execution time (avg/stddev):   59.8684/0.00

sysbench 1.0.11 (using system LuaJIT 2.1.0-beta3)

Running the test with following options:
Number of threads: 1
Initializing random number generator from current time


Extra file open flags: 0
128 files, 800KiB each
100MiB total file size
Block size 16KiB
Number of IO requests: 0
Read/Write ratio for combined random IO test: 1.50
Periodic FSYNC enabled, calling fsync() each 100 requests.
Calling fsync() at the end of test, Enabled.
Using synchronous I/O mode
Doing random r/w test
Initializing worker threads...

Threads started!


File operations:
    reads/s:                      199.98
    writes/s:                     133.32
    fsyncs/s:                     426.43

Throughput:
    read, MiB/s:                  3.12
    written, MiB/s:               2.08

General statistics:
    total time:                          60.0024s
    total number of events:              45588

Latency (ms):
         min:                                  0.00
         avg:                                  1.31
         max:                                 57.46
         95th percentile:                      5.77
         sum:                              59833.64

Threads fairness:
    events (avg/stddev):           45588.0000/0.00
    execution time (avg/stddev):   59.8336/0.00

sysbench 1.0.11 (using system LuaJIT 2.1.0-beta3)

Running the test with following options:
Number of threads: 1
Initializing random number generator from current time


Extra file open flags: 0
128 files, 800KiB each
100MiB total file size
Block size 16KiB
Number of IO requests: 0
Read/Write ratio for combined random IO test: 1.50
Periodic FSYNC enabled, calling fsync() each 100 requests.
Calling fsync() at the end of test, Enabled.
Using synchronous I/O mode
Doing random r/w test
Initializing worker threads...

Threads started!


File operations:
    reads/s:                      201.98
    writes/s:                     134.65
    fsyncs/s:                     429.16

Throughput:
    read, MiB/s:                  3.16
    written, MiB/s:               2.10

General statistics:
    total time:                          60.0032s
    total number of events:              45952

Latency (ms):
         min:                                  0.00
         avg:                                  1.30
         max:                                 74.81
         95th percentile:                      5.47
         sum:                              59823.44

Threads fairness:
    events (avg/stddev):           45952.0000/0.00
    execution time (avg/stddev):   59.8234/0.00

sysbench 1.0.11 (using system LuaJIT 2.1.0-beta3)

Running the test with following options:
Number of threads: 1
Initializing random number generator from current time


Extra file open flags: 0
128 files, 800KiB each
100MiB total file size
Block size 16KiB
Number of IO requests: 0
Read/Write ratio for combined random IO test: 1.50
Periodic FSYNC enabled, calling fsync() each 100 requests.
Calling fsync() at the end of test, Enabled.
Using synchronous I/O mode
Doing random r/w test
Initializing worker threads...

Threads started!


File operations:
    reads/s:                      201.99
    writes/s:                     134.66
    fsyncs/s:                     429.80

Throughput:
    read, MiB/s:                  3.16
    written, MiB/s:               2.10

General statistics:
    total time:                          60.0004s
    total number of events:              45989

Latency (ms):
         min:                                  0.00
         avg:                                  1.30
         max:                                 54.89
         95th percentile:                      5.37
         sum:                              59833.27

Threads fairness:
    events (avg/stddev):           45989.0000/0.00
    execution time (avg/stddev):   59.8333/0.00

sysbench 1.0.11 (using system LuaJIT 2.1.0-beta3)

Running the test with following options:
Number of threads: 1
Initializing random number generator from current time


Extra file open flags: 0
128 files, 800KiB each
100MiB total file size
Block size 16KiB
Number of IO requests: 0
Read/Write ratio for combined random IO test: 1.50
Periodic FSYNC enabled, calling fsync() each 100 requests.
Calling fsync() at the end of test, Enabled.
Using synchronous I/O mode
Doing random r/w test
Initializing worker threads...

Threads started!


File operations:
    reads/s:                      199.97
    writes/s:                     133.32
    fsyncs/s:                     424.65

Throughput:
    read, MiB/s:                  3.12
    written, MiB/s:               2.08

General statistics:
    total time:                          60.0046s
    total number of events:              45482

Latency (ms):
         min:                                  0.00
         avg:                                  1.32
         max:                                 99.86
         95th percentile:                      6.09
         sum:                              59834.82

Threads fairness:
    events (avg/stddev):           45482.0000/0.00
    execution time (avg/stddev):   59.8348/0.00

sysbench 1.0.11 (using system LuaJIT 2.1.0-beta3)

Running the test with following options:
Number of threads: 1
Initializing random number generator from current time


Extra file open flags: 0
128 files, 800KiB each
100MiB total file size
Block size 16KiB
Number of IO requests: 0
Read/Write ratio for combined random IO test: 1.50
Periodic FSYNC enabled, calling fsync() each 100 requests.
Calling fsync() at the end of test, Enabled.
Using synchronous I/O mode
Doing random r/w test
Initializing worker threads...

Threads started!


File operations:
    reads/s:                      201.98
    writes/s:                     134.65
    fsyncs/s:                     428.78

Throughput:
    read, MiB/s:                  3.16
    written, MiB/s:               2.10

General statistics:
    total time:                          60.0036s
    total number of events:              45929

Latency (ms):
         min:                                  0.00
         avg:                                  1.30
         max:                                 74.74
         95th percentile:                      5.37
         sum:                              59829.40

Threads fairness:
    events (avg/stddev):           45929.0000/0.00
    execution time (avg/stddev):   59.8294/0.00

sysbench 1.0.11 (using system LuaJIT 2.1.0-beta3)

Running the test with following options:
Number of threads: 1
Initializing random number generator from current time


Extra file open flags: 0
128 files, 800KiB each
100MiB total file size
Block size 16KiB
Number of IO requests: 0
Read/Write ratio for combined random IO test: 1.50
Periodic FSYNC enabled, calling fsync() each 100 requests.
Calling fsync() at the end of test, Enabled.
Using synchronous I/O mode
Doing random r/w test
Initializing worker threads...

Threads started!


File operations:
    reads/s:                      202.99
    writes/s:                     135.33
    fsyncs/s:                     431.69

Throughput:
    read, MiB/s:                  3.17
    written, MiB/s:               2.11

General statistics:
    total time:                          60.0005s
    total number of events:              46203

Latency (ms):
         min:                                  0.00
         avg:                                  1.29
         max:                                101.11
         95th percentile:                      5.18
         sum:                              59822.46

Threads fairness:
    events (avg/stddev):           46203.0000/0.00
    execution time (avg/stddev):   59.8225/0.00

sysbench 1.0.11 (using system LuaJIT 2.1.0-beta3)

Running the test with following options:
Number of threads: 1
Initializing random number generator from current time


Extra file open flags: 0
128 files, 800KiB each
100MiB total file size
Block size 16KiB
Number of IO requests: 0
Read/Write ratio for combined random IO test: 1.50
Periodic FSYNC enabled, calling fsync() each 100 requests.
Calling fsync() at the end of test, Enabled.
Using synchronous I/O mode
Doing random r/w test
Initializing worker threads...

Threads started!


File operations:
    reads/s:                      201.99
    writes/s:                     134.66
    fsyncs/s:                     429.25

Throughput:
    read, MiB/s:                  3.16
    written, MiB/s:               2.10

General statistics:
    total time:                          60.0019s
    total number of events:              45957

Latency (ms):
         min:                                  0.00
         avg:                                  1.30
         max:                                 76.72
         95th percentile:                      5.47
         sum:                              59843.31

Threads fairness:
    events (avg/stddev):           45957.0000/0.00
    execution time (avg/stddev):   59.8433/0.00

sysbench 1.0.11 (using system LuaJIT 2.1.0-beta3)

Running the test with following options:
Number of threads: 1
Initializing random number generator from current time


Extra file open flags: 0
128 files, 800KiB each
100MiB total file size
Block size 16KiB
Number of IO requests: 0
Read/Write ratio for combined random IO test: 1.50
Periodic FSYNC enabled, calling fsync() each 100 requests.
Calling fsync() at the end of test, Enabled.
Using synchronous I/O mode
Doing random r/w test
Initializing worker threads...

Threads started!


File operations:
    reads/s:                      199.97
    writes/s:                     133.31
    fsyncs/s:                     426.25

Throughput:
    read, MiB/s:                  3.12
    written, MiB/s:               2.08

General statistics:
    total time:                          60.0072s
    total number of events:              45579

Latency (ms):
         min:                                  0.00
         avg:                                  1.31
         max:                                 91.61
         95th percentile:                      5.77
         sum:                              59829.52

Threads fairness:
    events (avg/stddev):           45579.0000/0.00
    execution time (avg/stddev):   59.8295/0.00

sysbench 1.0.11 (using system LuaJIT 2.1.0-beta3)

Running the test with following options:
Number of threads: 1
Initializing random number generator from current time


Extra file open flags: 0
128 files, 800KiB each
100MiB total file size
Block size 16KiB
Number of IO requests: 0
Read/Write ratio for combined random IO test: 1.50
Periodic FSYNC enabled, calling fsync() each 100 requests.
Calling fsync() at the end of test, Enabled.
Using synchronous I/O mode
Doing random r/w test
Initializing worker threads...

Threads started!


File operations:
    reads/s:                      199.98
    writes/s:                     133.32
    fsyncs/s:                     426.28

Throughput:
    read, MiB/s:                  3.12
    written, MiB/s:               2.08

General statistics:
    total time:                          60.0029s
    total number of events:              45579

Latency (ms):
         min:                                  0.00
         avg:                                  1.31
         max:                                 62.94
         95th percentile:                      5.77
         sum:                              59806.80

Threads fairness:
    events (avg/stddev):           45579.0000/0.00
    execution time (avg/stddev):   59.8068/0.00

sysbench 1.0.11 (using system LuaJIT 2.1.0-beta3)

Running the test with following options:
Number of threads: 1
Initializing random number generator from current time


Extra file open flags: 0
128 files, 800KiB each
100MiB total file size
Block size 16KiB
Number of IO requests: 0
Read/Write ratio for combined random IO test: 1.50
Periodic FSYNC enabled, calling fsync() each 100 requests.
Calling fsync() at the end of test, Enabled.
Using synchronous I/O mode
Doing random r/w test
Initializing worker threads...

Threads started!


File operations:
    reads/s:                      201.98
    writes/s:                     134.65
    fsyncs/s:                     430.39

Throughput:
    read, MiB/s:                  3.16
    written, MiB/s:               2.10

General statistics:
    total time:                          60.0043s
    total number of events:              46026

Latency (ms):
         min:                                  0.00
         avg:                                  1.30
         max:                                 38.16
         95th percentile:                      5.47
         sum:                              59832.13

Threads fairness:
    events (avg/stddev):           46026.0000/0.00
    execution time (avg/stddev):   59.8321/0.00

sysbench 1.0.11 (using system LuaJIT 2.1.0-beta3)

Running the test with following options:
Number of threads: 1
Initializing random number generator from current time


Extra file open flags: 0
128 files, 800KiB each
100MiB total file size
Block size 16KiB
Number of IO requests: 0
Read/Write ratio for combined random IO test: 1.50
Periodic FSYNC enabled, calling fsync() each 100 requests.
Calling fsync() at the end of test, Enabled.
Using synchronous I/O mode
Doing random r/w test
Initializing worker threads...

Threads started!


File operations:
    reads/s:                      200.97
    writes/s:                     133.98
    fsyncs/s:                     428.63

Throughput:
    read, MiB/s:                  3.14
    written, MiB/s:               2.09

General statistics:
    total time:                          60.0072s
    total number of events:              45822

Latency (ms):
         min:                                  0.00
         avg:                                  1.31
         max:                                 94.28
         95th percentile:                      5.57
         sum:                              59806.14

Threads fairness:
    events (avg/stddev):           45822.0000/0.00
    execution time (avg/stddev):   59.8061/0.00

sysbench 1.0.11 (using system LuaJIT 2.1.0-beta3)

Running the test with following options:
Number of threads: 1
Initializing random number generator from current time


Extra file open flags: 0
128 files, 800KiB each
100MiB total file size
Block size 16KiB
Number of IO requests: 0
Read/Write ratio for combined random IO test: 1.50
Periodic FSYNC enabled, calling fsync() each 100 requests.
Calling fsync() at the end of test, Enabled.
Using synchronous I/O mode
Doing random r/w test
Initializing worker threads...

Threads started!


File operations:
    reads/s:                      198.92
    writes/s:                     132.62
    fsyncs/s:                     423.24

Throughput:
    read, MiB/s:                  3.11
    written, MiB/s:               2.07

General statistics:
    total time:                          60.0164s
    total number of events:              45304

Latency (ms):
         min:                                  0.00
         avg:                                  1.32
         max:                                 48.10
         95th percentile:                      5.37
         sum:                              59890.54

Threads fairness:
    events (avg/stddev):           45304.0000/0.00
    execution time (avg/stddev):   59.8905/0.00

sysbench 1.0.11 (using system LuaJIT 2.1.0-beta3)

Running the test with following options:
Number of threads: 1
Initializing random number generator from current time


Extra file open flags: 0
128 files, 800KiB each
100MiB total file size
Block size 16KiB
Number of IO requests: 0
Read/Write ratio for combined random IO test: 1.50
Periodic FSYNC enabled, calling fsync() each 100 requests.
Calling fsync() at the end of test, Enabled.
Using synchronous I/O mode
Doing random r/w test
Initializing worker threads...

Threads started!


File operations:
    reads/s:                      197.97
    writes/s:                     131.98
    fsyncs/s:                     420.37

Throughput:
    read, MiB/s:                  3.09
    written, MiB/s:               2.06

General statistics:
    total time:                          60.0060s
    total number of events:              45026

Latency (ms):
         min:                                  0.00
         avg:                                  1.33
         max:                                166.83
         95th percentile:                      5.77
         sum:                              59848.79

Threads fairness:
    events (avg/stddev):           45026.0000/0.00
    execution time (avg/stddev):   59.8488/0.00

sysbench 1.0.11 (using system LuaJIT 2.1.0-beta3)

Running the test with following options:
Number of threads: 1
Initializing random number generator from current time


Extra file open flags: 0
128 files, 800KiB each
100MiB total file size
Block size 16KiB
Number of IO requests: 0
Read/Write ratio for combined random IO test: 1.50
Periodic FSYNC enabled, calling fsync() each 100 requests.
Calling fsync() at the end of test, Enabled.
Using synchronous I/O mode
Doing random r/w test
Initializing worker threads...

Threads started!


File operations:
    reads/s:                      182.99
    writes/s:                     121.99
    fsyncs/s:                     388.64

Throughput:
    read, MiB/s:                  2.86
    written, MiB/s:               1.91

General statistics:
    total time:                          60.0009s
    total number of events:              41620

Latency (ms):
         min:                                  0.00
         avg:                                  1.44
         max:                                135.05
         95th percentile:                      6.79
         sum:                              59799.73

Threads fairness:
    events (avg/stddev):           41620.0000/0.00
    execution time (avg/stddev):   59.7997/0.00

sysbench 1.0.11 (using system LuaJIT 2.1.0-beta3)

Running the test with following options:
Number of threads: 1
Initializing random number generator from current time


Extra file open flags: 0
128 files, 800KiB each
100MiB total file size
Block size 16KiB
Number of IO requests: 0
Read/Write ratio for combined random IO test: 1.50
Periodic FSYNC enabled, calling fsync() each 100 requests.
Calling fsync() at the end of test, Enabled.
Using synchronous I/O mode
Doing random r/w test
Initializing worker threads...

Threads started!


File operations:
    reads/s:                      202.97
    writes/s:                     135.31
    fsyncs/s:                     432.88

Throughput:
    read, MiB/s:                  3.17
    written, MiB/s:               2.11

General statistics:
    total time:                          60.0067s
    total number of events:              46277

Latency (ms):
         min:                                  0.00
         avg:                                  1.29
         max:                                 45.84
         95th percentile:                      5.47
         sum:                              59863.94

Threads fairness:
    events (avg/stddev):           46277.0000/0.00
    execution time (avg/stddev):   59.8639/0.00

sysbench 1.0.11 (using system LuaJIT 2.1.0-beta3)

Running the test with following options:
Number of threads: 1
Initializing random number generator from current time


Extra file open flags: 0
128 files, 800KiB each
100MiB total file size
Block size 16KiB
Number of IO requests: 0
Read/Write ratio for combined random IO test: 1.50
Periodic FSYNC enabled, calling fsync() each 100 requests.
Calling fsync() at the end of test, Enabled.
Using synchronous I/O mode
Doing random r/w test
Initializing worker threads...

Threads started!


File operations:
    reads/s:                      200.98
    writes/s:                     133.98
    fsyncs/s:                     427.98

Throughput:
    read, MiB/s:                  3.14
    written, MiB/s:               2.09

General statistics:
    total time:                          60.0054s
    total number of events:              45782

Latency (ms):
         min:                                  0.00
         avg:                                  1.31
         max:                                 59.94
         95th percentile:                      5.99
         sum:                              59852.50

Threads fairness:
    events (avg/stddev):           45782.0000/0.00
    execution time (avg/stddev):   59.8525/0.00

sysbench 1.0.11 (using system LuaJIT 2.1.0-beta3)

Running the test with following options:
Number of threads: 1
Initializing random number generator from current time


Extra file open flags: 0
128 files, 800KiB each
100MiB total file size
Block size 16KiB
Number of IO requests: 0
Read/Write ratio for combined random IO test: 1.50
Periodic FSYNC enabled, calling fsync() each 100 requests.
Calling fsync() at the end of test, Enabled.
Using synchronous I/O mode
Doing random r/w test
Initializing worker threads...

Threads started!


File operations:
    reads/s:                      201.97
    writes/s:                     134.65
    fsyncs/s:                     429.55

Throughput:
    read, MiB/s:                  3.16
    written, MiB/s:               2.10

General statistics:
    total time:                          60.0055s
    total number of events:              45977

Latency (ms):
         min:                                  0.00
         avg:                                  1.30
         max:                                107.51
         95th percentile:                      5.67
         sum:                              59830.48

Threads fairness:
    events (avg/stddev):           45977.0000/0.00
    execution time (avg/stddev):   59.8305/0.00

sysbench 1.0.11 (using system LuaJIT 2.1.0-beta3)

Running the test with following options:
Number of threads: 1
Initializing random number generator from current time


Extra file open flags: 0
128 files, 800KiB each
100MiB total file size
Block size 16KiB
Number of IO requests: 0
Read/Write ratio for combined random IO test: 1.50
Periodic FSYNC enabled, calling fsync() each 100 requests.
Calling fsync() at the end of test, Enabled.
Using synchronous I/O mode
Doing random r/w test
Initializing worker threads...

Threads started!


File operations:
    reads/s:                      200.96
    writes/s:                     133.98
    fsyncs/s:                     428.60

Throughput:
    read, MiB/s:                  3.14
    written, MiB/s:               2.09

General statistics:
    total time:                          60.0080s
    total number of events:              45821

Latency (ms):
         min:                                  0.00
         avg:                                  1.31
         max:                                 58.75
         95th percentile:                      5.67
         sum:                              59830.28

Threads fairness:
    events (avg/stddev):           45821.0000/0.00
    execution time (avg/stddev):   59.8303/0.00

sysbench 1.0.11 (using system LuaJIT 2.1.0-beta3)

Running the test with following options:
Number of threads: 1
Initializing random number generator from current time


Extra file open flags: 0
128 files, 800KiB each
100MiB total file size
Block size 16KiB
Number of IO requests: 0
Read/Write ratio for combined random IO test: 1.50
Periodic FSYNC enabled, calling fsync() each 100 requests.
Calling fsync() at the end of test, Enabled.
Using synchronous I/O mode
Doing random r/w test
Initializing worker threads...

Threads started!


File operations:
    reads/s:                      200.99
    writes/s:                     133.99
    fsyncs/s:                     428.51

Throughput:
    read, MiB/s:                  3.14
    written, MiB/s:               2.09

General statistics:
    total time:                          60.0008s
    total number of events:              45812

Latency (ms):
         min:                                  0.00
         avg:                                  1.31
         max:                                104.02
         95th percentile:                      5.77
         sum:                              59819.06

Threads fairness:
    events (avg/stddev):           45812.0000/0.00
    execution time (avg/stddev):   59.8191/0.00

sysbench 1.0.11 (using system LuaJIT 2.1.0-beta3)

Running the test with following options:
Number of threads: 1
Initializing random number generator from current time


Extra file open flags: 0
128 files, 800KiB each
100MiB total file size
Block size 16KiB
Number of IO requests: 0
Read/Write ratio for combined random IO test: 1.50
Periodic FSYNC enabled, calling fsync() each 100 requests.
Calling fsync() at the end of test, Enabled.
Using synchronous I/O mode
Doing random r/w test
Initializing worker threads...

Threads started!


File operations:
    reads/s:                      202.98
    writes/s:                     135.32
    fsyncs/s:                     432.15

Throughput:
    read, MiB/s:                  3.17
    written, MiB/s:               2.11

General statistics:
    total time:                          60.0018s
    total number of events:              46231

Latency (ms):
         min:                                  0.00
         avg:                                  1.29
         max:                                101.85
         95th percentile:                      5.37
         sum:                              59815.98

Threads fairness:
    events (avg/stddev):           46231.0000/0.00
    execution time (avg/stddev):   59.8160/0.00

sysbench 1.0.11 (using system LuaJIT 2.1.0-beta3)

Running the test with following options:
Number of threads: 1
Initializing random number generator from current time


Extra file open flags: 0
128 files, 800KiB each
100MiB total file size
Block size 16KiB
Number of IO requests: 0
Read/Write ratio for combined random IO test: 1.50
Periodic FSYNC enabled, calling fsync() each 100 requests.
Calling fsync() at the end of test, Enabled.
Using synchronous I/O mode
Doing random r/w test
Initializing worker threads...

Threads started!


File operations:
    reads/s:                      203.99
    writes/s:                     135.99
    fsyncs/s:                     434.46

Throughput:
    read, MiB/s:                  3.19
    written, MiB/s:               2.12

General statistics:
    total time:                          60.0012s
    total number of events:              46469

Latency (ms):
         min:                                  0.00
         avg:                                  1.29
         max:                                102.72
         95th percentile:                      5.18
         sum:                              59792.81

Threads fairness:
    events (avg/stddev):           46469.0000/0.00
    execution time (avg/stddev):   59.7928/0.00

sysbench 1.0.11 (using system LuaJIT 2.1.0-beta3)

Running the test with following options:
Number of threads: 1
Initializing random number generator from current time


Extra file open flags: 0
128 files, 800KiB each
100MiB total file size
Block size 16KiB
Number of IO requests: 0
Read/Write ratio for combined random IO test: 1.50
Periodic FSYNC enabled, calling fsync() each 100 requests.
Calling fsync() at the end of test, Enabled.
Using synchronous I/O mode
Doing random r/w test
Initializing worker threads...

Threads started!


File operations:
    reads/s:                      200.98
    writes/s:                     133.99
    fsyncs/s:                     428.37

Throughput:
    read, MiB/s:                  3.14
    written, MiB/s:               2.09

General statistics:
    total time:                          60.0049s
    total number of events:              45805

Latency (ms):
         min:                                  0.00
         avg:                                  1.31
         max:                                102.68
         95th percentile:                      5.88
         sum:                              59822.78

Threads fairness:
    events (avg/stddev):           45805.0000/0.00
    execution time (avg/stddev):   59.8228/0.00

sysbench 1.0.11 (using system LuaJIT 2.1.0-beta3)

Running the test with following options:
Number of threads: 1
Initializing random number generator from current time


Extra file open flags: 0
128 files, 800KiB each
100MiB total file size
Block size 16KiB
Number of IO requests: 0
Read/Write ratio for combined random IO test: 1.50
Periodic FSYNC enabled, calling fsync() each 100 requests.
Calling fsync() at the end of test, Enabled.
Using synchronous I/O mode
Doing random r/w test
Initializing worker threads...

Threads started!


File operations:
    reads/s:                      201.98
    writes/s:                     134.65
    fsyncs/s:                     429.09

Throughput:
    read, MiB/s:                  3.16
    written, MiB/s:               2.10

General statistics:
    total time:                          60.0038s
    total number of events:              45948

Latency (ms):
         min:                                  0.00
         avg:                                  1.30
         max:                                 74.08
         95th percentile:                      5.67
         sum:                              59827.55

Threads fairness:
    events (avg/stddev):           45948.0000/0.00
    execution time (avg/stddev):   59.8275/0.00

sysbench 1.0.11 (using system LuaJIT 2.1.0-beta3)

Running the test with following options:
Number of threads: 1
Initializing random number generator from current time


Extra file open flags: 0
128 files, 800KiB each
100MiB total file size
Block size 16KiB
Number of IO requests: 0
Read/Write ratio for combined random IO test: 1.50
Periodic FSYNC enabled, calling fsync() each 100 requests.
Calling fsync() at the end of test, Enabled.
Using synchronous I/O mode
Doing random r/w test
Initializing worker threads...

Threads started!


File operations:
    reads/s:                      202.98
    writes/s:                     135.32
    fsyncs/s:                     431.70

Throughput:
    read, MiB/s:                  3.17
    written, MiB/s:               2.11

General statistics:
    total time:                          60.0040s
    total number of events:              46205

Latency (ms):
         min:                                  0.00
         avg:                                  1.29
         max:                                 59.69
         95th percentile:                      5.47
         sum:                              59830.03

Threads fairness:
    events (avg/stddev):           46205.0000/0.00
    execution time (avg/stddev):   59.8300/0.00

sysbench 1.0.11 (using system LuaJIT 2.1.0-beta3)

Running the test with following options:
Number of threads: 1
Initializing random number generator from current time


Extra file open flags: 0
128 files, 800KiB each
100MiB total file size
Block size 16KiB
Number of IO requests: 0
Read/Write ratio for combined random IO test: 1.50
Periodic FSYNC enabled, calling fsync() each 100 requests.
Calling fsync() at the end of test, Enabled.
Using synchronous I/O mode
Doing random r/w test
Initializing worker threads...

Threads started!


File operations:
    reads/s:                      201.97
    writes/s:                     134.65
    fsyncs/s:                     429.99

Throughput:
    read, MiB/s:                  3.16
    written, MiB/s:               2.10

General statistics:
    total time:                          60.0054s
    total number of events:              46003

Latency (ms):
         min:                                  0.00
         avg:                                  1.30
         max:                                 46.80
         95th percentile:                      5.67
         sum:                              59847.64

Threads fairness:
    events (avg/stddev):           46003.0000/0.00
    execution time (avg/stddev):   59.8476/0.00

sysbench 1.0.11 (using system LuaJIT 2.1.0-beta3)

Running the test with following options:
Number of threads: 1
Initializing random number generator from current time


Extra file open flags: 0
128 files, 800KiB each
100MiB total file size
Block size 16KiB
Number of IO requests: 0
Read/Write ratio for combined random IO test: 1.50
Periodic FSYNC enabled, calling fsync() each 100 requests.
Calling fsync() at the end of test, Enabled.
Using synchronous I/O mode
Doing random r/w test
Initializing worker threads...

Threads started!


File operations:
    reads/s:                      199.98
    writes/s:                     133.32
    fsyncs/s:                     426.02

Throughput:
    read, MiB/s:                  3.12
    written, MiB/s:               2.08

General statistics:
    total time:                          60.0041s
    total number of events:              45564

Latency (ms):
         min:                                  0.00
         avg:                                  1.31
         max:                                 59.75
         95th percentile:                      6.09
         sum:                              59858.06

Threads fairness:
    events (avg/stddev):           45564.0000/0.00
    execution time (avg/stddev):   59.8581/0.00

