sysbench 1.0.11 (using system LuaJIT 2.1.0-beta3)

Running the test with following options:
Number of threads: 1
Initializing random number generator from current time


Extra file open flags: 0
128 files, 800KiB each
100MiB total file size
Block size 16KiB
Number of IO requests: 0
Read/Write ratio for combined random IO test: 1.50
Periodic FSYNC enabled, calling fsync() each 100 requests.
Calling fsync() at the end of test, Enabled.
Using synchronous I/O mode
Doing random r/w test
Initializing worker threads...

Threads started!


File operations:
    reads/s:                      201.97
    writes/s:                     134.65
    fsyncs/s:                     429.00

Throughput:
    read, MiB/s:                  3.16
    written, MiB/s:               2.10

General statistics:
    total time:                          60.0066s
    total number of events:              45944

Latency (ms):
         min:                                  0.00
         avg:                                  1.30
         max:                                 51.61
         95th percentile:                      5.67
         sum:                              59826.26

Threads fairness:
    events (avg/stddev):           45944.0000/0.00
    execution time (avg/stddev):   59.8263/0.00

sysbench 1.0.11 (using system LuaJIT 2.1.0-beta3)

Running the test with following options:
Number of threads: 1
Initializing random number generator from current time


Extra file open flags: 0
128 files, 800KiB each
100MiB total file size
Block size 16KiB
Number of IO requests: 0
Read/Write ratio for combined random IO test: 1.50
Periodic FSYNC enabled, calling fsync() each 100 requests.
Calling fsync() at the end of test, Enabled.
Using synchronous I/O mode
Doing random r/w test
Initializing worker threads...

Threads started!


File operations:
    reads/s:                      201.99
    writes/s:                     134.66
    fsyncs/s:                     428.90

Throughput:
    read, MiB/s:                  3.16
    written, MiB/s:               2.10

General statistics:
    total time:                          60.0011s
    total number of events:              45935

Latency (ms):
         min:                                  0.00
         avg:                                  1.30
         max:                                 48.16
         95th percentile:                      5.67
         sum:                              59854.94

Threads fairness:
    events (avg/stddev):           45935.0000/0.00
    execution time (avg/stddev):   59.8549/0.00

sysbench 1.0.11 (using system LuaJIT 2.1.0-beta3)

Running the test with following options:
Number of threads: 1
Initializing random number generator from current time


Extra file open flags: 0
128 files, 800KiB each
100MiB total file size
Block size 16KiB
Number of IO requests: 0
Read/Write ratio for combined random IO test: 1.50
Periodic FSYNC enabled, calling fsync() each 100 requests.
Calling fsync() at the end of test, Enabled.
Using synchronous I/O mode
Doing random r/w test
Initializing worker threads...

Threads started!


File operations:
    reads/s:                      201.99
    writes/s:                     134.66
    fsyncs/s:                     429.78

Throughput:
    read, MiB/s:                  3.16
    written, MiB/s:               2.10

General statistics:
    total time:                          60.0003s
    total number of events:              45988

Latency (ms):
         min:                                  0.00
         avg:                                  1.30
         max:                                 91.02
         95th percentile:                      5.77
         sum:                              59827.49

Threads fairness:
    events (avg/stddev):           45988.0000/0.00
    execution time (avg/stddev):   59.8275/0.00

sysbench 1.0.11 (using system LuaJIT 2.1.0-beta3)

Running the test with following options:
Number of threads: 1
Initializing random number generator from current time


Extra file open flags: 0
128 files, 800KiB each
100MiB total file size
Block size 16KiB
Number of IO requests: 0
Read/Write ratio for combined random IO test: 1.50
Periodic FSYNC enabled, calling fsync() each 100 requests.
Calling fsync() at the end of test, Enabled.
Using synchronous I/O mode
Doing random r/w test
Initializing worker threads...

Threads started!


File operations:
    reads/s:                      201.99
    writes/s:                     134.66
    fsyncs/s:                     430.75

Throughput:
    read, MiB/s:                  3.16
    written, MiB/s:               2.10

General statistics:
    total time:                          60.0012s
    total number of events:              46046

Latency (ms):
         min:                                  0.00
         avg:                                  1.30
         max:                                 99.97
         95th percentile:                      5.57
         sum:                              59830.42

Threads fairness:
    events (avg/stddev):           46046.0000/0.00
    execution time (avg/stddev):   59.8304/0.00

sysbench 1.0.11 (using system LuaJIT 2.1.0-beta3)

Running the test with following options:
Number of threads: 1
Initializing random number generator from current time


Extra file open flags: 0
128 files, 800KiB each
100MiB total file size
Block size 16KiB
Number of IO requests: 0
Read/Write ratio for combined random IO test: 1.50
Periodic FSYNC enabled, calling fsync() each 100 requests.
Calling fsync() at the end of test, Enabled.
Using synchronous I/O mode
Doing random r/w test
Initializing worker threads...

Threads started!


File operations:
    reads/s:                      200.98
    writes/s:                     133.99
    fsyncs/s:                     426.90

Throughput:
    read, MiB/s:                  3.14
    written, MiB/s:               2.09

General statistics:
    total time:                          60.0018s
    total number of events:              45716

Latency (ms):
         min:                                  0.00
         avg:                                  1.31
         max:                                 57.32
         95th percentile:                      5.88
         sum:                              59807.23

Threads fairness:
    events (avg/stddev):           45716.0000/0.00
    execution time (avg/stddev):   59.8072/0.00

sysbench 1.0.11 (using system LuaJIT 2.1.0-beta3)

Running the test with following options:
Number of threads: 1
Initializing random number generator from current time


Extra file open flags: 0
128 files, 800KiB each
100MiB total file size
Block size 16KiB
Number of IO requests: 0
Read/Write ratio for combined random IO test: 1.50
Periodic FSYNC enabled, calling fsync() each 100 requests.
Calling fsync() at the end of test, Enabled.
Using synchronous I/O mode
Doing random r/w test
Initializing worker threads...

Threads started!


File operations:
    reads/s:                      202.98
    writes/s:                     135.32
    fsyncs/s:                     431.05

Throughput:
    read, MiB/s:                  3.17
    written, MiB/s:               2.11

General statistics:
    total time:                          60.0021s
    total number of events:              46165

Latency (ms):
         min:                                  0.00
         avg:                                  1.30
         max:                                 74.54
         95th percentile:                      5.47
         sum:                              59841.13

Threads fairness:
    events (avg/stddev):           46165.0000/0.00
    execution time (avg/stddev):   59.8411/0.00

sysbench 1.0.11 (using system LuaJIT 2.1.0-beta3)

Running the test with following options:
Number of threads: 1
Initializing random number generator from current time


Extra file open flags: 0
128 files, 800KiB each
100MiB total file size
Block size 16KiB
Number of IO requests: 0
Read/Write ratio for combined random IO test: 1.50
Periodic FSYNC enabled, calling fsync() each 100 requests.
Calling fsync() at the end of test, Enabled.
Using synchronous I/O mode
Doing random r/w test
Initializing worker threads...

Threads started!


File operations:
    reads/s:                      200.99
    writes/s:                     133.99
    fsyncs/s:                     428.00

Throughput:
    read, MiB/s:                  3.14
    written, MiB/s:               2.09

General statistics:
    total time:                          60.0004s
    total number of events:              45781

Latency (ms):
         min:                                  0.00
         avg:                                  1.31
         max:                                 54.90
         95th percentile:                      5.67
         sum:                              59849.51

Threads fairness:
    events (avg/stddev):           45781.0000/0.00
    execution time (avg/stddev):   59.8495/0.00

sysbench 1.0.11 (using system LuaJIT 2.1.0-beta3)

Running the test with following options:
Number of threads: 1
Initializing random number generator from current time


Extra file open flags: 0
128 files, 800KiB each
100MiB total file size
Block size 16KiB
Number of IO requests: 0
Read/Write ratio for combined random IO test: 1.50
Periodic FSYNC enabled, calling fsync() each 100 requests.
Calling fsync() at the end of test, Enabled.
Using synchronous I/O mode
Doing random r/w test
Initializing worker threads...

Threads started!


File operations:
    reads/s:                      200.99
    writes/s:                     133.99
    fsyncs/s:                     427.62

Throughput:
    read, MiB/s:                  3.14
    written, MiB/s:               2.09

General statistics:
    total time:                          60.0015s
    total number of events:              45759

Latency (ms):
         min:                                  0.00
         avg:                                  1.31
         max:                                 99.81
         95th percentile:                      6.09
         sum:                              59850.19

Threads fairness:
    events (avg/stddev):           45759.0000/0.00
    execution time (avg/stddev):   59.8502/0.00

sysbench 1.0.11 (using system LuaJIT 2.1.0-beta3)

Running the test with following options:
Number of threads: 1
Initializing random number generator from current time


Extra file open flags: 0
128 files, 800KiB each
100MiB total file size
Block size 16KiB
Number of IO requests: 0
Read/Write ratio for combined random IO test: 1.50
Periodic FSYNC enabled, calling fsync() each 100 requests.
Calling fsync() at the end of test, Enabled.
Using synchronous I/O mode
Doing random r/w test
Initializing worker threads...

Threads started!


File operations:
    reads/s:                      202.98
    writes/s:                     135.32
    fsyncs/s:                     431.33

Throughput:
    read, MiB/s:                  3.17
    written, MiB/s:               2.11

General statistics:
    total time:                          60.0014s
    total number of events:              46182

Latency (ms):
         min:                                  0.00
         avg:                                  1.30
         max:                                 69.00
         95th percentile:                      5.47
         sum:                              59837.93

Threads fairness:
    events (avg/stddev):           46182.0000/0.00
    execution time (avg/stddev):   59.8379/0.00

sysbench 1.0.11 (using system LuaJIT 2.1.0-beta3)

Running the test with following options:
Number of threads: 1
Initializing random number generator from current time


Extra file open flags: 0
128 files, 800KiB each
100MiB total file size
Block size 16KiB
Number of IO requests: 0
Read/Write ratio for combined random IO test: 1.50
Periodic FSYNC enabled, calling fsync() each 100 requests.
Calling fsync() at the end of test, Enabled.
Using synchronous I/O mode
Doing random r/w test
Initializing worker threads...

Threads started!


File operations:
    reads/s:                      202.97
    writes/s:                     135.31
    fsyncs/s:                     432.99

Throughput:
    read, MiB/s:                  3.17
    written, MiB/s:               2.11

General statistics:
    total time:                          60.0019s
    total number of events:              46284

Latency (ms):
         min:                                  0.00
         avg:                                  1.29
         max:                                101.26
         95th percentile:                      5.28
         sum:                              59837.20

Threads fairness:
    events (avg/stddev):           46284.0000/0.00
    execution time (avg/stddev):   59.8372/0.00

sysbench 1.0.11 (using system LuaJIT 2.1.0-beta3)

Running the test with following options:
Number of threads: 1
Initializing random number generator from current time


Extra file open flags: 0
128 files, 800KiB each
100MiB total file size
Block size 16KiB
Number of IO requests: 0
Read/Write ratio for combined random IO test: 1.50
Periodic FSYNC enabled, calling fsync() each 100 requests.
Calling fsync() at the end of test, Enabled.
Using synchronous I/O mode
Doing random r/w test
Initializing worker threads...

Threads started!


File operations:
    reads/s:                      201.99
    writes/s:                     134.66
    fsyncs/s:                     429.84

Throughput:
    read, MiB/s:                  3.16
    written, MiB/s:               2.10

General statistics:
    total time:                          60.0016s
    total number of events:              45992

Latency (ms):
         min:                                  0.00
         avg:                                  1.30
         max:                                 76.05
         95th percentile:                      5.88
         sum:                              59802.82

Threads fairness:
    events (avg/stddev):           45992.0000/0.00
    execution time (avg/stddev):   59.8028/0.00

sysbench 1.0.11 (using system LuaJIT 2.1.0-beta3)

Running the test with following options:
Number of threads: 1
Initializing random number generator from current time


Extra file open flags: 0
128 files, 800KiB each
100MiB total file size
Block size 16KiB
Number of IO requests: 0
Read/Write ratio for combined random IO test: 1.50
Periodic FSYNC enabled, calling fsync() each 100 requests.
Calling fsync() at the end of test, Enabled.
Using synchronous I/O mode
Doing random r/w test
Initializing worker threads...

Threads started!


File operations:
    reads/s:                      200.99
    writes/s:                     134.00
    fsyncs/s:                     427.52

Throughput:
    read, MiB/s:                  3.14
    written, MiB/s:               2.09

General statistics:
    total time:                          60.0001s
    total number of events:              45752

Latency (ms):
         min:                                  0.00
         avg:                                  1.31
         max:                                 91.62
         95th percentile:                      5.88
         sum:                              59793.07

Threads fairness:
    events (avg/stddev):           45752.0000/0.00
    execution time (avg/stddev):   59.7931/0.00

sysbench 1.0.11 (using system LuaJIT 2.1.0-beta3)

Running the test with following options:
Number of threads: 1
Initializing random number generator from current time


Extra file open flags: 0
128 files, 800KiB each
100MiB total file size
Block size 16KiB
Number of IO requests: 0
Read/Write ratio for combined random IO test: 1.50
Periodic FSYNC enabled, calling fsync() each 100 requests.
Calling fsync() at the end of test, Enabled.
Using synchronous I/O mode
Doing random r/w test
Initializing worker threads...

Threads started!


File operations:
    reads/s:                      200.98
    writes/s:                     133.99
    fsyncs/s:                     426.93

Throughput:
    read, MiB/s:                  3.14
    written, MiB/s:               2.09

General statistics:
    total time:                          60.0033s
    total number of events:              45718

Latency (ms):
         min:                                  0.00
         avg:                                  1.31
         max:                                 61.42
         95th percentile:                      5.88
         sum:                              59801.10

Threads fairness:
    events (avg/stddev):           45718.0000/0.00
    execution time (avg/stddev):   59.8011/0.00

sysbench 1.0.11 (using system LuaJIT 2.1.0-beta3)

Running the test with following options:
Number of threads: 1
Initializing random number generator from current time


Extra file open flags: 0
128 files, 800KiB each
100MiB total file size
Block size 16KiB
Number of IO requests: 0
Read/Write ratio for combined random IO test: 1.50
Periodic FSYNC enabled, calling fsync() each 100 requests.
Calling fsync() at the end of test, Enabled.
Using synchronous I/O mode
Doing random r/w test
Initializing worker threads...

Threads started!


File operations:
    reads/s:                      202.99
    writes/s:                     135.33
    fsyncs/s:                     432.48

Throughput:
    read, MiB/s:                  3.17
    written, MiB/s:               2.11

General statistics:
    total time:                          60.0009s
    total number of events:              46250

Latency (ms):
         min:                                  0.00
         avg:                                  1.29
         max:                                 37.50
         95th percentile:                      5.37
         sum:                              59830.39

Threads fairness:
    events (avg/stddev):           46250.0000/0.00
    execution time (avg/stddev):   59.8304/0.00

sysbench 1.0.11 (using system LuaJIT 2.1.0-beta3)

Running the test with following options:
Number of threads: 1
Initializing random number generator from current time


Extra file open flags: 0
128 files, 800KiB each
100MiB total file size
Block size 16KiB
Number of IO requests: 0
Read/Write ratio for combined random IO test: 1.50
Periodic FSYNC enabled, calling fsync() each 100 requests.
Calling fsync() at the end of test, Enabled.
Using synchronous I/O mode
Doing random r/w test
Initializing worker threads...

Threads started!


File operations:
    reads/s:                      201.98
    writes/s:                     134.66
    fsyncs/s:                     430.12

Throughput:
    read, MiB/s:                  3.16
    written, MiB/s:               2.10

General statistics:
    total time:                          60.0021s
    total number of events:              46009

Latency (ms):
         min:                                  0.00
         avg:                                  1.30
         max:                                 78.24
         95th percentile:                      5.57
         sum:                              59799.26

Threads fairness:
    events (avg/stddev):           46009.0000/0.00
    execution time (avg/stddev):   59.7993/0.00

sysbench 1.0.11 (using system LuaJIT 2.1.0-beta3)

Running the test with following options:
Number of threads: 1
Initializing random number generator from current time


Extra file open flags: 0
128 files, 800KiB each
100MiB total file size
Block size 16KiB
Number of IO requests: 0
Read/Write ratio for combined random IO test: 1.50
Periodic FSYNC enabled, calling fsync() each 100 requests.
Calling fsync() at the end of test, Enabled.
Using synchronous I/O mode
Doing random r/w test
Initializing worker threads...

Threads started!


File operations:
    reads/s:                      198.96
    writes/s:                     132.64
    fsyncs/s:                     422.83

Throughput:
    read, MiB/s:                  3.11
    written, MiB/s:               2.07

General statistics:
    total time:                          60.0081s
    total number of events:              45274

Latency (ms):
         min:                                  0.00
         avg:                                  1.32
         max:                                 58.51
         95th percentile:                      5.57
         sum:                              59818.08

Threads fairness:
    events (avg/stddev):           45274.0000/0.00
    execution time (avg/stddev):   59.8181/0.00

sysbench 1.0.11 (using system LuaJIT 2.1.0-beta3)

Running the test with following options:
Number of threads: 1
Initializing random number generator from current time


Extra file open flags: 0
128 files, 800KiB each
100MiB total file size
Block size 16KiB
Number of IO requests: 0
Read/Write ratio for combined random IO test: 1.50
Periodic FSYNC enabled, calling fsync() each 100 requests.
Calling fsync() at the end of test, Enabled.
Using synchronous I/O mode
Doing random r/w test
Initializing worker threads...

Threads started!


File operations:
    reads/s:                      196.99
    writes/s:                     131.33
    fsyncs/s:                     419.18

Throughput:
    read, MiB/s:                  3.08
    written, MiB/s:               2.05

General statistics:
    total time:                          60.0003s
    total number of events:              44852

Latency (ms):
         min:                                  0.00
         avg:                                  1.33
         max:                                168.22
         95th percentile:                      6.09
         sum:                              59796.61

Threads fairness:
    events (avg/stddev):           44852.0000/0.00
    execution time (avg/stddev):   59.7966/0.00

sysbench 1.0.11 (using system LuaJIT 2.1.0-beta3)

Running the test with following options:
Number of threads: 1
Initializing random number generator from current time


Extra file open flags: 0
128 files, 800KiB each
100MiB total file size
Block size 16KiB
Number of IO requests: 0
Read/Write ratio for combined random IO test: 1.50
Periodic FSYNC enabled, calling fsync() each 100 requests.
Calling fsync() at the end of test, Enabled.
Using synchronous I/O mode
Doing random r/w test
Initializing worker threads...

Threads started!


File operations:
    reads/s:                      174.98
    writes/s:                     116.66
    fsyncs/s:                     371.65

Throughput:
    read, MiB/s:                  2.73
    written, MiB/s:               1.82

General statistics:
    total time:                          60.0039s
    total number of events:              39801

Latency (ms):
         min:                                  0.00
         avg:                                  1.50
         max:                                206.90
         95th percentile:                      6.67
         sum:                              59838.87

Threads fairness:
    events (avg/stddev):           39801.0000/0.00
    execution time (avg/stddev):   59.8389/0.00

sysbench 1.0.11 (using system LuaJIT 2.1.0-beta3)

Running the test with following options:
Number of threads: 1
Initializing random number generator from current time


Extra file open flags: 0
128 files, 800KiB each
100MiB total file size
Block size 16KiB
Number of IO requests: 0
Read/Write ratio for combined random IO test: 1.50
Periodic FSYNC enabled, calling fsync() each 100 requests.
Calling fsync() at the end of test, Enabled.
Using synchronous I/O mode
Doing random r/w test
Initializing worker threads...

Threads started!


File operations:
    reads/s:                      203.98
    writes/s:                     135.99
    fsyncs/s:                     433.61

Throughput:
    read, MiB/s:                  3.19
    written, MiB/s:               2.12

General statistics:
    total time:                          60.0033s
    total number of events:              46419

Latency (ms):
         min:                                  0.00
         avg:                                  1.29
         max:                                 58.35
         95th percentile:                      5.57
         sum:                              59807.53

Threads fairness:
    events (avg/stddev):           46419.0000/0.00
    execution time (avg/stddev):   59.8075/0.00

sysbench 1.0.11 (using system LuaJIT 2.1.0-beta3)

Running the test with following options:
Number of threads: 1
Initializing random number generator from current time


Extra file open flags: 0
128 files, 800KiB each
100MiB total file size
Block size 16KiB
Number of IO requests: 0
Read/Write ratio for combined random IO test: 1.50
Periodic FSYNC enabled, calling fsync() each 100 requests.
Calling fsync() at the end of test, Enabled.
Using synchronous I/O mode
Doing random r/w test
Initializing worker threads...

Threads started!


File operations:
    reads/s:                      201.99
    writes/s:                     134.66
    fsyncs/s:                     429.83

Throughput:
    read, MiB/s:                  3.16
    written, MiB/s:               2.10

General statistics:
    total time:                          60.0002s
    total number of events:              45991

Latency (ms):
         min:                                  0.00
         avg:                                  1.30
         max:                                 63.15
         95th percentile:                      6.09
         sum:                              59848.26

Threads fairness:
    events (avg/stddev):           45991.0000/0.00
    execution time (avg/stddev):   59.8483/0.00

sysbench 1.0.11 (using system LuaJIT 2.1.0-beta3)

Running the test with following options:
Number of threads: 1
Initializing random number generator from current time


Extra file open flags: 0
128 files, 800KiB each
100MiB total file size
Block size 16KiB
Number of IO requests: 0
Read/Write ratio for combined random IO test: 1.50
Periodic FSYNC enabled, calling fsync() each 100 requests.
Calling fsync() at the end of test, Enabled.
Using synchronous I/O mode
Doing random r/w test
Initializing worker threads...

Threads started!


File operations:
    reads/s:                      201.99
    writes/s:                     134.66
    fsyncs/s:                     430.46

Throughput:
    read, MiB/s:                  3.16
    written, MiB/s:               2.10

General statistics:
    total time:                          60.0014s
    total number of events:              46029

Latency (ms):
         min:                                  0.00
         avg:                                  1.30
         max:                                107.64
         95th percentile:                      5.77
         sum:                              59838.65

Threads fairness:
    events (avg/stddev):           46029.0000/0.00
    execution time (avg/stddev):   59.8387/0.00

sysbench 1.0.11 (using system LuaJIT 2.1.0-beta3)

Running the test with following options:
Number of threads: 1
Initializing random number generator from current time


Extra file open flags: 0
128 files, 800KiB each
100MiB total file size
Block size 16KiB
Number of IO requests: 0
Read/Write ratio for combined random IO test: 1.50
Periodic FSYNC enabled, calling fsync() each 100 requests.
Calling fsync() at the end of test, Enabled.
Using synchronous I/O mode
Doing random r/w test
Initializing worker threads...

Threads started!


File operations:
    reads/s:                      202.98
    writes/s:                     135.32
    fsyncs/s:                     431.21

Throughput:
    read, MiB/s:                  3.17
    written, MiB/s:               2.11

General statistics:
    total time:                          60.0039s
    total number of events:              46175

Latency (ms):
         min:                                  0.00
         avg:                                  1.30
         max:                                 58.46
         95th percentile:                      5.67
         sum:                              59816.60

Threads fairness:
    events (avg/stddev):           46175.0000/0.00
    execution time (avg/stddev):   59.8166/0.00

sysbench 1.0.11 (using system LuaJIT 2.1.0-beta3)

Running the test with following options:
Number of threads: 1
Initializing random number generator from current time


Extra file open flags: 0
128 files, 800KiB each
100MiB total file size
Block size 16KiB
Number of IO requests: 0
Read/Write ratio for combined random IO test: 1.50
Periodic FSYNC enabled, calling fsync() each 100 requests.
Calling fsync() at the end of test, Enabled.
Using synchronous I/O mode
Doing random r/w test
Initializing worker threads...

Threads started!


File operations:
    reads/s:                      200.99
    writes/s:                     134.00
    fsyncs/s:                     427.50

Throughput:
    read, MiB/s:                  3.14
    written, MiB/s:               2.09

General statistics:
    total time:                          60.0003s
    total number of events:              45751

Latency (ms):
         min:                                  0.00
         avg:                                  1.31
         max:                                103.99
         95th percentile:                      5.99
         sum:                              59835.02

Threads fairness:
    events (avg/stddev):           45751.0000/0.00
    execution time (avg/stddev):   59.8350/0.00

sysbench 1.0.11 (using system LuaJIT 2.1.0-beta3)

Running the test with following options:
Number of threads: 1
Initializing random number generator from current time


Extra file open flags: 0
128 files, 800KiB each
100MiB total file size
Block size 16KiB
Number of IO requests: 0
Read/Write ratio for combined random IO test: 1.50
Periodic FSYNC enabled, calling fsync() each 100 requests.
Calling fsync() at the end of test, Enabled.
Using synchronous I/O mode
Doing random r/w test
Initializing worker threads...

Threads started!


File operations:
    reads/s:                      203.96
    writes/s:                     135.97
    fsyncs/s:                     433.72

Throughput:
    read, MiB/s:                  3.19
    written, MiB/s:               2.12

General statistics:
    total time:                          60.0100s
    total number of events:              46429

Latency (ms):
         min:                                  0.00
         avg:                                  1.29
         max:                                113.72
         95th percentile:                      5.37
         sum:                              59834.97

Threads fairness:
    events (avg/stddev):           46429.0000/0.00
    execution time (avg/stddev):   59.8350/0.00

sysbench 1.0.11 (using system LuaJIT 2.1.0-beta3)

Running the test with following options:
Number of threads: 1
Initializing random number generator from current time


Extra file open flags: 0
128 files, 800KiB each
100MiB total file size
Block size 16KiB
Number of IO requests: 0
Read/Write ratio for combined random IO test: 1.50
Periodic FSYNC enabled, calling fsync() each 100 requests.
Calling fsync() at the end of test, Enabled.
Using synchronous I/O mode
Doing random r/w test
Initializing worker threads...

Threads started!


File operations:
    reads/s:                      203.98
    writes/s:                     135.99
    fsyncs/s:                     433.06

Throughput:
    read, MiB/s:                  3.19
    written, MiB/s:               2.12

General statistics:
    total time:                          60.0017s
    total number of events:              46386

Latency (ms):
         min:                                  0.00
         avg:                                  1.29
         max:                                103.32
         95th percentile:                      5.47
         sum:                              59808.51

Threads fairness:
    events (avg/stddev):           46386.0000/0.00
    execution time (avg/stddev):   59.8085/0.00

sysbench 1.0.11 (using system LuaJIT 2.1.0-beta3)

Running the test with following options:
Number of threads: 1
Initializing random number generator from current time


Extra file open flags: 0
128 files, 800KiB each
100MiB total file size
Block size 16KiB
Number of IO requests: 0
Read/Write ratio for combined random IO test: 1.50
Periodic FSYNC enabled, calling fsync() each 100 requests.
Calling fsync() at the end of test, Enabled.
Using synchronous I/O mode
Doing random r/w test
Initializing worker threads...

Threads started!


File operations:
    reads/s:                      200.97
    writes/s:                     133.98
    fsyncs/s:                     428.73

Throughput:
    read, MiB/s:                  3.14
    written, MiB/s:               2.09

General statistics:
    total time:                          60.0006s
    total number of events:              45828

Latency (ms):
         min:                                  0.00
         avg:                                  1.30
         max:                                102.48
         95th percentile:                      5.99
         sum:                              59797.10

Threads fairness:
    events (avg/stddev):           45828.0000/0.00
    execution time (avg/stddev):   59.7971/0.00

sysbench 1.0.11 (using system LuaJIT 2.1.0-beta3)

Running the test with following options:
Number of threads: 1
Initializing random number generator from current time


Extra file open flags: 0
128 files, 800KiB each
100MiB total file size
Block size 16KiB
Number of IO requests: 0
Read/Write ratio for combined random IO test: 1.50
Periodic FSYNC enabled, calling fsync() each 100 requests.
Calling fsync() at the end of test, Enabled.
Using synchronous I/O mode
Doing random r/w test
Initializing worker threads...

Threads started!


File operations:
    reads/s:                      201.99
    writes/s:                     134.66
    fsyncs/s:                     430.05

Throughput:
    read, MiB/s:                  3.16
    written, MiB/s:               2.10

General statistics:
    total time:                          60.0021s
    total number of events:              46005

Latency (ms):
         min:                                  0.00
         avg:                                  1.30
         max:                                 73.23
         95th percentile:                      5.88
         sum:                              59853.30

Threads fairness:
    events (avg/stddev):           46005.0000/0.00
    execution time (avg/stddev):   59.8533/0.00

sysbench 1.0.11 (using system LuaJIT 2.1.0-beta3)

Running the test with following options:
Number of threads: 1
Initializing random number generator from current time


Extra file open flags: 0
128 files, 800KiB each
100MiB total file size
Block size 16KiB
Number of IO requests: 0
Read/Write ratio for combined random IO test: 1.50
Periodic FSYNC enabled, calling fsync() each 100 requests.
Calling fsync() at the end of test, Enabled.
Using synchronous I/O mode
Doing random r/w test
Initializing worker threads...

Threads started!


File operations:
    reads/s:                      202.98
    writes/s:                     135.32
    fsyncs/s:                     432.98

Throughput:
    read, MiB/s:                  3.17
    written, MiB/s:               2.11

General statistics:
    total time:                          60.0028s
    total number of events:              46281

Latency (ms):
         min:                                  0.00
         avg:                                  1.29
         max:                                 59.77
         95th percentile:                      5.57
         sum:                              59860.46

Threads fairness:
    events (avg/stddev):           46281.0000/0.00
    execution time (avg/stddev):   59.8605/0.00

sysbench 1.0.11 (using system LuaJIT 2.1.0-beta3)

Running the test with following options:
Number of threads: 1
Initializing random number generator from current time


Extra file open flags: 0
128 files, 800KiB each
100MiB total file size
Block size 16KiB
Number of IO requests: 0
Read/Write ratio for combined random IO test: 1.50
Periodic FSYNC enabled, calling fsync() each 100 requests.
Calling fsync() at the end of test, Enabled.
Using synchronous I/O mode
Doing random r/w test
Initializing worker threads...

Threads started!


File operations:
    reads/s:                      202.99
    writes/s:                     135.33
    fsyncs/s:                     431.23

Throughput:
    read, MiB/s:                  3.17
    written, MiB/s:               2.11

General statistics:
    total time:                          60.0017s
    total number of events:              46175

Latency (ms):
         min:                                  0.00
         avg:                                  1.30
         max:                                 46.91
         95th percentile:                      5.88
         sum:                              59818.99

Threads fairness:
    events (avg/stddev):           46175.0000/0.00
    execution time (avg/stddev):   59.8190/0.00

sysbench 1.0.11 (using system LuaJIT 2.1.0-beta3)

Running the test with following options:
Number of threads: 1
Initializing random number generator from current time


Extra file open flags: 0
128 files, 800KiB each
100MiB total file size
Block size 16KiB
Number of IO requests: 0
Read/Write ratio for combined random IO test: 1.50
Periodic FSYNC enabled, calling fsync() each 100 requests.
Calling fsync() at the end of test, Enabled.
Using synchronous I/O mode
Doing random r/w test
Initializing worker threads...

Threads started!


File operations:
    reads/s:                      200.99
    writes/s:                     133.99
    fsyncs/s:                     428.15

Throughput:
    read, MiB/s:                  3.14
    written, MiB/s:               2.09

General statistics:
    total time:                          60.0021s
    total number of events:              45791

Latency (ms):
         min:                                  0.00
         avg:                                  1.31
         max:                                 59.99
         95th percentile:                      6.09
         sum:                              59846.31

Threads fairness:
    events (avg/stddev):           45791.0000/0.00
    execution time (avg/stddev):   59.8463/0.00

