sysbench 1.0.11 (using system LuaJIT 2.1.0-beta3)

Running the test with following options:
Number of threads: 1
Initializing random number generator from current time


Extra file open flags: 0
128 files, 800KiB each
100MiB total file size
Block size 16KiB
Number of IO requests: 0
Read/Write ratio for combined random IO test: 1.50
Periodic FSYNC enabled, calling fsync() each 100 requests.
Calling fsync() at the end of test, Enabled.
Using synchronous I/O mode
Doing random r/w test
Initializing worker threads...

Threads started!


File operations:
    reads/s:                      225.99
    writes/s:                     150.66
    fsyncs/s:                     480.37

Throughput:
    read, MiB/s:                  3.53
    written, MiB/s:               2.35

General statistics:
    total time:                          60.0003s
    total number of events:              51423

Latency (ms):
         min:                                  0.00
         avg:                                  1.16
         max:                                 38.69
         95th percentile:                      6.21
         sum:                              59823.45

Threads fairness:
    events (avg/stddev):           51423.0000/0.00
    execution time (avg/stddev):   59.8235/0.00

sysbench 1.0.11 (using system LuaJIT 2.1.0-beta3)

Running the test with following options:
Number of threads: 1
Initializing random number generator from current time


Extra file open flags: 0
128 files, 800KiB each
100MiB total file size
Block size 16KiB
Number of IO requests: 0
Read/Write ratio for combined random IO test: 1.50
Periodic FSYNC enabled, calling fsync() each 100 requests.
Calling fsync() at the end of test, Enabled.
Using synchronous I/O mode
Doing random r/w test
Initializing worker threads...

Threads started!


File operations:
    reads/s:                      225.99
    writes/s:                     150.66
    fsyncs/s:                     480.38

Throughput:
    read, MiB/s:                  3.53
    written, MiB/s:               2.35

General statistics:
    total time:                          60.0008s
    total number of events:              51424

Latency (ms):
         min:                                  0.00
         avg:                                  1.16
         max:                                 25.69
         95th percentile:                      6.21
         sum:                              59802.48

Threads fairness:
    events (avg/stddev):           51424.0000/0.00
    execution time (avg/stddev):   59.8025/0.00

sysbench 1.0.11 (using system LuaJIT 2.1.0-beta3)

Running the test with following options:
Number of threads: 1
Initializing random number generator from current time


Extra file open flags: 0
128 files, 800KiB each
100MiB total file size
Block size 16KiB
Number of IO requests: 0
Read/Write ratio for combined random IO test: 1.50
Periodic FSYNC enabled, calling fsync() each 100 requests.
Calling fsync() at the end of test, Enabled.
Using synchronous I/O mode
Doing random r/w test
Initializing worker threads...

Threads started!


File operations:
    reads/s:                      227.99
    writes/s:                     152.00
    fsyncs/s:                     486.00

Throughput:
    read, MiB/s:                  3.56
    written, MiB/s:               2.37

General statistics:
    total time:                          60.0003s
    total number of events:              51961

Latency (ms):
         min:                                  0.00
         avg:                                  1.15
         max:                                 57.77
         95th percentile:                      6.09
         sum:                              59803.48

Threads fairness:
    events (avg/stddev):           51961.0000/0.00
    execution time (avg/stddev):   59.8035/0.00

sysbench 1.0.11 (using system LuaJIT 2.1.0-beta3)

Running the test with following options:
Number of threads: 1
Initializing random number generator from current time


Extra file open flags: 0
128 files, 800KiB each
100MiB total file size
Block size 16KiB
Number of IO requests: 0
Read/Write ratio for combined random IO test: 1.50
Periodic FSYNC enabled, calling fsync() each 100 requests.
Calling fsync() at the end of test, Enabled.
Using synchronous I/O mode
Doing random r/w test
Initializing worker threads...

Threads started!


File operations:
    reads/s:                      228.99
    writes/s:                     152.66
    fsyncs/s:                     486.42

Throughput:
    read, MiB/s:                  3.58
    written, MiB/s:               2.39

General statistics:
    total time:                          60.0002s
    total number of events:              52086

Latency (ms):
         min:                                  0.00
         avg:                                  1.15
         max:                                 84.92
         95th percentile:                      5.57
         sum:                              59840.80

Threads fairness:
    events (avg/stddev):           52086.0000/0.00
    execution time (avg/stddev):   59.8408/0.00

sysbench 1.0.11 (using system LuaJIT 2.1.0-beta3)

Running the test with following options:
Number of threads: 1
Initializing random number generator from current time


Extra file open flags: 0
128 files, 800KiB each
100MiB total file size
Block size 16KiB
Number of IO requests: 0
Read/Write ratio for combined random IO test: 1.50
Periodic FSYNC enabled, calling fsync() each 100 requests.
Calling fsync() at the end of test, Enabled.
Using synchronous I/O mode
Doing random r/w test
Initializing worker threads...

Threads started!


File operations:
    reads/s:                      225.99
    writes/s:                     150.66
    fsyncs/s:                     481.78

Throughput:
    read, MiB/s:                  3.53
    written, MiB/s:               2.35

General statistics:
    total time:                          60.0009s
    total number of events:              51508

Latency (ms):
         min:                                  0.00
         avg:                                  1.16
         max:                                 29.32
         95th percentile:                      6.21
         sum:                              59841.29

Threads fairness:
    events (avg/stddev):           51508.0000/0.00
    execution time (avg/stddev):   59.8413/0.00

sysbench 1.0.11 (using system LuaJIT 2.1.0-beta3)

Running the test with following options:
Number of threads: 1
Initializing random number generator from current time


Extra file open flags: 0
128 files, 800KiB each
100MiB total file size
Block size 16KiB
Number of IO requests: 0
Read/Write ratio for combined random IO test: 1.50
Periodic FSYNC enabled, calling fsync() each 100 requests.
Calling fsync() at the end of test, Enabled.
Using synchronous I/O mode
Doing random r/w test
Initializing worker threads...

Threads started!


File operations:
    reads/s:                      228.99
    writes/s:                     152.66
    fsyncs/s:                     486.45

Throughput:
    read, MiB/s:                  3.58
    written, MiB/s:               2.39

General statistics:
    total time:                          60.0009s
    total number of events:              52088

Latency (ms):
         min:                                  0.00
         avg:                                  1.15
         max:                                 58.98
         95th percentile:                      5.99
         sum:                              59835.82

Threads fairness:
    events (avg/stddev):           52088.0000/0.00
    execution time (avg/stddev):   59.8358/0.00

sysbench 1.0.11 (using system LuaJIT 2.1.0-beta3)

Running the test with following options:
Number of threads: 1
Initializing random number generator from current time


Extra file open flags: 0
128 files, 800KiB each
100MiB total file size
Block size 16KiB
Number of IO requests: 0
Read/Write ratio for combined random IO test: 1.50
Periodic FSYNC enabled, calling fsync() each 100 requests.
Calling fsync() at the end of test, Enabled.
Using synchronous I/O mode
Doing random r/w test
Initializing worker threads...

Threads started!


File operations:
    reads/s:                      225.99
    writes/s:                     150.66
    fsyncs/s:                     482.10

Throughput:
    read, MiB/s:                  3.53
    written, MiB/s:               2.35

General statistics:
    total time:                          60.0001s
    total number of events:              51527

Latency (ms):
         min:                                  0.00
         avg:                                  1.16
         max:                                 35.44
         95th percentile:                      6.21
         sum:                              59836.73

Threads fairness:
    events (avg/stddev):           51527.0000/0.00
    execution time (avg/stddev):   59.8367/0.00

sysbench 1.0.11 (using system LuaJIT 2.1.0-beta3)

Running the test with following options:
Number of threads: 1
Initializing random number generator from current time


Extra file open flags: 0
128 files, 800KiB each
100MiB total file size
Block size 16KiB
Number of IO requests: 0
Read/Write ratio for combined random IO test: 1.50
Periodic FSYNC enabled, calling fsync() each 100 requests.
Calling fsync() at the end of test, Enabled.
Using synchronous I/O mode
Doing random r/w test
Initializing worker threads...

Threads started!


File operations:
    reads/s:                      223.99
    writes/s:                     149.33
    fsyncs/s:                     475.87

Throughput:
    read, MiB/s:                  3.50
    written, MiB/s:               2.33

General statistics:
    total time:                          60.0005s
    total number of events:              50953

Latency (ms):
         min:                                  0.00
         avg:                                  1.17
         max:                                 64.39
         95th percentile:                      6.43
         sum:                              59799.60

Threads fairness:
    events (avg/stddev):           50953.0000/0.00
    execution time (avg/stddev):   59.7996/0.00

sysbench 1.0.11 (using system LuaJIT 2.1.0-beta3)

Running the test with following options:
Number of threads: 1
Initializing random number generator from current time


Extra file open flags: 0
128 files, 800KiB each
100MiB total file size
Block size 16KiB
Number of IO requests: 0
Read/Write ratio for combined random IO test: 1.50
Periodic FSYNC enabled, calling fsync() each 100 requests.
Calling fsync() at the end of test, Enabled.
Using synchronous I/O mode
Doing random r/w test
Initializing worker threads...

Threads started!


File operations:
    reads/s:                      226.99
    writes/s:                     151.33
    fsyncs/s:                     482.19

Throughput:
    read, MiB/s:                  3.55
    written, MiB/s:               2.36

General statistics:
    total time:                          60.0001s
    total number of events:              51632

Latency (ms):
         min:                                  0.00
         avg:                                  1.16
         max:                                 30.23
         95th percentile:                      6.09
         sum:                              59819.08

Threads fairness:
    events (avg/stddev):           51632.0000/0.00
    execution time (avg/stddev):   59.8191/0.00

sysbench 1.0.11 (using system LuaJIT 2.1.0-beta3)

Running the test with following options:
Number of threads: 1
Initializing random number generator from current time


Extra file open flags: 0
128 files, 800KiB each
100MiB total file size
Block size 16KiB
Number of IO requests: 0
Read/Write ratio for combined random IO test: 1.50
Periodic FSYNC enabled, calling fsync() each 100 requests.
Calling fsync() at the end of test, Enabled.
Using synchronous I/O mode
Doing random r/w test
Initializing worker threads...

Threads started!


File operations:
    reads/s:                      227.99
    writes/s:                     152.00
    fsyncs/s:                     485.07

Throughput:
    read, MiB/s:                  3.56
    written, MiB/s:               2.37

General statistics:
    total time:                          60.0001s
    total number of events:              51905

Latency (ms):
         min:                                  0.00
         avg:                                  1.15
         max:                                 20.34
         95th percentile:                      6.09
         sum:                              59848.29

Threads fairness:
    events (avg/stddev):           51905.0000/0.00
    execution time (avg/stddev):   59.8483/0.00

sysbench 1.0.11 (using system LuaJIT 2.1.0-beta3)

Running the test with following options:
Number of threads: 1
Initializing random number generator from current time


Extra file open flags: 0
128 files, 800KiB each
100MiB total file size
Block size 16KiB
Number of IO requests: 0
Read/Write ratio for combined random IO test: 1.50
Periodic FSYNC enabled, calling fsync() each 100 requests.
Calling fsync() at the end of test, Enabled.
Using synchronous I/O mode
Doing random r/w test
Initializing worker threads...

Threads started!


File operations:
    reads/s:                      224.99
    writes/s:                     150.00
    fsyncs/s:                     477.90

Throughput:
    read, MiB/s:                  3.52
    written, MiB/s:               2.34

General statistics:
    total time:                          60.0003s
    total number of events:              51175

Latency (ms):
         min:                                  0.00
         avg:                                  1.17
         max:                                 32.32
         95th percentile:                      6.32
         sum:                              59842.34

Threads fairness:
    events (avg/stddev):           51175.0000/0.00
    execution time (avg/stddev):   59.8423/0.00

sysbench 1.0.11 (using system LuaJIT 2.1.0-beta3)

Running the test with following options:
Number of threads: 1
Initializing random number generator from current time


Extra file open flags: 0
128 files, 800KiB each
100MiB total file size
Block size 16KiB
Number of IO requests: 0
Read/Write ratio for combined random IO test: 1.50
Periodic FSYNC enabled, calling fsync() each 100 requests.
Calling fsync() at the end of test, Enabled.
Using synchronous I/O mode
Doing random r/w test
Initializing worker threads...

Threads started!


File operations:
    reads/s:                      227.99
    writes/s:                     151.99
    fsyncs/s:                     484.28

Throughput:
    read, MiB/s:                  3.56
    written, MiB/s:               2.37

General statistics:
    total time:                          60.0014s
    total number of events:              51858

Latency (ms):
         min:                                  0.00
         avg:                                  1.15
         max:                                 30.65
         95th percentile:                      6.09
         sum:                              59852.55

Threads fairness:
    events (avg/stddev):           51858.0000/0.00
    execution time (avg/stddev):   59.8526/0.00

sysbench 1.0.11 (using system LuaJIT 2.1.0-beta3)

Running the test with following options:
Number of threads: 1
Initializing random number generator from current time


Extra file open flags: 0
128 files, 800KiB each
100MiB total file size
Block size 16KiB
Number of IO requests: 0
Read/Write ratio for combined random IO test: 1.50
Periodic FSYNC enabled, calling fsync() each 100 requests.
Calling fsync() at the end of test, Enabled.
Using synchronous I/O mode
Doing random r/w test
Initializing worker threads...

Threads started!


File operations:
    reads/s:                      225.99
    writes/s:                     150.66
    fsyncs/s:                     481.92

Throughput:
    read, MiB/s:                  3.53
    written, MiB/s:               2.35

General statistics:
    total time:                          60.0004s
    total number of events:              51516

Latency (ms):
         min:                                  0.00
         avg:                                  1.16
         max:                                 26.66
         95th percentile:                      6.32
         sum:                              59838.63

Threads fairness:
    events (avg/stddev):           51516.0000/0.00
    execution time (avg/stddev):   59.8386/0.00

sysbench 1.0.11 (using system LuaJIT 2.1.0-beta3)

Running the test with following options:
Number of threads: 1
Initializing random number generator from current time


Extra file open flags: 0
128 files, 800KiB each
100MiB total file size
Block size 16KiB
Number of IO requests: 0
Read/Write ratio for combined random IO test: 1.50
Periodic FSYNC enabled, calling fsync() each 100 requests.
Calling fsync() at the end of test, Enabled.
Using synchronous I/O mode
Doing random r/w test
Initializing worker threads...

Threads started!


File operations:
    reads/s:                      228.99
    writes/s:                     152.66
    fsyncs/s:                     488.24

Throughput:
    read, MiB/s:                  3.58
    written, MiB/s:               2.39

General statistics:
    total time:                          60.0001s
    total number of events:              52195

Latency (ms):
         min:                                  0.00
         avg:                                  1.15
         max:                                 39.37
         95th percentile:                      5.99
         sum:                              59827.14

Threads fairness:
    events (avg/stddev):           52195.0000/0.00
    execution time (avg/stddev):   59.8271/0.00

sysbench 1.0.11 (using system LuaJIT 2.1.0-beta3)

Running the test with following options:
Number of threads: 1
Initializing random number generator from current time


Extra file open flags: 0
128 files, 800KiB each
100MiB total file size
Block size 16KiB
Number of IO requests: 0
Read/Write ratio for combined random IO test: 1.50
Periodic FSYNC enabled, calling fsync() each 100 requests.
Calling fsync() at the end of test, Enabled.
Using synchronous I/O mode
Doing random r/w test
Initializing worker threads...

Threads started!


File operations:
    reads/s:                      226.99
    writes/s:                     151.33
    fsyncs/s:                     482.80

Throughput:
    read, MiB/s:                  3.55
    written, MiB/s:               2.36

General statistics:
    total time:                          60.0001s
    total number of events:              51669

Latency (ms):
         min:                                  0.00
         avg:                                  1.16
         max:                                 36.01
         95th percentile:                      6.21
         sum:                              59819.46

Threads fairness:
    events (avg/stddev):           51669.0000/0.00
    execution time (avg/stddev):   59.8195/0.00

sysbench 1.0.11 (using system LuaJIT 2.1.0-beta3)

Running the test with following options:
Number of threads: 1
Initializing random number generator from current time


Extra file open flags: 0
128 files, 800KiB each
100MiB total file size
Block size 16KiB
Number of IO requests: 0
Read/Write ratio for combined random IO test: 1.50
Periodic FSYNC enabled, calling fsync() each 100 requests.
Calling fsync() at the end of test, Enabled.
Using synchronous I/O mode
Doing random r/w test
Initializing worker threads...

Threads started!


File operations:
    reads/s:                      225.99
    writes/s:                     150.66
    fsyncs/s:                     480.82

Throughput:
    read, MiB/s:                  3.53
    written, MiB/s:               2.35

General statistics:
    total time:                          60.0006s
    total number of events:              51450

Latency (ms):
         min:                                  0.00
         avg:                                  1.16
         max:                                 32.62
         95th percentile:                      6.21
         sum:                              59832.22

Threads fairness:
    events (avg/stddev):           51450.0000/0.00
    execution time (avg/stddev):   59.8322/0.00

sysbench 1.0.11 (using system LuaJIT 2.1.0-beta3)

Running the test with following options:
Number of threads: 1
Initializing random number generator from current time


Extra file open flags: 0
128 files, 800KiB each
100MiB total file size
Block size 16KiB
Number of IO requests: 0
Read/Write ratio for combined random IO test: 1.50
Periodic FSYNC enabled, calling fsync() each 100 requests.
Calling fsync() at the end of test, Enabled.
Using synchronous I/O mode
Doing random r/w test
Initializing worker threads...

Threads started!


File operations:
    reads/s:                      229.99
    writes/s:                     153.33
    fsyncs/s:                     489.35

Throughput:
    read, MiB/s:                  3.59
    written, MiB/s:               2.40

General statistics:
    total time:                          60.0005s
    total number of events:              52362

Latency (ms):
         min:                                  0.00
         avg:                                  1.14
         max:                                 30.91
         95th percentile:                      5.99
         sum:                              59832.06

Threads fairness:
    events (avg/stddev):           52362.0000/0.00
    execution time (avg/stddev):   59.8321/0.00

sysbench 1.0.11 (using system LuaJIT 2.1.0-beta3)

Running the test with following options:
Number of threads: 1
Initializing random number generator from current time


Extra file open flags: 0
128 files, 800KiB each
100MiB total file size
Block size 16KiB
Number of IO requests: 0
Read/Write ratio for combined random IO test: 1.50
Periodic FSYNC enabled, calling fsync() each 100 requests.
Calling fsync() at the end of test, Enabled.
Using synchronous I/O mode
Doing random r/w test
Initializing worker threads...

Threads started!


File operations:
    reads/s:                      224.99
    writes/s:                     149.99
    fsyncs/s:                     479.35

Throughput:
    read, MiB/s:                  3.52
    written, MiB/s:               2.34

General statistics:
    total time:                          60.0007s
    total number of events:              51262

Latency (ms):
         min:                                  0.00
         avg:                                  1.17
         max:                                 34.40
         95th percentile:                      6.32
         sum:                              59830.90

Threads fairness:
    events (avg/stddev):           51262.0000/0.00
    execution time (avg/stddev):   59.8309/0.00

sysbench 1.0.11 (using system LuaJIT 2.1.0-beta3)

Running the test with following options:
Number of threads: 1
Initializing random number generator from current time


Extra file open flags: 0
128 files, 800KiB each
100MiB total file size
Block size 16KiB
Number of IO requests: 0
Read/Write ratio for combined random IO test: 1.50
Periodic FSYNC enabled, calling fsync() each 100 requests.
Calling fsync() at the end of test, Enabled.
Using synchronous I/O mode
Doing random r/w test
Initializing worker threads...

Threads started!


File operations:
    reads/s:                      226.99
    writes/s:                     151.33
    fsyncs/s:                     482.18

Throughput:
    read, MiB/s:                  3.55
    written, MiB/s:               2.36

General statistics:
    total time:                          60.0007s
    total number of events:              51632

Latency (ms):
         min:                                  0.00
         avg:                                  1.16
         max:                                 26.50
         95th percentile:                      6.09
         sum:                              59833.40

Threads fairness:
    events (avg/stddev):           51632.0000/0.00
    execution time (avg/stddev):   59.8334/0.00

sysbench 1.0.11 (using system LuaJIT 2.1.0-beta3)

Running the test with following options:
Number of threads: 1
Initializing random number generator from current time


Extra file open flags: 0
128 files, 800KiB each
100MiB total file size
Block size 16KiB
Number of IO requests: 0
Read/Write ratio for combined random IO test: 1.50
Periodic FSYNC enabled, calling fsync() each 100 requests.
Calling fsync() at the end of test, Enabled.
Using synchronous I/O mode
Doing random r/w test
Initializing worker threads...

Threads started!


File operations:
    reads/s:                      226.99
    writes/s:                     151.33
    fsyncs/s:                     483.44

Throughput:
    read, MiB/s:                  3.55
    written, MiB/s:               2.36

General statistics:
    total time:                          60.0001s
    total number of events:              51707

Latency (ms):
         min:                                  0.00
         avg:                                  1.16
         max:                                 51.86
         95th percentile:                      6.21
         sum:                              59846.49

Threads fairness:
    events (avg/stddev):           51707.0000/0.00
    execution time (avg/stddev):   59.8465/0.00

sysbench 1.0.11 (using system LuaJIT 2.1.0-beta3)

Running the test with following options:
Number of threads: 1
Initializing random number generator from current time


Extra file open flags: 0
128 files, 800KiB each
100MiB total file size
Block size 16KiB
Number of IO requests: 0
Read/Write ratio for combined random IO test: 1.50
Periodic FSYNC enabled, calling fsync() each 100 requests.
Calling fsync() at the end of test, Enabled.
Using synchronous I/O mode
Doing random r/w test
Initializing worker threads...

Threads started!


File operations:
    reads/s:                      227.99
    writes/s:                     152.00
    fsyncs/s:                     486.05

Throughput:
    read, MiB/s:                  3.56
    written, MiB/s:               2.37

General statistics:
    total time:                          60.0002s
    total number of events:              51964

Latency (ms):
         min:                                  0.00
         avg:                                  1.15
         max:                                 36.42
         95th percentile:                      5.88
         sum:                              59846.05

Threads fairness:
    events (avg/stddev):           51964.0000/0.00
    execution time (avg/stddev):   59.8461/0.00

sysbench 1.0.11 (using system LuaJIT 2.1.0-beta3)

Running the test with following options:
Number of threads: 1
Initializing random number generator from current time


Extra file open flags: 0
128 files, 800KiB each
100MiB total file size
Block size 16KiB
Number of IO requests: 0
Read/Write ratio for combined random IO test: 1.50
Periodic FSYNC enabled, calling fsync() each 100 requests.
Calling fsync() at the end of test, Enabled.
Using synchronous I/O mode
Doing random r/w test
Initializing worker threads...

Threads started!


File operations:
    reads/s:                      226.99
    writes/s:                     151.33
    fsyncs/s:                     483.67

Throughput:
    read, MiB/s:                  3.55
    written, MiB/s:               2.36

General statistics:
    total time:                          60.0005s
    total number of events:              51721

Latency (ms):
         min:                                  0.00
         avg:                                  1.16
         max:                                 33.83
         95th percentile:                      6.32
         sum:                              59795.60

Threads fairness:
    events (avg/stddev):           51721.0000/0.00
    execution time (avg/stddev):   59.7956/0.00

sysbench 1.0.11 (using system LuaJIT 2.1.0-beta3)

Running the test with following options:
Number of threads: 1
Initializing random number generator from current time


Extra file open flags: 0
128 files, 800KiB each
100MiB total file size
Block size 16KiB
Number of IO requests: 0
Read/Write ratio for combined random IO test: 1.50
Periodic FSYNC enabled, calling fsync() each 100 requests.
Calling fsync() at the end of test, Enabled.
Using synchronous I/O mode
Doing random r/w test
Initializing worker threads...

Threads started!


File operations:
    reads/s:                      228.99
    writes/s:                     152.66
    fsyncs/s:                     487.89

Throughput:
    read, MiB/s:                  3.58
    written, MiB/s:               2.39

General statistics:
    total time:                          60.0002s
    total number of events:              52174

Latency (ms):
         min:                                  0.00
         avg:                                  1.15
         max:                                 31.73
         95th percentile:                      5.88
         sum:                              59823.63

Threads fairness:
    events (avg/stddev):           52174.0000/0.00
    execution time (avg/stddev):   59.8236/0.00

sysbench 1.0.11 (using system LuaJIT 2.1.0-beta3)

Running the test with following options:
Number of threads: 1
Initializing random number generator from current time


Extra file open flags: 0
128 files, 800KiB each
100MiB total file size
Block size 16KiB
Number of IO requests: 0
Read/Write ratio for combined random IO test: 1.50
Periodic FSYNC enabled, calling fsync() each 100 requests.
Calling fsync() at the end of test, Enabled.
Using synchronous I/O mode
Doing random r/w test
Initializing worker threads...

Threads started!


File operations:
    reads/s:                      224.99
    writes/s:                     150.00
    fsyncs/s:                     479.04

Throughput:
    read, MiB/s:                  3.52
    written, MiB/s:               2.34

General statistics:
    total time:                          60.0001s
    total number of events:              51243

Latency (ms):
         min:                                  0.00
         avg:                                  1.17
         max:                                 33.04
         95th percentile:                      6.32
         sum:                              59825.39

Threads fairness:
    events (avg/stddev):           51243.0000/0.00
    execution time (avg/stddev):   59.8254/0.00

sysbench 1.0.11 (using system LuaJIT 2.1.0-beta3)

Running the test with following options:
Number of threads: 1
Initializing random number generator from current time


Extra file open flags: 0
128 files, 800KiB each
100MiB total file size
Block size 16KiB
Number of IO requests: 0
Read/Write ratio for combined random IO test: 1.50
Periodic FSYNC enabled, calling fsync() each 100 requests.
Calling fsync() at the end of test, Enabled.
Using synchronous I/O mode
Doing random r/w test
Initializing worker threads...

Threads started!


File operations:
    reads/s:                      225.99
    writes/s:                     150.66
    fsyncs/s:                     480.44

Throughput:
    read, MiB/s:                  3.53
    written, MiB/s:               2.35

General statistics:
    total time:                          60.0002s
    total number of events:              51427

Latency (ms):
         min:                                  0.00
         avg:                                  1.16
         max:                                 35.19
         95th percentile:                      6.09
         sum:                              59847.01

Threads fairness:
    events (avg/stddev):           51427.0000/0.00
    execution time (avg/stddev):   59.8470/0.00

sysbench 1.0.11 (using system LuaJIT 2.1.0-beta3)

Running the test with following options:
Number of threads: 1
Initializing random number generator from current time


Extra file open flags: 0
128 files, 800KiB each
100MiB total file size
Block size 16KiB
Number of IO requests: 0
Read/Write ratio for combined random IO test: 1.50
Periodic FSYNC enabled, calling fsync() each 100 requests.
Calling fsync() at the end of test, Enabled.
Using synchronous I/O mode
Doing random r/w test
Initializing worker threads...

Threads started!


File operations:
    reads/s:                      227.99
    writes/s:                     152.00
    fsyncs/s:                     485.77

Throughput:
    read, MiB/s:                  3.56
    written, MiB/s:               2.37

General statistics:
    total time:                          60.0002s
    total number of events:              51947

Latency (ms):
         min:                                  0.00
         avg:                                  1.15
         max:                                 45.84
         95th percentile:                      6.09
         sum:                              59819.44

Threads fairness:
    events (avg/stddev):           51947.0000/0.00
    execution time (avg/stddev):   59.8194/0.00

sysbench 1.0.11 (using system LuaJIT 2.1.0-beta3)

Running the test with following options:
Number of threads: 1
Initializing random number generator from current time


Extra file open flags: 0
128 files, 800KiB each
100MiB total file size
Block size 16KiB
Number of IO requests: 0
Read/Write ratio for combined random IO test: 1.50
Periodic FSYNC enabled, calling fsync() each 100 requests.
Calling fsync() at the end of test, Enabled.
Using synchronous I/O mode
Doing random r/w test
Initializing worker threads...

Threads started!


File operations:
    reads/s:                      225.99
    writes/s:                     150.66
    fsyncs/s:                     482.03

Throughput:
    read, MiB/s:                  3.53
    written, MiB/s:               2.35

General statistics:
    total time:                          60.0005s
    total number of events:              51523

Latency (ms):
         min:                                  0.00
         avg:                                  1.16
         max:                                 22.74
         95th percentile:                      6.09
         sum:                              59823.58

Threads fairness:
    events (avg/stddev):           51523.0000/0.00
    execution time (avg/stddev):   59.8236/0.00

sysbench 1.0.11 (using system LuaJIT 2.1.0-beta3)

Running the test with following options:
Number of threads: 1
Initializing random number generator from current time


Extra file open flags: 0
128 files, 800KiB each
100MiB total file size
Block size 16KiB
Number of IO requests: 0
Read/Write ratio for combined random IO test: 1.50
Periodic FSYNC enabled, calling fsync() each 100 requests.
Calling fsync() at the end of test, Enabled.
Using synchronous I/O mode
Doing random r/w test
Initializing worker threads...

Threads started!


File operations:
    reads/s:                      227.99
    writes/s:                     151.99
    fsyncs/s:                     485.47

Throughput:
    read, MiB/s:                  3.56
    written, MiB/s:               2.37

General statistics:
    total time:                          60.0004s
    total number of events:              51929

Latency (ms):
         min:                                  0.00
         avg:                                  1.15
         max:                                 29.74
         95th percentile:                      5.99
         sum:                              59800.32

Threads fairness:
    events (avg/stddev):           51929.0000/0.00
    execution time (avg/stddev):   59.8003/0.00

sysbench 1.0.11 (using system LuaJIT 2.1.0-beta3)

Running the test with following options:
Number of threads: 1
Initializing random number generator from current time


Extra file open flags: 0
128 files, 800KiB each
100MiB total file size
Block size 16KiB
Number of IO requests: 0
Read/Write ratio for combined random IO test: 1.50
Periodic FSYNC enabled, calling fsync() each 100 requests.
Calling fsync() at the end of test, Enabled.
Using synchronous I/O mode
Doing random r/w test
Initializing worker threads...

Threads started!


File operations:
    reads/s:                      229.99
    writes/s:                     153.33
    fsyncs/s:                     488.67

Throughput:
    read, MiB/s:                  3.59
    written, MiB/s:               2.40

General statistics:
    total time:                          60.0004s
    total number of events:              52321

Latency (ms):
         min:                                  0.00
         avg:                                  1.14
         max:                                 38.80
         95th percentile:                      5.77
         sum:                              59822.59

Threads fairness:
    events (avg/stddev):           52321.0000/0.00
    execution time (avg/stddev):   59.8226/0.00

sysbench 1.0.11 (using system LuaJIT 2.1.0-beta3)

Running the test with following options:
Number of threads: 1
Initializing random number generator from current time


Extra file open flags: 0
128 files, 800KiB each
100MiB total file size
Block size 16KiB
Number of IO requests: 0
Read/Write ratio for combined random IO test: 1.50
Periodic FSYNC enabled, calling fsync() each 100 requests.
Calling fsync() at the end of test, Enabled.
Using synchronous I/O mode
Doing random r/w test
Initializing worker threads...

Threads started!


File operations:
    reads/s:                      228.99
    writes/s:                     152.66
    fsyncs/s:                     487.13

Throughput:
    read, MiB/s:                  3.58
    written, MiB/s:               2.39

General statistics:
    total time:                          60.0002s
    total number of events:              52129

Latency (ms):
         min:                                  0.00
         avg:                                  1.15
         max:                                 32.41
         95th percentile:                      5.67
         sum:                              59806.89

Threads fairness:
    events (avg/stddev):           52129.0000/0.00
    execution time (avg/stddev):   59.8069/0.00

