sysbench 1.0.11 (using system LuaJIT 2.1.0-beta3)

Running the test with following options:
Number of threads: 1
Initializing random number generator from current time


Initializing worker threads...

Threads started!

SQL statistics:
    queries performed:
        read:                            74900
        write:                           21400
        other:                           10700
        total:                           107000
    transactions:                        5350   (89.16 per sec.)
    queries:                             107000 (1783.23 per sec.)
    ignored errors:                      0      (0.00 per sec.)
    reconnects:                          0      (0.00 per sec.)

General statistics:
    total time:                          60.0019s
    total number of events:              5350

Latency (ms):
         min:                                  4.99
         avg:                                 11.21
         max:                                178.73
         95th percentile:                     25.74
         sum:                              59973.97

Threads fairness:
    events (avg/stddev):           5350.0000/0.00
    execution time (avg/stddev):   59.9740/0.00

sysbench 1.0.11 (using system LuaJIT 2.1.0-beta3)

Running the test with following options:
Number of threads: 1
Initializing random number generator from current time


Initializing worker threads...

Threads started!

SQL statistics:
    queries performed:
        read:                            75894
        write:                           21684
        other:                           10842
        total:                           108420
    transactions:                        5421   (90.34 per sec.)
    queries:                             108420 (1806.88 per sec.)
    ignored errors:                      0      (0.00 per sec.)
    reconnects:                          0      (0.00 per sec.)

General statistics:
    total time:                          60.0022s
    total number of events:              5421

Latency (ms):
         min:                                  5.09
         avg:                                 11.06
         max:                                110.24
         95th percentile:                     24.83
         sum:                              59972.28

Threads fairness:
    events (avg/stddev):           5421.0000/0.00
    execution time (avg/stddev):   59.9723/0.00

sysbench 1.0.11 (using system LuaJIT 2.1.0-beta3)

Running the test with following options:
Number of threads: 1
Initializing random number generator from current time


Initializing worker threads...

Threads started!

SQL statistics:
    queries performed:
        read:                            78750
        write:                           22500
        other:                           11250
        total:                           112500
    transactions:                        5625   (93.74 per sec.)
    queries:                             112500 (1874.80 per sec.)
    ignored errors:                      0      (0.00 per sec.)
    reconnects:                          0      (0.00 per sec.)

General statistics:
    total time:                          60.0046s
    total number of events:              5625

Latency (ms):
         min:                                  4.35
         avg:                                 10.66
         max:                                104.07
         95th percentile:                     22.69
         sum:                              59975.31

Threads fairness:
    events (avg/stddev):           5625.0000/0.00
    execution time (avg/stddev):   59.9753/0.00

sysbench 1.0.11 (using system LuaJIT 2.1.0-beta3)

Running the test with following options:
Number of threads: 1
Initializing random number generator from current time


Initializing worker threads...

Threads started!

SQL statistics:
    queries performed:
        read:                            79786
        write:                           22796
        other:                           11398
        total:                           113980
    transactions:                        5699   (94.98 per sec.)
    queries:                             113980 (1899.58 per sec.)
    ignored errors:                      0      (0.00 per sec.)
    reconnects:                          0      (0.00 per sec.)

General statistics:
    total time:                          60.0012s
    total number of events:              5699

Latency (ms):
         min:                                  4.28
         avg:                                 10.52
         max:                                237.53
         95th percentile:                     21.11
         sum:                              59970.79

Threads fairness:
    events (avg/stddev):           5699.0000/0.00
    execution time (avg/stddev):   59.9708/0.00

sysbench 1.0.11 (using system LuaJIT 2.1.0-beta3)

Running the test with following options:
Number of threads: 1
Initializing random number generator from current time


Initializing worker threads...

Threads started!

SQL statistics:
    queries performed:
        read:                            75096
        write:                           21456
        other:                           10728
        total:                           107280
    transactions:                        5364   (89.39 per sec.)
    queries:                             107280 (1787.79 per sec.)
    ignored errors:                      0      (0.00 per sec.)
    reconnects:                          0      (0.00 per sec.)

General statistics:
    total time:                          60.0056s
    total number of events:              5364

Latency (ms):
         min:                                  4.89
         avg:                                 11.18
         max:                                165.07
         95th percentile:                     28.67
         sum:                              59954.89

Threads fairness:
    events (avg/stddev):           5364.0000/0.00
    execution time (avg/stddev):   59.9549/0.00

sysbench 1.0.11 (using system LuaJIT 2.1.0-beta3)

Running the test with following options:
Number of threads: 1
Initializing random number generator from current time


Initializing worker threads...

Threads started!

SQL statistics:
    queries performed:
        read:                            76104
        write:                           21744
        other:                           10872
        total:                           108720
    transactions:                        5436   (90.58 per sec.)
    queries:                             108720 (1811.61 per sec.)
    ignored errors:                      0      (0.00 per sec.)
    reconnects:                          0      (0.00 per sec.)

General statistics:
    total time:                          60.0069s
    total number of events:              5436

Latency (ms):
         min:                                  5.06
         avg:                                 11.03
         max:                                100.28
         95th percentile:                     26.20
         sum:                              59977.00

Threads fairness:
    events (avg/stddev):           5436.0000/0.00
    execution time (avg/stddev):   59.9770/0.00

sysbench 1.0.11 (using system LuaJIT 2.1.0-beta3)

Running the test with following options:
Number of threads: 1
Initializing random number generator from current time


Initializing worker threads...

Threads started!

SQL statistics:
    queries performed:
        read:                            75040
        write:                           21440
        other:                           10720
        total:                           107200
    transactions:                        5360   (89.33 per sec.)
    queries:                             107200 (1786.51 per sec.)
    ignored errors:                      0      (0.00 per sec.)
    reconnects:                          0      (0.00 per sec.)

General statistics:
    total time:                          60.0037s
    total number of events:              5360

Latency (ms):
         min:                                  5.02
         avg:                                 11.19
         max:                                191.83
         95th percentile:                     28.16
         sum:                              59975.93

Threads fairness:
    events (avg/stddev):           5360.0000/0.00
    execution time (avg/stddev):   59.9759/0.00

sysbench 1.0.11 (using system LuaJIT 2.1.0-beta3)

Running the test with following options:
Number of threads: 1
Initializing random number generator from current time


Initializing worker threads...

Threads started!

SQL statistics:
    queries performed:
        read:                            76300
        write:                           21800
        other:                           10900
        total:                           109000
    transactions:                        5450   (90.83 per sec.)
    queries:                             109000 (1816.56 per sec.)
    ignored errors:                      0      (0.00 per sec.)
    reconnects:                          0      (0.00 per sec.)

General statistics:
    total time:                          60.0019s
    total number of events:              5450

Latency (ms):
         min:                                  5.02
         avg:                                 11.00
         max:                                127.96
         95th percentile:                     24.83
         sum:                              59972.41

Threads fairness:
    events (avg/stddev):           5450.0000/0.00
    execution time (avg/stddev):   59.9724/0.00

sysbench 1.0.11 (using system LuaJIT 2.1.0-beta3)

Running the test with following options:
Number of threads: 1
Initializing random number generator from current time


Initializing worker threads...

Threads started!

SQL statistics:
    queries performed:
        read:                            78330
        write:                           22380
        other:                           11190
        total:                           111900
    transactions:                        5595   (93.24 per sec.)
    queries:                             111900 (1864.84 per sec.)
    ignored errors:                      0      (0.00 per sec.)
    reconnects:                          0      (0.00 per sec.)

General statistics:
    total time:                          60.0034s
    total number of events:              5595

Latency (ms):
         min:                                  4.99
         avg:                                 10.72
         max:                                 67.01
         95th percentile:                     22.28
         sum:                              59972.00

Threads fairness:
    events (avg/stddev):           5595.0000/0.00
    execution time (avg/stddev):   59.9720/0.00

sysbench 1.0.11 (using system LuaJIT 2.1.0-beta3)

Running the test with following options:
Number of threads: 1
Initializing random number generator from current time


Initializing worker threads...

Threads started!

SQL statistics:
    queries performed:
        read:                            79660
        write:                           22760
        other:                           11380
        total:                           113800
    transactions:                        5690   (94.77 per sec.)
    queries:                             113800 (1895.42 per sec.)
    ignored errors:                      0      (0.00 per sec.)
    reconnects:                          0      (0.00 per sec.)

General statistics:
    total time:                          60.0331s
    total number of events:              5690

Latency (ms):
         min:                                  5.00
         avg:                                 10.55
         max:                                110.12
         95th percentile:                     21.11
         sum:                              60002.98

Threads fairness:
    events (avg/stddev):           5690.0000/0.00
    execution time (avg/stddev):   60.0030/0.00

sysbench 1.0.11 (using system LuaJIT 2.1.0-beta3)

Running the test with following options:
Number of threads: 1
Initializing random number generator from current time


Initializing worker threads...

Threads started!

SQL statistics:
    queries performed:
        read:                            75404
        write:                           21544
        other:                           10772
        total:                           107720
    transactions:                        5386   (89.75 per sec.)
    queries:                             107720 (1794.97 per sec.)
    ignored errors:                      0      (0.00 per sec.)
    reconnects:                          0      (0.00 per sec.)

General statistics:
    total time:                          60.0103s
    total number of events:              5386

Latency (ms):
         min:                                  4.99
         avg:                                 11.14
         max:                                107.13
         95th percentile:                     25.28
         sum:                              59981.55

Threads fairness:
    events (avg/stddev):           5386.0000/0.00
    execution time (avg/stddev):   59.9816/0.00

sysbench 1.0.11 (using system LuaJIT 2.1.0-beta3)

Running the test with following options:
Number of threads: 1
Initializing random number generator from current time


Initializing worker threads...

Threads started!

SQL statistics:
    queries performed:
        read:                            77588
        write:                           22168
        other:                           11084
        total:                           110840
    transactions:                        5542   (92.36 per sec.)
    queries:                             110840 (1847.11 per sec.)
    ignored errors:                      0      (0.00 per sec.)
    reconnects:                          0      (0.00 per sec.)

General statistics:
    total time:                          60.0058s
    total number of events:              5542

Latency (ms):
         min:                                  4.40
         avg:                                 10.82
         max:                                110.40
         95th percentile:                     25.28
         sum:                              59977.15

Threads fairness:
    events (avg/stddev):           5542.0000/0.00
    execution time (avg/stddev):   59.9771/0.00

sysbench 1.0.11 (using system LuaJIT 2.1.0-beta3)

Running the test with following options:
Number of threads: 1
Initializing random number generator from current time


Initializing worker threads...

Threads started!

SQL statistics:
    queries performed:
        read:                            77364
        write:                           22104
        other:                           11052
        total:                           110520
    transactions:                        5526   (92.04 per sec.)
    queries:                             110520 (1840.77 per sec.)
    ignored errors:                      0      (0.00 per sec.)
    reconnects:                          0      (0.00 per sec.)

General statistics:
    total time:                          60.0326s
    total number of events:              5526

Latency (ms):
         min:                                  4.34
         avg:                                 10.86
         max:                                167.61
         95th percentile:                     26.20
         sum:                              60003.80

Threads fairness:
    events (avg/stddev):           5526.0000/0.00
    execution time (avg/stddev):   60.0038/0.00

sysbench 1.0.11 (using system LuaJIT 2.1.0-beta3)

Running the test with following options:
Number of threads: 1
Initializing random number generator from current time


Initializing worker threads...

Threads started!

SQL statistics:
    queries performed:
        read:                            76636
        write:                           21896
        other:                           10948
        total:                           109480
    transactions:                        5474   (91.22 per sec.)
    queries:                             109480 (1824.37 per sec.)
    ignored errors:                      0      (0.00 per sec.)
    reconnects:                          0      (0.00 per sec.)

General statistics:
    total time:                          60.0081s
    total number of events:              5474

Latency (ms):
         min:                                  4.67
         avg:                                 10.96
         max:                                151.50
         95th percentile:                     25.74
         sum:                              59978.30

Threads fairness:
    events (avg/stddev):           5474.0000/0.00
    execution time (avg/stddev):   59.9783/0.00

sysbench 1.0.11 (using system LuaJIT 2.1.0-beta3)

Running the test with following options:
Number of threads: 1
Initializing random number generator from current time


Initializing worker threads...

Threads started!

SQL statistics:
    queries performed:
        read:                            78036
        write:                           22296
        other:                           11148
        total:                           111480
    transactions:                        5574   (92.88 per sec.)
    queries:                             111480 (1857.50 per sec.)
    ignored errors:                      0      (0.00 per sec.)
    reconnects:                          0      (0.00 per sec.)

General statistics:
    total time:                          60.0144s
    total number of events:              5574

Latency (ms):
         min:                                  4.66
         avg:                                 10.76
         max:                                127.44
         95th percentile:                     22.28
         sum:                              59985.23

Threads fairness:
    events (avg/stddev):           5574.0000/0.00
    execution time (avg/stddev):   59.9852/0.00

sysbench 1.0.11 (using system LuaJIT 2.1.0-beta3)

Running the test with following options:
Number of threads: 1
Initializing random number generator from current time


Initializing worker threads...

Threads started!

SQL statistics:
    queries performed:
        read:                            78344
        write:                           22384
        other:                           11192
        total:                           111920
    transactions:                        5596   (93.17 per sec.)
    queries:                             111920 (1863.42 per sec.)
    ignored errors:                      0      (0.00 per sec.)
    reconnects:                          0      (0.00 per sec.)

General statistics:
    total time:                          60.0036s
    total number of events:              5596

Latency (ms):
         min:                                  5.04
         avg:                                 10.71
         max:                                 95.77
         95th percentile:                     20.74
         sum:                              59960.44

Threads fairness:
    events (avg/stddev):           5596.0000/0.00
    execution time (avg/stddev):   59.9604/0.00

sysbench 1.0.11 (using system LuaJIT 2.1.0-beta3)

Running the test with following options:
Number of threads: 1
Initializing random number generator from current time


Initializing worker threads...

Threads started!

SQL statistics:
    queries performed:
        read:                            77588
        write:                           22168
        other:                           11084
        total:                           110840
    transactions:                        5542   (92.35 per sec.)
    queries:                             110840 (1847.07 per sec.)
    ignored errors:                      0      (0.00 per sec.)
    reconnects:                          0      (0.00 per sec.)

General statistics:
    total time:                          60.0068s
    total number of events:              5542

Latency (ms):
         min:                                  5.02
         avg:                                 10.82
         max:                                407.78
         95th percentile:                     21.89
         sum:                              59976.88

Threads fairness:
    events (avg/stddev):           5542.0000/0.00
    execution time (avg/stddev):   59.9769/0.00

sysbench 1.0.11 (using system LuaJIT 2.1.0-beta3)

Running the test with following options:
Number of threads: 1
Initializing random number generator from current time


Initializing worker threads...

Threads started!

SQL statistics:
    queries performed:
        read:                            77084
        write:                           22024
        other:                           11012
        total:                           110120
    transactions:                        5506   (91.75 per sec.)
    queries:                             110120 (1835.06 per sec.)
    ignored errors:                      0      (0.00 per sec.)
    reconnects:                          0      (0.00 per sec.)

General statistics:
    total time:                          60.0071s
    total number of events:              5506

Latency (ms):
         min:                                  4.79
         avg:                                 10.89
         max:                                187.39
         95th percentile:                     23.95
         sum:                              59977.90

Threads fairness:
    events (avg/stddev):           5506.0000/0.00
    execution time (avg/stddev):   59.9779/0.00

sysbench 1.0.11 (using system LuaJIT 2.1.0-beta3)

Running the test with following options:
Number of threads: 1
Initializing random number generator from current time


Initializing worker threads...

Threads started!

SQL statistics:
    queries performed:
        read:                            74284
        write:                           21224
        other:                           10612
        total:                           106120
    transactions:                        5306   (88.42 per sec.)
    queries:                             106120 (1768.38 per sec.)
    ignored errors:                      0      (0.00 per sec.)
    reconnects:                          0      (0.00 per sec.)

General statistics:
    total time:                          60.0081s
    total number of events:              5306

Latency (ms):
         min:                                  5.09
         avg:                                 11.30
         max:                                 99.02
         95th percentile:                     28.16
         sum:                              59978.21

Threads fairness:
    events (avg/stddev):           5306.0000/0.00
    execution time (avg/stddev):   59.9782/0.00

sysbench 1.0.11 (using system LuaJIT 2.1.0-beta3)

Running the test with following options:
Number of threads: 1
Initializing random number generator from current time


Initializing worker threads...

Threads started!

SQL statistics:
    queries performed:
        read:                            76048
        write:                           21728
        other:                           10864
        total:                           108640
    transactions:                        5432   (90.52 per sec.)
    queries:                             108640 (1810.32 per sec.)
    ignored errors:                      0      (0.00 per sec.)
    reconnects:                          0      (0.00 per sec.)

General statistics:
    total time:                          60.0089s
    total number of events:              5432

Latency (ms):
         min:                                  5.10
         avg:                                 11.04
         max:                                111.17
         95th percentile:                     26.68
         sum:                              59979.04

Threads fairness:
    events (avg/stddev):           5432.0000/0.00
    execution time (avg/stddev):   59.9790/0.00

sysbench 1.0.11 (using system LuaJIT 2.1.0-beta3)

Running the test with following options:
Number of threads: 1
Initializing random number generator from current time


Initializing worker threads...

Threads started!

SQL statistics:
    queries performed:
        read:                            78022
        write:                           22292
        other:                           11146
        total:                           111460
    transactions:                        5573   (92.87 per sec.)
    queries:                             111460 (1857.32 per sec.)
    ignored errors:                      0      (0.00 per sec.)
    reconnects:                          0      (0.00 per sec.)

General statistics:
    total time:                          60.0095s
    total number of events:              5573

Latency (ms):
         min:                                  5.03
         avg:                                 10.76
         max:                                 95.33
         95th percentile:                     24.38
         sum:                              59977.74

Threads fairness:
    events (avg/stddev):           5573.0000/0.00
    execution time (avg/stddev):   59.9777/0.00

sysbench 1.0.11 (using system LuaJIT 2.1.0-beta3)

Running the test with following options:
Number of threads: 1
Initializing random number generator from current time


Initializing worker threads...

Threads started!

SQL statistics:
    queries performed:
        read:                            75894
        write:                           21684
        other:                           10842
        total:                           108420
    transactions:                        5421   (90.34 per sec.)
    queries:                             108420 (1806.87 per sec.)
    ignored errors:                      0      (0.00 per sec.)
    reconnects:                          0      (0.00 per sec.)

General statistics:
    total time:                          60.0028s
    total number of events:              5421

Latency (ms):
         min:                                  5.10
         avg:                                 11.06
         max:                                153.60
         95th percentile:                     24.83
         sum:                              59971.51

Threads fairness:
    events (avg/stddev):           5421.0000/0.00
    execution time (avg/stddev):   59.9715/0.00

sysbench 1.0.11 (using system LuaJIT 2.1.0-beta3)

Running the test with following options:
Number of threads: 1
Initializing random number generator from current time


Initializing worker threads...

Threads started!

SQL statistics:
    queries performed:
        read:                            79156
        write:                           22616
        other:                           11308
        total:                           113080
    transactions:                        5654   (94.21 per sec.)
    queries:                             113080 (1884.25 per sec.)
    ignored errors:                      0      (0.00 per sec.)
    reconnects:                          0      (0.00 per sec.)

General statistics:
    total time:                          60.0118s
    total number of events:              5654

Latency (ms):
         min:                                  5.08
         avg:                                 10.61
         max:                                 88.99
         95th percentile:                     21.89
         sum:                              59978.93

Threads fairness:
    events (avg/stddev):           5654.0000/0.00
    execution time (avg/stddev):   59.9789/0.00

sysbench 1.0.11 (using system LuaJIT 2.1.0-beta3)

Running the test with following options:
Number of threads: 1
Initializing random number generator from current time


Initializing worker threads...

Threads started!

SQL statistics:
    queries performed:
        read:                            78050
        write:                           22300
        other:                           11150
        total:                           111500
    transactions:                        5575   (92.89 per sec.)
    queries:                             111500 (1857.72 per sec.)
    ignored errors:                      0      (0.00 per sec.)
    reconnects:                          0      (0.00 per sec.)

General statistics:
    total time:                          60.0180s
    total number of events:              5575

Latency (ms):
         min:                                  5.00
         avg:                                 10.76
         max:                                213.41
         95th percentile:                     23.10
         sum:                              59986.59

Threads fairness:
    events (avg/stddev):           5575.0000/0.00
    execution time (avg/stddev):   59.9866/0.00

sysbench 1.0.11 (using system LuaJIT 2.1.0-beta3)

Running the test with following options:
Number of threads: 1
Initializing random number generator from current time


Initializing worker threads...

Threads started!

SQL statistics:
    queries performed:
        read:                            75740
        write:                           21640
        other:                           10820
        total:                           108200
    transactions:                        5410   (90.16 per sec.)
    queries:                             108200 (1803.23 per sec.)
    ignored errors:                      0      (0.00 per sec.)
    reconnects:                          0      (0.00 per sec.)

General statistics:
    total time:                          60.0019s
    total number of events:              5410

Latency (ms):
         min:                                  5.14
         avg:                                 11.09
         max:                                124.90
         95th percentile:                     27.66
         sum:                              59971.25

Threads fairness:
    events (avg/stddev):           5410.0000/0.00
    execution time (avg/stddev):   59.9713/0.00

sysbench 1.0.11 (using system LuaJIT 2.1.0-beta3)

Running the test with following options:
Number of threads: 1
Initializing random number generator from current time


Initializing worker threads...

Threads started!

SQL statistics:
    queries performed:
        read:                            75614
        write:                           21604
        other:                           10802
        total:                           108020
    transactions:                        5401   (90.01 per sec.)
    queries:                             108020 (1800.14 per sec.)
    ignored errors:                      0      (0.00 per sec.)
    reconnects:                          0      (0.00 per sec.)

General statistics:
    total time:                          60.0048s
    total number of events:              5401

Latency (ms):
         min:                                  4.63
         avg:                                 11.10
         max:                                255.53
         95th percentile:                     27.66
         sum:                              59976.28

Threads fairness:
    events (avg/stddev):           5401.0000/0.00
    execution time (avg/stddev):   59.9763/0.00

sysbench 1.0.11 (using system LuaJIT 2.1.0-beta3)

Running the test with following options:
Number of threads: 1
Initializing random number generator from current time


Initializing worker threads...

Threads started!

SQL statistics:
    queries performed:
        read:                            77378
        write:                           22108
        other:                           11054
        total:                           110540
    transactions:                        5527   (92.11 per sec.)
    queries:                             110540 (1842.26 per sec.)
    ignored errors:                      0      (0.00 per sec.)
    reconnects:                          0      (0.00 per sec.)

General statistics:
    total time:                          60.0007s
    total number of events:              5527

Latency (ms):
         min:                                  5.08
         avg:                                 10.85
         max:                                105.57
         95th percentile:                     26.20
         sum:                              59969.41

Threads fairness:
    events (avg/stddev):           5527.0000/0.00
    execution time (avg/stddev):   59.9694/0.00

sysbench 1.0.11 (using system LuaJIT 2.1.0-beta3)

Running the test with following options:
Number of threads: 1
Initializing random number generator from current time


Initializing worker threads...

Threads started!

SQL statistics:
    queries performed:
        read:                            77882
        write:                           22252
        other:                           11126
        total:                           111260
    transactions:                        5563   (92.70 per sec.)
    queries:                             111260 (1854.03 per sec.)
    ignored errors:                      0      (0.00 per sec.)
    reconnects:                          0      (0.00 per sec.)

General statistics:
    total time:                          60.0083s
    total number of events:              5563

Latency (ms):
         min:                                  4.93
         avg:                                 10.78
         max:                                377.57
         95th percentile:                     22.28
         sum:                              59976.24

Threads fairness:
    events (avg/stddev):           5563.0000/0.00
    execution time (avg/stddev):   59.9762/0.00

sysbench 1.0.11 (using system LuaJIT 2.1.0-beta3)

Running the test with following options:
Number of threads: 1
Initializing random number generator from current time


Initializing worker threads...

Threads started!

SQL statistics:
    queries performed:
        read:                            78596
        write:                           22456
        other:                           11228
        total:                           112280
    transactions:                        5614   (93.52 per sec.)
    queries:                             112280 (1870.41 per sec.)
    ignored errors:                      0      (0.00 per sec.)
    reconnects:                          0      (0.00 per sec.)

General statistics:
    total time:                          60.0279s
    total number of events:              5614

Latency (ms):
         min:                                  4.63
         avg:                                 10.69
         max:                                110.87
         95th percentile:                     22.28
         sum:                              59996.80

Threads fairness:
    events (avg/stddev):           5614.0000/0.00
    execution time (avg/stddev):   59.9968/0.00

sysbench 1.0.11 (using system LuaJIT 2.1.0-beta3)

Running the test with following options:
Number of threads: 1
Initializing random number generator from current time


Initializing worker threads...

Threads started!

SQL statistics:
    queries performed:
        read:                            79114
        write:                           22604
        other:                           11302
        total:                           113020
    transactions:                        5651   (94.17 per sec.)
    queries:                             113020 (1883.36 per sec.)
    ignored errors:                      0      (0.00 per sec.)
    reconnects:                          0      (0.00 per sec.)

General statistics:
    total time:                          60.0082s
    total number of events:              5651

Latency (ms):
         min:                                  5.12
         avg:                                 10.61
         max:                                142.33
         95th percentile:                     21.89
         sum:                              59976.56

Threads fairness:
    events (avg/stddev):           5651.0000/0.00
    execution time (avg/stddev):   59.9766/0.00

