sysbench 1.0.11 (using system LuaJIT 2.1.0-beta3)

Running the test with following options:
Number of threads: 1
Initializing random number generator from current time


Initializing worker threads...

Threads started!

SQL statistics:
    queries performed:
        read:                            30282
        write:                           8652
        other:                           4326
        total:                           43260
    transactions:                        2163   (36.04 per sec.)
    queries:                             43260  (720.75 per sec.)
    ignored errors:                      0      (0.00 per sec.)
    reconnects:                          0      (0.00 per sec.)

General statistics:
    total time:                          60.0088s
    total number of events:              2163

Latency (ms):
         min:                                  5.50
         avg:                                 27.73
         max:                               2546.92
         95th percentile:                     87.56
         sum:                              59988.21

Threads fairness:
    events (avg/stddev):           2163.0000/0.00
    execution time (avg/stddev):   59.9882/0.00

sysbench 1.0.11 (using system LuaJIT 2.1.0-beta3)

Running the test with following options:
Number of threads: 1
Initializing random number generator from current time


Initializing worker threads...

Threads started!

SQL statistics:
    queries performed:
        read:                            15484
        write:                           4424
        other:                           2212
        total:                           22120
    transactions:                        1106   (18.43 per sec.)
    queries:                             22120  (368.63 per sec.)
    ignored errors:                      0      (0.00 per sec.)
    reconnects:                          0      (0.00 per sec.)

General statistics:
    total time:                          60.0046s
    total number of events:              1106

Latency (ms):
         min:                                  5.25
         avg:                                 54.25
         max:                               2812.94
         95th percentile:                    248.83
         sum:                              59995.33

Threads fairness:
    events (avg/stddev):           1106.0000/0.00
    execution time (avg/stddev):   59.9953/0.00

sysbench 1.0.11 (using system LuaJIT 2.1.0-beta3)

Running the test with following options:
Number of threads: 1
Initializing random number generator from current time


Initializing worker threads...

Threads started!

SQL statistics:
    queries performed:
        read:                            3976
        write:                           1136
        other:                           568
        total:                           5680
    transactions:                        284    (4.73 per sec.)
    queries:                             5680   (94.63 per sec.)
    ignored errors:                      0      (0.00 per sec.)
    reconnects:                          0      (0.00 per sec.)

General statistics:
    total time:                          60.0101s
    total number of events:              284

Latency (ms):
         min:                                  5.47
         avg:                                211.12
         max:                               2031.19
         95th percentile:                    759.88
         sum:                              59958.47

Threads fairness:
    events (avg/stddev):           284.0000/0.00
    execution time (avg/stddev):   59.9585/0.00

sysbench 1.0.11 (using system LuaJIT 2.1.0-beta3)

Running the test with following options:
Number of threads: 1
Initializing random number generator from current time


Initializing worker threads...

Threads started!

SQL statistics:
    queries performed:
        read:                            3626
        write:                           1036
        other:                           518
        total:                           5180
    transactions:                        259    (4.27 per sec.)
    queries:                             5180   (85.46 per sec.)
    ignored errors:                      0      (0.00 per sec.)
    reconnects:                          0      (0.00 per sec.)

General statistics:
    total time:                          60.5600s
    total number of events:              259

Latency (ms):
         min:                                 27.22
         avg:                                232.18
         max:                               2005.84
         95th percentile:                    733.00
         sum:                              60133.84

Threads fairness:
    events (avg/stddev):           259.0000/0.00
    execution time (avg/stddev):   60.1338/0.00

sysbench 1.0.11 (using system LuaJIT 2.1.0-beta3)

Running the test with following options:
Number of threads: 1
Initializing random number generator from current time


Initializing worker threads...

Threads started!

SQL statistics:
    queries performed:
        read:                            10038
        write:                           2868
        other:                           1434
        total:                           14340
    transactions:                        717    (11.78 per sec.)
    queries:                             14340  (235.53 per sec.)
    ignored errors:                      0      (0.00 per sec.)
    reconnects:                          0      (0.00 per sec.)

General statistics:
    total time:                          60.8775s
    total number of events:              717

Latency (ms):
         min:                                 18.87
         avg:                                 84.84
         max:                               1982.62
         95th percentile:                    127.81
         sum:                              60827.37

Threads fairness:
    events (avg/stddev):           717.0000/0.00
    execution time (avg/stddev):   60.8274/0.00

sysbench 1.0.11 (using system LuaJIT 2.1.0-beta3)

Running the test with following options:
Number of threads: 1
Initializing random number generator from current time


Initializing worker threads...

Threads started!

SQL statistics:
    queries performed:
        read:                            8022
        write:                           2292
        other:                           1146
        total:                           11460
    transactions:                        573    (9.54 per sec.)
    queries:                             11460  (190.78 per sec.)
    ignored errors:                      0      (0.00 per sec.)
    reconnects:                          0      (0.00 per sec.)

General statistics:
    total time:                          60.0663s
    total number of events:              573

Latency (ms):
         min:                                 30.97
         avg:                                104.81
         max:                               1505.27
         95th percentile:                    337.94
         sum:                              60058.80

Threads fairness:
    events (avg/stddev):           573.0000/0.00
    execution time (avg/stddev):   60.0588/0.00

sysbench 1.0.11 (using system LuaJIT 2.1.0-beta3)

Running the test with following options:
Number of threads: 1
Initializing random number generator from current time


Initializing worker threads...

Threads started!

SQL statistics:
    queries performed:
        read:                            8974
        write:                           2564
        other:                           1282
        total:                           12820
    transactions:                        641    (10.66 per sec.)
    queries:                             12820  (213.25 per sec.)
    ignored errors:                      0      (0.00 per sec.)
    reconnects:                          0      (0.00 per sec.)

General statistics:
    total time:                          60.1153s
    total number of events:              641

Latency (ms):
         min:                                 18.03
         avg:                                 93.77
         max:                               2827.28
         95th percentile:                    231.53
         sum:                              60108.21

Threads fairness:
    events (avg/stddev):           641.0000/0.00
    execution time (avg/stddev):   60.1082/0.00

sysbench 1.0.11 (using system LuaJIT 2.1.0-beta3)

Running the test with following options:
Number of threads: 1
Initializing random number generator from current time


Initializing worker threads...

Threads started!

SQL statistics:
    queries performed:
        read:                            14714
        write:                           4204
        other:                           2102
        total:                           21020
    transactions:                        1051   (17.52 per sec.)
    queries:                             21020  (350.31 per sec.)
    ignored errors:                      0      (0.00 per sec.)
    reconnects:                          0      (0.00 per sec.)

General statistics:
    total time:                          60.0027s
    total number of events:              1051

Latency (ms):
         min:                                  5.40
         avg:                                 57.08
         max:                               1786.79
         95th percentile:                    104.84
         sum:                              59989.16

Threads fairness:
    events (avg/stddev):           1051.0000/0.00
    execution time (avg/stddev):   59.9892/0.00

sysbench 1.0.11 (using system LuaJIT 2.1.0-beta3)

Running the test with following options:
Number of threads: 1
Initializing random number generator from current time


Initializing worker threads...

Threads started!

SQL statistics:
    queries performed:
        read:                            14238
        write:                           4068
        other:                           2034
        total:                           20340
    transactions:                        1017   (16.95 per sec.)
    queries:                             20340  (338.97 per sec.)
    ignored errors:                      0      (0.00 per sec.)
    reconnects:                          0      (0.00 per sec.)

General statistics:
    total time:                          60.0028s
    total number of events:              1017

Latency (ms):
         min:                                  5.15
         avg:                                 58.99
         max:                               2297.87
         95th percentile:                     92.42
         sum:                              59993.36

Threads fairness:
    events (avg/stddev):           1017.0000/0.00
    execution time (avg/stddev):   59.9934/0.00

sysbench 1.0.11 (using system LuaJIT 2.1.0-beta3)

Running the test with following options:
Number of threads: 1
Initializing random number generator from current time


Initializing worker threads...

Threads started!

SQL statistics:
    queries performed:
        read:                            15708
        write:                           4488
        other:                           2244
        total:                           22440
    transactions:                        1122   (18.70 per sec.)
    queries:                             22440  (373.99 per sec.)
    ignored errors:                      0      (0.00 per sec.)
    reconnects:                          0      (0.00 per sec.)

General statistics:
    total time:                          60.0007s
    total number of events:              1122

Latency (ms):
         min:                                  5.40
         avg:                                 53.46
         max:                               1445.23
         95th percentile:                     94.10
         sum:                              59978.27

Threads fairness:
    events (avg/stddev):           1122.0000/0.00
    execution time (avg/stddev):   59.9783/0.00

sysbench 1.0.11 (using system LuaJIT 2.1.0-beta3)

Running the test with following options:
Number of threads: 1
Initializing random number generator from current time


Initializing worker threads...

Threads started!

SQL statistics:
    queries performed:
        read:                            15134
        write:                           4324
        other:                           2162
        total:                           21620
    transactions:                        1081   (18.01 per sec.)
    queries:                             21620  (360.28 per sec.)
    ignored errors:                      0      (0.00 per sec.)
    reconnects:                          0      (0.00 per sec.)

General statistics:
    total time:                          60.0076s
    total number of events:              1081

Latency (ms):
         min:                                  4.53
         avg:                                 55.47
         max:                               1328.49
         95th percentile:                    112.67
         sum:                              59961.43

Threads fairness:
    events (avg/stddev):           1081.0000/0.00
    execution time (avg/stddev):   59.9614/0.00

sysbench 1.0.11 (using system LuaJIT 2.1.0-beta3)

Running the test with following options:
Number of threads: 1
Initializing random number generator from current time


Initializing worker threads...

Threads started!

SQL statistics:
    queries performed:
        read:                            13146
        write:                           3756
        other:                           1878
        total:                           18780
    transactions:                        939    (15.65 per sec.)
    queries:                             18780  (312.96 per sec.)
    ignored errors:                      0      (0.00 per sec.)
    reconnects:                          0      (0.00 per sec.)

General statistics:
    total time:                          60.0052s
    total number of events:              939

Latency (ms):
         min:                                  4.83
         avg:                                 63.89
         max:                               1980.81
         95th percentile:                    142.39
         sum:                              59997.11

Threads fairness:
    events (avg/stddev):           939.0000/0.00
    execution time (avg/stddev):   59.9971/0.00

sysbench 1.0.11 (using system LuaJIT 2.1.0-beta3)

Running the test with following options:
Number of threads: 1
Initializing random number generator from current time


Initializing worker threads...

Threads started!

SQL statistics:
    queries performed:
        read:                            16828
        write:                           4808
        other:                           2404
        total:                           24040
    transactions:                        1202   (20.03 per sec.)
    queries:                             24040  (400.65 per sec.)
    ignored errors:                      0      (0.00 per sec.)
    reconnects:                          0      (0.00 per sec.)

General statistics:
    total time:                          60.0007s
    total number of events:              1202

Latency (ms):
         min:                                  4.84
         avg:                                 49.91
         max:                               2708.95
         95th percentile:                     81.48
         sum:                              59990.73

Threads fairness:
    events (avg/stddev):           1202.0000/0.00
    execution time (avg/stddev):   59.9907/0.00

sysbench 1.0.11 (using system LuaJIT 2.1.0-beta3)

Running the test with following options:
Number of threads: 1
Initializing random number generator from current time


Initializing worker threads...

Threads started!

SQL statistics:
    queries performed:
        read:                            17892
        write:                           5112
        other:                           2556
        total:                           25560
    transactions:                        1278   (21.30 per sec.)
    queries:                             25560  (425.95 per sec.)
    ignored errors:                      0      (0.00 per sec.)
    reconnects:                          0      (0.00 per sec.)

General statistics:
    total time:                          60.0047s
    total number of events:              1278

Latency (ms):
         min:                                  5.33
         avg:                                 46.94
         max:                               1310.23
         95th percentile:                     87.56
         sum:                              59992.68

Threads fairness:
    events (avg/stddev):           1278.0000/0.00
    execution time (avg/stddev):   59.9927/0.00

sysbench 1.0.11 (using system LuaJIT 2.1.0-beta3)

Running the test with following options:
Number of threads: 1
Initializing random number generator from current time


Initializing worker threads...

Threads started!

SQL statistics:
    queries performed:
        read:                            18382
        write:                           5252
        other:                           2626
        total:                           26260
    transactions:                        1313   (21.88 per sec.)
    queries:                             26260  (437.59 per sec.)
    ignored errors:                      0      (0.00 per sec.)
    reconnects:                          0      (0.00 per sec.)

General statistics:
    total time:                          60.0070s
    total number of events:              1313

Latency (ms):
         min:                                  5.16
         avg:                                 45.69
         max:                               2003.22
         95th percentile:                     90.78
         sum:                              59996.08

Threads fairness:
    events (avg/stddev):           1313.0000/0.00
    execution time (avg/stddev):   59.9961/0.00

sysbench 1.0.11 (using system LuaJIT 2.1.0-beta3)

Running the test with following options:
Number of threads: 1
Initializing random number generator from current time


Initializing worker threads...

Threads started!

SQL statistics:
    queries performed:
        read:                            10780
        write:                           3080
        other:                           1540
        total:                           15400
    transactions:                        770    (12.83 per sec.)
    queries:                             15400  (256.65 per sec.)
    ignored errors:                      0      (0.00 per sec.)
    reconnects:                          0      (0.00 per sec.)

General statistics:
    total time:                          60.0015s
    total number of events:              770

Latency (ms):
         min:                                  5.50
         avg:                                 77.91
         max:                               1647.48
         95th percentile:                    176.73
         sum:                              59992.71

Threads fairness:
    events (avg/stddev):           770.0000/0.00
    execution time (avg/stddev):   59.9927/0.00

sysbench 1.0.11 (using system LuaJIT 2.1.0-beta3)

Running the test with following options:
Number of threads: 1
Initializing random number generator from current time


Initializing worker threads...

Threads started!

SQL statistics:
    queries performed:
        read:                            8694
        write:                           2484
        other:                           1242
        total:                           12420
    transactions:                        621    (10.34 per sec.)
    queries:                             12420  (206.85 per sec.)
    ignored errors:                      0      (0.00 per sec.)
    reconnects:                          0      (0.00 per sec.)

General statistics:
    total time:                          60.0385s
    total number of events:              621

Latency (ms):
         min:                                 29.17
         avg:                                 96.67
         max:                               2060.11
         95th percentile:                    419.45
         sum:                              60029.11

Threads fairness:
    events (avg/stddev):           621.0000/0.00
    execution time (avg/stddev):   60.0291/0.00

sysbench 1.0.11 (using system LuaJIT 2.1.0-beta3)

Running the test with following options:
Number of threads: 1
Initializing random number generator from current time


Initializing worker threads...

Threads started!

SQL statistics:
    queries performed:
        read:                            10850
        write:                           3100
        other:                           1550
        total:                           15500
    transactions:                        775    (12.92 per sec.)
    queries:                             15500  (258.31 per sec.)
    ignored errors:                      0      (0.00 per sec.)
    reconnects:                          0      (0.00 per sec.)

General statistics:
    total time:                          60.0038s
    total number of events:              775

Latency (ms):
         min:                                  5.59
         avg:                                 77.42
         max:                               2917.97
         95th percentile:                    125.52
         sum:                              59997.44

Threads fairness:
    events (avg/stddev):           775.0000/0.00
    execution time (avg/stddev):   59.9974/0.00

sysbench 1.0.11 (using system LuaJIT 2.1.0-beta3)

Running the test with following options:
Number of threads: 1
Initializing random number generator from current time


Initializing worker threads...

Threads started!

SQL statistics:
    queries performed:
        read:                            17612
        write:                           5032
        other:                           2516
        total:                           25160
    transactions:                        1258   (20.96 per sec.)
    queries:                             25160  (419.14 per sec.)
    ignored errors:                      0      (0.00 per sec.)
    reconnects:                          0      (0.00 per sec.)

General statistics:
    total time:                          60.0238s
    total number of events:              1258

Latency (ms):
         min:                                  5.37
         avg:                                 47.70
         max:                               1842.34
         95th percentile:                     82.96
         sum:                              60004.12

Threads fairness:
    events (avg/stddev):           1258.0000/0.00
    execution time (avg/stddev):   60.0041/0.00

sysbench 1.0.11 (using system LuaJIT 2.1.0-beta3)

Running the test with following options:
Number of threads: 1
Initializing random number generator from current time


Initializing worker threads...

Threads started!

SQL statistics:
    queries performed:
        read:                            19992
        write:                           5712
        other:                           2856
        total:                           28560
    transactions:                        1428   (23.79 per sec.)
    queries:                             28560  (475.87 per sec.)
    ignored errors:                      0      (0.00 per sec.)
    reconnects:                          0      (0.00 per sec.)

General statistics:
    total time:                          60.0126s
    total number of events:              1428

Latency (ms):
         min:                                  5.32
         avg:                                 42.01
         max:                               2374.58
         95th percentile:                     74.46
         sum:                              59990.64

Threads fairness:
    events (avg/stddev):           1428.0000/0.00
    execution time (avg/stddev):   59.9906/0.00

sysbench 1.0.11 (using system LuaJIT 2.1.0-beta3)

Running the test with following options:
Number of threads: 1
Initializing random number generator from current time


Initializing worker threads...

Threads started!

SQL statistics:
    queries performed:
        read:                            21658
        write:                           6188
        other:                           3094
        total:                           30940
    transactions:                        1547   (25.78 per sec.)
    queries:                             30940  (515.60 per sec.)
    ignored errors:                      0      (0.00 per sec.)
    reconnects:                          0      (0.00 per sec.)

General statistics:
    total time:                          60.0065s
    total number of events:              1547

Latency (ms):
         min:                                  5.35
         avg:                                 38.78
         max:                               1203.66
         95th percentile:                     77.19
         sum:                              59990.42

Threads fairness:
    events (avg/stddev):           1547.0000/0.00
    execution time (avg/stddev):   59.9904/0.00

sysbench 1.0.11 (using system LuaJIT 2.1.0-beta3)

Running the test with following options:
Number of threads: 1
Initializing random number generator from current time


Initializing worker threads...

Threads started!

SQL statistics:
    queries performed:
        read:                            23982
        write:                           6852
        other:                           3426
        total:                           34260
    transactions:                        1713   (28.54 per sec.)
    queries:                             34260  (570.74 per sec.)
    ignored errors:                      0      (0.00 per sec.)
    reconnects:                          0      (0.00 per sec.)

General statistics:
    total time:                          60.0252s
    total number of events:              1713

Latency (ms):
         min:                                  5.21
         avg:                                 35.03
         max:                               1304.40
         95th percentile:                     74.46
         sum:                              60009.46

Threads fairness:
    events (avg/stddev):           1713.0000/0.00
    execution time (avg/stddev):   60.0095/0.00

sysbench 1.0.11 (using system LuaJIT 2.1.0-beta3)

Running the test with following options:
Number of threads: 1
Initializing random number generator from current time


Initializing worker threads...

Threads started!

SQL statistics:
    queries performed:
        read:                            18606
        write:                           5316
        other:                           2658
        total:                           26580
    transactions:                        1329   (22.15 per sec.)
    queries:                             26580  (442.95 per sec.)
    ignored errors:                      0      (0.00 per sec.)
    reconnects:                          0      (0.00 per sec.)

General statistics:
    total time:                          60.0054s
    total number of events:              1329

Latency (ms):
         min:                                  5.22
         avg:                                 45.14
         max:                               1545.43
         95th percentile:                     95.81
         sum:                              59993.50

Threads fairness:
    events (avg/stddev):           1329.0000/0.00
    execution time (avg/stddev):   59.9935/0.00

sysbench 1.0.11 (using system LuaJIT 2.1.0-beta3)

Running the test with following options:
Number of threads: 1
Initializing random number generator from current time


Initializing worker threads...

Threads started!

SQL statistics:
    queries performed:
        read:                            20664
        write:                           5904
        other:                           2952
        total:                           29520
    transactions:                        1476   (24.59 per sec.)
    queries:                             29520  (491.84 per sec.)
    ignored errors:                      0      (0.00 per sec.)
    reconnects:                          0      (0.00 per sec.)

General statistics:
    total time:                          60.0160s
    total number of events:              1476

Latency (ms):
         min:                                  5.30
         avg:                                 40.65
         max:                                798.89
         95th percentile:                     80.03
         sum:                              60004.16

Threads fairness:
    events (avg/stddev):           1476.0000/0.00
    execution time (avg/stddev):   60.0042/0.00

sysbench 1.0.11 (using system LuaJIT 2.1.0-beta3)

Running the test with following options:
Number of threads: 1
Initializing random number generator from current time


Initializing worker threads...

Threads started!

SQL statistics:
    queries performed:
        read:                            19250
        write:                           5500
        other:                           2750
        total:                           27500
    transactions:                        1375   (22.91 per sec.)
    queries:                             27500  (458.24 per sec.)
    ignored errors:                      0      (0.00 per sec.)
    reconnects:                          0      (0.00 per sec.)

General statistics:
    total time:                          60.0099s
    total number of events:              1375

Latency (ms):
         min:                                  5.36
         avg:                                 43.63
         max:                               2894.43
         95th percentile:                     81.48
         sum:                              59995.43

Threads fairness:
    events (avg/stddev):           1375.0000/0.00
    execution time (avg/stddev):   59.9954/0.00

sysbench 1.0.11 (using system LuaJIT 2.1.0-beta3)

Running the test with following options:
Number of threads: 1
Initializing random number generator from current time


Initializing worker threads...

Threads started!

SQL statistics:
    queries performed:
        read:                            18494
        write:                           5284
        other:                           2642
        total:                           26420
    transactions:                        1321   (22.01 per sec.)
    queries:                             26420  (440.28 per sec.)
    ignored errors:                      0      (0.00 per sec.)
    reconnects:                          0      (0.00 per sec.)

General statistics:
    total time:                          60.0051s
    total number of events:              1321

Latency (ms):
         min:                                  5.35
         avg:                                 45.41
         max:                               1817.25
         95th percentile:                     86.00
         sum:                              59991.05

Threads fairness:
    events (avg/stddev):           1321.0000/0.00
    execution time (avg/stddev):   59.9910/0.00

sysbench 1.0.11 (using system LuaJIT 2.1.0-beta3)

Running the test with following options:
Number of threads: 1
Initializing random number generator from current time


Initializing worker threads...

Threads started!

SQL statistics:
    queries performed:
        read:                            17360
        write:                           4960
        other:                           2480
        total:                           24800
    transactions:                        1240   (20.66 per sec.)
    queries:                             24800  (413.29 per sec.)
    ignored errors:                      0      (0.00 per sec.)
    reconnects:                          0      (0.00 per sec.)

General statistics:
    total time:                          60.0048s
    total number of events:              1240

Latency (ms):
         min:                                  5.26
         avg:                                 48.38
         max:                               1848.43
         95th percentile:                     80.03
         sum:                              59992.46

Threads fairness:
    events (avg/stddev):           1240.0000/0.00
    execution time (avg/stddev):   59.9925/0.00

sysbench 1.0.11 (using system LuaJIT 2.1.0-beta3)

Running the test with following options:
Number of threads: 1
Initializing random number generator from current time


Initializing worker threads...

Threads started!

SQL statistics:
    queries performed:
        read:                            18760
        write:                           5360
        other:                           2680
        total:                           26800
    transactions:                        1340   (22.33 per sec.)
    queries:                             26800  (446.58 per sec.)
    ignored errors:                      0      (0.00 per sec.)
    reconnects:                          0      (0.00 per sec.)

General statistics:
    total time:                          60.0100s
    total number of events:              1340

Latency (ms):
         min:                                  5.32
         avg:                                 44.78
         max:                               1552.32
         95th percentile:                     86.00
         sum:                              60000.26

Threads fairness:
    events (avg/stddev):           1340.0000/0.00
    execution time (avg/stddev):   60.0003/0.00

sysbench 1.0.11 (using system LuaJIT 2.1.0-beta3)

Running the test with following options:
Number of threads: 1
Initializing random number generator from current time


Initializing worker threads...

Threads started!

SQL statistics:
    queries performed:
        read:                            18228
        write:                           5208
        other:                           2604
        total:                           26040
    transactions:                        1302   (21.70 per sec.)
    queries:                             26040  (433.96 per sec.)
    ignored errors:                      0      (0.00 per sec.)
    reconnects:                          0      (0.00 per sec.)

General statistics:
    total time:                          60.0045s
    total number of events:              1302

Latency (ms):
         min:                                  4.58
         avg:                                 46.08
         max:                               2249.18
         95th percentile:                     90.78
         sum:                              59992.15

Threads fairness:
    events (avg/stddev):           1302.0000/0.00
    execution time (avg/stddev):   59.9922/0.00

sysbench 1.0.11 (using system LuaJIT 2.1.0-beta3)

Running the test with following options:
Number of threads: 1
Initializing random number generator from current time


Initializing worker threads...

Threads started!

SQL statistics:
    queries performed:
        read:                            15526
        write:                           4436
        other:                           2218
        total:                           22180
    transactions:                        1109   (18.48 per sec.)
    queries:                             22180  (369.62 per sec.)
    ignored errors:                      0      (0.00 per sec.)
    reconnects:                          0      (0.00 per sec.)

General statistics:
    total time:                          60.0061s
    total number of events:              1109

Latency (ms):
         min:                                  5.34
         avg:                                 54.10
         max:                               2246.46
         95th percentile:                     92.42
         sum:                              59997.43

Threads fairness:
    events (avg/stddev):           1109.0000/0.00
    execution time (avg/stddev):   59.9974/0.00

