sysbench 1.0.11 (using system LuaJIT 2.1.0-beta3)

Running the test with following options:
Number of threads: 1
Initializing random number generator from current time


Initializing worker threads...

Threads started!

SQL statistics:
    queries performed:
        read:                            350
        write:                           100
        other:                           50
        total:                           500
    transactions:                        25     (0.41 per sec.)
    queries:                             500    (8.11 per sec.)
    ignored errors:                      0      (0.00 per sec.)
    reconnects:                          0      (0.00 per sec.)

General statistics:
    total time:                          61.6598s
    total number of events:              25

Latency (ms):
         min:                                396.48
         avg:                               2449.76
         max:                              15947.52
         95th percentile:                   5507.54
         sum:                              61243.88

Threads fairness:
    events (avg/stddev):           25.0000/0.00
    execution time (avg/stddev):   61.2439/0.00

sysbench 1.0.11 (using system LuaJIT 2.1.0-beta3)

Running the test with following options:
Number of threads: 1
Initializing random number generator from current time


Initializing worker threads...

Threads started!

SQL statistics:
    queries performed:
        read:                            686
        write:                           196
        other:                           98
        total:                           980
    transactions:                        49     (0.81 per sec.)
    queries:                             980    (16.12 per sec.)
    ignored errors:                      0      (0.00 per sec.)
    reconnects:                          0      (0.00 per sec.)

General statistics:
    total time:                          60.7801s
    total number of events:              49

Latency (ms):
         min:                                 13.23
         avg:                               1238.81
         max:                               8451.63
         95th percentile:                   3511.19
         sum:                              60701.91

Threads fairness:
    events (avg/stddev):           49.0000/0.00
    execution time (avg/stddev):   60.7019/0.00

sysbench 1.0.11 (using system LuaJIT 2.1.0-beta3)

Running the test with following options:
Number of threads: 1
Initializing random number generator from current time


Initializing worker threads...

Threads started!

SQL statistics:
    queries performed:
        read:                            6874
        write:                           1964
        other:                           982
        total:                           9820
    transactions:                        491    (8.12 per sec.)
    queries:                             9820   (162.48 per sec.)
    ignored errors:                      0      (0.00 per sec.)
    reconnects:                          0      (0.00 per sec.)

General statistics:
    total time:                          60.3583s
    total number of events:              491

Latency (ms):
         min:                                  9.29
         avg:                                122.32
         max:                               2224.10
         95th percentile:                    493.24
         sum:                              60058.34

Threads fairness:
    events (avg/stddev):           491.0000/0.00
    execution time (avg/stddev):   60.0583/0.00

sysbench 1.0.11 (using system LuaJIT 2.1.0-beta3)

Running the test with following options:
Number of threads: 1
Initializing random number generator from current time


Initializing worker threads...

Threads started!

SQL statistics:
    queries performed:
        read:                            16562
        write:                           4732
        other:                           2366
        total:                           23660
    transactions:                        1183   (19.53 per sec.)
    queries:                             23660  (390.62 per sec.)
    ignored errors:                      0      (0.00 per sec.)
    reconnects:                          0      (0.00 per sec.)

General statistics:
    total time:                          60.5040s
    total number of events:              1183

Latency (ms):
         min:                                 19.99
         avg:                                 50.72
         max:                               1204.71
         95th percentile:                     64.47
         sum:                              59999.53

Threads fairness:
    events (avg/stddev):           1183.0000/0.00
    execution time (avg/stddev):   59.9995/0.00

sysbench 1.0.11 (using system LuaJIT 2.1.0-beta3)

Running the test with following options:
Number of threads: 1
Initializing random number generator from current time


Initializing worker threads...

Threads started!

SQL statistics:
    queries performed:
        read:                            19180
        write:                           5480
        other:                           2740
        total:                           27400
    transactions:                        1370   (22.82 per sec.)
    queries:                             27400  (456.46 per sec.)
    ignored errors:                      0      (0.00 per sec.)
    reconnects:                          0      (0.00 per sec.)

General statistics:
    total time:                          60.0247s
    total number of events:              1370

Latency (ms):
         min:                                  5.03
         avg:                                 43.80
         max:                                523.33
         95th percentile:                     62.19
         sum:                              60004.23

Threads fairness:
    events (avg/stddev):           1370.0000/0.00
    execution time (avg/stddev):   60.0042/0.00

sysbench 1.0.11 (using system LuaJIT 2.1.0-beta3)

Running the test with following options:
Number of threads: 1
Initializing random number generator from current time


Initializing worker threads...

Threads started!

SQL statistics:
    queries performed:
        read:                            17556
        write:                           5016
        other:                           2508
        total:                           25080
    transactions:                        1254   (20.84 per sec.)
    queries:                             25080  (416.85 per sec.)
    ignored errors:                      0      (0.00 per sec.)
    reconnects:                          0      (0.00 per sec.)

General statistics:
    total time:                          60.1255s
    total number of events:              1254

Latency (ms):
         min:                                 17.66
         avg:                                 47.76
         max:                               1038.36
         95th percentile:                     58.92
         sum:                              59886.17

Threads fairness:
    events (avg/stddev):           1254.0000/0.00
    execution time (avg/stddev):   59.8862/0.00

sysbench 1.0.11 (using system LuaJIT 2.1.0-beta3)

Running the test with following options:
Number of threads: 1
Initializing random number generator from current time


Initializing worker threads...

Threads started!

SQL statistics:
    queries performed:
        read:                            18172
        write:                           5192
        other:                           2596
        total:                           25960
    transactions:                        1298   (21.62 per sec.)
    queries:                             25960  (432.45 per sec.)
    ignored errors:                      0      (0.00 per sec.)
    reconnects:                          0      (0.00 per sec.)

General statistics:
    total time:                          60.0276s
    total number of events:              1298

Latency (ms):
         min:                                  6.18
         avg:                                 46.24
         max:                                482.90
         95th percentile:                     62.19
         sum:                              60018.62

Threads fairness:
    events (avg/stddev):           1298.0000/0.00
    execution time (avg/stddev):   60.0186/0.00

sysbench 1.0.11 (using system LuaJIT 2.1.0-beta3)

Running the test with following options:
Number of threads: 1
Initializing random number generator from current time


Initializing worker threads...

Threads started!

SQL statistics:
    queries performed:
        read:                            19082
        write:                           5452
        other:                           2726
        total:                           27260
    transactions:                        1363   (22.70 per sec.)
    queries:                             27260  (454.02 per sec.)
    ignored errors:                      0      (0.00 per sec.)
    reconnects:                          0      (0.00 per sec.)

General statistics:
    total time:                          60.0054s
    total number of events:              1363

Latency (ms):
         min:                                 10.25
         avg:                                 43.97
         max:                                643.72
         95th percentile:                     62.19
         sum:                              59934.71

Threads fairness:
    events (avg/stddev):           1363.0000/0.00
    execution time (avg/stddev):   59.9347/0.00

sysbench 1.0.11 (using system LuaJIT 2.1.0-beta3)

Running the test with following options:
Number of threads: 1
Initializing random number generator from current time


Initializing worker threads...

Threads started!

SQL statistics:
    queries performed:
        read:                            16576
        write:                           4736
        other:                           2368
        total:                           23680
    transactions:                        1184   (19.63 per sec.)
    queries:                             23680  (392.53 per sec.)
    ignored errors:                      0      (0.00 per sec.)
    reconnects:                          0      (0.00 per sec.)

General statistics:
    total time:                          60.0356s
    total number of events:              1184

Latency (ms):
         min:                                 10.88
         avg:                                 50.69
         max:                               1001.17
         95th percentile:                     65.65
         sum:                              60021.01

Threads fairness:
    events (avg/stddev):           1184.0000/0.00
    execution time (avg/stddev):   60.0210/0.00

sysbench 1.0.11 (using system LuaJIT 2.1.0-beta3)

Running the test with following options:
Number of threads: 1
Initializing random number generator from current time


Initializing worker threads...

Threads started!

SQL statistics:
    queries performed:
        read:                            17570
        write:                           5020
        other:                           2510
        total:                           25100
    transactions:                        1255   (20.90 per sec.)
    queries:                             25100  (418.07 per sec.)
    ignored errors:                      0      (0.00 per sec.)
    reconnects:                          0      (0.00 per sec.)

General statistics:
    total time:                          60.0140s
    total number of events:              1255

Latency (ms):
         min:                                 21.49
         avg:                                 47.78
         max:                               2157.44
         95th percentile:                     59.99
         sum:                              59960.14

Threads fairness:
    events (avg/stddev):           1255.0000/0.00
    execution time (avg/stddev):   59.9601/0.00

sysbench 1.0.11 (using system LuaJIT 2.1.0-beta3)

Running the test with following options:
Number of threads: 1
Initializing random number generator from current time


Initializing worker threads...

Threads started!

SQL statistics:
    queries performed:
        read:                            17822
        write:                           5092
        other:                           2546
        total:                           25460
    transactions:                        1273   (21.21 per sec.)
    queries:                             25460  (424.15 per sec.)
    ignored errors:                      0      (0.00 per sec.)
    reconnects:                          0      (0.00 per sec.)

General statistics:
    total time:                          60.0048s
    total number of events:              1273

Latency (ms):
         min:                                  6.93
         avg:                                 47.02
         max:                                703.23
         95th percentile:                     59.99
         sum:                              59859.72

Threads fairness:
    events (avg/stddev):           1273.0000/0.00
    execution time (avg/stddev):   59.8597/0.00

sysbench 1.0.11 (using system LuaJIT 2.1.0-beta3)

Running the test with following options:
Number of threads: 1
Initializing random number generator from current time


Initializing worker threads...

Threads started!

SQL statistics:
    queries performed:
        read:                            17640
        write:                           5040
        other:                           2520
        total:                           25200
    transactions:                        1260   (20.99 per sec.)
    queries:                             25200  (419.86 per sec.)
    ignored errors:                      0      (0.00 per sec.)
    reconnects:                          0      (0.00 per sec.)

General statistics:
    total time:                          60.0118s
    total number of events:              1260

Latency (ms):
         min:                                 17.44
         avg:                                 47.62
         max:                                243.76
         95th percentile:                     62.19
         sum:                              59998.12

Threads fairness:
    events (avg/stddev):           1260.0000/0.00
    execution time (avg/stddev):   59.9981/0.00

sysbench 1.0.11 (using system LuaJIT 2.1.0-beta3)

Running the test with following options:
Number of threads: 1
Initializing random number generator from current time


Initializing worker threads...

Threads started!

SQL statistics:
    queries performed:
        read:                            20482
        write:                           5852
        other:                           2926
        total:                           29260
    transactions:                        1463   (24.38 per sec.)
    queries:                             29260  (487.53 per sec.)
    ignored errors:                      0      (0.00 per sec.)
    reconnects:                          0      (0.00 per sec.)

General statistics:
    total time:                          60.0157s
    total number of events:              1463

Latency (ms):
         min:                                  3.72
         avg:                                 41.01
         max:                                307.99
         95th percentile:                     61.08
         sum:                              59997.89

Threads fairness:
    events (avg/stddev):           1463.0000/0.00
    execution time (avg/stddev):   59.9979/0.00

sysbench 1.0.11 (using system LuaJIT 2.1.0-beta3)

Running the test with following options:
Number of threads: 1
Initializing random number generator from current time


Initializing worker threads...

Threads started!

SQL statistics:
    queries performed:
        read:                            17486
        write:                           4996
        other:                           2498
        total:                           24980
    transactions:                        1249   (20.81 per sec.)
    queries:                             24980  (416.14 per sec.)
    ignored errors:                      0      (0.00 per sec.)
    reconnects:                          0      (0.00 per sec.)

General statistics:
    total time:                          60.0120s
    total number of events:              1249

Latency (ms):
         min:                                 16.46
         avg:                                 48.04
         max:                                535.25
         95th percentile:                     61.08
         sum:                              60003.28

Threads fairness:
    events (avg/stddev):           1249.0000/0.00
    execution time (avg/stddev):   60.0033/0.00

sysbench 1.0.11 (using system LuaJIT 2.1.0-beta3)

Running the test with following options:
Number of threads: 1
Initializing random number generator from current time


Initializing worker threads...

Threads started!

SQL statistics:
    queries performed:
        read:                            17080
        write:                           4880
        other:                           2440
        total:                           24400
    transactions:                        1220   (20.31 per sec.)
    queries:                             24400  (406.13 per sec.)
    ignored errors:                      0      (0.00 per sec.)
    reconnects:                          0      (0.00 per sec.)

General statistics:
    total time:                          60.0293s
    total number of events:              1220

Latency (ms):
         min:                                  9.29
         avg:                                 49.14
         max:                               1314.12
         95th percentile:                     63.32
         sum:                              59954.45

Threads fairness:
    events (avg/stddev):           1220.0000/0.00
    execution time (avg/stddev):   59.9544/0.00

sysbench 1.0.11 (using system LuaJIT 2.1.0-beta3)

Running the test with following options:
Number of threads: 1
Initializing random number generator from current time


Initializing worker threads...

Threads started!

SQL statistics:
    queries performed:
        read:                            17360
        write:                           4960
        other:                           2480
        total:                           24800
    transactions:                        1240   (20.65 per sec.)
    queries:                             24800  (413.08 per sec.)
    ignored errors:                      0      (0.00 per sec.)
    reconnects:                          0      (0.00 per sec.)

General statistics:
    total time:                          60.0140s
    total number of events:              1240

Latency (ms):
         min:                                 18.65
         avg:                                 48.35
         max:                               1168.99
         95th percentile:                     62.19
         sum:                              59956.36

Threads fairness:
    events (avg/stddev):           1240.0000/0.00
    execution time (avg/stddev):   59.9564/0.00

sysbench 1.0.11 (using system LuaJIT 2.1.0-beta3)

Running the test with following options:
Number of threads: 1
Initializing random number generator from current time


Initializing worker threads...

Threads started!

SQL statistics:
    queries performed:
        read:                            18536
        write:                           5296
        other:                           2648
        total:                           26480
    transactions:                        1324   (22.05 per sec.)
    queries:                             26480  (440.94 per sec.)
    ignored errors:                      0      (0.00 per sec.)
    reconnects:                          0      (0.00 per sec.)

General statistics:
    total time:                          60.0366s
    total number of events:              1324

Latency (ms):
         min:                                  3.84
         avg:                                 45.34
         max:                                373.70
         95th percentile:                     61.08
         sum:                              60027.17

Threads fairness:
    events (avg/stddev):           1324.0000/0.00
    execution time (avg/stddev):   60.0272/0.00

sysbench 1.0.11 (using system LuaJIT 2.1.0-beta3)

Running the test with following options:
Number of threads: 1
Initializing random number generator from current time


Initializing worker threads...

Threads started!

SQL statistics:
    queries performed:
        read:                            18746
        write:                           5356
        other:                           2678
        total:                           26780
    transactions:                        1339   (22.31 per sec.)
    queries:                             26780  (446.16 per sec.)
    ignored errors:                      0      (0.00 per sec.)
    reconnects:                          0      (0.00 per sec.)

General statistics:
    total time:                          60.0066s
    total number of events:              1339

Latency (ms):
         min:                                  7.63
         avg:                                 44.81
         max:                                315.76
         95th percentile:                     58.92
         sum:                              59997.27

Threads fairness:
    events (avg/stddev):           1339.0000/0.00
    execution time (avg/stddev):   59.9973/0.00

sysbench 1.0.11 (using system LuaJIT 2.1.0-beta3)

Running the test with following options:
Number of threads: 1
Initializing random number generator from current time


Initializing worker threads...

Threads started!

SQL statistics:
    queries performed:
        read:                            19362
        write:                           5532
        other:                           2766
        total:                           27660
    transactions:                        1383   (23.03 per sec.)
    queries:                             27660  (460.68 per sec.)
    ignored errors:                      0      (0.00 per sec.)
    reconnects:                          0      (0.00 per sec.)

General statistics:
    total time:                          60.0009s
    total number of events:              1383

Latency (ms):
         min:                                  3.91
         avg:                                 43.33
         max:                                643.32
         95th percentile:                     57.87
         sum:                              59923.07

Threads fairness:
    events (avg/stddev):           1383.0000/0.00
    execution time (avg/stddev):   59.9231/0.00

sysbench 1.0.11 (using system LuaJIT 2.1.0-beta3)

Running the test with following options:
Number of threads: 1
Initializing random number generator from current time


Initializing worker threads...

Threads started!

SQL statistics:
    queries performed:
        read:                            17388
        write:                           4968
        other:                           2484
        total:                           24840
    transactions:                        1242   (20.69 per sec.)
    queries:                             24840  (413.87 per sec.)
    ignored errors:                      0      (0.00 per sec.)
    reconnects:                          0      (0.00 per sec.)

General statistics:
    total time:                          60.0068s
    total number of events:              1242

Latency (ms):
         min:                                 26.06
         avg:                                 48.31
         max:                                574.54
         95th percentile:                     64.47
         sum:                              59999.02

Threads fairness:
    events (avg/stddev):           1242.0000/0.00
    execution time (avg/stddev):   59.9990/0.00

sysbench 1.0.11 (using system LuaJIT 2.1.0-beta3)

Running the test with following options:
Number of threads: 1
Initializing random number generator from current time


Initializing worker threads...

Threads started!

SQL statistics:
    queries performed:
        read:                            17360
        write:                           4960
        other:                           2480
        total:                           24800
    transactions:                        1240   (20.66 per sec.)
    queries:                             24800  (413.12 per sec.)
    ignored errors:                      0      (0.00 per sec.)
    reconnects:                          0      (0.00 per sec.)

General statistics:
    total time:                          60.0253s
    total number of events:              1240

Latency (ms):
         min:                                 24.09
         avg:                                 48.38
         max:                               2440.86
         95th percentile:                     59.99
         sum:                              59985.37

Threads fairness:
    events (avg/stddev):           1240.0000/0.00
    execution time (avg/stddev):   59.9854/0.00

sysbench 1.0.11 (using system LuaJIT 2.1.0-beta3)

Running the test with following options:
Number of threads: 1
Initializing random number generator from current time


Initializing worker threads...

Threads started!

SQL statistics:
    queries performed:
        read:                            18284
        write:                           5224
        other:                           2612
        total:                           26120
    transactions:                        1306   (21.75 per sec.)
    queries:                             26120  (434.91 per sec.)
    ignored errors:                      0      (0.00 per sec.)
    reconnects:                          0      (0.00 per sec.)

General statistics:
    total time:                          60.0368s
    total number of events:              1306

Latency (ms):
         min:                                  3.76
         avg:                                 45.96
         max:                                985.70
         95th percentile:                     56.84
         sum:                              60026.16

Threads fairness:
    events (avg/stddev):           1306.0000/0.00
    execution time (avg/stddev):   60.0262/0.00

sysbench 1.0.11 (using system LuaJIT 2.1.0-beta3)

Running the test with following options:
Number of threads: 1
Initializing random number generator from current time


Initializing worker threads...

Threads started!

SQL statistics:
    queries performed:
        read:                            17864
        write:                           5104
        other:                           2552
        total:                           25520
    transactions:                        1276   (21.27 per sec.)
    queries:                             25520  (425.31 per sec.)
    ignored errors:                      0      (0.00 per sec.)
    reconnects:                          0      (0.00 per sec.)

General statistics:
    total time:                          60.0021s
    total number of events:              1276

Latency (ms):
         min:                                 20.19
         avg:                                 47.01
         max:                                916.20
         95th percentile:                     58.92
         sum:                              59990.58

Threads fairness:
    events (avg/stddev):           1276.0000/0.00
    execution time (avg/stddev):   59.9906/0.00

sysbench 1.0.11 (using system LuaJIT 2.1.0-beta3)

Running the test with following options:
Number of threads: 1
Initializing random number generator from current time


Initializing worker threads...

Threads started!

SQL statistics:
    queries performed:
        read:                            17598
        write:                           5028
        other:                           2514
        total:                           25140
    transactions:                        1257   (20.92 per sec.)
    queries:                             25140  (418.48 per sec.)
    ignored errors:                      0      (0.00 per sec.)
    reconnects:                          0      (0.00 per sec.)

General statistics:
    total time:                          60.0146s
    total number of events:              1257

Latency (ms):
         min:                                  8.76
         avg:                                 47.72
         max:                                893.84
         95th percentile:                     61.08
         sum:                              59986.68

Threads fairness:
    events (avg/stddev):           1257.0000/0.00
    execution time (avg/stddev):   59.9867/0.00

sysbench 1.0.11 (using system LuaJIT 2.1.0-beta3)

Running the test with following options:
Number of threads: 1
Initializing random number generator from current time


Initializing worker threads...

Threads started!

SQL statistics:
    queries performed:
        read:                            17416
        write:                           4976
        other:                           2488
        total:                           24880
    transactions:                        1244   (20.73 per sec.)
    queries:                             24880  (414.53 per sec.)
    ignored errors:                      0      (0.00 per sec.)
    reconnects:                          0      (0.00 per sec.)

General statistics:
    total time:                          60.0178s
    total number of events:              1244

Latency (ms):
         min:                                 18.11
         avg:                                 48.24
         max:                                909.93
         95th percentile:                     61.08
         sum:                              60009.38

Threads fairness:
    events (avg/stddev):           1244.0000/0.00
    execution time (avg/stddev):   60.0094/0.00

sysbench 1.0.11 (using system LuaJIT 2.1.0-beta3)

Running the test with following options:
Number of threads: 1
Initializing random number generator from current time


Initializing worker threads...

Threads started!

SQL statistics:
    queries performed:
        read:                            16856
        write:                           4816
        other:                           2408
        total:                           24080
    transactions:                        1204   (20.06 per sec.)
    queries:                             24080  (401.28 per sec.)
    ignored errors:                      0      (0.00 per sec.)
    reconnects:                          0      (0.00 per sec.)

General statistics:
    total time:                          60.0060s
    total number of events:              1204

Latency (ms):
         min:                                 24.65
         avg:                                 49.78
         max:                               1007.05
         95th percentile:                     65.65
         sum:                              59939.87

Threads fairness:
    events (avg/stddev):           1204.0000/0.00
    execution time (avg/stddev):   59.9399/0.00

sysbench 1.0.11 (using system LuaJIT 2.1.0-beta3)

Running the test with following options:
Number of threads: 1
Initializing random number generator from current time


Initializing worker threads...

Threads started!

SQL statistics:
    queries performed:
        read:                            16954
        write:                           4844
        other:                           2422
        total:                           24220
    transactions:                        1211   (20.17 per sec.)
    queries:                             24220  (403.44 per sec.)
    ignored errors:                      0      (0.00 per sec.)
    reconnects:                          0      (0.00 per sec.)

General statistics:
    total time:                          60.0164s
    total number of events:              1211

Latency (ms):
         min:                                 25.32
         avg:                                 49.55
         max:                               1009.03
         95th percentile:                     61.08
         sum:                              60007.41

Threads fairness:
    events (avg/stddev):           1211.0000/0.00
    execution time (avg/stddev):   60.0074/0.00

sysbench 1.0.11 (using system LuaJIT 2.1.0-beta3)

Running the test with following options:
Number of threads: 1
Initializing random number generator from current time


Initializing worker threads...

Threads started!

SQL statistics:
    queries performed:
        read:                            18690
        write:                           5340
        other:                           2670
        total:                           26700
    transactions:                        1335   (22.23 per sec.)
    queries:                             26700  (444.65 per sec.)
    ignored errors:                      0      (0.00 per sec.)
    reconnects:                          0      (0.00 per sec.)

General statistics:
    total time:                          60.0277s
    total number of events:              1335

Latency (ms):
         min:                                  3.82
         avg:                                 44.95
         max:                                213.38
         95th percentile:                     59.99
         sum:                              60014.91

Threads fairness:
    events (avg/stddev):           1335.0000/0.00
    execution time (avg/stddev):   60.0149/0.00

sysbench 1.0.11 (using system LuaJIT 2.1.0-beta3)

Running the test with following options:
Number of threads: 1
Initializing random number generator from current time


Initializing worker threads...

Threads started!

SQL statistics:
    queries performed:
        read:                            16856
        write:                           4816
        other:                           2408
        total:                           24080
    transactions:                        1204   (20.05 per sec.)
    queries:                             24080  (401.05 per sec.)
    ignored errors:                      0      (0.00 per sec.)
    reconnects:                          0      (0.00 per sec.)

General statistics:
    total time:                          60.0171s
    total number of events:              1204

Latency (ms):
         min:                                 21.32
         avg:                                 49.71
         max:                               1195.56
         95th percentile:                     65.65
         sum:                              59856.24

Threads fairness:
    events (avg/stddev):           1204.0000/0.00
    execution time (avg/stddev):   59.8562/0.00

sysbench 1.0.11 (using system LuaJIT 2.1.0-beta3)

Running the test with following options:
Number of threads: 1
Initializing random number generator from current time


Initializing worker threads...

Threads started!

SQL statistics:
    queries performed:
        read:                            17374
        write:                           4964
        other:                           2482
        total:                           24820
    transactions:                        1241   (20.67 per sec.)
    queries:                             24820  (413.41 per sec.)
    ignored errors:                      0      (0.00 per sec.)
    reconnects:                          0      (0.00 per sec.)

General statistics:
    total time:                          60.0129s
    total number of events:              1241

Latency (ms):
         min:                                 12.67
         avg:                                 48.35
         max:                                668.30
         95th percentile:                     58.92
         sum:                              60004.08

Threads fairness:
    events (avg/stddev):           1241.0000/0.00
    execution time (avg/stddev):   60.0041/0.00

