sysbench 1.0.11 (using system LuaJIT 2.1.0-beta3)

Running the test with following options:
Number of threads: 1
Initializing random number generator from current time


Extra file open flags: 0
128 files, 800KiB each
100MiB total file size
Block size 16KiB
Number of IO requests: 0
Read/Write ratio for combined random IO test: 1.50
Periodic FSYNC enabled, calling fsync() each 100 requests.
Calling fsync() at the end of test, Enabled.
Using synchronous I/O mode
Doing random r/w test
Initializing worker threads...

Threads started!


File operations:
    reads/s:                      60.98
    writes/s:                     40.66
    fsyncs/s:                     128.93

Throughput:
    read, MiB/s:                  0.95
    written, MiB/s:               0.64

General statistics:
    total time:                          60.0083s
    total number of events:              13838

Latency (ms):
         min:                                  0.00
         avg:                                  4.33
         max:                                307.88
         95th percentile:                     14.73
         sum:                              59937.86

Threads fairness:
    events (avg/stddev):           13838.0000/0.00
    execution time (avg/stddev):   59.9379/0.00

sysbench 1.0.11 (using system LuaJIT 2.1.0-beta3)

Running the test with following options:
Number of threads: 1
Initializing random number generator from current time


Extra file open flags: 0
128 files, 800KiB each
100MiB total file size
Block size 16KiB
Number of IO requests: 0
Read/Write ratio for combined random IO test: 1.50
Periodic FSYNC enabled, calling fsync() each 100 requests.
Calling fsync() at the end of test, Enabled.
Using synchronous I/O mode
Doing random r/w test
Initializing worker threads...

Threads started!


File operations:
    reads/s:                      62.98
    writes/s:                     41.99
    fsyncs/s:                     134.07

Throughput:
    read, MiB/s:                  0.98
    written, MiB/s:               0.66

General statistics:
    total time:                          60.0064s
    total number of events:              14346

Latency (ms):
         min:                                  0.00
         avg:                                  4.18
         max:                                486.68
         95th percentile:                     14.46
         sum:                              59920.16

Threads fairness:
    events (avg/stddev):           14346.0000/0.00
    execution time (avg/stddev):   59.9202/0.00

sysbench 1.0.11 (using system LuaJIT 2.1.0-beta3)

Running the test with following options:
Number of threads: 1
Initializing random number generator from current time


Extra file open flags: 0
128 files, 800KiB each
100MiB total file size
Block size 16KiB
Number of IO requests: 0
Read/Write ratio for combined random IO test: 1.50
Periodic FSYNC enabled, calling fsync() each 100 requests.
Calling fsync() at the end of test, Enabled.
Using synchronous I/O mode
Doing random r/w test
Initializing worker threads...

Threads started!


File operations:
    reads/s:                      60.98
    writes/s:                     40.66
    fsyncs/s:                     129.37

Throughput:
    read, MiB/s:                  0.95
    written, MiB/s:               0.64

General statistics:
    total time:                          60.0061s
    total number of events:              13864

Latency (ms):
         min:                                  0.00
         avg:                                  4.32
         max:                                347.86
         95th percentile:                     15.00
         sum:                              59882.94

Threads fairness:
    events (avg/stddev):           13864.0000/0.00
    execution time (avg/stddev):   59.8829/0.00

sysbench 1.0.11 (using system LuaJIT 2.1.0-beta3)

Running the test with following options:
Number of threads: 1
Initializing random number generator from current time


Extra file open flags: 0
128 files, 800KiB each
100MiB total file size
Block size 16KiB
Number of IO requests: 0
Read/Write ratio for combined random IO test: 1.50
Periodic FSYNC enabled, calling fsync() each 100 requests.
Calling fsync() at the end of test, Enabled.
Using synchronous I/O mode
Doing random r/w test
Initializing worker threads...

Threads started!


File operations:
    reads/s:                      60.99
    writes/s:                     40.66
    fsyncs/s:                     128.84

Throughput:
    read, MiB/s:                  0.95
    written, MiB/s:               0.64

General statistics:
    total time:                          60.0010s
    total number of events:              13831

Latency (ms):
         min:                                  0.00
         avg:                                  4.33
         max:                                339.14
         95th percentile:                     15.27
         sum:                              59896.36

Threads fairness:
    events (avg/stddev):           13831.0000/0.00
    execution time (avg/stddev):   59.8964/0.00

sysbench 1.0.11 (using system LuaJIT 2.1.0-beta3)

Running the test with following options:
Number of threads: 1
Initializing random number generator from current time


Extra file open flags: 0
128 files, 800KiB each
100MiB total file size
Block size 16KiB
Number of IO requests: 0
Read/Write ratio for combined random IO test: 1.50
Periodic FSYNC enabled, calling fsync() each 100 requests.
Calling fsync() at the end of test, Enabled.
Using synchronous I/O mode
Doing random r/w test
Initializing worker threads...

Threads started!


File operations:
    reads/s:                      60.00
    writes/s:                     40.00
    fsyncs/s:                     126.22

Throughput:
    read, MiB/s:                  0.94
    written, MiB/s:               0.62

General statistics:
    total time:                          60.0012s
    total number of events:              13574

Latency (ms):
         min:                                  0.00
         avg:                                  4.41
         max:                                386.08
         95th percentile:                     15.00
         sum:                              59884.26

Threads fairness:
    events (avg/stddev):           13574.0000/0.00
    execution time (avg/stddev):   59.8843/0.00

sysbench 1.0.11 (using system LuaJIT 2.1.0-beta3)

Running the test with following options:
Number of threads: 1
Initializing random number generator from current time


Extra file open flags: 0
128 files, 800KiB each
100MiB total file size
Block size 16KiB
Number of IO requests: 0
Read/Write ratio for combined random IO test: 1.50
Periodic FSYNC enabled, calling fsync() each 100 requests.
Calling fsync() at the end of test, Enabled.
Using synchronous I/O mode
Doing random r/w test
Initializing worker threads...

Threads started!


File operations:
    reads/s:                      57.99
    writes/s:                     38.66
    fsyncs/s:                     123.28

Throughput:
    read, MiB/s:                  0.91
    written, MiB/s:               0.60

General statistics:
    total time:                          60.0088s
    total number of events:              13198

Latency (ms):
         min:                                  0.00
         avg:                                  4.53
         max:                                346.97
         95th percentile:                     15.55
         sum:                              59848.64

Threads fairness:
    events (avg/stddev):           13198.0000/0.00
    execution time (avg/stddev):   59.8486/0.00

sysbench 1.0.11 (using system LuaJIT 2.1.0-beta3)

Running the test with following options:
Number of threads: 1
Initializing random number generator from current time


Extra file open flags: 0
128 files, 800KiB each
100MiB total file size
Block size 16KiB
Number of IO requests: 0
Read/Write ratio for combined random IO test: 1.50
Periodic FSYNC enabled, calling fsync() each 100 requests.
Calling fsync() at the end of test, Enabled.
Using synchronous I/O mode
Doing random r/w test
Initializing worker threads...

Threads started!


File operations:
    reads/s:                      60.99
    writes/s:                     40.66
    fsyncs/s:                     129.41

Throughput:
    read, MiB/s:                  0.95
    written, MiB/s:               0.64

General statistics:
    total time:                          60.0059s
    total number of events:              13866

Latency (ms):
         min:                                  0.00
         avg:                                  4.32
         max:                                274.03
         95th percentile:                     15.27
         sum:                              59891.37

Threads fairness:
    events (avg/stddev):           13866.0000/0.00
    execution time (avg/stddev):   59.8914/0.00

sysbench 1.0.11 (using system LuaJIT 2.1.0-beta3)

Running the test with following options:
Number of threads: 1
Initializing random number generator from current time


Extra file open flags: 0
128 files, 800KiB each
100MiB total file size
Block size 16KiB
Number of IO requests: 0
Read/Write ratio for combined random IO test: 1.50
Periodic FSYNC enabled, calling fsync() each 100 requests.
Calling fsync() at the end of test, Enabled.
Using synchronous I/O mode
Doing random r/w test
Initializing worker threads...

Threads started!


File operations:
    reads/s:                      59.95
    writes/s:                     39.97
    fsyncs/s:                     127.26

Throughput:
    read, MiB/s:                  0.94
    written, MiB/s:               0.62

General statistics:
    total time:                          60.0429s
    total number of events:              13642

Latency (ms):
         min:                                  0.00
         avg:                                  4.39
         max:                                639.40
         95th percentile:                     15.27
         sum:                              59934.40

Threads fairness:
    events (avg/stddev):           13642.0000/0.00
    execution time (avg/stddev):   59.9344/0.00

sysbench 1.0.11 (using system LuaJIT 2.1.0-beta3)

Running the test with following options:
Number of threads: 1
Initializing random number generator from current time


Extra file open flags: 0
128 files, 800KiB each
100MiB total file size
Block size 16KiB
Number of IO requests: 0
Read/Write ratio for combined random IO test: 1.50
Periodic FSYNC enabled, calling fsync() each 100 requests.
Calling fsync() at the end of test, Enabled.
Using synchronous I/O mode
Doing random r/w test
Initializing worker threads...

Threads started!


File operations:
    reads/s:                      60.99
    writes/s:                     40.66
    fsyncs/s:                     129.88

Throughput:
    read, MiB/s:                  0.95
    written, MiB/s:               0.64

General statistics:
    total time:                          60.0039s
    total number of events:              13894

Latency (ms):
         min:                                  0.00
         avg:                                  4.31
         max:                                376.81
         95th percentile:                     14.73
         sum:                              59893.90

Threads fairness:
    events (avg/stddev):           13894.0000/0.00
    execution time (avg/stddev):   59.8939/0.00

sysbench 1.0.11 (using system LuaJIT 2.1.0-beta3)

Running the test with following options:
Number of threads: 1
Initializing random number generator from current time


Extra file open flags: 0
128 files, 800KiB each
100MiB total file size
Block size 16KiB
Number of IO requests: 0
Read/Write ratio for combined random IO test: 1.50
Periodic FSYNC enabled, calling fsync() each 100 requests.
Calling fsync() at the end of test, Enabled.
Using synchronous I/O mode
Doing random r/w test
Initializing worker threads...

Threads started!


File operations:
    reads/s:                      61.99
    writes/s:                     41.32
    fsyncs/s:                     130.22

Throughput:
    read, MiB/s:                  0.97
    written, MiB/s:               0.65

General statistics:
    total time:                          60.0017s
    total number of events:              14015

Latency (ms):
         min:                                  0.00
         avg:                                  4.27
         max:                                341.03
         95th percentile:                     15.27
         sum:                              59898.52

Threads fairness:
    events (avg/stddev):           14015.0000/0.00
    execution time (avg/stddev):   59.8985/0.00

sysbench 1.0.11 (using system LuaJIT 2.1.0-beta3)

Running the test with following options:
Number of threads: 1
Initializing random number generator from current time


Extra file open flags: 0
128 files, 800KiB each
100MiB total file size
Block size 16KiB
Number of IO requests: 0
Read/Write ratio for combined random IO test: 1.50
Periodic FSYNC enabled, calling fsync() each 100 requests.
Calling fsync() at the end of test, Enabled.
Using synchronous I/O mode
Doing random r/w test
Initializing worker threads...

Threads started!


File operations:
    reads/s:                      59.99
    writes/s:                     39.99
    fsyncs/s:                     126.42

Throughput:
    read, MiB/s:                  0.94
    written, MiB/s:               0.62

General statistics:
    total time:                          60.0011s
    total number of events:              13586

Latency (ms):
         min:                                  0.00
         avg:                                  4.40
         max:                                693.71
         95th percentile:                     15.27
         sum:                              59832.70

Threads fairness:
    events (avg/stddev):           13586.0000/0.00
    execution time (avg/stddev):   59.8327/0.00

sysbench 1.0.11 (using system LuaJIT 2.1.0-beta3)

Running the test with following options:
Number of threads: 1
Initializing random number generator from current time


Extra file open flags: 0
128 files, 800KiB each
100MiB total file size
Block size 16KiB
Number of IO requests: 0
Read/Write ratio for combined random IO test: 1.50
Periodic FSYNC enabled, calling fsync() each 100 requests.
Calling fsync() at the end of test, Enabled.
Using synchronous I/O mode
Doing random r/w test
Initializing worker threads...

Threads started!


File operations:
    reads/s:                      58.97
    writes/s:                     39.31
    fsyncs/s:                     125.79

Throughput:
    read, MiB/s:                  0.92
    written, MiB/s:               0.61

General statistics:
    total time:                          60.0125s
    total number of events:              13451

Latency (ms):
         min:                                  0.00
         avg:                                  4.45
         max:                                444.13
         95th percentile:                     15.00
         sum:                              59909.66

Threads fairness:
    events (avg/stddev):           13451.0000/0.00
    execution time (avg/stddev):   59.9097/0.00

sysbench 1.0.11 (using system LuaJIT 2.1.0-beta3)

Running the test with following options:
Number of threads: 1
Initializing random number generator from current time


Extra file open flags: 0
128 files, 800KiB each
100MiB total file size
Block size 16KiB
Number of IO requests: 0
Read/Write ratio for combined random IO test: 1.50
Periodic FSYNC enabled, calling fsync() each 100 requests.
Calling fsync() at the end of test, Enabled.
Using synchronous I/O mode
Doing random r/w test
Initializing worker threads...

Threads started!


File operations:
    reads/s:                      60.99
    writes/s:                     40.66
    fsyncs/s:                     129.63

Throughput:
    read, MiB/s:                  0.95
    written, MiB/s:               0.64

General statistics:
    total time:                          60.0054s
    total number of events:              13879

Latency (ms):
         min:                                  0.00
         avg:                                  4.32
         max:                                631.38
         95th percentile:                     15.27
         sum:                              59919.67

Threads fairness:
    events (avg/stddev):           13879.0000/0.00
    execution time (avg/stddev):   59.9197/0.00

sysbench 1.0.11 (using system LuaJIT 2.1.0-beta3)

Running the test with following options:
Number of threads: 1
Initializing random number generator from current time


Extra file open flags: 0
128 files, 800KiB each
100MiB total file size
Block size 16KiB
Number of IO requests: 0
Read/Write ratio for combined random IO test: 1.50
Periodic FSYNC enabled, calling fsync() each 100 requests.
Calling fsync() at the end of test, Enabled.
Using synchronous I/O mode
Doing random r/w test
Initializing worker threads...

Threads started!


File operations:
    reads/s:                      62.98
    writes/s:                     41.99
    fsyncs/s:                     132.40

Throughput:
    read, MiB/s:                  0.98
    written, MiB/s:               0.66

General statistics:
    total time:                          60.0082s
    total number of events:              14246

Latency (ms):
         min:                                  0.00
         avg:                                  4.20
         max:                                271.21
         95th percentile:                     14.73
         sum:                              59897.58

Threads fairness:
    events (avg/stddev):           14246.0000/0.00
    execution time (avg/stddev):   59.8976/0.00

sysbench 1.0.11 (using system LuaJIT 2.1.0-beta3)

Running the test with following options:
Number of threads: 1
Initializing random number generator from current time


Extra file open flags: 0
128 files, 800KiB each
100MiB total file size
Block size 16KiB
Number of IO requests: 0
Read/Write ratio for combined random IO test: 1.50
Periodic FSYNC enabled, calling fsync() each 100 requests.
Calling fsync() at the end of test, Enabled.
Using synchronous I/O mode
Doing random r/w test
Initializing worker threads...

Threads started!


File operations:
    reads/s:                      60.99
    writes/s:                     40.66
    fsyncs/s:                     128.28

Throughput:
    read, MiB/s:                  0.95
    written, MiB/s:               0.64

General statistics:
    total time:                          60.0045s
    total number of events:              13798

Latency (ms):
         min:                                  0.00
         avg:                                  4.34
         max:                                440.40
         95th percentile:                     14.21
         sum:                              59901.97

Threads fairness:
    events (avg/stddev):           13798.0000/0.00
    execution time (avg/stddev):   59.9020/0.00

sysbench 1.0.11 (using system LuaJIT 2.1.0-beta3)

Running the test with following options:
Number of threads: 1
Initializing random number generator from current time


Extra file open flags: 0
128 files, 800KiB each
100MiB total file size
Block size 16KiB
Number of IO requests: 0
Read/Write ratio for combined random IO test: 1.50
Periodic FSYNC enabled, calling fsync() each 100 requests.
Calling fsync() at the end of test, Enabled.
Using synchronous I/O mode
Doing random r/w test
Initializing worker threads...

Threads started!


File operations:
    reads/s:                      60.99
    writes/s:                     40.66
    fsyncs/s:                     128.60

Throughput:
    read, MiB/s:                  0.95
    written, MiB/s:               0.64

General statistics:
    total time:                          60.0005s
    total number of events:              13817

Latency (ms):
         min:                                  0.00
         avg:                                  4.34
         max:                                455.45
         95th percentile:                     15.00
         sum:                              59909.17

Threads fairness:
    events (avg/stddev):           13817.0000/0.00
    execution time (avg/stddev):   59.9092/0.00

sysbench 1.0.11 (using system LuaJIT 2.1.0-beta3)

Running the test with following options:
Number of threads: 1
Initializing random number generator from current time


Extra file open flags: 0
128 files, 800KiB each
100MiB total file size
Block size 16KiB
Number of IO requests: 0
Read/Write ratio for combined random IO test: 1.50
Periodic FSYNC enabled, calling fsync() each 100 requests.
Calling fsync() at the end of test, Enabled.
Using synchronous I/O mode
Doing random r/w test
Initializing worker threads...

Threads started!


File operations:
    reads/s:                      60.99
    writes/s:                     40.66
    fsyncs/s:                     129.79

Throughput:
    read, MiB/s:                  0.95
    written, MiB/s:               0.64

General statistics:
    total time:                          60.0013s
    total number of events:              13888

Latency (ms):
         min:                                  0.00
         avg:                                  4.31
         max:                                537.57
         95th percentile:                     15.00
         sum:                              59847.23

Threads fairness:
    events (avg/stddev):           13888.0000/0.00
    execution time (avg/stddev):   59.8472/0.00

sysbench 1.0.11 (using system LuaJIT 2.1.0-beta3)

Running the test with following options:
Number of threads: 1
Initializing random number generator from current time


Extra file open flags: 0
128 files, 800KiB each
100MiB total file size
Block size 16KiB
Number of IO requests: 0
Read/Write ratio for combined random IO test: 1.50
Periodic FSYNC enabled, calling fsync() each 100 requests.
Calling fsync() at the end of test, Enabled.
Using synchronous I/O mode
Doing random r/w test
Initializing worker threads...

Threads started!


File operations:
    reads/s:                      60.98
    writes/s:                     40.66
    fsyncs/s:                     128.08

Throughput:
    read, MiB/s:                  0.95
    written, MiB/s:               0.64

General statistics:
    total time:                          60.0096s
    total number of events:              13787

Latency (ms):
         min:                                  0.00
         avg:                                  4.34
         max:                                419.90
         95th percentile:                     15.00
         sum:                              59884.04

Threads fairness:
    events (avg/stddev):           13787.0000/0.00
    execution time (avg/stddev):   59.8840/0.00

sysbench 1.0.11 (using system LuaJIT 2.1.0-beta3)

Running the test with following options:
Number of threads: 1
Initializing random number generator from current time


Extra file open flags: 0
128 files, 800KiB each
100MiB total file size
Block size 16KiB
Number of IO requests: 0
Read/Write ratio for combined random IO test: 1.50
Periodic FSYNC enabled, calling fsync() each 100 requests.
Calling fsync() at the end of test, Enabled.
Using synchronous I/O mode
Doing random r/w test
Initializing worker threads...

Threads started!


File operations:
    reads/s:                      60.99
    writes/s:                     40.66
    fsyncs/s:                     129.30

Throughput:
    read, MiB/s:                  0.95
    written, MiB/s:               0.64

General statistics:
    total time:                          60.0051s
    total number of events:              13859

Latency (ms):
         min:                                  0.00
         avg:                                  4.32
         max:                                447.13
         95th percentile:                     15.27
         sum:                              59901.65

Threads fairness:
    events (avg/stddev):           13859.0000/0.00
    execution time (avg/stddev):   59.9017/0.00

sysbench 1.0.11 (using system LuaJIT 2.1.0-beta3)

Running the test with following options:
Number of threads: 1
Initializing random number generator from current time


Extra file open flags: 0
128 files, 800KiB each
100MiB total file size
Block size 16KiB
Number of IO requests: 0
Read/Write ratio for combined random IO test: 1.50
Periodic FSYNC enabled, calling fsync() each 100 requests.
Calling fsync() at the end of test, Enabled.
Using synchronous I/O mode
Doing random r/w test
Initializing worker threads...

Threads started!


File operations:
    reads/s:                      61.98
    writes/s:                     41.32
    fsyncs/s:                     132.19

Throughput:
    read, MiB/s:                  0.97
    written, MiB/s:               0.65

General statistics:
    total time:                          60.0009s
    total number of events:              14134

Latency (ms):
         min:                                  0.00
         avg:                                  4.24
         max:                                429.32
         95th percentile:                     14.73
         sum:                              59915.48

Threads fairness:
    events (avg/stddev):           14134.0000/0.00
    execution time (avg/stddev):   59.9155/0.00

sysbench 1.0.11 (using system LuaJIT 2.1.0-beta3)

Running the test with following options:
Number of threads: 1
Initializing random number generator from current time


Extra file open flags: 0
128 files, 800KiB each
100MiB total file size
Block size 16KiB
Number of IO requests: 0
Read/Write ratio for combined random IO test: 1.50
Periodic FSYNC enabled, calling fsync() each 100 requests.
Calling fsync() at the end of test, Enabled.
Using synchronous I/O mode
Doing random r/w test
Initializing worker threads...

Threads started!


File operations:
    reads/s:                      60.99
    writes/s:                     40.66
    fsyncs/s:                     128.45

Throughput:
    read, MiB/s:                  0.95
    written, MiB/s:               0.64

General statistics:
    total time:                          60.0009s
    total number of events:              13808

Latency (ms):
         min:                                  0.00
         avg:                                  4.34
         max:                                334.79
         95th percentile:                     14.46
         sum:                              59889.97

Threads fairness:
    events (avg/stddev):           13808.0000/0.00
    execution time (avg/stddev):   59.8900/0.00

sysbench 1.0.11 (using system LuaJIT 2.1.0-beta3)

Running the test with following options:
Number of threads: 1
Initializing random number generator from current time


Extra file open flags: 0
128 files, 800KiB each
100MiB total file size
Block size 16KiB
Number of IO requests: 0
Read/Write ratio for combined random IO test: 1.50
Periodic FSYNC enabled, calling fsync() each 100 requests.
Calling fsync() at the end of test, Enabled.
Using synchronous I/O mode
Doing random r/w test
Initializing worker threads...

Threads started!


File operations:
    reads/s:                      61.99
    writes/s:                     41.33
    fsyncs/s:                     131.30

Throughput:
    read, MiB/s:                  0.97
    written, MiB/s:               0.65

General statistics:
    total time:                          60.0041s
    total number of events:              14079

Latency (ms):
         min:                                  0.00
         avg:                                  4.25
         max:                                376.40
         95th percentile:                     14.73
         sum:                              59860.91

Threads fairness:
    events (avg/stddev):           14079.0000/0.00
    execution time (avg/stddev):   59.8609/0.00

sysbench 1.0.11 (using system LuaJIT 2.1.0-beta3)

Running the test with following options:
Number of threads: 1
Initializing random number generator from current time


Extra file open flags: 0
128 files, 800KiB each
100MiB total file size
Block size 16KiB
Number of IO requests: 0
Read/Write ratio for combined random IO test: 1.50
Periodic FSYNC enabled, calling fsync() each 100 requests.
Calling fsync() at the end of test, Enabled.
Using synchronous I/O mode
Doing random r/w test
Initializing worker threads...

Threads started!


File operations:
    reads/s:                      58.99
    writes/s:                     39.32
    fsyncs/s:                     124.07

Throughput:
    read, MiB/s:                  0.92
    written, MiB/s:               0.61

General statistics:
    total time:                          60.0031s
    total number of events:              13346

Latency (ms):
         min:                                  0.00
         avg:                                  4.49
         max:                                337.59
         95th percentile:                     15.27
         sum:                              59878.36

Threads fairness:
    events (avg/stddev):           13346.0000/0.00
    execution time (avg/stddev):   59.8784/0.00

sysbench 1.0.11 (using system LuaJIT 2.1.0-beta3)

Running the test with following options:
Number of threads: 1
Initializing random number generator from current time


Extra file open flags: 0
128 files, 800KiB each
100MiB total file size
Block size 16KiB
Number of IO requests: 0
Read/Write ratio for combined random IO test: 1.50
Periodic FSYNC enabled, calling fsync() each 100 requests.
Calling fsync() at the end of test, Enabled.
Using synchronous I/O mode
Doing random r/w test
Initializing worker threads...

Threads started!


File operations:
    reads/s:                      58.98
    writes/s:                     39.32
    fsyncs/s:                     124.31

Throughput:
    read, MiB/s:                  0.92
    written, MiB/s:               0.61

General statistics:
    total time:                          60.0141s
    total number of events:              13361

Latency (ms):
         min:                                  0.00
         avg:                                  4.48
         max:                                353.09
         95th percentile:                     14.73
         sum:                              59842.17

Threads fairness:
    events (avg/stddev):           13361.0000/0.00
    execution time (avg/stddev):   59.8422/0.00

sysbench 1.0.11 (using system LuaJIT 2.1.0-beta3)

Running the test with following options:
Number of threads: 1
Initializing random number generator from current time


Extra file open flags: 0
128 files, 800KiB each
100MiB total file size
Block size 16KiB
Number of IO requests: 0
Read/Write ratio for combined random IO test: 1.50
Periodic FSYNC enabled, calling fsync() each 100 requests.
Calling fsync() at the end of test, Enabled.
Using synchronous I/O mode
Doing random r/w test
Initializing worker threads...

Threads started!


File operations:
    reads/s:                      60.99
    writes/s:                     40.66
    fsyncs/s:                     128.20

Throughput:
    read, MiB/s:                  0.95
    written, MiB/s:               0.64

General statistics:
    total time:                          60.0026s
    total number of events:              13793

Latency (ms):
         min:                                  0.00
         avg:                                  4.35
         max:                                412.41
         95th percentile:                     15.00
         sum:                              59934.87

Threads fairness:
    events (avg/stddev):           13793.0000/0.00
    execution time (avg/stddev):   59.9349/0.00

sysbench 1.0.11 (using system LuaJIT 2.1.0-beta3)

Running the test with following options:
Number of threads: 1
Initializing random number generator from current time


Extra file open flags: 0
128 files, 800KiB each
100MiB total file size
Block size 16KiB
Number of IO requests: 0
Read/Write ratio for combined random IO test: 1.50
Periodic FSYNC enabled, calling fsync() each 100 requests.
Calling fsync() at the end of test, Enabled.
Using synchronous I/O mode
Doing random r/w test
Initializing worker threads...

Threads started!


File operations:
    reads/s:                      61.98
    writes/s:                     41.32
    fsyncs/s:                     130.21

Throughput:
    read, MiB/s:                  0.97
    written, MiB/s:               0.65

General statistics:
    total time:                          60.0032s
    total number of events:              14015

Latency (ms):
         min:                                  0.00
         avg:                                  4.27
         max:                                446.06
         95th percentile:                     14.73
         sum:                              59865.72

Threads fairness:
    events (avg/stddev):           14015.0000/0.00
    execution time (avg/stddev):   59.8657/0.00

sysbench 1.0.11 (using system LuaJIT 2.1.0-beta3)

Running the test with following options:
Number of threads: 1
Initializing random number generator from current time


Extra file open flags: 0
128 files, 800KiB each
100MiB total file size
Block size 16KiB
Number of IO requests: 0
Read/Write ratio for combined random IO test: 1.50
Periodic FSYNC enabled, calling fsync() each 100 requests.
Calling fsync() at the end of test, Enabled.
Using synchronous I/O mode
Doing random r/w test
Initializing worker threads...

Threads started!


File operations:
    reads/s:                      58.99
    writes/s:                     39.33
    fsyncs/s:                     124.25

Throughput:
    read, MiB/s:                  0.92
    written, MiB/s:               0.61

General statistics:
    total time:                          60.0030s
    total number of events:              13356

Latency (ms):
         min:                                  0.00
         avg:                                  4.48
         max:                                404.05
         95th percentile:                     15.00
         sum:                              59808.29

Threads fairness:
    events (avg/stddev):           13356.0000/0.00
    execution time (avg/stddev):   59.8083/0.00

sysbench 1.0.11 (using system LuaJIT 2.1.0-beta3)

Running the test with following options:
Number of threads: 1
Initializing random number generator from current time


Extra file open flags: 0
128 files, 800KiB each
100MiB total file size
Block size 16KiB
Number of IO requests: 0
Read/Write ratio for combined random IO test: 1.50
Periodic FSYNC enabled, calling fsync() each 100 requests.
Calling fsync() at the end of test, Enabled.
Using synchronous I/O mode
Doing random r/w test
Initializing worker threads...

Threads started!


File operations:
    reads/s:                      62.00
    writes/s:                     41.33
    fsyncs/s:                     130.67

Throughput:
    read, MiB/s:                  0.97
    written, MiB/s:               0.65

General statistics:
    total time:                          60.0004s
    total number of events:              14041

Latency (ms):
         min:                                  0.00
         avg:                                  4.27
         max:                                315.03
         95th percentile:                     15.00
         sum:                              59902.52

Threads fairness:
    events (avg/stddev):           14041.0000/0.00
    execution time (avg/stddev):   59.9025/0.00

sysbench 1.0.11 (using system LuaJIT 2.1.0-beta3)

Running the test with following options:
Number of threads: 1
Initializing random number generator from current time


Extra file open flags: 0
128 files, 800KiB each
100MiB total file size
Block size 16KiB
Number of IO requests: 0
Read/Write ratio for combined random IO test: 1.50
Periodic FSYNC enabled, calling fsync() each 100 requests.
Calling fsync() at the end of test, Enabled.
Using synchronous I/O mode
Doing random r/w test
Initializing worker threads...

Threads started!


File operations:
    reads/s:                      61.99
    writes/s:                     41.32
    fsyncs/s:                     131.14

Throughput:
    read, MiB/s:                  0.97
    written, MiB/s:               0.65

General statistics:
    total time:                          60.0036s
    total number of events:              14070

Latency (ms):
         min:                                  0.00
         avg:                                  4.26
         max:                                334.72
         95th percentile:                     15.00
         sum:                              59900.60

Threads fairness:
    events (avg/stddev):           14070.0000/0.00
    execution time (avg/stddev):   59.9006/0.00

sysbench 1.0.11 (using system LuaJIT 2.1.0-beta3)

Running the test with following options:
Number of threads: 1
Initializing random number generator from current time


Extra file open flags: 0
128 files, 800KiB each
100MiB total file size
Block size 16KiB
Number of IO requests: 0
Read/Write ratio for combined random IO test: 1.50
Periodic FSYNC enabled, calling fsync() each 100 requests.
Calling fsync() at the end of test, Enabled.
Using synchronous I/O mode
Doing random r/w test
Initializing worker threads...

Threads started!


File operations:
    reads/s:                      60.99
    writes/s:                     40.66
    fsyncs/s:                     129.14

Throughput:
    read, MiB/s:                  0.95
    written, MiB/s:               0.64

General statistics:
    total time:                          60.0006s
    total number of events:              13849

Latency (ms):
         min:                                  0.00
         avg:                                  4.32
         max:                                428.66
         95th percentile:                     14.73
         sum:                              59892.14

Threads fairness:
    events (avg/stddev):           13849.0000/0.00
    execution time (avg/stddev):   59.8921/0.00

