sysbench 1.0.11 (using system LuaJIT 2.1.0-beta3)

Running the test with following options:
Number of threads: 1
Initializing random number generator from current time


Extra file open flags: 0
128 files, 800KiB each
100MiB total file size
Block size 16KiB
Number of IO requests: 0
Read/Write ratio for combined random IO test: 1.50
Periodic FSYNC enabled, calling fsync() each 100 requests.
Calling fsync() at the end of test, Enabled.
Using asynchronous I/O mode
Doing random r/w test
Initializing worker threads...

Threads started!


File operations:
    reads/s:                      239.73
    writes/s:                     159.71
    fsyncs/s:                     0.00

Throughput:
    read, MiB/s:                  3.75
    written, MiB/s:               2.50

General statistics:
    total time:                          60.1059s
    total number of events:              45130

Latency (ms):
         min:                                  0.00
         avg:                                  1.32
         max:                                670.44
         95th percentile:                      2.66
         sum:                              59480.18

Threads fairness:
    events (avg/stddev):           45130.0000/0.00
    execution time (avg/stddev):   59.4802/0.00

sysbench 1.0.11 (using system LuaJIT 2.1.0-beta3)

Running the test with following options:
Number of threads: 1
Initializing random number generator from current time


Extra file open flags: 0
128 files, 800KiB each
100MiB total file size
Block size 16KiB
Number of IO requests: 0
Read/Write ratio for combined random IO test: 1.50
Periodic FSYNC enabled, calling fsync() each 100 requests.
Calling fsync() at the end of test, Enabled.
Using asynchronous I/O mode
Doing random r/w test
Initializing worker threads...

Threads started!


File operations:
    reads/s:                      212.17
    writes/s:                     140.57
    fsyncs/s:                     0.00

Throughput:
    read, MiB/s:                  3.32
    written, MiB/s:               2.20

General statistics:
    total time:                          60.0975s
    total number of events:              39759

Latency (ms):
         min:                                  0.00
         avg:                                  1.50
         max:                                660.51
         95th percentile:                      2.86
         sum:                              59653.92

Threads fairness:
    events (avg/stddev):           39759.0000/0.00
    execution time (avg/stddev):   59.6539/0.00

sysbench 1.0.11 (using system LuaJIT 2.1.0-beta3)

Running the test with following options:
Number of threads: 1
Initializing random number generator from current time


Extra file open flags: 0
128 files, 800KiB each
100MiB total file size
Block size 16KiB
Number of IO requests: 0
Read/Write ratio for combined random IO test: 1.50
Periodic FSYNC enabled, calling fsync() each 100 requests.
Calling fsync() at the end of test, Enabled.
Using asynchronous I/O mode
Doing random r/w test
Initializing worker threads...

Threads started!


File operations:
    reads/s:                      208.32
    writes/s:                     139.05
    fsyncs/s:                     0.00

Throughput:
    read, MiB/s:                  3.25
    written, MiB/s:               2.17

General statistics:
    total time:                          60.7513s
    total number of events:              39664

Latency (ms):
         min:                                  0.00
         avg:                                  1.51
         max:                                750.81
         95th percentile:                      2.81
         sum:                              59751.20

Threads fairness:
    events (avg/stddev):           39664.0000/0.00
    execution time (avg/stddev):   59.7512/0.00

sysbench 1.0.11 (using system LuaJIT 2.1.0-beta3)

Running the test with following options:
Number of threads: 1
Initializing random number generator from current time


Extra file open flags: 0
128 files, 800KiB each
100MiB total file size
Block size 16KiB
Number of IO requests: 0
Read/Write ratio for combined random IO test: 1.50
Periodic FSYNC enabled, calling fsync() each 100 requests.
Calling fsync() at the end of test, Enabled.
Using asynchronous I/O mode
Doing random r/w test
Initializing worker threads...

Threads started!


File operations:
    reads/s:                      220.16
    writes/s:                     148.14
    fsyncs/s:                     0.00

Throughput:
    read, MiB/s:                  3.44
    written, MiB/s:               2.31

General statistics:
    total time:                          60.4816s
    total number of events:              41860

Latency (ms):
         min:                                  0.00
         avg:                                  1.43
         max:                                562.81
         95th percentile:                      2.86
         sum:                              59920.21

Threads fairness:
    events (avg/stddev):           41860.0000/0.00
    execution time (avg/stddev):   59.9202/0.00

sysbench 1.0.11 (using system LuaJIT 2.1.0-beta3)

Running the test with following options:
Number of threads: 1
Initializing random number generator from current time


Extra file open flags: 0
128 files, 800KiB each
100MiB total file size
Block size 16KiB
Number of IO requests: 0
Read/Write ratio for combined random IO test: 1.50
Periodic FSYNC enabled, calling fsync() each 100 requests.
Calling fsync() at the end of test, Enabled.
Using asynchronous I/O mode
Doing random r/w test
Initializing worker threads...

Threads started!


File operations:
    reads/s:                      189.79
    writes/s:                     126.88
    fsyncs/s:                     0.00

Throughput:
    read, MiB/s:                  2.97
    written, MiB/s:               1.98

General statistics:
    total time:                          60.5276s
    total number of events:              36064

Latency (ms):
         min:                                  0.00
         avg:                                  1.66
         max:                                632.10
         95th percentile:                      2.71
         sum:                              60001.16

Threads fairness:
    events (avg/stddev):           36064.0000/0.00
    execution time (avg/stddev):   60.0012/0.00

sysbench 1.0.11 (using system LuaJIT 2.1.0-beta3)

Running the test with following options:
Number of threads: 1
Initializing random number generator from current time


Extra file open flags: 0
128 files, 800KiB each
100MiB total file size
Block size 16KiB
Number of IO requests: 0
Read/Write ratio for combined random IO test: 1.50
Periodic FSYNC enabled, calling fsync() each 100 requests.
Calling fsync() at the end of test, Enabled.
Using asynchronous I/O mode
Doing random r/w test
Initializing worker threads...

Threads started!


File operations:
    reads/s:                      224.69
    writes/s:                     148.79
    fsyncs/s:                     0.00

Throughput:
    read, MiB/s:                  3.51
    written, MiB/s:               2.32

General statistics:
    total time:                          61.9376s
    total number of events:              43485

Latency (ms):
         min:                                  0.00
         avg:                                  1.38
         max:                                604.34
         95th percentile:                      2.71
         sum:                              59881.46

Threads fairness:
    events (avg/stddev):           43485.0000/0.00
    execution time (avg/stddev):   59.8815/0.00

sysbench 1.0.11 (using system LuaJIT 2.1.0-beta3)

Running the test with following options:
Number of threads: 1
Initializing random number generator from current time


Extra file open flags: 0
128 files, 800KiB each
100MiB total file size
Block size 16KiB
Number of IO requests: 0
Read/Write ratio for combined random IO test: 1.50
Periodic FSYNC enabled, calling fsync() each 100 requests.
Calling fsync() at the end of test, Enabled.
Using asynchronous I/O mode
Doing random r/w test
Initializing worker threads...

Threads started!


File operations:
    reads/s:                      225.98
    writes/s:                     150.37
    fsyncs/s:                     0.00

Throughput:
    read, MiB/s:                  3.53
    written, MiB/s:               2.35

General statistics:
    total time:                          62.9857s
    total number of events:              44571

Latency (ms):
         min:                                  0.00
         avg:                                  1.34
         max:                                469.53
         95th percentile:                      2.61
         sum:                              59600.05

Threads fairness:
    events (avg/stddev):           44571.0000/0.00
    execution time (avg/stddev):   59.6000/0.00

sysbench 1.0.11 (using system LuaJIT 2.1.0-beta3)

Running the test with following options:
Number of threads: 1
Initializing random number generator from current time


Extra file open flags: 0
128 files, 800KiB each
100MiB total file size
Block size 16KiB
Number of IO requests: 0
Read/Write ratio for combined random IO test: 1.50
Periodic FSYNC enabled, calling fsync() each 100 requests.
Calling fsync() at the end of test, Enabled.
Using asynchronous I/O mode
Doing random r/w test
Initializing worker threads...

Threads started!


File operations:
    reads/s:                      210.28
    writes/s:                     139.70
    fsyncs/s:                     0.00

Throughput:
    read, MiB/s:                  3.29
    written, MiB/s:               2.18

General statistics:
    total time:                          60.4640s
    total number of events:              39724

Latency (ms):
         min:                                  0.00
         avg:                                  1.51
         max:                                539.95
         95th percentile:                      2.86
         sum:                              59835.97

Threads fairness:
    events (avg/stddev):           39724.0000/0.00
    execution time (avg/stddev):   59.8360/0.00

sysbench 1.0.11 (using system LuaJIT 2.1.0-beta3)

Running the test with following options:
Number of threads: 1
Initializing random number generator from current time


Extra file open flags: 0
128 files, 800KiB each
100MiB total file size
Block size 16KiB
Number of IO requests: 0
Read/Write ratio for combined random IO test: 1.50
Periodic FSYNC enabled, calling fsync() each 100 requests.
Calling fsync() at the end of test, Enabled.
Using asynchronous I/O mode
Doing random r/w test
Initializing worker threads...

Threads started!


File operations:
    reads/s:                      241.70
    writes/s:                     161.83
    fsyncs/s:                     0.00

Throughput:
    read, MiB/s:                  3.78
    written, MiB/s:               2.53

General statistics:
    total time:                          60.8968s
    total number of events:              46080

Latency (ms):
         min:                                  0.00
         avg:                                  1.30
         max:                                515.62
         95th percentile:                      2.52
         sum:                              59739.39

Threads fairness:
    events (avg/stddev):           46080.0000/0.00
    execution time (avg/stddev):   59.7394/0.00

sysbench 1.0.11 (using system LuaJIT 2.1.0-beta3)

Running the test with following options:
Number of threads: 1
Initializing random number generator from current time


Extra file open flags: 0
128 files, 800KiB each
100MiB total file size
Block size 16KiB
Number of IO requests: 0
Read/Write ratio for combined random IO test: 1.50
Periodic FSYNC enabled, calling fsync() each 100 requests.
Calling fsync() at the end of test, Enabled.
Using asynchronous I/O mode
Doing random r/w test
Initializing worker threads...

Threads started!


File operations:
    reads/s:                      253.12
    writes/s:                     168.53
    fsyncs/s:                     0.00

Throughput:
    read, MiB/s:                  3.96
    written, MiB/s:               2.63

General statistics:
    total time:                          60.0007s
    total number of events:              47462

Latency (ms):
         min:                                  0.00
         avg:                                  1.26
         max:                                924.67
         95th percentile:                      2.43
         sum:                              59797.47

Threads fairness:
    events (avg/stddev):           47462.0000/0.00
    execution time (avg/stddev):   59.7975/0.00

sysbench 1.0.11 (using system LuaJIT 2.1.0-beta3)

Running the test with following options:
Number of threads: 1
Initializing random number generator from current time


Extra file open flags: 0
128 files, 800KiB each
100MiB total file size
Block size 16KiB
Number of IO requests: 0
Read/Write ratio for combined random IO test: 1.50
Periodic FSYNC enabled, calling fsync() each 100 requests.
Calling fsync() at the end of test, Enabled.
Using asynchronous I/O mode
Doing random r/w test
Initializing worker threads...

Threads started!


File operations:
    reads/s:                      191.21
    writes/s:                     127.70
    fsyncs/s:                     0.00

Throughput:
    read, MiB/s:                  2.99
    written, MiB/s:               2.00

General statistics:
    total time:                          60.1260s
    total number of events:              36076

Latency (ms):
         min:                                  0.00
         avg:                                  1.66
         max:                                737.09
         95th percentile:                      2.76
         sum:                              59969.02

Threads fairness:
    events (avg/stddev):           36076.0000/0.00
    execution time (avg/stddev):   59.9690/0.00

sysbench 1.0.11 (using system LuaJIT 2.1.0-beta3)

Running the test with following options:
Number of threads: 1
Initializing random number generator from current time


Extra file open flags: 0
128 files, 800KiB each
100MiB total file size
Block size 16KiB
Number of IO requests: 0
Read/Write ratio for combined random IO test: 1.50
Periodic FSYNC enabled, calling fsync() each 100 requests.
Calling fsync() at the end of test, Enabled.
Using asynchronous I/O mode
Doing random r/w test
Initializing worker threads...

Threads started!


File operations:
    reads/s:                      309.70
    writes/s:                     206.91
    fsyncs/s:                     0.00

Throughput:
    read, MiB/s:                  4.84
    written, MiB/s:               3.23

General statistics:
    total time:                          60.0058s
    total number of events:              58228

Latency (ms):
         min:                                  0.00
         avg:                                  1.02
         max:                                725.13
         95th percentile:                      2.22
         sum:                              59515.66

Threads fairness:
    events (avg/stddev):           58228.0000/0.00
    execution time (avg/stddev):   59.5157/0.00

sysbench 1.0.11 (using system LuaJIT 2.1.0-beta3)

Running the test with following options:
Number of threads: 1
Initializing random number generator from current time


Extra file open flags: 0
128 files, 800KiB each
100MiB total file size
Block size 16KiB
Number of IO requests: 0
Read/Write ratio for combined random IO test: 1.50
Periodic FSYNC enabled, calling fsync() each 100 requests.
Calling fsync() at the end of test, Enabled.
Using asynchronous I/O mode
Doing random r/w test
Initializing worker threads...

Threads started!


File operations:
    reads/s:                      246.31
    writes/s:                     164.31
    fsyncs/s:                     0.00

Throughput:
    read, MiB/s:                  3.85
    written, MiB/s:               2.57

General statistics:
    total time:                          62.3190s
    total number of events:              48118

Latency (ms):
         min:                                  0.00
         avg:                                  1.24
         max:                                905.51
         95th percentile:                      2.39
         sum:                              59850.98

Threads fairness:
    events (avg/stddev):           48118.0000/0.00
    execution time (avg/stddev):   59.8510/0.00

sysbench 1.0.11 (using system LuaJIT 2.1.0-beta3)

Running the test with following options:
Number of threads: 1
Initializing random number generator from current time


Extra file open flags: 0
128 files, 800KiB each
100MiB total file size
Block size 16KiB
Number of IO requests: 0
Read/Write ratio for combined random IO test: 1.50
Periodic FSYNC enabled, calling fsync() each 100 requests.
Calling fsync() at the end of test, Enabled.
Using asynchronous I/O mode
Doing random r/w test
Initializing worker threads...

Threads started!


File operations:
    reads/s:                      231.25
    writes/s:                     153.28
    fsyncs/s:                     0.00

Throughput:
    read, MiB/s:                  3.61
    written, MiB/s:               2.39

General statistics:
    total time:                          60.2973s
    total number of events:              43668

Latency (ms):
         min:                                  0.00
         avg:                                  1.37
         max:                                762.13
         95th percentile:                      2.57
         sum:                              59992.82

Threads fairness:
    events (avg/stddev):           43668.0000/0.00
    execution time (avg/stddev):   59.9928/0.00

sysbench 1.0.11 (using system LuaJIT 2.1.0-beta3)

Running the test with following options:
Number of threads: 1
Initializing random number generator from current time


Extra file open flags: 0
128 files, 800KiB each
100MiB total file size
Block size 16KiB
Number of IO requests: 0
Read/Write ratio for combined random IO test: 1.50
Periodic FSYNC enabled, calling fsync() each 100 requests.
Calling fsync() at the end of test, Enabled.
Using asynchronous I/O mode
Doing random r/w test
Initializing worker threads...

Threads started!


File operations:
    reads/s:                      202.26
    writes/s:                     134.73
    fsyncs/s:                     0.00

Throughput:
    read, MiB/s:                  3.16
    written, MiB/s:               2.11

General statistics:
    total time:                          62.0171s
    total number of events:              39284

Latency (ms):
         min:                                  0.00
         avg:                                  1.52
         max:                                576.83
         95th percentile:                      3.02
         sum:                              59823.15

Threads fairness:
    events (avg/stddev):           39284.0000/0.00
    execution time (avg/stddev):   59.8232/0.00

sysbench 1.0.11 (using system LuaJIT 2.1.0-beta3)

Running the test with following options:
Number of threads: 1
Initializing random number generator from current time


Extra file open flags: 0
128 files, 800KiB each
100MiB total file size
Block size 16KiB
Number of IO requests: 0
Read/Write ratio for combined random IO test: 1.50
Periodic FSYNC enabled, calling fsync() each 100 requests.
Calling fsync() at the end of test, Enabled.
Using asynchronous I/O mode
Doing random r/w test
Initializing worker threads...

Threads started!


File operations:
    reads/s:                      215.14
    writes/s:                     143.72
    fsyncs/s:                     0.00

Throughput:
    read, MiB/s:                  3.36
    written, MiB/s:               2.25

General statistics:
    total time:                          61.8483s
    total number of events:              42084

Latency (ms):
         min:                                  0.00
         avg:                                  1.42
         max:                                619.84
         95th percentile:                      3.02
         sum:                              59879.65

Threads fairness:
    events (avg/stddev):           42084.0000/0.00
    execution time (avg/stddev):   59.8796/0.00

sysbench 1.0.11 (using system LuaJIT 2.1.0-beta3)

Running the test with following options:
Number of threads: 1
Initializing random number generator from current time


Extra file open flags: 0
128 files, 800KiB each
100MiB total file size
Block size 16KiB
Number of IO requests: 0
Read/Write ratio for combined random IO test: 1.50
Periodic FSYNC enabled, calling fsync() each 100 requests.
Calling fsync() at the end of test, Enabled.
Using asynchronous I/O mode
Doing random r/w test
Initializing worker threads...

Threads started!


File operations:
    reads/s:                      214.01
    writes/s:                     142.56
    fsyncs/s:                     0.00

Throughput:
    read, MiB/s:                  3.34
    written, MiB/s:               2.23

General statistics:
    total time:                          61.9526s
    total number of events:              41419

Latency (ms):
         min:                                  0.00
         avg:                                  1.45
         max:                                651.31
         95th percentile:                      2.71
         sum:                              59862.44

Threads fairness:
    events (avg/stddev):           41419.0000/0.00
    execution time (avg/stddev):   59.8624/0.00

sysbench 1.0.11 (using system LuaJIT 2.1.0-beta3)

Running the test with following options:
Number of threads: 1
Initializing random number generator from current time


Extra file open flags: 0
128 files, 800KiB each
100MiB total file size
Block size 16KiB
Number of IO requests: 0
Read/Write ratio for combined random IO test: 1.50
Periodic FSYNC enabled, calling fsync() each 100 requests.
Calling fsync() at the end of test, Enabled.
Using asynchronous I/O mode
Doing random r/w test
Initializing worker threads...

Threads started!


File operations:
    reads/s:                      165.83
    writes/s:                     110.06
    fsyncs/s:                     0.00

Throughput:
    read, MiB/s:                  2.59
    written, MiB/s:               1.72

General statistics:
    total time:                          60.3707s
    total number of events:              31405

Latency (ms):
         min:                                  0.00
         avg:                                  1.90
         max:                                766.98
         95th percentile:                      3.36
         sum:                              59649.46

Threads fairness:
    events (avg/stddev):           31405.0000/0.00
    execution time (avg/stddev):   59.6495/0.00

sysbench 1.0.11 (using system LuaJIT 2.1.0-beta3)

Running the test with following options:
Number of threads: 1
Initializing random number generator from current time


Extra file open flags: 0
128 files, 800KiB each
100MiB total file size
Block size 16KiB
Number of IO requests: 0
Read/Write ratio for combined random IO test: 1.50
Periodic FSYNC enabled, calling fsync() each 100 requests.
Calling fsync() at the end of test, Enabled.
Using asynchronous I/O mode
Doing random r/w test
Initializing worker threads...

Threads started!


File operations:
    reads/s:                      193.04
    writes/s:                     128.47
    fsyncs/s:                     0.00

Throughput:
    read, MiB/s:                  3.02
    written, MiB/s:               2.01

General statistics:
    total time:                          60.3328s
    total number of events:              36318

Latency (ms):
         min:                                  0.00
         avg:                                  1.64
         max:                                552.29
         95th percentile:                      3.13
         sum:                              59665.40

Threads fairness:
    events (avg/stddev):           36318.0000/0.00
    execution time (avg/stddev):   59.6654/0.00

sysbench 1.0.11 (using system LuaJIT 2.1.0-beta3)

Running the test with following options:
Number of threads: 1
Initializing random number generator from current time


Extra file open flags: 0
128 files, 800KiB each
100MiB total file size
Block size 16KiB
Number of IO requests: 0
Read/Write ratio for combined random IO test: 1.50
Periodic FSYNC enabled, calling fsync() each 100 requests.
Calling fsync() at the end of test, Enabled.
Using asynchronous I/O mode
Doing random r/w test
Initializing worker threads...

Threads started!


File operations:
    reads/s:                      228.99
    writes/s:                     151.38
    fsyncs/s:                     0.00

Throughput:
    read, MiB/s:                  3.58
    written, MiB/s:               2.37

General statistics:
    total time:                          62.5650s
    total number of events:              44664

Latency (ms):
         min:                                  0.00
         avg:                                  1.34
         max:                                714.39
         95th percentile:                      2.66
         sum:                              59794.52

Threads fairness:
    events (avg/stddev):           44664.0000/0.00
    execution time (avg/stddev):   59.7945/0.00

sysbench 1.0.11 (using system LuaJIT 2.1.0-beta3)

Running the test with following options:
Number of threads: 1
Initializing random number generator from current time


Extra file open flags: 0
128 files, 800KiB each
100MiB total file size
Block size 16KiB
Number of IO requests: 0
Read/Write ratio for combined random IO test: 1.50
Periodic FSYNC enabled, calling fsync() each 100 requests.
Calling fsync() at the end of test, Enabled.
Using asynchronous I/O mode
Doing random r/w test
Initializing worker threads...

Threads started!


File operations:
    reads/s:                      290.11
    writes/s:                     193.19
    fsyncs/s:                     0.00

Throughput:
    read, MiB/s:                  4.53
    written, MiB/s:               3.02

General statistics:
    total time:                          60.0011s
    total number of events:              54346

Latency (ms):
         min:                                  0.00
         avg:                                  1.09
         max:                                730.46
         95th percentile:                      2.22
         sum:                              59500.43

Threads fairness:
    events (avg/stddev):           54346.0000/0.00
    execution time (avg/stddev):   59.5004/0.00

sysbench 1.0.11 (using system LuaJIT 2.1.0-beta3)

Running the test with following options:
Number of threads: 1
Initializing random number generator from current time


Extra file open flags: 0
128 files, 800KiB each
100MiB total file size
Block size 16KiB
Number of IO requests: 0
Read/Write ratio for combined random IO test: 1.50
Periodic FSYNC enabled, calling fsync() each 100 requests.
Calling fsync() at the end of test, Enabled.
Using asynchronous I/O mode
Doing random r/w test
Initializing worker threads...

Threads started!


File operations:
    reads/s:                      181.26
    writes/s:                     121.87
    fsyncs/s:                     0.00

Throughput:
    read, MiB/s:                  2.83
    written, MiB/s:               1.90

General statistics:
    total time:                          60.8885s
    total number of events:              34594

Latency (ms):
         min:                                  0.00
         avg:                                  1.73
         max:                                986.95
         95th percentile:                      3.07
         sum:                              59903.88

Threads fairness:
    events (avg/stddev):           34594.0000/0.00
    execution time (avg/stddev):   59.9039/0.00

sysbench 1.0.11 (using system LuaJIT 2.1.0-beta3)

Running the test with following options:
Number of threads: 1
Initializing random number generator from current time


Extra file open flags: 0
128 files, 800KiB each
100MiB total file size
Block size 16KiB
Number of IO requests: 0
Read/Write ratio for combined random IO test: 1.50
Periodic FSYNC enabled, calling fsync() each 100 requests.
Calling fsync() at the end of test, Enabled.
Using asynchronous I/O mode
Doing random r/w test
Initializing worker threads...

Threads started!


File operations:
    reads/s:                      198.31
    writes/s:                     132.04
    fsyncs/s:                     0.00

Throughput:
    read, MiB/s:                  3.10
    written, MiB/s:               2.06

General statistics:
    total time:                          61.0704s
    total number of events:              37967

Latency (ms):
         min:                                  0.00
         avg:                                  1.56
         max:                                809.08
         95th percentile:                      2.76
         sum:                              59301.37

Threads fairness:
    events (avg/stddev):           37967.0000/0.00
    execution time (avg/stddev):   59.3014/0.00

sysbench 1.0.11 (using system LuaJIT 2.1.0-beta3)

Running the test with following options:
Number of threads: 1
Initializing random number generator from current time


Extra file open flags: 0
128 files, 800KiB each
100MiB total file size
Block size 16KiB
Number of IO requests: 0
Read/Write ratio for combined random IO test: 1.50
Periodic FSYNC enabled, calling fsync() each 100 requests.
Calling fsync() at the end of test, Enabled.
Using asynchronous I/O mode
Doing random r/w test
Initializing worker threads...

Threads started!


File operations:
    reads/s:                      184.26
    writes/s:                     123.47
    fsyncs/s:                     0.00

Throughput:
    read, MiB/s:                  2.88
    written, MiB/s:               1.93

General statistics:
    total time:                          60.8109s
    total number of events:              35334

Latency (ms):
         min:                                  0.00
         avg:                                  1.70
         max:                               1210.06
         95th percentile:                      2.91
         sum:                              60094.08

Threads fairness:
    events (avg/stddev):           35334.0000/0.00
    execution time (avg/stddev):   60.0941/0.00

sysbench 1.0.11 (using system LuaJIT 2.1.0-beta3)

Running the test with following options:
Number of threads: 1
Initializing random number generator from current time


Extra file open flags: 0
128 files, 800KiB each
100MiB total file size
Block size 16KiB
Number of IO requests: 0
Read/Write ratio for combined random IO test: 1.50
Periodic FSYNC enabled, calling fsync() each 100 requests.
Calling fsync() at the end of test, Enabled.
Using asynchronous I/O mode
Doing random r/w test
Initializing worker threads...

Threads started!


File operations:
    reads/s:                      220.99
    writes/s:                     147.85
    fsyncs/s:                     0.00

Throughput:
    read, MiB/s:                  3.45
    written, MiB/s:               2.31

General statistics:
    total time:                          61.4660s
    total number of events:              42512

Latency (ms):
         min:                                  0.00
         avg:                                  1.39
         max:                                964.49
         95th percentile:                      2.61
         sum:                              59274.04

Threads fairness:
    events (avg/stddev):           42512.0000/0.00
    execution time (avg/stddev):   59.2740/0.00

sysbench 1.0.11 (using system LuaJIT 2.1.0-beta3)

Running the test with following options:
Number of threads: 1
Initializing random number generator from current time


Extra file open flags: 0
128 files, 800KiB each
100MiB total file size
Block size 16KiB
Number of IO requests: 0
Read/Write ratio for combined random IO test: 1.50
Periodic FSYNC enabled, calling fsync() each 100 requests.
Calling fsync() at the end of test, Enabled.
Using asynchronous I/O mode
Doing random r/w test
Initializing worker threads...

Threads started!


File operations:
    reads/s:                      264.51
    writes/s:                     175.45
    fsyncs/s:                     0.00

Throughput:
    read, MiB/s:                  4.13
    written, MiB/s:               2.74

General statistics:
    total time:                          60.0013s
    total number of events:              49597

Latency (ms):
         min:                                  0.00
         avg:                                  1.20
         max:                                639.72
         95th percentile:                      2.39
         sum:                              59634.51

Threads fairness:
    events (avg/stddev):           49597.0000/0.00
    execution time (avg/stddev):   59.6345/0.00

sysbench 1.0.11 (using system LuaJIT 2.1.0-beta3)

Running the test with following options:
Number of threads: 1
Initializing random number generator from current time


Extra file open flags: 0
128 files, 800KiB each
100MiB total file size
Block size 16KiB
Number of IO requests: 0
Read/Write ratio for combined random IO test: 1.50
Periodic FSYNC enabled, calling fsync() each 100 requests.
Calling fsync() at the end of test, Enabled.
Using asynchronous I/O mode
Doing random r/w test
Initializing worker threads...

Threads started!


File operations:
    reads/s:                      187.08
    writes/s:                     124.84
    fsyncs/s:                     0.00

Throughput:
    read, MiB/s:                  2.92
    written, MiB/s:               1.95

General statistics:
    total time:                          62.8749s
    total number of events:              37941

Latency (ms):
         min:                                  0.00
         avg:                                  1.58
         max:                                752.67
         95th percentile:                      3.30
         sum:                              59792.08

Threads fairness:
    events (avg/stddev):           37941.0000/0.00
    execution time (avg/stddev):   59.7921/0.00

sysbench 1.0.11 (using system LuaJIT 2.1.0-beta3)

Running the test with following options:
Number of threads: 1
Initializing random number generator from current time


Extra file open flags: 0
128 files, 800KiB each
100MiB total file size
Block size 16KiB
Number of IO requests: 0
Read/Write ratio for combined random IO test: 1.50
Periodic FSYNC enabled, calling fsync() each 100 requests.
Calling fsync() at the end of test, Enabled.
Using asynchronous I/O mode
Doing random r/w test
Initializing worker threads...

Threads started!


File operations:
    reads/s:                      239.08
    writes/s:                     159.39
    fsyncs/s:                     0.00

Throughput:
    read, MiB/s:                  3.74
    written, MiB/s:               2.49

General statistics:
    total time:                          60.2291s
    total number of events:              45046

Latency (ms):
         min:                                  0.00
         avg:                                  1.32
         max:                                760.53
         95th percentile:                      2.76
         sum:                              59654.61

Threads fairness:
    events (avg/stddev):           45046.0000/0.00
    execution time (avg/stddev):   59.6546/0.00

sysbench 1.0.11 (using system LuaJIT 2.1.0-beta3)

Running the test with following options:
Number of threads: 1
Initializing random number generator from current time


Extra file open flags: 0
128 files, 800KiB each
100MiB total file size
Block size 16KiB
Number of IO requests: 0
Read/Write ratio for combined random IO test: 1.50
Periodic FSYNC enabled, calling fsync() each 100 requests.
Calling fsync() at the end of test, Enabled.
Using asynchronous I/O mode
Doing random r/w test
Initializing worker threads...

Threads started!


File operations:
    reads/s:                      219.09
    writes/s:                     145.64
    fsyncs/s:                     0.00

Throughput:
    read, MiB/s:                  3.42
    written, MiB/s:               2.28

General statistics:
    total time:                          61.5162s
    total number of events:              42151

Latency (ms):
         min:                                  0.00
         avg:                                  1.42
         max:                                787.33
         95th percentile:                      2.48
         sum:                              59849.59

Threads fairness:
    events (avg/stddev):           42151.0000/0.00
    execution time (avg/stddev):   59.8496/0.00

sysbench 1.0.11 (using system LuaJIT 2.1.0-beta3)

Running the test with following options:
Number of threads: 1
Initializing random number generator from current time


Extra file open flags: 0
128 files, 800KiB each
100MiB total file size
Block size 16KiB
Number of IO requests: 0
Read/Write ratio for combined random IO test: 1.50
Periodic FSYNC enabled, calling fsync() each 100 requests.
Calling fsync() at the end of test, Enabled.
Using asynchronous I/O mode
Doing random r/w test
Initializing worker threads...

Threads started!


File operations:
    reads/s:                      230.50
    writes/s:                     153.13
    fsyncs/s:                     0.00

Throughput:
    read, MiB/s:                  3.60
    written, MiB/s:               2.39

General statistics:
    total time:                          60.1452s
    total number of events:              43440

Latency (ms):
         min:                                  0.00
         avg:                                  1.36
         max:                                654.92
         95th percentile:                      2.52
         sum:                              59264.43

Threads fairness:
    events (avg/stddev):           43440.0000/0.00
    execution time (avg/stddev):   59.2644/0.00

