sysbench 1.0.11 (using system LuaJIT 2.1.0-beta3)

Running the test with following options:
Number of threads: 1
Initializing random number generator from current time


Extra file open flags: 0
128 files, 800KiB each
100MiB total file size
Block size 16KiB
Number of IO requests: 0
Read/Write ratio for combined random IO test: 1.50
Periodic FSYNC enabled, calling fsync() each 100 requests.
Calling fsync() at the end of test, Enabled.
Using synchronous I/O mode
Doing random r/w test
Initializing worker threads...

Threads started!


File operations:
    reads/s:                      63.96
    writes/s:                     42.64
    fsyncs/s:                     134.97

Throughput:
    read, MiB/s:                  1.00
    written, MiB/s:               0.67

General statistics:
    total time:                          60.0344s
    total number of events:              14504

Latency (ms):
         min:                                  0.00
         avg:                                  4.13
         max:                                436.59
         95th percentile:                     14.21
         sum:                              59924.23

Threads fairness:
    events (avg/stddev):           14504.0000/0.00
    execution time (avg/stddev):   59.9242/0.00

sysbench 1.0.11 (using system LuaJIT 2.1.0-beta3)

Running the test with following options:
Number of threads: 1
Initializing random number generator from current time


Extra file open flags: 0
128 files, 800KiB each
100MiB total file size
Block size 16KiB
Number of IO requests: 0
Read/Write ratio for combined random IO test: 1.50
Periodic FSYNC enabled, calling fsync() each 100 requests.
Calling fsync() at the end of test, Enabled.
Using synchronous I/O mode
Doing random r/w test
Initializing worker threads...

Threads started!


File operations:
    reads/s:                      83.99
    writes/s:                     55.99
    fsyncs/s:                     178.26

Throughput:
    read, MiB/s:                  1.31
    written, MiB/s:               0.87

General statistics:
    total time:                          60.0056s
    total number of events:              19097

Latency (ms):
         min:                                  0.00
         avg:                                  3.14
         max:                                330.03
         95th percentile:                     12.98
         sum:                              59907.31

Threads fairness:
    events (avg/stddev):           19097.0000/0.00
    execution time (avg/stddev):   59.9073/0.00

sysbench 1.0.11 (using system LuaJIT 2.1.0-beta3)

Running the test with following options:
Number of threads: 1
Initializing random number generator from current time


Extra file open flags: 0
128 files, 800KiB each
100MiB total file size
Block size 16KiB
Number of IO requests: 0
Read/Write ratio for combined random IO test: 1.50
Periodic FSYNC enabled, calling fsync() each 100 requests.
Calling fsync() at the end of test, Enabled.
Using synchronous I/O mode
Doing random r/w test
Initializing worker threads...

Threads started!


File operations:
    reads/s:                      85.98
    writes/s:                     57.32
    fsyncs/s:                     181.72

Throughput:
    read, MiB/s:                  1.34
    written, MiB/s:               0.90

General statistics:
    total time:                          60.0095s
    total number of events:              19506

Latency (ms):
         min:                                  0.00
         avg:                                  3.07
         max:                                490.56
         95th percentile:                     12.75
         sum:                              59906.75

Threads fairness:
    events (avg/stddev):           19506.0000/0.00
    execution time (avg/stddev):   59.9068/0.00

sysbench 1.0.11 (using system LuaJIT 2.1.0-beta3)

Running the test with following options:
Number of threads: 1
Initializing random number generator from current time


Extra file open flags: 0
128 files, 800KiB each
100MiB total file size
Block size 16KiB
Number of IO requests: 0
Read/Write ratio for combined random IO test: 1.50
Periodic FSYNC enabled, calling fsync() each 100 requests.
Calling fsync() at the end of test, Enabled.
Using synchronous I/O mode
Doing random r/w test
Initializing worker threads...

Threads started!


File operations:
    reads/s:                      83.99
    writes/s:                     56.00
    fsyncs/s:                     178.50

Throughput:
    read, MiB/s:                  1.31
    written, MiB/s:               0.87

General statistics:
    total time:                          60.0025s
    total number of events:              19111

Latency (ms):
         min:                                  0.00
         avg:                                  3.13
         max:                                305.05
         95th percentile:                     12.75
         sum:                              59878.87

Threads fairness:
    events (avg/stddev):           19111.0000/0.00
    execution time (avg/stddev):   59.8789/0.00

sysbench 1.0.11 (using system LuaJIT 2.1.0-beta3)

Running the test with following options:
Number of threads: 1
Initializing random number generator from current time


Extra file open flags: 0
128 files, 800KiB each
100MiB total file size
Block size 16KiB
Number of IO requests: 0
Read/Write ratio for combined random IO test: 1.50
Periodic FSYNC enabled, calling fsync() each 100 requests.
Calling fsync() at the end of test, Enabled.
Using synchronous I/O mode
Doing random r/w test
Initializing worker threads...

Threads started!


File operations:
    reads/s:                      83.97
    writes/s:                     55.98
    fsyncs/s:                     177.76

Throughput:
    read, MiB/s:                  1.31
    written, MiB/s:               0.87

General statistics:
    total time:                          60.0066s
    total number of events:              19069

Latency (ms):
         min:                                  0.00
         avg:                                  3.14
         max:                                362.66
         95th percentile:                     12.75
         sum:                              59873.12

Threads fairness:
    events (avg/stddev):           19069.0000/0.00
    execution time (avg/stddev):   59.8731/0.00

sysbench 1.0.11 (using system LuaJIT 2.1.0-beta3)

Running the test with following options:
Number of threads: 1
Initializing random number generator from current time


Extra file open flags: 0
128 files, 800KiB each
100MiB total file size
Block size 16KiB
Number of IO requests: 0
Read/Write ratio for combined random IO test: 1.50
Periodic FSYNC enabled, calling fsync() each 100 requests.
Calling fsync() at the end of test, Enabled.
Using synchronous I/O mode
Doing random r/w test
Initializing worker threads...

Threads started!


File operations:
    reads/s:                      83.99
    writes/s:                     55.99
    fsyncs/s:                     178.28

Throughput:
    read, MiB/s:                  1.31
    written, MiB/s:               0.87

General statistics:
    total time:                          60.0050s
    total number of events:              19098

Latency (ms):
         min:                                  0.00
         avg:                                  3.14
         max:                                332.45
         95th percentile:                     12.98
         sum:                              59903.80

Threads fairness:
    events (avg/stddev):           19098.0000/0.00
    execution time (avg/stddev):   59.9038/0.00

sysbench 1.0.11 (using system LuaJIT 2.1.0-beta3)

Running the test with following options:
Number of threads: 1
Initializing random number generator from current time


Extra file open flags: 0
128 files, 800KiB each
100MiB total file size
Block size 16KiB
Number of IO requests: 0
Read/Write ratio for combined random IO test: 1.50
Periodic FSYNC enabled, calling fsync() each 100 requests.
Calling fsync() at the end of test, Enabled.
Using synchronous I/O mode
Doing random r/w test
Initializing worker threads...

Threads started!


File operations:
    reads/s:                      84.00
    writes/s:                     56.00
    fsyncs/s:                     177.76

Throughput:
    read, MiB/s:                  1.31
    written, MiB/s:               0.87

General statistics:
    total time:                          60.0006s
    total number of events:              19066

Latency (ms):
         min:                                  0.00
         avg:                                  3.14
         max:                                465.35
         95th percentile:                     12.98
         sum:                              59865.74

Threads fairness:
    events (avg/stddev):           19066.0000/0.00
    execution time (avg/stddev):   59.8657/0.00

sysbench 1.0.11 (using system LuaJIT 2.1.0-beta3)

Running the test with following options:
Number of threads: 1
Initializing random number generator from current time


Extra file open flags: 0
128 files, 800KiB each
100MiB total file size
Block size 16KiB
Number of IO requests: 0
Read/Write ratio for combined random IO test: 1.50
Periodic FSYNC enabled, calling fsync() each 100 requests.
Calling fsync() at the end of test, Enabled.
Using synchronous I/O mode
Doing random r/w test
Initializing worker threads...

Threads started!


File operations:
    reads/s:                      85.95
    writes/s:                     57.30
    fsyncs/s:                     181.68

Throughput:
    read, MiB/s:                  1.34
    written, MiB/s:               0.90

General statistics:
    total time:                          60.0326s
    total number of events:              19508

Latency (ms):
         min:                                  0.00
         avg:                                  3.07
         max:                                210.29
         95th percentile:                     12.75
         sum:                              59929.43

Threads fairness:
    events (avg/stddev):           19508.0000/0.00
    execution time (avg/stddev):   59.9294/0.00

sysbench 1.0.11 (using system LuaJIT 2.1.0-beta3)

Running the test with following options:
Number of threads: 1
Initializing random number generator from current time


Extra file open flags: 0
128 files, 800KiB each
100MiB total file size
Block size 16KiB
Number of IO requests: 0
Read/Write ratio for combined random IO test: 1.50
Periodic FSYNC enabled, calling fsync() each 100 requests.
Calling fsync() at the end of test, Enabled.
Using synchronous I/O mode
Doing random r/w test
Initializing worker threads...

Threads started!


File operations:
    reads/s:                      81.99
    writes/s:                     54.66
    fsyncs/s:                     173.49

Throughput:
    read, MiB/s:                  1.28
    written, MiB/s:               0.85

General statistics:
    total time:                          60.0002s
    total number of events:              18611

Latency (ms):
         min:                                  0.00
         avg:                                  3.22
         max:                                375.33
         95th percentile:                     13.22
         sum:                              59891.33

Threads fairness:
    events (avg/stddev):           18611.0000/0.00
    execution time (avg/stddev):   59.8913/0.00

sysbench 1.0.11 (using system LuaJIT 2.1.0-beta3)

Running the test with following options:
Number of threads: 1
Initializing random number generator from current time


Extra file open flags: 0
128 files, 800KiB each
100MiB total file size
Block size 16KiB
Number of IO requests: 0
Read/Write ratio for combined random IO test: 1.50
Periodic FSYNC enabled, calling fsync() each 100 requests.
Calling fsync() at the end of test, Enabled.
Using synchronous I/O mode
Doing random r/w test
Initializing worker threads...

Threads started!


File operations:
    reads/s:                      81.99
    writes/s:                     54.66
    fsyncs/s:                     172.79

Throughput:
    read, MiB/s:                  1.28
    written, MiB/s:               0.85

General statistics:
    total time:                          60.0057s
    total number of events:              18569

Latency (ms):
         min:                                  0.00
         avg:                                  3.23
         max:                                465.86
         95th percentile:                     12.75
         sum:                              59915.37

Threads fairness:
    events (avg/stddev):           18569.0000/0.00
    execution time (avg/stddev):   59.9154/0.00

sysbench 1.0.11 (using system LuaJIT 2.1.0-beta3)

Running the test with following options:
Number of threads: 1
Initializing random number generator from current time


Extra file open flags: 0
128 files, 800KiB each
100MiB total file size
Block size 16KiB
Number of IO requests: 0
Read/Write ratio for combined random IO test: 1.50
Periodic FSYNC enabled, calling fsync() each 100 requests.
Calling fsync() at the end of test, Enabled.
Using synchronous I/O mode
Doing random r/w test
Initializing worker threads...

Threads started!


File operations:
    reads/s:                      85.98
    writes/s:                     57.32
    fsyncs/s:                     183.40

Throughput:
    read, MiB/s:                  1.34
    written, MiB/s:               0.90

General statistics:
    total time:                          60.0053s
    total number of events:              19606

Latency (ms):
         min:                                  0.00
         avg:                                  3.06
         max:                                414.86
         95th percentile:                     12.52
         sum:                              59930.84

Threads fairness:
    events (avg/stddev):           19606.0000/0.00
    execution time (avg/stddev):   59.9308/0.00

sysbench 1.0.11 (using system LuaJIT 2.1.0-beta3)

Running the test with following options:
Number of threads: 1
Initializing random number generator from current time


Extra file open flags: 0
128 files, 800KiB each
100MiB total file size
Block size 16KiB
Number of IO requests: 0
Read/Write ratio for combined random IO test: 1.50
Periodic FSYNC enabled, calling fsync() each 100 requests.
Calling fsync() at the end of test, Enabled.
Using synchronous I/O mode
Doing random r/w test
Initializing worker threads...

Threads started!


File operations:
    reads/s:                      83.73
    writes/s:                     55.82
    fsyncs/s:                     178.61

Throughput:
    read, MiB/s:                  1.31
    written, MiB/s:               0.87

General statistics:
    total time:                          60.1855s
    total number of events:              19151

Latency (ms):
         min:                                  0.00
         avg:                                  3.14
         max:                                550.93
         95th percentile:                     12.75
         sum:                              60107.24

Threads fairness:
    events (avg/stddev):           19151.0000/0.00
    execution time (avg/stddev):   60.1072/0.00

sysbench 1.0.11 (using system LuaJIT 2.1.0-beta3)

Running the test with following options:
Number of threads: 1
Initializing random number generator from current time


Extra file open flags: 0
128 files, 800KiB each
100MiB total file size
Block size 16KiB
Number of IO requests: 0
Read/Write ratio for combined random IO test: 1.50
Periodic FSYNC enabled, calling fsync() each 100 requests.
Calling fsync() at the end of test, Enabled.
Using synchronous I/O mode
Doing random r/w test
Initializing worker threads...

Threads started!


File operations:
    reads/s:                      83.98
    writes/s:                     55.99
    fsyncs/s:                     177.87

Throughput:
    read, MiB/s:                  1.31
    written, MiB/s:               0.87

General statistics:
    total time:                          60.0035s
    total number of events:              19075

Latency (ms):
         min:                                  0.00
         avg:                                  3.14
         max:                                257.27
         95th percentile:                     12.75
         sum:                              59909.65

Threads fairness:
    events (avg/stddev):           19075.0000/0.00
    execution time (avg/stddev):   59.9097/0.00

sysbench 1.0.11 (using system LuaJIT 2.1.0-beta3)

Running the test with following options:
Number of threads: 1
Initializing random number generator from current time


Extra file open flags: 0
128 files, 800KiB each
100MiB total file size
Block size 16KiB
Number of IO requests: 0
Read/Write ratio for combined random IO test: 1.50
Periodic FSYNC enabled, calling fsync() each 100 requests.
Calling fsync() at the end of test, Enabled.
Using synchronous I/O mode
Doing random r/w test
Initializing worker threads...

Threads started!


File operations:
    reads/s:                      84.99
    writes/s:                     56.66
    fsyncs/s:                     179.35

Throughput:
    read, MiB/s:                  1.33
    written, MiB/s:               0.89

General statistics:
    total time:                          60.0031s
    total number of events:              19263

Latency (ms):
         min:                                  0.00
         avg:                                  3.11
         max:                                411.35
         95th percentile:                     12.52
         sum:                              59836.23

Threads fairness:
    events (avg/stddev):           19263.0000/0.00
    execution time (avg/stddev):   59.8362/0.00

sysbench 1.0.11 (using system LuaJIT 2.1.0-beta3)

Running the test with following options:
Number of threads: 1
Initializing random number generator from current time


Extra file open flags: 0
128 files, 800KiB each
100MiB total file size
Block size 16KiB
Number of IO requests: 0
Read/Write ratio for combined random IO test: 1.50
Periodic FSYNC enabled, calling fsync() each 100 requests.
Calling fsync() at the end of test, Enabled.
Using synchronous I/O mode
Doing random r/w test
Initializing worker threads...

Threads started!


File operations:
    reads/s:                      85.95
    writes/s:                     57.30
    fsyncs/s:                     181.95

Throughput:
    read, MiB/s:                  1.34
    written, MiB/s:               0.90

General statistics:
    total time:                          60.0283s
    total number of events:              19523

Latency (ms):
         min:                                  0.00
         avg:                                  3.07
         max:                                481.63
         95th percentile:                     12.98
         sum:                              59906.88

Threads fairness:
    events (avg/stddev):           19523.0000/0.00
    execution time (avg/stddev):   59.9069/0.00

sysbench 1.0.11 (using system LuaJIT 2.1.0-beta3)

Running the test with following options:
Number of threads: 1
Initializing random number generator from current time


Extra file open flags: 0
128 files, 800KiB each
100MiB total file size
Block size 16KiB
Number of IO requests: 0
Read/Write ratio for combined random IO test: 1.50
Periodic FSYNC enabled, calling fsync() each 100 requests.
Calling fsync() at the end of test, Enabled.
Using synchronous I/O mode
Doing random r/w test
Initializing worker threads...

Threads started!


File operations:
    reads/s:                      83.99
    writes/s:                     55.99
    fsyncs/s:                     177.27

Throughput:
    read, MiB/s:                  1.31
    written, MiB/s:               0.87

General statistics:
    total time:                          60.0008s
    total number of events:              19038

Latency (ms):
         min:                                  0.00
         avg:                                  3.15
         max:                                273.66
         95th percentile:                     12.98
         sum:                              59885.61

Threads fairness:
    events (avg/stddev):           19038.0000/0.00
    execution time (avg/stddev):   59.8856/0.00

sysbench 1.0.11 (using system LuaJIT 2.1.0-beta3)

Running the test with following options:
Number of threads: 1
Initializing random number generator from current time


Extra file open flags: 0
128 files, 800KiB each
100MiB total file size
Block size 16KiB
Number of IO requests: 0
Read/Write ratio for combined random IO test: 1.50
Periodic FSYNC enabled, calling fsync() each 100 requests.
Calling fsync() at the end of test, Enabled.
Using synchronous I/O mode
Doing random r/w test
Initializing worker threads...

Threads started!


File operations:
    reads/s:                      84.99
    writes/s:                     56.66
    fsyncs/s:                     179.85

Throughput:
    read, MiB/s:                  1.33
    written, MiB/s:               0.89

General statistics:
    total time:                          60.0023s
    total number of events:              19293

Latency (ms):
         min:                                  0.00
         avg:                                  3.10
         max:                                423.75
         95th percentile:                     12.75
         sum:                              59864.27

Threads fairness:
    events (avg/stddev):           19293.0000/0.00
    execution time (avg/stddev):   59.8643/0.00

sysbench 1.0.11 (using system LuaJIT 2.1.0-beta3)

Running the test with following options:
Number of threads: 1
Initializing random number generator from current time


Extra file open flags: 0
128 files, 800KiB each
100MiB total file size
Block size 16KiB
Number of IO requests: 0
Read/Write ratio for combined random IO test: 1.50
Periodic FSYNC enabled, calling fsync() each 100 requests.
Calling fsync() at the end of test, Enabled.
Using synchronous I/O mode
Doing random r/w test
Initializing worker threads...

Threads started!


File operations:
    reads/s:                      84.95
    writes/s:                     56.63
    fsyncs/s:                     179.86

Throughput:
    read, MiB/s:                  1.33
    written, MiB/s:               0.88

General statistics:
    total time:                          60.0239s
    total number of events:              19298

Latency (ms):
         min:                                  0.00
         avg:                                  3.10
         max:                                318.82
         95th percentile:                     12.75
         sum:                              59895.75

Threads fairness:
    events (avg/stddev):           19298.0000/0.00
    execution time (avg/stddev):   59.8958/0.00

sysbench 1.0.11 (using system LuaJIT 2.1.0-beta3)

Running the test with following options:
Number of threads: 1
Initializing random number generator from current time


Extra file open flags: 0
128 files, 800KiB each
100MiB total file size
Block size 16KiB
Number of IO requests: 0
Read/Write ratio for combined random IO test: 1.50
Periodic FSYNC enabled, calling fsync() each 100 requests.
Calling fsync() at the end of test, Enabled.
Using synchronous I/O mode
Doing random r/w test
Initializing worker threads...

Threads started!


File operations:
    reads/s:                      82.98
    writes/s:                     55.32
    fsyncs/s:                     176.93

Throughput:
    read, MiB/s:                  1.30
    written, MiB/s:               0.86

General statistics:
    total time:                          60.0086s
    total number of events:              18918

Latency (ms):
         min:                                  0.00
         avg:                                  3.16
         max:                                244.16
         95th percentile:                     13.22
         sum:                              59872.22

Threads fairness:
    events (avg/stddev):           18918.0000/0.00
    execution time (avg/stddev):   59.8722/0.00

sysbench 1.0.11 (using system LuaJIT 2.1.0-beta3)

Running the test with following options:
Number of threads: 1
Initializing random number generator from current time


Extra file open flags: 0
128 files, 800KiB each
100MiB total file size
Block size 16KiB
Number of IO requests: 0
Read/Write ratio for combined random IO test: 1.50
Periodic FSYNC enabled, calling fsync() each 100 requests.
Calling fsync() at the end of test, Enabled.
Using synchronous I/O mode
Doing random r/w test
Initializing worker threads...

Threads started!


File operations:
    reads/s:                      83.98
    writes/s:                     55.98
    fsyncs/s:                     177.18

Throughput:
    read, MiB/s:                  1.31
    written, MiB/s:               0.87

General statistics:
    total time:                          60.0105s
    total number of events:              19034

Latency (ms):
         min:                                  0.00
         avg:                                  3.15
         max:                                487.25
         95th percentile:                     12.75
         sum:                              59891.96

Threads fairness:
    events (avg/stddev):           19034.0000/0.00
    execution time (avg/stddev):   59.8920/0.00

sysbench 1.0.11 (using system LuaJIT 2.1.0-beta3)

Running the test with following options:
Number of threads: 1
Initializing random number generator from current time


Extra file open flags: 0
128 files, 800KiB each
100MiB total file size
Block size 16KiB
Number of IO requests: 0
Read/Write ratio for combined random IO test: 1.50
Periodic FSYNC enabled, calling fsync() each 100 requests.
Calling fsync() at the end of test, Enabled.
Using synchronous I/O mode
Doing random r/w test
Initializing worker threads...

Threads started!


File operations:
    reads/s:                      82.98
    writes/s:                     55.32
    fsyncs/s:                     175.40

Throughput:
    read, MiB/s:                  1.30
    written, MiB/s:               0.86

General statistics:
    total time:                          60.0011s
    total number of events:              18826

Latency (ms):
         min:                                  0.00
         avg:                                  3.18
         max:                                244.54
         95th percentile:                     13.22
         sum:                              59889.80

Threads fairness:
    events (avg/stddev):           18826.0000/0.00
    execution time (avg/stddev):   59.8898/0.00

sysbench 1.0.11 (using system LuaJIT 2.1.0-beta3)

Running the test with following options:
Number of threads: 1
Initializing random number generator from current time


Extra file open flags: 0
128 files, 800KiB each
100MiB total file size
Block size 16KiB
Number of IO requests: 0
Read/Write ratio for combined random IO test: 1.50
Periodic FSYNC enabled, calling fsync() each 100 requests.
Calling fsync() at the end of test, Enabled.
Using synchronous I/O mode
Doing random r/w test
Initializing worker threads...

Threads started!


File operations:
    reads/s:                      84.00
    writes/s:                     56.00
    fsyncs/s:                     179.12

Throughput:
    read, MiB/s:                  1.31
    written, MiB/s:               0.87

General statistics:
    total time:                          60.0012s
    total number of events:              19148

Latency (ms):
         min:                                  0.00
         avg:                                  3.13
         max:                                270.82
         95th percentile:                     12.75
         sum:                              59926.80

Threads fairness:
    events (avg/stddev):           19148.0000/0.00
    execution time (avg/stddev):   59.9268/0.00

sysbench 1.0.11 (using system LuaJIT 2.1.0-beta3)

Running the test with following options:
Number of threads: 1
Initializing random number generator from current time


Extra file open flags: 0
128 files, 800KiB each
100MiB total file size
Block size 16KiB
Number of IO requests: 0
Read/Write ratio for combined random IO test: 1.50
Periodic FSYNC enabled, calling fsync() each 100 requests.
Calling fsync() at the end of test, Enabled.
Using synchronous I/O mode
Doing random r/w test
Initializing worker threads...

Threads started!


File operations:
    reads/s:                      85.99
    writes/s:                     57.33
    fsyncs/s:                     182.84

Throughput:
    read, MiB/s:                  1.34
    written, MiB/s:               0.90

General statistics:
    total time:                          60.0015s
    total number of events:              19571

Latency (ms):
         min:                                  0.00
         avg:                                  3.06
         max:                                353.58
         95th percentile:                     12.98
         sum:                              59853.07

Threads fairness:
    events (avg/stddev):           19571.0000/0.00
    execution time (avg/stddev):   59.8531/0.00

sysbench 1.0.11 (using system LuaJIT 2.1.0-beta3)

Running the test with following options:
Number of threads: 1
Initializing random number generator from current time


Extra file open flags: 0
128 files, 800KiB each
100MiB total file size
Block size 16KiB
Number of IO requests: 0
Read/Write ratio for combined random IO test: 1.50
Periodic FSYNC enabled, calling fsync() each 100 requests.
Calling fsync() at the end of test, Enabled.
Using synchronous I/O mode
Doing random r/w test
Initializing worker threads...

Threads started!


File operations:
    reads/s:                      82.81
    writes/s:                     55.21
    fsyncs/s:                     174.95

Throughput:
    read, MiB/s:                  1.29
    written, MiB/s:               0.86

General statistics:
    total time:                          60.1291s
    total number of events:              18821

Latency (ms):
         min:                                  0.00
         avg:                                  3.19
         max:                                265.19
         95th percentile:                     12.98
         sum:                              59967.63

Threads fairness:
    events (avg/stddev):           18821.0000/0.00
    execution time (avg/stddev):   59.9676/0.00

sysbench 1.0.11 (using system LuaJIT 2.1.0-beta3)

Running the test with following options:
Number of threads: 1
Initializing random number generator from current time


Extra file open flags: 0
128 files, 800KiB each
100MiB total file size
Block size 16KiB
Number of IO requests: 0
Read/Write ratio for combined random IO test: 1.50
Periodic FSYNC enabled, calling fsync() each 100 requests.
Calling fsync() at the end of test, Enabled.
Using synchronous I/O mode
Doing random r/w test
Initializing worker threads...

Threads started!


File operations:
    reads/s:                      84.97
    writes/s:                     56.65
    fsyncs/s:                     179.21

Throughput:
    read, MiB/s:                  1.33
    written, MiB/s:               0.89

General statistics:
    total time:                          60.0112s
    total number of events:              19256

Latency (ms):
         min:                                  0.00
         avg:                                  3.11
         max:                                253.54
         95th percentile:                     12.30
         sum:                              59922.48

Threads fairness:
    events (avg/stddev):           19256.0000/0.00
    execution time (avg/stddev):   59.9225/0.00

sysbench 1.0.11 (using system LuaJIT 2.1.0-beta3)

Running the test with following options:
Number of threads: 1
Initializing random number generator from current time


Extra file open flags: 0
128 files, 800KiB each
100MiB total file size
Block size 16KiB
Number of IO requests: 0
Read/Write ratio for combined random IO test: 1.50
Periodic FSYNC enabled, calling fsync() each 100 requests.
Calling fsync() at the end of test, Enabled.
Using synchronous I/O mode
Doing random r/w test
Initializing worker threads...

Threads started!


File operations:
    reads/s:                      83.98
    writes/s:                     55.99
    fsyncs/s:                     178.12

Throughput:
    read, MiB/s:                  1.31
    written, MiB/s:               0.87

General statistics:
    total time:                          60.0008s
    total number of events:              19089

Latency (ms):
         min:                                  0.00
         avg:                                  3.14
         max:                                237.74
         95th percentile:                     12.75
         sum:                              59903.11

Threads fairness:
    events (avg/stddev):           19089.0000/0.00
    execution time (avg/stddev):   59.9031/0.00

sysbench 1.0.11 (using system LuaJIT 2.1.0-beta3)

Running the test with following options:
Number of threads: 1
Initializing random number generator from current time


Extra file open flags: 0
128 files, 800KiB each
100MiB total file size
Block size 16KiB
Number of IO requests: 0
Read/Write ratio for combined random IO test: 1.50
Periodic FSYNC enabled, calling fsync() each 100 requests.
Calling fsync() at the end of test, Enabled.
Using synchronous I/O mode
Doing random r/w test
Initializing worker threads...

Threads started!


File operations:
    reads/s:                      83.98
    writes/s:                     55.99
    fsyncs/s:                     177.14

Throughput:
    read, MiB/s:                  1.31
    written, MiB/s:               0.87

General statistics:
    total time:                          60.0086s
    total number of events:              19031

Latency (ms):
         min:                                  0.00
         avg:                                  3.15
         max:                                477.18
         95th percentile:                     12.75
         sum:                              59861.84

Threads fairness:
    events (avg/stddev):           19031.0000/0.00
    execution time (avg/stddev):   59.8618/0.00

sysbench 1.0.11 (using system LuaJIT 2.1.0-beta3)

Running the test with following options:
Number of threads: 1
Initializing random number generator from current time


Extra file open flags: 0
128 files, 800KiB each
100MiB total file size
Block size 16KiB
Number of IO requests: 0
Read/Write ratio for combined random IO test: 1.50
Periodic FSYNC enabled, calling fsync() each 100 requests.
Calling fsync() at the end of test, Enabled.
Using synchronous I/O mode
Doing random r/w test
Initializing worker threads...

Threads started!


File operations:
    reads/s:                      81.99
    writes/s:                     54.66
    fsyncs/s:                     174.54

Throughput:
    read, MiB/s:                  1.28
    written, MiB/s:               0.85

General statistics:
    total time:                          60.0017s
    total number of events:              18673

Latency (ms):
         min:                                  0.00
         avg:                                  3.21
         max:                                462.93
         95th percentile:                     12.98
         sum:                              59873.61

Threads fairness:
    events (avg/stddev):           18673.0000/0.00
    execution time (avg/stddev):   59.8736/0.00

sysbench 1.0.11 (using system LuaJIT 2.1.0-beta3)

Running the test with following options:
Number of threads: 1
Initializing random number generator from current time


Extra file open flags: 0
128 files, 800KiB each
100MiB total file size
Block size 16KiB
Number of IO requests: 0
Read/Write ratio for combined random IO test: 1.50
Periodic FSYNC enabled, calling fsync() each 100 requests.
Calling fsync() at the end of test, Enabled.
Using synchronous I/O mode
Doing random r/w test
Initializing worker threads...

Threads started!


File operations:
    reads/s:                      83.99
    writes/s:                     55.99
    fsyncs/s:                     177.11

Throughput:
    read, MiB/s:                  1.31
    written, MiB/s:               0.87

General statistics:
    total time:                          60.0045s
    total number of events:              19028

Latency (ms):
         min:                                  0.00
         avg:                                  3.15
         max:                                579.87
         95th percentile:                     12.52
         sum:                              59890.34

Threads fairness:
    events (avg/stddev):           19028.0000/0.00
    execution time (avg/stddev):   59.8903/0.00

sysbench 1.0.11 (using system LuaJIT 2.1.0-beta3)

Running the test with following options:
Number of threads: 1
Initializing random number generator from current time


Extra file open flags: 0
128 files, 800KiB each
100MiB total file size
Block size 16KiB
Number of IO requests: 0
Read/Write ratio for combined random IO test: 1.50
Periodic FSYNC enabled, calling fsync() each 100 requests.
Calling fsync() at the end of test, Enabled.
Using synchronous I/O mode
Doing random r/w test
Initializing worker threads...

Threads started!


File operations:
    reads/s:                      81.99
    writes/s:                     54.66
    fsyncs/s:                     173.26

Throughput:
    read, MiB/s:                  1.28
    written, MiB/s:               0.85

General statistics:
    total time:                          60.0004s
    total number of events:              18597

Latency (ms):
         min:                                  0.00
         avg:                                  3.22
         max:                                211.07
         95th percentile:                     13.22
         sum:                              59869.71

Threads fairness:
    events (avg/stddev):           18597.0000/0.00
    execution time (avg/stddev):   59.8697/0.00

