sysbench 1.0.11 (using system LuaJIT 2.1.0-beta3)

Running the test with following options:
Number of threads: 1
Initializing random number generator from current time


Extra file open flags: 0
128 files, 800KiB each
100MiB total file size
Block size 16KiB
Number of IO requests: 0
Read/Write ratio for combined random IO test: 1.50
Periodic FSYNC enabled, calling fsync() each 100 requests.
Calling fsync() at the end of test, Enabled.
Using asynchronous I/O mode
Doing random r/w test
Initializing worker threads...

Threads started!


File operations:
    reads/s:                      239.74
    writes/s:                     159.71
    fsyncs/s:                     0.00

Throughput:
    read, MiB/s:                  3.75
    written, MiB/s:               2.50

General statistics:
    total time:                          60.1060s
    total number of events:              45130

Latency (ms):
         min:                                  0.00
         avg:                                  1.32
         max:                                670.25
         95th percentile:                      2.66
         sum:                              59615.53

Threads fairness:
    events (avg/stddev):           45130.0000/0.00
    execution time (avg/stddev):   59.6155/0.00

sysbench 1.0.11 (using system LuaJIT 2.1.0-beta3)

Running the test with following options:
Number of threads: 1
Initializing random number generator from current time


Extra file open flags: 0
128 files, 800KiB each
100MiB total file size
Block size 16KiB
Number of IO requests: 0
Read/Write ratio for combined random IO test: 1.50
Periodic FSYNC enabled, calling fsync() each 100 requests.
Calling fsync() at the end of test, Enabled.
Using asynchronous I/O mode
Doing random r/w test
Initializing worker threads...

Threads started!


File operations:
    reads/s:                      218.29
    writes/s:                     146.65
    fsyncs/s:                     0.00

Throughput:
    read, MiB/s:                  3.41
    written, MiB/s:               2.29

General statistics:
    total time:                          60.6388s
    total number of events:              41881

Latency (ms):
         min:                                  0.00
         avg:                                  1.43
         max:                                687.97
         95th percentile:                      2.91
         sum:                              60092.90

Threads fairness:
    events (avg/stddev):           41881.0000/0.00
    execution time (avg/stddev):   60.0929/0.00

sysbench 1.0.11 (using system LuaJIT 2.1.0-beta3)

Running the test with following options:
Number of threads: 1
Initializing random number generator from current time


Extra file open flags: 0
128 files, 800KiB each
100MiB total file size
Block size 16KiB
Number of IO requests: 0
Read/Write ratio for combined random IO test: 1.50
Periodic FSYNC enabled, calling fsync() each 100 requests.
Calling fsync() at the end of test, Enabled.
Using asynchronous I/O mode
Doing random r/w test
Initializing worker threads...

Threads started!


File operations:
    reads/s:                      213.99
    writes/s:                     141.94
    fsyncs/s:                     0.00

Throughput:
    read, MiB/s:                  3.34
    written, MiB/s:               2.22

General statistics:
    total time:                          61.3187s
    total number of events:              40898

Latency (ms):
         min:                                  0.00
         avg:                                  1.47
         max:                                722.48
         95th percentile:                      2.86
         sum:                              60039.36

Threads fairness:
    events (avg/stddev):           40898.0000/0.00
    execution time (avg/stddev):   60.0394/0.00

sysbench 1.0.11 (using system LuaJIT 2.1.0-beta3)

Running the test with following options:
Number of threads: 1
Initializing random number generator from current time


Extra file open flags: 0
128 files, 800KiB each
100MiB total file size
Block size 16KiB
Number of IO requests: 0
Read/Write ratio for combined random IO test: 1.50
Periodic FSYNC enabled, calling fsync() each 100 requests.
Calling fsync() at the end of test, Enabled.
Using asynchronous I/O mode
Doing random r/w test
Initializing worker threads...

Threads started!


File operations:
    reads/s:                      224.41
    writes/s:                     150.64
    fsyncs/s:                     0.00

Throughput:
    read, MiB/s:                  3.51
    written, MiB/s:               2.35

General statistics:
    total time:                          61.1483s
    total number of events:              43169

Latency (ms):
         min:                                  0.00
         avg:                                  1.38
         max:                                455.57
         95th percentile:                      2.86
         sum:                              59785.14

Threads fairness:
    events (avg/stddev):           43169.0000/0.00
    execution time (avg/stddev):   59.7851/0.00

sysbench 1.0.11 (using system LuaJIT 2.1.0-beta3)

Running the test with following options:
Number of threads: 1
Initializing random number generator from current time


Extra file open flags: 0
128 files, 800KiB each
100MiB total file size
Block size 16KiB
Number of IO requests: 0
Read/Write ratio for combined random IO test: 1.50
Periodic FSYNC enabled, calling fsync() each 100 requests.
Calling fsync() at the end of test, Enabled.
Using asynchronous I/O mode
Doing random r/w test
Initializing worker threads...

Threads started!


File operations:
    reads/s:                      232.33
    writes/s:                     154.54
    fsyncs/s:                     0.00

Throughput:
    read, MiB/s:                  3.63
    written, MiB/s:               2.41

General statistics:
    total time:                          61.2908s
    total number of events:              44576

Latency (ms):
         min:                                  0.00
         avg:                                  1.35
         max:                                690.09
         95th percentile:                      2.61
         sum:                              59991.82

Threads fairness:
    events (avg/stddev):           44576.0000/0.00
    execution time (avg/stddev):   59.9918/0.00

sysbench 1.0.11 (using system LuaJIT 2.1.0-beta3)

Running the test with following options:
Number of threads: 1
Initializing random number generator from current time


Extra file open flags: 0
128 files, 800KiB each
100MiB total file size
Block size 16KiB
Number of IO requests: 0
Read/Write ratio for combined random IO test: 1.50
Periodic FSYNC enabled, calling fsync() each 100 requests.
Calling fsync() at the end of test, Enabled.
Using asynchronous I/O mode
Doing random r/w test
Initializing worker threads...

Threads started!


File operations:
    reads/s:                      253.60
    writes/s:                     169.57
    fsyncs/s:                     0.00

Throughput:
    read, MiB/s:                  3.96
    written, MiB/s:               2.65

General statistics:
    total time:                          61.1376s
    total number of events:              48530

Latency (ms):
         min:                                  0.00
         avg:                                  1.24
         max:                                568.86
         95th percentile:                      2.66
         sum:                              59966.05

Threads fairness:
    events (avg/stddev):           48530.0000/0.00
    execution time (avg/stddev):   59.9660/0.00

sysbench 1.0.11 (using system LuaJIT 2.1.0-beta3)

Running the test with following options:
Number of threads: 1
Initializing random number generator from current time


Extra file open flags: 0
128 files, 800KiB each
100MiB total file size
Block size 16KiB
Number of IO requests: 0
Read/Write ratio for combined random IO test: 1.50
Periodic FSYNC enabled, calling fsync() each 100 requests.
Calling fsync() at the end of test, Enabled.
Using asynchronous I/O mode
Doing random r/w test
Initializing worker threads...

Threads started!


File operations:
    reads/s:                      247.95
    writes/s:                     166.07
    fsyncs/s:                     0.00

Throughput:
    read, MiB/s:                  3.87
    written, MiB/s:               2.59

General statistics:
    total time:                          60.1161s
    total number of events:              46650

Latency (ms):
         min:                                  0.00
         avg:                                  1.28
         max:                                583.83
         95th percentile:                      2.57
         sum:                              59921.37

Threads fairness:
    events (avg/stddev):           46650.0000/0.00
    execution time (avg/stddev):   59.9214/0.00

sysbench 1.0.11 (using system LuaJIT 2.1.0-beta3)

Running the test with following options:
Number of threads: 1
Initializing random number generator from current time


Extra file open flags: 0
128 files, 800KiB each
100MiB total file size
Block size 16KiB
Number of IO requests: 0
Read/Write ratio for combined random IO test: 1.50
Periodic FSYNC enabled, calling fsync() each 100 requests.
Calling fsync() at the end of test, Enabled.
Using asynchronous I/O mode
Doing random r/w test
Initializing worker threads...

Threads started!


File operations:
    reads/s:                      198.35
    writes/s:                     132.91
    fsyncs/s:                     0.00

Throughput:
    read, MiB/s:                  3.10
    written, MiB/s:               2.08

General statistics:
    total time:                          61.6294s
    total number of events:              38465

Latency (ms):
         min:                                  0.00
         avg:                                  1.55
         max:                                579.08
         95th percentile:                      3.02
         sum:                              59713.62

Threads fairness:
    events (avg/stddev):           38465.0000/0.00
    execution time (avg/stddev):   59.7136/0.00

sysbench 1.0.11 (using system LuaJIT 2.1.0-beta3)

Running the test with following options:
Number of threads: 1
Initializing random number generator from current time


Extra file open flags: 0
128 files, 800KiB each
100MiB total file size
Block size 16KiB
Number of IO requests: 0
Read/Write ratio for combined random IO test: 1.50
Periodic FSYNC enabled, calling fsync() each 100 requests.
Calling fsync() at the end of test, Enabled.
Using asynchronous I/O mode
Doing random r/w test
Initializing worker threads...

Threads started!


File operations:
    reads/s:                      226.24
    writes/s:                     150.90
    fsyncs/s:                     0.00

Throughput:
    read, MiB/s:                  3.53
    written, MiB/s:               2.36

General statistics:
    total time:                          61.9175s
    total number of events:              43961

Latency (ms):
         min:                                  0.00
         avg:                                  1.36
         max:                                895.94
         95th percentile:                      2.61
         sum:                              59605.76

Threads fairness:
    events (avg/stddev):           43961.0000/0.00
    execution time (avg/stddev):   59.6058/0.00

sysbench 1.0.11 (using system LuaJIT 2.1.0-beta3)

Running the test with following options:
Number of threads: 1
Initializing random number generator from current time


Extra file open flags: 0
128 files, 800KiB each
100MiB total file size
Block size 16KiB
Number of IO requests: 0
Read/Write ratio for combined random IO test: 1.50
Periodic FSYNC enabled, calling fsync() each 100 requests.
Calling fsync() at the end of test, Enabled.
Using asynchronous I/O mode
Doing random r/w test
Initializing worker threads...

Threads started!


File operations:
    reads/s:                      240.77
    writes/s:                     159.97
    fsyncs/s:                     0.00

Throughput:
    read, MiB/s:                  3.76
    written, MiB/s:               2.50

General statistics:
    total time:                          61.1265s
    total number of events:              45953

Latency (ms):
         min:                                  0.00
         avg:                                  1.30
         max:                               1154.52
         95th percentile:                      2.48
         sum:                              59726.45

Threads fairness:
    events (avg/stddev):           45953.0000/0.00
    execution time (avg/stddev):   59.7264/0.00

sysbench 1.0.11 (using system LuaJIT 2.1.0-beta3)

Running the test with following options:
Number of threads: 1
Initializing random number generator from current time


Extra file open flags: 0
128 files, 800KiB each
100MiB total file size
Block size 16KiB
Number of IO requests: 0
Read/Write ratio for combined random IO test: 1.50
Periodic FSYNC enabled, calling fsync() each 100 requests.
Calling fsync() at the end of test, Enabled.
Using asynchronous I/O mode
Doing random r/w test
Initializing worker threads...

Threads started!


File operations:
    reads/s:                      207.55
    writes/s:                     139.69
    fsyncs/s:                     0.00

Throughput:
    read, MiB/s:                  3.24
    written, MiB/s:               2.18

General statistics:
    total time:                          60.4719s
    total number of events:              39543

Latency (ms):
         min:                                  0.00
         avg:                                  1.49
         max:                                687.08
         95th percentile:                      2.61
         sum:                              58901.68

Threads fairness:
    events (avg/stddev):           39543.0000/0.00
    execution time (avg/stddev):   58.9017/0.00

sysbench 1.0.11 (using system LuaJIT 2.1.0-beta3)

Running the test with following options:
Number of threads: 1
Initializing random number generator from current time


Extra file open flags: 0
128 files, 800KiB each
100MiB total file size
Block size 16KiB
Number of IO requests: 0
Read/Write ratio for combined random IO test: 1.50
Periodic FSYNC enabled, calling fsync() each 100 requests.
Calling fsync() at the end of test, Enabled.
Using asynchronous I/O mode
Doing random r/w test
Initializing worker threads...

Threads started!


File operations:
    reads/s:                      259.89
    writes/s:                     172.73
    fsyncs/s:                     0.00

Throughput:
    read, MiB/s:                  4.06
    written, MiB/s:               2.70

General statistics:
    total time:                          62.9853s
    total number of events:              51186

Latency (ms):
         min:                                  0.00
         avg:                                  1.15
         max:                                671.06
         95th percentile:                      2.39
         sum:                              59097.24

Threads fairness:
    events (avg/stddev):           51186.0000/0.00
    execution time (avg/stddev):   59.0972/0.00

sysbench 1.0.11 (using system LuaJIT 2.1.0-beta3)

Running the test with following options:
Number of threads: 1
Initializing random number generator from current time


Extra file open flags: 0
128 files, 800KiB each
100MiB total file size
Block size 16KiB
Number of IO requests: 0
Read/Write ratio for combined random IO test: 1.50
Periodic FSYNC enabled, calling fsync() each 100 requests.
Calling fsync() at the end of test, Enabled.
Using asynchronous I/O mode
Doing random r/w test
Initializing worker threads...

Threads started!


File operations:
    reads/s:                      253.92
    writes/s:                     170.58
    fsyncs/s:                     0.00

Throughput:
    read, MiB/s:                  3.97
    written, MiB/s:               2.67

General statistics:
    total time:                          60.0196s
    total number of events:              47883

Latency (ms):
         min:                                  0.00
         avg:                                  1.25
         max:                                818.41
         95th percentile:                      2.48
         sum:                              59794.00

Threads fairness:
    events (avg/stddev):           47883.0000/0.00
    execution time (avg/stddev):   59.7940/0.00

sysbench 1.0.11 (using system LuaJIT 2.1.0-beta3)

Running the test with following options:
Number of threads: 1
Initializing random number generator from current time


Extra file open flags: 0
128 files, 800KiB each
100MiB total file size
Block size 16KiB
Number of IO requests: 0
Read/Write ratio for combined random IO test: 1.50
Periodic FSYNC enabled, calling fsync() each 100 requests.
Calling fsync() at the end of test, Enabled.
Using asynchronous I/O mode
Doing random r/w test
Initializing worker threads...

Threads started!


File operations:
    reads/s:                      232.25
    writes/s:                     154.94
    fsyncs/s:                     0.00

Throughput:
    read, MiB/s:                  3.63
    written, MiB/s:               2.42

General statistics:
    total time:                          61.7239s
    total number of events:              44779

Latency (ms):
         min:                                  0.00
         avg:                                  1.33
         max:                                729.23
         95th percentile:                      2.61
         sum:                              59727.95

Threads fairness:
    events (avg/stddev):           44779.0000/0.00
    execution time (avg/stddev):   59.7280/0.00

sysbench 1.0.11 (using system LuaJIT 2.1.0-beta3)

Running the test with following options:
Number of threads: 1
Initializing random number generator from current time


Extra file open flags: 0
128 files, 800KiB each
100MiB total file size
Block size 16KiB
Number of IO requests: 0
Read/Write ratio for combined random IO test: 1.50
Periodic FSYNC enabled, calling fsync() each 100 requests.
Calling fsync() at the end of test, Enabled.
Using asynchronous I/O mode
Doing random r/w test
Initializing worker threads...

Threads started!


File operations:
    reads/s:                      220.22
    writes/s:                     146.48
    fsyncs/s:                     0.00

Throughput:
    read, MiB/s:                  3.44
    written, MiB/s:               2.29

General statistics:
    total time:                          62.9088s
    total number of events:              43423

Latency (ms):
         min:                                  0.00
         avg:                                  1.38
         max:                                607.92
         95th percentile:                      3.02
         sum:                              59822.34

Threads fairness:
    events (avg/stddev):           43423.0000/0.00
    execution time (avg/stddev):   59.8223/0.00

sysbench 1.0.11 (using system LuaJIT 2.1.0-beta3)

Running the test with following options:
Number of threads: 1
Initializing random number generator from current time


Extra file open flags: 0
128 files, 800KiB each
100MiB total file size
Block size 16KiB
Number of IO requests: 0
Read/Write ratio for combined random IO test: 1.50
Periodic FSYNC enabled, calling fsync() each 100 requests.
Calling fsync() at the end of test, Enabled.
Using asynchronous I/O mode
Doing random r/w test
Initializing worker threads...

Threads started!


File operations:
    reads/s:                      214.57
    writes/s:                     143.47
    fsyncs/s:                     0.00

Throughput:
    read, MiB/s:                  3.35
    written, MiB/s:               2.24

General statistics:
    total time:                          62.0689s
    total number of events:              42072

Latency (ms):
         min:                                  0.00
         avg:                                  1.42
         max:                                623.78
         95th percentile:                      3.13
         sum:                              59799.20

Threads fairness:
    events (avg/stddev):           42072.0000/0.00
    execution time (avg/stddev):   59.7992/0.00

sysbench 1.0.11 (using system LuaJIT 2.1.0-beta3)

Running the test with following options:
Number of threads: 1
Initializing random number generator from current time


Extra file open flags: 0
128 files, 800KiB each
100MiB total file size
Block size 16KiB
Number of IO requests: 0
Read/Write ratio for combined random IO test: 1.50
Periodic FSYNC enabled, calling fsync() each 100 requests.
Calling fsync() at the end of test, Enabled.
Using asynchronous I/O mode
Doing random r/w test
Initializing worker threads...

Threads started!


File operations:
    reads/s:                      206.76
    writes/s:                     138.69
    fsyncs/s:                     0.00

Throughput:
    read, MiB/s:                  3.23
    written, MiB/s:               2.17

General statistics:
    total time:                          62.5249s
    total number of events:              40420

Latency (ms):
         min:                                  0.00
         avg:                                  1.48
         max:                                651.28
         95th percentile:                      2.86
         sum:                              59872.90

Threads fairness:
    events (avg/stddev):           40420.0000/0.00
    execution time (avg/stddev):   59.8729/0.00

sysbench 1.0.11 (using system LuaJIT 2.1.0-beta3)

Running the test with following options:
Number of threads: 1
Initializing random number generator from current time


Extra file open flags: 0
128 files, 800KiB each
100MiB total file size
Block size 16KiB
Number of IO requests: 0
Read/Write ratio for combined random IO test: 1.50
Periodic FSYNC enabled, calling fsync() each 100 requests.
Calling fsync() at the end of test, Enabled.
Using asynchronous I/O mode
Doing random r/w test
Initializing worker threads...

Threads started!


File operations:
    reads/s:                      174.88
    writes/s:                     116.27
    fsyncs/s:                     0.00

Throughput:
    read, MiB/s:                  2.73
    written, MiB/s:               1.82

General statistics:
    total time:                          61.4859s
    total number of events:              33693

Latency (ms):
         min:                                  0.00
         avg:                                  1.78
         max:                                813.37
         95th percentile:                      3.13
         sum:                              59857.18

Threads fairness:
    events (avg/stddev):           33693.0000/0.00
    execution time (avg/stddev):   59.8572/0.00

sysbench 1.0.11 (using system LuaJIT 2.1.0-beta3)

Running the test with following options:
Number of threads: 1
Initializing random number generator from current time


Extra file open flags: 0
128 files, 800KiB each
100MiB total file size
Block size 16KiB
Number of IO requests: 0
Read/Write ratio for combined random IO test: 1.50
Periodic FSYNC enabled, calling fsync() each 100 requests.
Calling fsync() at the end of test, Enabled.
Using asynchronous I/O mode
Doing random r/w test
Initializing worker threads...

Threads started!


File operations:
    reads/s:                      200.92
    writes/s:                     134.29
    fsyncs/s:                     0.00

Throughput:
    read, MiB/s:                  3.14
    written, MiB/s:               2.10

General statistics:
    total time:                          60.7565s
    total number of events:              38496

Latency (ms):
         min:                                  0.00
         avg:                                  1.56
         max:                                601.46
         95th percentile:                      3.02
         sum:                              59942.22

Threads fairness:
    events (avg/stddev):           38496.0000/0.00
    execution time (avg/stddev):   59.9422/0.00

sysbench 1.0.11 (using system LuaJIT 2.1.0-beta3)

Running the test with following options:
Number of threads: 1
Initializing random number generator from current time


Extra file open flags: 0
128 files, 800KiB each
100MiB total file size
Block size 16KiB
Number of IO requests: 0
Read/Write ratio for combined random IO test: 1.50
Periodic FSYNC enabled, calling fsync() each 100 requests.
Calling fsync() at the end of test, Enabled.
Using asynchronous I/O mode
Doing random r/w test
Initializing worker threads...

Threads started!


File operations:
    reads/s:                      246.00
    writes/s:                     162.96
    fsyncs/s:                     0.00

Throughput:
    read, MiB/s:                  3.84
    written, MiB/s:               2.55

General statistics:
    total time:                          61.2663s
    total number of events:              46944

Latency (ms):
         min:                                  0.00
         avg:                                  1.27
         max:                                574.16
         95th percentile:                      2.57
         sum:                              59493.13

Threads fairness:
    events (avg/stddev):           46944.0000/0.00
    execution time (avg/stddev):   59.4931/0.00

sysbench 1.0.11 (using system LuaJIT 2.1.0-beta3)

Running the test with following options:
Number of threads: 1
Initializing random number generator from current time


Extra file open flags: 0
128 files, 800KiB each
100MiB total file size
Block size 16KiB
Number of IO requests: 0
Read/Write ratio for combined random IO test: 1.50
Periodic FSYNC enabled, calling fsync() each 100 requests.
Calling fsync() at the end of test, Enabled.
Using asynchronous I/O mode
Doing random r/w test
Initializing worker threads...

Threads started!


File operations:
    reads/s:                      284.36
    writes/s:                     189.52
    fsyncs/s:                     0.00

Throughput:
    read, MiB/s:                  4.44
    written, MiB/s:               2.96

General statistics:
    total time:                          60.1083s
    total number of events:              53445

Latency (ms):
         min:                                  0.00
         avg:                                  1.12
         max:                                738.97
         95th percentile:                      2.22
         sum:                              59698.64

Threads fairness:
    events (avg/stddev):           53445.0000/0.00
    execution time (avg/stddev):   59.6986/0.00

sysbench 1.0.11 (using system LuaJIT 2.1.0-beta3)

Running the test with following options:
Number of threads: 1
Initializing random number generator from current time


Extra file open flags: 0
128 files, 800KiB each
100MiB total file size
Block size 16KiB
Number of IO requests: 0
Read/Write ratio for combined random IO test: 1.50
Periodic FSYNC enabled, calling fsync() each 100 requests.
Calling fsync() at the end of test, Enabled.
Using asynchronous I/O mode
Doing random r/w test
Initializing worker threads...

Threads started!


File operations:
    reads/s:                      208.93
    writes/s:                     140.15
    fsyncs/s:                     0.00

Throughput:
    read, MiB/s:                  3.26
    written, MiB/s:               2.19

General statistics:
    total time:                          61.8707s
    total number of events:              40497

Latency (ms):
         min:                                  0.00
         avg:                                  1.48
         max:                                900.52
         95th percentile:                      2.97
         sum:                              60015.76

Threads fairness:
    events (avg/stddev):           40497.0000/0.00
    execution time (avg/stddev):   60.0158/0.00

sysbench 1.0.11 (using system LuaJIT 2.1.0-beta3)

Running the test with following options:
Number of threads: 1
Initializing random number generator from current time


Extra file open flags: 0
128 files, 800KiB each
100MiB total file size
Block size 16KiB
Number of IO requests: 0
Read/Write ratio for combined random IO test: 1.50
Periodic FSYNC enabled, calling fsync() each 100 requests.
Calling fsync() at the end of test, Enabled.
Using asynchronous I/O mode
Doing random r/w test
Initializing worker threads...

Threads started!


File operations:
    reads/s:                      224.08
    writes/s:                     150.59
    fsyncs/s:                     0.00

Throughput:
    read, MiB/s:                  3.50
    written, MiB/s:               2.35

General statistics:
    total time:                          61.1186s
    total number of events:              43105

Latency (ms):
         min:                                  0.00
         avg:                                  1.38
         max:                               1046.33
         95th percentile:                      2.66
         sum:                              59695.28

Threads fairness:
    events (avg/stddev):           43105.0000/0.00
    execution time (avg/stddev):   59.6953/0.00

sysbench 1.0.11 (using system LuaJIT 2.1.0-beta3)

Running the test with following options:
Number of threads: 1
Initializing random number generator from current time


Extra file open flags: 0
128 files, 800KiB each
100MiB total file size
Block size 16KiB
Number of IO requests: 0
Read/Write ratio for combined random IO test: 1.50
Periodic FSYNC enabled, calling fsync() each 100 requests.
Calling fsync() at the end of test, Enabled.
Using asynchronous I/O mode
Doing random r/w test
Initializing worker threads...

Threads started!


File operations:
    reads/s:                      194.36
    writes/s:                     129.72
    fsyncs/s:                     0.00

Throughput:
    read, MiB/s:                  3.04
    written, MiB/s:               2.03

General statistics:
    total time:                          61.7262s
    total number of events:              37939

Latency (ms):
         min:                                  0.00
         avg:                                  1.58
         max:                               1197.07
         95th percentile:                      2.76
         sum:                              59817.72

Threads fairness:
    events (avg/stddev):           37939.0000/0.00
    execution time (avg/stddev):   59.8177/0.00

sysbench 1.0.11 (using system LuaJIT 2.1.0-beta3)

Running the test with following options:
Number of threads: 1
Initializing random number generator from current time


Extra file open flags: 0
128 files, 800KiB each
100MiB total file size
Block size 16KiB
Number of IO requests: 0
Read/Write ratio for combined random IO test: 1.50
Periodic FSYNC enabled, calling fsync() each 100 requests.
Calling fsync() at the end of test, Enabled.
Using asynchronous I/O mode
Doing random r/w test
Initializing worker threads...

Threads started!


File operations:
    reads/s:                      231.84
    writes/s:                     154.03
    fsyncs/s:                     0.00

Throughput:
    read, MiB/s:                  3.62
    written, MiB/s:               2.41

General statistics:
    total time:                          61.4933s
    total number of events:              44593

Latency (ms):
         min:                                  0.00
         avg:                                  1.34
         max:                                767.86
         95th percentile:                      2.66
         sum:                              59766.13

Threads fairness:
    events (avg/stddev):           44593.0000/0.00
    execution time (avg/stddev):   59.7661/0.00

sysbench 1.0.11 (using system LuaJIT 2.1.0-beta3)

Running the test with following options:
Number of threads: 1
Initializing random number generator from current time


Extra file open flags: 0
128 files, 800KiB each
100MiB total file size
Block size 16KiB
Number of IO requests: 0
Read/Write ratio for combined random IO test: 1.50
Periodic FSYNC enabled, calling fsync() each 100 requests.
Calling fsync() at the end of test, Enabled.
Using asynchronous I/O mode
Doing random r/w test
Initializing worker threads...

Threads started!


File operations:
    reads/s:                      244.35
    writes/s:                     163.12
    fsyncs/s:                     0.00

Throughput:
    read, MiB/s:                  3.82
    written, MiB/s:               2.55

General statistics:
    total time:                          62.3344s
    total number of events:              47721

Latency (ms):
         min:                                  0.00
         avg:                                  1.24
         max:                                950.03
         95th percentile:                      2.43
         sum:                              59299.93

Threads fairness:
    events (avg/stddev):           47721.0000/0.00
    execution time (avg/stddev):   59.2999/0.00

sysbench 1.0.11 (using system LuaJIT 2.1.0-beta3)

Running the test with following options:
Number of threads: 1
Initializing random number generator from current time


Extra file open flags: 0
128 files, 800KiB each
100MiB total file size
Block size 16KiB
Number of IO requests: 0
Read/Write ratio for combined random IO test: 1.50
Periodic FSYNC enabled, calling fsync() each 100 requests.
Calling fsync() at the end of test, Enabled.
Using asynchronous I/O mode
Doing random r/w test
Initializing worker threads...

Threads started!


File operations:
    reads/s:                      230.66
    writes/s:                     154.18
    fsyncs/s:                     0.00

Throughput:
    read, MiB/s:                  3.60
    written, MiB/s:               2.41

General statistics:
    total time:                          63.8553s
    total number of events:              47306

Latency (ms):
         min:                                  0.00
         avg:                                  1.26
         max:                                785.75
         95th percentile:                      2.97
         sum:                              59770.64

Threads fairness:
    events (avg/stddev):           47306.0000/0.00
    execution time (avg/stddev):   59.7706/0.00

sysbench 1.0.11 (using system LuaJIT 2.1.0-beta3)

Running the test with following options:
Number of threads: 1
Initializing random number generator from current time


Extra file open flags: 0
128 files, 800KiB each
100MiB total file size
Block size 16KiB
Number of IO requests: 0
Read/Write ratio for combined random IO test: 1.50
Periodic FSYNC enabled, calling fsync() each 100 requests.
Calling fsync() at the end of test, Enabled.
Using asynchronous I/O mode
Doing random r/w test
Initializing worker threads...

Threads started!


File operations:
    reads/s:                      236.06
    writes/s:                     157.37
    fsyncs/s:                     0.00

Throughput:
    read, MiB/s:                  3.69
    written, MiB/s:               2.46

General statistics:
    total time:                          60.8204s
    total number of events:              45049

Latency (ms):
         min:                                  0.00
         avg:                                  1.33
         max:                                752.91
         95th percentile:                      2.76
         sum:                              59847.55

Threads fairness:
    events (avg/stddev):           45049.0000/0.00
    execution time (avg/stddev):   59.8476/0.00

sysbench 1.0.11 (using system LuaJIT 2.1.0-beta3)

Running the test with following options:
Number of threads: 1
Initializing random number generator from current time


Extra file open flags: 0
128 files, 800KiB each
100MiB total file size
Block size 16KiB
Number of IO requests: 0
Read/Write ratio for combined random IO test: 1.50
Periodic FSYNC enabled, calling fsync() each 100 requests.
Calling fsync() at the end of test, Enabled.
Using asynchronous I/O mode
Doing random r/w test
Initializing worker threads...

Threads started!


File operations:
    reads/s:                      250.69
    writes/s:                     168.44
    fsyncs/s:                     0.00

Throughput:
    read, MiB/s:                  3.92
    written, MiB/s:               2.63

General statistics:
    total time:                          62.3016s
    total number of events:              49157

Latency (ms):
         min:                                  0.00
         avg:                                  1.21
         max:                                828.73
         95th percentile:                      2.35
         sum:                              59455.06

Threads fairness:
    events (avg/stddev):           49157.0000/0.00
    execution time (avg/stddev):   59.4551/0.00

sysbench 1.0.11 (using system LuaJIT 2.1.0-beta3)

Running the test with following options:
Number of threads: 1
Initializing random number generator from current time


Extra file open flags: 0
128 files, 800KiB each
100MiB total file size
Block size 16KiB
Number of IO requests: 0
Read/Write ratio for combined random IO test: 1.50
Periodic FSYNC enabled, calling fsync() each 100 requests.
Calling fsync() at the end of test, Enabled.
Using asynchronous I/O mode
Doing random r/w test
Initializing worker threads...

Threads started!


File operations:
    reads/s:                      221.16
    writes/s:                     148.70
    fsyncs/s:                     0.00

Throughput:
    read, MiB/s:                  3.46
    written, MiB/s:               2.32

General statistics:
    total time:                          61.9760s
    total number of events:              43147

Latency (ms):
         min:                                  0.00
         avg:                                  1.40
         max:                               1044.39
         95th percentile:                      2.61
         sum:                              60199.23

Threads fairness:
    events (avg/stddev):           43147.0000/0.00
    execution time (avg/stddev):   60.1992/0.00

