sysbench 1.0.11 (using system LuaJIT 2.1.0-beta3)

Running the test with following options:
Number of threads: 1
Initializing random number generator from current time


Extra file open flags: 0
128 files, 800KiB each
100MiB total file size
Block size 16KiB
Number of IO requests: 0
Read/Write ratio for combined random IO test: 1.50
Periodic FSYNC enabled, calling fsync() each 100 requests.
Calling fsync() at the end of test, Enabled.
Using synchronous I/O mode
Doing random r/w test
Initializing worker threads...

Threads started!


File operations:
    reads/s:                      262.98
    writes/s:                     175.32
    fsyncs/s:                     560.61

Throughput:
    read, MiB/s:                  4.11
    written, MiB/s:               2.74

General statistics:
    total time:                          60.0002s
    total number of events:              59939

Latency (ms):
         min:                                  0.00
         avg:                                  1.00
         max:                                449.13
         95th percentile:                      2.61
         sum:                              59815.43

Threads fairness:
    events (avg/stddev):           59939.0000/0.00
    execution time (avg/stddev):   59.8154/0.00

sysbench 1.0.11 (using system LuaJIT 2.1.0-beta3)

Running the test with following options:
Number of threads: 1
Initializing random number generator from current time


Extra file open flags: 0
128 files, 800KiB each
100MiB total file size
Block size 16KiB
Number of IO requests: 0
Read/Write ratio for combined random IO test: 1.50
Periodic FSYNC enabled, calling fsync() each 100 requests.
Calling fsync() at the end of test, Enabled.
Using synchronous I/O mode
Doing random r/w test
Initializing worker threads...

Threads started!


File operations:
    reads/s:                      265.95
    writes/s:                     177.30
    fsyncs/s:                     566.66

Throughput:
    read, MiB/s:                  4.16
    written, MiB/s:               2.77

General statistics:
    total time:                          60.0074s
    total number of events:              60606

Latency (ms):
         min:                                  0.00
         avg:                                  0.99
         max:                                493.98
         95th percentile:                      2.61
         sum:                              59822.82

Threads fairness:
    events (avg/stddev):           60606.0000/0.00
    execution time (avg/stddev):   59.8228/0.00

sysbench 1.0.11 (using system LuaJIT 2.1.0-beta3)

Running the test with following options:
Number of threads: 1
Initializing random number generator from current time


Extra file open flags: 0
128 files, 800KiB each
100MiB total file size
Block size 16KiB
Number of IO requests: 0
Read/Write ratio for combined random IO test: 1.50
Periodic FSYNC enabled, calling fsync() each 100 requests.
Calling fsync() at the end of test, Enabled.
Using synchronous I/O mode
Doing random r/w test
Initializing worker threads...

Threads started!


File operations:
    reads/s:                      273.97
    writes/s:                     182.64
    fsyncs/s:                     583.99

Throughput:
    read, MiB/s:                  4.28
    written, MiB/s:               2.85

General statistics:
    total time:                          60.0011s
    total number of events:              62444

Latency (ms):
         min:                                  0.00
         avg:                                  0.96
         max:                                180.95
         95th percentile:                      2.52
         sum:                              59815.45

Threads fairness:
    events (avg/stddev):           62444.0000/0.00
    execution time (avg/stddev):   59.8154/0.00

sysbench 1.0.11 (using system LuaJIT 2.1.0-beta3)

Running the test with following options:
Number of threads: 1
Initializing random number generator from current time


Extra file open flags: 0
128 files, 800KiB each
100MiB total file size
Block size 16KiB
Number of IO requests: 0
Read/Write ratio for combined random IO test: 1.50
Periodic FSYNC enabled, calling fsync() each 100 requests.
Calling fsync() at the end of test, Enabled.
Using synchronous I/O mode
Doing random r/w test
Initializing worker threads...

Threads started!


File operations:
    reads/s:                      272.98
    writes/s:                     181.99
    fsyncs/s:                     581.68

Throughput:
    read, MiB/s:                  4.27
    written, MiB/s:               2.84

General statistics:
    total time:                          60.0006s
    total number of events:              62203

Latency (ms):
         min:                                  0.00
         avg:                                  0.96
         max:                                178.89
         95th percentile:                      2.48
         sum:                              59813.12

Threads fairness:
    events (avg/stddev):           62203.0000/0.00
    execution time (avg/stddev):   59.8131/0.00

sysbench 1.0.11 (using system LuaJIT 2.1.0-beta3)

Running the test with following options:
Number of threads: 1
Initializing random number generator from current time


Extra file open flags: 0
128 files, 800KiB each
100MiB total file size
Block size 16KiB
Number of IO requests: 0
Read/Write ratio for combined random IO test: 1.50
Periodic FSYNC enabled, calling fsync() each 100 requests.
Calling fsync() at the end of test, Enabled.
Using synchronous I/O mode
Doing random r/w test
Initializing worker threads...

Threads started!


File operations:
    reads/s:                      277.99
    writes/s:                     185.32
    fsyncs/s:                     592.92

Throughput:
    read, MiB/s:                  4.34
    written, MiB/s:               2.90

General statistics:
    total time:                          60.0005s
    total number of events:              63377

Latency (ms):
         min:                                  0.00
         avg:                                  0.94
         max:                                184.25
         95th percentile:                      2.66
         sum:                              59816.92

Threads fairness:
    events (avg/stddev):           63377.0000/0.00
    execution time (avg/stddev):   59.8169/0.00

sysbench 1.0.11 (using system LuaJIT 2.1.0-beta3)

Running the test with following options:
Number of threads: 1
Initializing random number generator from current time


Extra file open flags: 0
128 files, 800KiB each
100MiB total file size
Block size 16KiB
Number of IO requests: 0
Read/Write ratio for combined random IO test: 1.50
Periodic FSYNC enabled, calling fsync() each 100 requests.
Calling fsync() at the end of test, Enabled.
Using synchronous I/O mode
Doing random r/w test
Initializing worker threads...

Threads started!


File operations:
    reads/s:                      288.98
    writes/s:                     192.65
    fsyncs/s:                     614.96

Throughput:
    read, MiB/s:                  4.52
    written, MiB/s:               3.01

General statistics:
    total time:                          60.0009s
    total number of events:              65801

Latency (ms):
         min:                                  0.00
         avg:                                  0.91
         max:                                162.19
         95th percentile:                      2.48
         sum:                              59834.21

Threads fairness:
    events (avg/stddev):           65801.0000/0.00
    execution time (avg/stddev):   59.8342/0.00

sysbench 1.0.11 (using system LuaJIT 2.1.0-beta3)

Running the test with following options:
Number of threads: 1
Initializing random number generator from current time


Extra file open flags: 0
128 files, 800KiB each
100MiB total file size
Block size 16KiB
Number of IO requests: 0
Read/Write ratio for combined random IO test: 1.50
Periodic FSYNC enabled, calling fsync() each 100 requests.
Calling fsync() at the end of test, Enabled.
Using synchronous I/O mode
Doing random r/w test
Initializing worker threads...

Threads started!


File operations:
    reads/s:                      290.97
    writes/s:                     193.98
    fsyncs/s:                     619.64

Throughput:
    read, MiB/s:                  4.55
    written, MiB/s:               3.03

General statistics:
    total time:                          60.0017s
    total number of events:              66282

Latency (ms):
         min:                                  0.00
         avg:                                  0.90
         max:                                439.47
         95th percentile:                      2.48
         sum:                              59826.22

Threads fairness:
    events (avg/stddev):           66282.0000/0.00
    execution time (avg/stddev):   59.8262/0.00

sysbench 1.0.11 (using system LuaJIT 2.1.0-beta3)

Running the test with following options:
Number of threads: 1
Initializing random number generator from current time


Extra file open flags: 0
128 files, 800KiB each
100MiB total file size
Block size 16KiB
Number of IO requests: 0
Read/Write ratio for combined random IO test: 1.50
Periodic FSYNC enabled, calling fsync() each 100 requests.
Calling fsync() at the end of test, Enabled.
Using synchronous I/O mode
Doing random r/w test
Initializing worker threads...

Threads started!


File operations:
    reads/s:                      265.97
    writes/s:                     177.32
    fsyncs/s:                     566.46

Throughput:
    read, MiB/s:                  4.16
    written, MiB/s:               2.77

General statistics:
    total time:                          60.0022s
    total number of events:              60591

Latency (ms):
         min:                                  0.00
         avg:                                  0.99
         max:                                464.90
         95th percentile:                      2.66
         sum:                              59821.57

Threads fairness:
    events (avg/stddev):           60591.0000/0.00
    execution time (avg/stddev):   59.8216/0.00

sysbench 1.0.11 (using system LuaJIT 2.1.0-beta3)

Running the test with following options:
Number of threads: 1
Initializing random number generator from current time


Extra file open flags: 0
128 files, 800KiB each
100MiB total file size
Block size 16KiB
Number of IO requests: 0
Read/Write ratio for combined random IO test: 1.50
Periodic FSYNC enabled, calling fsync() each 100 requests.
Calling fsync() at the end of test, Enabled.
Using synchronous I/O mode
Doing random r/w test
Initializing worker threads...

Threads started!


File operations:
    reads/s:                      265.98
    writes/s:                     177.32
    fsyncs/s:                     566.40

Throughput:
    read, MiB/s:                  4.16
    written, MiB/s:               2.77

General statistics:
    total time:                          60.0009s
    total number of events:              60587

Latency (ms):
         min:                                  0.00
         avg:                                  0.99
         max:                                161.57
         95th percentile:                      2.61
         sum:                              59809.31

Threads fairness:
    events (avg/stddev):           60587.0000/0.00
    execution time (avg/stddev):   59.8093/0.00

sysbench 1.0.11 (using system LuaJIT 2.1.0-beta3)

Running the test with following options:
Number of threads: 1
Initializing random number generator from current time


Extra file open flags: 0
128 files, 800KiB each
100MiB total file size
Block size 16KiB
Number of IO requests: 0
Read/Write ratio for combined random IO test: 1.50
Periodic FSYNC enabled, calling fsync() each 100 requests.
Calling fsync() at the end of test, Enabled.
Using synchronous I/O mode
Doing random r/w test
Initializing worker threads...

Threads started!


File operations:
    reads/s:                      268.98
    writes/s:                     179.32
    fsyncs/s:                     572.72

Throughput:
    read, MiB/s:                  4.20
    written, MiB/s:               2.80

General statistics:
    total time:                          60.0007s
    total number of events:              61266

Latency (ms):
         min:                                  0.00
         avg:                                  0.98
         max:                                397.29
         95th percentile:                      2.52
         sum:                              59813.04

Threads fairness:
    events (avg/stddev):           61266.0000/0.00
    execution time (avg/stddev):   59.8130/0.00

sysbench 1.0.11 (using system LuaJIT 2.1.0-beta3)

Running the test with following options:
Number of threads: 1
Initializing random number generator from current time


Extra file open flags: 0
128 files, 800KiB each
100MiB total file size
Block size 16KiB
Number of IO requests: 0
Read/Write ratio for combined random IO test: 1.50
Periodic FSYNC enabled, calling fsync() each 100 requests.
Calling fsync() at the end of test, Enabled.
Using synchronous I/O mode
Doing random r/w test
Initializing worker threads...

Threads started!


File operations:
    reads/s:                      262.98
    writes/s:                     175.32
    fsyncs/s:                     560.94

Throughput:
    read, MiB/s:                  4.11
    written, MiB/s:               2.74

General statistics:
    total time:                          60.0008s
    total number of events:              59959

Latency (ms):
         min:                                  0.00
         avg:                                  1.00
         max:                                158.69
         95th percentile:                      2.66
         sum:                              59823.26

Threads fairness:
    events (avg/stddev):           59959.0000/0.00
    execution time (avg/stddev):   59.8233/0.00

sysbench 1.0.11 (using system LuaJIT 2.1.0-beta3)

Running the test with following options:
Number of threads: 1
Initializing random number generator from current time


Extra file open flags: 0
128 files, 800KiB each
100MiB total file size
Block size 16KiB
Number of IO requests: 0
Read/Write ratio for combined random IO test: 1.50
Periodic FSYNC enabled, calling fsync() each 100 requests.
Calling fsync() at the end of test, Enabled.
Using synchronous I/O mode
Doing random r/w test
Initializing worker threads...

Threads started!


File operations:
    reads/s:                      267.91
    writes/s:                     178.61
    fsyncs/s:                     571.51

Throughput:
    read, MiB/s:                  4.19
    written, MiB/s:               2.79

General statistics:
    total time:                          60.0131s
    total number of events:              61102

Latency (ms):
         min:                                  0.00
         avg:                                  0.98
         max:                                187.03
         95th percentile:                      2.66
         sum:                              59831.40

Threads fairness:
    events (avg/stddev):           61102.0000/0.00
    execution time (avg/stddev):   59.8314/0.00

sysbench 1.0.11 (using system LuaJIT 2.1.0-beta3)

Running the test with following options:
Number of threads: 1
Initializing random number generator from current time


Extra file open flags: 0
128 files, 800KiB each
100MiB total file size
Block size 16KiB
Number of IO requests: 0
Read/Write ratio for combined random IO test: 1.50
Periodic FSYNC enabled, calling fsync() each 100 requests.
Calling fsync() at the end of test, Enabled.
Using synchronous I/O mode
Doing random r/w test
Initializing worker threads...

Threads started!


File operations:
    reads/s:                      272.98
    writes/s:                     181.99
    fsyncs/s:                     580.74

Throughput:
    read, MiB/s:                  4.27
    written, MiB/s:               2.84

General statistics:
    total time:                          60.0004s
    total number of events:              62147

Latency (ms):
         min:                                  0.00
         avg:                                  0.96
         max:                                163.78
         95th percentile:                      2.57
         sum:                              59819.38

Threads fairness:
    events (avg/stddev):           62147.0000/0.00
    execution time (avg/stddev):   59.8194/0.00

sysbench 1.0.11 (using system LuaJIT 2.1.0-beta3)

Running the test with following options:
Number of threads: 1
Initializing random number generator from current time


Extra file open flags: 0
128 files, 800KiB each
100MiB total file size
Block size 16KiB
Number of IO requests: 0
Read/Write ratio for combined random IO test: 1.50
Periodic FSYNC enabled, calling fsync() each 100 requests.
Calling fsync() at the end of test, Enabled.
Using synchronous I/O mode
Doing random r/w test
Initializing worker threads...

Threads started!


File operations:
    reads/s:                      261.98
    writes/s:                     174.65
    fsyncs/s:                     558.88

Throughput:
    read, MiB/s:                  4.09
    written, MiB/s:               2.73

General statistics:
    total time:                          60.0006s
    total number of events:              59735

Latency (ms):
         min:                                  0.00
         avg:                                  1.00
         max:                                222.34
         95th percentile:                      2.57
         sum:                              59826.96

Threads fairness:
    events (avg/stddev):           59735.0000/0.00
    execution time (avg/stddev):   59.8270/0.00

sysbench 1.0.11 (using system LuaJIT 2.1.0-beta3)

Running the test with following options:
Number of threads: 1
Initializing random number generator from current time


Extra file open flags: 0
128 files, 800KiB each
100MiB total file size
Block size 16KiB
Number of IO requests: 0
Read/Write ratio for combined random IO test: 1.50
Periodic FSYNC enabled, calling fsync() each 100 requests.
Calling fsync() at the end of test, Enabled.
Using synchronous I/O mode
Doing random r/w test
Initializing worker threads...

Threads started!


File operations:
    reads/s:                      273.98
    writes/s:                     182.65
    fsyncs/s:                     582.77

Throughput:
    read, MiB/s:                  4.28
    written, MiB/s:               2.85

General statistics:
    total time:                          60.0008s
    total number of events:              62369

Latency (ms):
         min:                                  0.00
         avg:                                  0.96
         max:                                227.20
         95th percentile:                      2.61
         sum:                              59819.83

Threads fairness:
    events (avg/stddev):           62369.0000/0.00
    execution time (avg/stddev):   59.8198/0.00

sysbench 1.0.11 (using system LuaJIT 2.1.0-beta3)

Running the test with following options:
Number of threads: 1
Initializing random number generator from current time


Extra file open flags: 0
128 files, 800KiB each
100MiB total file size
Block size 16KiB
Number of IO requests: 0
Read/Write ratio for combined random IO test: 1.50
Periodic FSYNC enabled, calling fsync() each 100 requests.
Calling fsync() at the end of test, Enabled.
Using synchronous I/O mode
Doing random r/w test
Initializing worker threads...

Threads started!


File operations:
    reads/s:                      256.96
    writes/s:                     171.31
    fsyncs/s:                     546.76

Throughput:
    read, MiB/s:                  4.02
    written, MiB/s:               2.68

General statistics:
    total time:                          60.0016s
    total number of events:              58510

Latency (ms):
         min:                                  0.00
         avg:                                  1.02
         max:                                246.11
         95th percentile:                      2.57
         sum:                              59815.25

Threads fairness:
    events (avg/stddev):           58510.0000/0.00
    execution time (avg/stddev):   59.8152/0.00

sysbench 1.0.11 (using system LuaJIT 2.1.0-beta3)

Running the test with following options:
Number of threads: 1
Initializing random number generator from current time


Extra file open flags: 0
128 files, 800KiB each
100MiB total file size
Block size 16KiB
Number of IO requests: 0
Read/Write ratio for combined random IO test: 1.50
Periodic FSYNC enabled, calling fsync() each 100 requests.
Calling fsync() at the end of test, Enabled.
Using synchronous I/O mode
Doing random r/w test
Initializing worker threads...

Threads started!


File operations:
    reads/s:                      262.98
    writes/s:                     175.32
    fsyncs/s:                     558.92

Throughput:
    read, MiB/s:                  4.11
    written, MiB/s:               2.74

General statistics:
    total time:                          60.0008s
    total number of events:              59838

Latency (ms):
         min:                                  0.00
         avg:                                  1.00
         max:                                174.82
         95th percentile:                      2.57
         sum:                              59810.10

Threads fairness:
    events (avg/stddev):           59838.0000/0.00
    execution time (avg/stddev):   59.8101/0.00

sysbench 1.0.11 (using system LuaJIT 2.1.0-beta3)

Running the test with following options:
Number of threads: 1
Initializing random number generator from current time


Extra file open flags: 0
128 files, 800KiB each
100MiB total file size
Block size 16KiB
Number of IO requests: 0
Read/Write ratio for combined random IO test: 1.50
Periodic FSYNC enabled, calling fsync() each 100 requests.
Calling fsync() at the end of test, Enabled.
Using synchronous I/O mode
Doing random r/w test
Initializing worker threads...

Threads started!


File operations:
    reads/s:                      267.98
    writes/s:                     178.65
    fsyncs/s:                     571.52

Throughput:
    read, MiB/s:                  4.19
    written, MiB/s:               2.79

General statistics:
    total time:                          60.0009s
    total number of events:              61094

Latency (ms):
         min:                                  0.00
         avg:                                  0.98
         max:                                181.35
         95th percentile:                      2.52
         sum:                              59809.69

Threads fairness:
    events (avg/stddev):           61094.0000/0.00
    execution time (avg/stddev):   59.8097/0.00

sysbench 1.0.11 (using system LuaJIT 2.1.0-beta3)

Running the test with following options:
Number of threads: 1
Initializing random number generator from current time


Extra file open flags: 0
128 files, 800KiB each
100MiB total file size
Block size 16KiB
Number of IO requests: 0
Read/Write ratio for combined random IO test: 1.50
Periodic FSYNC enabled, calling fsync() each 100 requests.
Calling fsync() at the end of test, Enabled.
Using synchronous I/O mode
Doing random r/w test
Initializing worker threads...

Threads started!


File operations:
    reads/s:                      266.97
    writes/s:                     177.98
    fsyncs/s:                     568.41

Throughput:
    read, MiB/s:                  4.17
    written, MiB/s:               2.78

General statistics:
    total time:                          60.0009s
    total number of events:              60809

Latency (ms):
         min:                                  0.00
         avg:                                  0.98
         max:                                158.23
         95th percentile:                      2.57
         sum:                              59816.19

Threads fairness:
    events (avg/stddev):           60809.0000/0.00
    execution time (avg/stddev):   59.8162/0.00

sysbench 1.0.11 (using system LuaJIT 2.1.0-beta3)

Running the test with following options:
Number of threads: 1
Initializing random number generator from current time


Extra file open flags: 0
128 files, 800KiB each
100MiB total file size
Block size 16KiB
Number of IO requests: 0
Read/Write ratio for combined random IO test: 1.50
Periodic FSYNC enabled, calling fsync() each 100 requests.
Calling fsync() at the end of test, Enabled.
Using synchronous I/O mode
Doing random r/w test
Initializing worker threads...

Threads started!


File operations:
    reads/s:                      267.98
    writes/s:                     178.65
    fsyncs/s:                     571.59

Throughput:
    read, MiB/s:                  4.19
    written, MiB/s:               2.79

General statistics:
    total time:                          60.0005s
    total number of events:              61098

Latency (ms):
         min:                                  0.00
         avg:                                  0.98
         max:                                193.91
         95th percentile:                      2.76
         sum:                              59817.57

Threads fairness:
    events (avg/stddev):           61098.0000/0.00
    execution time (avg/stddev):   59.8176/0.00

sysbench 1.0.11 (using system LuaJIT 2.1.0-beta3)

Running the test with following options:
Number of threads: 1
Initializing random number generator from current time


Extra file open flags: 0
128 files, 800KiB each
100MiB total file size
Block size 16KiB
Number of IO requests: 0
Read/Write ratio for combined random IO test: 1.50
Periodic FSYNC enabled, calling fsync() each 100 requests.
Calling fsync() at the end of test, Enabled.
Using synchronous I/O mode
Doing random r/w test
Initializing worker threads...

Threads started!


File operations:
    reads/s:                      271.97
    writes/s:                     181.31
    fsyncs/s:                     578.81

Throughput:
    read, MiB/s:                  4.25
    written, MiB/s:               2.83

General statistics:
    total time:                          60.0009s
    total number of events:              61933

Latency (ms):
         min:                                  0.00
         avg:                                  0.97
         max:                                195.41
         95th percentile:                      2.52
         sum:                              59803.17

Threads fairness:
    events (avg/stddev):           61933.0000/0.00
    execution time (avg/stddev):   59.8032/0.00

sysbench 1.0.11 (using system LuaJIT 2.1.0-beta3)

Running the test with following options:
Number of threads: 1
Initializing random number generator from current time


Extra file open flags: 0
128 files, 800KiB each
100MiB total file size
Block size 16KiB
Number of IO requests: 0
Read/Write ratio for combined random IO test: 1.50
Periodic FSYNC enabled, calling fsync() each 100 requests.
Calling fsync() at the end of test, Enabled.
Using synchronous I/O mode
Doing random r/w test
Initializing worker threads...

Threads started!


File operations:
    reads/s:                      271.98
    writes/s:                     181.32
    fsyncs/s:                     579.63

Throughput:
    read, MiB/s:                  4.25
    written, MiB/s:               2.83

General statistics:
    total time:                          60.0004s
    total number of events:              61980

Latency (ms):
         min:                                  0.00
         avg:                                  0.97
         max:                                505.57
         95th percentile:                      2.61
         sum:                              59818.84

Threads fairness:
    events (avg/stddev):           61980.0000/0.00
    execution time (avg/stddev):   59.8188/0.00

sysbench 1.0.11 (using system LuaJIT 2.1.0-beta3)

Running the test with following options:
Number of threads: 1
Initializing random number generator from current time


Extra file open flags: 0
128 files, 800KiB each
100MiB total file size
Block size 16KiB
Number of IO requests: 0
Read/Write ratio for combined random IO test: 1.50
Periodic FSYNC enabled, calling fsync() each 100 requests.
Calling fsync() at the end of test, Enabled.
Using synchronous I/O mode
Doing random r/w test
Initializing worker threads...

Threads started!


File operations:
    reads/s:                      265.98
    writes/s:                     177.32
    fsyncs/s:                     565.60

Throughput:
    read, MiB/s:                  4.16
    written, MiB/s:               2.77

General statistics:
    total time:                          60.0003s
    total number of events:              60538

Latency (ms):
         min:                                  0.00
         avg:                                  0.99
         max:                                221.38
         95th percentile:                      2.52
         sum:                              59818.21

Threads fairness:
    events (avg/stddev):           60538.0000/0.00
    execution time (avg/stddev):   59.8182/0.00

sysbench 1.0.11 (using system LuaJIT 2.1.0-beta3)

Running the test with following options:
Number of threads: 1
Initializing random number generator from current time


Extra file open flags: 0
128 files, 800KiB each
100MiB total file size
Block size 16KiB
Number of IO requests: 0
Read/Write ratio for combined random IO test: 1.50
Periodic FSYNC enabled, calling fsync() each 100 requests.
Calling fsync() at the end of test, Enabled.
Using synchronous I/O mode
Doing random r/w test
Initializing worker threads...

Threads started!


File operations:
    reads/s:                      305.29
    writes/s:                     203.53
    fsyncs/s:                     650.82

Throughput:
    read, MiB/s:                  4.77
    written, MiB/s:               3.18

General statistics:
    total time:                          60.1383s
    total number of events:              69740

Latency (ms):
         min:                                  0.00
         avg:                                  0.86
         max:                                227.07
         95th percentile:                      2.61
         sum:                              59955.79

Threads fairness:
    events (avg/stddev):           69740.0000/0.00
    execution time (avg/stddev):   59.9558/0.00

sysbench 1.0.11 (using system LuaJIT 2.1.0-beta3)

Running the test with following options:
Number of threads: 1
Initializing random number generator from current time


Extra file open flags: 0
128 files, 800KiB each
100MiB total file size
Block size 16KiB
Number of IO requests: 0
Read/Write ratio for combined random IO test: 1.50
Periodic FSYNC enabled, calling fsync() each 100 requests.
Calling fsync() at the end of test, Enabled.
Using synchronous I/O mode
Doing random r/w test
Initializing worker threads...

Threads started!


File operations:
    reads/s:                      293.98
    writes/s:                     195.98
    fsyncs/s:                     625.77

Throughput:
    read, MiB/s:                  4.59
    written, MiB/s:               3.06

General statistics:
    total time:                          60.0009s
    total number of events:              66949

Latency (ms):
         min:                                  0.00
         avg:                                  0.89
         max:                                343.29
         95th percentile:                      2.43
         sum:                              59840.09

Threads fairness:
    events (avg/stddev):           66949.0000/0.00
    execution time (avg/stddev):   59.8401/0.00

sysbench 1.0.11 (using system LuaJIT 2.1.0-beta3)

Running the test with following options:
Number of threads: 1
Initializing random number generator from current time


Extra file open flags: 0
128 files, 800KiB each
100MiB total file size
Block size 16KiB
Number of IO requests: 0
Read/Write ratio for combined random IO test: 1.50
Periodic FSYNC enabled, calling fsync() each 100 requests.
Calling fsync() at the end of test, Enabled.
Using synchronous I/O mode
Doing random r/w test
Initializing worker threads...

Threads started!


File operations:
    reads/s:                      252.98
    writes/s:                     168.65
    fsyncs/s:                     539.39

Throughput:
    read, MiB/s:                  3.95
    written, MiB/s:               2.64

General statistics:
    total time:                          60.0010s
    total number of events:              57666

Latency (ms):
         min:                                  0.00
         avg:                                  1.04
         max:                                290.37
         95th percentile:                      2.52
         sum:                              59841.19

Threads fairness:
    events (avg/stddev):           57666.0000/0.00
    execution time (avg/stddev):   59.8412/0.00

sysbench 1.0.11 (using system LuaJIT 2.1.0-beta3)

Running the test with following options:
Number of threads: 1
Initializing random number generator from current time


Extra file open flags: 0
128 files, 800KiB each
100MiB total file size
Block size 16KiB
Number of IO requests: 0
Read/Write ratio for combined random IO test: 1.50
Periodic FSYNC enabled, calling fsync() each 100 requests.
Calling fsync() at the end of test, Enabled.
Using synchronous I/O mode
Doing random r/w test
Initializing worker threads...

Threads started!


File operations:
    reads/s:                      272.96
    writes/s:                     181.98
    fsyncs/s:                     582.29

Throughput:
    read, MiB/s:                  4.27
    written, MiB/s:               2.84

General statistics:
    total time:                          60.0008s
    total number of events:              62242

Latency (ms):
         min:                                  0.00
         avg:                                  0.96
         max:                                290.22
         95th percentile:                      2.97
         sum:                              59818.02

Threads fairness:
    events (avg/stddev):           62242.0000/0.00
    execution time (avg/stddev):   59.8180/0.00

sysbench 1.0.11 (using system LuaJIT 2.1.0-beta3)

Running the test with following options:
Number of threads: 1
Initializing random number generator from current time


Extra file open flags: 0
128 files, 800KiB each
100MiB total file size
Block size 16KiB
Number of IO requests: 0
Read/Write ratio for combined random IO test: 1.50
Periodic FSYNC enabled, calling fsync() each 100 requests.
Calling fsync() at the end of test, Enabled.
Using synchronous I/O mode
Doing random r/w test
Initializing worker threads...

Threads started!


File operations:
    reads/s:                      271.96
    writes/s:                     181.31
    fsyncs/s:                     578.28

Throughput:
    read, MiB/s:                  4.25
    written, MiB/s:               2.83

General statistics:
    total time:                          60.0019s
    total number of events:              61902

Latency (ms):
         min:                                  0.00
         avg:                                  0.97
         max:                                447.95
         95th percentile:                      2.57
         sum:                              59807.82

Threads fairness:
    events (avg/stddev):           61902.0000/0.00
    execution time (avg/stddev):   59.8078/0.00

sysbench 1.0.11 (using system LuaJIT 2.1.0-beta3)

Running the test with following options:
Number of threads: 1
Initializing random number generator from current time


Extra file open flags: 0
128 files, 800KiB each
100MiB total file size
Block size 16KiB
Number of IO requests: 0
Read/Write ratio for combined random IO test: 1.50
Periodic FSYNC enabled, calling fsync() each 100 requests.
Calling fsync() at the end of test, Enabled.
Using synchronous I/O mode
Doing random r/w test
Initializing worker threads...

Threads started!


File operations:
    reads/s:                      271.98
    writes/s:                     181.32
    fsyncs/s:                     578.91

Throughput:
    read, MiB/s:                  4.25
    written, MiB/s:               2.83

General statistics:
    total time:                          60.0003s
    total number of events:              61937

Latency (ms):
         min:                                  0.00
         avg:                                  0.97
         max:                                187.51
         95th percentile:                      2.66
         sum:                              59814.12

Threads fairness:
    events (avg/stddev):           61937.0000/0.00
    execution time (avg/stddev):   59.8141/0.00

sysbench 1.0.11 (using system LuaJIT 2.1.0-beta3)

Running the test with following options:
Number of threads: 1
Initializing random number generator from current time


Extra file open flags: 0
128 files, 800KiB each
100MiB total file size
Block size 16KiB
Number of IO requests: 0
Read/Write ratio for combined random IO test: 1.50
Periodic FSYNC enabled, calling fsync() each 100 requests.
Calling fsync() at the end of test, Enabled.
Using synchronous I/O mode
Doing random r/w test
Initializing worker threads...

Threads started!


File operations:
    reads/s:                      282.40
    writes/s:                     188.26
    fsyncs/s:                     601.56

Throughput:
    read, MiB/s:                  4.41
    written, MiB/s:               2.94

General statistics:
    total time:                          60.0002s
    total number of events:              64337

Latency (ms):
         min:                                  0.00
         avg:                                  0.93
         max:                                177.02
         95th percentile:                      2.48
         sum:                              59814.97

Threads fairness:
    events (avg/stddev):           64337.0000/0.00
    execution time (avg/stddev):   59.8150/0.00

