sysbench 1.0.11 (using system LuaJIT 2.1.0-beta3)

Running the test with following options:
Number of threads: 1
Initializing random number generator from current time


Extra file open flags: 0
128 files, 800KiB each
100MiB total file size
Block size 16KiB
Number of IO requests: 0
Read/Write ratio for combined random IO test: 1.50
Periodic FSYNC enabled, calling fsync() each 100 requests.
Calling fsync() at the end of test, Enabled.
Using synchronous I/O mode
Doing random r/w test
Initializing worker threads...

Threads started!


File operations:
    reads/s:                      52.99
    writes/s:                     35.33
    fsyncs/s:                     112.43

Throughput:
    read, MiB/s:                  0.83
    written, MiB/s:               0.55

General statistics:
    total time:                          60.0071s
    total number of events:              12047

Latency (ms):
         min:                                  0.00
         avg:                                  4.97
         max:                                423.89
         95th percentile:                     17.01
         sum:                              59817.29

Threads fairness:
    events (avg/stddev):           12047.0000/0.00
    execution time (avg/stddev):   59.8173/0.00

sysbench 1.0.11 (using system LuaJIT 2.1.0-beta3)

Running the test with following options:
Number of threads: 1
Initializing random number generator from current time


Extra file open flags: 0
128 files, 800KiB each
100MiB total file size
Block size 16KiB
Number of IO requests: 0
Read/Write ratio for combined random IO test: 1.50
Periodic FSYNC enabled, calling fsync() each 100 requests.
Calling fsync() at the end of test, Enabled.
Using synchronous I/O mode
Doing random r/w test
Initializing worker threads...

Threads started!


File operations:
    reads/s:                      52.99
    writes/s:                     35.33
    fsyncs/s:                     111.59

Throughput:
    read, MiB/s:                  0.83
    written, MiB/s:               0.55

General statistics:
    total time:                          60.0012s
    total number of events:              11996

Latency (ms):
         min:                                  0.00
         avg:                                  4.99
         max:                                388.37
         95th percentile:                     17.63
         sum:                              59900.01

Threads fairness:
    events (avg/stddev):           11996.0000/0.00
    execution time (avg/stddev):   59.9000/0.00

sysbench 1.0.11 (using system LuaJIT 2.1.0-beta3)

Running the test with following options:
Number of threads: 1
Initializing random number generator from current time


Extra file open flags: 0
128 files, 800KiB each
100MiB total file size
Block size 16KiB
Number of IO requests: 0
Read/Write ratio for combined random IO test: 1.50
Periodic FSYNC enabled, calling fsync() each 100 requests.
Calling fsync() at the end of test, Enabled.
Using synchronous I/O mode
Doing random r/w test
Initializing worker threads...

Threads started!


File operations:
    reads/s:                      54.99
    writes/s:                     36.66
    fsyncs/s:                     115.40

Throughput:
    read, MiB/s:                  0.86
    written, MiB/s:               0.57

General statistics:
    total time:                          60.0053s
    total number of events:              12425

Latency (ms):
         min:                                  0.00
         avg:                                  4.82
         max:                                280.39
         95th percentile:                     17.32
         sum:                              59916.53

Threads fairness:
    events (avg/stddev):           12425.0000/0.00
    execution time (avg/stddev):   59.9165/0.00

sysbench 1.0.11 (using system LuaJIT 2.1.0-beta3)

Running the test with following options:
Number of threads: 1
Initializing random number generator from current time


Extra file open flags: 0
128 files, 800KiB each
100MiB total file size
Block size 16KiB
Number of IO requests: 0
Read/Write ratio for combined random IO test: 1.50
Periodic FSYNC enabled, calling fsync() each 100 requests.
Calling fsync() at the end of test, Enabled.
Using synchronous I/O mode
Doing random r/w test
Initializing worker threads...

Threads started!


File operations:
    reads/s:                      53.00
    writes/s:                     35.33
    fsyncs/s:                     111.74

Throughput:
    read, MiB/s:                  0.83
    written, MiB/s:               0.55

General statistics:
    total time:                          60.0014s
    total number of events:              12005

Latency (ms):
         min:                                  0.00
         avg:                                  4.99
         max:                                288.36
         95th percentile:                     17.63
         sum:                              59862.11

Threads fairness:
    events (avg/stddev):           12005.0000/0.00
    execution time (avg/stddev):   59.8621/0.00

sysbench 1.0.11 (using system LuaJIT 2.1.0-beta3)

Running the test with following options:
Number of threads: 1
Initializing random number generator from current time


Extra file open flags: 0
128 files, 800KiB each
100MiB total file size
Block size 16KiB
Number of IO requests: 0
Read/Write ratio for combined random IO test: 1.50
Periodic FSYNC enabled, calling fsync() each 100 requests.
Calling fsync() at the end of test, Enabled.
Using synchronous I/O mode
Doing random r/w test
Initializing worker threads...

Threads started!


File operations:
    reads/s:                      53.00
    writes/s:                     35.33
    fsyncs/s:                     111.84

Throughput:
    read, MiB/s:                  0.83
    written, MiB/s:               0.55

General statistics:
    total time:                          60.0007s
    total number of events:              12011

Latency (ms):
         min:                                  0.00
         avg:                                  4.98
         max:                                320.19
         95th percentile:                     17.32
         sum:                              59862.59

Threads fairness:
    events (avg/stddev):           12011.0000/0.00
    execution time (avg/stddev):   59.8626/0.00

sysbench 1.0.11 (using system LuaJIT 2.1.0-beta3)

Running the test with following options:
Number of threads: 1
Initializing random number generator from current time


Extra file open flags: 0
128 files, 800KiB each
100MiB total file size
Block size 16KiB
Number of IO requests: 0
Read/Write ratio for combined random IO test: 1.50
Periodic FSYNC enabled, calling fsync() each 100 requests.
Calling fsync() at the end of test, Enabled.
Using synchronous I/O mode
Doing random r/w test
Initializing worker threads...

Threads started!


File operations:
    reads/s:                      51.99
    writes/s:                     34.66
    fsyncs/s:                     110.47

Throughput:
    read, MiB/s:                  0.81
    written, MiB/s:               0.54

General statistics:
    total time:                          60.0036s
    total number of events:              11829

Latency (ms):
         min:                                  0.00
         avg:                                  5.06
         max:                                572.43
         95th percentile:                     17.63
         sum:                              59882.82

Threads fairness:
    events (avg/stddev):           11829.0000/0.00
    execution time (avg/stddev):   59.8828/0.00

sysbench 1.0.11 (using system LuaJIT 2.1.0-beta3)

Running the test with following options:
Number of threads: 1
Initializing random number generator from current time


Extra file open flags: 0
128 files, 800KiB each
100MiB total file size
Block size 16KiB
Number of IO requests: 0
Read/Write ratio for combined random IO test: 1.50
Periodic FSYNC enabled, calling fsync() each 100 requests.
Calling fsync() at the end of test, Enabled.
Using synchronous I/O mode
Doing random r/w test
Initializing worker threads...

Threads started!


File operations:
    reads/s:                      53.99
    writes/s:                     35.99
    fsyncs/s:                     113.60

Throughput:
    read, MiB/s:                  0.84
    written, MiB/s:               0.56

General statistics:
    total time:                          60.0013s
    total number of events:              12217

Latency (ms):
         min:                                  0.00
         avg:                                  4.90
         max:                                469.04
         95th percentile:                     17.32
         sum:                              59882.30

Threads fairness:
    events (avg/stddev):           12217.0000/0.00
    execution time (avg/stddev):   59.8823/0.00

sysbench 1.0.11 (using system LuaJIT 2.1.0-beta3)

Running the test with following options:
Number of threads: 1
Initializing random number generator from current time


Extra file open flags: 0
128 files, 800KiB each
100MiB total file size
Block size 16KiB
Number of IO requests: 0
Read/Write ratio for combined random IO test: 1.50
Periodic FSYNC enabled, calling fsync() each 100 requests.
Calling fsync() at the end of test, Enabled.
Using synchronous I/O mode
Doing random r/w test
Initializing worker threads...

Threads started!


File operations:
    reads/s:                      52.99
    writes/s:                     35.33
    fsyncs/s:                     112.02

Throughput:
    read, MiB/s:                  0.83
    written, MiB/s:               0.55

General statistics:
    total time:                          60.0011s
    total number of events:              12022

Latency (ms):
         min:                                  0.00
         avg:                                  4.98
         max:                                231.82
         95th percentile:                     17.63
         sum:                              59871.77

Threads fairness:
    events (avg/stddev):           12022.0000/0.00
    execution time (avg/stddev):   59.8718/0.00

sysbench 1.0.11 (using system LuaJIT 2.1.0-beta3)

Running the test with following options:
Number of threads: 1
Initializing random number generator from current time


Extra file open flags: 0
128 files, 800KiB each
100MiB total file size
Block size 16KiB
Number of IO requests: 0
Read/Write ratio for combined random IO test: 1.50
Periodic FSYNC enabled, calling fsync() each 100 requests.
Calling fsync() at the end of test, Enabled.
Using synchronous I/O mode
Doing random r/w test
Initializing worker threads...

Threads started!


File operations:
    reads/s:                      53.99
    writes/s:                     36.00
    fsyncs/s:                     113.84

Throughput:
    read, MiB/s:                  0.84
    written, MiB/s:               0.56

General statistics:
    total time:                          60.0015s
    total number of events:              12231

Latency (ms):
         min:                                  0.00
         avg:                                  4.89
         max:                                242.85
         95th percentile:                     17.63
         sum:                              59858.89

Threads fairness:
    events (avg/stddev):           12231.0000/0.00
    execution time (avg/stddev):   59.8589/0.00

sysbench 1.0.11 (using system LuaJIT 2.1.0-beta3)

Running the test with following options:
Number of threads: 1
Initializing random number generator from current time


Extra file open flags: 0
128 files, 800KiB each
100MiB total file size
Block size 16KiB
Number of IO requests: 0
Read/Write ratio for combined random IO test: 1.50
Periodic FSYNC enabled, calling fsync() each 100 requests.
Calling fsync() at the end of test, Enabled.
Using synchronous I/O mode
Doing random r/w test
Initializing worker threads...

Threads started!


File operations:
    reads/s:                      53.99
    writes/s:                     35.99
    fsyncs/s:                     114.83

Throughput:
    read, MiB/s:                  0.84
    written, MiB/s:               0.56

General statistics:
    total time:                          60.0021s
    total number of events:              12291

Latency (ms):
         min:                                  0.00
         avg:                                  4.87
         max:                                275.52
         95th percentile:                     17.32
         sum:                              59877.99

Threads fairness:
    events (avg/stddev):           12291.0000/0.00
    execution time (avg/stddev):   59.8780/0.00

sysbench 1.0.11 (using system LuaJIT 2.1.0-beta3)

Running the test with following options:
Number of threads: 1
Initializing random number generator from current time


Extra file open flags: 0
128 files, 800KiB each
100MiB total file size
Block size 16KiB
Number of IO requests: 0
Read/Write ratio for combined random IO test: 1.50
Periodic FSYNC enabled, calling fsync() each 100 requests.
Calling fsync() at the end of test, Enabled.
Using synchronous I/O mode
Doing random r/w test
Initializing worker threads...

Threads started!


File operations:
    reads/s:                      54.99
    writes/s:                     36.66
    fsyncs/s:                     117.13

Throughput:
    read, MiB/s:                  0.86
    written, MiB/s:               0.57

General statistics:
    total time:                          60.0075s
    total number of events:              12529

Latency (ms):
         min:                                  0.00
         avg:                                  4.78
         max:                                531.52
         95th percentile:                     17.32
         sum:                              59893.66

Threads fairness:
    events (avg/stddev):           12529.0000/0.00
    execution time (avg/stddev):   59.8937/0.00

sysbench 1.0.11 (using system LuaJIT 2.1.0-beta3)

Running the test with following options:
Number of threads: 1
Initializing random number generator from current time


Extra file open flags: 0
128 files, 800KiB each
100MiB total file size
Block size 16KiB
Number of IO requests: 0
Read/Write ratio for combined random IO test: 1.50
Periodic FSYNC enabled, calling fsync() each 100 requests.
Calling fsync() at the end of test, Enabled.
Using synchronous I/O mode
Doing random r/w test
Initializing worker threads...

Threads started!


File operations:
    reads/s:                      54.99
    writes/s:                     36.66
    fsyncs/s:                     116.33

Throughput:
    read, MiB/s:                  0.86
    written, MiB/s:               0.57

General statistics:
    total time:                          60.0033s
    total number of events:              12481

Latency (ms):
         min:                                  0.00
         avg:                                  4.80
         max:                                290.84
         95th percentile:                     17.32
         sum:                              59867.09

Threads fairness:
    events (avg/stddev):           12481.0000/0.00
    execution time (avg/stddev):   59.8671/0.00

sysbench 1.0.11 (using system LuaJIT 2.1.0-beta3)

Running the test with following options:
Number of threads: 1
Initializing random number generator from current time


Extra file open flags: 0
128 files, 800KiB each
100MiB total file size
Block size 16KiB
Number of IO requests: 0
Read/Write ratio for combined random IO test: 1.50
Periodic FSYNC enabled, calling fsync() each 100 requests.
Calling fsync() at the end of test, Enabled.
Using synchronous I/O mode
Doing random r/w test
Initializing worker threads...

Threads started!


File operations:
    reads/s:                      53.99
    writes/s:                     36.00
    fsyncs/s:                     113.25

Throughput:
    read, MiB/s:                  0.84
    written, MiB/s:               0.56

General statistics:
    total time:                          60.0010s
    total number of events:              12196

Latency (ms):
         min:                                  0.00
         avg:                                  4.91
         max:                                738.37
         95th percentile:                     17.32
         sum:                              59906.26

Threads fairness:
    events (avg/stddev):           12196.0000/0.00
    execution time (avg/stddev):   59.9063/0.00

sysbench 1.0.11 (using system LuaJIT 2.1.0-beta3)

Running the test with following options:
Number of threads: 1
Initializing random number generator from current time


Extra file open flags: 0
128 files, 800KiB each
100MiB total file size
Block size 16KiB
Number of IO requests: 0
Read/Write ratio for combined random IO test: 1.50
Periodic FSYNC enabled, calling fsync() each 100 requests.
Calling fsync() at the end of test, Enabled.
Using synchronous I/O mode
Doing random r/w test
Initializing worker threads...

Threads started!


File operations:
    reads/s:                      53.99
    writes/s:                     36.00
    fsyncs/s:                     114.44

Throughput:
    read, MiB/s:                  0.84
    written, MiB/s:               0.56

General statistics:
    total time:                          60.0017s
    total number of events:              12267

Latency (ms):
         min:                                  0.00
         avg:                                  4.88
         max:                                521.09
         95th percentile:                     16.71
         sum:                              59845.29

Threads fairness:
    events (avg/stddev):           12267.0000/0.00
    execution time (avg/stddev):   59.8453/0.00

sysbench 1.0.11 (using system LuaJIT 2.1.0-beta3)

Running the test with following options:
Number of threads: 1
Initializing random number generator from current time


Extra file open flags: 0
128 files, 800KiB each
100MiB total file size
Block size 16KiB
Number of IO requests: 0
Read/Write ratio for combined random IO test: 1.50
Periodic FSYNC enabled, calling fsync() each 100 requests.
Calling fsync() at the end of test, Enabled.
Using synchronous I/O mode
Doing random r/w test
Initializing worker threads...

Threads started!


File operations:
    reads/s:                      52.97
    writes/s:                     35.32
    fsyncs/s:                     111.18

Throughput:
    read, MiB/s:                  0.83
    written, MiB/s:               0.55

General statistics:
    total time:                          60.0208s
    total number of events:              11974

Latency (ms):
         min:                                  0.00
         avg:                                  5.00
         max:                                270.13
         95th percentile:                     17.63
         sum:                              59872.15

Threads fairness:
    events (avg/stddev):           11974.0000/0.00
    execution time (avg/stddev):   59.8722/0.00

sysbench 1.0.11 (using system LuaJIT 2.1.0-beta3)

Running the test with following options:
Number of threads: 1
Initializing random number generator from current time


Extra file open flags: 0
128 files, 800KiB each
100MiB total file size
Block size 16KiB
Number of IO requests: 0
Read/Write ratio for combined random IO test: 1.50
Periodic FSYNC enabled, calling fsync() each 100 requests.
Calling fsync() at the end of test, Enabled.
Using synchronous I/O mode
Doing random r/w test
Initializing worker threads...

Threads started!


File operations:
    reads/s:                      55.00
    writes/s:                     36.67
    fsyncs/s:                     116.85

Throughput:
    read, MiB/s:                  0.86
    written, MiB/s:               0.57

General statistics:
    total time:                          60.0002s
    total number of events:              12511

Latency (ms):
         min:                                  0.00
         avg:                                  4.79
         max:                                353.15
         95th percentile:                     17.01
         sum:                              59887.24

Threads fairness:
    events (avg/stddev):           12511.0000/0.00
    execution time (avg/stddev):   59.8872/0.00

sysbench 1.0.11 (using system LuaJIT 2.1.0-beta3)

Running the test with following options:
Number of threads: 1
Initializing random number generator from current time


Extra file open flags: 0
128 files, 800KiB each
100MiB total file size
Block size 16KiB
Number of IO requests: 0
Read/Write ratio for combined random IO test: 1.50
Periodic FSYNC enabled, calling fsync() each 100 requests.
Calling fsync() at the end of test, Enabled.
Using synchronous I/O mode
Doing random r/w test
Initializing worker threads...

Threads started!


File operations:
    reads/s:                      53.97
    writes/s:                     35.98
    fsyncs/s:                     114.69

Throughput:
    read, MiB/s:                  0.84
    written, MiB/s:               0.56

General statistics:
    total time:                          60.0237s
    total number of events:              12285

Latency (ms):
         min:                                  0.00
         avg:                                  4.88
         max:                                200.06
         95th percentile:                     17.32
         sum:                              59922.48

Threads fairness:
    events (avg/stddev):           12285.0000/0.00
    execution time (avg/stddev):   59.9225/0.00

sysbench 1.0.11 (using system LuaJIT 2.1.0-beta3)

Running the test with following options:
Number of threads: 1
Initializing random number generator from current time


Extra file open flags: 0
128 files, 800KiB each
100MiB total file size
Block size 16KiB
Number of IO requests: 0
Read/Write ratio for combined random IO test: 1.50
Periodic FSYNC enabled, calling fsync() each 100 requests.
Calling fsync() at the end of test, Enabled.
Using synchronous I/O mode
Doing random r/w test
Initializing worker threads...

Threads started!


File operations:
    reads/s:                      53.00
    writes/s:                     35.33
    fsyncs/s:                     111.56

Throughput:
    read, MiB/s:                  0.83
    written, MiB/s:               0.55

General statistics:
    total time:                          60.0001s
    total number of events:              11994

Latency (ms):
         min:                                  0.00
         avg:                                  4.99
         max:                                224.68
         95th percentile:                     18.28
         sum:                              59860.16

Threads fairness:
    events (avg/stddev):           11994.0000/0.00
    execution time (avg/stddev):   59.8602/0.00

sysbench 1.0.11 (using system LuaJIT 2.1.0-beta3)

Running the test with following options:
Number of threads: 1
Initializing random number generator from current time


Extra file open flags: 0
128 files, 800KiB each
100MiB total file size
Block size 16KiB
Number of IO requests: 0
Read/Write ratio for combined random IO test: 1.50
Periodic FSYNC enabled, calling fsync() each 100 requests.
Calling fsync() at the end of test, Enabled.
Using synchronous I/O mode
Doing random r/w test
Initializing worker threads...

Threads started!


File operations:
    reads/s:                      55.00
    writes/s:                     36.66
    fsyncs/s:                     115.32

Throughput:
    read, MiB/s:                  0.86
    written, MiB/s:               0.57

General statistics:
    total time:                          60.0012s
    total number of events:              12420

Latency (ms):
         min:                                  0.00
         avg:                                  4.82
         max:                                440.67
         95th percentile:                     17.01
         sum:                              59901.24

Threads fairness:
    events (avg/stddev):           12420.0000/0.00
    execution time (avg/stddev):   59.9012/0.00

sysbench 1.0.11 (using system LuaJIT 2.1.0-beta3)

Running the test with following options:
Number of threads: 1
Initializing random number generator from current time


Extra file open flags: 0
128 files, 800KiB each
100MiB total file size
Block size 16KiB
Number of IO requests: 0
Read/Write ratio for combined random IO test: 1.50
Periodic FSYNC enabled, calling fsync() each 100 requests.
Calling fsync() at the end of test, Enabled.
Using synchronous I/O mode
Doing random r/w test
Initializing worker threads...

Threads started!


File operations:
    reads/s:                      53.98
    writes/s:                     35.99
    fsyncs/s:                     114.49

Throughput:
    read, MiB/s:                  0.84
    written, MiB/s:               0.56

General statistics:
    total time:                          60.0175s
    total number of events:              12272

Latency (ms):
         min:                                  0.00
         avg:                                  4.88
         max:                                423.89
         95th percentile:                     17.63
         sum:                              59882.57

Threads fairness:
    events (avg/stddev):           12272.0000/0.00
    execution time (avg/stddev):   59.8826/0.00

sysbench 1.0.11 (using system LuaJIT 2.1.0-beta3)

Running the test with following options:
Number of threads: 1
Initializing random number generator from current time


Extra file open flags: 0
128 files, 800KiB each
100MiB total file size
Block size 16KiB
Number of IO requests: 0
Read/Write ratio for combined random IO test: 1.50
Periodic FSYNC enabled, calling fsync() each 100 requests.
Calling fsync() at the end of test, Enabled.
Using synchronous I/O mode
Doing random r/w test
Initializing worker threads...

Threads started!


File operations:
    reads/s:                      52.99
    writes/s:                     35.33
    fsyncs/s:                     111.90

Throughput:
    read, MiB/s:                  0.83
    written, MiB/s:               0.55

General statistics:
    total time:                          60.0021s
    total number of events:              12015

Latency (ms):
         min:                                  0.00
         avg:                                  4.99
         max:                                298.97
         95th percentile:                     17.63
         sum:                              59922.52

Threads fairness:
    events (avg/stddev):           12015.0000/0.00
    execution time (avg/stddev):   59.9225/0.00

sysbench 1.0.11 (using system LuaJIT 2.1.0-beta3)

Running the test with following options:
Number of threads: 1
Initializing random number generator from current time


Extra file open flags: 0
128 files, 800KiB each
100MiB total file size
Block size 16KiB
Number of IO requests: 0
Read/Write ratio for combined random IO test: 1.50
Periodic FSYNC enabled, calling fsync() each 100 requests.
Calling fsync() at the end of test, Enabled.
Using synchronous I/O mode
Doing random r/w test
Initializing worker threads...

Threads started!


File operations:
    reads/s:                      54.00
    writes/s:                     36.00
    fsyncs/s:                     114.79

Throughput:
    read, MiB/s:                  0.84
    written, MiB/s:               0.56

General statistics:
    total time:                          60.0022s
    total number of events:              12288

Latency (ms):
         min:                                  0.00
         avg:                                  4.87
         max:                                699.87
         95th percentile:                     17.63
         sum:                              59902.17

Threads fairness:
    events (avg/stddev):           12288.0000/0.00
    execution time (avg/stddev):   59.9022/0.00

sysbench 1.0.11 (using system LuaJIT 2.1.0-beta3)

Running the test with following options:
Number of threads: 1
Initializing random number generator from current time


Extra file open flags: 0
128 files, 800KiB each
100MiB total file size
Block size 16KiB
Number of IO requests: 0
Read/Write ratio for combined random IO test: 1.50
Periodic FSYNC enabled, calling fsync() each 100 requests.
Calling fsync() at the end of test, Enabled.
Using synchronous I/O mode
Doing random r/w test
Initializing worker threads...

Threads started!


File operations:
    reads/s:                      53.99
    writes/s:                     36.00
    fsyncs/s:                     114.74

Throughput:
    read, MiB/s:                  0.84
    written, MiB/s:               0.56

General statistics:
    total time:                          60.0014s
    total number of events:              12285

Latency (ms):
         min:                                  0.00
         avg:                                  4.87
         max:                                263.15
         95th percentile:                     17.95
         sum:                              59880.32

Threads fairness:
    events (avg/stddev):           12285.0000/0.00
    execution time (avg/stddev):   59.8803/0.00

sysbench 1.0.11 (using system LuaJIT 2.1.0-beta3)

Running the test with following options:
Number of threads: 1
Initializing random number generator from current time


Extra file open flags: 0
128 files, 800KiB each
100MiB total file size
Block size 16KiB
Number of IO requests: 0
Read/Write ratio for combined random IO test: 1.50
Periodic FSYNC enabled, calling fsync() each 100 requests.
Calling fsync() at the end of test, Enabled.
Using synchronous I/O mode
Doing random r/w test
Initializing worker threads...

Threads started!


File operations:
    reads/s:                      53.99
    writes/s:                     35.99
    fsyncs/s:                     114.84

Throughput:
    read, MiB/s:                  0.84
    written, MiB/s:               0.56

General statistics:
    total time:                          60.0015s
    total number of events:              12292

Latency (ms):
         min:                                  0.00
         avg:                                  4.87
         max:                                258.10
         95th percentile:                     17.32
         sum:                              59920.60

Threads fairness:
    events (avg/stddev):           12292.0000/0.00
    execution time (avg/stddev):   59.9206/0.00

sysbench 1.0.11 (using system LuaJIT 2.1.0-beta3)

Running the test with following options:
Number of threads: 1
Initializing random number generator from current time


Extra file open flags: 0
128 files, 800KiB each
100MiB total file size
Block size 16KiB
Number of IO requests: 0
Read/Write ratio for combined random IO test: 1.50
Periodic FSYNC enabled, calling fsync() each 100 requests.
Calling fsync() at the end of test, Enabled.
Using synchronous I/O mode
Doing random r/w test
Initializing worker threads...

Threads started!


File operations:
    reads/s:                      52.99
    writes/s:                     35.33
    fsyncs/s:                     111.74

Throughput:
    read, MiB/s:                  0.83
    written, MiB/s:               0.55

General statistics:
    total time:                          60.0016s
    total number of events:              12005

Latency (ms):
         min:                                  0.00
         avg:                                  4.99
         max:                                249.73
         95th percentile:                     17.95
         sum:                              59880.63

Threads fairness:
    events (avg/stddev):           12005.0000/0.00
    execution time (avg/stddev):   59.8806/0.00

sysbench 1.0.11 (using system LuaJIT 2.1.0-beta3)

Running the test with following options:
Number of threads: 1
Initializing random number generator from current time


Extra file open flags: 0
128 files, 800KiB each
100MiB total file size
Block size 16KiB
Number of IO requests: 0
Read/Write ratio for combined random IO test: 1.50
Periodic FSYNC enabled, calling fsync() each 100 requests.
Calling fsync() at the end of test, Enabled.
Using synchronous I/O mode
Doing random r/w test
Initializing worker threads...

Threads started!


File operations:
    reads/s:                      53.99
    writes/s:                     35.99
    fsyncs/s:                     113.67

Throughput:
    read, MiB/s:                  0.84
    written, MiB/s:               0.56

General statistics:
    total time:                          60.0015s
    total number of events:              12222

Latency (ms):
         min:                                  0.00
         avg:                                  4.90
         max:                                370.92
         95th percentile:                     17.63
         sum:                              59902.00

Threads fairness:
    events (avg/stddev):           12222.0000/0.00
    execution time (avg/stddev):   59.9020/0.00

sysbench 1.0.11 (using system LuaJIT 2.1.0-beta3)

Running the test with following options:
Number of threads: 1
Initializing random number generator from current time


Extra file open flags: 0
128 files, 800KiB each
100MiB total file size
Block size 16KiB
Number of IO requests: 0
Read/Write ratio for combined random IO test: 1.50
Periodic FSYNC enabled, calling fsync() each 100 requests.
Calling fsync() at the end of test, Enabled.
Using synchronous I/O mode
Doing random r/w test
Initializing worker threads...

Threads started!


File operations:
    reads/s:                      54.99
    writes/s:                     36.66
    fsyncs/s:                     116.05

Throughput:
    read, MiB/s:                  0.86
    written, MiB/s:               0.57

General statistics:
    total time:                          60.0060s
    total number of events:              12465

Latency (ms):
         min:                                  0.00
         avg:                                  4.81
         max:                                276.54
         95th percentile:                     17.01
         sum:                              59905.56

Threads fairness:
    events (avg/stddev):           12465.0000/0.00
    execution time (avg/stddev):   59.9056/0.00

sysbench 1.0.11 (using system LuaJIT 2.1.0-beta3)

Running the test with following options:
Number of threads: 1
Initializing random number generator from current time


Extra file open flags: 0
128 files, 800KiB each
100MiB total file size
Block size 16KiB
Number of IO requests: 0
Read/Write ratio for combined random IO test: 1.50
Periodic FSYNC enabled, calling fsync() each 100 requests.
Calling fsync() at the end of test, Enabled.
Using synchronous I/O mode
Doing random r/w test
Initializing worker threads...

Threads started!


File operations:
    reads/s:                      54.99
    writes/s:                     36.66
    fsyncs/s:                     115.80

Throughput:
    read, MiB/s:                  0.86
    written, MiB/s:               0.57

General statistics:
    total time:                          60.0040s
    total number of events:              12449

Latency (ms):
         min:                                  0.00
         avg:                                  4.81
         max:                                319.21
         95th percentile:                     17.32
         sum:                              59886.16

Threads fairness:
    events (avg/stddev):           12449.0000/0.00
    execution time (avg/stddev):   59.8862/0.00

sysbench 1.0.11 (using system LuaJIT 2.1.0-beta3)

Running the test with following options:
Number of threads: 1
Initializing random number generator from current time


Extra file open flags: 0
128 files, 800KiB each
100MiB total file size
Block size 16KiB
Number of IO requests: 0
Read/Write ratio for combined random IO test: 1.50
Periodic FSYNC enabled, calling fsync() each 100 requests.
Calling fsync() at the end of test, Enabled.
Using synchronous I/O mode
Doing random r/w test
Initializing worker threads...

Threads started!


File operations:
    reads/s:                      53.99
    writes/s:                     35.99
    fsyncs/s:                     113.23

Throughput:
    read, MiB/s:                  0.84
    written, MiB/s:               0.56

General statistics:
    total time:                          60.0003s
    total number of events:              12195

Latency (ms):
         min:                                  0.00
         avg:                                  4.91
         max:                                442.74
         95th percentile:                     17.63
         sum:                              59909.73

Threads fairness:
    events (avg/stddev):           12195.0000/0.00
    execution time (avg/stddev):   59.9097/0.00

sysbench 1.0.11 (using system LuaJIT 2.1.0-beta3)

Running the test with following options:
Number of threads: 1
Initializing random number generator from current time


Extra file open flags: 0
128 files, 800KiB each
100MiB total file size
Block size 16KiB
Number of IO requests: 0
Read/Write ratio for combined random IO test: 1.50
Periodic FSYNC enabled, calling fsync() each 100 requests.
Calling fsync() at the end of test, Enabled.
Using synchronous I/O mode
Doing random r/w test
Initializing worker threads...

Threads started!


File operations:
    reads/s:                      52.99
    writes/s:                     35.33
    fsyncs/s:                     111.54

Throughput:
    read, MiB/s:                  0.83
    written, MiB/s:               0.55

General statistics:
    total time:                          60.0025s
    total number of events:              11993

Latency (ms):
         min:                                  0.00
         avg:                                  4.99
         max:                                327.79
         95th percentile:                     17.63
         sum:                              59842.71

Threads fairness:
    events (avg/stddev):           11993.0000/0.00
    execution time (avg/stddev):   59.8427/0.00

