sysbench 1.0.11 (using system LuaJIT 2.1.0-beta3)

Running the test with following options:
Number of threads: 1
Initializing random number generator from current time


Extra file open flags: 0
128 files, 800KiB each
100MiB total file size
Block size 16KiB
Number of IO requests: 0
Read/Write ratio for combined random IO test: 1.50
Periodic FSYNC enabled, calling fsync() each 100 requests.
Calling fsync() at the end of test, Enabled.
Using synchronous I/O mode
Doing random r/w test
Initializing worker threads...

Threads started!


File operations:
    reads/s:                      64.99
    writes/s:                     43.33
    fsyncs/s:                     136.80

Throughput:
    read, MiB/s:                  1.02
    written, MiB/s:               0.68

General statistics:
    total time:                          60.0042s
    total number of events:              14709

Latency (ms):
         min:                                  0.00
         avg:                                  4.07
         max:                                424.96
         95th percentile:                     14.21
         sum:                              59875.24

Threads fairness:
    events (avg/stddev):           14709.0000/0.00
    execution time (avg/stddev):   59.8752/0.00

sysbench 1.0.11 (using system LuaJIT 2.1.0-beta3)

Running the test with following options:
Number of threads: 1
Initializing random number generator from current time


Extra file open flags: 0
128 files, 800KiB each
100MiB total file size
Block size 16KiB
Number of IO requests: 0
Read/Write ratio for combined random IO test: 1.50
Periodic FSYNC enabled, calling fsync() each 100 requests.
Calling fsync() at the end of test, Enabled.
Using synchronous I/O mode
Doing random r/w test
Initializing worker threads...

Threads started!


File operations:
    reads/s:                      70.99
    writes/s:                     47.33
    fsyncs/s:                     150.37

Throughput:
    read, MiB/s:                  1.11
    written, MiB/s:               0.74

General statistics:
    total time:                          60.0009s
    total number of events:              16123

Latency (ms):
         min:                                  0.00
         avg:                                  3.71
         max:                                486.71
         95th percentile:                     13.70
         sum:                              59889.38

Threads fairness:
    events (avg/stddev):           16123.0000/0.00
    execution time (avg/stddev):   59.8894/0.00

sysbench 1.0.11 (using system LuaJIT 2.1.0-beta3)

Running the test with following options:
Number of threads: 1
Initializing random number generator from current time


Extra file open flags: 0
128 files, 800KiB each
100MiB total file size
Block size 16KiB
Number of IO requests: 0
Read/Write ratio for combined random IO test: 1.50
Periodic FSYNC enabled, calling fsync() each 100 requests.
Calling fsync() at the end of test, Enabled.
Using synchronous I/O mode
Doing random r/w test
Initializing worker threads...

Threads started!


File operations:
    reads/s:                      64.99
    writes/s:                     43.33
    fsyncs/s:                     138.40

Throughput:
    read, MiB/s:                  1.02
    written, MiB/s:               0.68

General statistics:
    total time:                          60.0009s
    total number of events:              14805

Latency (ms):
         min:                                  0.00
         avg:                                  4.04
         max:                                347.84
         95th percentile:                     14.46
         sum:                              59852.55

Threads fairness:
    events (avg/stddev):           14805.0000/0.00
    execution time (avg/stddev):   59.8525/0.00

sysbench 1.0.11 (using system LuaJIT 2.1.0-beta3)

Running the test with following options:
Number of threads: 1
Initializing random number generator from current time


Extra file open flags: 0
128 files, 800KiB each
100MiB total file size
Block size 16KiB
Number of IO requests: 0
Read/Write ratio for combined random IO test: 1.50
Periodic FSYNC enabled, calling fsync() each 100 requests.
Calling fsync() at the end of test, Enabled.
Using synchronous I/O mode
Doing random r/w test
Initializing worker threads...

Threads started!


File operations:
    reads/s:                      67.99
    writes/s:                     45.32
    fsyncs/s:                     143.89

Throughput:
    read, MiB/s:                  1.06
    written, MiB/s:               0.71

General statistics:
    total time:                          60.0014s
    total number of events:              15435

Latency (ms):
         min:                                  0.00
         avg:                                  3.88
         max:                                354.01
         95th percentile:                     13.95
         sum:                              59904.45

Threads fairness:
    events (avg/stddev):           15435.0000/0.00
    execution time (avg/stddev):   59.9045/0.00

sysbench 1.0.11 (using system LuaJIT 2.1.0-beta3)

Running the test with following options:
Number of threads: 1
Initializing random number generator from current time


Extra file open flags: 0
128 files, 800KiB each
100MiB total file size
Block size 16KiB
Number of IO requests: 0
Read/Write ratio for combined random IO test: 1.50
Periodic FSYNC enabled, calling fsync() each 100 requests.
Calling fsync() at the end of test, Enabled.
Using synchronous I/O mode
Doing random r/w test
Initializing worker threads...

Threads started!


File operations:
    reads/s:                      64.00
    writes/s:                     42.66
    fsyncs/s:                     136.46

Throughput:
    read, MiB/s:                  1.00
    written, MiB/s:               0.67

General statistics:
    total time:                          60.0025s
    total number of events:              14588

Latency (ms):
         min:                                  0.00
         avg:                                  4.11
         max:                                386.50
         95th percentile:                     14.73
         sum:                              59916.02

Threads fairness:
    events (avg/stddev):           14588.0000/0.00
    execution time (avg/stddev):   59.9160/0.00

sysbench 1.0.11 (using system LuaJIT 2.1.0-beta3)

Running the test with following options:
Number of threads: 1
Initializing random number generator from current time


Extra file open flags: 0
128 files, 800KiB each
100MiB total file size
Block size 16KiB
Number of IO requests: 0
Read/Write ratio for combined random IO test: 1.50
Periodic FSYNC enabled, calling fsync() each 100 requests.
Calling fsync() at the end of test, Enabled.
Using synchronous I/O mode
Doing random r/w test
Initializing worker threads...

Threads started!


File operations:
    reads/s:                      59.97
    writes/s:                     39.98
    fsyncs/s:                     127.71

Throughput:
    read, MiB/s:                  0.94
    written, MiB/s:               0.62

General statistics:
    total time:                          60.0290s
    total number of events:              13667

Latency (ms):
         min:                                  0.00
         avg:                                  4.38
         max:                                469.32
         95th percentile:                     15.27
         sum:                              59922.07

Threads fairness:
    events (avg/stddev):           13667.0000/0.00
    execution time (avg/stddev):   59.9221/0.00

sysbench 1.0.11 (using system LuaJIT 2.1.0-beta3)

Running the test with following options:
Number of threads: 1
Initializing random number generator from current time


Extra file open flags: 0
128 files, 800KiB each
100MiB total file size
Block size 16KiB
Number of IO requests: 0
Read/Write ratio for combined random IO test: 1.50
Periodic FSYNC enabled, calling fsync() each 100 requests.
Calling fsync() at the end of test, Enabled.
Using synchronous I/O mode
Doing random r/w test
Initializing worker threads...

Threads started!


File operations:
    reads/s:                      64.99
    writes/s:                     43.33
    fsyncs/s:                     138.45

Throughput:
    read, MiB/s:                  1.02
    written, MiB/s:               0.68

General statistics:
    total time:                          60.0051s
    total number of events:              14808

Latency (ms):
         min:                                  0.00
         avg:                                  4.05
         max:                                242.15
         95th percentile:                     14.73
         sum:                              59923.57

Threads fairness:
    events (avg/stddev):           14808.0000/0.00
    execution time (avg/stddev):   59.9236/0.00

sysbench 1.0.11 (using system LuaJIT 2.1.0-beta3)

Running the test with following options:
Number of threads: 1
Initializing random number generator from current time


Extra file open flags: 0
128 files, 800KiB each
100MiB total file size
Block size 16KiB
Number of IO requests: 0
Read/Write ratio for combined random IO test: 1.50
Periodic FSYNC enabled, calling fsync() each 100 requests.
Calling fsync() at the end of test, Enabled.
Using synchronous I/O mode
Doing random r/w test
Initializing worker threads...

Threads started!


File operations:
    reads/s:                      63.99
    writes/s:                     42.66
    fsyncs/s:                     135.73

Throughput:
    read, MiB/s:                  1.00
    written, MiB/s:               0.67

General statistics:
    total time:                          60.0012s
    total number of events:              14545

Latency (ms):
         min:                                  0.00
         avg:                                  4.12
         max:                                637.88
         95th percentile:                     15.00
         sum:                              59925.20

Threads fairness:
    events (avg/stddev):           14545.0000/0.00
    execution time (avg/stddev):   59.9252/0.00

sysbench 1.0.11 (using system LuaJIT 2.1.0-beta3)

Running the test with following options:
Number of threads: 1
Initializing random number generator from current time


Extra file open flags: 0
128 files, 800KiB each
100MiB total file size
Block size 16KiB
Number of IO requests: 0
Read/Write ratio for combined random IO test: 1.50
Periodic FSYNC enabled, calling fsync() each 100 requests.
Calling fsync() at the end of test, Enabled.
Using synchronous I/O mode
Doing random r/w test
Initializing worker threads...

Threads started!


File operations:
    reads/s:                      67.99
    writes/s:                     45.33
    fsyncs/s:                     143.13

Throughput:
    read, MiB/s:                  1.06
    written, MiB/s:               0.71

General statistics:
    total time:                          60.0008s
    total number of events:              15389

Latency (ms):
         min:                                  0.00
         avg:                                  3.89
         max:                                376.63
         95th percentile:                     13.95
         sum:                              59902.80

Threads fairness:
    events (avg/stddev):           15389.0000/0.00
    execution time (avg/stddev):   59.9028/0.00

sysbench 1.0.11 (using system LuaJIT 2.1.0-beta3)

Running the test with following options:
Number of threads: 1
Initializing random number generator from current time


Extra file open flags: 0
128 files, 800KiB each
100MiB total file size
Block size 16KiB
Number of IO requests: 0
Read/Write ratio for combined random IO test: 1.50
Periodic FSYNC enabled, calling fsync() each 100 requests.
Calling fsync() at the end of test, Enabled.
Using synchronous I/O mode
Doing random r/w test
Initializing worker threads...

Threads started!


File operations:
    reads/s:                      67.99
    writes/s:                     45.33
    fsyncs/s:                     143.97

Throughput:
    read, MiB/s:                  1.06
    written, MiB/s:               0.71

General statistics:
    total time:                          60.0007s
    total number of events:              15439

Latency (ms):
         min:                                  0.00
         avg:                                  3.88
         max:                                340.20
         95th percentile:                     14.46
         sum:                              59877.93

Threads fairness:
    events (avg/stddev):           15439.0000/0.00
    execution time (avg/stddev):   59.8779/0.00

sysbench 1.0.11 (using system LuaJIT 2.1.0-beta3)

Running the test with following options:
Number of threads: 1
Initializing random number generator from current time


Extra file open flags: 0
128 files, 800KiB each
100MiB total file size
Block size 16KiB
Number of IO requests: 0
Read/Write ratio for combined random IO test: 1.50
Periodic FSYNC enabled, calling fsync() each 100 requests.
Calling fsync() at the end of test, Enabled.
Using synchronous I/O mode
Doing random r/w test
Initializing worker threads...

Threads started!


File operations:
    reads/s:                      65.00
    writes/s:                     43.33
    fsyncs/s:                     137.80

Throughput:
    read, MiB/s:                  1.02
    written, MiB/s:               0.68

General statistics:
    total time:                          60.0003s
    total number of events:              14768

Latency (ms):
         min:                                  0.00
         avg:                                  4.06
         max:                                693.76
         95th percentile:                     14.46
         sum:                              59891.97

Threads fairness:
    events (avg/stddev):           14768.0000/0.00
    execution time (avg/stddev):   59.8920/0.00

sysbench 1.0.11 (using system LuaJIT 2.1.0-beta3)

Running the test with following options:
Number of threads: 1
Initializing random number generator from current time


Extra file open flags: 0
128 files, 800KiB each
100MiB total file size
Block size 16KiB
Number of IO requests: 0
Read/Write ratio for combined random IO test: 1.50
Periodic FSYNC enabled, calling fsync() each 100 requests.
Calling fsync() at the end of test, Enabled.
Using synchronous I/O mode
Doing random r/w test
Initializing worker threads...

Threads started!


File operations:
    reads/s:                      64.99
    writes/s:                     43.33
    fsyncs/s:                     137.85

Throughput:
    read, MiB/s:                  1.02
    written, MiB/s:               0.68

General statistics:
    total time:                          60.0058s
    total number of events:              14772

Latency (ms):
         min:                                  0.00
         avg:                                  4.05
         max:                                335.07
         95th percentile:                     14.46
         sum:                              59891.75

Threads fairness:
    events (avg/stddev):           14772.0000/0.00
    execution time (avg/stddev):   59.8917/0.00

sysbench 1.0.11 (using system LuaJIT 2.1.0-beta3)

Running the test with following options:
Number of threads: 1
Initializing random number generator from current time


Extra file open flags: 0
128 files, 800KiB each
100MiB total file size
Block size 16KiB
Number of IO requests: 0
Read/Write ratio for combined random IO test: 1.50
Periodic FSYNC enabled, calling fsync() each 100 requests.
Calling fsync() at the end of test, Enabled.
Using synchronous I/O mode
Doing random r/w test
Initializing worker threads...

Threads started!


File operations:
    reads/s:                      66.99
    writes/s:                     44.66
    fsyncs/s:                     140.82

Throughput:
    read, MiB/s:                  1.05
    written, MiB/s:               0.70

General statistics:
    total time:                          60.0038s
    total number of events:              15150

Latency (ms):
         min:                                  0.00
         avg:                                  3.95
         max:                                632.74
         95th percentile:                     14.21
         sum:                              59900.21

Threads fairness:
    events (avg/stddev):           15150.0000/0.00
    execution time (avg/stddev):   59.9002/0.00

sysbench 1.0.11 (using system LuaJIT 2.1.0-beta3)

Running the test with following options:
Number of threads: 1
Initializing random number generator from current time


Extra file open flags: 0
128 files, 800KiB each
100MiB total file size
Block size 16KiB
Number of IO requests: 0
Read/Write ratio for combined random IO test: 1.50
Periodic FSYNC enabled, calling fsync() each 100 requests.
Calling fsync() at the end of test, Enabled.
Using synchronous I/O mode
Doing random r/w test
Initializing worker threads...

Threads started!


File operations:
    reads/s:                      69.00
    writes/s:                     46.00
    fsyncs/s:                     147.16

Throughput:
    read, MiB/s:                  1.08
    written, MiB/s:               0.72

General statistics:
    total time:                          60.0012s
    total number of events:              15730

Latency (ms):
         min:                                  0.00
         avg:                                  3.81
         max:                                271.27
         95th percentile:                     13.95
         sum:                              59871.86

Threads fairness:
    events (avg/stddev):           15730.0000/0.00
    execution time (avg/stddev):   59.8719/0.00

sysbench 1.0.11 (using system LuaJIT 2.1.0-beta3)

Running the test with following options:
Number of threads: 1
Initializing random number generator from current time


Extra file open flags: 0
128 files, 800KiB each
100MiB total file size
Block size 16KiB
Number of IO requests: 0
Read/Write ratio for combined random IO test: 1.50
Periodic FSYNC enabled, calling fsync() each 100 requests.
Calling fsync() at the end of test, Enabled.
Using synchronous I/O mode
Doing random r/w test
Initializing worker threads...

Threads started!


File operations:
    reads/s:                      64.00
    writes/s:                     42.66
    fsyncs/s:                     136.31

Throughput:
    read, MiB/s:                  1.00
    written, MiB/s:               0.67

General statistics:
    total time:                          60.0004s
    total number of events:              14579

Latency (ms):
         min:                                  0.00
         avg:                                  4.11
         max:                                441.04
         95th percentile:                     13.95
         sum:                              59919.32

Threads fairness:
    events (avg/stddev):           14579.0000/0.00
    execution time (avg/stddev):   59.9193/0.00

sysbench 1.0.11 (using system LuaJIT 2.1.0-beta3)

Running the test with following options:
Number of threads: 1
Initializing random number generator from current time


Extra file open flags: 0
128 files, 800KiB each
100MiB total file size
Block size 16KiB
Number of IO requests: 0
Read/Write ratio for combined random IO test: 1.50
Periodic FSYNC enabled, calling fsync() each 100 requests.
Calling fsync() at the end of test, Enabled.
Using synchronous I/O mode
Doing random r/w test
Initializing worker threads...

Threads started!


File operations:
    reads/s:                      65.00
    writes/s:                     43.33
    fsyncs/s:                     138.48

Throughput:
    read, MiB/s:                  1.02
    written, MiB/s:               0.68

General statistics:
    total time:                          60.0003s
    total number of events:              14809

Latency (ms):
         min:                                  0.00
         avg:                                  4.04
         max:                                445.08
         95th percentile:                     14.46
         sum:                              59865.05

Threads fairness:
    events (avg/stddev):           14809.0000/0.00
    execution time (avg/stddev):   59.8650/0.00

sysbench 1.0.11 (using system LuaJIT 2.1.0-beta3)

Running the test with following options:
Number of threads: 1
Initializing random number generator from current time


Extra file open flags: 0
128 files, 800KiB each
100MiB total file size
Block size 16KiB
Number of IO requests: 0
Read/Write ratio for combined random IO test: 1.50
Periodic FSYNC enabled, calling fsync() each 100 requests.
Calling fsync() at the end of test, Enabled.
Using synchronous I/O mode
Doing random r/w test
Initializing worker threads...

Threads started!


File operations:
    reads/s:                      66.99
    writes/s:                     44.66
    fsyncs/s:                     141.50

Throughput:
    read, MiB/s:                  1.05
    written, MiB/s:               0.70

General statistics:
    total time:                          60.0010s
    total number of events:              15191

Latency (ms):
         min:                                  0.00
         avg:                                  3.94
         max:                                537.58
         95th percentile:                     14.21
         sum:                              59883.82

Threads fairness:
    events (avg/stddev):           15191.0000/0.00
    execution time (avg/stddev):   59.8838/0.00

sysbench 1.0.11 (using system LuaJIT 2.1.0-beta3)

Running the test with following options:
Number of threads: 1
Initializing random number generator from current time


Extra file open flags: 0
128 files, 800KiB each
100MiB total file size
Block size 16KiB
Number of IO requests: 0
Read/Write ratio for combined random IO test: 1.50
Periodic FSYNC enabled, calling fsync() each 100 requests.
Calling fsync() at the end of test, Enabled.
Using synchronous I/O mode
Doing random r/w test
Initializing worker threads...

Threads started!


File operations:
    reads/s:                      65.00
    writes/s:                     43.33
    fsyncs/s:                     137.36

Throughput:
    read, MiB/s:                  1.02
    written, MiB/s:               0.68

General statistics:
    total time:                          60.0003s
    total number of events:              14742

Latency (ms):
         min:                                  0.00
         avg:                                  4.06
         max:                                419.97
         95th percentile:                     14.21
         sum:                              59893.50

Threads fairness:
    events (avg/stddev):           14742.0000/0.00
    execution time (avg/stddev):   59.8935/0.00

sysbench 1.0.11 (using system LuaJIT 2.1.0-beta3)

Running the test with following options:
Number of threads: 1
Initializing random number generator from current time


Extra file open flags: 0
128 files, 800KiB each
100MiB total file size
Block size 16KiB
Number of IO requests: 0
Read/Write ratio for combined random IO test: 1.50
Periodic FSYNC enabled, calling fsync() each 100 requests.
Calling fsync() at the end of test, Enabled.
Using synchronous I/O mode
Doing random r/w test
Initializing worker threads...

Threads started!


File operations:
    reads/s:                      64.99
    writes/s:                     43.32
    fsyncs/s:                     138.17

Throughput:
    read, MiB/s:                  1.02
    written, MiB/s:               0.68

General statistics:
    total time:                          60.0078s
    total number of events:              14792

Latency (ms):
         min:                                  0.00
         avg:                                  4.05
         max:                                467.02
         95th percentile:                     14.73
         sum:                              59868.27

Threads fairness:
    events (avg/stddev):           14792.0000/0.00
    execution time (avg/stddev):   59.8683/0.00

sysbench 1.0.11 (using system LuaJIT 2.1.0-beta3)

Running the test with following options:
Number of threads: 1
Initializing random number generator from current time


Extra file open flags: 0
128 files, 800KiB each
100MiB total file size
Block size 16KiB
Number of IO requests: 0
Read/Write ratio for combined random IO test: 1.50
Periodic FSYNC enabled, calling fsync() each 100 requests.
Calling fsync() at the end of test, Enabled.
Using synchronous I/O mode
Doing random r/w test
Initializing worker threads...

Threads started!


File operations:
    reads/s:                      69.99
    writes/s:                     46.66
    fsyncs/s:                     147.19

Throughput:
    read, MiB/s:                  1.09
    written, MiB/s:               0.73

General statistics:
    total time:                          60.0028s
    total number of events:              15833

Latency (ms):
         min:                                  0.00
         avg:                                  3.78
         max:                                429.29
         95th percentile:                     13.70
         sum:                              59876.46

Threads fairness:
    events (avg/stddev):           15833.0000/0.00
    execution time (avg/stddev):   59.8765/0.00

sysbench 1.0.11 (using system LuaJIT 2.1.0-beta3)

Running the test with following options:
Number of threads: 1
Initializing random number generator from current time


Extra file open flags: 0
128 files, 800KiB each
100MiB total file size
Block size 16KiB
Number of IO requests: 0
Read/Write ratio for combined random IO test: 1.50
Periodic FSYNC enabled, calling fsync() each 100 requests.
Calling fsync() at the end of test, Enabled.
Using synchronous I/O mode
Doing random r/w test
Initializing worker threads...

Threads started!


File operations:
    reads/s:                      66.00
    writes/s:                     44.00
    fsyncs/s:                     138.98

Throughput:
    read, MiB/s:                  1.03
    written, MiB/s:               0.69

General statistics:
    total time:                          60.0005s
    total number of events:              14939

Latency (ms):
         min:                                  0.00
         avg:                                  4.01
         max:                                334.53
         95th percentile:                     14.21
         sum:                              59853.80

Threads fairness:
    events (avg/stddev):           14939.0000/0.00
    execution time (avg/stddev):   59.8538/0.00

sysbench 1.0.11 (using system LuaJIT 2.1.0-beta3)

Running the test with following options:
Number of threads: 1
Initializing random number generator from current time


Extra file open flags: 0
128 files, 800KiB each
100MiB total file size
Block size 16KiB
Number of IO requests: 0
Read/Write ratio for combined random IO test: 1.50
Periodic FSYNC enabled, calling fsync() each 100 requests.
Calling fsync() at the end of test, Enabled.
Using synchronous I/O mode
Doing random r/w test
Initializing worker threads...

Threads started!


File operations:
    reads/s:                      68.99
    writes/s:                     45.99
    fsyncs/s:                     147.18

Throughput:
    read, MiB/s:                  1.08
    written, MiB/s:               0.72

General statistics:
    total time:                          60.0067s
    total number of events:              15732

Latency (ms):
         min:                                  0.00
         avg:                                  3.81
         max:                                376.12
         95th percentile:                     13.95
         sum:                              59910.60

Threads fairness:
    events (avg/stddev):           15732.0000/0.00
    execution time (avg/stddev):   59.9106/0.00

sysbench 1.0.11 (using system LuaJIT 2.1.0-beta3)

Running the test with following options:
Number of threads: 1
Initializing random number generator from current time


Extra file open flags: 0
128 files, 800KiB each
100MiB total file size
Block size 16KiB
Number of IO requests: 0
Read/Write ratio for combined random IO test: 1.50
Periodic FSYNC enabled, calling fsync() each 100 requests.
Calling fsync() at the end of test, Enabled.
Using synchronous I/O mode
Doing random r/w test
Initializing worker threads...

Threads started!


File operations:
    reads/s:                      66.00
    writes/s:                     44.00
    fsyncs/s:                     140.12

Throughput:
    read, MiB/s:                  1.03
    written, MiB/s:               0.69

General statistics:
    total time:                          60.0004s
    total number of events:              15008

Latency (ms):
         min:                                  0.00
         avg:                                  3.99
         max:                                368.66
         95th percentile:                     14.21
         sum:                              59890.26

Threads fairness:
    events (avg/stddev):           15008.0000/0.00
    execution time (avg/stddev):   59.8903/0.00

sysbench 1.0.11 (using system LuaJIT 2.1.0-beta3)

Running the test with following options:
Number of threads: 1
Initializing random number generator from current time


Extra file open flags: 0
128 files, 800KiB each
100MiB total file size
Block size 16KiB
Number of IO requests: 0
Read/Write ratio for combined random IO test: 1.50
Periodic FSYNC enabled, calling fsync() each 100 requests.
Calling fsync() at the end of test, Enabled.
Using synchronous I/O mode
Doing random r/w test
Initializing worker threads...

Threads started!


File operations:
    reads/s:                      65.00
    writes/s:                     43.33
    fsyncs/s:                     136.98

Throughput:
    read, MiB/s:                  1.02
    written, MiB/s:               0.68

General statistics:
    total time:                          60.0003s
    total number of events:              14719

Latency (ms):
         min:                                  0.00
         avg:                                  4.06
         max:                                353.42
         95th percentile:                     14.21
         sum:                              59818.40

Threads fairness:
    events (avg/stddev):           14719.0000/0.00
    execution time (avg/stddev):   59.8184/0.00

sysbench 1.0.11 (using system LuaJIT 2.1.0-beta3)

Running the test with following options:
Number of threads: 1
Initializing random number generator from current time


Extra file open flags: 0
128 files, 800KiB each
100MiB total file size
Block size 16KiB
Number of IO requests: 0
Read/Write ratio for combined random IO test: 1.50
Periodic FSYNC enabled, calling fsync() each 100 requests.
Calling fsync() at the end of test, Enabled.
Using synchronous I/O mode
Doing random r/w test
Initializing worker threads...

Threads started!


File operations:
    reads/s:                      62.97
    writes/s:                     41.98
    fsyncs/s:                     132.77

Throughput:
    read, MiB/s:                  0.98
    written, MiB/s:               0.66

General statistics:
    total time:                          60.0235s
    total number of events:              14270

Latency (ms):
         min:                                  0.00
         avg:                                  4.20
         max:                                412.23
         95th percentile:                     14.73
         sum:                              59875.63

Threads fairness:
    events (avg/stddev):           14270.0000/0.00
    execution time (avg/stddev):   59.8756/0.00

sysbench 1.0.11 (using system LuaJIT 2.1.0-beta3)

Running the test with following options:
Number of threads: 1
Initializing random number generator from current time


Extra file open flags: 0
128 files, 800KiB each
100MiB total file size
Block size 16KiB
Number of IO requests: 0
Read/Write ratio for combined random IO test: 1.50
Periodic FSYNC enabled, calling fsync() each 100 requests.
Calling fsync() at the end of test, Enabled.
Using synchronous I/O mode
Doing random r/w test
Initializing worker threads...

Threads started!


File operations:
    reads/s:                      68.00
    writes/s:                     45.33
    fsyncs/s:                     144.93

Throughput:
    read, MiB/s:                  1.06
    written, MiB/s:               0.71

General statistics:
    total time:                          60.0004s
    total number of events:              15496

Latency (ms):
         min:                                  0.00
         avg:                                  3.87
         max:                                470.27
         95th percentile:                     14.21
         sum:                              59928.56

Threads fairness:
    events (avg/stddev):           15496.0000/0.00
    execution time (avg/stddev):   59.9286/0.00

sysbench 1.0.11 (using system LuaJIT 2.1.0-beta3)

Running the test with following options:
Number of threads: 1
Initializing random number generator from current time


Extra file open flags: 0
128 files, 800KiB each
100MiB total file size
Block size 16KiB
Number of IO requests: 0
Read/Write ratio for combined random IO test: 1.50
Periodic FSYNC enabled, calling fsync() each 100 requests.
Calling fsync() at the end of test, Enabled.
Using synchronous I/O mode
Doing random r/w test
Initializing worker threads...

Threads started!


File operations:
    reads/s:                      64.56
    writes/s:                     43.03
    fsyncs/s:                     136.52

Throughput:
    read, MiB/s:                  1.01
    written, MiB/s:               0.67

General statistics:
    total time:                          60.0002s
    total number of events:              14648

Latency (ms):
         min:                                  0.00
         avg:                                  4.09
         max:                                404.36
         95th percentile:                     14.46
         sum:                              59916.27

Threads fairness:
    events (avg/stddev):           14648.0000/0.00
    execution time (avg/stddev):   59.9163/0.00

sysbench 1.0.11 (using system LuaJIT 2.1.0-beta3)

Running the test with following options:
Number of threads: 1
Initializing random number generator from current time


Extra file open flags: 0
128 files, 800KiB each
100MiB total file size
Block size 16KiB
Number of IO requests: 0
Read/Write ratio for combined random IO test: 1.50
Periodic FSYNC enabled, calling fsync() each 100 requests.
Calling fsync() at the end of test, Enabled.
Using synchronous I/O mode
Doing random r/w test
Initializing worker threads...

Threads started!


File operations:
    reads/s:                      67.00
    writes/s:                     44.66
    fsyncs/s:                     141.61

Throughput:
    read, MiB/s:                  1.05
    written, MiB/s:               0.70

General statistics:
    total time:                          60.0008s
    total number of events:              15197

Latency (ms):
         min:                                  0.00
         avg:                                  3.94
         max:                                310.19
         95th percentile:                     14.46
         sum:                              59850.29

Threads fairness:
    events (avg/stddev):           15197.0000/0.00
    execution time (avg/stddev):   59.8503/0.00

sysbench 1.0.11 (using system LuaJIT 2.1.0-beta3)

Running the test with following options:
Number of threads: 1
Initializing random number generator from current time


Extra file open flags: 0
128 files, 800KiB each
100MiB total file size
Block size 16KiB
Number of IO requests: 0
Read/Write ratio for combined random IO test: 1.50
Periodic FSYNC enabled, calling fsync() each 100 requests.
Calling fsync() at the end of test, Enabled.
Using synchronous I/O mode
Doing random r/w test
Initializing worker threads...

Threads started!


File operations:
    reads/s:                      66.99
    writes/s:                     44.66
    fsyncs/s:                     141.35

Throughput:
    read, MiB/s:                  1.05
    written, MiB/s:               0.70

General statistics:
    total time:                          60.0004s
    total number of events:              15182

Latency (ms):
         min:                                  0.00
         avg:                                  3.94
         max:                                334.76
         95th percentile:                     14.46
         sum:                              59879.35

Threads fairness:
    events (avg/stddev):           15182.0000/0.00
    execution time (avg/stddev):   59.8793/0.00

sysbench 1.0.11 (using system LuaJIT 2.1.0-beta3)

Running the test with following options:
Number of threads: 1
Initializing random number generator from current time


Extra file open flags: 0
128 files, 800KiB each
100MiB total file size
Block size 16KiB
Number of IO requests: 0
Read/Write ratio for combined random IO test: 1.50
Periodic FSYNC enabled, calling fsync() each 100 requests.
Calling fsync() at the end of test, Enabled.
Using synchronous I/O mode
Doing random r/w test
Initializing worker threads...

Threads started!


File operations:
    reads/s:                      65.99
    writes/s:                     44.00
    fsyncs/s:                     140.69

Throughput:
    read, MiB/s:                  1.03
    written, MiB/s:               0.69

General statistics:
    total time:                          60.0009s
    total number of events:              15042

Latency (ms):
         min:                                  0.00
         avg:                                  3.98
         max:                                431.31
         95th percentile:                     14.21
         sum:                              59888.41

Threads fairness:
    events (avg/stddev):           15042.0000/0.00
    execution time (avg/stddev):   59.8884/0.00

