sysbench 1.0.11 (using system LuaJIT 2.1.0-beta3)

Running the test with following options:
Number of threads: 1
Initializing random number generator from current time


Extra file open flags: 0
128 files, 800KiB each
100MiB total file size
Block size 16KiB
Number of IO requests: 0
Read/Write ratio for combined random IO test: 1.50
Periodic FSYNC enabled, calling fsync() each 100 requests.
Calling fsync() at the end of test, Enabled.
Using synchronous I/O mode
Doing random r/w test
Initializing worker threads...

Threads started!


File operations:
    reads/s:                      63.00
    writes/s:                     42.00
    fsyncs/s:                     133.21

Throughput:
    read, MiB/s:                  0.98
    written, MiB/s:               0.66

General statistics:
    total time:                          60.0003s
    total number of events:              14293

Latency (ms):
         min:                                  0.00
         avg:                                  4.19
         max:                                287.76
         95th percentile:                     15.00
         sum:                              59845.83

Threads fairness:
    events (avg/stddev):           14293.0000/0.00
    execution time (avg/stddev):   59.8458/0.00

sysbench 1.0.11 (using system LuaJIT 2.1.0-beta3)

Running the test with following options:
Number of threads: 1
Initializing random number generator from current time


Extra file open flags: 0
128 files, 800KiB each
100MiB total file size
Block size 16KiB
Number of IO requests: 0
Read/Write ratio for combined random IO test: 1.50
Periodic FSYNC enabled, calling fsync() each 100 requests.
Calling fsync() at the end of test, Enabled.
Using synchronous I/O mode
Doing random r/w test
Initializing worker threads...

Threads started!


File operations:
    reads/s:                      66.99
    writes/s:                     44.66
    fsyncs/s:                     142.49

Throughput:
    read, MiB/s:                  1.05
    written, MiB/s:               0.70

General statistics:
    total time:                          60.0098s
    total number of events:              15251

Latency (ms):
         min:                                  0.00
         avg:                                  3.93
         max:                                486.73
         95th percentile:                     13.95
         sum:                              59878.89

Threads fairness:
    events (avg/stddev):           15251.0000/0.00
    execution time (avg/stddev):   59.8789/0.00

sysbench 1.0.11 (using system LuaJIT 2.1.0-beta3)

Running the test with following options:
Number of threads: 1
Initializing random number generator from current time


Extra file open flags: 0
128 files, 800KiB each
100MiB total file size
Block size 16KiB
Number of IO requests: 0
Read/Write ratio for combined random IO test: 1.50
Periodic FSYNC enabled, calling fsync() each 100 requests.
Calling fsync() at the end of test, Enabled.
Using synchronous I/O mode
Doing random r/w test
Initializing worker threads...

Threads started!


File operations:
    reads/s:                      65.99
    writes/s:                     43.99
    fsyncs/s:                     138.98

Throughput:
    read, MiB/s:                  1.03
    written, MiB/s:               0.69

General statistics:
    total time:                          60.0059s
    total number of events:              14940

Latency (ms):
         min:                                  0.00
         avg:                                  4.01
         max:                                347.87
         95th percentile:                     14.46
         sum:                              59859.90

Threads fairness:
    events (avg/stddev):           14940.0000/0.00
    execution time (avg/stddev):   59.8599/0.00

sysbench 1.0.11 (using system LuaJIT 2.1.0-beta3)

Running the test with following options:
Number of threads: 1
Initializing random number generator from current time


Extra file open flags: 0
128 files, 800KiB each
100MiB total file size
Block size 16KiB
Number of IO requests: 0
Read/Write ratio for combined random IO test: 1.50
Periodic FSYNC enabled, calling fsync() each 100 requests.
Calling fsync() at the end of test, Enabled.
Using synchronous I/O mode
Doing random r/w test
Initializing worker threads...

Threads started!


File operations:
    reads/s:                      63.98
    writes/s:                     42.65
    fsyncs/s:                     136.28

Throughput:
    read, MiB/s:                  1.00
    written, MiB/s:               0.67

General statistics:
    total time:                          60.0093s
    total number of events:              14579

Latency (ms):
         min:                                  0.00
         avg:                                  4.11
         max:                                337.76
         95th percentile:                     15.00
         sum:                              59911.03

Threads fairness:
    events (avg/stddev):           14579.0000/0.00
    execution time (avg/stddev):   59.9110/0.00

sysbench 1.0.11 (using system LuaJIT 2.1.0-beta3)

Running the test with following options:
Number of threads: 1
Initializing random number generator from current time


Extra file open flags: 0
128 files, 800KiB each
100MiB total file size
Block size 16KiB
Number of IO requests: 0
Read/Write ratio for combined random IO test: 1.50
Periodic FSYNC enabled, calling fsync() each 100 requests.
Calling fsync() at the end of test, Enabled.
Using synchronous I/O mode
Doing random r/w test
Initializing worker threads...

Threads started!


File operations:
    reads/s:                      63.99
    writes/s:                     42.66
    fsyncs/s:                     136.19

Throughput:
    read, MiB/s:                  1.00
    written, MiB/s:               0.67

General statistics:
    total time:                          60.0058s
    total number of events:              14573

Latency (ms):
         min:                                  0.00
         avg:                                  4.11
         max:                                387.73
         95th percentile:                     14.73
         sum:                              59898.99

Threads fairness:
    events (avg/stddev):           14573.0000/0.00
    execution time (avg/stddev):   59.8990/0.00

sysbench 1.0.11 (using system LuaJIT 2.1.0-beta3)

Running the test with following options:
Number of threads: 1
Initializing random number generator from current time


Extra file open flags: 0
128 files, 800KiB each
100MiB total file size
Block size 16KiB
Number of IO requests: 0
Read/Write ratio for combined random IO test: 1.50
Periodic FSYNC enabled, calling fsync() each 100 requests.
Calling fsync() at the end of test, Enabled.
Using synchronous I/O mode
Doing random r/w test
Initializing worker threads...

Threads started!


File operations:
    reads/s:                      60.96
    writes/s:                     40.64
    fsyncs/s:                     128.17

Throughput:
    read, MiB/s:                  0.95
    written, MiB/s:               0.64

General statistics:
    total time:                          60.0213s
    total number of events:              13795

Latency (ms):
         min:                                  0.00
         avg:                                  4.35
         max:                                346.96
         95th percentile:                     15.27
         sum:                              59955.37

Threads fairness:
    events (avg/stddev):           13795.0000/0.00
    execution time (avg/stddev):   59.9554/0.00

sysbench 1.0.11 (using system LuaJIT 2.1.0-beta3)

Running the test with following options:
Number of threads: 1
Initializing random number generator from current time


Extra file open flags: 0
128 files, 800KiB each
100MiB total file size
Block size 16KiB
Number of IO requests: 0
Read/Write ratio for combined random IO test: 1.50
Periodic FSYNC enabled, calling fsync() each 100 requests.
Calling fsync() at the end of test, Enabled.
Using synchronous I/O mode
Doing random r/w test
Initializing worker threads...

Threads started!


File operations:
    reads/s:                      64.99
    writes/s:                     43.33
    fsyncs/s:                     138.17

Throughput:
    read, MiB/s:                  1.02
    written, MiB/s:               0.68

General statistics:
    total time:                          60.0049s
    total number of events:              14792

Latency (ms):
         min:                                  0.00
         avg:                                  4.05
         max:                                254.89
         95th percentile:                     14.73
         sum:                              59928.07

Threads fairness:
    events (avg/stddev):           14792.0000/0.00
    execution time (avg/stddev):   59.9281/0.00

sysbench 1.0.11 (using system LuaJIT 2.1.0-beta3)

Running the test with following options:
Number of threads: 1
Initializing random number generator from current time


Extra file open flags: 0
128 files, 800KiB each
100MiB total file size
Block size 16KiB
Number of IO requests: 0
Read/Write ratio for combined random IO test: 1.50
Periodic FSYNC enabled, calling fsync() each 100 requests.
Calling fsync() at the end of test, Enabled.
Using synchronous I/O mode
Doing random r/w test
Initializing worker threads...

Threads started!


File operations:
    reads/s:                      63.99
    writes/s:                     42.66
    fsyncs/s:                     136.26

Throughput:
    read, MiB/s:                  1.00
    written, MiB/s:               0.67

General statistics:
    total time:                          60.0017s
    total number of events:              14577

Latency (ms):
         min:                                  0.00
         avg:                                  4.11
         max:                                639.17
         95th percentile:                     15.00
         sum:                              59896.77

Threads fairness:
    events (avg/stddev):           14577.0000/0.00
    execution time (avg/stddev):   59.8968/0.00

sysbench 1.0.11 (using system LuaJIT 2.1.0-beta3)

Running the test with following options:
Number of threads: 1
Initializing random number generator from current time


Extra file open flags: 0
128 files, 800KiB each
100MiB total file size
Block size 16KiB
Number of IO requests: 0
Read/Write ratio for combined random IO test: 1.50
Periodic FSYNC enabled, calling fsync() each 100 requests.
Calling fsync() at the end of test, Enabled.
Using synchronous I/O mode
Doing random r/w test
Initializing worker threads...

Threads started!


File operations:
    reads/s:                      64.95
    writes/s:                     43.30
    fsyncs/s:                     138.56

Throughput:
    read, MiB/s:                  1.01
    written, MiB/s:               0.68

General statistics:
    total time:                          60.0097s
    total number of events:              14820

Latency (ms):
         min:                                  0.00
         avg:                                  4.04
         max:                                376.34
         95th percentile:                     14.46
         sum:                              59841.66

Threads fairness:
    events (avg/stddev):           14820.0000/0.00
    execution time (avg/stddev):   59.8417/0.00

sysbench 1.0.11 (using system LuaJIT 2.1.0-beta3)

Running the test with following options:
Number of threads: 1
Initializing random number generator from current time


Extra file open flags: 0
128 files, 800KiB each
100MiB total file size
Block size 16KiB
Number of IO requests: 0
Read/Write ratio for combined random IO test: 1.50
Periodic FSYNC enabled, calling fsync() each 100 requests.
Calling fsync() at the end of test, Enabled.
Using synchronous I/O mode
Doing random r/w test
Initializing worker threads...

Threads started!


File operations:
    reads/s:                      64.98
    writes/s:                     43.32
    fsyncs/s:                     137.65

Throughput:
    read, MiB/s:                  1.02
    written, MiB/s:               0.68

General statistics:
    total time:                          60.0083s
    total number of events:              14761

Latency (ms):
         min:                                  0.00
         avg:                                  4.06
         max:                                341.88
         95th percentile:                     15.00
         sum:                              59889.84

Threads fairness:
    events (avg/stddev):           14761.0000/0.00
    execution time (avg/stddev):   59.8898/0.00

sysbench 1.0.11 (using system LuaJIT 2.1.0-beta3)

Running the test with following options:
Number of threads: 1
Initializing random number generator from current time


Extra file open flags: 0
128 files, 800KiB each
100MiB total file size
Block size 16KiB
Number of IO requests: 0
Read/Write ratio for combined random IO test: 1.50
Periodic FSYNC enabled, calling fsync() each 100 requests.
Calling fsync() at the end of test, Enabled.
Using synchronous I/O mode
Doing random r/w test
Initializing worker threads...

Threads started!


File operations:
    reads/s:                      65.99
    writes/s:                     44.00
    fsyncs/s:                     139.12

Throughput:
    read, MiB/s:                  1.03
    written, MiB/s:               0.69

General statistics:
    total time:                          60.0034s
    total number of events:              14948

Latency (ms):
         min:                                  0.00
         avg:                                  4.01
         max:                                693.28
         95th percentile:                     14.21
         sum:                              59891.37

Threads fairness:
    events (avg/stddev):           14948.0000/0.00
    execution time (avg/stddev):   59.8914/0.00

sysbench 1.0.11 (using system LuaJIT 2.1.0-beta3)

Running the test with following options:
Number of threads: 1
Initializing random number generator from current time


Extra file open flags: 0
128 files, 800KiB each
100MiB total file size
Block size 16KiB
Number of IO requests: 0
Read/Write ratio for combined random IO test: 1.50
Periodic FSYNC enabled, calling fsync() each 100 requests.
Calling fsync() at the end of test, Enabled.
Using synchronous I/O mode
Doing random r/w test
Initializing worker threads...

Threads started!


File operations:
    reads/s:                      62.99
    writes/s:                     41.99
    fsyncs/s:                     134.31

Throughput:
    read, MiB/s:                  0.98
    written, MiB/s:               0.66

General statistics:
    total time:                          60.0046s
    total number of events:              14360

Latency (ms):
         min:                                  0.00
         avg:                                  4.17
         max:                                364.23
         95th percentile:                     14.46
         sum:                              59923.93

Threads fairness:
    events (avg/stddev):           14360.0000/0.00
    execution time (avg/stddev):   59.9239/0.00

sysbench 1.0.11 (using system LuaJIT 2.1.0-beta3)

Running the test with following options:
Number of threads: 1
Initializing random number generator from current time


Extra file open flags: 0
128 files, 800KiB each
100MiB total file size
Block size 16KiB
Number of IO requests: 0
Read/Write ratio for combined random IO test: 1.50
Periodic FSYNC enabled, calling fsync() each 100 requests.
Calling fsync() at the end of test, Enabled.
Using synchronous I/O mode
Doing random r/w test
Initializing worker threads...

Threads started!


File operations:
    reads/s:                      64.99
    writes/s:                     43.33
    fsyncs/s:                     137.75

Throughput:
    read, MiB/s:                  1.02
    written, MiB/s:               0.68

General statistics:
    total time:                          60.0053s
    total number of events:              14766

Latency (ms):
         min:                                  0.00
         avg:                                  4.06
         max:                                632.85
         95th percentile:                     14.46
         sum:                              59886.17

Threads fairness:
    events (avg/stddev):           14766.0000/0.00
    execution time (avg/stddev):   59.8862/0.00

sysbench 1.0.11 (using system LuaJIT 2.1.0-beta3)

Running the test with following options:
Number of threads: 1
Initializing random number generator from current time


Extra file open flags: 0
128 files, 800KiB each
100MiB total file size
Block size 16KiB
Number of IO requests: 0
Read/Write ratio for combined random IO test: 1.50
Periodic FSYNC enabled, calling fsync() each 100 requests.
Calling fsync() at the end of test, Enabled.
Using synchronous I/O mode
Doing random r/w test
Initializing worker threads...

Threads started!


File operations:
    reads/s:                      65.97
    writes/s:                     43.98
    fsyncs/s:                     140.15

Throughput:
    read, MiB/s:                  1.03
    written, MiB/s:               0.69

General statistics:
    total time:                          60.0175s
    total number of events:              15013

Latency (ms):
         min:                                  0.00
         avg:                                  3.99
         max:                                272.04
         95th percentile:                     14.21
         sum:                              59898.00

Threads fairness:
    events (avg/stddev):           15013.0000/0.00
    execution time (avg/stddev):   59.8980/0.00

sysbench 1.0.11 (using system LuaJIT 2.1.0-beta3)

Running the test with following options:
Number of threads: 1
Initializing random number generator from current time


Extra file open flags: 0
128 files, 800KiB each
100MiB total file size
Block size 16KiB
Number of IO requests: 0
Read/Write ratio for combined random IO test: 1.50
Periodic FSYNC enabled, calling fsync() each 100 requests.
Calling fsync() at the end of test, Enabled.
Using synchronous I/O mode
Doing random r/w test
Initializing worker threads...

Threads started!


File operations:
    reads/s:                      62.98
    writes/s:                     41.99
    fsyncs/s:                     134.35

Throughput:
    read, MiB/s:                  0.98
    written, MiB/s:               0.66

General statistics:
    total time:                          60.0059s
    total number of events:              14364

Latency (ms):
         min:                                  0.00
         avg:                                  4.17
         max:                                391.67
         95th percentile:                     14.21
         sum:                              59919.76

Threads fairness:
    events (avg/stddev):           14364.0000/0.00
    execution time (avg/stddev):   59.9198/0.00

sysbench 1.0.11 (using system LuaJIT 2.1.0-beta3)

Running the test with following options:
Number of threads: 1
Initializing random number generator from current time


Extra file open flags: 0
128 files, 800KiB each
100MiB total file size
Block size 16KiB
Number of IO requests: 0
Read/Write ratio for combined random IO test: 1.50
Periodic FSYNC enabled, calling fsync() each 100 requests.
Calling fsync() at the end of test, Enabled.
Using synchronous I/O mode
Doing random r/w test
Initializing worker threads...

Threads started!


File operations:
    reads/s:                      62.99
    writes/s:                     41.99
    fsyncs/s:                     132.90

Throughput:
    read, MiB/s:                  0.98
    written, MiB/s:               0.66

General statistics:
    total time:                          60.0031s
    total number of events:              14276

Latency (ms):
         min:                                  0.00
         avg:                                  4.19
         max:                                602.38
         95th percentile:                     15.00
         sum:                              59826.54

Threads fairness:
    events (avg/stddev):           14276.0000/0.00
    execution time (avg/stddev):   59.8265/0.00

sysbench 1.0.11 (using system LuaJIT 2.1.0-beta3)

Running the test with following options:
Number of threads: 1
Initializing random number generator from current time


Extra file open flags: 0
128 files, 800KiB each
100MiB total file size
Block size 16KiB
Number of IO requests: 0
Read/Write ratio for combined random IO test: 1.50
Periodic FSYNC enabled, calling fsync() each 100 requests.
Calling fsync() at the end of test, Enabled.
Using synchronous I/O mode
Doing random r/w test
Initializing worker threads...

Threads started!


File operations:
    reads/s:                      62.99
    writes/s:                     41.99
    fsyncs/s:                     132.54

Throughput:
    read, MiB/s:                  0.98
    written, MiB/s:               0.66

General statistics:
    total time:                          60.0081s
    total number of events:              14254

Latency (ms):
         min:                                  0.00
         avg:                                  4.20
         max:                                535.09
         95th percentile:                     15.00
         sum:                              59898.73

Threads fairness:
    events (avg/stddev):           14254.0000/0.00
    execution time (avg/stddev):   59.8987/0.00

sysbench 1.0.11 (using system LuaJIT 2.1.0-beta3)

Running the test with following options:
Number of threads: 1
Initializing random number generator from current time


Extra file open flags: 0
128 files, 800KiB each
100MiB total file size
Block size 16KiB
Number of IO requests: 0
Read/Write ratio for combined random IO test: 1.50
Periodic FSYNC enabled, calling fsync() each 100 requests.
Calling fsync() at the end of test, Enabled.
Using synchronous I/O mode
Doing random r/w test
Initializing worker threads...

Threads started!


File operations:
    reads/s:                      64.99
    writes/s:                     43.32
    fsyncs/s:                     137.15

Throughput:
    read, MiB/s:                  1.02
    written, MiB/s:               0.68

General statistics:
    total time:                          60.0058s
    total number of events:              14731

Latency (ms):
         min:                                  0.00
         avg:                                  4.06
         max:                                420.13
         95th percentile:                     14.46
         sum:                              59859.32

Threads fairness:
    events (avg/stddev):           14731.0000/0.00
    execution time (avg/stddev):   59.8593/0.00

sysbench 1.0.11 (using system LuaJIT 2.1.0-beta3)

Running the test with following options:
Number of threads: 1
Initializing random number generator from current time


Extra file open flags: 0
128 files, 800KiB each
100MiB total file size
Block size 16KiB
Number of IO requests: 0
Read/Write ratio for combined random IO test: 1.50
Periodic FSYNC enabled, calling fsync() each 100 requests.
Calling fsync() at the end of test, Enabled.
Using synchronous I/O mode
Doing random r/w test
Initializing worker threads...

Threads started!


File operations:
    reads/s:                      64.98
    writes/s:                     43.32
    fsyncs/s:                     137.02

Throughput:
    read, MiB/s:                  1.02
    written, MiB/s:               0.68

General statistics:
    total time:                          60.0043s
    total number of events:              14724

Latency (ms):
         min:                                  0.00
         avg:                                  4.07
         max:                                468.72
         95th percentile:                     15.00
         sum:                              59937.15

Threads fairness:
    events (avg/stddev):           14724.0000/0.00
    execution time (avg/stddev):   59.9372/0.00

sysbench 1.0.11 (using system LuaJIT 2.1.0-beta3)

Running the test with following options:
Number of threads: 1
Initializing random number generator from current time


Extra file open flags: 0
128 files, 800KiB each
100MiB total file size
Block size 16KiB
Number of IO requests: 0
Read/Write ratio for combined random IO test: 1.50
Periodic FSYNC enabled, calling fsync() each 100 requests.
Calling fsync() at the end of test, Enabled.
Using synchronous I/O mode
Doing random r/w test
Initializing worker threads...

Threads started!


File operations:
    reads/s:                      65.99
    writes/s:                     43.99
    fsyncs/s:                     139.97

Throughput:
    read, MiB/s:                  1.03
    written, MiB/s:               0.69

General statistics:
    total time:                          60.0006s
    total number of events:              14999

Latency (ms):
         min:                                  0.00
         avg:                                  3.99
         max:                                434.15
         95th percentile:                     14.21
         sum:                              59894.43

Threads fairness:
    events (avg/stddev):           14999.0000/0.00
    execution time (avg/stddev):   59.8944/0.00

sysbench 1.0.11 (using system LuaJIT 2.1.0-beta3)

Running the test with following options:
Number of threads: 1
Initializing random number generator from current time


Extra file open flags: 0
128 files, 800KiB each
100MiB total file size
Block size 16KiB
Number of IO requests: 0
Read/Write ratio for combined random IO test: 1.50
Periodic FSYNC enabled, calling fsync() each 100 requests.
Calling fsync() at the end of test, Enabled.
Using synchronous I/O mode
Doing random r/w test
Initializing worker threads...

Threads started!


File operations:
    reads/s:                      65.90
    writes/s:                     43.93
    fsyncs/s:                     139.08

Throughput:
    read, MiB/s:                  1.03
    written, MiB/s:               0.69

General statistics:
    total time:                          60.0798s
    total number of events:              14958

Latency (ms):
         min:                                  0.00
         avg:                                  4.01
         max:                                334.31
         95th percentile:                     14.21
         sum:                              59947.12

Threads fairness:
    events (avg/stddev):           14958.0000/0.00
    execution time (avg/stddev):   59.9471/0.00

sysbench 1.0.11 (using system LuaJIT 2.1.0-beta3)

Running the test with following options:
Number of threads: 1
Initializing random number generator from current time


Extra file open flags: 0
128 files, 800KiB each
100MiB total file size
Block size 16KiB
Number of IO requests: 0
Read/Write ratio for combined random IO test: 1.50
Periodic FSYNC enabled, calling fsync() each 100 requests.
Calling fsync() at the end of test, Enabled.
Using synchronous I/O mode
Doing random r/w test
Initializing worker threads...

Threads started!


File operations:
    reads/s:                      64.98
    writes/s:                     43.32
    fsyncs/s:                     137.90

Throughput:
    read, MiB/s:                  1.02
    written, MiB/s:               0.68

General statistics:
    total time:                          60.0057s
    total number of events:              14776

Latency (ms):
         min:                                  0.00
         avg:                                  4.05
         max:                                376.37
         95th percentile:                     14.46
         sum:                              59878.72

Threads fairness:
    events (avg/stddev):           14776.0000/0.00
    execution time (avg/stddev):   59.8787/0.00

sysbench 1.0.11 (using system LuaJIT 2.1.0-beta3)

Running the test with following options:
Number of threads: 1
Initializing random number generator from current time


Extra file open flags: 0
128 files, 800KiB each
100MiB total file size
Block size 16KiB
Number of IO requests: 0
Read/Write ratio for combined random IO test: 1.50
Periodic FSYNC enabled, calling fsync() each 100 requests.
Calling fsync() at the end of test, Enabled.
Using synchronous I/O mode
Doing random r/w test
Initializing worker threads...

Threads started!


File operations:
    reads/s:                      62.98
    writes/s:                     41.99
    fsyncs/s:                     133.67

Throughput:
    read, MiB/s:                  0.98
    written, MiB/s:               0.66

General statistics:
    total time:                          60.0080s
    total number of events:              14322

Latency (ms):
         min:                                  0.00
         avg:                                  4.18
         max:                                351.26
         95th percentile:                     14.46
         sum:                              59923.60

Threads fairness:
    events (avg/stddev):           14322.0000/0.00
    execution time (avg/stddev):   59.9236/0.00

sysbench 1.0.11 (using system LuaJIT 2.1.0-beta3)

Running the test with following options:
Number of threads: 1
Initializing random number generator from current time


Extra file open flags: 0
128 files, 800KiB each
100MiB total file size
Block size 16KiB
Number of IO requests: 0
Read/Write ratio for combined random IO test: 1.50
Periodic FSYNC enabled, calling fsync() each 100 requests.
Calling fsync() at the end of test, Enabled.
Using synchronous I/O mode
Doing random r/w test
Initializing worker threads...

Threads started!


File operations:
    reads/s:                      60.99
    writes/s:                     40.66
    fsyncs/s:                     129.81

Throughput:
    read, MiB/s:                  0.95
    written, MiB/s:               0.64

General statistics:
    total time:                          60.0016s
    total number of events:              13890

Latency (ms):
         min:                                  0.00
         avg:                                  4.31
         max:                                353.49
         95th percentile:                     14.46
         sum:                              59891.98

Threads fairness:
    events (avg/stddev):           13890.0000/0.00
    execution time (avg/stddev):   59.8920/0.00

sysbench 1.0.11 (using system LuaJIT 2.1.0-beta3)

Running the test with following options:
Number of threads: 1
Initializing random number generator from current time


Extra file open flags: 0
128 files, 800KiB each
100MiB total file size
Block size 16KiB
Number of IO requests: 0
Read/Write ratio for combined random IO test: 1.50
Periodic FSYNC enabled, calling fsync() each 100 requests.
Calling fsync() at the end of test, Enabled.
Using synchronous I/O mode
Doing random r/w test
Initializing worker threads...

Threads started!


File operations:
    reads/s:                      63.99
    writes/s:                     42.66
    fsyncs/s:                     135.84

Throughput:
    read, MiB/s:                  1.00
    written, MiB/s:               0.67

General statistics:
    total time:                          60.0009s
    total number of events:              14552

Latency (ms):
         min:                                  0.00
         avg:                                  4.12
         max:                                412.37
         95th percentile:                     14.73
         sum:                              59892.20

Threads fairness:
    events (avg/stddev):           14552.0000/0.00
    execution time (avg/stddev):   59.8922/0.00

sysbench 1.0.11 (using system LuaJIT 2.1.0-beta3)

Running the test with following options:
Number of threads: 1
Initializing random number generator from current time


Extra file open flags: 0
128 files, 800KiB each
100MiB total file size
Block size 16KiB
Number of IO requests: 0
Read/Write ratio for combined random IO test: 1.50
Periodic FSYNC enabled, calling fsync() each 100 requests.
Calling fsync() at the end of test, Enabled.
Using synchronous I/O mode
Doing random r/w test
Initializing worker threads...

Threads started!


File operations:
    reads/s:                      67.00
    writes/s:                     44.66
    fsyncs/s:                     141.51

Throughput:
    read, MiB/s:                  1.05
    written, MiB/s:               0.70

General statistics:
    total time:                          60.0003s
    total number of events:              15191

Latency (ms):
         min:                                  0.00
         avg:                                  3.94
         max:                                446.16
         95th percentile:                     14.21
         sum:                              59904.84

Threads fairness:
    events (avg/stddev):           15191.0000/0.00
    execution time (avg/stddev):   59.9048/0.00

sysbench 1.0.11 (using system LuaJIT 2.1.0-beta3)

Running the test with following options:
Number of threads: 1
Initializing random number generator from current time


Extra file open flags: 0
128 files, 800KiB each
100MiB total file size
Block size 16KiB
Number of IO requests: 0
Read/Write ratio for combined random IO test: 1.50
Periodic FSYNC enabled, calling fsync() each 100 requests.
Calling fsync() at the end of test, Enabled.
Using synchronous I/O mode
Doing random r/w test
Initializing worker threads...

Threads started!


File operations:
    reads/s:                      64.99
    writes/s:                     43.32
    fsyncs/s:                     136.92

Throughput:
    read, MiB/s:                  1.02
    written, MiB/s:               0.68

General statistics:
    total time:                          60.0005s
    total number of events:              14717

Latency (ms):
         min:                                  0.00
         avg:                                  4.07
         max:                                404.22
         95th percentile:                     14.21
         sum:                              59935.13

Threads fairness:
    events (avg/stddev):           14717.0000/0.00
    execution time (avg/stddev):   59.9351/0.00

sysbench 1.0.11 (using system LuaJIT 2.1.0-beta3)

Running the test with following options:
Number of threads: 1
Initializing random number generator from current time


Extra file open flags: 0
128 files, 800KiB each
100MiB total file size
Block size 16KiB
Number of IO requests: 0
Read/Write ratio for combined random IO test: 1.50
Periodic FSYNC enabled, calling fsync() each 100 requests.
Calling fsync() at the end of test, Enabled.
Using synchronous I/O mode
Doing random r/w test
Initializing worker threads...

Threads started!


File operations:
    reads/s:                      65.92
    writes/s:                     43.95
    fsyncs/s:                     139.10

Throughput:
    read, MiB/s:                  1.03
    written, MiB/s:               0.69

General statistics:
    total time:                          60.0633s
    total number of events:              14956

Latency (ms):
         min:                                  0.00
         avg:                                  4.01
         max:                                346.27
         95th percentile:                     14.73
         sum:                              59956.04

Threads fairness:
    events (avg/stddev):           14956.0000/0.00
    execution time (avg/stddev):   59.9560/0.00

sysbench 1.0.11 (using system LuaJIT 2.1.0-beta3)

Running the test with following options:
Number of threads: 1
Initializing random number generator from current time


Extra file open flags: 0
128 files, 800KiB each
100MiB total file size
Block size 16KiB
Number of IO requests: 0
Read/Write ratio for combined random IO test: 1.50
Periodic FSYNC enabled, calling fsync() each 100 requests.
Calling fsync() at the end of test, Enabled.
Using synchronous I/O mode
Doing random r/w test
Initializing worker threads...

Threads started!


File operations:
    reads/s:                      65.99
    writes/s:                     43.99
    fsyncs/s:                     140.42

Throughput:
    read, MiB/s:                  1.03
    written, MiB/s:               0.69

General statistics:
    total time:                          60.0043s
    total number of events:              15027

Latency (ms):
         min:                                  0.00
         avg:                                  3.99
         max:                                329.59
         95th percentile:                     14.73
         sum:                              59911.01

Threads fairness:
    events (avg/stddev):           15027.0000/0.00
    execution time (avg/stddev):   59.9110/0.00

sysbench 1.0.11 (using system LuaJIT 2.1.0-beta3)

Running the test with following options:
Number of threads: 1
Initializing random number generator from current time


Extra file open flags: 0
128 files, 800KiB each
100MiB total file size
Block size 16KiB
Number of IO requests: 0
Read/Write ratio for combined random IO test: 1.50
Periodic FSYNC enabled, calling fsync() each 100 requests.
Calling fsync() at the end of test, Enabled.
Using synchronous I/O mode
Doing random r/w test
Initializing worker threads...

Threads started!


File operations:
    reads/s:                      64.98
    writes/s:                     43.32
    fsyncs/s:                     138.55

Throughput:
    read, MiB/s:                  1.02
    written, MiB/s:               0.68

General statistics:
    total time:                          60.0144s
    total number of events:              14815

Latency (ms):
         min:                                  0.00
         avg:                                  4.04
         max:                                431.04
         95th percentile:                     14.46
         sum:                              59907.02

Threads fairness:
    events (avg/stddev):           14815.0000/0.00
    execution time (avg/stddev):   59.9070/0.00

