sysbench 1.0.11 (using system LuaJIT 2.1.0-beta3)

Running the test with following options:
Number of threads: 1
Initializing random number generator from current time


Extra file open flags: 0
128 files, 800KiB each
100MiB total file size
Block size 16KiB
Number of IO requests: 0
Read/Write ratio for combined random IO test: 1.50
Periodic FSYNC enabled, calling fsync() each 100 requests.
Calling fsync() at the end of test, Enabled.
Using synchronous I/O mode
Doing random r/w test
Initializing worker threads...

Threads started!


File operations:
    reads/s:                      61.15
    writes/s:                     40.76
    fsyncs/s:                     130.11

Throughput:
    read, MiB/s:                  0.96
    written, MiB/s:               0.64

General statistics:
    total time:                          60.0003s
    total number of events:              13924

Latency (ms):
         min:                                  0.00
         avg:                                  4.30
         max:                                424.27
         95th percentile:                     14.46
         sum:                              59900.12

Threads fairness:
    events (avg/stddev):           13924.0000/0.00
    execution time (avg/stddev):   59.9001/0.00

sysbench 1.0.11 (using system LuaJIT 2.1.0-beta3)

Running the test with following options:
Number of threads: 1
Initializing random number generator from current time


Extra file open flags: 0
128 files, 800KiB each
100MiB total file size
Block size 16KiB
Number of IO requests: 0
Read/Write ratio for combined random IO test: 1.50
Periodic FSYNC enabled, calling fsync() each 100 requests.
Calling fsync() at the end of test, Enabled.
Using synchronous I/O mode
Doing random r/w test
Initializing worker threads...

Threads started!


File operations:
    reads/s:                      63.99
    writes/s:                     42.66
    fsyncs/s:                     135.57

Throughput:
    read, MiB/s:                  1.00
    written, MiB/s:               0.67

General statistics:
    total time:                          60.0010s
    total number of events:              14535

Latency (ms):
         min:                                  0.00
         avg:                                  4.12
         max:                                486.66
         95th percentile:                     14.21
         sum:                              59905.46

Threads fairness:
    events (avg/stddev):           14535.0000/0.00
    execution time (avg/stddev):   59.9055/0.00

sysbench 1.0.11 (using system LuaJIT 2.1.0-beta3)

Running the test with following options:
Number of threads: 1
Initializing random number generator from current time


Extra file open flags: 0
128 files, 800KiB each
100MiB total file size
Block size 16KiB
Number of IO requests: 0
Read/Write ratio for combined random IO test: 1.50
Periodic FSYNC enabled, calling fsync() each 100 requests.
Calling fsync() at the end of test, Enabled.
Using synchronous I/O mode
Doing random r/w test
Initializing worker threads...

Threads started!


File operations:
    reads/s:                      60.99
    writes/s:                     40.66
    fsyncs/s:                     129.54

Throughput:
    read, MiB/s:                  0.95
    written, MiB/s:               0.64

General statistics:
    total time:                          60.0012s
    total number of events:              13873

Latency (ms):
         min:                                  0.00
         avg:                                  4.32
         max:                                351.49
         95th percentile:                     15.00
         sum:                              59897.94

Threads fairness:
    events (avg/stddev):           13873.0000/0.00
    execution time (avg/stddev):   59.8979/0.00

sysbench 1.0.11 (using system LuaJIT 2.1.0-beta3)

Running the test with following options:
Number of threads: 1
Initializing random number generator from current time


Extra file open flags: 0
128 files, 800KiB each
100MiB total file size
Block size 16KiB
Number of IO requests: 0
Read/Write ratio for combined random IO test: 1.50
Periodic FSYNC enabled, calling fsync() each 100 requests.
Calling fsync() at the end of test, Enabled.
Using synchronous I/O mode
Doing random r/w test
Initializing worker threads...

Threads started!


File operations:
    reads/s:                      61.98
    writes/s:                     41.32
    fsyncs/s:                     132.23

Throughput:
    read, MiB/s:                  0.97
    written, MiB/s:               0.65

General statistics:
    total time:                          60.0128s
    total number of events:              14136

Latency (ms):
         min:                                  0.00
         avg:                                  4.23
         max:                                339.22
         95th percentile:                     14.73
         sum:                              59864.25

Threads fairness:
    events (avg/stddev):           14136.0000/0.00
    execution time (avg/stddev):   59.8643/0.00

sysbench 1.0.11 (using system LuaJIT 2.1.0-beta3)

Running the test with following options:
Number of threads: 1
Initializing random number generator from current time


Extra file open flags: 0
128 files, 800KiB each
100MiB total file size
Block size 16KiB
Number of IO requests: 0
Read/Write ratio for combined random IO test: 1.50
Periodic FSYNC enabled, calling fsync() each 100 requests.
Calling fsync() at the end of test, Enabled.
Using synchronous I/O mode
Doing random r/w test
Initializing worker threads...

Threads started!


File operations:
    reads/s:                      60.99
    writes/s:                     40.66
    fsyncs/s:                     128.30

Throughput:
    read, MiB/s:                  0.95
    written, MiB/s:               0.64

General statistics:
    total time:                          60.0055s
    total number of events:              13799

Latency (ms):
         min:                                  0.00
         avg:                                  4.34
         max:                                386.01
         95th percentile:                     15.00
         sum:                              59871.72

Threads fairness:
    events (avg/stddev):           13799.0000/0.00
    execution time (avg/stddev):   59.8717/0.00

sysbench 1.0.11 (using system LuaJIT 2.1.0-beta3)

Running the test with following options:
Number of threads: 1
Initializing random number generator from current time


Extra file open flags: 0
128 files, 800KiB each
100MiB total file size
Block size 16KiB
Number of IO requests: 0
Read/Write ratio for combined random IO test: 1.50
Periodic FSYNC enabled, calling fsync() each 100 requests.
Calling fsync() at the end of test, Enabled.
Using synchronous I/O mode
Doing random r/w test
Initializing worker threads...

Threads started!


File operations:
    reads/s:                      58.99
    writes/s:                     39.33
    fsyncs/s:                     124.34

Throughput:
    read, MiB/s:                  0.92
    written, MiB/s:               0.61

General statistics:
    total time:                          60.0024s
    total number of events:              13362

Latency (ms):
         min:                                  0.00
         avg:                                  4.48
         max:                                346.95
         95th percentile:                     15.27
         sum:                              59920.97

Threads fairness:
    events (avg/stddev):           13362.0000/0.00
    execution time (avg/stddev):   59.9210/0.00

sysbench 1.0.11 (using system LuaJIT 2.1.0-beta3)

Running the test with following options:
Number of threads: 1
Initializing random number generator from current time


Extra file open flags: 0
128 files, 800KiB each
100MiB total file size
Block size 16KiB
Number of IO requests: 0
Read/Write ratio for combined random IO test: 1.50
Periodic FSYNC enabled, calling fsync() each 100 requests.
Calling fsync() at the end of test, Enabled.
Using synchronous I/O mode
Doing random r/w test
Initializing worker threads...

Threads started!


File operations:
    reads/s:                      62.98
    writes/s:                     41.99
    fsyncs/s:                     132.33

Throughput:
    read, MiB/s:                  0.98
    written, MiB/s:               0.66

General statistics:
    total time:                          60.0084s
    total number of events:              14242

Latency (ms):
         min:                                  0.00
         avg:                                  4.21
         max:                                241.82
         95th percentile:                     15.27
         sum:                              59930.11

Threads fairness:
    events (avg/stddev):           14242.0000/0.00
    execution time (avg/stddev):   59.9301/0.00

sysbench 1.0.11 (using system LuaJIT 2.1.0-beta3)

Running the test with following options:
Number of threads: 1
Initializing random number generator from current time


Extra file open flags: 0
128 files, 800KiB each
100MiB total file size
Block size 16KiB
Number of IO requests: 0
Read/Write ratio for combined random IO test: 1.50
Periodic FSYNC enabled, calling fsync() each 100 requests.
Calling fsync() at the end of test, Enabled.
Using synchronous I/O mode
Doing random r/w test
Initializing worker threads...

Threads started!


File operations:
    reads/s:                      59.99
    writes/s:                     39.99
    fsyncs/s:                     127.69

Throughput:
    read, MiB/s:                  0.94
    written, MiB/s:               0.62

General statistics:
    total time:                          60.0005s
    total number of events:              13663

Latency (ms):
         min:                                  0.00
         avg:                                  4.38
         max:                                639.50
         95th percentile:                     15.55
         sum:                              59810.04

Threads fairness:
    events (avg/stddev):           13663.0000/0.00
    execution time (avg/stddev):   59.8100/0.00

sysbench 1.0.11 (using system LuaJIT 2.1.0-beta3)

Running the test with following options:
Number of threads: 1
Initializing random number generator from current time


Extra file open flags: 0
128 files, 800KiB each
100MiB total file size
Block size 16KiB
Number of IO requests: 0
Read/Write ratio for combined random IO test: 1.50
Periodic FSYNC enabled, calling fsync() each 100 requests.
Calling fsync() at the end of test, Enabled.
Using synchronous I/O mode
Doing random r/w test
Initializing worker threads...

Threads started!


File operations:
    reads/s:                      63.99
    writes/s:                     42.66
    fsyncs/s:                     135.01

Throughput:
    read, MiB/s:                  1.00
    written, MiB/s:               0.67

General statistics:
    total time:                          60.0056s
    total number of events:              14502

Latency (ms):
         min:                                  0.00
         avg:                                  4.13
         max:                                377.05
         95th percentile:                     14.21
         sum:                              59852.68

Threads fairness:
    events (avg/stddev):           14502.0000/0.00
    execution time (avg/stddev):   59.8527/0.00

sysbench 1.0.11 (using system LuaJIT 2.1.0-beta3)

Running the test with following options:
Number of threads: 1
Initializing random number generator from current time


Extra file open flags: 0
128 files, 800KiB each
100MiB total file size
Block size 16KiB
Number of IO requests: 0
Read/Write ratio for combined random IO test: 1.50
Periodic FSYNC enabled, calling fsync() each 100 requests.
Calling fsync() at the end of test, Enabled.
Using synchronous I/O mode
Doing random r/w test
Initializing worker threads...

Threads started!


File operations:
    reads/s:                      62.99
    writes/s:                     41.99
    fsyncs/s:                     133.95

Throughput:
    read, MiB/s:                  0.98
    written, MiB/s:               0.66

General statistics:
    total time:                          60.0045s
    total number of events:              14338

Latency (ms):
         min:                                  0.00
         avg:                                  4.18
         max:                                339.76
         95th percentile:                     15.00
         sum:                              59920.96

Threads fairness:
    events (avg/stddev):           14338.0000/0.00
    execution time (avg/stddev):   59.9210/0.00

sysbench 1.0.11 (using system LuaJIT 2.1.0-beta3)

Running the test with following options:
Number of threads: 1
Initializing random number generator from current time


Extra file open flags: 0
128 files, 800KiB each
100MiB total file size
Block size 16KiB
Number of IO requests: 0
Read/Write ratio for combined random IO test: 1.50
Periodic FSYNC enabled, calling fsync() each 100 requests.
Calling fsync() at the end of test, Enabled.
Using synchronous I/O mode
Doing random r/w test
Initializing worker threads...

Threads started!


File operations:
    reads/s:                      61.99
    writes/s:                     41.33
    fsyncs/s:                     130.45

Throughput:
    read, MiB/s:                  0.97
    written, MiB/s:               0.65

General statistics:
    total time:                          60.0009s
    total number of events:              14028

Latency (ms):
         min:                                  0.00
         avg:                                  4.27
         max:                                693.46
         95th percentile:                     15.00
         sum:                              59873.38

Threads fairness:
    events (avg/stddev):           14028.0000/0.00
    execution time (avg/stddev):   59.8734/0.00

sysbench 1.0.11 (using system LuaJIT 2.1.0-beta3)

Running the test with following options:
Number of threads: 1
Initializing random number generator from current time


Extra file open flags: 0
128 files, 800KiB each
100MiB total file size
Block size 16KiB
Number of IO requests: 0
Read/Write ratio for combined random IO test: 1.50
Periodic FSYNC enabled, calling fsync() each 100 requests.
Calling fsync() at the end of test, Enabled.
Using synchronous I/O mode
Doing random r/w test
Initializing worker threads...

Threads started!


File operations:
    reads/s:                      60.99
    writes/s:                     40.66
    fsyncs/s:                     129.70

Throughput:
    read, MiB/s:                  0.95
    written, MiB/s:               0.64

General statistics:
    total time:                          60.0022s
    total number of events:              13883

Latency (ms):
         min:                                  0.00
         avg:                                  4.32
         max:                                363.95
         95th percentile:                     14.73
         sum:                              59913.86

Threads fairness:
    events (avg/stddev):           13883.0000/0.00
    execution time (avg/stddev):   59.9139/0.00

sysbench 1.0.11 (using system LuaJIT 2.1.0-beta3)

Running the test with following options:
Number of threads: 1
Initializing random number generator from current time


Extra file open flags: 0
128 files, 800KiB each
100MiB total file size
Block size 16KiB
Number of IO requests: 0
Read/Write ratio for combined random IO test: 1.50
Periodic FSYNC enabled, calling fsync() each 100 requests.
Calling fsync() at the end of test, Enabled.
Using synchronous I/O mode
Doing random r/w test
Initializing worker threads...

Threads started!


File operations:
    reads/s:                      61.99
    writes/s:                     41.33
    fsyncs/s:                     131.42

Throughput:
    read, MiB/s:                  0.97
    written, MiB/s:               0.65

General statistics:
    total time:                          60.0009s
    total number of events:              14086

Latency (ms):
         min:                                  0.00
         avg:                                  4.25
         max:                                632.38
         95th percentile:                     15.00
         sum:                              59907.83

Threads fairness:
    events (avg/stddev):           14086.0000/0.00
    execution time (avg/stddev):   59.9078/0.00

sysbench 1.0.11 (using system LuaJIT 2.1.0-beta3)

Running the test with following options:
Number of threads: 1
Initializing random number generator from current time


Extra file open flags: 0
128 files, 800KiB each
100MiB total file size
Block size 16KiB
Number of IO requests: 0
Read/Write ratio for combined random IO test: 1.50
Periodic FSYNC enabled, calling fsync() each 100 requests.
Calling fsync() at the end of test, Enabled.
Using synchronous I/O mode
Doing random r/w test
Initializing worker threads...

Threads started!


File operations:
    reads/s:                      64.99
    writes/s:                     43.33
    fsyncs/s:                     136.67

Throughput:
    read, MiB/s:                  1.02
    written, MiB/s:               0.68

General statistics:
    total time:                          60.0013s
    total number of events:              14701

Latency (ms):
         min:                                  0.00
         avg:                                  4.07
         max:                                271.06
         95th percentile:                     14.46
         sum:                              59865.80

Threads fairness:
    events (avg/stddev):           14701.0000/0.00
    execution time (avg/stddev):   59.8658/0.00

sysbench 1.0.11 (using system LuaJIT 2.1.0-beta3)

Running the test with following options:
Number of threads: 1
Initializing random number generator from current time


Extra file open flags: 0
128 files, 800KiB each
100MiB total file size
Block size 16KiB
Number of IO requests: 0
Read/Write ratio for combined random IO test: 1.50
Periodic FSYNC enabled, calling fsync() each 100 requests.
Calling fsync() at the end of test, Enabled.
Using synchronous I/O mode
Doing random r/w test
Initializing worker threads...

Threads started!


File operations:
    reads/s:                      61.96
    writes/s:                     41.31
    fsyncs/s:                     131.69

Throughput:
    read, MiB/s:                  0.97
    written, MiB/s:               0.65

General statistics:
    total time:                          60.0312s
    total number of events:              14106

Latency (ms):
         min:                                  0.00
         avg:                                  4.25
         max:                                440.13
         95th percentile:                     14.21
         sum:                              59918.55

Threads fairness:
    events (avg/stddev):           14106.0000/0.00
    execution time (avg/stddev):   59.9185/0.00

sysbench 1.0.11 (using system LuaJIT 2.1.0-beta3)

Running the test with following options:
Number of threads: 1
Initializing random number generator from current time


Extra file open flags: 0
128 files, 800KiB each
100MiB total file size
Block size 16KiB
Number of IO requests: 0
Read/Write ratio for combined random IO test: 1.50
Periodic FSYNC enabled, calling fsync() each 100 requests.
Calling fsync() at the end of test, Enabled.
Using synchronous I/O mode
Doing random r/w test
Initializing worker threads...

Threads started!


File operations:
    reads/s:                      61.99
    writes/s:                     41.32
    fsyncs/s:                     132.00

Throughput:
    read, MiB/s:                  0.97
    written, MiB/s:               0.65

General statistics:
    total time:                          60.0069s
    total number of events:              14122

Latency (ms):
         min:                                  0.00
         avg:                                  4.24
         max:                                589.64
         95th percentile:                     14.73
         sum:                              59854.04

Threads fairness:
    events (avg/stddev):           14122.0000/0.00
    execution time (avg/stddev):   59.8540/0.00

sysbench 1.0.11 (using system LuaJIT 2.1.0-beta3)

Running the test with following options:
Number of threads: 1
Initializing random number generator from current time


Extra file open flags: 0
128 files, 800KiB each
100MiB total file size
Block size 16KiB
Number of IO requests: 0
Read/Write ratio for combined random IO test: 1.50
Periodic FSYNC enabled, calling fsync() each 100 requests.
Calling fsync() at the end of test, Enabled.
Using synchronous I/O mode
Doing random r/w test
Initializing worker threads...

Threads started!


File operations:
    reads/s:                      62.00
    writes/s:                     41.33
    fsyncs/s:                     131.95

Throughput:
    read, MiB/s:                  0.97
    written, MiB/s:               0.65

General statistics:
    total time:                          60.0002s
    total number of events:              14117

Latency (ms):
         min:                                  0.00
         avg:                                  4.24
         max:                                537.39
         95th percentile:                     14.73
         sum:                              59849.73

Threads fairness:
    events (avg/stddev):           14117.0000/0.00
    execution time (avg/stddev):   59.8497/0.00

sysbench 1.0.11 (using system LuaJIT 2.1.0-beta3)

Running the test with following options:
Number of threads: 1
Initializing random number generator from current time


Extra file open flags: 0
128 files, 800KiB each
100MiB total file size
Block size 16KiB
Number of IO requests: 0
Read/Write ratio for combined random IO test: 1.50
Periodic FSYNC enabled, calling fsync() each 100 requests.
Calling fsync() at the end of test, Enabled.
Using synchronous I/O mode
Doing random r/w test
Initializing worker threads...

Threads started!


File operations:
    reads/s:                      61.98
    writes/s:                     41.32
    fsyncs/s:                     130.18

Throughput:
    read, MiB/s:                  0.97
    written, MiB/s:               0.65

General statistics:
    total time:                          60.0055s
    total number of events:              14013

Latency (ms):
         min:                                  0.00
         avg:                                  4.27
         max:                                419.92
         95th percentile:                     14.73
         sum:                              59885.44

Threads fairness:
    events (avg/stddev):           14013.0000/0.00
    execution time (avg/stddev):   59.8854/0.00

sysbench 1.0.11 (using system LuaJIT 2.1.0-beta3)

Running the test with following options:
Number of threads: 1
Initializing random number generator from current time


Extra file open flags: 0
128 files, 800KiB each
100MiB total file size
Block size 16KiB
Number of IO requests: 0
Read/Write ratio for combined random IO test: 1.50
Periodic FSYNC enabled, calling fsync() each 100 requests.
Calling fsync() at the end of test, Enabled.
Using synchronous I/O mode
Doing random r/w test
Initializing worker threads...

Threads started!


File operations:
    reads/s:                      62.00
    writes/s:                     41.33
    fsyncs/s:                     131.22

Throughput:
    read, MiB/s:                  0.97
    written, MiB/s:               0.65

General statistics:
    total time:                          60.0024s
    total number of events:              14074

Latency (ms):
         min:                                  0.00
         avg:                                  4.25
         max:                                463.40
         95th percentile:                     15.27
         sum:                              59873.08

Threads fairness:
    events (avg/stddev):           14074.0000/0.00
    execution time (avg/stddev):   59.8731/0.00

sysbench 1.0.11 (using system LuaJIT 2.1.0-beta3)

Running the test with following options:
Number of threads: 1
Initializing random number generator from current time


Extra file open flags: 0
128 files, 800KiB each
100MiB total file size
Block size 16KiB
Number of IO requests: 0
Read/Write ratio for combined random IO test: 1.50
Periodic FSYNC enabled, calling fsync() each 100 requests.
Calling fsync() at the end of test, Enabled.
Using synchronous I/O mode
Doing random r/w test
Initializing worker threads...

Threads started!


File operations:
    reads/s:                      63.98
    writes/s:                     42.65
    fsyncs/s:                     136.45

Throughput:
    read, MiB/s:                  1.00
    written, MiB/s:               0.67

General statistics:
    total time:                          60.0010s
    total number of events:              14590

Latency (ms):
         min:                                  0.00
         avg:                                  4.10
         max:                                429.30
         95th percentile:                     14.46
         sum:                              59862.39

Threads fairness:
    events (avg/stddev):           14590.0000/0.00
    execution time (avg/stddev):   59.8624/0.00

sysbench 1.0.11 (using system LuaJIT 2.1.0-beta3)

Running the test with following options:
Number of threads: 1
Initializing random number generator from current time


Extra file open flags: 0
128 files, 800KiB each
100MiB total file size
Block size 16KiB
Number of IO requests: 0
Read/Write ratio for combined random IO test: 1.50
Periodic FSYNC enabled, calling fsync() each 100 requests.
Calling fsync() at the end of test, Enabled.
Using synchronous I/O mode
Doing random r/w test
Initializing worker threads...

Threads started!


File operations:
    reads/s:                      61.98
    writes/s:                     41.32
    fsyncs/s:                     131.71

Throughput:
    read, MiB/s:                  0.97
    written, MiB/s:               0.65

General statistics:
    total time:                          60.0140s
    total number of events:              14105

Latency (ms):
         min:                                  0.00
         avg:                                  4.25
         max:                                335.32
         95th percentile:                     14.46
         sum:                              59895.72

Threads fairness:
    events (avg/stddev):           14105.0000/0.00
    execution time (avg/stddev):   59.8957/0.00

sysbench 1.0.11 (using system LuaJIT 2.1.0-beta3)

Running the test with following options:
Number of threads: 1
Initializing random number generator from current time


Extra file open flags: 0
128 files, 800KiB each
100MiB total file size
Block size 16KiB
Number of IO requests: 0
Read/Write ratio for combined random IO test: 1.50
Periodic FSYNC enabled, calling fsync() each 100 requests.
Calling fsync() at the end of test, Enabled.
Using synchronous I/O mode
Doing random r/w test
Initializing worker threads...

Threads started!


File operations:
    reads/s:                      63.99
    writes/s:                     42.66
    fsyncs/s:                     135.47

Throughput:
    read, MiB/s:                  1.00
    written, MiB/s:               0.67

General statistics:
    total time:                          60.0004s
    total number of events:              14529

Latency (ms):
         min:                                  0.00
         avg:                                  4.12
         max:                                375.82
         95th percentile:                     14.46
         sum:                              59844.74

Threads fairness:
    events (avg/stddev):           14529.0000/0.00
    execution time (avg/stddev):   59.8447/0.00

sysbench 1.0.11 (using system LuaJIT 2.1.0-beta3)

Running the test with following options:
Number of threads: 1
Initializing random number generator from current time


Extra file open flags: 0
128 files, 800KiB each
100MiB total file size
Block size 16KiB
Number of IO requests: 0
Read/Write ratio for combined random IO test: 1.50
Periodic FSYNC enabled, calling fsync() each 100 requests.
Calling fsync() at the end of test, Enabled.
Using synchronous I/O mode
Doing random r/w test
Initializing worker threads...

Threads started!


File operations:
    reads/s:                      59.98
    writes/s:                     39.98
    fsyncs/s:                     127.88

Throughput:
    read, MiB/s:                  0.94
    written, MiB/s:               0.62

General statistics:
    total time:                          60.0145s
    total number of events:              13676

Latency (ms):
         min:                                  0.00
         avg:                                  4.38
         max:                                351.84
         95th percentile:                     14.73
         sum:                              59872.44

Threads fairness:
    events (avg/stddev):           13676.0000/0.00
    execution time (avg/stddev):   59.8724/0.00

sysbench 1.0.11 (using system LuaJIT 2.1.0-beta3)

Running the test with following options:
Number of threads: 1
Initializing random number generator from current time


Extra file open flags: 0
128 files, 800KiB each
100MiB total file size
Block size 16KiB
Number of IO requests: 0
Read/Write ratio for combined random IO test: 1.50
Periodic FSYNC enabled, calling fsync() each 100 requests.
Calling fsync() at the end of test, Enabled.
Using synchronous I/O mode
Doing random r/w test
Initializing worker threads...

Threads started!


File operations:
    reads/s:                      59.99
    writes/s:                     40.00
    fsyncs/s:                     126.64

Throughput:
    read, MiB/s:                  0.94
    written, MiB/s:               0.62

General statistics:
    total time:                          60.0015s
    total number of events:              13599

Latency (ms):
         min:                                  0.00
         avg:                                  4.40
         max:                                353.21
         95th percentile:                     14.46
         sum:                              59893.01

Threads fairness:
    events (avg/stddev):           13599.0000/0.00
    execution time (avg/stddev):   59.8930/0.00

sysbench 1.0.11 (using system LuaJIT 2.1.0-beta3)

Running the test with following options:
Number of threads: 1
Initializing random number generator from current time


Extra file open flags: 0
128 files, 800KiB each
100MiB total file size
Block size 16KiB
Number of IO requests: 0
Read/Write ratio for combined random IO test: 1.50
Periodic FSYNC enabled, calling fsync() each 100 requests.
Calling fsync() at the end of test, Enabled.
Using synchronous I/O mode
Doing random r/w test
Initializing worker threads...

Threads started!


File operations:
    reads/s:                      59.99
    writes/s:                     39.99
    fsyncs/s:                     127.87

Throughput:
    read, MiB/s:                  0.94
    written, MiB/s:               0.62

General statistics:
    total time:                          60.0008s
    total number of events:              13673

Latency (ms):
         min:                                  0.00
         avg:                                  4.38
         max:                                411.42
         95th percentile:                     15.27
         sum:                              59908.14

Threads fairness:
    events (avg/stddev):           13673.0000/0.00
    execution time (avg/stddev):   59.9081/0.00

sysbench 1.0.11 (using system LuaJIT 2.1.0-beta3)

Running the test with following options:
Number of threads: 1
Initializing random number generator from current time


Extra file open flags: 0
128 files, 800KiB each
100MiB total file size
Block size 16KiB
Number of IO requests: 0
Read/Write ratio for combined random IO test: 1.50
Periodic FSYNC enabled, calling fsync() each 100 requests.
Calling fsync() at the end of test, Enabled.
Using synchronous I/O mode
Doing random r/w test
Initializing worker threads...

Threads started!


File operations:
    reads/s:                      64.00
    writes/s:                     42.66
    fsyncs/s:                     134.83

Throughput:
    read, MiB/s:                  1.00
    written, MiB/s:               0.67

General statistics:
    total time:                          60.0003s
    total number of events:              14490

Latency (ms):
         min:                                  0.00
         avg:                                  4.13
         max:                                452.43
         95th percentile:                     14.73
         sum:                              59885.86

Threads fairness:
    events (avg/stddev):           14490.0000/0.00
    execution time (avg/stddev):   59.8859/0.00

sysbench 1.0.11 (using system LuaJIT 2.1.0-beta3)

Running the test with following options:
Number of threads: 1
Initializing random number generator from current time


Extra file open flags: 0
128 files, 800KiB each
100MiB total file size
Block size 16KiB
Number of IO requests: 0
Read/Write ratio for combined random IO test: 1.50
Periodic FSYNC enabled, calling fsync() each 100 requests.
Calling fsync() at the end of test, Enabled.
Using synchronous I/O mode
Doing random r/w test
Initializing worker threads...

Threads started!


File operations:
    reads/s:                      59.95
    writes/s:                     39.97
    fsyncs/s:                     127.20

Throughput:
    read, MiB/s:                  0.94
    written, MiB/s:               0.62

General statistics:
    total time:                          60.0386s
    total number of events:              13638

Latency (ms):
         min:                                  0.00
         avg:                                  4.39
         max:                                404.32
         95th percentile:                     14.73
         sum:                              59898.31

Threads fairness:
    events (avg/stddev):           13638.0000/0.00
    execution time (avg/stddev):   59.8983/0.00

sysbench 1.0.11 (using system LuaJIT 2.1.0-beta3)

Running the test with following options:
Number of threads: 1
Initializing random number generator from current time


Extra file open flags: 0
128 files, 800KiB each
100MiB total file size
Block size 16KiB
Number of IO requests: 0
Read/Write ratio for combined random IO test: 1.50
Periodic FSYNC enabled, calling fsync() each 100 requests.
Calling fsync() at the end of test, Enabled.
Using synchronous I/O mode
Doing random r/w test
Initializing worker threads...

Threads started!


File operations:
    reads/s:                      63.00
    writes/s:                     42.00
    fsyncs/s:                     132.93

Throughput:
    read, MiB/s:                  0.98
    written, MiB/s:               0.66

General statistics:
    total time:                          60.0014s
    total number of events:              14276

Latency (ms):
         min:                                  0.00
         avg:                                  4.19
         max:                                320.87
         95th percentile:                     14.73
         sum:                              59862.39

Threads fairness:
    events (avg/stddev):           14276.0000/0.00
    execution time (avg/stddev):   59.8624/0.00

sysbench 1.0.11 (using system LuaJIT 2.1.0-beta3)

Running the test with following options:
Number of threads: 1
Initializing random number generator from current time


Extra file open flags: 0
128 files, 800KiB each
100MiB total file size
Block size 16KiB
Number of IO requests: 0
Read/Write ratio for combined random IO test: 1.50
Periodic FSYNC enabled, calling fsync() each 100 requests.
Calling fsync() at the end of test, Enabled.
Using synchronous I/O mode
Doing random r/w test
Initializing worker threads...

Threads started!


File operations:
    reads/s:                      62.99
    writes/s:                     41.99
    fsyncs/s:                     134.11

Throughput:
    read, MiB/s:                  0.98
    written, MiB/s:               0.66

General statistics:
    total time:                          60.0051s
    total number of events:              14348

Latency (ms):
         min:                                  0.00
         avg:                                  4.18
         max:                                344.79
         95th percentile:                     14.73
         sum:                              59919.49

Threads fairness:
    events (avg/stddev):           14348.0000/0.00
    execution time (avg/stddev):   59.9195/0.00

sysbench 1.0.11 (using system LuaJIT 2.1.0-beta3)

Running the test with following options:
Number of threads: 1
Initializing random number generator from current time


Extra file open flags: 0
128 files, 800KiB each
100MiB total file size
Block size 16KiB
Number of IO requests: 0
Read/Write ratio for combined random IO test: 1.50
Periodic FSYNC enabled, calling fsync() each 100 requests.
Calling fsync() at the end of test, Enabled.
Using synchronous I/O mode
Doing random r/w test
Initializing worker threads...

Threads started!


File operations:
    reads/s:                      61.99
    writes/s:                     41.33
    fsyncs/s:                     131.28

Throughput:
    read, MiB/s:                  0.97
    written, MiB/s:               0.65

General statistics:
    total time:                          60.0004s
    total number of events:              14078

Latency (ms):
         min:                                  0.00
         avg:                                  4.25
         max:                                431.51
         95th percentile:                     14.73
         sum:                              59873.06

Threads fairness:
    events (avg/stddev):           14078.0000/0.00
    execution time (avg/stddev):   59.8731/0.00

