sysbench 1.0.11 (using system LuaJIT 2.1.0-beta3)

Running the test with following options:
Number of threads: 1
Initializing random number generator from current time


Extra file open flags: 0
128 files, 800KiB each
100MiB total file size
Block size 16KiB
Number of IO requests: 0
Read/Write ratio for combined random IO test: 1.50
Periodic FSYNC enabled, calling fsync() each 100 requests.
Calling fsync() at the end of test, Enabled.
Using synchronous I/O mode
Doing random r/w test
Initializing worker threads...

Threads started!


File operations:
    reads/s:                      72.99
    writes/s:                     48.66
    fsyncs/s:                     153.90

Throughput:
    read, MiB/s:                  1.14
    written, MiB/s:               0.76

General statistics:
    total time:                          60.0007s
    total number of events:              16535

Latency (ms):
         min:                                  0.00
         avg:                                  3.62
         max:                                299.33
         95th percentile:                     12.98
         sum:                              59888.93

Threads fairness:
    events (avg/stddev):           16535.0000/0.00
    execution time (avg/stddev):   59.8889/0.00

sysbench 1.0.11 (using system LuaJIT 2.1.0-beta3)

Running the test with following options:
Number of threads: 1
Initializing random number generator from current time


Extra file open flags: 0
128 files, 800KiB each
100MiB total file size
Block size 16KiB
Number of IO requests: 0
Read/Write ratio for combined random IO test: 1.50
Periodic FSYNC enabled, calling fsync() each 100 requests.
Calling fsync() at the end of test, Enabled.
Using synchronous I/O mode
Doing random r/w test
Initializing worker threads...

Threads started!


File operations:
    reads/s:                      81.00
    writes/s:                     54.00
    fsyncs/s:                     171.33

Throughput:
    read, MiB/s:                  1.27
    written, MiB/s:               0.84

General statistics:
    total time:                          60.0007s
    total number of events:              18380

Latency (ms):
         min:                                  0.00
         avg:                                  3.26
         max:                                330.15
         95th percentile:                     12.98
         sum:                              59902.50

Threads fairness:
    events (avg/stddev):           18380.0000/0.00
    execution time (avg/stddev):   59.9025/0.00

sysbench 1.0.11 (using system LuaJIT 2.1.0-beta3)

Running the test with following options:
Number of threads: 1
Initializing random number generator from current time


Extra file open flags: 0
128 files, 800KiB each
100MiB total file size
Block size 16KiB
Number of IO requests: 0
Read/Write ratio for combined random IO test: 1.50
Periodic FSYNC enabled, calling fsync() each 100 requests.
Calling fsync() at the end of test, Enabled.
Using synchronous I/O mode
Doing random r/w test
Initializing worker threads...

Threads started!


File operations:
    reads/s:                      83.99
    writes/s:                     56.00
    fsyncs/s:                     177.71

Throughput:
    read, MiB/s:                  1.31
    written, MiB/s:               0.87

General statistics:
    total time:                          60.0020s
    total number of events:              19063

Latency (ms):
         min:                                  0.00
         avg:                                  3.14
         max:                                490.66
         95th percentile:                     12.98
         sum:                              59919.52

Threads fairness:
    events (avg/stddev):           19063.0000/0.00
    execution time (avg/stddev):   59.9195/0.00

sysbench 1.0.11 (using system LuaJIT 2.1.0-beta3)

Running the test with following options:
Number of threads: 1
Initializing random number generator from current time


Extra file open flags: 0
128 files, 800KiB each
100MiB total file size
Block size 16KiB
Number of IO requests: 0
Read/Write ratio for combined random IO test: 1.50
Periodic FSYNC enabled, calling fsync() each 100 requests.
Calling fsync() at the end of test, Enabled.
Using synchronous I/O mode
Doing random r/w test
Initializing worker threads...

Threads started!


File operations:
    reads/s:                      83.99
    writes/s:                     55.99
    fsyncs/s:                     178.96

Throughput:
    read, MiB/s:                  1.31
    written, MiB/s:               0.87

General statistics:
    total time:                          60.0047s
    total number of events:              19139

Latency (ms):
         min:                                  0.00
         avg:                                  3.13
         max:                                220.05
         95th percentile:                     12.75
         sum:                              59893.03

Threads fairness:
    events (avg/stddev):           19139.0000/0.00
    execution time (avg/stddev):   59.8930/0.00

sysbench 1.0.11 (using system LuaJIT 2.1.0-beta3)

Running the test with following options:
Number of threads: 1
Initializing random number generator from current time


Extra file open flags: 0
128 files, 800KiB each
100MiB total file size
Block size 16KiB
Number of IO requests: 0
Read/Write ratio for combined random IO test: 1.50
Periodic FSYNC enabled, calling fsync() each 100 requests.
Calling fsync() at the end of test, Enabled.
Using synchronous I/O mode
Doing random r/w test
Initializing worker threads...

Threads started!


File operations:
    reads/s:                      82.98
    writes/s:                     55.32
    fsyncs/s:                     176.96

Throughput:
    read, MiB/s:                  1.30
    written, MiB/s:               0.86

General statistics:
    total time:                          60.0007s
    total number of events:              18920

Latency (ms):
         min:                                  0.00
         avg:                                  3.17
         max:                                364.68
         95th percentile:                     12.75
         sum:                              59894.25

Threads fairness:
    events (avg/stddev):           18920.0000/0.00
    execution time (avg/stddev):   59.8942/0.00

sysbench 1.0.11 (using system LuaJIT 2.1.0-beta3)

Running the test with following options:
Number of threads: 1
Initializing random number generator from current time


Extra file open flags: 0
128 files, 800KiB each
100MiB total file size
Block size 16KiB
Number of IO requests: 0
Read/Write ratio for combined random IO test: 1.50
Periodic FSYNC enabled, calling fsync() each 100 requests.
Calling fsync() at the end of test, Enabled.
Using synchronous I/O mode
Doing random r/w test
Initializing worker threads...

Threads started!


File operations:
    reads/s:                      82.26
    writes/s:                     54.85
    fsyncs/s:                     174.93

Throughput:
    read, MiB/s:                  1.29
    written, MiB/s:               0.86

General statistics:
    total time:                          60.0007s
    total number of events:              18723

Latency (ms):
         min:                                  0.00
         avg:                                  3.20
         max:                                332.23
         95th percentile:                     13.22
         sum:                              59901.55

Threads fairness:
    events (avg/stddev):           18723.0000/0.00
    execution time (avg/stddev):   59.9016/0.00

sysbench 1.0.11 (using system LuaJIT 2.1.0-beta3)

Running the test with following options:
Number of threads: 1
Initializing random number generator from current time


Extra file open flags: 0
128 files, 800KiB each
100MiB total file size
Block size 16KiB
Number of IO requests: 0
Read/Write ratio for combined random IO test: 1.50
Periodic FSYNC enabled, calling fsync() each 100 requests.
Calling fsync() at the end of test, Enabled.
Using synchronous I/O mode
Doing random r/w test
Initializing worker threads...

Threads started!


File operations:
    reads/s:                      82.99
    writes/s:                     55.32
    fsyncs/s:                     175.64

Throughput:
    read, MiB/s:                  1.30
    written, MiB/s:               0.86

General statistics:
    total time:                          60.0028s
    total number of events:              18840

Latency (ms):
         min:                                  0.00
         avg:                                  3.18
         max:                                475.02
         95th percentile:                     12.98
         sum:                              59900.51

Threads fairness:
    events (avg/stddev):           18840.0000/0.00
    execution time (avg/stddev):   59.9005/0.00

sysbench 1.0.11 (using system LuaJIT 2.1.0-beta3)

Running the test with following options:
Number of threads: 1
Initializing random number generator from current time


Extra file open flags: 0
128 files, 800KiB each
100MiB total file size
Block size 16KiB
Number of IO requests: 0
Read/Write ratio for combined random IO test: 1.50
Periodic FSYNC enabled, calling fsync() each 100 requests.
Calling fsync() at the end of test, Enabled.
Using synchronous I/O mode
Doing random r/w test
Initializing worker threads...

Threads started!


File operations:
    reads/s:                      83.99
    writes/s:                     55.99
    fsyncs/s:                     178.51

Throughput:
    read, MiB/s:                  1.31
    written, MiB/s:               0.87

General statistics:
    total time:                          60.0014s
    total number of events:              19112

Latency (ms):
         min:                                  0.00
         avg:                                  3.13
         max:                                210.07
         95th percentile:                     12.75
         sum:                              59884.07

Threads fairness:
    events (avg/stddev):           19112.0000/0.00
    execution time (avg/stddev):   59.8841/0.00

sysbench 1.0.11 (using system LuaJIT 2.1.0-beta3)

Running the test with following options:
Number of threads: 1
Initializing random number generator from current time


Extra file open flags: 0
128 files, 800KiB each
100MiB total file size
Block size 16KiB
Number of IO requests: 0
Read/Write ratio for combined random IO test: 1.50
Periodic FSYNC enabled, calling fsync() each 100 requests.
Calling fsync() at the end of test, Enabled.
Using synchronous I/O mode
Doing random r/w test
Initializing worker threads...

Threads started!


File operations:
    reads/s:                      82.00
    writes/s:                     54.66
    fsyncs/s:                     173.83

Throughput:
    read, MiB/s:                  1.28
    written, MiB/s:               0.85

General statistics:
    total time:                          60.0006s
    total number of events:              18630

Latency (ms):
         min:                                  0.00
         avg:                                  3.21
         max:                                372.92
         95th percentile:                     12.98
         sum:                              59891.83

Threads fairness:
    events (avg/stddev):           18630.0000/0.00
    execution time (avg/stddev):   59.8918/0.00

sysbench 1.0.11 (using system LuaJIT 2.1.0-beta3)

Running the test with following options:
Number of threads: 1
Initializing random number generator from current time


Extra file open flags: 0
128 files, 800KiB each
100MiB total file size
Block size 16KiB
Number of IO requests: 0
Read/Write ratio for combined random IO test: 1.50
Periodic FSYNC enabled, calling fsync() each 100 requests.
Calling fsync() at the end of test, Enabled.
Using synchronous I/O mode
Doing random r/w test
Initializing worker threads...

Threads started!


File operations:
    reads/s:                      82.00
    writes/s:                     54.66
    fsyncs/s:                     174.12

Throughput:
    read, MiB/s:                  1.28
    written, MiB/s:               0.85

General statistics:
    total time:                          60.0008s
    total number of events:              18648

Latency (ms):
         min:                                  0.00
         avg:                                  3.21
         max:                                468.25
         95th percentile:                     12.75
         sum:                              59913.79

Threads fairness:
    events (avg/stddev):           18648.0000/0.00
    execution time (avg/stddev):   59.9138/0.00

sysbench 1.0.11 (using system LuaJIT 2.1.0-beta3)

Running the test with following options:
Number of threads: 1
Initializing random number generator from current time


Extra file open flags: 0
128 files, 800KiB each
100MiB total file size
Block size 16KiB
Number of IO requests: 0
Read/Write ratio for combined random IO test: 1.50
Periodic FSYNC enabled, calling fsync() each 100 requests.
Calling fsync() at the end of test, Enabled.
Using synchronous I/O mode
Doing random r/w test
Initializing worker threads...

Threads started!


File operations:
    reads/s:                      83.99
    writes/s:                     55.99
    fsyncs/s:                     178.67

Throughput:
    read, MiB/s:                  1.31
    written, MiB/s:               0.87

General statistics:
    total time:                          60.0022s
    total number of events:              19122

Latency (ms):
         min:                                  0.00
         avg:                                  3.13
         max:                                404.01
         95th percentile:                     12.75
         sum:                              59865.60

Threads fairness:
    events (avg/stddev):           19122.0000/0.00
    execution time (avg/stddev):   59.8656/0.00

sysbench 1.0.11 (using system LuaJIT 2.1.0-beta3)

Running the test with following options:
Number of threads: 1
Initializing random number generator from current time


Extra file open flags: 0
128 files, 800KiB each
100MiB total file size
Block size 16KiB
Number of IO requests: 0
Read/Write ratio for combined random IO test: 1.50
Periodic FSYNC enabled, calling fsync() each 100 requests.
Calling fsync() at the end of test, Enabled.
Using synchronous I/O mode
Doing random r/w test
Initializing worker threads...

Threads started!


File operations:
    reads/s:                      82.99
    writes/s:                     55.33
    fsyncs/s:                     176.78

Throughput:
    read, MiB/s:                  1.30
    written, MiB/s:               0.86

General statistics:
    total time:                          60.0014s
    total number of events:              18908

Latency (ms):
         min:                                  0.00
         avg:                                  3.17
         max:                                551.12
         95th percentile:                     12.52
         sum:                              59915.39

Threads fairness:
    events (avg/stddev):           18908.0000/0.00
    execution time (avg/stddev):   59.9154/0.00

sysbench 1.0.11 (using system LuaJIT 2.1.0-beta3)

Running the test with following options:
Number of threads: 1
Initializing random number generator from current time


Extra file open flags: 0
128 files, 800KiB each
100MiB total file size
Block size 16KiB
Number of IO requests: 0
Read/Write ratio for combined random IO test: 1.50
Periodic FSYNC enabled, calling fsync() each 100 requests.
Calling fsync() at the end of test, Enabled.
Using synchronous I/O mode
Doing random r/w test
Initializing worker threads...

Threads started!


File operations:
    reads/s:                      82.99
    writes/s:                     55.33
    fsyncs/s:                     175.79

Throughput:
    read, MiB/s:                  1.30
    written, MiB/s:               0.86

General statistics:
    total time:                          60.0011s
    total number of events:              18848

Latency (ms):
         min:                                  0.00
         avg:                                  3.18
         max:                                257.18
         95th percentile:                     12.75
         sum:                              59893.46

Threads fairness:
    events (avg/stddev):           18848.0000/0.00
    execution time (avg/stddev):   59.8935/0.00

sysbench 1.0.11 (using system LuaJIT 2.1.0-beta3)

Running the test with following options:
Number of threads: 1
Initializing random number generator from current time


Extra file open flags: 0
128 files, 800KiB each
100MiB total file size
Block size 16KiB
Number of IO requests: 0
Read/Write ratio for combined random IO test: 1.50
Periodic FSYNC enabled, calling fsync() each 100 requests.
Calling fsync() at the end of test, Enabled.
Using synchronous I/O mode
Doing random r/w test
Initializing worker threads...

Threads started!


File operations:
    reads/s:                      78.98
    writes/s:                     52.66
    fsyncs/s:                     166.42

Throughput:
    read, MiB/s:                  1.23
    written, MiB/s:               0.82

General statistics:
    total time:                          60.0075s
    total number of events:              17887

Latency (ms):
         min:                                  0.00
         avg:                                  3.35
         max:                                411.38
         95th percentile:                     13.22
         sum:                              59916.69

Threads fairness:
    events (avg/stddev):           17887.0000/0.00
    execution time (avg/stddev):   59.9167/0.00

sysbench 1.0.11 (using system LuaJIT 2.1.0-beta3)

Running the test with following options:
Number of threads: 1
Initializing random number generator from current time


Extra file open flags: 0
128 files, 800KiB each
100MiB total file size
Block size 16KiB
Number of IO requests: 0
Read/Write ratio for combined random IO test: 1.50
Periodic FSYNC enabled, calling fsync() each 100 requests.
Calling fsync() at the end of test, Enabled.
Using synchronous I/O mode
Doing random r/w test
Initializing worker threads...

Threads started!


File operations:
    reads/s:                      83.99
    writes/s:                     56.00
    fsyncs/s:                     178.84

Throughput:
    read, MiB/s:                  1.31
    written, MiB/s:               0.87

General statistics:
    total time:                          60.0008s
    total number of events:              19131

Latency (ms):
         min:                                  0.00
         avg:                                  3.13
         max:                                568.28
         95th percentile:                     12.75
         sum:                              59873.02

Threads fairness:
    events (avg/stddev):           19131.0000/0.00
    execution time (avg/stddev):   59.8730/0.00

sysbench 1.0.11 (using system LuaJIT 2.1.0-beta3)

Running the test with following options:
Number of threads: 1
Initializing random number generator from current time


Extra file open flags: 0
128 files, 800KiB each
100MiB total file size
Block size 16KiB
Number of IO requests: 0
Read/Write ratio for combined random IO test: 1.50
Periodic FSYNC enabled, calling fsync() each 100 requests.
Calling fsync() at the end of test, Enabled.
Using synchronous I/O mode
Doing random r/w test
Initializing worker threads...

Threads started!


File operations:
    reads/s:                      83.98
    writes/s:                     55.99
    fsyncs/s:                     179.11

Throughput:
    read, MiB/s:                  1.31
    written, MiB/s:               0.87

General statistics:
    total time:                          60.0081s
    total number of events:              19149

Latency (ms):
         min:                                  0.00
         avg:                                  3.13
         max:                                290.01
         95th percentile:                     12.75
         sum:                              59884.52

Threads fairness:
    events (avg/stddev):           19149.0000/0.00
    execution time (avg/stddev):   59.8845/0.00

sysbench 1.0.11 (using system LuaJIT 2.1.0-beta3)

Running the test with following options:
Number of threads: 1
Initializing random number generator from current time


Extra file open flags: 0
128 files, 800KiB each
100MiB total file size
Block size 16KiB
Number of IO requests: 0
Read/Write ratio for combined random IO test: 1.50
Periodic FSYNC enabled, calling fsync() each 100 requests.
Calling fsync() at the end of test, Enabled.
Using synchronous I/O mode
Doing random r/w test
Initializing worker threads...

Threads started!


File operations:
    reads/s:                      81.99
    writes/s:                     54.66
    fsyncs/s:                     173.01

Throughput:
    read, MiB/s:                  1.28
    written, MiB/s:               0.85

General statistics:
    total time:                          60.0008s
    total number of events:              18582

Latency (ms):
         min:                                  0.00
         avg:                                  3.22
         max:                                423.56
         95th percentile:                     12.98
         sum:                              59887.52

Threads fairness:
    events (avg/stddev):           18582.0000/0.00
    execution time (avg/stddev):   59.8875/0.00

sysbench 1.0.11 (using system LuaJIT 2.1.0-beta3)

Running the test with following options:
Number of threads: 1
Initializing random number generator from current time


Extra file open flags: 0
128 files, 800KiB each
100MiB total file size
Block size 16KiB
Number of IO requests: 0
Read/Write ratio for combined random IO test: 1.50
Periodic FSYNC enabled, calling fsync() each 100 requests.
Calling fsync() at the end of test, Enabled.
Using synchronous I/O mode
Doing random r/w test
Initializing worker threads...

Threads started!


File operations:
    reads/s:                      81.99
    writes/s:                     54.66
    fsyncs/s:                     174.67

Throughput:
    read, MiB/s:                  1.28
    written, MiB/s:               0.85

General statistics:
    total time:                          60.0016s
    total number of events:              18681

Latency (ms):
         min:                                  0.00
         avg:                                  3.21
         max:                                318.80
         95th percentile:                     12.75
         sum:                              59884.34

Threads fairness:
    events (avg/stddev):           18681.0000/0.00
    execution time (avg/stddev):   59.8843/0.00

sysbench 1.0.11 (using system LuaJIT 2.1.0-beta3)

Running the test with following options:
Number of threads: 1
Initializing random number generator from current time


Extra file open flags: 0
128 files, 800KiB each
100MiB total file size
Block size 16KiB
Number of IO requests: 0
Read/Write ratio for combined random IO test: 1.50
Periodic FSYNC enabled, calling fsync() each 100 requests.
Calling fsync() at the end of test, Enabled.
Using synchronous I/O mode
Doing random r/w test
Initializing worker threads...

Threads started!


File operations:
    reads/s:                      82.99
    writes/s:                     55.33
    fsyncs/s:                     174.93

Throughput:
    read, MiB/s:                  1.30
    written, MiB/s:               0.86

General statistics:
    total time:                          60.0043s
    total number of events:              18797

Latency (ms):
         min:                                  0.00
         avg:                                  3.18
         max:                                241.05
         95th percentile:                     12.98
         sum:                              59851.13

Threads fairness:
    events (avg/stddev):           18797.0000/0.00
    execution time (avg/stddev):   59.8511/0.00

sysbench 1.0.11 (using system LuaJIT 2.1.0-beta3)

Running the test with following options:
Number of threads: 1
Initializing random number generator from current time


Extra file open flags: 0
128 files, 800KiB each
100MiB total file size
Block size 16KiB
Number of IO requests: 0
Read/Write ratio for combined random IO test: 1.50
Periodic FSYNC enabled, calling fsync() each 100 requests.
Calling fsync() at the end of test, Enabled.
Using synchronous I/O mode
Doing random r/w test
Initializing worker threads...

Threads started!


File operations:
    reads/s:                      81.99
    writes/s:                     54.66
    fsyncs/s:                     172.82

Throughput:
    read, MiB/s:                  1.28
    written, MiB/s:               0.85

General statistics:
    total time:                          60.0026s
    total number of events:              18570

Latency (ms):
         min:                                  0.00
         avg:                                  3.23
         max:                                484.98
         95th percentile:                     12.98
         sum:                              59888.64

Threads fairness:
    events (avg/stddev):           18570.0000/0.00
    execution time (avg/stddev):   59.8886/0.00

sysbench 1.0.11 (using system LuaJIT 2.1.0-beta3)

Running the test with following options:
Number of threads: 1
Initializing random number generator from current time


Extra file open flags: 0
128 files, 800KiB each
100MiB total file size
Block size 16KiB
Number of IO requests: 0
Read/Write ratio for combined random IO test: 1.50
Periodic FSYNC enabled, calling fsync() each 100 requests.
Calling fsync() at the end of test, Enabled.
Using synchronous I/O mode
Doing random r/w test
Initializing worker threads...

Threads started!


File operations:
    reads/s:                      82.99
    writes/s:                     55.33
    fsyncs/s:                     175.75

Throughput:
    read, MiB/s:                  1.30
    written, MiB/s:               0.86

General statistics:
    total time:                          60.0005s
    total number of events:              18846

Latency (ms):
         min:                                  0.00
         avg:                                  3.18
         max:                                244.58
         95th percentile:                     12.98
         sum:                              59865.24

Threads fairness:
    events (avg/stddev):           18846.0000/0.00
    execution time (avg/stddev):   59.8652/0.00

sysbench 1.0.11 (using system LuaJIT 2.1.0-beta3)

Running the test with following options:
Number of threads: 1
Initializing random number generator from current time


Extra file open flags: 0
128 files, 800KiB each
100MiB total file size
Block size 16KiB
Number of IO requests: 0
Read/Write ratio for combined random IO test: 1.50
Periodic FSYNC enabled, calling fsync() each 100 requests.
Calling fsync() at the end of test, Enabled.
Using synchronous I/O mode
Doing random r/w test
Initializing worker threads...

Threads started!


File operations:
    reads/s:                      82.98
    writes/s:                     55.32
    fsyncs/s:                     176.97

Throughput:
    read, MiB/s:                  1.30
    written, MiB/s:               0.86

General statistics:
    total time:                          60.0049s
    total number of events:              18920

Latency (ms):
         min:                                  0.00
         avg:                                  3.17
         max:                                270.62
         95th percentile:                     12.75
         sum:                              59909.73

Threads fairness:
    events (avg/stddev):           18920.0000/0.00
    execution time (avg/stddev):   59.9097/0.00

sysbench 1.0.11 (using system LuaJIT 2.1.0-beta3)

Running the test with following options:
Number of threads: 1
Initializing random number generator from current time


Extra file open flags: 0
128 files, 800KiB each
100MiB total file size
Block size 16KiB
Number of IO requests: 0
Read/Write ratio for combined random IO test: 1.50
Periodic FSYNC enabled, calling fsync() each 100 requests.
Calling fsync() at the end of test, Enabled.
Using synchronous I/O mode
Doing random r/w test
Initializing worker threads...

Threads started!


File operations:
    reads/s:                      83.96
    writes/s:                     55.98
    fsyncs/s:                     177.46

Throughput:
    read, MiB/s:                  1.31
    written, MiB/s:               0.87

General statistics:
    total time:                          60.0220s
    total number of events:              19052

Latency (ms):
         min:                                  0.00
         avg:                                  3.15
         max:                                353.73
         95th percentile:                     12.75
         sum:                              59931.90

Threads fairness:
    events (avg/stddev):           19052.0000/0.00
    execution time (avg/stddev):   59.9319/0.00

sysbench 1.0.11 (using system LuaJIT 2.1.0-beta3)

Running the test with following options:
Number of threads: 1
Initializing random number generator from current time


Extra file open flags: 0
128 files, 800KiB each
100MiB total file size
Block size 16KiB
Number of IO requests: 0
Read/Write ratio for combined random IO test: 1.50
Periodic FSYNC enabled, calling fsync() each 100 requests.
Calling fsync() at the end of test, Enabled.
Using synchronous I/O mode
Doing random r/w test
Initializing worker threads...

Threads started!


File operations:
    reads/s:                      80.99
    writes/s:                     53.99
    fsyncs/s:                     172.16

Throughput:
    read, MiB/s:                  1.27
    written, MiB/s:               0.84

General statistics:
    total time:                          60.0017s
    total number of events:              18431

Latency (ms):
         min:                                  0.00
         avg:                                  3.25
         max:                                264.72
         95th percentile:                     12.75
         sum:                              59904.32

Threads fairness:
    events (avg/stddev):           18431.0000/0.00
    execution time (avg/stddev):   59.9043/0.00

sysbench 1.0.11 (using system LuaJIT 2.1.0-beta3)

Running the test with following options:
Number of threads: 1
Initializing random number generator from current time


Extra file open flags: 0
128 files, 800KiB each
100MiB total file size
Block size 16KiB
Number of IO requests: 0
Read/Write ratio for combined random IO test: 1.50
Periodic FSYNC enabled, calling fsync() each 100 requests.
Calling fsync() at the end of test, Enabled.
Using synchronous I/O mode
Doing random r/w test
Initializing worker threads...

Threads started!


File operations:
    reads/s:                      83.99
    writes/s:                     56.00
    fsyncs/s:                     178.16

Throughput:
    read, MiB/s:                  1.31
    written, MiB/s:               0.87

General statistics:
    total time:                          60.0012s
    total number of events:              19090

Latency (ms):
         min:                                  0.00
         avg:                                  3.14
         max:                                257.29
         95th percentile:                     12.30
         sum:                              59883.72

Threads fairness:
    events (avg/stddev):           19090.0000/0.00
    execution time (avg/stddev):   59.8837/0.00

sysbench 1.0.11 (using system LuaJIT 2.1.0-beta3)

Running the test with following options:
Number of threads: 1
Initializing random number generator from current time


Extra file open flags: 0
128 files, 800KiB each
100MiB total file size
Block size 16KiB
Number of IO requests: 0
Read/Write ratio for combined random IO test: 1.50
Periodic FSYNC enabled, calling fsync() each 100 requests.
Calling fsync() at the end of test, Enabled.
Using synchronous I/O mode
Doing random r/w test
Initializing worker threads...

Threads started!


File operations:
    reads/s:                      81.99
    writes/s:                     54.66
    fsyncs/s:                     173.94

Throughput:
    read, MiB/s:                  1.28
    written, MiB/s:               0.85

General statistics:
    total time:                          60.0009s
    total number of events:              18638

Latency (ms):
         min:                                  0.00
         avg:                                  3.21
         max:                                237.92
         95th percentile:                     12.98
         sum:                              59900.22

Threads fairness:
    events (avg/stddev):           18638.0000/0.00
    execution time (avg/stddev):   59.9002/0.00

sysbench 1.0.11 (using system LuaJIT 2.1.0-beta3)

Running the test with following options:
Number of threads: 1
Initializing random number generator from current time


Extra file open flags: 0
128 files, 800KiB each
100MiB total file size
Block size 16KiB
Number of IO requests: 0
Read/Write ratio for combined random IO test: 1.50
Periodic FSYNC enabled, calling fsync() each 100 requests.
Calling fsync() at the end of test, Enabled.
Using synchronous I/O mode
Doing random r/w test
Initializing worker threads...

Threads started!


File operations:
    reads/s:                      84.00
    writes/s:                     56.00
    fsyncs/s:                     177.46

Throughput:
    read, MiB/s:                  1.31
    written, MiB/s:               0.87

General statistics:
    total time:                          60.0008s
    total number of events:              19048

Latency (ms):
         min:                                  0.00
         avg:                                  3.14
         max:                                476.13
         95th percentile:                     12.52
         sum:                              59869.71

Threads fairness:
    events (avg/stddev):           19048.0000/0.00
    execution time (avg/stddev):   59.8697/0.00

sysbench 1.0.11 (using system LuaJIT 2.1.0-beta3)

Running the test with following options:
Number of threads: 1
Initializing random number generator from current time


Extra file open flags: 0
128 files, 800KiB each
100MiB total file size
Block size 16KiB
Number of IO requests: 0
Read/Write ratio for combined random IO test: 1.50
Periodic FSYNC enabled, calling fsync() each 100 requests.
Calling fsync() at the end of test, Enabled.
Using synchronous I/O mode
Doing random r/w test
Initializing worker threads...

Threads started!


File operations:
    reads/s:                      80.99
    writes/s:                     54.00
    fsyncs/s:                     171.30

Throughput:
    read, MiB/s:                  1.27
    written, MiB/s:               0.84

General statistics:
    total time:                          60.0009s
    total number of events:              18379

Latency (ms):
         min:                                  0.00
         avg:                                  3.26
         max:                                474.11
         95th percentile:                     12.98
         sum:                              59881.61

Threads fairness:
    events (avg/stddev):           18379.0000/0.00
    execution time (avg/stddev):   59.8816/0.00

sysbench 1.0.11 (using system LuaJIT 2.1.0-beta3)

Running the test with following options:
Number of threads: 1
Initializing random number generator from current time


Extra file open flags: 0
128 files, 800KiB each
100MiB total file size
Block size 16KiB
Number of IO requests: 0
Read/Write ratio for combined random IO test: 1.50
Periodic FSYNC enabled, calling fsync() each 100 requests.
Calling fsync() at the end of test, Enabled.
Using synchronous I/O mode
Doing random r/w test
Initializing worker threads...

Threads started!


File operations:
    reads/s:                      81.00
    writes/s:                     54.00
    fsyncs/s:                     172.52

Throughput:
    read, MiB/s:                  1.27
    written, MiB/s:               0.84

General statistics:
    total time:                          60.0006s
    total number of events:              18452

Latency (ms):
         min:                                  0.00
         avg:                                  3.25
         max:                                577.39
         95th percentile:                     12.52
         sum:                              59904.15

Threads fairness:
    events (avg/stddev):           18452.0000/0.00
    execution time (avg/stddev):   59.9042/0.00

sysbench 1.0.11 (using system LuaJIT 2.1.0-beta3)

Running the test with following options:
Number of threads: 1
Initializing random number generator from current time


Extra file open flags: 0
128 files, 800KiB each
100MiB total file size
Block size 16KiB
Number of IO requests: 0
Read/Write ratio for combined random IO test: 1.50
Periodic FSYNC enabled, calling fsync() each 100 requests.
Calling fsync() at the end of test, Enabled.
Using synchronous I/O mode
Doing random r/w test
Initializing worker threads...

Threads started!


File operations:
    reads/s:                      79.99
    writes/s:                     53.33
    fsyncs/s:                     169.73

Throughput:
    read, MiB/s:                  1.25
    written, MiB/s:               0.83

General statistics:
    total time:                          60.0012s
    total number of events:              18185

Latency (ms):
         min:                                  0.00
         avg:                                  3.29
         max:                                211.12
         95th percentile:                     13.22
         sum:                              59874.35

Threads fairness:
    events (avg/stddev):           18185.0000/0.00
    execution time (avg/stddev):   59.8743/0.00

