sysbench 1.0.11 (using system LuaJIT 2.1.0-beta3)

Running the test with following options:
Number of threads: 1
Initializing random number generator from current time


Extra file open flags: 0
128 files, 16MiB each
2GiB total file size
Block size 16KiB
Number of IO requests: 0
Read/Write ratio for combined random IO test: 1.50
Periodic FSYNC enabled, calling fsync() each 100 requests.
Calling fsync() at the end of test, Enabled.
Using synchronous I/O mode
Doing random r/w test
Initializing worker threads...

Threads started!


File operations:
    reads/s:                      68.99
    writes/s:                     45.99
    fsyncs/s:                     145.78

Throughput:
    read, MiB/s:                  1.08
    written, MiB/s:               0.72

General statistics:
    total time:                          60.0012s
    total number of events:              15648

Latency (ms):
         min:                                  0.00
         avg:                                  3.83
         max:                                182.08
         95th percentile:                     24.38
         sum:                              59943.68

Threads fairness:
    events (avg/stddev):           15648.0000/0.00
    execution time (avg/stddev):   59.9437/0.00

sysbench 1.0.11 (using system LuaJIT 2.1.0-beta3)

Running the test with following options:
Number of threads: 1
Initializing random number generator from current time


Extra file open flags: 0
128 files, 16MiB each
2GiB total file size
Block size 16KiB
Number of IO requests: 0
Read/Write ratio for combined random IO test: 1.50
Periodic FSYNC enabled, calling fsync() each 100 requests.
Calling fsync() at the end of test, Enabled.
Using synchronous I/O mode
Doing random r/w test
Initializing worker threads...

Threads started!


File operations:
    reads/s:                      65.99
    writes/s:                     43.99
    fsyncs/s:                     140.23

Throughput:
    read, MiB/s:                  1.03
    written, MiB/s:               0.69

General statistics:
    total time:                          60.0060s
    total number of events:              15015

Latency (ms):
         min:                                  0.01
         avg:                                  3.99
         max:                                162.72
         95th percentile:                     24.83
         sum:                              59949.51

Threads fairness:
    events (avg/stddev):           15015.0000/0.00
    execution time (avg/stddev):   59.9495/0.00

sysbench 1.0.11 (using system LuaJIT 2.1.0-beta3)

Running the test with following options:
Number of threads: 1
Initializing random number generator from current time


Extra file open flags: 0
128 files, 16MiB each
2GiB total file size
Block size 16KiB
Number of IO requests: 0
Read/Write ratio for combined random IO test: 1.50
Periodic FSYNC enabled, calling fsync() each 100 requests.
Calling fsync() at the end of test, Enabled.
Using synchronous I/O mode
Doing random r/w test
Initializing worker threads...

Threads started!


File operations:
    reads/s:                      66.00
    writes/s:                     44.00
    fsyncs/s:                     139.96

Throughput:
    read, MiB/s:                  1.03
    written, MiB/s:               0.69

General statistics:
    total time:                          60.0007s
    total number of events:              14998

Latency (ms):
         min:                                  0.00
         avg:                                  4.00
         max:                                311.86
         95th percentile:                     24.38
         sum:                              59941.47

Threads fairness:
    events (avg/stddev):           14998.0000/0.00
    execution time (avg/stddev):   59.9415/0.00

sysbench 1.0.11 (using system LuaJIT 2.1.0-beta3)

Running the test with following options:
Number of threads: 1
Initializing random number generator from current time


Extra file open flags: 0
128 files, 16MiB each
2GiB total file size
Block size 16KiB
Number of IO requests: 0
Read/Write ratio for combined random IO test: 1.50
Periodic FSYNC enabled, calling fsync() each 100 requests.
Calling fsync() at the end of test, Enabled.
Using synchronous I/O mode
Doing random r/w test
Initializing worker threads...

Threads started!


File operations:
    reads/s:                      68.00
    writes/s:                     45.33
    fsyncs/s:                     144.29

Throughput:
    read, MiB/s:                  1.06
    written, MiB/s:               0.71

General statistics:
    total time:                          60.0009s
    total number of events:              15458

Latency (ms):
         min:                                  0.00
         avg:                                  3.88
         max:                                176.36
         95th percentile:                     24.83
         sum:                              59941.67

Threads fairness:
    events (avg/stddev):           15458.0000/0.00
    execution time (avg/stddev):   59.9417/0.00

sysbench 1.0.11 (using system LuaJIT 2.1.0-beta3)

Running the test with following options:
Number of threads: 1
Initializing random number generator from current time


Extra file open flags: 0
128 files, 16MiB each
2GiB total file size
Block size 16KiB
Number of IO requests: 0
Read/Write ratio for combined random IO test: 1.50
Periodic FSYNC enabled, calling fsync() each 100 requests.
Calling fsync() at the end of test, Enabled.
Using synchronous I/O mode
Doing random r/w test
Initializing worker threads...

Threads started!


File operations:
    reads/s:                      66.97
    writes/s:                     44.65
    fsyncs/s:                     140.76

Throughput:
    read, MiB/s:                  1.05
    written, MiB/s:               0.70

General statistics:
    total time:                          60.0060s
    total number of events:              15149

Latency (ms):
         min:                                  0.00
         avg:                                  3.96
         max:                                173.27
         95th percentile:                     24.38
         sum:                              59947.91

Threads fairness:
    events (avg/stddev):           15149.0000/0.00
    execution time (avg/stddev):   59.9479/0.00

sysbench 1.0.11 (using system LuaJIT 2.1.0-beta3)

Running the test with following options:
Number of threads: 1
Initializing random number generator from current time


Extra file open flags: 0
128 files, 16MiB each
2GiB total file size
Block size 16KiB
Number of IO requests: 0
Read/Write ratio for combined random IO test: 1.50
Periodic FSYNC enabled, calling fsync() each 100 requests.
Calling fsync() at the end of test, Enabled.
Using synchronous I/O mode
Doing random r/w test
Initializing worker threads...

Threads started!


File operations:
    reads/s:                      65.04
    writes/s:                     43.36
    fsyncs/s:                     138.64

Throughput:
    read, MiB/s:                  1.02
    written, MiB/s:               0.68

General statistics:
    total time:                          60.0092s
    total number of events:              14825

Latency (ms):
         min:                                  0.01
         avg:                                  4.04
         max:                                199.59
         95th percentile:                     24.83
         sum:                              59952.53

Threads fairness:
    events (avg/stddev):           14825.0000/0.00
    execution time (avg/stddev):   59.9525/0.00

sysbench 1.0.11 (using system LuaJIT 2.1.0-beta3)

Running the test with following options:
Number of threads: 1
Initializing random number generator from current time


Extra file open flags: 0
128 files, 16MiB each
2GiB total file size
Block size 16KiB
Number of IO requests: 0
Read/Write ratio for combined random IO test: 1.50
Periodic FSYNC enabled, calling fsync() each 100 requests.
Calling fsync() at the end of test, Enabled.
Using synchronous I/O mode
Doing random r/w test
Initializing worker threads...

Threads started!


File operations:
    reads/s:                      61.86
    writes/s:                     41.24
    fsyncs/s:                     131.41

Throughput:
    read, MiB/s:                  0.97
    written, MiB/s:               0.64

General statistics:
    total time:                          60.1325s
    total number of events:              14103

Latency (ms):
         min:                                  0.00
         avg:                                  4.25
         max:                                203.57
         95th percentile:                     25.74
         sum:                              59958.10

Threads fairness:
    events (avg/stddev):           14103.0000/0.00
    execution time (avg/stddev):   59.9581/0.00

sysbench 1.0.11 (using system LuaJIT 2.1.0-beta3)

Running the test with following options:
Number of threads: 1
Initializing random number generator from current time


Extra file open flags: 0
128 files, 16MiB each
2GiB total file size
Block size 16KiB
Number of IO requests: 0
Read/Write ratio for combined random IO test: 1.50
Periodic FSYNC enabled, calling fsync() each 100 requests.
Calling fsync() at the end of test, Enabled.
Using synchronous I/O mode
Doing random r/w test
Initializing worker threads...

Threads started!


File operations:
    reads/s:                      61.85
    writes/s:                     41.24
    fsyncs/s:                     130.99

Throughput:
    read, MiB/s:                  0.97
    written, MiB/s:               0.64

General statistics:
    total time:                          60.1411s
    total number of events:              14078

Latency (ms):
         min:                                  0.00
         avg:                                  4.26
         max:                                212.49
         95th percentile:                     25.74
         sum:                              59943.07

Threads fairness:
    events (avg/stddev):           14078.0000/0.00
    execution time (avg/stddev):   59.9431/0.00

sysbench 1.0.11 (using system LuaJIT 2.1.0-beta3)

Running the test with following options:
Number of threads: 1
Initializing random number generator from current time


Extra file open flags: 0
128 files, 16MiB each
2GiB total file size
Block size 16KiB
Number of IO requests: 0
Read/Write ratio for combined random IO test: 1.50
Periodic FSYNC enabled, calling fsync() each 100 requests.
Calling fsync() at the end of test, Enabled.
Using synchronous I/O mode
Doing random r/w test
Initializing worker threads...

Threads started!


File operations:
    reads/s:                      64.92
    writes/s:                     43.28
    fsyncs/s:                     137.25

Throughput:
    read, MiB/s:                  1.01
    written, MiB/s:               0.68

General statistics:
    total time:                          60.0718s
    total number of events:              14745

Latency (ms):
         min:                                  0.00
         avg:                                  4.07
         max:                                186.84
         95th percentile:                     25.28
         sum:                              59940.36

Threads fairness:
    events (avg/stddev):           14745.0000/0.00
    execution time (avg/stddev):   59.9404/0.00

sysbench 1.0.11 (using system LuaJIT 2.1.0-beta3)

Running the test with following options:
Number of threads: 1
Initializing random number generator from current time


Extra file open flags: 0
128 files, 16MiB each
2GiB total file size
Block size 16KiB
Number of IO requests: 0
Read/Write ratio for combined random IO test: 1.50
Periodic FSYNC enabled, calling fsync() each 100 requests.
Calling fsync() at the end of test, Enabled.
Using synchronous I/O mode
Doing random r/w test
Initializing worker threads...

Threads started!


File operations:
    reads/s:                      63.96
    writes/s:                     42.64
    fsyncs/s:                     136.33

Throughput:
    read, MiB/s:                  1.00
    written, MiB/s:               0.67

General statistics:
    total time:                          60.0359s
    total number of events:              14585

Latency (ms):
         min:                                  0.01
         avg:                                  4.11
         max:                                170.14
         95th percentile:                     25.28
         sum:                              59945.12

Threads fairness:
    events (avg/stddev):           14585.0000/0.00
    execution time (avg/stddev):   59.9451/0.00

sysbench 1.0.11 (using system LuaJIT 2.1.0-beta3)

Running the test with following options:
Number of threads: 1
Initializing random number generator from current time


Extra file open flags: 0
128 files, 16MiB each
2GiB total file size
Block size 16KiB
Number of IO requests: 0
Read/Write ratio for combined random IO test: 1.50
Periodic FSYNC enabled, calling fsync() each 100 requests.
Calling fsync() at the end of test, Enabled.
Using synchronous I/O mode
Doing random r/w test
Initializing worker threads...

Threads started!


File operations:
    reads/s:                      65.94
    writes/s:                     43.96
    fsyncs/s:                     138.56

Throughput:
    read, MiB/s:                  1.03
    written, MiB/s:               0.69

General statistics:
    total time:                          60.0505s
    total number of events:              14921

Latency (ms):
         min:                                  0.00
         avg:                                  4.02
         max:                                149.28
         95th percentile:                     24.83
         sum:                              59952.71

Threads fairness:
    events (avg/stddev):           14921.0000/0.00
    execution time (avg/stddev):   59.9527/0.00

sysbench 1.0.11 (using system LuaJIT 2.1.0-beta3)

Running the test with following options:
Number of threads: 1
Initializing random number generator from current time


Extra file open flags: 0
128 files, 16MiB each
2GiB total file size
Block size 16KiB
Number of IO requests: 0
Read/Write ratio for combined random IO test: 1.50
Periodic FSYNC enabled, calling fsync() each 100 requests.
Calling fsync() at the end of test, Enabled.
Using synchronous I/O mode
Doing random r/w test
Initializing worker threads...

Threads started!


File operations:
    reads/s:                      64.95
    writes/s:                     43.30
    fsyncs/s:                     138.33

Throughput:
    read, MiB/s:                  1.01
    written, MiB/s:               0.68

General statistics:
    total time:                          60.0428s
    total number of events:              14806

Latency (ms):
         min:                                  0.00
         avg:                                  4.05
         max:                                163.73
         95th percentile:                     25.28
         sum:                              59943.18

Threads fairness:
    events (avg/stddev):           14806.0000/0.00
    execution time (avg/stddev):   59.9432/0.00

sysbench 1.0.11 (using system LuaJIT 2.1.0-beta3)

Running the test with following options:
Number of threads: 1
Initializing random number generator from current time


Extra file open flags: 0
128 files, 16MiB each
2GiB total file size
Block size 16KiB
Number of IO requests: 0
Read/Write ratio for combined random IO test: 1.50
Periodic FSYNC enabled, calling fsync() each 100 requests.
Calling fsync() at the end of test, Enabled.
Using synchronous I/O mode
Doing random r/w test
Initializing worker threads...

Threads started!


File operations:
    reads/s:                      65.86
    writes/s:                     43.91
    fsyncs/s:                     138.40

Throughput:
    read, MiB/s:                  1.03
    written, MiB/s:               0.69

General statistics:
    total time:                          60.1223s
    total number of events:              14921

Latency (ms):
         min:                                  0.01
         avg:                                  4.02
         max:                                235.22
         95th percentile:                     24.83
         sum:                              59949.66

Threads fairness:
    events (avg/stddev):           14921.0000/0.00
    execution time (avg/stddev):   59.9497/0.00

sysbench 1.0.11 (using system LuaJIT 2.1.0-beta3)

Running the test with following options:
Number of threads: 1
Initializing random number generator from current time


Extra file open flags: 0
128 files, 16MiB each
2GiB total file size
Block size 16KiB
Number of IO requests: 0
Read/Write ratio for combined random IO test: 1.50
Periodic FSYNC enabled, calling fsync() each 100 requests.
Calling fsync() at the end of test, Enabled.
Using synchronous I/O mode
Doing random r/w test
Initializing worker threads...

Threads started!


File operations:
    reads/s:                      63.96
    writes/s:                     42.64
    fsyncs/s:                     134.86

Throughput:
    read, MiB/s:                  1.00
    written, MiB/s:               0.67

General statistics:
    total time:                          60.0316s
    total number of events:              14496

Latency (ms):
         min:                                  0.00
         avg:                                  4.14
         max:                                271.59
         95th percentile:                     25.28
         sum:                              59943.27

Threads fairness:
    events (avg/stddev):           14496.0000/0.00
    execution time (avg/stddev):   59.9433/0.00

sysbench 1.0.11 (using system LuaJIT 2.1.0-beta3)

Running the test with following options:
Number of threads: 1
Initializing random number generator from current time


Extra file open flags: 0
128 files, 16MiB each
2GiB total file size
Block size 16KiB
Number of IO requests: 0
Read/Write ratio for combined random IO test: 1.50
Periodic FSYNC enabled, calling fsync() each 100 requests.
Calling fsync() at the end of test, Enabled.
Using synchronous I/O mode
Doing random r/w test
Initializing worker threads...

Threads started!


File operations:
    reads/s:                      63.88
    writes/s:                     42.59
    fsyncs/s:                     136.10

Throughput:
    read, MiB/s:                  1.00
    written, MiB/s:               0.67

General statistics:
    total time:                          60.1042s
    total number of events:              14581

Latency (ms):
         min:                                  0.00
         avg:                                  4.11
         max:                                167.79
         95th percentile:                     25.74
         sum:                              59952.94

Threads fairness:
    events (avg/stddev):           14581.0000/0.00
    execution time (avg/stddev):   59.9529/0.00

sysbench 1.0.11 (using system LuaJIT 2.1.0-beta3)

Running the test with following options:
Number of threads: 1
Initializing random number generator from current time


Extra file open flags: 0
128 files, 16MiB each
2GiB total file size
Block size 16KiB
Number of IO requests: 0
Read/Write ratio for combined random IO test: 1.50
Periodic FSYNC enabled, calling fsync() each 100 requests.
Calling fsync() at the end of test, Enabled.
Using synchronous I/O mode
Doing random r/w test
Initializing worker threads...

Threads started!


File operations:
    reads/s:                      63.86
    writes/s:                     42.57
    fsyncs/s:                     134.16

Throughput:
    read, MiB/s:                  1.00
    written, MiB/s:               0.67

General statistics:
    total time:                          60.1345s
    total number of events:              14468

Latency (ms):
         min:                                  0.00
         avg:                                  4.14
         max:                                171.08
         95th percentile:                     25.74
         sum:                              59962.60

Threads fairness:
    events (avg/stddev):           14468.0000/0.00
    execution time (avg/stddev):   59.9626/0.00

sysbench 1.0.11 (using system LuaJIT 2.1.0-beta3)

Running the test with following options:
Number of threads: 1
Initializing random number generator from current time


Extra file open flags: 0
128 files, 16MiB each
2GiB total file size
Block size 16KiB
Number of IO requests: 0
Read/Write ratio for combined random IO test: 1.50
Periodic FSYNC enabled, calling fsync() each 100 requests.
Calling fsync() at the end of test, Enabled.
Using synchronous I/O mode
Doing random r/w test
Initializing worker threads...

Threads started!


File operations:
    reads/s:                      61.85
    writes/s:                     41.23
    fsyncs/s:                     130.16

Throughput:
    read, MiB/s:                  0.97
    written, MiB/s:               0.64

General statistics:
    total time:                          60.1401s
    total number of events:              14029

Latency (ms):
         min:                                  0.00
         avg:                                  4.27
         max:                                147.17
         95th percentile:                     25.28
         sum:                              59940.03

Threads fairness:
    events (avg/stddev):           14029.0000/0.00
    execution time (avg/stddev):   59.9400/0.00

sysbench 1.0.11 (using system LuaJIT 2.1.0-beta3)

Running the test with following options:
Number of threads: 1
Initializing random number generator from current time


Extra file open flags: 0
128 files, 16MiB each
2GiB total file size
Block size 16KiB
Number of IO requests: 0
Read/Write ratio for combined random IO test: 1.50
Periodic FSYNC enabled, calling fsync() each 100 requests.
Calling fsync() at the end of test, Enabled.
Using synchronous I/O mode
Doing random r/w test
Initializing worker threads...

Threads started!


File operations:
    reads/s:                      64.95
    writes/s:                     43.30
    fsyncs/s:                     137.60

Throughput:
    read, MiB/s:                  1.01
    written, MiB/s:               0.68

General statistics:
    total time:                          60.0409s
    total number of events:              14762

Latency (ms):
         min:                                  0.00
         avg:                                  4.06
         max:                                227.17
         95th percentile:                     24.83
         sum:                              59931.94

Threads fairness:
    events (avg/stddev):           14762.0000/0.00
    execution time (avg/stddev):   59.9319/0.00

sysbench 1.0.11 (using system LuaJIT 2.1.0-beta3)

Running the test with following options:
Number of threads: 1
Initializing random number generator from current time


Extra file open flags: 0
128 files, 16MiB each
2GiB total file size
Block size 16KiB
Number of IO requests: 0
Read/Write ratio for combined random IO test: 1.50
Periodic FSYNC enabled, calling fsync() each 100 requests.
Calling fsync() at the end of test, Enabled.
Using synchronous I/O mode
Doing random r/w test
Initializing worker threads...

Threads started!


File operations:
    reads/s:                      64.94
    writes/s:                     43.29
    fsyncs/s:                     137.57

Throughput:
    read, MiB/s:                  1.01
    written, MiB/s:               0.68

General statistics:
    total time:                          60.0529s
    total number of events:              14762

Latency (ms):
         min:                                  0.01
         avg:                                  4.06
         max:                                286.36
         95th percentile:                     24.83
         sum:                              59939.50

Threads fairness:
    events (avg/stddev):           14762.0000/0.00
    execution time (avg/stddev):   59.9395/0.00

sysbench 1.0.11 (using system LuaJIT 2.1.0-beta3)

Running the test with following options:
Number of threads: 1
Initializing random number generator from current time


Extra file open flags: 0
128 files, 16MiB each
2GiB total file size
Block size 16KiB
Number of IO requests: 0
Read/Write ratio for combined random IO test: 1.50
Periodic FSYNC enabled, calling fsync() each 100 requests.
Calling fsync() at the end of test, Enabled.
Using synchronous I/O mode
Doing random r/w test
Initializing worker threads...

Threads started!


File operations:
    reads/s:                      68.89
    writes/s:                     45.93
    fsyncs/s:                     144.89

Throughput:
    read, MiB/s:                  1.08
    written, MiB/s:               0.72

General statistics:
    total time:                          60.0903s
    total number of events:              15607

Latency (ms):
         min:                                  0.00
         avg:                                  3.84
         max:                                222.24
         95th percentile:                     24.38
         sum:                              59971.30

Threads fairness:
    events (avg/stddev):           15607.0000/0.00
    execution time (avg/stddev):   59.9713/0.00

sysbench 1.0.11 (using system LuaJIT 2.1.0-beta3)

Running the test with following options:
Number of threads: 1
Initializing random number generator from current time


Extra file open flags: 0
128 files, 16MiB each
2GiB total file size
Block size 16KiB
Number of IO requests: 0
Read/Write ratio for combined random IO test: 1.50
Periodic FSYNC enabled, calling fsync() each 100 requests.
Calling fsync() at the end of test, Enabled.
Using synchronous I/O mode
Doing random r/w test
Initializing worker threads...

Threads started!


File operations:
    reads/s:                      65.91
    writes/s:                     43.94
    fsyncs/s:                     138.82

Throughput:
    read, MiB/s:                  1.03
    written, MiB/s:               0.69

General statistics:
    total time:                          60.0820s
    total number of events:              14941

Latency (ms):
         min:                                  0.00
         avg:                                  4.01
         max:                                262.00
         95th percentile:                     24.38
         sum:                              59940.71

Threads fairness:
    events (avg/stddev):           14941.0000/0.00
    execution time (avg/stddev):   59.9407/0.00

sysbench 1.0.11 (using system LuaJIT 2.1.0-beta3)

Running the test with following options:
Number of threads: 1
Initializing random number generator from current time


Extra file open flags: 0
128 files, 16MiB each
2GiB total file size
Block size 16KiB
Number of IO requests: 0
Read/Write ratio for combined random IO test: 1.50
Periodic FSYNC enabled, calling fsync() each 100 requests.
Calling fsync() at the end of test, Enabled.
Using synchronous I/O mode
Doing random r/w test
Initializing worker threads...

Threads started!


File operations:
    reads/s:                      64.80
    writes/s:                     43.20
    fsyncs/s:                     136.16

Throughput:
    read, MiB/s:                  1.01
    written, MiB/s:               0.67

General statistics:
    total time:                          60.1869s
    total number of events:              14695

Latency (ms):
         min:                                  0.01
         avg:                                  4.08
         max:                                155.59
         95th percentile:                     25.28
         sum:                              59977.02

Threads fairness:
    events (avg/stddev):           14695.0000/0.00
    execution time (avg/stddev):   59.9770/0.00

sysbench 1.0.11 (using system LuaJIT 2.1.0-beta3)

Running the test with following options:
Number of threads: 1
Initializing random number generator from current time


Extra file open flags: 0
128 files, 16MiB each
2GiB total file size
Block size 16KiB
Number of IO requests: 0
Read/Write ratio for combined random IO test: 1.50
Periodic FSYNC enabled, calling fsync() each 100 requests.
Calling fsync() at the end of test, Enabled.
Using synchronous I/O mode
Doing random r/w test
Initializing worker threads...

Threads started!


File operations:
    reads/s:                      68.75
    writes/s:                     45.83
    fsyncs/s:                     145.91

Throughput:
    read, MiB/s:                  1.07
    written, MiB/s:               0.72

General statistics:
    total time:                          60.2189s
    total number of events:              15687

Latency (ms):
         min:                                  0.00
         avg:                                  3.82
         max:                                150.57
         95th percentile:                     23.95
         sum:                              59941.82

Threads fairness:
    events (avg/stddev):           15687.0000/0.00
    execution time (avg/stddev):   59.9418/0.00

sysbench 1.0.11 (using system LuaJIT 2.1.0-beta3)

Running the test with following options:
Number of threads: 1
Initializing random number generator from current time


Extra file open flags: 0
128 files, 16MiB each
2GiB total file size
Block size 16KiB
Number of IO requests: 0
Read/Write ratio for combined random IO test: 1.50
Periodic FSYNC enabled, calling fsync() each 100 requests.
Calling fsync() at the end of test, Enabled.
Using synchronous I/O mode
Doing random r/w test
Initializing worker threads...

Threads started!


File operations:
    reads/s:                      65.97
    writes/s:                     43.98
    fsyncs/s:                     140.60

Throughput:
    read, MiB/s:                  1.03
    written, MiB/s:               0.69

General statistics:
    total time:                          60.0218s
    total number of events:              15039

Latency (ms):
         min:                                  0.01
         avg:                                  3.99
         max:                                203.78
         95th percentile:                     24.83
         sum:                              59938.32

Threads fairness:
    events (avg/stddev):           15039.0000/0.00
    execution time (avg/stddev):   59.9383/0.00

sysbench 1.0.11 (using system LuaJIT 2.1.0-beta3)

Running the test with following options:
Number of threads: 1
Initializing random number generator from current time


Extra file open flags: 0
128 files, 16MiB each
2GiB total file size
Block size 16KiB
Number of IO requests: 0
Read/Write ratio for combined random IO test: 1.50
Periodic FSYNC enabled, calling fsync() each 100 requests.
Calling fsync() at the end of test, Enabled.
Using synchronous I/O mode
Doing random r/w test
Initializing worker threads...

Threads started!


File operations:
    reads/s:                      64.91
    writes/s:                     43.27
    fsyncs/s:                     137.56

Throughput:
    read, MiB/s:                  1.01
    written, MiB/s:               0.68

General statistics:
    total time:                          60.0795s
    total number of events:              14765

Latency (ms):
         min:                                  0.01
         avg:                                  4.06
         max:                                205.96
         95th percentile:                     24.83
         sum:                              59942.30

Threads fairness:
    events (avg/stddev):           14765.0000/0.00
    execution time (avg/stddev):   59.9423/0.00

sysbench 1.0.11 (using system LuaJIT 2.1.0-beta3)

Running the test with following options:
Number of threads: 1
Initializing random number generator from current time


Extra file open flags: 0
128 files, 16MiB each
2GiB total file size
Block size 16KiB
Number of IO requests: 0
Read/Write ratio for combined random IO test: 1.50
Periodic FSYNC enabled, calling fsync() each 100 requests.
Calling fsync() at the end of test, Enabled.
Using synchronous I/O mode
Doing random r/w test
Initializing worker threads...

Threads started!


File operations:
    reads/s:                      65.92
    writes/s:                     43.95
    fsyncs/s:                     138.73

Throughput:
    read, MiB/s:                  1.03
    written, MiB/s:               0.69

General statistics:
    total time:                          60.0687s
    total number of events:              14934

Latency (ms):
         min:                                  0.00
         avg:                                  4.01
         max:                                253.64
         95th percentile:                     24.83
         sum:                              59949.06

Threads fairness:
    events (avg/stddev):           14934.0000/0.00
    execution time (avg/stddev):   59.9491/0.00

sysbench 1.0.11 (using system LuaJIT 2.1.0-beta3)

Running the test with following options:
Number of threads: 1
Initializing random number generator from current time


Extra file open flags: 0
128 files, 16MiB each
2GiB total file size
Block size 16KiB
Number of IO requests: 0
Read/Write ratio for combined random IO test: 1.50
Periodic FSYNC enabled, calling fsync() each 100 requests.
Calling fsync() at the end of test, Enabled.
Using synchronous I/O mode
Doing random r/w test
Initializing worker threads...

Threads started!


File operations:
    reads/s:                      63.98
    writes/s:                     42.66
    fsyncs/s:                     134.55

Throughput:
    read, MiB/s:                  1.00
    written, MiB/s:               0.67

General statistics:
    total time:                          60.0124s
    total number of events:              14475

Latency (ms):
         min:                                  0.00
         avg:                                  4.14
         max:                                173.55
         95th percentile:                     25.74
         sum:                              59936.01

Threads fairness:
    events (avg/stddev):           14475.0000/0.00
    execution time (avg/stddev):   59.9360/0.00

sysbench 1.0.11 (using system LuaJIT 2.1.0-beta3)

Running the test with following options:
Number of threads: 1
Initializing random number generator from current time


Extra file open flags: 0
128 files, 16MiB each
2GiB total file size
Block size 16KiB
Number of IO requests: 0
Read/Write ratio for combined random IO test: 1.50
Periodic FSYNC enabled, calling fsync() each 100 requests.
Calling fsync() at the end of test, Enabled.
Using synchronous I/O mode
Doing random r/w test
Initializing worker threads...

Threads started!


File operations:
    reads/s:                      71.82
    writes/s:                     47.88
    fsyncs/s:                     152.98

Throughput:
    read, MiB/s:                  1.12
    written, MiB/s:               0.75

General statistics:
    total time:                          60.1487s
    total number of events:              16402

Latency (ms):
         min:                                  0.00
         avg:                                  3.66
         max:                                234.89
         95th percentile:                     22.28
         sum:                              59964.78

Threads fairness:
    events (avg/stddev):           16402.0000/0.00
    execution time (avg/stddev):   59.9648/0.00

sysbench 1.0.11 (using system LuaJIT 2.1.0-beta3)

Running the test with following options:
Number of threads: 1
Initializing random number generator from current time


Extra file open flags: 0
128 files, 16MiB each
2GiB total file size
Block size 16KiB
Number of IO requests: 0
Read/Write ratio for combined random IO test: 1.50
Periodic FSYNC enabled, calling fsync() each 100 requests.
Calling fsync() at the end of test, Enabled.
Using synchronous I/O mode
Doing random r/w test
Initializing worker threads...

Threads started!


File operations:
    reads/s:                      65.42
    writes/s:                     43.62
    fsyncs/s:                     138.51

Throughput:
    read, MiB/s:                  1.02
    written, MiB/s:               0.68

General statistics:
    total time:                          60.0652s
    total number of events:              14870

Latency (ms):
         min:                                  0.01
         avg:                                  4.03
         max:                                178.71
         95th percentile:                     25.74
         sum:                              59963.19

Threads fairness:
    events (avg/stddev):           14870.0000/0.00
    execution time (avg/stddev):   59.9632/0.00

sysbench 1.0.11 (using system LuaJIT 2.1.0-beta3)

Running the test with following options:
Number of threads: 1
Initializing random number generator from current time


Extra file open flags: 0
128 files, 16MiB each
2GiB total file size
Block size 16KiB
Number of IO requests: 0
Read/Write ratio for combined random IO test: 1.50
Periodic FSYNC enabled, calling fsync() each 100 requests.
Calling fsync() at the end of test, Enabled.
Using synchronous I/O mode
Doing random r/w test
Initializing worker threads...

Threads started!


File operations:
    reads/s:                      64.90
    writes/s:                     43.26
    fsyncs/s:                     137.58

Throughput:
    read, MiB/s:                  1.01
    written, MiB/s:               0.68

General statistics:
    total time:                          60.0935s
    total number of events:              14768

Latency (ms):
         min:                                  0.00
         avg:                                  4.06
         max:                                214.75
         95th percentile:                     24.83
         sum:                              59963.51

Threads fairness:
    events (avg/stddev):           14768.0000/0.00
    execution time (avg/stddev):   59.9635/0.00

