sysbench 1.0.11 (using system LuaJIT 2.1.0-beta3)

Running the test with following options:
Number of threads: 1
Initializing random number generator from current time


Extra file open flags: 0
128 files, 16MiB each
2GiB total file size
Block size 16KiB
Number of IO requests: 0
Read/Write ratio for combined random IO test: 1.50
Periodic FSYNC enabled, calling fsync() each 100 requests.
Calling fsync() at the end of test, Enabled.
Using synchronous I/O mode
Doing random r/w test
Initializing worker threads...

Threads started!


File operations:
    reads/s:                      54.96
    writes/s:                     36.64
    fsyncs/s:                     116.29

Throughput:
    read, MiB/s:                  0.86
    written, MiB/s:               0.57

General statistics:
    total time:                          60.0382s
    total number of events:              12482

Latency (ms):
         min:                                  0.00
         avg:                                  4.81
         max:                                316.81
         95th percentile:                     26.68
         sum:                              59991.34

Threads fairness:
    events (avg/stddev):           12482.0000/0.00
    execution time (avg/stddev):   59.9913/0.00

sysbench 1.0.11 (using system LuaJIT 2.1.0-beta3)

Running the test with following options:
Number of threads: 1
Initializing random number generator from current time


Extra file open flags: 0
128 files, 16MiB each
2GiB total file size
Block size 16KiB
Number of IO requests: 0
Read/Write ratio for combined random IO test: 1.50
Periodic FSYNC enabled, calling fsync() each 100 requests.
Calling fsync() at the end of test, Enabled.
Using synchronous I/O mode
Doing random r/w test
Initializing worker threads...

Threads started!


File operations:
    reads/s:                      45.22
    writes/s:                     30.14
    fsyncs/s:                     95.96

Throughput:
    read, MiB/s:                  0.71
    written, MiB/s:               0.47

General statistics:
    total time:                          60.0167s
    total number of events:              10283

Latency (ms):
         min:                                  0.00
         avg:                                  5.83
         max:                                269.98
         95th percentile:                     28.67
         sum:                              59979.01

Threads fairness:
    events (avg/stddev):           10283.0000/0.00
    execution time (avg/stddev):   59.9790/0.00

sysbench 1.0.11 (using system LuaJIT 2.1.0-beta3)

Running the test with following options:
Number of threads: 1
Initializing random number generator from current time


Extra file open flags: 0
128 files, 16MiB each
2GiB total file size
Block size 16KiB
Number of IO requests: 0
Read/Write ratio for combined random IO test: 1.50
Periodic FSYNC enabled, calling fsync() each 100 requests.
Calling fsync() at the end of test, Enabled.
Using synchronous I/O mode
Doing random r/w test
Initializing worker threads...

Threads started!


File operations:
    reads/s:                      47.98
    writes/s:                     31.99
    fsyncs/s:                     101.03

Throughput:
    read, MiB/s:                  0.75
    written, MiB/s:               0.50

General statistics:
    total time:                          60.0189s
    total number of events:              10864

Latency (ms):
         min:                                  0.01
         avg:                                  5.52
         max:                                261.27
         95th percentile:                     29.19
         sum:                              59976.75

Threads fairness:
    events (avg/stddev):           10864.0000/0.00
    execution time (avg/stddev):   59.9768/0.00

sysbench 1.0.11 (using system LuaJIT 2.1.0-beta3)

Running the test with following options:
Number of threads: 1
Initializing random number generator from current time


Extra file open flags: 0
128 files, 16MiB each
2GiB total file size
Block size 16KiB
Number of IO requests: 0
Read/Write ratio for combined random IO test: 1.50
Periodic FSYNC enabled, calling fsync() each 100 requests.
Calling fsync() at the end of test, Enabled.
Using synchronous I/O mode
Doing random r/w test
Initializing worker threads...

Threads started!


File operations:
    reads/s:                      44.99
    writes/s:                     30.00
    fsyncs/s:                     94.37

Throughput:
    read, MiB/s:                  0.70
    written, MiB/s:               0.47

General statistics:
    total time:                          60.0080s
    total number of events:              10163

Latency (ms):
         min:                                  0.01
         avg:                                  5.90
         max:                                281.22
         95th percentile:                     30.81
         sum:                              59968.53

Threads fairness:
    events (avg/stddev):           10163.0000/0.00
    execution time (avg/stddev):   59.9685/0.00

sysbench 1.0.11 (using system LuaJIT 2.1.0-beta3)

Running the test with following options:
Number of threads: 1
Initializing random number generator from current time


Extra file open flags: 0
128 files, 16MiB each
2GiB total file size
Block size 16KiB
Number of IO requests: 0
Read/Write ratio for combined random IO test: 1.50
Periodic FSYNC enabled, calling fsync() each 100 requests.
Calling fsync() at the end of test, Enabled.
Using synchronous I/O mode
Doing random r/w test
Initializing worker threads...

Threads started!


File operations:
    reads/s:                      48.98
    writes/s:                     32.65
    fsyncs/s:                     102.60

Throughput:
    read, MiB/s:                  0.77
    written, MiB/s:               0.51

General statistics:
    total time:                          60.0224s
    total number of events:              11059

Latency (ms):
         min:                                  0.01
         avg:                                  5.42
         max:                                264.59
         95th percentile:                     29.72
         sum:                              59982.34

Threads fairness:
    events (avg/stddev):           11059.0000/0.00
    execution time (avg/stddev):   59.9823/0.00

sysbench 1.0.11 (using system LuaJIT 2.1.0-beta3)

Running the test with following options:
Number of threads: 1
Initializing random number generator from current time


Extra file open flags: 0
128 files, 16MiB each
2GiB total file size
Block size 16KiB
Number of IO requests: 0
Read/Write ratio for combined random IO test: 1.50
Periodic FSYNC enabled, calling fsync() each 100 requests.
Calling fsync() at the end of test, Enabled.
Using synchronous I/O mode
Doing random r/w test
Initializing worker threads...

Threads started!


File operations:
    reads/s:                      44.98
    writes/s:                     29.99
    fsyncs/s:                     94.49

Throughput:
    read, MiB/s:                  0.70
    written, MiB/s:               0.47

General statistics:
    total time:                          60.0220s
    total number of events:              10172

Latency (ms):
         min:                                  0.00
         avg:                                  5.90
         max:                                349.29
         95th percentile:                     33.72
         sum:                              59982.25

Threads fairness:
    events (avg/stddev):           10172.0000/0.00
    execution time (avg/stddev):   59.9823/0.00

sysbench 1.0.11 (using system LuaJIT 2.1.0-beta3)

Running the test with following options:
Number of threads: 1
Initializing random number generator from current time


Extra file open flags: 0
128 files, 16MiB each
2GiB total file size
Block size 16KiB
Number of IO requests: 0
Read/Write ratio for combined random IO test: 1.50
Periodic FSYNC enabled, calling fsync() each 100 requests.
Calling fsync() at the end of test, Enabled.
Using synchronous I/O mode
Doing random r/w test
Initializing worker threads...

Threads started!


File operations:
    reads/s:                      45.93
    writes/s:                     30.62
    fsyncs/s:                     96.54

Throughput:
    read, MiB/s:                  0.72
    written, MiB/s:               0.48

General statistics:
    total time:                          60.0800s
    total number of events:              10401

Latency (ms):
         min:                                  0.00
         avg:                                  5.77
         max:                                388.04
         95th percentile:                     31.37
         sum:                              60040.34

Threads fairness:
    events (avg/stddev):           10401.0000/0.00
    execution time (avg/stddev):   60.0403/0.00

sysbench 1.0.11 (using system LuaJIT 2.1.0-beta3)

Running the test with following options:
Number of threads: 1
Initializing random number generator from current time


Extra file open flags: 0
128 files, 16MiB each
2GiB total file size
Block size 16KiB
Number of IO requests: 0
Read/Write ratio for combined random IO test: 1.50
Periodic FSYNC enabled, calling fsync() each 100 requests.
Calling fsync() at the end of test, Enabled.
Using synchronous I/O mode
Doing random r/w test
Initializing worker threads...

Threads started!


File operations:
    reads/s:                      52.93
    writes/s:                     35.29
    fsyncs/s:                     111.31

Throughput:
    read, MiB/s:                  0.83
    written, MiB/s:               0.55

General statistics:
    total time:                          60.0802s
    total number of events:              11988

Latency (ms):
         min:                                  0.00
         avg:                                  5.00
         max:                                365.59
         95th percentile:                     23.95
         sum:                              59991.79

Threads fairness:
    events (avg/stddev):           11988.0000/0.00
    execution time (avg/stddev):   59.9918/0.00

sysbench 1.0.11 (using system LuaJIT 2.1.0-beta3)

Running the test with following options:
Number of threads: 1
Initializing random number generator from current time


Extra file open flags: 0
128 files, 16MiB each
2GiB total file size
Block size 16KiB
Number of IO requests: 0
Read/Write ratio for combined random IO test: 1.50
Periodic FSYNC enabled, calling fsync() each 100 requests.
Calling fsync() at the end of test, Enabled.
Using synchronous I/O mode
Doing random r/w test
Initializing worker threads...

Threads started!


File operations:
    reads/s:                      46.58
    writes/s:                     31.05
    fsyncs/s:                     99.26

Throughput:
    read, MiB/s:                  0.73
    written, MiB/s:               0.49

General statistics:
    total time:                          60.6057s
    total number of events:              10721

Latency (ms):
         min:                                  0.00
         avg:                                  5.59
         max:                                278.09
         95th percentile:                     30.26
         sum:                              59978.37

Threads fairness:
    events (avg/stddev):           10721.0000/0.00
    execution time (avg/stddev):   59.9784/0.00

sysbench 1.0.11 (using system LuaJIT 2.1.0-beta3)

Running the test with following options:
Number of threads: 1
Initializing random number generator from current time


Extra file open flags: 0
128 files, 16MiB each
2GiB total file size
Block size 16KiB
Number of IO requests: 0
Read/Write ratio for combined random IO test: 1.50
Periodic FSYNC enabled, calling fsync() each 100 requests.
Calling fsync() at the end of test, Enabled.
Using synchronous I/O mode
Doing random r/w test
Initializing worker threads...

Threads started!


File operations:
    reads/s:                      47.07
    writes/s:                     31.38
    fsyncs/s:                     100.09

Throughput:
    read, MiB/s:                  0.74
    written, MiB/s:               0.49

General statistics:
    total time:                          60.0971s
    total number of events:              10731

Latency (ms):
         min:                                  0.00
         avg:                                  5.59
         max:                                271.05
         95th percentile:                     29.72
         sum:                              59971.01

Threads fairness:
    events (avg/stddev):           10731.0000/0.00
    execution time (avg/stddev):   59.9710/0.00

sysbench 1.0.11 (using system LuaJIT 2.1.0-beta3)

Running the test with following options:
Number of threads: 1
Initializing random number generator from current time


Extra file open flags: 0
128 files, 16MiB each
2GiB total file size
Block size 16KiB
Number of IO requests: 0
Read/Write ratio for combined random IO test: 1.50
Periodic FSYNC enabled, calling fsync() each 100 requests.
Calling fsync() at the end of test, Enabled.
Using synchronous I/O mode
Doing random r/w test
Initializing worker threads...

Threads started!


File operations:
    reads/s:                      45.87
    writes/s:                     30.58
    fsyncs/s:                     96.15

Throughput:
    read, MiB/s:                  0.72
    written, MiB/s:               0.48

General statistics:
    total time:                          60.1625s
    total number of events:              10385

Latency (ms):
         min:                                  0.00
         avg:                                  5.78
         max:                                355.95
         95th percentile:                     29.19
         sum:                              59997.19

Threads fairness:
    events (avg/stddev):           10385.0000/0.00
    execution time (avg/stddev):   59.9972/0.00

sysbench 1.0.11 (using system LuaJIT 2.1.0-beta3)

Running the test with following options:
Number of threads: 1
Initializing random number generator from current time


Extra file open flags: 0
128 files, 16MiB each
2GiB total file size
Block size 16KiB
Number of IO requests: 0
Read/Write ratio for combined random IO test: 1.50
Periodic FSYNC enabled, calling fsync() each 100 requests.
Calling fsync() at the end of test, Enabled.
Using synchronous I/O mode
Doing random r/w test
Initializing worker threads...

Threads started!


File operations:
    reads/s:                      48.89
    writes/s:                     32.59
    fsyncs/s:                     102.27

Throughput:
    read, MiB/s:                  0.76
    written, MiB/s:               0.51

General statistics:
    total time:                          60.1240s
    total number of events:              11050

Latency (ms):
         min:                                  0.00
         avg:                                  5.43
         max:                                262.16
         95th percentile:                     29.19
         sum:                              59962.68

Threads fairness:
    events (avg/stddev):           11050.0000/0.00
    execution time (avg/stddev):   59.9627/0.00

sysbench 1.0.11 (using system LuaJIT 2.1.0-beta3)

Running the test with following options:
Number of threads: 1
Initializing random number generator from current time


Extra file open flags: 0
128 files, 16MiB each
2GiB total file size
Block size 16KiB
Number of IO requests: 0
Read/Write ratio for combined random IO test: 1.50
Periodic FSYNC enabled, calling fsync() each 100 requests.
Calling fsync() at the end of test, Enabled.
Using synchronous I/O mode
Doing random r/w test
Initializing worker threads...

Threads started!


File operations:
    reads/s:                      44.18
    writes/s:                     29.45
    fsyncs/s:                     93.54

Throughput:
    read, MiB/s:                  0.69
    written, MiB/s:               0.46

General statistics:
    total time:                          60.2092s
    total number of events:              10065

Latency (ms):
         min:                                  0.01
         avg:                                  5.96
         max:                                262.58
         95th percentile:                     31.37
         sum:                              59981.04

Threads fairness:
    events (avg/stddev):           10065.0000/0.00
    execution time (avg/stddev):   59.9810/0.00

sysbench 1.0.11 (using system LuaJIT 2.1.0-beta3)

Running the test with following options:
Number of threads: 1
Initializing random number generator from current time


Extra file open flags: 0
128 files, 16MiB each
2GiB total file size
Block size 16KiB
Number of IO requests: 0
Read/Write ratio for combined random IO test: 1.50
Periodic FSYNC enabled, calling fsync() each 100 requests.
Calling fsync() at the end of test, Enabled.
Using synchronous I/O mode
Doing random r/w test
Initializing worker threads...

Threads started!


File operations:
    reads/s:                      46.82
    writes/s:                     31.22
    fsyncs/s:                     99.68

Throughput:
    read, MiB/s:                  0.73
    written, MiB/s:               0.49

General statistics:
    total time:                          60.3453s
    total number of events:              10726

Latency (ms):
         min:                                  0.01
         avg:                                  5.60
         max:                                322.68
         95th percentile:                     29.72
         sum:                              60077.56

Threads fairness:
    events (avg/stddev):           10726.0000/0.00
    execution time (avg/stddev):   60.0776/0.00

sysbench 1.0.11 (using system LuaJIT 2.1.0-beta3)

Running the test with following options:
Number of threads: 1
Initializing random number generator from current time


Extra file open flags: 0
128 files, 16MiB each
2GiB total file size
Block size 16KiB
Number of IO requests: 0
Read/Write ratio for combined random IO test: 1.50
Periodic FSYNC enabled, calling fsync() each 100 requests.
Calling fsync() at the end of test, Enabled.
Using synchronous I/O mode
Doing random r/w test
Initializing worker threads...

Threads started!


File operations:
    reads/s:                      45.67
    writes/s:                     30.44
    fsyncs/s:                     95.54

Throughput:
    read, MiB/s:                  0.71
    written, MiB/s:               0.48

General statistics:
    total time:                          60.4360s
    total number of events:              10374

Latency (ms):
         min:                                  0.00
         avg:                                  5.79
         max:                                278.36
         95th percentile:                     30.26
         sum:                              60063.75

Threads fairness:
    events (avg/stddev):           10374.0000/0.00
    execution time (avg/stddev):   60.0637/0.00

sysbench 1.0.11 (using system LuaJIT 2.1.0-beta3)

Running the test with following options:
Number of threads: 1
Initializing random number generator from current time


Extra file open flags: 0
128 files, 16MiB each
2GiB total file size
Block size 16KiB
Number of IO requests: 0
Read/Write ratio for combined random IO test: 1.50
Periodic FSYNC enabled, calling fsync() each 100 requests.
Calling fsync() at the end of test, Enabled.
Using synchronous I/O mode
Doing random r/w test
Initializing worker threads...

Threads started!


File operations:
    reads/s:                      46.93
    writes/s:                     31.28
    fsyncs/s:                     98.58

Throughput:
    read, MiB/s:                  0.73
    written, MiB/s:               0.49

General statistics:
    total time:                          60.0916s
    total number of events:              10624

Latency (ms):
         min:                                  0.00
         avg:                                  5.64
         max:                                297.47
         95th percentile:                     30.26
         sum:                              59961.44

Threads fairness:
    events (avg/stddev):           10624.0000/0.00
    execution time (avg/stddev):   59.9614/0.00

sysbench 1.0.11 (using system LuaJIT 2.1.0-beta3)

Running the test with following options:
Number of threads: 1
Initializing random number generator from current time


Extra file open flags: 0
128 files, 16MiB each
2GiB total file size
Block size 16KiB
Number of IO requests: 0
Read/Write ratio for combined random IO test: 1.50
Periodic FSYNC enabled, calling fsync() each 100 requests.
Calling fsync() at the end of test, Enabled.
Using synchronous I/O mode
Doing random r/w test
Initializing worker threads...

Threads started!


File operations:
    reads/s:                      46.93
    writes/s:                     31.29
    fsyncs/s:                     98.61

Throughput:
    read, MiB/s:                  0.73
    written, MiB/s:               0.49

General statistics:
    total time:                          60.0856s
    total number of events:              10625

Latency (ms):
         min:                                  0.01
         avg:                                  5.64
         max:                                277.19
         95th percentile:                     29.72
         sum:                              59969.25

Threads fairness:
    events (avg/stddev):           10625.0000/0.00
    execution time (avg/stddev):   59.9692/0.00

sysbench 1.0.11 (using system LuaJIT 2.1.0-beta3)

Running the test with following options:
Number of threads: 1
Initializing random number generator from current time


Extra file open flags: 0
128 files, 16MiB each
2GiB total file size
Block size 16KiB
Number of IO requests: 0
Read/Write ratio for combined random IO test: 1.50
Periodic FSYNC enabled, calling fsync() each 100 requests.
Calling fsync() at the end of test, Enabled.
Using synchronous I/O mode
Doing random r/w test
Initializing worker threads...

Threads started!


File operations:
    reads/s:                      49.81
    writes/s:                     33.21
    fsyncs/s:                     104.35

Throughput:
    read, MiB/s:                  0.78
    written, MiB/s:               0.52

General statistics:
    total time:                          60.2274s
    total number of events:              11285

Latency (ms):
         min:                                  0.00
         avg:                                  5.31
         max:                                240.26
         95th percentile:                     28.16
         sum:                              59970.59

Threads fairness:
    events (avg/stddev):           11285.0000/0.00
    execution time (avg/stddev):   59.9706/0.00

sysbench 1.0.11 (using system LuaJIT 2.1.0-beta3)

Running the test with following options:
Number of threads: 1
Initializing random number generator from current time


Extra file open flags: 0
128 files, 16MiB each
2GiB total file size
Block size 16KiB
Number of IO requests: 0
Read/Write ratio for combined random IO test: 1.50
Periodic FSYNC enabled, calling fsync() each 100 requests.
Calling fsync() at the end of test, Enabled.
Using synchronous I/O mode
Doing random r/w test
Initializing worker threads...

Threads started!


File operations:
    reads/s:                      46.92
    writes/s:                     31.28
    fsyncs/s:                     98.05

Throughput:
    read, MiB/s:                  0.73
    written, MiB/s:               0.49

General statistics:
    total time:                          60.0985s
    total number of events:              10593

Latency (ms):
         min:                                  0.00
         avg:                                  5.66
         max:                                285.44
         95th percentile:                     29.19
         sum:                              59979.86

Threads fairness:
    events (avg/stddev):           10593.0000/0.00
    execution time (avg/stddev):   59.9799/0.00

sysbench 1.0.11 (using system LuaJIT 2.1.0-beta3)

Running the test with following options:
Number of threads: 1
Initializing random number generator from current time


Extra file open flags: 0
128 files, 16MiB each
2GiB total file size
Block size 16KiB
Number of IO requests: 0
Read/Write ratio for combined random IO test: 1.50
Periodic FSYNC enabled, calling fsync() each 100 requests.
Calling fsync() at the end of test, Enabled.
Using synchronous I/O mode
Doing random r/w test
Initializing worker threads...

Threads started!


File operations:
    reads/s:                      52.97
    writes/s:                     35.32
    fsyncs/s:                     112.81

Throughput:
    read, MiB/s:                  0.83
    written, MiB/s:               0.55

General statistics:
    total time:                          60.0272s
    total number of events:              12072

Latency (ms):
         min:                                  0.00
         avg:                                  4.97
         max:                                386.98
         95th percentile:                     26.20
         sum:                              59953.58

Threads fairness:
    events (avg/stddev):           12072.0000/0.00
    execution time (avg/stddev):   59.9536/0.00

sysbench 1.0.11 (using system LuaJIT 2.1.0-beta3)

Running the test with following options:
Number of threads: 1
Initializing random number generator from current time


Extra file open flags: 0
128 files, 16MiB each
2GiB total file size
Block size 16KiB
Number of IO requests: 0
Read/Write ratio for combined random IO test: 1.50
Periodic FSYNC enabled, calling fsync() each 100 requests.
Calling fsync() at the end of test, Enabled.
Using synchronous I/O mode
Doing random r/w test
Initializing worker threads...

Threads started!


File operations:
    reads/s:                      51.71
    writes/s:                     34.47
    fsyncs/s:                     108.39

Throughput:
    read, MiB/s:                  0.81
    written, MiB/s:               0.54

General statistics:
    total time:                          60.3371s
    total number of events:              11740

Latency (ms):
         min:                                  0.00
         avg:                                  5.11
         max:                                409.10
         95th percentile:                     26.20
         sum:                              59991.05

Threads fairness:
    events (avg/stddev):           11740.0000/0.00
    execution time (avg/stddev):   59.9910/0.00

sysbench 1.0.11 (using system LuaJIT 2.1.0-beta3)

Running the test with following options:
Number of threads: 1
Initializing random number generator from current time


Extra file open flags: 0
128 files, 16MiB each
2GiB total file size
Block size 16KiB
Number of IO requests: 0
Read/Write ratio for combined random IO test: 1.50
Periodic FSYNC enabled, calling fsync() each 100 requests.
Calling fsync() at the end of test, Enabled.
Using synchronous I/O mode
Doing random r/w test
Initializing worker threads...

Threads started!


File operations:
    reads/s:                      47.88
    writes/s:                     31.92
    fsyncs/s:                     100.49

Throughput:
    read, MiB/s:                  0.75
    written, MiB/s:               0.50

General statistics:
    total time:                          60.1444s
    total number of events:              10844

Latency (ms):
         min:                                  0.00
         avg:                                  5.53
         max:                                288.45
         95th percentile:                     30.26
         sum:                              60005.19

Threads fairness:
    events (avg/stddev):           10844.0000/0.00
    execution time (avg/stddev):   60.0052/0.00

sysbench 1.0.11 (using system LuaJIT 2.1.0-beta3)

Running the test with following options:
Number of threads: 1
Initializing random number generator from current time


Extra file open flags: 0
128 files, 16MiB each
2GiB total file size
Block size 16KiB
Number of IO requests: 0
Read/Write ratio for combined random IO test: 1.50
Periodic FSYNC enabled, calling fsync() each 100 requests.
Calling fsync() at the end of test, Enabled.
Using synchronous I/O mode
Doing random r/w test
Initializing worker threads...

Threads started!


File operations:
    reads/s:                      45.93
    writes/s:                     30.62
    fsyncs/s:                     96.34

Throughput:
    read, MiB/s:                  0.72
    written, MiB/s:               0.48

General statistics:
    total time:                          60.0846s
    total number of events:              10389

Latency (ms):
         min:                                  0.00
         avg:                                  5.77
         max:                                461.07
         95th percentile:                     30.81
         sum:                              59963.95

Threads fairness:
    events (avg/stddev):           10389.0000/0.00
    execution time (avg/stddev):   59.9639/0.00

sysbench 1.0.11 (using system LuaJIT 2.1.0-beta3)

Running the test with following options:
Number of threads: 1
Initializing random number generator from current time


Extra file open flags: 0
128 files, 16MiB each
2GiB total file size
Block size 16KiB
Number of IO requests: 0
Read/Write ratio for combined random IO test: 1.50
Periodic FSYNC enabled, calling fsync() each 100 requests.
Calling fsync() at the end of test, Enabled.
Using synchronous I/O mode
Doing random r/w test
Initializing worker threads...

Threads started!


File operations:
    reads/s:                      48.81
    writes/s:                     32.54
    fsyncs/s:                     102.20

Throughput:
    read, MiB/s:                  0.76
    written, MiB/s:               0.51

General statistics:
    total time:                          60.2327s
    total number of events:              11056

Latency (ms):
         min:                                  0.00
         avg:                                  5.43
         max:                                314.57
         95th percentile:                     29.19
         sum:                              60051.60

Threads fairness:
    events (avg/stddev):           11056.0000/0.00
    execution time (avg/stddev):   60.0516/0.00

sysbench 1.0.11 (using system LuaJIT 2.1.0-beta3)

Running the test with following options:
Number of threads: 1
Initializing random number generator from current time


Extra file open flags: 0
128 files, 16MiB each
2GiB total file size
Block size 16KiB
Number of IO requests: 0
Read/Write ratio for combined random IO test: 1.50
Periodic FSYNC enabled, calling fsync() each 100 requests.
Calling fsync() at the end of test, Enabled.
Using synchronous I/O mode
Doing random r/w test
Initializing worker threads...

Threads started!


File operations:
    reads/s:                      45.97
    writes/s:                     30.65
    fsyncs/s:                     97.14

Throughput:
    read, MiB/s:                  0.72
    written, MiB/s:               0.48

General statistics:
    total time:                          60.0352s
    total number of events:              10432

Latency (ms):
         min:                                  0.01
         avg:                                  5.75
         max:                                322.27
         95th percentile:                     30.81
         sum:                              59953.92

Threads fairness:
    events (avg/stddev):           10432.0000/0.00
    execution time (avg/stddev):   59.9539/0.00

sysbench 1.0.11 (using system LuaJIT 2.1.0-beta3)

Running the test with following options:
Number of threads: 1
Initializing random number generator from current time


Extra file open flags: 0
128 files, 16MiB each
2GiB total file size
Block size 16KiB
Number of IO requests: 0
Read/Write ratio for combined random IO test: 1.50
Periodic FSYNC enabled, calling fsync() each 100 requests.
Calling fsync() at the end of test, Enabled.
Using synchronous I/O mode
Doing random r/w test
Initializing worker threads...

Threads started!


File operations:
    reads/s:                      45.97
    writes/s:                     30.65
    fsyncs/s:                     97.41

Throughput:
    read, MiB/s:                  0.72
    written, MiB/s:               0.48

General statistics:
    total time:                          60.0344s
    total number of events:              10448

Latency (ms):
         min:                                  0.00
         avg:                                  5.74
         max:                                294.02
         95th percentile:                     30.81
         sum:                              59962.36

Threads fairness:
    events (avg/stddev):           10448.0000/0.00
    execution time (avg/stddev):   59.9624/0.00

sysbench 1.0.11 (using system LuaJIT 2.1.0-beta3)

Running the test with following options:
Number of threads: 1
Initializing random number generator from current time


Extra file open flags: 0
128 files, 16MiB each
2GiB total file size
Block size 16KiB
Number of IO requests: 0
Read/Write ratio for combined random IO test: 1.50
Periodic FSYNC enabled, calling fsync() each 100 requests.
Calling fsync() at the end of test, Enabled.
Using synchronous I/O mode
Doing random r/w test
Initializing worker threads...

Threads started!


File operations:
    reads/s:                      46.30
    writes/s:                     30.87
    fsyncs/s:                     97.82

Throughput:
    read, MiB/s:                  0.72
    written, MiB/s:               0.48

General statistics:
    total time:                          60.1898s
    total number of events:              10533

Latency (ms):
         min:                                  0.00
         avg:                                  5.70
         max:                                275.15
         95th percentile:                     29.72
         sum:                              59987.99

Threads fairness:
    events (avg/stddev):           10533.0000/0.00
    execution time (avg/stddev):   59.9880/0.00

sysbench 1.0.11 (using system LuaJIT 2.1.0-beta3)

Running the test with following options:
Number of threads: 1
Initializing random number generator from current time


Extra file open flags: 0
128 files, 16MiB each
2GiB total file size
Block size 16KiB
Number of IO requests: 0
Read/Write ratio for combined random IO test: 1.50
Periodic FSYNC enabled, calling fsync() each 100 requests.
Calling fsync() at the end of test, Enabled.
Using synchronous I/O mode
Doing random r/w test
Initializing worker threads...

Threads started!


File operations:
    reads/s:                      45.71
    writes/s:                     30.47
    fsyncs/s:                     95.80

Throughput:
    read, MiB/s:                  0.71
    written, MiB/s:               0.48

General statistics:
    total time:                          60.3600s
    total number of events:              10384

Latency (ms):
         min:                                  0.01
         avg:                                  5.78
         max:                                305.39
         95th percentile:                     30.81
         sum:                              59986.82

Threads fairness:
    events (avg/stddev):           10384.0000/0.00
    execution time (avg/stddev):   59.9868/0.00

sysbench 1.0.11 (using system LuaJIT 2.1.0-beta3)

Running the test with following options:
Number of threads: 1
Initializing random number generator from current time


Extra file open flags: 0
128 files, 16MiB each
2GiB total file size
Block size 16KiB
Number of IO requests: 0
Read/Write ratio for combined random IO test: 1.50
Periodic FSYNC enabled, calling fsync() each 100 requests.
Calling fsync() at the end of test, Enabled.
Using synchronous I/O mode
Doing random r/w test
Initializing worker threads...

Threads started!


File operations:
    reads/s:                      51.64
    writes/s:                     34.42
    fsyncs/s:                     108.27

Throughput:
    read, MiB/s:                  0.81
    written, MiB/s:               0.54

General statistics:
    total time:                          60.4219s
    total number of events:              11742

Latency (ms):
         min:                                  0.00
         avg:                                  5.11
         max:                                295.54
         95th percentile:                     26.20
         sum:                              60032.93

Threads fairness:
    events (avg/stddev):           11742.0000/0.00
    execution time (avg/stddev):   60.0329/0.00

sysbench 1.0.11 (using system LuaJIT 2.1.0-beta3)

Running the test with following options:
Number of threads: 1
Initializing random number generator from current time


Extra file open flags: 0
128 files, 16MiB each
2GiB total file size
Block size 16KiB
Number of IO requests: 0
Read/Write ratio for combined random IO test: 1.50
Periodic FSYNC enabled, calling fsync() each 100 requests.
Calling fsync() at the end of test, Enabled.
Using synchronous I/O mode
Doing random r/w test
Initializing worker threads...

Threads started!


File operations:
    reads/s:                      46.93
    writes/s:                     31.29
    fsyncs/s:                     99.04

Throughput:
    read, MiB/s:                  0.73
    written, MiB/s:               0.49

General statistics:
    total time:                          60.0845s
    total number of events:              10651

Latency (ms):
         min:                                  0.01
         avg:                                  5.63
         max:                                317.05
         95th percentile:                     28.16
         sum:                              59961.29

Threads fairness:
    events (avg/stddev):           10651.0000/0.00
    execution time (avg/stddev):   59.9613/0.00

