sysbench 1.0.11 (using system LuaJIT 2.1.0-beta3)

Running the test with following options:
Number of threads: 1
Initializing random number generator from current time


Extra file open flags: 0
128 files, 16MiB each
2GiB total file size
Block size 16KiB
Number of IO requests: 0
Read/Write ratio for combined random IO test: 1.50
Periodic FSYNC enabled, calling fsync() each 100 requests.
Calling fsync() at the end of test, Enabled.
Using synchronous I/O mode
Doing random r/w test
Initializing worker threads...

Threads started!


File operations:
    reads/s:                      61.97
    writes/s:                     41.31
    fsyncs/s:                     130.25

Throughput:
    read, MiB/s:                  0.97
    written, MiB/s:               0.65

General statistics:
    total time:                          60.0290s
    total number of events:              14019

Latency (ms):
         min:                                  0.00
         avg:                                  4.28
         max:                                281.44
         95th percentile:                     26.20
         sum:                              59976.72

Threads fairness:
    events (avg/stddev):           14019.0000/0.00
    execution time (avg/stddev):   59.9767/0.00

sysbench 1.0.11 (using system LuaJIT 2.1.0-beta3)

Running the test with following options:
Number of threads: 1
Initializing random number generator from current time


Extra file open flags: 0
128 files, 16MiB each
2GiB total file size
Block size 16KiB
Number of IO requests: 0
Read/Write ratio for combined random IO test: 1.50
Periodic FSYNC enabled, calling fsync() each 100 requests.
Calling fsync() at the end of test, Enabled.
Using synchronous I/O mode
Doing random r/w test
Initializing worker threads...

Threads started!


File operations:
    reads/s:                      61.96
    writes/s:                     41.30
    fsyncs/s:                     130.18

Throughput:
    read, MiB/s:                  0.97
    written, MiB/s:               0.65

General statistics:
    total time:                          60.0309s
    total number of events:              14016

Latency (ms):
         min:                                  0.00
         avg:                                  4.28
         max:                                163.59
         95th percentile:                     26.20
         sum:                              59970.49

Threads fairness:
    events (avg/stddev):           14016.0000/0.00
    execution time (avg/stddev):   59.9705/0.00

sysbench 1.0.11 (using system LuaJIT 2.1.0-beta3)

Running the test with following options:
Number of threads: 1
Initializing random number generator from current time


Extra file open flags: 0
128 files, 16MiB each
2GiB total file size
Block size 16KiB
Number of IO requests: 0
Read/Write ratio for combined random IO test: 1.50
Periodic FSYNC enabled, calling fsync() each 100 requests.
Calling fsync() at the end of test, Enabled.
Using synchronous I/O mode
Doing random r/w test
Initializing worker threads...

Threads started!


File operations:
    reads/s:                      60.00
    writes/s:                     40.00
    fsyncs/s:                     127.66

Throughput:
    read, MiB/s:                  0.94
    written, MiB/s:               0.62

General statistics:
    total time:                          60.0013s
    total number of events:              13660

Latency (ms):
         min:                                  0.00
         avg:                                  4.39
         max:                                260.77
         95th percentile:                     25.74
         sum:                              59934.00

Threads fairness:
    events (avg/stddev):           13660.0000/0.00
    execution time (avg/stddev):   59.9340/0.00

sysbench 1.0.11 (using system LuaJIT 2.1.0-beta3)

Running the test with following options:
Number of threads: 1
Initializing random number generator from current time


Extra file open flags: 0
128 files, 16MiB each
2GiB total file size
Block size 16KiB
Number of IO requests: 0
Read/Write ratio for combined random IO test: 1.50
Periodic FSYNC enabled, calling fsync() each 100 requests.
Calling fsync() at the end of test, Enabled.
Using synchronous I/O mode
Doing random r/w test
Initializing worker threads...

Threads started!


File operations:
    reads/s:                      61.97
    writes/s:                     41.32
    fsyncs/s:                     131.51

Throughput:
    read, MiB/s:                  0.97
    written, MiB/s:               0.65

General statistics:
    total time:                          60.0194s
    total number of events:              14094

Latency (ms):
         min:                                  0.00
         avg:                                  4.25
         max:                                186.19
         95th percentile:                     26.20
         sum:                              59958.46

Threads fairness:
    events (avg/stddev):           14094.0000/0.00
    execution time (avg/stddev):   59.9585/0.00

sysbench 1.0.11 (using system LuaJIT 2.1.0-beta3)

Running the test with following options:
Number of threads: 1
Initializing random number generator from current time


Extra file open flags: 0
128 files, 16MiB each
2GiB total file size
Block size 16KiB
Number of IO requests: 0
Read/Write ratio for combined random IO test: 1.50
Periodic FSYNC enabled, calling fsync() each 100 requests.
Calling fsync() at the end of test, Enabled.
Using synchronous I/O mode
Doing random r/w test
Initializing worker threads...

Threads started!


File operations:
    reads/s:                      61.21
    writes/s:                     40.81
    fsyncs/s:                     130.11

Throughput:
    read, MiB/s:                  0.96
    written, MiB/s:               0.64

General statistics:
    total time:                          60.0046s
    total number of events:              13930

Latency (ms):
         min:                                  0.00
         avg:                                  4.30
         max:                                209.66
         95th percentile:                     26.20
         sum:                              59944.83

Threads fairness:
    events (avg/stddev):           13930.0000/0.00
    execution time (avg/stddev):   59.9448/0.00

sysbench 1.0.11 (using system LuaJIT 2.1.0-beta3)

Running the test with following options:
Number of threads: 1
Initializing random number generator from current time


Extra file open flags: 0
128 files, 16MiB each
2GiB total file size
Block size 16KiB
Number of IO requests: 0
Read/Write ratio for combined random IO test: 1.50
Periodic FSYNC enabled, calling fsync() each 100 requests.
Calling fsync() at the end of test, Enabled.
Using synchronous I/O mode
Doing random r/w test
Initializing worker threads...

Threads started!


File operations:
    reads/s:                      60.98
    writes/s:                     40.65
    fsyncs/s:                     128.76

Throughput:
    read, MiB/s:                  0.95
    written, MiB/s:               0.64

General statistics:
    total time:                          60.0189s
    total number of events:              13829

Latency (ms):
         min:                                  0.00
         avg:                                  4.34
         max:                                219.49
         95th percentile:                     26.20
         sum:                              59949.05

Threads fairness:
    events (avg/stddev):           13829.0000/0.00
    execution time (avg/stddev):   59.9490/0.00

sysbench 1.0.11 (using system LuaJIT 2.1.0-beta3)

Running the test with following options:
Number of threads: 1
Initializing random number generator from current time


Extra file open flags: 0
128 files, 16MiB each
2GiB total file size
Block size 16KiB
Number of IO requests: 0
Read/Write ratio for combined random IO test: 1.50
Periodic FSYNC enabled, calling fsync() each 100 requests.
Calling fsync() at the end of test, Enabled.
Using synchronous I/O mode
Doing random r/w test
Initializing worker threads...

Threads started!


File operations:
    reads/s:                      60.96
    writes/s:                     40.64
    fsyncs/s:                     127.96

Throughput:
    read, MiB/s:                  0.95
    written, MiB/s:               0.64

General statistics:
    total time:                          60.0341s
    total number of events:              13782

Latency (ms):
         min:                                  0.00
         avg:                                  4.35
         max:                                260.07
         95th percentile:                     26.20
         sum:                              59975.73

Threads fairness:
    events (avg/stddev):           13782.0000/0.00
    execution time (avg/stddev):   59.9757/0.00

sysbench 1.0.11 (using system LuaJIT 2.1.0-beta3)

Running the test with following options:
Number of threads: 1
Initializing random number generator from current time


Extra file open flags: 0
128 files, 16MiB each
2GiB total file size
Block size 16KiB
Number of IO requests: 0
Read/Write ratio for combined random IO test: 1.50
Periodic FSYNC enabled, calling fsync() each 100 requests.
Calling fsync() at the end of test, Enabled.
Using synchronous I/O mode
Doing random r/w test
Initializing worker threads...

Threads started!


File operations:
    reads/s:                      57.88
    writes/s:                     38.59
    fsyncs/s:                     123.06

Throughput:
    read, MiB/s:                  0.90
    written, MiB/s:               0.60

General statistics:
    total time:                          60.1181s
    total number of events:              13199

Latency (ms):
         min:                                  0.01
         avg:                                  4.54
         max:                                201.32
         95th percentile:                     26.68
         sum:                              59944.21

Threads fairness:
    events (avg/stddev):           13199.0000/0.00
    execution time (avg/stddev):   59.9442/0.00

sysbench 1.0.11 (using system LuaJIT 2.1.0-beta3)

Running the test with following options:
Number of threads: 1
Initializing random number generator from current time


Extra file open flags: 0
128 files, 16MiB each
2GiB total file size
Block size 16KiB
Number of IO requests: 0
Read/Write ratio for combined random IO test: 1.50
Periodic FSYNC enabled, calling fsync() each 100 requests.
Calling fsync() at the end of test, Enabled.
Using synchronous I/O mode
Doing random r/w test
Initializing worker threads...

Threads started!


File operations:
    reads/s:                      61.96
    writes/s:                     41.31
    fsyncs/s:                     130.46

Throughput:
    read, MiB/s:                  0.97
    written, MiB/s:               0.65

General statistics:
    total time:                          60.0390s
    total number of events:              14033

Latency (ms):
         min:                                  0.00
         avg:                                  4.27
         max:                                185.70
         95th percentile:                     26.20
         sum:                              59975.92

Threads fairness:
    events (avg/stddev):           14033.0000/0.00
    execution time (avg/stddev):   59.9759/0.00

sysbench 1.0.11 (using system LuaJIT 2.1.0-beta3)

Running the test with following options:
Number of threads: 1
Initializing random number generator from current time


Extra file open flags: 0
128 files, 16MiB each
2GiB total file size
Block size 16KiB
Number of IO requests: 0
Read/Write ratio for combined random IO test: 1.50
Periodic FSYNC enabled, calling fsync() each 100 requests.
Calling fsync() at the end of test, Enabled.
Using synchronous I/O mode
Doing random r/w test
Initializing worker threads...

Threads started!


File operations:
    reads/s:                      60.96
    writes/s:                     40.64
    fsyncs/s:                     129.24

Throughput:
    read, MiB/s:                  0.95
    written, MiB/s:               0.64

General statistics:
    total time:                          60.0341s
    total number of events:              13859

Latency (ms):
         min:                                  0.00
         avg:                                  4.33
         max:                                233.32
         95th percentile:                     26.20
         sum:                              59955.70

Threads fairness:
    events (avg/stddev):           13859.0000/0.00
    execution time (avg/stddev):   59.9557/0.00

sysbench 1.0.11 (using system LuaJIT 2.1.0-beta3)

Running the test with following options:
Number of threads: 1
Initializing random number generator from current time


Extra file open flags: 0
128 files, 16MiB each
2GiB total file size
Block size 16KiB
Number of IO requests: 0
Read/Write ratio for combined random IO test: 1.50
Periodic FSYNC enabled, calling fsync() each 100 requests.
Calling fsync() at the end of test, Enabled.
Using synchronous I/O mode
Doing random r/w test
Initializing worker threads...

Threads started!


File operations:
    reads/s:                      59.94
    writes/s:                     39.96
    fsyncs/s:                     127.07

Throughput:
    read, MiB/s:                  0.94
    written, MiB/s:               0.62

General statistics:
    total time:                          60.0539s
    total number of events:              13631

Latency (ms):
         min:                                  0.00
         avg:                                  4.40
         max:                                152.21
         95th percentile:                     26.20
         sum:                              59955.27

Threads fairness:
    events (avg/stddev):           13631.0000/0.00
    execution time (avg/stddev):   59.9553/0.00

sysbench 1.0.11 (using system LuaJIT 2.1.0-beta3)

Running the test with following options:
Number of threads: 1
Initializing random number generator from current time


Extra file open flags: 0
128 files, 16MiB each
2GiB total file size
Block size 16KiB
Number of IO requests: 0
Read/Write ratio for combined random IO test: 1.50
Periodic FSYNC enabled, calling fsync() each 100 requests.
Calling fsync() at the end of test, Enabled.
Using synchronous I/O mode
Doing random r/w test
Initializing worker threads...

Threads started!


File operations:
    reads/s:                      60.13
    writes/s:                     40.09
    fsyncs/s:                     127.75

Throughput:
    read, MiB/s:                  0.94
    written, MiB/s:               0.63

General statistics:
    total time:                          60.1102s
    total number of events:              13705

Latency (ms):
         min:                                  0.01
         avg:                                  4.38
         max:                                176.20
         95th percentile:                     26.20
         sum:                              60003.47

Threads fairness:
    events (avg/stddev):           13705.0000/0.00
    execution time (avg/stddev):   60.0035/0.00

sysbench 1.0.11 (using system LuaJIT 2.1.0-beta3)

Running the test with following options:
Number of threads: 1
Initializing random number generator from current time


Extra file open flags: 0
128 files, 16MiB each
2GiB total file size
Block size 16KiB
Number of IO requests: 0
Read/Write ratio for combined random IO test: 1.50
Periodic FSYNC enabled, calling fsync() each 100 requests.
Calling fsync() at the end of test, Enabled.
Using synchronous I/O mode
Doing random r/w test
Initializing worker threads...

Threads started!


File operations:
    reads/s:                      59.84
    writes/s:                     39.89
    fsyncs/s:                     127.58

Throughput:
    read, MiB/s:                  0.93
    written, MiB/s:               0.62

General statistics:
    total time:                          60.1890s
    total number of events:              13683

Latency (ms):
         min:                                  0.01
         avg:                                  4.38
         max:                                199.23
         95th percentile:                     26.20
         sum:                              59959.55

Threads fairness:
    events (avg/stddev):           13683.0000/0.00
    execution time (avg/stddev):   59.9595/0.00

sysbench 1.0.11 (using system LuaJIT 2.1.0-beta3)

Running the test with following options:
Number of threads: 1
Initializing random number generator from current time


Extra file open flags: 0
128 files, 16MiB each
2GiB total file size
Block size 16KiB
Number of IO requests: 0
Read/Write ratio for combined random IO test: 1.50
Periodic FSYNC enabled, calling fsync() each 100 requests.
Calling fsync() at the end of test, Enabled.
Using synchronous I/O mode
Doing random r/w test
Initializing worker threads...

Threads started!


File operations:
    reads/s:                      58.92
    writes/s:                     39.28
    fsyncs/s:                     123.93

Throughput:
    read, MiB/s:                  0.92
    written, MiB/s:               0.61

General statistics:
    total time:                          60.0728s
    total number of events:              13346

Latency (ms):
         min:                                  0.01
         avg:                                  4.49
         max:                                252.01
         95th percentile:                     26.68
         sum:                              59979.79

Threads fairness:
    events (avg/stddev):           13346.0000/0.00
    execution time (avg/stddev):   59.9798/0.00

sysbench 1.0.11 (using system LuaJIT 2.1.0-beta3)

Running the test with following options:
Number of threads: 1
Initializing random number generator from current time


Extra file open flags: 0
128 files, 16MiB each
2GiB total file size
Block size 16KiB
Number of IO requests: 0
Read/Write ratio for combined random IO test: 1.50
Periodic FSYNC enabled, calling fsync() each 100 requests.
Calling fsync() at the end of test, Enabled.
Using synchronous I/O mode
Doing random r/w test
Initializing worker threads...

Threads started!


File operations:
    reads/s:                      60.86
    writes/s:                     40.57
    fsyncs/s:                     128.08

Throughput:
    read, MiB/s:                  0.95
    written, MiB/s:               0.63

General statistics:
    total time:                          60.1344s
    total number of events:              13803

Latency (ms):
         min:                                  0.00
         avg:                                  4.34
         max:                                168.17
         95th percentile:                     26.68
         sum:                              59951.66

Threads fairness:
    events (avg/stddev):           13803.0000/0.00
    execution time (avg/stddev):   59.9517/0.00

sysbench 1.0.11 (using system LuaJIT 2.1.0-beta3)

Running the test with following options:
Number of threads: 1
Initializing random number generator from current time


Extra file open flags: 0
128 files, 16MiB each
2GiB total file size
Block size 16KiB
Number of IO requests: 0
Read/Write ratio for combined random IO test: 1.50
Periodic FSYNC enabled, calling fsync() each 100 requests.
Calling fsync() at the end of test, Enabled.
Using synchronous I/O mode
Doing random r/w test
Initializing worker threads...

Threads started!


File operations:
    reads/s:                      60.87
    writes/s:                     40.58
    fsyncs/s:                     127.79

Throughput:
    read, MiB/s:                  0.95
    written, MiB/s:               0.63

General statistics:
    total time:                          60.1217s
    total number of events:              13784

Latency (ms):
         min:                                  0.00
         avg:                                  4.35
         max:                                163.75
         95th percentile:                     26.20
         sum:                              59953.63

Threads fairness:
    events (avg/stddev):           13784.0000/0.00
    execution time (avg/stddev):   59.9536/0.00

sysbench 1.0.11 (using system LuaJIT 2.1.0-beta3)

Running the test with following options:
Number of threads: 1
Initializing random number generator from current time


Extra file open flags: 0
128 files, 16MiB each
2GiB total file size
Block size 16KiB
Number of IO requests: 0
Read/Write ratio for combined random IO test: 1.50
Periodic FSYNC enabled, calling fsync() each 100 requests.
Calling fsync() at the end of test, Enabled.
Using synchronous I/O mode
Doing random r/w test
Initializing worker threads...

Threads started!


File operations:
    reads/s:                      60.82
    writes/s:                     40.54
    fsyncs/s:                     127.63

Throughput:
    read, MiB/s:                  0.95
    written, MiB/s:               0.63

General statistics:
    total time:                          60.1757s
    total number of events:              13781

Latency (ms):
         min:                                  0.00
         avg:                                  4.35
         max:                                212.53
         95th percentile:                     26.20
         sum:                              59964.27

Threads fairness:
    events (avg/stddev):           13781.0000/0.00
    execution time (avg/stddev):   59.9643/0.00

sysbench 1.0.11 (using system LuaJIT 2.1.0-beta3)

Running the test with following options:
Number of threads: 1
Initializing random number generator from current time


Extra file open flags: 0
128 files, 16MiB each
2GiB total file size
Block size 16KiB
Number of IO requests: 0
Read/Write ratio for combined random IO test: 1.50
Periodic FSYNC enabled, calling fsync() each 100 requests.
Calling fsync() at the end of test, Enabled.
Using synchronous I/O mode
Doing random r/w test
Initializing worker threads...

Threads started!


File operations:
    reads/s:                      59.87
    writes/s:                     39.91
    fsyncs/s:                     127.54

Throughput:
    read, MiB/s:                  0.94
    written, MiB/s:               0.62

General statistics:
    total time:                          60.2142s
    total number of events:              13688

Latency (ms):
         min:                                  0.00
         avg:                                  4.38
         max:                                208.91
         95th percentile:                     26.20
         sum:                              59953.43

Threads fairness:
    events (avg/stddev):           13688.0000/0.00
    execution time (avg/stddev):   59.9534/0.00

sysbench 1.0.11 (using system LuaJIT 2.1.0-beta3)

Running the test with following options:
Number of threads: 1
Initializing random number generator from current time


Extra file open flags: 0
128 files, 16MiB each
2GiB total file size
Block size 16KiB
Number of IO requests: 0
Read/Write ratio for combined random IO test: 1.50
Periodic FSYNC enabled, calling fsync() each 100 requests.
Calling fsync() at the end of test, Enabled.
Using synchronous I/O mode
Doing random r/w test
Initializing worker threads...

Threads started!


File operations:
    reads/s:                      60.95
    writes/s:                     40.64
    fsyncs/s:                     128.64

Throughput:
    read, MiB/s:                  0.95
    written, MiB/s:               0.63

General statistics:
    total time:                          60.0435s
    total number of events:              13824

Latency (ms):
         min:                                  0.00
         avg:                                  4.34
         max:                                286.33
         95th percentile:                     26.20
         sum:                              59954.29

Threads fairness:
    events (avg/stddev):           13824.0000/0.00
    execution time (avg/stddev):   59.9543/0.00

sysbench 1.0.11 (using system LuaJIT 2.1.0-beta3)

Running the test with following options:
Number of threads: 1
Initializing random number generator from current time


Extra file open flags: 0
128 files, 16MiB each
2GiB total file size
Block size 16KiB
Number of IO requests: 0
Read/Write ratio for combined random IO test: 1.50
Periodic FSYNC enabled, calling fsync() each 100 requests.
Calling fsync() at the end of test, Enabled.
Using synchronous I/O mode
Doing random r/w test
Initializing worker threads...

Threads started!


File operations:
    reads/s:                      64.94
    writes/s:                     43.29
    fsyncs/s:                     138.01

Throughput:
    read, MiB/s:                  1.01
    written, MiB/s:               0.68

General statistics:
    total time:                          60.0528s
    total number of events:              14788

Latency (ms):
         min:                                  0.00
         avg:                                  4.05
         max:                                154.52
         95th percentile:                     24.83
         sum:                              59961.08

Threads fairness:
    events (avg/stddev):           14788.0000/0.00
    execution time (avg/stddev):   59.9611/0.00

sysbench 1.0.11 (using system LuaJIT 2.1.0-beta3)

Running the test with following options:
Number of threads: 1
Initializing random number generator from current time


Extra file open flags: 0
128 files, 16MiB each
2GiB total file size
Block size 16KiB
Number of IO requests: 0
Read/Write ratio for combined random IO test: 1.50
Periodic FSYNC enabled, calling fsync() each 100 requests.
Calling fsync() at the end of test, Enabled.
Using synchronous I/O mode
Doing random r/w test
Initializing worker threads...

Threads started!


File operations:
    reads/s:                      57.94
    writes/s:                     38.63
    fsyncs/s:                     123.19

Throughput:
    read, MiB/s:                  0.91
    written, MiB/s:               0.60

General statistics:
    total time:                          60.0603s
    total number of events:              13199

Latency (ms):
         min:                                  0.00
         avg:                                  4.54
         max:                                220.80
         95th percentile:                     26.68
         sum:                              59972.69

Threads fairness:
    events (avg/stddev):           13199.0000/0.00
    execution time (avg/stddev):   59.9727/0.00

sysbench 1.0.11 (using system LuaJIT 2.1.0-beta3)

Running the test with following options:
Number of threads: 1
Initializing random number generator from current time


Extra file open flags: 0
128 files, 16MiB each
2GiB total file size
Block size 16KiB
Number of IO requests: 0
Read/Write ratio for combined random IO test: 1.50
Periodic FSYNC enabled, calling fsync() each 100 requests.
Calling fsync() at the end of test, Enabled.
Using synchronous I/O mode
Doing random r/w test
Initializing worker threads...

Threads started!


File operations:
    reads/s:                      58.96
    writes/s:                     39.31
    fsyncs/s:                     124.96

Throughput:
    read, MiB/s:                  0.92
    written, MiB/s:               0.61

General statistics:
    total time:                          60.0352s
    total number of events:              13402

Latency (ms):
         min:                                  0.00
         avg:                                  4.47
         max:                                195.91
         95th percentile:                     26.68
         sum:                              59945.60

Threads fairness:
    events (avg/stddev):           13402.0000/0.00
    execution time (avg/stddev):   59.9456/0.00

sysbench 1.0.11 (using system LuaJIT 2.1.0-beta3)

Running the test with following options:
Number of threads: 1
Initializing random number generator from current time


Extra file open flags: 0
128 files, 16MiB each
2GiB total file size
Block size 16KiB
Number of IO requests: 0
Read/Write ratio for combined random IO test: 1.50
Periodic FSYNC enabled, calling fsync() each 100 requests.
Calling fsync() at the end of test, Enabled.
Using synchronous I/O mode
Doing random r/w test
Initializing worker threads...

Threads started!


File operations:
    reads/s:                      67.13
    writes/s:                     44.75
    fsyncs/s:                     142.71

Throughput:
    read, MiB/s:                  1.05
    written, MiB/s:               0.70

General statistics:
    total time:                          60.0921s
    total number of events:              15299

Latency (ms):
         min:                                  0.01
         avg:                                  3.92
         max:                                166.24
         95th percentile:                     24.38
         sum:                              59947.46

Threads fairness:
    events (avg/stddev):           15299.0000/0.00
    execution time (avg/stddev):   59.9475/0.00

sysbench 1.0.11 (using system LuaJIT 2.1.0-beta3)

Running the test with following options:
Number of threads: 1
Initializing random number generator from current time


Extra file open flags: 0
128 files, 16MiB each
2GiB total file size
Block size 16KiB
Number of IO requests: 0
Read/Write ratio for combined random IO test: 1.50
Periodic FSYNC enabled, calling fsync() each 100 requests.
Calling fsync() at the end of test, Enabled.
Using synchronous I/O mode
Doing random r/w test
Initializing worker threads...

Threads started!


File operations:
    reads/s:                      59.92
    writes/s:                     39.95
    fsyncs/s:                     127.46

Throughput:
    read, MiB/s:                  0.94
    written, MiB/s:               0.62

General statistics:
    total time:                          60.0793s
    total number of events:              13658

Latency (ms):
         min:                                  0.01
         avg:                                  4.39
         max:                                197.75
         95th percentile:                     26.20
         sum:                              59957.88

Threads fairness:
    events (avg/stddev):           13658.0000/0.00
    execution time (avg/stddev):   59.9579/0.00

sysbench 1.0.11 (using system LuaJIT 2.1.0-beta3)

Running the test with following options:
Number of threads: 1
Initializing random number generator from current time


Extra file open flags: 0
128 files, 16MiB each
2GiB total file size
Block size 16KiB
Number of IO requests: 0
Read/Write ratio for combined random IO test: 1.50
Periodic FSYNC enabled, calling fsync() each 100 requests.
Calling fsync() at the end of test, Enabled.
Using synchronous I/O mode
Doing random r/w test
Initializing worker threads...

Threads started!


File operations:
    reads/s:                      58.74
    writes/s:                     39.16
    fsyncs/s:                     125.22

Throughput:
    read, MiB/s:                  0.92
    written, MiB/s:               0.61

General statistics:
    total time:                          60.2994s
    total number of events:              13457

Latency (ms):
         min:                                  0.01
         avg:                                  4.46
         max:                                198.04
         95th percentile:                     26.68
         sum:                              59979.35

Threads fairness:
    events (avg/stddev):           13457.0000/0.00
    execution time (avg/stddev):   59.9794/0.00

sysbench 1.0.11 (using system LuaJIT 2.1.0-beta3)

Running the test with following options:
Number of threads: 1
Initializing random number generator from current time


Extra file open flags: 0
128 files, 16MiB each
2GiB total file size
Block size 16KiB
Number of IO requests: 0
Read/Write ratio for combined random IO test: 1.50
Periodic FSYNC enabled, calling fsync() each 100 requests.
Calling fsync() at the end of test, Enabled.
Using synchronous I/O mode
Doing random r/w test
Initializing worker threads...

Threads started!


File operations:
    reads/s:                      62.94
    writes/s:                     41.96
    fsyncs/s:                     132.22

Throughput:
    read, MiB/s:                  0.98
    written, MiB/s:               0.66

General statistics:
    total time:                          60.0516s
    total number of events:              14240

Latency (ms):
         min:                                  0.01
         avg:                                  4.21
         max:                                186.99
         95th percentile:                     26.20
         sum:                              59972.20

Threads fairness:
    events (avg/stddev):           14240.0000/0.00
    execution time (avg/stddev):   59.9722/0.00

sysbench 1.0.11 (using system LuaJIT 2.1.0-beta3)

Running the test with following options:
Number of threads: 1
Initializing random number generator from current time


Extra file open flags: 0
128 files, 16MiB each
2GiB total file size
Block size 16KiB
Number of IO requests: 0
Read/Write ratio for combined random IO test: 1.50
Periodic FSYNC enabled, calling fsync() each 100 requests.
Calling fsync() at the end of test, Enabled.
Using synchronous I/O mode
Doing random r/w test
Initializing worker threads...

Threads started!


File operations:
    reads/s:                      60.96
    writes/s:                     40.64
    fsyncs/s:                     129.29

Throughput:
    read, MiB/s:                  0.95
    written, MiB/s:               0.63

General statistics:
    total time:                          60.0396s
    total number of events:              13863

Latency (ms):
         min:                                  0.00
         avg:                                  4.33
         max:                                172.74
         95th percentile:                     26.68
         sum:                              59963.57

Threads fairness:
    events (avg/stddev):           13863.0000/0.00
    execution time (avg/stddev):   59.9636/0.00

sysbench 1.0.11 (using system LuaJIT 2.1.0-beta3)

Running the test with following options:
Number of threads: 1
Initializing random number generator from current time


Extra file open flags: 0
128 files, 16MiB each
2GiB total file size
Block size 16KiB
Number of IO requests: 0
Read/Write ratio for combined random IO test: 1.50
Periodic FSYNC enabled, calling fsync() each 100 requests.
Calling fsync() at the end of test, Enabled.
Using synchronous I/O mode
Doing random r/w test
Initializing worker threads...

Threads started!


File operations:
    reads/s:                      67.90
    writes/s:                     45.27
    fsyncs/s:                     142.78

Throughput:
    read, MiB/s:                  1.06
    written, MiB/s:               0.71

General statistics:
    total time:                          60.0850s
    total number of events:              15379

Latency (ms):
         min:                                  0.00
         avg:                                  3.90
         max:                                234.72
         95th percentile:                     23.95
         sum:                              59968.12

Threads fairness:
    events (avg/stddev):           15379.0000/0.00
    execution time (avg/stddev):   59.9681/0.00

sysbench 1.0.11 (using system LuaJIT 2.1.0-beta3)

Running the test with following options:
Number of threads: 1
Initializing random number generator from current time


Extra file open flags: 0
128 files, 16MiB each
2GiB total file size
Block size 16KiB
Number of IO requests: 0
Read/Write ratio for combined random IO test: 1.50
Periodic FSYNC enabled, calling fsync() each 100 requests.
Calling fsync() at the end of test, Enabled.
Using synchronous I/O mode
Doing random r/w test
Initializing worker threads...

Threads started!


File operations:
    reads/s:                      60.98
    writes/s:                     40.65
    fsyncs/s:                     128.87

Throughput:
    read, MiB/s:                  0.95
    written, MiB/s:               0.64

General statistics:
    total time:                          60.0215s
    total number of events:              13835

Latency (ms):
         min:                                  0.00
         avg:                                  4.33
         max:                                159.91
         95th percentile:                     26.68
         sum:                              59945.16

Threads fairness:
    events (avg/stddev):           13835.0000/0.00
    execution time (avg/stddev):   59.9452/0.00

sysbench 1.0.11 (using system LuaJIT 2.1.0-beta3)

Running the test with following options:
Number of threads: 1
Initializing random number generator from current time


Extra file open flags: 0
128 files, 16MiB each
2GiB total file size
Block size 16KiB
Number of IO requests: 0
Read/Write ratio for combined random IO test: 1.50
Periodic FSYNC enabled, calling fsync() each 100 requests.
Calling fsync() at the end of test, Enabled.
Using synchronous I/O mode
Doing random r/w test
Initializing worker threads...

Threads started!


File operations:
    reads/s:                      61.86
    writes/s:                     41.24
    fsyncs/s:                     131.23

Throughput:
    read, MiB/s:                  0.97
    written, MiB/s:               0.64

General statistics:
    total time:                          60.1253s
    total number of events:              14091

Latency (ms):
         min:                                  0.00
         avg:                                  4.25
         max:                                214.70
         95th percentile:                     26.20
         sum:                              59941.21

Threads fairness:
    events (avg/stddev):           14091.0000/0.00
    execution time (avg/stddev):   59.9412/0.00

