sysbench 1.0.11 (using system LuaJIT 2.1.0-beta3)

Running the test with following options:
Number of threads: 1
Initializing random number generator from current time


Extra file open flags: 0
128 files, 16MiB each
2GiB total file size
Block size 16KiB
Number of IO requests: 0
Read/Write ratio for combined random IO test: 1.50
Periodic FSYNC enabled, calling fsync() each 100 requests.
Calling fsync() at the end of test, Enabled.
Using synchronous I/O mode
Doing random r/w test
Initializing worker threads...

Threads started!


File operations:
    reads/s:                      79.00
    writes/s:                     52.67
    fsyncs/s:                     167.31

Throughput:
    read, MiB/s:                  1.23
    written, MiB/s:               0.82

General statistics:
    total time:                          60.0001s
    total number of events:              17939

Latency (ms):
         min:                                  0.00
         avg:                                  3.34
         max:                                155.31
         95th percentile:                     20.37
         sum:                              59934.35

Threads fairness:
    events (avg/stddev):           17939.0000/0.00
    execution time (avg/stddev):   59.9343/0.00

sysbench 1.0.11 (using system LuaJIT 2.1.0-beta3)

Running the test with following options:
Number of threads: 1
Initializing random number generator from current time


Extra file open flags: 0
128 files, 16MiB each
2GiB total file size
Block size 16KiB
Number of IO requests: 0
Read/Write ratio for combined random IO test: 1.50
Periodic FSYNC enabled, calling fsync() each 100 requests.
Calling fsync() at the end of test, Enabled.
Using synchronous I/O mode
Doing random r/w test
Initializing worker threads...

Threads started!


File operations:
    reads/s:                      76.99
    writes/s:                     51.32
    fsyncs/s:                     162.35

Throughput:
    read, MiB/s:                  1.20
    written, MiB/s:               0.80

General statistics:
    total time:                          60.0043s
    total number of events:              17443

Latency (ms):
         min:                                  0.00
         avg:                                  3.44
         max:                                191.13
         95th percentile:                     21.50
         sum:                              59935.37

Threads fairness:
    events (avg/stddev):           17443.0000/0.00
    execution time (avg/stddev):   59.9354/0.00

sysbench 1.0.11 (using system LuaJIT 2.1.0-beta3)

Running the test with following options:
Number of threads: 1
Initializing random number generator from current time


Extra file open flags: 0
128 files, 16MiB each
2GiB total file size
Block size 16KiB
Number of IO requests: 0
Read/Write ratio for combined random IO test: 1.50
Periodic FSYNC enabled, calling fsync() each 100 requests.
Calling fsync() at the end of test, Enabled.
Using synchronous I/O mode
Doing random r/w test
Initializing worker threads...

Threads started!


File operations:
    reads/s:                      78.00
    writes/s:                     52.00
    fsyncs/s:                     164.33

Throughput:
    read, MiB/s:                  1.22
    written, MiB/s:               0.81

General statistics:
    total time:                          60.0004s
    total number of events:              17660

Latency (ms):
         min:                                  0.00
         avg:                                  3.39
         max:                                288.07
         95th percentile:                     20.74
         sum:                              59941.94

Threads fairness:
    events (avg/stddev):           17660.0000/0.00
    execution time (avg/stddev):   59.9419/0.00

sysbench 1.0.11 (using system LuaJIT 2.1.0-beta3)

Running the test with following options:
Number of threads: 1
Initializing random number generator from current time


Extra file open flags: 0
128 files, 16MiB each
2GiB total file size
Block size 16KiB
Number of IO requests: 0
Read/Write ratio for combined random IO test: 1.50
Periodic FSYNC enabled, calling fsync() each 100 requests.
Calling fsync() at the end of test, Enabled.
Using synchronous I/O mode
Doing random r/w test
Initializing worker threads...

Threads started!


File operations:
    reads/s:                      74.99
    writes/s:                     49.99
    fsyncs/s:                     158.05

Throughput:
    read, MiB/s:                  1.17
    written, MiB/s:               0.78

General statistics:
    total time:                          60.0009s
    total number of events:              16984

Latency (ms):
         min:                                  0.00
         avg:                                  3.53
         max:                                220.93
         95th percentile:                     22.28
         sum:                              59930.26

Threads fairness:
    events (avg/stddev):           16984.0000/0.00
    execution time (avg/stddev):   59.9303/0.00

sysbench 1.0.11 (using system LuaJIT 2.1.0-beta3)

Running the test with following options:
Number of threads: 1
Initializing random number generator from current time


Extra file open flags: 0
128 files, 16MiB each
2GiB total file size
Block size 16KiB
Number of IO requests: 0
Read/Write ratio for combined random IO test: 1.50
Periodic FSYNC enabled, calling fsync() each 100 requests.
Calling fsync() at the end of test, Enabled.
Using synchronous I/O mode
Doing random r/w test
Initializing worker threads...

Threads started!


File operations:
    reads/s:                      81.00
    writes/s:                     54.00
    fsyncs/s:                     172.45

Throughput:
    read, MiB/s:                  1.27
    written, MiB/s:               0.84

General statistics:
    total time:                          60.0001s
    total number of events:              18447

Latency (ms):
         min:                                  0.00
         avg:                                  3.25
         max:                                213.05
         95th percentile:                     20.00
         sum:                              59938.63

Threads fairness:
    events (avg/stddev):           18447.0000/0.00
    execution time (avg/stddev):   59.9386/0.00

sysbench 1.0.11 (using system LuaJIT 2.1.0-beta3)

Running the test with following options:
Number of threads: 1
Initializing random number generator from current time


Extra file open flags: 0
128 files, 16MiB each
2GiB total file size
Block size 16KiB
Number of IO requests: 0
Read/Write ratio for combined random IO test: 1.50
Periodic FSYNC enabled, calling fsync() each 100 requests.
Calling fsync() at the end of test, Enabled.
Using synchronous I/O mode
Doing random r/w test
Initializing worker threads...

Threads started!


File operations:
    reads/s:                      77.00
    writes/s:                     51.33
    fsyncs/s:                     164.04

Throughput:
    read, MiB/s:                  1.20
    written, MiB/s:               0.80

General statistics:
    total time:                          60.0005s
    total number of events:              17543

Latency (ms):
         min:                                  0.00
         avg:                                  3.42
         max:                                196.83
         95th percentile:                     21.89
         sum:                              59933.63

Threads fairness:
    events (avg/stddev):           17543.0000/0.00
    execution time (avg/stddev):   59.9336/0.00

sysbench 1.0.11 (using system LuaJIT 2.1.0-beta3)

Running the test with following options:
Number of threads: 1
Initializing random number generator from current time


Extra file open flags: 0
128 files, 16MiB each
2GiB total file size
Block size 16KiB
Number of IO requests: 0
Read/Write ratio for combined random IO test: 1.50
Periodic FSYNC enabled, calling fsync() each 100 requests.
Calling fsync() at the end of test, Enabled.
Using synchronous I/O mode
Doing random r/w test
Initializing worker threads...

Threads started!


File operations:
    reads/s:                      69.94
    writes/s:                     46.62
    fsyncs/s:                     147.45

Throughput:
    read, MiB/s:                  1.09
    written, MiB/s:               0.73

General statistics:
    total time:                          60.0533s
    total number of events:              15855

Latency (ms):
         min:                                  0.00
         avg:                                  3.78
         max:                                187.72
         95th percentile:                     23.95
         sum:                              59940.28

Threads fairness:
    events (avg/stddev):           15855.0000/0.00
    execution time (avg/stddev):   59.9403/0.00

sysbench 1.0.11 (using system LuaJIT 2.1.0-beta3)

Running the test with following options:
Number of threads: 1
Initializing random number generator from current time


Extra file open flags: 0
128 files, 16MiB each
2GiB total file size
Block size 16KiB
Number of IO requests: 0
Read/Write ratio for combined random IO test: 1.50
Periodic FSYNC enabled, calling fsync() each 100 requests.
Calling fsync() at the end of test, Enabled.
Using synchronous I/O mode
Doing random r/w test
Initializing worker threads...

Threads started!


File operations:
    reads/s:                      72.91
    writes/s:                     48.61
    fsyncs/s:                     155.21

Throughput:
    read, MiB/s:                  1.14
    written, MiB/s:               0.76

General statistics:
    total time:                          60.0657s
    total number of events:              16624

Latency (ms):
         min:                                  0.00
         avg:                                  3.61
         max:                                246.52
         95th percentile:                     22.69
         sum:                              59938.31

Threads fairness:
    events (avg/stddev):           16624.0000/0.00
    execution time (avg/stddev):   59.9383/0.00

sysbench 1.0.11 (using system LuaJIT 2.1.0-beta3)

Running the test with following options:
Number of threads: 1
Initializing random number generator from current time


Extra file open flags: 0
128 files, 16MiB each
2GiB total file size
Block size 16KiB
Number of IO requests: 0
Read/Write ratio for combined random IO test: 1.50
Periodic FSYNC enabled, calling fsync() each 100 requests.
Calling fsync() at the end of test, Enabled.
Using synchronous I/O mode
Doing random r/w test
Initializing worker threads...

Threads started!


File operations:
    reads/s:                      76.97
    writes/s:                     51.31
    fsyncs/s:                     163.67

Throughput:
    read, MiB/s:                  1.20
    written, MiB/s:               0.80

General statistics:
    total time:                          60.0204s
    total number of events:              17524

Latency (ms):
         min:                                  0.00
         avg:                                  3.42
         max:                                142.26
         95th percentile:                     21.89
         sum:                              59937.60

Threads fairness:
    events (avg/stddev):           17524.0000/0.00
    execution time (avg/stddev):   59.9376/0.00

sysbench 1.0.11 (using system LuaJIT 2.1.0-beta3)

Running the test with following options:
Number of threads: 1
Initializing random number generator from current time


Extra file open flags: 0
128 files, 16MiB each
2GiB total file size
Block size 16KiB
Number of IO requests: 0
Read/Write ratio for combined random IO test: 1.50
Periodic FSYNC enabled, calling fsync() each 100 requests.
Calling fsync() at the end of test, Enabled.
Using synchronous I/O mode
Doing random r/w test
Initializing worker threads...

Threads started!


File operations:
    reads/s:                      76.91
    writes/s:                     51.27
    fsyncs/s:                     162.17

Throughput:
    read, MiB/s:                  1.20
    written, MiB/s:               0.80

General statistics:
    total time:                          60.0678s
    total number of events:              17442

Latency (ms):
         min:                                  0.00
         avg:                                  3.44
         max:                                161.36
         95th percentile:                     21.50
         sum:                              59932.50

Threads fairness:
    events (avg/stddev):           17442.0000/0.00
    execution time (avg/stddev):   59.9325/0.00

sysbench 1.0.11 (using system LuaJIT 2.1.0-beta3)

Running the test with following options:
Number of threads: 1
Initializing random number generator from current time


Extra file open flags: 0
128 files, 16MiB each
2GiB total file size
Block size 16KiB
Number of IO requests: 0
Read/Write ratio for combined random IO test: 1.50
Periodic FSYNC enabled, calling fsync() each 100 requests.
Calling fsync() at the end of test, Enabled.
Using synchronous I/O mode
Doing random r/w test
Initializing worker threads...

Threads started!


File operations:
    reads/s:                      80.99
    writes/s:                     53.99
    fsyncs/s:                     172.31

Throughput:
    read, MiB/s:                  1.27
    written, MiB/s:               0.84

General statistics:
    total time:                          60.0070s
    total number of events:              18440

Latency (ms):
         min:                                  0.00
         avg:                                  3.25
         max:                                223.70
         95th percentile:                     20.74
         sum:                              59938.19

Threads fairness:
    events (avg/stddev):           18440.0000/0.00
    execution time (avg/stddev):   59.9382/0.00

sysbench 1.0.11 (using system LuaJIT 2.1.0-beta3)

Running the test with following options:
Number of threads: 1
Initializing random number generator from current time


Extra file open flags: 0
128 files, 16MiB each
2GiB total file size
Block size 16KiB
Number of IO requests: 0
Read/Write ratio for combined random IO test: 1.50
Periodic FSYNC enabled, calling fsync() each 100 requests.
Calling fsync() at the end of test, Enabled.
Using synchronous I/O mode
Doing random r/w test
Initializing worker threads...

Threads started!


File operations:
    reads/s:                      73.97
    writes/s:                     49.31
    fsyncs/s:                     155.68

Throughput:
    read, MiB/s:                  1.16
    written, MiB/s:               0.77

General statistics:
    total time:                          60.0238s
    total number of events:              16745

Latency (ms):
         min:                                  0.00
         avg:                                  3.58
         max:                                154.18
         95th percentile:                     22.28
         sum:                              59952.30

Threads fairness:
    events (avg/stddev):           16745.0000/0.00
    execution time (avg/stddev):   59.9523/0.00

sysbench 1.0.11 (using system LuaJIT 2.1.0-beta3)

Running the test with following options:
Number of threads: 1
Initializing random number generator from current time


Extra file open flags: 0
128 files, 16MiB each
2GiB total file size
Block size 16KiB
Number of IO requests: 0
Read/Write ratio for combined random IO test: 1.50
Periodic FSYNC enabled, calling fsync() each 100 requests.
Calling fsync() at the end of test, Enabled.
Using synchronous I/O mode
Doing random r/w test
Initializing worker threads...

Threads started!


File operations:
    reads/s:                      74.88
    writes/s:                     49.92
    fsyncs/s:                     157.70

Throughput:
    read, MiB/s:                  1.17
    written, MiB/s:               0.78

General statistics:
    total time:                          60.0884s
    total number of events:              16977

Latency (ms):
         min:                                  0.00
         avg:                                  3.53
         max:                                228.23
         95th percentile:                     22.28
         sum:                              59937.70

Threads fairness:
    events (avg/stddev):           16977.0000/0.00
    execution time (avg/stddev):   59.9377/0.00

sysbench 1.0.11 (using system LuaJIT 2.1.0-beta3)

Running the test with following options:
Number of threads: 1
Initializing random number generator from current time


Extra file open flags: 0
128 files, 16MiB each
2GiB total file size
Block size 16KiB
Number of IO requests: 0
Read/Write ratio for combined random IO test: 1.50
Periodic FSYNC enabled, calling fsync() each 100 requests.
Calling fsync() at the end of test, Enabled.
Using synchronous I/O mode
Doing random r/w test
Initializing worker threads...

Threads started!


File operations:
    reads/s:                      73.98
    writes/s:                     49.32
    fsyncs/s:                     156.82

Throughput:
    read, MiB/s:                  1.16
    written, MiB/s:               0.77

General statistics:
    total time:                          60.0095s
    total number of events:              16811

Latency (ms):
         min:                                  0.00
         avg:                                  3.57
         max:                                193.17
         95th percentile:                     22.28
         sum:                              59943.35

Threads fairness:
    events (avg/stddev):           16811.0000/0.00
    execution time (avg/stddev):   59.9434/0.00

sysbench 1.0.11 (using system LuaJIT 2.1.0-beta3)

Running the test with following options:
Number of threads: 1
Initializing random number generator from current time


Extra file open flags: 0
128 files, 16MiB each
2GiB total file size
Block size 16KiB
Number of IO requests: 0
Read/Write ratio for combined random IO test: 1.50
Periodic FSYNC enabled, calling fsync() each 100 requests.
Calling fsync() at the end of test, Enabled.
Using synchronous I/O mode
Doing random r/w test
Initializing worker threads...

Threads started!


File operations:
    reads/s:                      74.94
    writes/s:                     49.96
    fsyncs/s:                     159.40

Throughput:
    read, MiB/s:                  1.17
    written, MiB/s:               0.78

General statistics:
    total time:                          60.0502s
    total number of events:              17072

Latency (ms):
         min:                                  0.01
         avg:                                  3.51
         max:                                162.02
         95th percentile:                     21.89
         sum:                              59942.68

Threads fairness:
    events (avg/stddev):           17072.0000/0.00
    execution time (avg/stddev):   59.9427/0.00

sysbench 1.0.11 (using system LuaJIT 2.1.0-beta3)

Running the test with following options:
Number of threads: 1
Initializing random number generator from current time


Extra file open flags: 0
128 files, 16MiB each
2GiB total file size
Block size 16KiB
Number of IO requests: 0
Read/Write ratio for combined random IO test: 1.50
Periodic FSYNC enabled, calling fsync() each 100 requests.
Calling fsync() at the end of test, Enabled.
Using synchronous I/O mode
Doing random r/w test
Initializing worker threads...

Threads started!


File operations:
    reads/s:                      72.97
    writes/s:                     48.65
    fsyncs/s:                     155.60

Throughput:
    read, MiB/s:                  1.14
    written, MiB/s:               0.76

General statistics:
    total time:                          60.0237s
    total number of events:              16640

Latency (ms):
         min:                                  0.00
         avg:                                  3.60
         max:                                183.22
         95th percentile:                     22.28
         sum:                              59942.80

Threads fairness:
    events (avg/stddev):           16640.0000/0.00
    execution time (avg/stddev):   59.9428/0.00

sysbench 1.0.11 (using system LuaJIT 2.1.0-beta3)

Running the test with following options:
Number of threads: 1
Initializing random number generator from current time


Extra file open flags: 0
128 files, 16MiB each
2GiB total file size
Block size 16KiB
Number of IO requests: 0
Read/Write ratio for combined random IO test: 1.50
Periodic FSYNC enabled, calling fsync() each 100 requests.
Calling fsync() at the end of test, Enabled.
Using synchronous I/O mode
Doing random r/w test
Initializing worker threads...

Threads started!


File operations:
    reads/s:                      79.99
    writes/s:                     53.33
    fsyncs/s:                     170.43

Throughput:
    read, MiB/s:                  1.25
    written, MiB/s:               0.83

General statistics:
    total time:                          60.0060s
    total number of events:              18227

Latency (ms):
         min:                                  0.00
         avg:                                  3.29
         max:                                212.02
         95th percentile:                     20.74
         sum:                              59935.52

Threads fairness:
    events (avg/stddev):           18227.0000/0.00
    execution time (avg/stddev):   59.9355/0.00

sysbench 1.0.11 (using system LuaJIT 2.1.0-beta3)

Running the test with following options:
Number of threads: 1
Initializing random number generator from current time


Extra file open flags: 0
128 files, 16MiB each
2GiB total file size
Block size 16KiB
Number of IO requests: 0
Read/Write ratio for combined random IO test: 1.50
Periodic FSYNC enabled, calling fsync() each 100 requests.
Calling fsync() at the end of test, Enabled.
Using synchronous I/O mode
Doing random r/w test
Initializing worker threads...

Threads started!


File operations:
    reads/s:                      67.98
    writes/s:                     45.32
    fsyncs/s:                     144.49

Throughput:
    read, MiB/s:                  1.06
    written, MiB/s:               0.71

General statistics:
    total time:                          60.0183s
    total number of events:              15472

Latency (ms):
         min:                                  0.00
         avg:                                  3.87
         max:                                173.91
         95th percentile:                     23.95
         sum:                              59951.22

Threads fairness:
    events (avg/stddev):           15472.0000/0.00
    execution time (avg/stddev):   59.9512/0.00

sysbench 1.0.11 (using system LuaJIT 2.1.0-beta3)

Running the test with following options:
Number of threads: 1
Initializing random number generator from current time


Extra file open flags: 0
128 files, 16MiB each
2GiB total file size
Block size 16KiB
Number of IO requests: 0
Read/Write ratio for combined random IO test: 1.50
Periodic FSYNC enabled, calling fsync() each 100 requests.
Calling fsync() at the end of test, Enabled.
Using synchronous I/O mode
Doing random r/w test
Initializing worker threads...

Threads started!


File operations:
    reads/s:                      73.04
    writes/s:                     48.69
    fsyncs/s:                     155.71

Throughput:
    read, MiB/s:                  1.14
    written, MiB/s:               0.76

General statistics:
    total time:                          60.0062s
    total number of events:              16649

Latency (ms):
         min:                                  0.00
         avg:                                  3.60
         max:                                201.52
         95th percentile:                     22.69
         sum:                              59922.24

Threads fairness:
    events (avg/stddev):           16649.0000/0.00
    execution time (avg/stddev):   59.9222/0.00

sysbench 1.0.11 (using system LuaJIT 2.1.0-beta3)

Running the test with following options:
Number of threads: 1
Initializing random number generator from current time


Extra file open flags: 0
128 files, 16MiB each
2GiB total file size
Block size 16KiB
Number of IO requests: 0
Read/Write ratio for combined random IO test: 1.50
Periodic FSYNC enabled, calling fsync() each 100 requests.
Calling fsync() at the end of test, Enabled.
Using synchronous I/O mode
Doing random r/w test
Initializing worker threads...

Threads started!


File operations:
    reads/s:                      71.88
    writes/s:                     47.92
    fsyncs/s:                     151.48

Throughput:
    read, MiB/s:                  1.12
    written, MiB/s:               0.75

General statistics:
    total time:                          60.0943s
    total number of events:              16304

Latency (ms):
         min:                                  0.00
         avg:                                  3.68
         max:                                222.81
         95th percentile:                     23.10
         sum:                              59938.47

Threads fairness:
    events (avg/stddev):           16304.0000/0.00
    execution time (avg/stddev):   59.9385/0.00

sysbench 1.0.11 (using system LuaJIT 2.1.0-beta3)

Running the test with following options:
Number of threads: 1
Initializing random number generator from current time


Extra file open flags: 0
128 files, 16MiB each
2GiB total file size
Block size 16KiB
Number of IO requests: 0
Read/Write ratio for combined random IO test: 1.50
Periodic FSYNC enabled, calling fsync() each 100 requests.
Calling fsync() at the end of test, Enabled.
Using synchronous I/O mode
Doing random r/w test
Initializing worker threads...

Threads started!


File operations:
    reads/s:                      74.94
    writes/s:                     49.96
    fsyncs/s:                     158.33

Throughput:
    read, MiB/s:                  1.17
    written, MiB/s:               0.78

General statistics:
    total time:                          60.0493s
    total number of events:              17008

Latency (ms):
         min:                                  0.00
         avg:                                  3.52
         max:                                187.31
         95th percentile:                     22.69
         sum:                              59944.88

Threads fairness:
    events (avg/stddev):           17008.0000/0.00
    execution time (avg/stddev):   59.9449/0.00

sysbench 1.0.11 (using system LuaJIT 2.1.0-beta3)

Running the test with following options:
Number of threads: 1
Initializing random number generator from current time


Extra file open flags: 0
128 files, 16MiB each
2GiB total file size
Block size 16KiB
Number of IO requests: 0
Read/Write ratio for combined random IO test: 1.50
Periodic FSYNC enabled, calling fsync() each 100 requests.
Calling fsync() at the end of test, Enabled.
Using synchronous I/O mode
Doing random r/w test
Initializing worker threads...

Threads started!


File operations:
    reads/s:                      76.99
    writes/s:                     51.33
    fsyncs/s:                     162.83

Throughput:
    read, MiB/s:                  1.20
    written, MiB/s:               0.80

General statistics:
    total time:                          60.0057s
    total number of events:              17471

Latency (ms):
         min:                                  0.00
         avg:                                  3.43
         max:                                171.24
         95th percentile:                     20.74
         sum:                              59944.62

Threads fairness:
    events (avg/stddev):           17471.0000/0.00
    execution time (avg/stddev):   59.9446/0.00

sysbench 1.0.11 (using system LuaJIT 2.1.0-beta3)

Running the test with following options:
Number of threads: 1
Initializing random number generator from current time


Extra file open flags: 0
128 files, 16MiB each
2GiB total file size
Block size 16KiB
Number of IO requests: 0
Read/Write ratio for combined random IO test: 1.50
Periodic FSYNC enabled, calling fsync() each 100 requests.
Calling fsync() at the end of test, Enabled.
Using synchronous I/O mode
Doing random r/w test
Initializing worker threads...

Threads started!


File operations:
    reads/s:                      74.97
    writes/s:                     49.98
    fsyncs/s:                     157.84

Throughput:
    read, MiB/s:                  1.17
    written, MiB/s:               0.78

General statistics:
    total time:                          60.0204s
    total number of events:              16974

Latency (ms):
         min:                                  0.00
         avg:                                  3.53
         max:                                155.35
         95th percentile:                     22.28
         sum:                              59943.05

Threads fairness:
    events (avg/stddev):           16974.0000/0.00
    execution time (avg/stddev):   59.9431/0.00

sysbench 1.0.11 (using system LuaJIT 2.1.0-beta3)

Running the test with following options:
Number of threads: 1
Initializing random number generator from current time


Extra file open flags: 0
128 files, 16MiB each
2GiB total file size
Block size 16KiB
Number of IO requests: 0
Read/Write ratio for combined random IO test: 1.50
Periodic FSYNC enabled, calling fsync() each 100 requests.
Calling fsync() at the end of test, Enabled.
Using synchronous I/O mode
Doing random r/w test
Initializing worker threads...

Threads started!


File operations:
    reads/s:                      76.98
    writes/s:                     51.32
    fsyncs/s:                     162.11

Throughput:
    read, MiB/s:                  1.20
    written, MiB/s:               0.80

General statistics:
    total time:                          60.0119s
    total number of events:              17429

Latency (ms):
         min:                                  0.00
         avg:                                  3.44
         max:                                224.03
         95th percentile:                     21.11
         sum:                              59944.22

Threads fairness:
    events (avg/stddev):           17429.0000/0.00
    execution time (avg/stddev):   59.9442/0.00

sysbench 1.0.11 (using system LuaJIT 2.1.0-beta3)

Running the test with following options:
Number of threads: 1
Initializing random number generator from current time


Extra file open flags: 0
128 files, 16MiB each
2GiB total file size
Block size 16KiB
Number of IO requests: 0
Read/Write ratio for combined random IO test: 1.50
Periodic FSYNC enabled, calling fsync() each 100 requests.
Calling fsync() at the end of test, Enabled.
Using synchronous I/O mode
Doing random r/w test
Initializing worker threads...

Threads started!


File operations:
    reads/s:                      72.98
    writes/s:                     48.65
    fsyncs/s:                     155.54

Throughput:
    read, MiB/s:                  1.14
    written, MiB/s:               0.76

General statistics:
    total time:                          60.0161s
    total number of events:              16635

Latency (ms):
         min:                                  0.00
         avg:                                  3.60
         max:                                179.31
         95th percentile:                     22.28
         sum:                              59939.25

Threads fairness:
    events (avg/stddev):           16635.0000/0.00
    execution time (avg/stddev):   59.9393/0.00

sysbench 1.0.11 (using system LuaJIT 2.1.0-beta3)

Running the test with following options:
Number of threads: 1
Initializing random number generator from current time


Extra file open flags: 0
128 files, 16MiB each
2GiB total file size
Block size 16KiB
Number of IO requests: 0
Read/Write ratio for combined random IO test: 1.50
Periodic FSYNC enabled, calling fsync() each 100 requests.
Calling fsync() at the end of test, Enabled.
Using synchronous I/O mode
Doing random r/w test
Initializing worker threads...

Threads started!


File operations:
    reads/s:                      73.97
    writes/s:                     49.31
    fsyncs/s:                     156.42

Throughput:
    read, MiB/s:                  1.16
    written, MiB/s:               0.77

General statistics:
    total time:                          60.0226s
    total number of events:              16789

Latency (ms):
         min:                                  0.00
         avg:                                  3.57
         max:                                164.27
         95th percentile:                     22.28
         sum:                              59933.56

Threads fairness:
    events (avg/stddev):           16789.0000/0.00
    execution time (avg/stddev):   59.9336/0.00

sysbench 1.0.11 (using system LuaJIT 2.1.0-beta3)

Running the test with following options:
Number of threads: 1
Initializing random number generator from current time


Extra file open flags: 0
128 files, 16MiB each
2GiB total file size
Block size 16KiB
Number of IO requests: 0
Read/Write ratio for combined random IO test: 1.50
Periodic FSYNC enabled, calling fsync() each 100 requests.
Calling fsync() at the end of test, Enabled.
Using synchronous I/O mode
Doing random r/w test
Initializing worker threads...

Threads started!


File operations:
    reads/s:                      70.53
    writes/s:                     47.02
    fsyncs/s:                     148.83

Throughput:
    read, MiB/s:                  1.10
    written, MiB/s:               0.73

General statistics:
    total time:                          60.3973s
    total number of events:              16090

Latency (ms):
         min:                                  0.01
         avg:                                  3.73
         max:                                174.11
         95th percentile:                     23.10
         sum:                              60027.64

Threads fairness:
    events (avg/stddev):           16090.0000/0.00
    execution time (avg/stddev):   60.0276/0.00

sysbench 1.0.11 (using system LuaJIT 2.1.0-beta3)

Running the test with following options:
Number of threads: 1
Initializing random number generator from current time


Extra file open flags: 0
128 files, 16MiB each
2GiB total file size
Block size 16KiB
Number of IO requests: 0
Read/Write ratio for combined random IO test: 1.50
Periodic FSYNC enabled, calling fsync() each 100 requests.
Calling fsync() at the end of test, Enabled.
Using synchronous I/O mode
Doing random r/w test
Initializing worker threads...

Threads started!


File operations:
    reads/s:                      77.82
    writes/s:                     51.88
    fsyncs/s:                     164.01

Throughput:
    read, MiB/s:                  1.22
    written, MiB/s:               0.81

General statistics:
    total time:                          60.1317s
    total number of events:              17663

Latency (ms):
         min:                                  0.01
         avg:                                  3.39
         max:                                183.46
         95th percentile:                     20.74
         sum:                              59938.10

Threads fairness:
    events (avg/stddev):           17663.0000/0.00
    execution time (avg/stddev):   59.9381/0.00

sysbench 1.0.11 (using system LuaJIT 2.1.0-beta3)

Running the test with following options:
Number of threads: 1
Initializing random number generator from current time


Extra file open flags: 0
128 files, 16MiB each
2GiB total file size
Block size 16KiB
Number of IO requests: 0
Read/Write ratio for combined random IO test: 1.50
Periodic FSYNC enabled, calling fsync() each 100 requests.
Calling fsync() at the end of test, Enabled.
Using synchronous I/O mode
Doing random r/w test
Initializing worker threads...

Threads started!


File operations:
    reads/s:                      79.98
    writes/s:                     53.32
    fsyncs/s:                     169.13

Throughput:
    read, MiB/s:                  1.25
    written, MiB/s:               0.83

General statistics:
    total time:                          60.0098s
    total number of events:              18150

Latency (ms):
         min:                                  0.00
         avg:                                  3.30
         max:                                173.80
         95th percentile:                     20.37
         sum:                              59939.15

Threads fairness:
    events (avg/stddev):           18150.0000/0.00
    execution time (avg/stddev):   59.9391/0.00

sysbench 1.0.11 (using system LuaJIT 2.1.0-beta3)

Running the test with following options:
Number of threads: 1
Initializing random number generator from current time


Extra file open flags: 0
128 files, 16MiB each
2GiB total file size
Block size 16KiB
Number of IO requests: 0
Read/Write ratio for combined random IO test: 1.50
Periodic FSYNC enabled, calling fsync() each 100 requests.
Calling fsync() at the end of test, Enabled.
Using synchronous I/O mode
Doing random r/w test
Initializing worker threads...

Threads started!


File operations:
    reads/s:                      70.93
    writes/s:                     47.29
    fsyncs/s:                     149.45

Throughput:
    read, MiB/s:                  1.11
    written, MiB/s:               0.74

General statistics:
    total time:                          60.0542s
    total number of events:              16076

Latency (ms):
         min:                                  0.00
         avg:                                  3.73
         max:                                236.01
         95th percentile:                     23.10
         sum:                              59947.22

Threads fairness:
    events (avg/stddev):           16076.0000/0.00
    execution time (avg/stddev):   59.9472/0.00

