sysbench 1.0.11 (using system LuaJIT 2.1.0-beta3)

Running the test with following options:
Number of threads: 1
Initializing random number generator from current time


Extra file open flags: 0
128 files, 16MiB each
2GiB total file size
Block size 16KiB
Number of IO requests: 0
Read/Write ratio for combined random IO test: 1.50
Periodic FSYNC enabled, calling fsync() each 100 requests.
Calling fsync() at the end of test, Enabled.
Using synchronous I/O mode
Doing random r/w test
Initializing worker threads...

Threads started!


File operations:
    reads/s:                      81.00
    writes/s:                     54.00
    fsyncs/s:                     171.51

Throughput:
    read, MiB/s:                  1.27
    written, MiB/s:               0.84

General statistics:
    total time:                          60.0002s
    total number of events:              18391

Latency (ms):
         min:                                  0.00
         avg:                                  3.26
         max:                                281.72
         95th percentile:                     20.74
         sum:                              59937.88

Threads fairness:
    events (avg/stddev):           18391.0000/0.00
    execution time (avg/stddev):   59.9379/0.00

sysbench 1.0.11 (using system LuaJIT 2.1.0-beta3)

Running the test with following options:
Number of threads: 1
Initializing random number generator from current time


Extra file open flags: 0
128 files, 16MiB each
2GiB total file size
Block size 16KiB
Number of IO requests: 0
Read/Write ratio for combined random IO test: 1.50
Periodic FSYNC enabled, calling fsync() each 100 requests.
Calling fsync() at the end of test, Enabled.
Using synchronous I/O mode
Doing random r/w test
Initializing worker threads...

Threads started!


File operations:
    reads/s:                      72.99
    writes/s:                     48.66
    fsyncs/s:                     154.67

Throughput:
    read, MiB/s:                  1.14
    written, MiB/s:               0.76

General statistics:
    total time:                          60.0005s
    total number of events:              16581

Latency (ms):
         min:                                  0.00
         avg:                                  3.61
         max:                                186.55
         95th percentile:                     23.10
         sum:                              59938.85

Threads fairness:
    events (avg/stddev):           16581.0000/0.00
    execution time (avg/stddev):   59.9388/0.00

sysbench 1.0.11 (using system LuaJIT 2.1.0-beta3)

Running the test with following options:
Number of threads: 1
Initializing random number generator from current time


Extra file open flags: 0
128 files, 16MiB each
2GiB total file size
Block size 16KiB
Number of IO requests: 0
Read/Write ratio for combined random IO test: 1.50
Periodic FSYNC enabled, calling fsync() each 100 requests.
Calling fsync() at the end of test, Enabled.
Using synchronous I/O mode
Doing random r/w test
Initializing worker threads...

Threads started!


File operations:
    reads/s:                      75.00
    writes/s:                     50.00
    fsyncs/s:                     158.16

Throughput:
    read, MiB/s:                  1.17
    written, MiB/s:               0.78

General statistics:
    total time:                          60.0002s
    total number of events:              16990

Latency (ms):
         min:                                  0.00
         avg:                                  3.53
         max:                                252.94
         95th percentile:                     22.28
         sum:                              59943.51

Threads fairness:
    events (avg/stddev):           16990.0000/0.00
    execution time (avg/stddev):   59.9435/0.00

sysbench 1.0.11 (using system LuaJIT 2.1.0-beta3)

Running the test with following options:
Number of threads: 1
Initializing random number generator from current time


Extra file open flags: 0
128 files, 16MiB each
2GiB total file size
Block size 16KiB
Number of IO requests: 0
Read/Write ratio for combined random IO test: 1.50
Periodic FSYNC enabled, calling fsync() each 100 requests.
Calling fsync() at the end of test, Enabled.
Using synchronous I/O mode
Doing random r/w test
Initializing worker threads...

Threads started!


File operations:
    reads/s:                      79.00
    writes/s:                     52.66
    fsyncs/s:                     168.13

Throughput:
    read, MiB/s:                  1.23
    written, MiB/s:               0.82

General statistics:
    total time:                          60.0013s
    total number of events:              17988

Latency (ms):
         min:                                  0.00
         avg:                                  3.33
         max:                                179.20
         95th percentile:                     21.89
         sum:                              59931.10

Threads fairness:
    events (avg/stddev):           17988.0000/0.00
    execution time (avg/stddev):   59.9311/0.00

sysbench 1.0.11 (using system LuaJIT 2.1.0-beta3)

Running the test with following options:
Number of threads: 1
Initializing random number generator from current time


Extra file open flags: 0
128 files, 16MiB each
2GiB total file size
Block size 16KiB
Number of IO requests: 0
Read/Write ratio for combined random IO test: 1.50
Periodic FSYNC enabled, calling fsync() each 100 requests.
Calling fsync() at the end of test, Enabled.
Using synchronous I/O mode
Doing random r/w test
Initializing worker threads...

Threads started!


File operations:
    reads/s:                      79.00
    writes/s:                     52.66
    fsyncs/s:                     168.26

Throughput:
    read, MiB/s:                  1.23
    written, MiB/s:               0.82

General statistics:
    total time:                          60.0003s
    total number of events:              17996

Latency (ms):
         min:                                  0.01
         avg:                                  3.33
         max:                                202.93
         95th percentile:                     21.11
         sum:                              59927.23

Threads fairness:
    events (avg/stddev):           17996.0000/0.00
    execution time (avg/stddev):   59.9272/0.00

sysbench 1.0.11 (using system LuaJIT 2.1.0-beta3)

Running the test with following options:
Number of threads: 1
Initializing random number generator from current time


Extra file open flags: 0
128 files, 16MiB each
2GiB total file size
Block size 16KiB
Number of IO requests: 0
Read/Write ratio for combined random IO test: 1.50
Periodic FSYNC enabled, calling fsync() each 100 requests.
Calling fsync() at the end of test, Enabled.
Using synchronous I/O mode
Doing random r/w test
Initializing worker threads...

Threads started!


File operations:
    reads/s:                      78.00
    writes/s:                     52.00
    fsyncs/s:                     164.29

Throughput:
    read, MiB/s:                  1.22
    written, MiB/s:               0.81

General statistics:
    total time:                          60.0016s
    total number of events:              17658

Latency (ms):
         min:                                  0.00
         avg:                                  3.39
         max:                                169.67
         95th percentile:                     21.50
         sum:                              59929.91

Threads fairness:
    events (avg/stddev):           17658.0000/0.00
    execution time (avg/stddev):   59.9299/0.00

sysbench 1.0.11 (using system LuaJIT 2.1.0-beta3)

Running the test with following options:
Number of threads: 1
Initializing random number generator from current time


Extra file open flags: 0
128 files, 16MiB each
2GiB total file size
Block size 16KiB
Number of IO requests: 0
Read/Write ratio for combined random IO test: 1.50
Periodic FSYNC enabled, calling fsync() each 100 requests.
Calling fsync() at the end of test, Enabled.
Using synchronous I/O mode
Doing random r/w test
Initializing worker threads...

Threads started!


File operations:
    reads/s:                      70.91
    writes/s:                     47.27
    fsyncs/s:                     149.80

Throughput:
    read, MiB/s:                  1.11
    written, MiB/s:               0.74

General statistics:
    total time:                          60.0698s
    total number of events:              16099

Latency (ms):
         min:                                  0.00
         avg:                                  3.72
         max:                                188.27
         95th percentile:                     23.10
         sum:                              59919.66

Threads fairness:
    events (avg/stddev):           16099.0000/0.00
    execution time (avg/stddev):   59.9197/0.00

sysbench 1.0.11 (using system LuaJIT 2.1.0-beta3)

Running the test with following options:
Number of threads: 1
Initializing random number generator from current time


Extra file open flags: 0
128 files, 16MiB each
2GiB total file size
Block size 16KiB
Number of IO requests: 0
Read/Write ratio for combined random IO test: 1.50
Periodic FSYNC enabled, calling fsync() each 100 requests.
Calling fsync() at the end of test, Enabled.
Using synchronous I/O mode
Doing random r/w test
Initializing worker threads...

Threads started!


File operations:
    reads/s:                      72.84
    writes/s:                     48.56
    fsyncs/s:                     153.28

Throughput:
    read, MiB/s:                  1.14
    written, MiB/s:               0.76

General statistics:
    total time:                          60.1258s
    total number of events:              16517

Latency (ms):
         min:                                  0.00
         avg:                                  3.63
         max:                                255.36
         95th percentile:                     22.28
         sum:                              59961.08

Threads fairness:
    events (avg/stddev):           16517.0000/0.00
    execution time (avg/stddev):   59.9611/0.00

sysbench 1.0.11 (using system LuaJIT 2.1.0-beta3)

Running the test with following options:
Number of threads: 1
Initializing random number generator from current time


Extra file open flags: 0
128 files, 16MiB each
2GiB total file size
Block size 16KiB
Number of IO requests: 0
Read/Write ratio for combined random IO test: 1.50
Periodic FSYNC enabled, calling fsync() each 100 requests.
Calling fsync() at the end of test, Enabled.
Using synchronous I/O mode
Doing random r/w test
Initializing worker threads...

Threads started!


File operations:
    reads/s:                      75.97
    writes/s:                     50.65
    fsyncs/s:                     161.12

Throughput:
    read, MiB/s:                  1.19
    written, MiB/s:               0.79

General statistics:
    total time:                          60.0237s
    total number of events:              17271

Latency (ms):
         min:                                  0.00
         avg:                                  3.47
         max:                                178.58
         95th percentile:                     22.69
         sum:                              59936.68

Threads fairness:
    events (avg/stddev):           17271.0000/0.00
    execution time (avg/stddev):   59.9367/0.00

sysbench 1.0.11 (using system LuaJIT 2.1.0-beta3)

Running the test with following options:
Number of threads: 1
Initializing random number generator from current time


Extra file open flags: 0
128 files, 16MiB each
2GiB total file size
Block size 16KiB
Number of IO requests: 0
Read/Write ratio for combined random IO test: 1.50
Periodic FSYNC enabled, calling fsync() each 100 requests.
Calling fsync() at the end of test, Enabled.
Using synchronous I/O mode
Doing random r/w test
Initializing worker threads...

Threads started!


File operations:
    reads/s:                      77.98
    writes/s:                     51.98
    fsyncs/s:                     164.23

Throughput:
    read, MiB/s:                  1.22
    written, MiB/s:               0.81

General statistics:
    total time:                          60.0167s
    total number of events:              17657

Latency (ms):
         min:                                  0.00
         avg:                                  3.40
         max:                                188.94
         95th percentile:                     22.28
         sum:                              59948.61

Threads fairness:
    events (avg/stddev):           17657.0000/0.00
    execution time (avg/stddev):   59.9486/0.00

sysbench 1.0.11 (using system LuaJIT 2.1.0-beta3)

Running the test with following options:
Number of threads: 1
Initializing random number generator from current time


Extra file open flags: 0
128 files, 16MiB each
2GiB total file size
Block size 16KiB
Number of IO requests: 0
Read/Write ratio for combined random IO test: 1.50
Periodic FSYNC enabled, calling fsync() each 100 requests.
Calling fsync() at the end of test, Enabled.
Using synchronous I/O mode
Doing random r/w test
Initializing worker threads...

Threads started!


File operations:
    reads/s:                      75.95
    writes/s:                     50.63
    fsyncs/s:                     160.42

Throughput:
    read, MiB/s:                  1.19
    written, MiB/s:               0.79

General statistics:
    total time:                          60.0385s
    total number of events:              17232

Latency (ms):
         min:                                  0.00
         avg:                                  3.48
         max:                                173.41
         95th percentile:                     22.28
         sum:                              59936.68

Threads fairness:
    events (avg/stddev):           17232.0000/0.00
    execution time (avg/stddev):   59.9367/0.00

sysbench 1.0.11 (using system LuaJIT 2.1.0-beta3)

Running the test with following options:
Number of threads: 1
Initializing random number generator from current time


Extra file open flags: 0
128 files, 16MiB each
2GiB total file size
Block size 16KiB
Number of IO requests: 0
Read/Write ratio for combined random IO test: 1.50
Periodic FSYNC enabled, calling fsync() each 100 requests.
Calling fsync() at the end of test, Enabled.
Using synchronous I/O mode
Doing random r/w test
Initializing worker threads...

Threads started!


File operations:
    reads/s:                      73.98
    writes/s:                     49.32
    fsyncs/s:                     156.17

Throughput:
    read, MiB/s:                  1.16
    written, MiB/s:               0.77

General statistics:
    total time:                          60.0138s
    total number of events:              16773

Latency (ms):
         min:                                  0.00
         avg:                                  3.57
         max:                                151.61
         95th percentile:                     22.69
         sum:                              59933.16

Threads fairness:
    events (avg/stddev):           16773.0000/0.00
    execution time (avg/stddev):   59.9332/0.00

sysbench 1.0.11 (using system LuaJIT 2.1.0-beta3)

Running the test with following options:
Number of threads: 1
Initializing random number generator from current time


Extra file open flags: 0
128 files, 16MiB each
2GiB total file size
Block size 16KiB
Number of IO requests: 0
Read/Write ratio for combined random IO test: 1.50
Periodic FSYNC enabled, calling fsync() each 100 requests.
Calling fsync() at the end of test, Enabled.
Using synchronous I/O mode
Doing random r/w test
Initializing worker threads...

Threads started!


File operations:
    reads/s:                      76.97
    writes/s:                     51.31
    fsyncs/s:                     163.91

Throughput:
    read, MiB/s:                  1.20
    written, MiB/s:               0.80

General statistics:
    total time:                          60.0241s
    total number of events:              17539

Latency (ms):
         min:                                  0.00
         avg:                                  3.42
         max:                                199.54
         95th percentile:                     21.50
         sum:                              59937.17

Threads fairness:
    events (avg/stddev):           17539.0000/0.00
    execution time (avg/stddev):   59.9372/0.00

sysbench 1.0.11 (using system LuaJIT 2.1.0-beta3)

Running the test with following options:
Number of threads: 1
Initializing random number generator from current time


Extra file open flags: 0
128 files, 16MiB each
2GiB total file size
Block size 16KiB
Number of IO requests: 0
Read/Write ratio for combined random IO test: 1.50
Periodic FSYNC enabled, calling fsync() each 100 requests.
Calling fsync() at the end of test, Enabled.
Using synchronous I/O mode
Doing random r/w test
Initializing worker threads...

Threads started!


File operations:
    reads/s:                      74.96
    writes/s:                     49.98
    fsyncs/s:                     157.81

Throughput:
    read, MiB/s:                  1.17
    written, MiB/s:               0.78

General statistics:
    total time:                          60.0246s
    total number of events:              16973

Latency (ms):
         min:                                  0.00
         avg:                                  3.53
         max:                                230.62
         95th percentile:                     22.28
         sum:                              59941.71

Threads fairness:
    events (avg/stddev):           16973.0000/0.00
    execution time (avg/stddev):   59.9417/0.00

sysbench 1.0.11 (using system LuaJIT 2.1.0-beta3)

Running the test with following options:
Number of threads: 1
Initializing random number generator from current time


Extra file open flags: 0
128 files, 16MiB each
2GiB total file size
Block size 16KiB
Number of IO requests: 0
Read/Write ratio for combined random IO test: 1.50
Periodic FSYNC enabled, calling fsync() each 100 requests.
Calling fsync() at the end of test, Enabled.
Using synchronous I/O mode
Doing random r/w test
Initializing worker threads...

Threads started!


File operations:
    reads/s:                      72.99
    writes/s:                     48.66
    fsyncs/s:                     155.54

Throughput:
    read, MiB/s:                  1.14
    written, MiB/s:               0.76

General statistics:
    total time:                          60.0071s
    total number of events:              16634

Latency (ms):
         min:                                  0.00
         avg:                                  3.60
         max:                                168.27
         95th percentile:                     23.10
         sum:                              59940.11

Threads fairness:
    events (avg/stddev):           16634.0000/0.00
    execution time (avg/stddev):   59.9401/0.00

sysbench 1.0.11 (using system LuaJIT 2.1.0-beta3)

Running the test with following options:
Number of threads: 1
Initializing random number generator from current time


Extra file open flags: 0
128 files, 16MiB each
2GiB total file size
Block size 16KiB
Number of IO requests: 0
Read/Write ratio for combined random IO test: 1.50
Periodic FSYNC enabled, calling fsync() each 100 requests.
Calling fsync() at the end of test, Enabled.
Using synchronous I/O mode
Doing random r/w test
Initializing worker threads...

Threads started!


File operations:
    reads/s:                      72.97
    writes/s:                     48.65
    fsyncs/s:                     154.73

Throughput:
    read, MiB/s:                  1.14
    written, MiB/s:               0.76

General statistics:
    total time:                          60.0202s
    total number of events:              16587

Latency (ms):
         min:                                  0.00
         avg:                                  3.61
         max:                                146.17
         95th percentile:                     23.52
         sum:                              59940.94

Threads fairness:
    events (avg/stddev):           16587.0000/0.00
    execution time (avg/stddev):   59.9409/0.00

sysbench 1.0.11 (using system LuaJIT 2.1.0-beta3)

Running the test with following options:
Number of threads: 1
Initializing random number generator from current time


Extra file open flags: 0
128 files, 16MiB each
2GiB total file size
Block size 16KiB
Number of IO requests: 0
Read/Write ratio for combined random IO test: 1.50
Periodic FSYNC enabled, calling fsync() each 100 requests.
Calling fsync() at the end of test, Enabled.
Using synchronous I/O mode
Doing random r/w test
Initializing worker threads...

Threads started!


File operations:
    reads/s:                      69.94
    writes/s:                     46.63
    fsyncs/s:                     149.16

Throughput:
    read, MiB/s:                  1.09
    written, MiB/s:               0.73

General statistics:
    total time:                          60.0472s
    total number of events:              15957

Latency (ms):
         min:                                  0.01
         avg:                                  3.76
         max:                                171.59
         95th percentile:                     23.10
         sum:                              59941.97

Threads fairness:
    events (avg/stddev):           15957.0000/0.00
    execution time (avg/stddev):   59.9420/0.00

sysbench 1.0.11 (using system LuaJIT 2.1.0-beta3)

Running the test with following options:
Number of threads: 1
Initializing random number generator from current time


Extra file open flags: 0
128 files, 16MiB each
2GiB total file size
Block size 16KiB
Number of IO requests: 0
Read/Write ratio for combined random IO test: 1.50
Periodic FSYNC enabled, calling fsync() each 100 requests.
Calling fsync() at the end of test, Enabled.
Using synchronous I/O mode
Doing random r/w test
Initializing worker threads...

Threads started!


File operations:
    reads/s:                      74.97
    writes/s:                     49.98
    fsyncs/s:                     157.83

Throughput:
    read, MiB/s:                  1.17
    written, MiB/s:               0.78

General statistics:
    total time:                          60.0185s
    total number of events:              16973

Latency (ms):
         min:                                  0.01
         avg:                                  3.53
         max:                                215.23
         95th percentile:                     23.10
         sum:                              59946.83

Threads fairness:
    events (avg/stddev):           16973.0000/0.00
    execution time (avg/stddev):   59.9468/0.00

sysbench 1.0.11 (using system LuaJIT 2.1.0-beta3)

Running the test with following options:
Number of threads: 1
Initializing random number generator from current time


Extra file open flags: 0
128 files, 16MiB each
2GiB total file size
Block size 16KiB
Number of IO requests: 0
Read/Write ratio for combined random IO test: 1.50
Periodic FSYNC enabled, calling fsync() each 100 requests.
Calling fsync() at the end of test, Enabled.
Using synchronous I/O mode
Doing random r/w test
Initializing worker threads...

Threads started!


File operations:
    reads/s:                      75.98
    writes/s:                     50.65
    fsyncs/s:                     159.98

Throughput:
    read, MiB/s:                  1.19
    written, MiB/s:               0.79

General statistics:
    total time:                          60.0139s
    total number of events:              17201

Latency (ms):
         min:                                  0.01
         avg:                                  3.48
         max:                                286.33
         95th percentile:                     22.28
         sum:                              59942.84

Threads fairness:
    events (avg/stddev):           17201.0000/0.00
    execution time (avg/stddev):   59.9428/0.00

sysbench 1.0.11 (using system LuaJIT 2.1.0-beta3)

Running the test with following options:
Number of threads: 1
Initializing random number generator from current time


Extra file open flags: 0
128 files, 16MiB each
2GiB total file size
Block size 16KiB
Number of IO requests: 0
Read/Write ratio for combined random IO test: 1.50
Periodic FSYNC enabled, calling fsync() each 100 requests.
Calling fsync() at the end of test, Enabled.
Using synchronous I/O mode
Doing random r/w test
Initializing worker threads...

Threads started!


File operations:
    reads/s:                      81.98
    writes/s:                     54.66
    fsyncs/s:                     172.78

Throughput:
    read, MiB/s:                  1.28
    written, MiB/s:               0.85

General statistics:
    total time:                          60.0099s
    total number of events:              18569

Latency (ms):
         min:                                  0.00
         avg:                                  3.23
         max:                                182.25
         95th percentile:                     20.74
         sum:                              59937.99

Threads fairness:
    events (avg/stddev):           18569.0000/0.00
    execution time (avg/stddev):   59.9380/0.00

sysbench 1.0.11 (using system LuaJIT 2.1.0-beta3)

Running the test with following options:
Number of threads: 1
Initializing random number generator from current time


Extra file open flags: 0
128 files, 16MiB each
2GiB total file size
Block size 16KiB
Number of IO requests: 0
Read/Write ratio for combined random IO test: 1.50
Periodic FSYNC enabled, calling fsync() each 100 requests.
Calling fsync() at the end of test, Enabled.
Using synchronous I/O mode
Doing random r/w test
Initializing worker threads...

Threads started!


File operations:
    reads/s:                      74.93
    writes/s:                     49.95
    fsyncs/s:                     157.73

Throughput:
    read, MiB/s:                  1.17
    written, MiB/s:               0.78

General statistics:
    total time:                          60.0576s
    total number of events:              16973

Latency (ms):
         min:                                  0.00
         avg:                                  3.53
         max:                                285.63
         95th percentile:                     22.69
         sum:                              59960.44

Threads fairness:
    events (avg/stddev):           16973.0000/0.00
    execution time (avg/stddev):   59.9604/0.00

sysbench 1.0.11 (using system LuaJIT 2.1.0-beta3)

Running the test with following options:
Number of threads: 1
Initializing random number generator from current time


Extra file open flags: 0
128 files, 16MiB each
2GiB total file size
Block size 16KiB
Number of IO requests: 0
Read/Write ratio for combined random IO test: 1.50
Periodic FSYNC enabled, calling fsync() each 100 requests.
Calling fsync() at the end of test, Enabled.
Using synchronous I/O mode
Doing random r/w test
Initializing worker threads...

Threads started!


File operations:
    reads/s:                      74.92
    writes/s:                     49.95
    fsyncs/s:                     157.71

Throughput:
    read, MiB/s:                  1.17
    written, MiB/s:               0.78

General statistics:
    total time:                          60.0588s
    total number of events:              16973

Latency (ms):
         min:                                  0.00
         avg:                                  3.53
         max:                                213.87
         95th percentile:                     22.28
         sum:                              59938.51

Threads fairness:
    events (avg/stddev):           16973.0000/0.00
    execution time (avg/stddev):   59.9385/0.00

sysbench 1.0.11 (using system LuaJIT 2.1.0-beta3)

Running the test with following options:
Number of threads: 1
Initializing random number generator from current time


Extra file open flags: 0
128 files, 16MiB each
2GiB total file size
Block size 16KiB
Number of IO requests: 0
Read/Write ratio for combined random IO test: 1.50
Periodic FSYNC enabled, calling fsync() each 100 requests.
Calling fsync() at the end of test, Enabled.
Using synchronous I/O mode
Doing random r/w test
Initializing worker threads...

Threads started!


File operations:
    reads/s:                      77.98
    writes/s:                     51.99
    fsyncs/s:                     164.25

Throughput:
    read, MiB/s:                  1.22
    written, MiB/s:               0.81

General statistics:
    total time:                          60.0100s
    total number of events:              17657

Latency (ms):
         min:                                  0.00
         avg:                                  3.39
         max:                                158.57
         95th percentile:                     21.11
         sum:                              59936.60

Threads fairness:
    events (avg/stddev):           17657.0000/0.00
    execution time (avg/stddev):   59.9366/0.00

sysbench 1.0.11 (using system LuaJIT 2.1.0-beta3)

Running the test with following options:
Number of threads: 1
Initializing random number generator from current time


Extra file open flags: 0
128 files, 16MiB each
2GiB total file size
Block size 16KiB
Number of IO requests: 0
Read/Write ratio for combined random IO test: 1.50
Periodic FSYNC enabled, calling fsync() each 100 requests.
Calling fsync() at the end of test, Enabled.
Using synchronous I/O mode
Doing random r/w test
Initializing worker threads...

Threads started!


File operations:
    reads/s:                      73.93
    writes/s:                     49.29
    fsyncs/s:                     156.77

Throughput:
    read, MiB/s:                  1.16
    written, MiB/s:               0.77

General statistics:
    total time:                          60.0544s
    total number of events:              16815

Latency (ms):
         min:                                  0.00
         avg:                                  3.56
         max:                                191.05
         95th percentile:                     22.28
         sum:                              59929.26

Threads fairness:
    events (avg/stddev):           16815.0000/0.00
    execution time (avg/stddev):   59.9293/0.00

sysbench 1.0.11 (using system LuaJIT 2.1.0-beta3)

Running the test with following options:
Number of threads: 1
Initializing random number generator from current time


Extra file open flags: 0
128 files, 16MiB each
2GiB total file size
Block size 16KiB
Number of IO requests: 0
Read/Write ratio for combined random IO test: 1.50
Periodic FSYNC enabled, calling fsync() each 100 requests.
Calling fsync() at the end of test, Enabled.
Using synchronous I/O mode
Doing random r/w test
Initializing worker threads...

Threads started!


File operations:
    reads/s:                      76.00
    writes/s:                     50.67
    fsyncs/s:                     161.23

Throughput:
    read, MiB/s:                  1.19
    written, MiB/s:               0.79

General statistics:
    total time:                          60.0002s
    total number of events:              17274

Latency (ms):
         min:                                  0.01
         avg:                                  3.47
         max:                                184.25
         95th percentile:                     21.89
         sum:                              59930.17

Threads fairness:
    events (avg/stddev):           17274.0000/0.00
    execution time (avg/stddev):   59.9302/0.00

sysbench 1.0.11 (using system LuaJIT 2.1.0-beta3)

Running the test with following options:
Number of threads: 1
Initializing random number generator from current time


Extra file open flags: 0
128 files, 16MiB each
2GiB total file size
Block size 16KiB
Number of IO requests: 0
Read/Write ratio for combined random IO test: 1.50
Periodic FSYNC enabled, calling fsync() each 100 requests.
Calling fsync() at the end of test, Enabled.
Using synchronous I/O mode
Doing random r/w test
Initializing worker threads...

Threads started!


File operations:
    reads/s:                      78.92
    writes/s:                     52.61
    fsyncs/s:                     166.77

Throughput:
    read, MiB/s:                  1.23
    written, MiB/s:               0.82

General statistics:
    total time:                          60.0617s
    total number of events:              17917

Latency (ms):
         min:                                  0.01
         avg:                                  3.35
         max:                                253.00
         95th percentile:                     20.74
         sum:                              59936.31

Threads fairness:
    events (avg/stddev):           17917.0000/0.00
    execution time (avg/stddev):   59.9363/0.00

sysbench 1.0.11 (using system LuaJIT 2.1.0-beta3)

Running the test with following options:
Number of threads: 1
Initializing random number generator from current time


Extra file open flags: 0
128 files, 16MiB each
2GiB total file size
Block size 16KiB
Number of IO requests: 0
Read/Write ratio for combined random IO test: 1.50
Periodic FSYNC enabled, calling fsync() each 100 requests.
Calling fsync() at the end of test, Enabled.
Using synchronous I/O mode
Doing random r/w test
Initializing worker threads...

Threads started!


File operations:
    reads/s:                      71.99
    writes/s:                     47.99
    fsyncs/s:                     152.37

Throughput:
    read, MiB/s:                  1.12
    written, MiB/s:               0.75

General statistics:
    total time:                          60.0068s
    total number of events:              16344

Latency (ms):
         min:                                  0.00
         avg:                                  3.67
         max:                                173.39
         95th percentile:                     23.52
         sum:                              59930.30

Threads fairness:
    events (avg/stddev):           16344.0000/0.00
    execution time (avg/stddev):   59.9303/0.00

sysbench 1.0.11 (using system LuaJIT 2.1.0-beta3)

Running the test with following options:
Number of threads: 1
Initializing random number generator from current time


Extra file open flags: 0
128 files, 16MiB each
2GiB total file size
Block size 16KiB
Number of IO requests: 0
Read/Write ratio for combined random IO test: 1.50
Periodic FSYNC enabled, calling fsync() each 100 requests.
Calling fsync() at the end of test, Enabled.
Using synchronous I/O mode
Doing random r/w test
Initializing worker threads...

Threads started!


File operations:
    reads/s:                      82.93
    writes/s:                     55.28
    fsyncs/s:                     176.84

Throughput:
    read, MiB/s:                  1.30
    written, MiB/s:               0.86

General statistics:
    total time:                          60.0514s
    total number of events:              18920

Latency (ms):
         min:                                  0.00
         avg:                                  3.17
         max:                                233.89
         95th percentile:                     19.65
         sum:                              59923.90

Threads fairness:
    events (avg/stddev):           18920.0000/0.00
    execution time (avg/stddev):   59.9239/0.00

sysbench 1.0.11 (using system LuaJIT 2.1.0-beta3)

Running the test with following options:
Number of threads: 1
Initializing random number generator from current time


Extra file open flags: 0
128 files, 16MiB each
2GiB total file size
Block size 16KiB
Number of IO requests: 0
Read/Write ratio for combined random IO test: 1.50
Periodic FSYNC enabled, calling fsync() each 100 requests.
Calling fsync() at the end of test, Enabled.
Using synchronous I/O mode
Doing random r/w test
Initializing worker threads...

Threads started!


File operations:
    reads/s:                      77.92
    writes/s:                     51.95
    fsyncs/s:                     164.67

Throughput:
    read, MiB/s:                  1.22
    written, MiB/s:               0.81

General statistics:
    total time:                          60.0552s
    total number of events:              17690

Latency (ms):
         min:                                  0.00
         avg:                                  3.39
         max:                                209.39
         95th percentile:                     22.28
         sum:                              59940.02

Threads fairness:
    events (avg/stddev):           17690.0000/0.00
    execution time (avg/stddev):   59.9400/0.00

sysbench 1.0.11 (using system LuaJIT 2.1.0-beta3)

Running the test with following options:
Number of threads: 1
Initializing random number generator from current time


Extra file open flags: 0
128 files, 16MiB each
2GiB total file size
Block size 16KiB
Number of IO requests: 0
Read/Write ratio for combined random IO test: 1.50
Periodic FSYNC enabled, calling fsync() each 100 requests.
Calling fsync() at the end of test, Enabled.
Using synchronous I/O mode
Doing random r/w test
Initializing worker threads...

Threads started!


File operations:
    reads/s:                      76.92
    writes/s:                     51.28
    fsyncs/s:                     163.22

Throughput:
    read, MiB/s:                  1.20
    written, MiB/s:               0.80

General statistics:
    total time:                          60.0592s
    total number of events:              17503

Latency (ms):
         min:                                  0.01
         avg:                                  3.42
         max:                                214.97
         95th percentile:                     21.11
         sum:                              59939.49

Threads fairness:
    events (avg/stddev):           17503.0000/0.00
    execution time (avg/stddev):   59.9395/0.00

