sysbench 1.0.11 (using system LuaJIT 2.1.0-beta3)

Running the test with following options:
Number of threads: 1
Initializing random number generator from current time


Extra file open flags: 0
128 files, 16MiB each
2GiB total file size
Block size 16KiB
Number of IO requests: 0
Read/Write ratio for combined random IO test: 1.50
Periodic FSYNC enabled, calling fsync() each 100 requests.
Calling fsync() at the end of test, Enabled.
Using synchronous I/O mode
Doing random r/w test
Initializing worker threads...

Threads started!


File operations:
    reads/s:                      62.99
    writes/s:                     41.99
    fsyncs/s:                     132.27

Throughput:
    read, MiB/s:                  0.98
    written, MiB/s:               0.66

General statistics:
    total time:                          60.0051s
    total number of events:              14237

Latency (ms):
         min:                                  0.00
         avg:                                  4.21
         max:                                218.14
         95th percentile:                     25.28
         sum:                              59943.93

Threads fairness:
    events (avg/stddev):           14237.0000/0.00
    execution time (avg/stddev):   59.9439/0.00

sysbench 1.0.11 (using system LuaJIT 2.1.0-beta3)

Running the test with following options:
Number of threads: 1
Initializing random number generator from current time


Extra file open flags: 0
128 files, 16MiB each
2GiB total file size
Block size 16KiB
Number of IO requests: 0
Read/Write ratio for combined random IO test: 1.50
Periodic FSYNC enabled, calling fsync() each 100 requests.
Calling fsync() at the end of test, Enabled.
Using synchronous I/O mode
Doing random r/w test
Initializing worker threads...

Threads started!


File operations:
    reads/s:                      62.00
    writes/s:                     41.33
    fsyncs/s:                     132.11

Throughput:
    read, MiB/s:                  0.97
    written, MiB/s:               0.65

General statistics:
    total time:                          60.0010s
    total number of events:              14127

Latency (ms):
         min:                                  0.00
         avg:                                  4.24
         max:                                157.03
         95th percentile:                     26.20
         sum:                              59938.96

Threads fairness:
    events (avg/stddev):           14127.0000/0.00
    execution time (avg/stddev):   59.9390/0.00

sysbench 1.0.11 (using system LuaJIT 2.1.0-beta3)

Running the test with following options:
Number of threads: 1
Initializing random number generator from current time


Extra file open flags: 0
128 files, 16MiB each
2GiB total file size
Block size 16KiB
Number of IO requests: 0
Read/Write ratio for combined random IO test: 1.50
Periodic FSYNC enabled, calling fsync() each 100 requests.
Calling fsync() at the end of test, Enabled.
Using synchronous I/O mode
Doing random r/w test
Initializing worker threads...

Threads started!


File operations:
    reads/s:                      59.94
    writes/s:                     39.96
    fsyncs/s:                     125.80

Throughput:
    read, MiB/s:                  0.94
    written, MiB/s:               0.62

General statistics:
    total time:                          60.0481s
    total number of events:              13555

Latency (ms):
         min:                                  0.01
         avg:                                  4.43
         max:                                328.98
         95th percentile:                     26.20
         sum:                              59996.90

Threads fairness:
    events (avg/stddev):           13555.0000/0.00
    execution time (avg/stddev):   59.9969/0.00

sysbench 1.0.11 (using system LuaJIT 2.1.0-beta3)

Running the test with following options:
Number of threads: 1
Initializing random number generator from current time


Extra file open flags: 0
128 files, 16MiB each
2GiB total file size
Block size 16KiB
Number of IO requests: 0
Read/Write ratio for combined random IO test: 1.50
Periodic FSYNC enabled, calling fsync() each 100 requests.
Calling fsync() at the end of test, Enabled.
Using synchronous I/O mode
Doing random r/w test
Initializing worker threads...

Threads started!


File operations:
    reads/s:                      61.98
    writes/s:                     41.32
    fsyncs/s:                     130.63

Throughput:
    read, MiB/s:                  0.97
    written, MiB/s:               0.65

General statistics:
    total time:                          60.0154s
    total number of events:              14040

Latency (ms):
         min:                                  0.00
         avg:                                  4.27
         max:                                193.16
         95th percentile:                     26.20
         sum:                              59955.57

Threads fairness:
    events (avg/stddev):           14040.0000/0.00
    execution time (avg/stddev):   59.9556/0.00

sysbench 1.0.11 (using system LuaJIT 2.1.0-beta3)

Running the test with following options:
Number of threads: 1
Initializing random number generator from current time


Extra file open flags: 0
128 files, 16MiB each
2GiB total file size
Block size 16KiB
Number of IO requests: 0
Read/Write ratio for combined random IO test: 1.50
Periodic FSYNC enabled, calling fsync() each 100 requests.
Calling fsync() at the end of test, Enabled.
Using synchronous I/O mode
Doing random r/w test
Initializing worker threads...

Threads started!


File operations:
    reads/s:                      62.99
    writes/s:                     42.00
    fsyncs/s:                     133.52

Throughput:
    read, MiB/s:                  0.98
    written, MiB/s:               0.66

General statistics:
    total time:                          60.0002s
    total number of events:              14312

Latency (ms):
         min:                                  0.00
         avg:                                  4.19
         max:                                176.83
         95th percentile:                     25.74
         sum:                              59944.06

Threads fairness:
    events (avg/stddev):           14312.0000/0.00
    execution time (avg/stddev):   59.9441/0.00

sysbench 1.0.11 (using system LuaJIT 2.1.0-beta3)

Running the test with following options:
Number of threads: 1
Initializing random number generator from current time


Extra file open flags: 0
128 files, 16MiB each
2GiB total file size
Block size 16KiB
Number of IO requests: 0
Read/Write ratio for combined random IO test: 1.50
Periodic FSYNC enabled, calling fsync() each 100 requests.
Calling fsync() at the end of test, Enabled.
Using synchronous I/O mode
Doing random r/w test
Initializing worker threads...

Threads started!


File operations:
    reads/s:                      59.96
    writes/s:                     39.98
    fsyncs/s:                     126.07

Throughput:
    read, MiB/s:                  0.94
    written, MiB/s:               0.62

General statistics:
    total time:                          60.0253s
    total number of events:              13569

Latency (ms):
         min:                                  0.00
         avg:                                  4.42
         max:                                199.22
         95th percentile:                     26.20
         sum:                              59967.15

Threads fairness:
    events (avg/stddev):           13569.0000/0.00
    execution time (avg/stddev):   59.9672/0.00

sysbench 1.0.11 (using system LuaJIT 2.1.0-beta3)

Running the test with following options:
Number of threads: 1
Initializing random number generator from current time


Extra file open flags: 0
128 files, 16MiB each
2GiB total file size
Block size 16KiB
Number of IO requests: 0
Read/Write ratio for combined random IO test: 1.50
Periodic FSYNC enabled, calling fsync() each 100 requests.
Calling fsync() at the end of test, Enabled.
Using synchronous I/O mode
Doing random r/w test
Initializing worker threads...

Threads started!


File operations:
    reads/s:                      59.92
    writes/s:                     39.95
    fsyncs/s:                     127.35

Throughput:
    read, MiB/s:                  0.94
    written, MiB/s:               0.62

General statistics:
    total time:                          60.0762s
    total number of events:              13651

Latency (ms):
         min:                                  0.01
         avg:                                  4.39
         max:                                196.37
         95th percentile:                     26.68
         sum:                              59983.45

Threads fairness:
    events (avg/stddev):           13651.0000/0.00
    execution time (avg/stddev):   59.9835/0.00

sysbench 1.0.11 (using system LuaJIT 2.1.0-beta3)

Running the test with following options:
Number of threads: 1
Initializing random number generator from current time


Extra file open flags: 0
128 files, 16MiB each
2GiB total file size
Block size 16KiB
Number of IO requests: 0
Read/Write ratio for combined random IO test: 1.50
Periodic FSYNC enabled, calling fsync() each 100 requests.
Calling fsync() at the end of test, Enabled.
Using synchronous I/O mode
Doing random r/w test
Initializing worker threads...

Threads started!


File operations:
    reads/s:                      57.99
    writes/s:                     38.66
    fsyncs/s:                     121.72

Throughput:
    read, MiB/s:                  0.91
    written, MiB/s:               0.60

General statistics:
    total time:                          60.0009s
    total number of events:              13104

Latency (ms):
         min:                                  0.00
         avg:                                  4.57
         max:                                251.71
         95th percentile:                     27.17
         sum:                              59947.55

Threads fairness:
    events (avg/stddev):           13104.0000/0.00
    execution time (avg/stddev):   59.9475/0.00

sysbench 1.0.11 (using system LuaJIT 2.1.0-beta3)

Running the test with following options:
Number of threads: 1
Initializing random number generator from current time


Extra file open flags: 0
128 files, 16MiB each
2GiB total file size
Block size 16KiB
Number of IO requests: 0
Read/Write ratio for combined random IO test: 1.50
Periodic FSYNC enabled, calling fsync() each 100 requests.
Calling fsync() at the end of test, Enabled.
Using synchronous I/O mode
Doing random r/w test
Initializing worker threads...

Threads started!


File operations:
    reads/s:                      61.95
    writes/s:                     41.30
    fsyncs/s:                     131.28

Throughput:
    read, MiB/s:                  0.97
    written, MiB/s:               0.65

General statistics:
    total time:                          60.0411s
    total number of events:              14083

Latency (ms):
         min:                                  0.00
         avg:                                  4.26
         max:                                177.49
         95th percentile:                     26.20
         sum:                              59941.64

Threads fairness:
    events (avg/stddev):           14083.0000/0.00
    execution time (avg/stddev):   59.9416/0.00

sysbench 1.0.11 (using system LuaJIT 2.1.0-beta3)

Running the test with following options:
Number of threads: 1
Initializing random number generator from current time


Extra file open flags: 0
128 files, 16MiB each
2GiB total file size
Block size 16KiB
Number of IO requests: 0
Read/Write ratio for combined random IO test: 1.50
Periodic FSYNC enabled, calling fsync() each 100 requests.
Calling fsync() at the end of test, Enabled.
Using synchronous I/O mode
Doing random r/w test
Initializing worker threads...

Threads started!


File operations:
    reads/s:                      61.88
    writes/s:                     41.26
    fsyncs/s:                     130.09

Throughput:
    read, MiB/s:                  0.97
    written, MiB/s:               0.64

General statistics:
    total time:                          60.1056s
    total number of events:              14020

Latency (ms):
         min:                                  0.01
         avg:                                  4.28
         max:                                160.55
         95th percentile:                     26.68
         sum:                              59981.02

Threads fairness:
    events (avg/stddev):           14020.0000/0.00
    execution time (avg/stddev):   59.9810/0.00

sysbench 1.0.11 (using system LuaJIT 2.1.0-beta3)

Running the test with following options:
Number of threads: 1
Initializing random number generator from current time


Extra file open flags: 0
128 files, 16MiB each
2GiB total file size
Block size 16KiB
Number of IO requests: 0
Read/Write ratio for combined random IO test: 1.50
Periodic FSYNC enabled, calling fsync() each 100 requests.
Calling fsync() at the end of test, Enabled.
Using synchronous I/O mode
Doing random r/w test
Initializing worker threads...

Threads started!


File operations:
    reads/s:                      60.91
    writes/s:                     40.60
    fsyncs/s:                     127.95

Throughput:
    read, MiB/s:                  0.95
    written, MiB/s:               0.63

General statistics:
    total time:                          60.0866s
    total number of events:              13789

Latency (ms):
         min:                                  0.00
         avg:                                  4.35
         max:                                262.95
         95th percentile:                     26.68
         sum:                              59969.48

Threads fairness:
    events (avg/stddev):           13789.0000/0.00
    execution time (avg/stddev):   59.9695/0.00

sysbench 1.0.11 (using system LuaJIT 2.1.0-beta3)

Running the test with following options:
Number of threads: 1
Initializing random number generator from current time


Extra file open flags: 0
128 files, 16MiB each
2GiB total file size
Block size 16KiB
Number of IO requests: 0
Read/Write ratio for combined random IO test: 1.50
Periodic FSYNC enabled, calling fsync() each 100 requests.
Calling fsync() at the end of test, Enabled.
Using synchronous I/O mode
Doing random r/w test
Initializing worker threads...

Threads started!


File operations:
    reads/s:                      60.98
    writes/s:                     40.65
    fsyncs/s:                     128.52

Throughput:
    read, MiB/s:                  0.95
    written, MiB/s:               0.64

General statistics:
    total time:                          60.0189s
    total number of events:              13814

Latency (ms):
         min:                                  0.00
         avg:                                  4.34
         max:                                236.39
         95th percentile:                     26.20
         sum:                              59942.24

Threads fairness:
    events (avg/stddev):           13814.0000/0.00
    execution time (avg/stddev):   59.9422/0.00

sysbench 1.0.11 (using system LuaJIT 2.1.0-beta3)

Running the test with following options:
Number of threads: 1
Initializing random number generator from current time


Extra file open flags: 0
128 files, 16MiB each
2GiB total file size
Block size 16KiB
Number of IO requests: 0
Read/Write ratio for combined random IO test: 1.50
Periodic FSYNC enabled, calling fsync() each 100 requests.
Calling fsync() at the end of test, Enabled.
Using synchronous I/O mode
Doing random r/w test
Initializing worker threads...

Threads started!


File operations:
    reads/s:                      60.94
    writes/s:                     40.62
    fsyncs/s:                     128.52

Throughput:
    read, MiB/s:                  0.95
    written, MiB/s:               0.63

General statistics:
    total time:                          60.0603s
    total number of events:              13819

Latency (ms):
         min:                                  0.01
         avg:                                  4.34
         max:                                174.03
         95th percentile:                     25.74
         sum:                              59954.22

Threads fairness:
    events (avg/stddev):           13819.0000/0.00
    execution time (avg/stddev):   59.9542/0.00

sysbench 1.0.11 (using system LuaJIT 2.1.0-beta3)

Running the test with following options:
Number of threads: 1
Initializing random number generator from current time


Extra file open flags: 0
128 files, 16MiB each
2GiB total file size
Block size 16KiB
Number of IO requests: 0
Read/Write ratio for combined random IO test: 1.50
Periodic FSYNC enabled, calling fsync() each 100 requests.
Calling fsync() at the end of test, Enabled.
Using synchronous I/O mode
Doing random r/w test
Initializing worker threads...

Threads started!


File operations:
    reads/s:                      57.98
    writes/s:                     38.65
    fsyncs/s:                     123.49

Throughput:
    read, MiB/s:                  0.91
    written, MiB/s:               0.60

General statistics:
    total time:                          60.0178s
    total number of events:              13212

Latency (ms):
         min:                                  0.00
         avg:                                  4.54
         max:                                271.64
         95th percentile:                     26.68
         sum:                              59948.63

Threads fairness:
    events (avg/stddev):           13212.0000/0.00
    execution time (avg/stddev):   59.9486/0.00

sysbench 1.0.11 (using system LuaJIT 2.1.0-beta3)

Running the test with following options:
Number of threads: 1
Initializing random number generator from current time


Extra file open flags: 0
128 files, 16MiB each
2GiB total file size
Block size 16KiB
Number of IO requests: 0
Read/Write ratio for combined random IO test: 1.50
Periodic FSYNC enabled, calling fsync() each 100 requests.
Calling fsync() at the end of test, Enabled.
Using synchronous I/O mode
Doing random r/w test
Initializing worker threads...

Threads started!


File operations:
    reads/s:                      60.15
    writes/s:                     40.10
    fsyncs/s:                     127.40

Throughput:
    read, MiB/s:                  0.94
    written, MiB/s:               0.63

General statistics:
    total time:                          60.2682s
    total number of events:              13723

Latency (ms):
         min:                                  0.00
         avg:                                  4.38
         max:                                185.27
         95th percentile:                     26.68
         sum:                              60063.57

Threads fairness:
    events (avg/stddev):           13723.0000/0.00
    execution time (avg/stddev):   60.0636/0.00

sysbench 1.0.11 (using system LuaJIT 2.1.0-beta3)

Running the test with following options:
Number of threads: 1
Initializing random number generator from current time


Extra file open flags: 0
128 files, 16MiB each
2GiB total file size
Block size 16KiB
Number of IO requests: 0
Read/Write ratio for combined random IO test: 1.50
Periodic FSYNC enabled, calling fsync() each 100 requests.
Calling fsync() at the end of test, Enabled.
Using synchronous I/O mode
Doing random r/w test
Initializing worker threads...

Threads started!


File operations:
    reads/s:                      60.91
    writes/s:                     40.60
    fsyncs/s:                     128.09

Throughput:
    read, MiB/s:                  0.95
    written, MiB/s:               0.63

General statistics:
    total time:                          60.0864s
    total number of events:              13797

Latency (ms):
         min:                                  0.00
         avg:                                  4.34
         max:                                160.85
         95th percentile:                     26.20
         sum:                              59947.43

Threads fairness:
    events (avg/stddev):           13797.0000/0.00
    execution time (avg/stddev):   59.9474/0.00

sysbench 1.0.11 (using system LuaJIT 2.1.0-beta3)

Running the test with following options:
Number of threads: 1
Initializing random number generator from current time


Extra file open flags: 0
128 files, 16MiB each
2GiB total file size
Block size 16KiB
Number of IO requests: 0
Read/Write ratio for combined random IO test: 1.50
Periodic FSYNC enabled, calling fsync() each 100 requests.
Calling fsync() at the end of test, Enabled.
Using synchronous I/O mode
Doing random r/w test
Initializing worker threads...

Threads started!


File operations:
    reads/s:                      59.95
    writes/s:                     39.97
    fsyncs/s:                     126.39

Throughput:
    read, MiB/s:                  0.94
    written, MiB/s:               0.62

General statistics:
    total time:                          60.0434s
    total number of events:              13589

Latency (ms):
         min:                                  0.01
         avg:                                  4.41
         max:                                203.86
         95th percentile:                     26.68
         sum:                              59970.23

Threads fairness:
    events (avg/stddev):           13589.0000/0.00
    execution time (avg/stddev):   59.9702/0.00

sysbench 1.0.11 (using system LuaJIT 2.1.0-beta3)

Running the test with following options:
Number of threads: 1
Initializing random number generator from current time


Extra file open flags: 0
128 files, 16MiB each
2GiB total file size
Block size 16KiB
Number of IO requests: 0
Read/Write ratio for combined random IO test: 1.50
Periodic FSYNC enabled, calling fsync() each 100 requests.
Calling fsync() at the end of test, Enabled.
Using synchronous I/O mode
Doing random r/w test
Initializing worker threads...

Threads started!


File operations:
    reads/s:                      60.90
    writes/s:                     40.60
    fsyncs/s:                     127.95

Throughput:
    read, MiB/s:                  0.95
    written, MiB/s:               0.63

General statistics:
    total time:                          60.0983s
    total number of events:              13790

Latency (ms):
         min:                                  0.00
         avg:                                  4.35
         max:                                191.03
         95th percentile:                     26.20
         sum:                              59969.22

Threads fairness:
    events (avg/stddev):           13790.0000/0.00
    execution time (avg/stddev):   59.9692/0.00

sysbench 1.0.11 (using system LuaJIT 2.1.0-beta3)

Running the test with following options:
Number of threads: 1
Initializing random number generator from current time


Extra file open flags: 0
128 files, 16MiB each
2GiB total file size
Block size 16KiB
Number of IO requests: 0
Read/Write ratio for combined random IO test: 1.50
Periodic FSYNC enabled, calling fsync() each 100 requests.
Calling fsync() at the end of test, Enabled.
Using synchronous I/O mode
Doing random r/w test
Initializing worker threads...

Threads started!


File operations:
    reads/s:                      59.93
    writes/s:                     39.95
    fsyncs/s:                     126.38

Throughput:
    read, MiB/s:                  0.94
    written, MiB/s:               0.62

General statistics:
    total time:                          60.0708s
    total number of events:              13592

Latency (ms):
         min:                                  0.00
         avg:                                  4.41
         max:                                285.68
         95th percentile:                     26.68
         sum:                              59945.54

Threads fairness:
    events (avg/stddev):           13592.0000/0.00
    execution time (avg/stddev):   59.9455/0.00

sysbench 1.0.11 (using system LuaJIT 2.1.0-beta3)

Running the test with following options:
Number of threads: 1
Initializing random number generator from current time


Extra file open flags: 0
128 files, 16MiB each
2GiB total file size
Block size 16KiB
Number of IO requests: 0
Read/Write ratio for combined random IO test: 1.50
Periodic FSYNC enabled, calling fsync() each 100 requests.
Calling fsync() at the end of test, Enabled.
Using synchronous I/O mode
Doing random r/w test
Initializing worker threads...

Threads started!


File operations:
    reads/s:                      65.96
    writes/s:                     43.98
    fsyncs/s:                     139.27

Throughput:
    read, MiB/s:                  1.03
    written, MiB/s:               0.69

General statistics:
    total time:                          60.0302s
    total number of events:              14961

Latency (ms):
         min:                                  0.00
         avg:                                  4.01
         max:                                176.66
         95th percentile:                     24.83
         sum:                              59938.89

Threads fairness:
    events (avg/stddev):           14961.0000/0.00
    execution time (avg/stddev):   59.9389/0.00

sysbench 1.0.11 (using system LuaJIT 2.1.0-beta3)

Running the test with following options:
Number of threads: 1
Initializing random number generator from current time


Extra file open flags: 0
128 files, 16MiB each
2GiB total file size
Block size 16KiB
Number of IO requests: 0
Read/Write ratio for combined random IO test: 1.50
Periodic FSYNC enabled, calling fsync() each 100 requests.
Calling fsync() at the end of test, Enabled.
Using synchronous I/O mode
Doing random r/w test
Initializing worker threads...

Threads started!


File operations:
    reads/s:                      58.95
    writes/s:                     39.30
    fsyncs/s:                     124.11

Throughput:
    read, MiB/s:                  0.92
    written, MiB/s:               0.61

General statistics:
    total time:                          60.0503s
    total number of events:              13353

Latency (ms):
         min:                                  0.00
         avg:                                  4.49
         max:                                290.27
         95th percentile:                     26.20
         sum:                              59951.71

Threads fairness:
    events (avg/stddev):           13353.0000/0.00
    execution time (avg/stddev):   59.9517/0.00

sysbench 1.0.11 (using system LuaJIT 2.1.0-beta3)

Running the test with following options:
Number of threads: 1
Initializing random number generator from current time


Extra file open flags: 0
128 files, 16MiB each
2GiB total file size
Block size 16KiB
Number of IO requests: 0
Read/Write ratio for combined random IO test: 1.50
Periodic FSYNC enabled, calling fsync() each 100 requests.
Calling fsync() at the end of test, Enabled.
Using synchronous I/O mode
Doing random r/w test
Initializing worker threads...

Threads started!


File operations:
    reads/s:                      58.98
    writes/s:                     39.32
    fsyncs/s:                     125.74

Throughput:
    read, MiB/s:                  0.92
    written, MiB/s:               0.61

General statistics:
    total time:                          60.0179s
    total number of events:              13447

Latency (ms):
         min:                                  0.01
         avg:                                  4.46
         max:                                198.92
         95th percentile:                     26.68
         sum:                              59953.88

Threads fairness:
    events (avg/stddev):           13447.0000/0.00
    execution time (avg/stddev):   59.9539/0.00

sysbench 1.0.11 (using system LuaJIT 2.1.0-beta3)

Running the test with following options:
Number of threads: 1
Initializing random number generator from current time


Extra file open flags: 0
128 files, 16MiB each
2GiB total file size
Block size 16KiB
Number of IO requests: 0
Read/Write ratio for combined random IO test: 1.50
Periodic FSYNC enabled, calling fsync() each 100 requests.
Calling fsync() at the end of test, Enabled.
Using synchronous I/O mode
Doing random r/w test
Initializing worker threads...

Threads started!


File operations:
    reads/s:                      67.96
    writes/s:                     45.31
    fsyncs/s:                     143.55

Throughput:
    read, MiB/s:                  1.06
    written, MiB/s:               0.71

General statistics:
    total time:                          60.0331s
    total number of events:              15418

Latency (ms):
         min:                                  0.00
         avg:                                  3.89
         max:                                163.61
         95th percentile:                     24.38
         sum:                              59939.87

Threads fairness:
    events (avg/stddev):           15418.0000/0.00
    execution time (avg/stddev):   59.9399/0.00

sysbench 1.0.11 (using system LuaJIT 2.1.0-beta3)

Running the test with following options:
Number of threads: 1
Initializing random number generator from current time


Extra file open flags: 0
128 files, 16MiB each
2GiB total file size
Block size 16KiB
Number of IO requests: 0
Read/Write ratio for combined random IO test: 1.50
Periodic FSYNC enabled, calling fsync() each 100 requests.
Calling fsync() at the end of test, Enabled.
Using synchronous I/O mode
Doing random r/w test
Initializing worker threads...

Threads started!


File operations:
    reads/s:                      60.93
    writes/s:                     40.62
    fsyncs/s:                     128.30

Throughput:
    read, MiB/s:                  0.95
    written, MiB/s:               0.63

General statistics:
    total time:                          60.0644s
    total number of events:              13807

Latency (ms):
         min:                                  0.01
         avg:                                  4.34
         max:                                196.05
         95th percentile:                     26.20
         sum:                              59950.82

Threads fairness:
    events (avg/stddev):           13807.0000/0.00
    execution time (avg/stddev):   59.9508/0.00

sysbench 1.0.11 (using system LuaJIT 2.1.0-beta3)

Running the test with following options:
Number of threads: 1
Initializing random number generator from current time


Extra file open flags: 0
128 files, 16MiB each
2GiB total file size
Block size 16KiB
Number of IO requests: 0
Read/Write ratio for combined random IO test: 1.50
Periodic FSYNC enabled, calling fsync() each 100 requests.
Calling fsync() at the end of test, Enabled.
Using synchronous I/O mode
Doing random r/w test
Initializing worker threads...

Threads started!


File operations:
    reads/s:                      59.94
    writes/s:                     39.96
    fsyncs/s:                     127.48

Throughput:
    read, MiB/s:                  0.94
    written, MiB/s:               0.62

General statistics:
    total time:                          60.0628s
    total number of events:              13657

Latency (ms):
         min:                                  0.00
         avg:                                  4.39
         max:                                192.87
         95th percentile:                     26.68
         sum:                              59949.96

Threads fairness:
    events (avg/stddev):           13657.0000/0.00
    execution time (avg/stddev):   59.9500/0.00

sysbench 1.0.11 (using system LuaJIT 2.1.0-beta3)

Running the test with following options:
Number of threads: 1
Initializing random number generator from current time


Extra file open flags: 0
128 files, 16MiB each
2GiB total file size
Block size 16KiB
Number of IO requests: 0
Read/Write ratio for combined random IO test: 1.50
Periodic FSYNC enabled, calling fsync() each 100 requests.
Calling fsync() at the end of test, Enabled.
Using synchronous I/O mode
Doing random r/w test
Initializing worker threads...

Threads started!


File operations:
    reads/s:                      62.94
    writes/s:                     41.96
    fsyncs/s:                     132.85

Throughput:
    read, MiB/s:                  0.98
    written, MiB/s:               0.66

General statistics:
    total time:                          60.0517s
    total number of events:              14278

Latency (ms):
         min:                                  0.00
         avg:                                  4.20
         max:                                237.00
         95th percentile:                     25.74
         sum:                              59961.74

Threads fairness:
    events (avg/stddev):           14278.0000/0.00
    execution time (avg/stddev):   59.9617/0.00

sysbench 1.0.11 (using system LuaJIT 2.1.0-beta3)

Running the test with following options:
Number of threads: 1
Initializing random number generator from current time


Extra file open flags: 0
128 files, 16MiB each
2GiB total file size
Block size 16KiB
Number of IO requests: 0
Read/Write ratio for combined random IO test: 1.50
Periodic FSYNC enabled, calling fsync() each 100 requests.
Calling fsync() at the end of test, Enabled.
Using synchronous I/O mode
Doing random r/w test
Initializing worker threads...

Threads started!


File operations:
    reads/s:                      60.99
    writes/s:                     40.66
    fsyncs/s:                     128.46

Throughput:
    read, MiB/s:                  0.95
    written, MiB/s:               0.64

General statistics:
    total time:                          60.0029s
    total number of events:              13809

Latency (ms):
         min:                                  0.01
         avg:                                  4.34
         max:                                173.36
         95th percentile:                     26.68
         sum:                              59942.64

Threads fairness:
    events (avg/stddev):           13809.0000/0.00
    execution time (avg/stddev):   59.9426/0.00

sysbench 1.0.11 (using system LuaJIT 2.1.0-beta3)

Running the test with following options:
Number of threads: 1
Initializing random number generator from current time


Extra file open flags: 0
128 files, 16MiB each
2GiB total file size
Block size 16KiB
Number of IO requests: 0
Read/Write ratio for combined random IO test: 1.50
Periodic FSYNC enabled, calling fsync() each 100 requests.
Calling fsync() at the end of test, Enabled.
Using synchronous I/O mode
Doing random r/w test
Initializing worker threads...

Threads started!


File operations:
    reads/s:                      67.93
    writes/s:                     45.28
    fsyncs/s:                     144.64

Throughput:
    read, MiB/s:                  1.06
    written, MiB/s:               0.71

General statistics:
    total time:                          60.0617s
    total number of events:              15488

Latency (ms):
         min:                                  0.00
         avg:                                  3.87
         max:                                203.90
         95th percentile:                     23.95
         sum:                              59938.26

Threads fairness:
    events (avg/stddev):           15488.0000/0.00
    execution time (avg/stddev):   59.9383/0.00

sysbench 1.0.11 (using system LuaJIT 2.1.0-beta3)

Running the test with following options:
Number of threads: 1
Initializing random number generator from current time


Extra file open flags: 0
128 files, 16MiB each
2GiB total file size
Block size 16KiB
Number of IO requests: 0
Read/Write ratio for combined random IO test: 1.50
Periodic FSYNC enabled, calling fsync() each 100 requests.
Calling fsync() at the end of test, Enabled.
Using synchronous I/O mode
Doing random r/w test
Initializing worker threads...

Threads started!


File operations:
    reads/s:                      60.94
    writes/s:                     40.62
    fsyncs/s:                     129.93

Throughput:
    read, MiB/s:                  0.95
    written, MiB/s:               0.63

General statistics:
    total time:                          60.0572s
    total number of events:              13904

Latency (ms):
         min:                                  0.01
         avg:                                  4.31
         max:                                200.36
         95th percentile:                     26.68
         sum:                              59969.77

Threads fairness:
    events (avg/stddev):           13904.0000/0.00
    execution time (avg/stddev):   59.9698/0.00

sysbench 1.0.11 (using system LuaJIT 2.1.0-beta3)

Running the test with following options:
Number of threads: 1
Initializing random number generator from current time


Extra file open flags: 0
128 files, 16MiB each
2GiB total file size
Block size 16KiB
Number of IO requests: 0
Read/Write ratio for combined random IO test: 1.50
Periodic FSYNC enabled, calling fsync() each 100 requests.
Calling fsync() at the end of test, Enabled.
Using synchronous I/O mode
Doing random r/w test
Initializing worker threads...

Threads started!


File operations:
    reads/s:                      62.84
    writes/s:                     41.90
    fsyncs/s:                     132.22

Throughput:
    read, MiB/s:                  0.98
    written, MiB/s:               0.65

General statistics:
    total time:                          60.1423s
    total number of events:              14253

Latency (ms):
         min:                                  0.00
         avg:                                  4.21
         max:                                214.62
         95th percentile:                     25.74
         sum:                              59959.21

Threads fairness:
    events (avg/stddev):           14253.0000/0.00
    execution time (avg/stddev):   59.9592/0.00

