sysbench 1.0.11 (using system LuaJIT 2.1.0-beta3)

Running the test with following options:
Number of threads: 1
Initializing random number generator from current time


Extra file open flags: 0
128 files, 16MiB each
2GiB total file size
Block size 16KiB
Number of IO requests: 0
Read/Write ratio for combined random IO test: 1.50
Periodic FSYNC enabled, calling fsync() each 100 requests.
Calling fsync() at the end of test, Enabled.
Using synchronous I/O mode
Doing random r/w test
Initializing worker threads...

Threads started!


File operations:
    reads/s:                      76.97
    writes/s:                     51.31
    fsyncs/s:                     163.19

Throughput:
    read, MiB/s:                  1.20
    written, MiB/s:               0.80

General statistics:
    total time:                          60.0029s
    total number of events:              17496

Latency (ms):
         min:                                  0.00
         avg:                                  3.42
         max:                                196.17
         95th percentile:                     21.11
         sum:                              59917.77

Threads fairness:
    events (avg/stddev):           17496.0000/0.00
    execution time (avg/stddev):   59.9178/0.00

sysbench 1.0.11 (using system LuaJIT 2.1.0-beta3)

Running the test with following options:
Number of threads: 1
Initializing random number generator from current time


Extra file open flags: 0
128 files, 16MiB each
2GiB total file size
Block size 16KiB
Number of IO requests: 0
Read/Write ratio for combined random IO test: 1.50
Periodic FSYNC enabled, calling fsync() each 100 requests.
Calling fsync() at the end of test, Enabled.
Using synchronous I/O mode
Doing random r/w test
Initializing worker threads...

Threads started!


File operations:
    reads/s:                      77.04
    writes/s:                     51.35
    fsyncs/s:                     164.21

Throughput:
    read, MiB/s:                  1.20
    written, MiB/s:               0.80

General statistics:
    total time:                          60.0199s
    total number of events:              17562

Latency (ms):
         min:                                  0.00
         avg:                                  3.41
         max:                                237.76
         95th percentile:                     21.11
         sum:                              59958.82

Threads fairness:
    events (avg/stddev):           17562.0000/0.00
    execution time (avg/stddev):   59.9588/0.00

sysbench 1.0.11 (using system LuaJIT 2.1.0-beta3)

Running the test with following options:
Number of threads: 1
Initializing random number generator from current time


Extra file open flags: 0
128 files, 16MiB each
2GiB total file size
Block size 16KiB
Number of IO requests: 0
Read/Write ratio for combined random IO test: 1.50
Periodic FSYNC enabled, calling fsync() each 100 requests.
Calling fsync() at the end of test, Enabled.
Using synchronous I/O mode
Doing random r/w test
Initializing worker threads...

Threads started!


File operations:
    reads/s:                      77.97
    writes/s:                     51.98
    fsyncs/s:                     164.57

Throughput:
    read, MiB/s:                  1.22
    written, MiB/s:               0.81

General statistics:
    total time:                          60.0186s
    total number of events:              17678

Latency (ms):
         min:                                  0.00
         avg:                                  3.39
         max:                                227.11
         95th percentile:                     21.50
         sum:                              59961.28

Threads fairness:
    events (avg/stddev):           17678.0000/0.00
    execution time (avg/stddev):   59.9613/0.00

sysbench 1.0.11 (using system LuaJIT 2.1.0-beta3)

Running the test with following options:
Number of threads: 1
Initializing random number generator from current time


Extra file open flags: 0
128 files, 16MiB each
2GiB total file size
Block size 16KiB
Number of IO requests: 0
Read/Write ratio for combined random IO test: 1.50
Periodic FSYNC enabled, calling fsync() each 100 requests.
Calling fsync() at the end of test, Enabled.
Using synchronous I/O mode
Doing random r/w test
Initializing worker threads...

Threads started!


File operations:
    reads/s:                      74.00
    writes/s:                     49.33
    fsyncs/s:                     157.66

Throughput:
    read, MiB/s:                  1.16
    written, MiB/s:               0.77

General statistics:
    total time:                          60.0019s
    total number of events:              16860

Latency (ms):
         min:                                  0.00
         avg:                                  3.56
         max:                                221.77
         95th percentile:                     22.28
         sum:                              59947.75

Threads fairness:
    events (avg/stddev):           16860.0000/0.00
    execution time (avg/stddev):   59.9478/0.00

sysbench 1.0.11 (using system LuaJIT 2.1.0-beta3)

Running the test with following options:
Number of threads: 1
Initializing random number generator from current time


Extra file open flags: 0
128 files, 16MiB each
2GiB total file size
Block size 16KiB
Number of IO requests: 0
Read/Write ratio for combined random IO test: 1.50
Periodic FSYNC enabled, calling fsync() each 100 requests.
Calling fsync() at the end of test, Enabled.
Using synchronous I/O mode
Doing random r/w test
Initializing worker threads...

Threads started!


File operations:
    reads/s:                      77.93
    writes/s:                     51.95
    fsyncs/s:                     164.99

Throughput:
    read, MiB/s:                  1.22
    written, MiB/s:               0.81

General statistics:
    total time:                          60.0540s
    total number of events:              17709

Latency (ms):
         min:                                  0.00
         avg:                                  3.39
         max:                                216.97
         95th percentile:                     20.74
         sum:                              59955.51

Threads fairness:
    events (avg/stddev):           17709.0000/0.00
    execution time (avg/stddev):   59.9555/0.00

sysbench 1.0.11 (using system LuaJIT 2.1.0-beta3)

Running the test with following options:
Number of threads: 1
Initializing random number generator from current time


Extra file open flags: 0
128 files, 16MiB each
2GiB total file size
Block size 16KiB
Number of IO requests: 0
Read/Write ratio for combined random IO test: 1.50
Periodic FSYNC enabled, calling fsync() each 100 requests.
Calling fsync() at the end of test, Enabled.
Using synchronous I/O mode
Doing random r/w test
Initializing worker threads...

Threads started!


File operations:
    reads/s:                      75.00
    writes/s:                     50.00
    fsyncs/s:                     159.13

Throughput:
    read, MiB/s:                  1.17
    written, MiB/s:               0.78

General statistics:
    total time:                          60.0004s
    total number of events:              17048

Latency (ms):
         min:                                  0.00
         avg:                                  3.52
         max:                                165.28
         95th percentile:                     22.28
         sum:                              59933.91

Threads fairness:
    events (avg/stddev):           17048.0000/0.00
    execution time (avg/stddev):   59.9339/0.00

sysbench 1.0.11 (using system LuaJIT 2.1.0-beta3)

Running the test with following options:
Number of threads: 1
Initializing random number generator from current time


Extra file open flags: 0
128 files, 16MiB each
2GiB total file size
Block size 16KiB
Number of IO requests: 0
Read/Write ratio for combined random IO test: 1.50
Periodic FSYNC enabled, calling fsync() each 100 requests.
Calling fsync() at the end of test, Enabled.
Using synchronous I/O mode
Doing random r/w test
Initializing worker threads...

Threads started!


File operations:
    reads/s:                      63.99
    writes/s:                     42.66
    fsyncs/s:                     134.79

Throughput:
    read, MiB/s:                  1.00
    written, MiB/s:               0.67

General statistics:
    total time:                          60.0007s
    total number of events:              14489

Latency (ms):
         min:                                  0.00
         avg:                                  4.14
         max:                                176.91
         95th percentile:                     25.28
         sum:                              59943.92

Threads fairness:
    events (avg/stddev):           14489.0000/0.00
    execution time (avg/stddev):   59.9439/0.00

sysbench 1.0.11 (using system LuaJIT 2.1.0-beta3)

Running the test with following options:
Number of threads: 1
Initializing random number generator from current time


Extra file open flags: 0
128 files, 16MiB each
2GiB total file size
Block size 16KiB
Number of IO requests: 0
Read/Write ratio for combined random IO test: 1.50
Periodic FSYNC enabled, calling fsync() each 100 requests.
Calling fsync() at the end of test, Enabled.
Using synchronous I/O mode
Doing random r/w test
Initializing worker threads...

Threads started!


File operations:
    reads/s:                      71.73
    writes/s:                     47.82
    fsyncs/s:                     151.00

Throughput:
    read, MiB/s:                  1.12
    written, MiB/s:               0.75

General statistics:
    total time:                          60.2185s
    total number of events:              16294

Latency (ms):
         min:                                  0.01
         avg:                                  3.68
         max:                                245.46
         95th percentile:                     23.52
         sum:                              60019.73

Threads fairness:
    events (avg/stddev):           16294.0000/0.00
    execution time (avg/stddev):   60.0197/0.00

sysbench 1.0.11 (using system LuaJIT 2.1.0-beta3)

Running the test with following options:
Number of threads: 1
Initializing random number generator from current time


Extra file open flags: 0
128 files, 16MiB each
2GiB total file size
Block size 16KiB
Number of IO requests: 0
Read/Write ratio for combined random IO test: 1.50
Periodic FSYNC enabled, calling fsync() each 100 requests.
Calling fsync() at the end of test, Enabled.
Using synchronous I/O mode
Doing random r/w test
Initializing worker threads...

Threads started!


File operations:
    reads/s:                      74.94
    writes/s:                     49.96
    fsyncs/s:                     158.85

Throughput:
    read, MiB/s:                  1.17
    written, MiB/s:               0.78

General statistics:
    total time:                          60.0484s
    total number of events:              17039

Latency (ms):
         min:                                  0.00
         avg:                                  3.52
         max:                                164.44
         95th percentile:                     22.28
         sum:                              59959.01

Threads fairness:
    events (avg/stddev):           17039.0000/0.00
    execution time (avg/stddev):   59.9590/0.00

sysbench 1.0.11 (using system LuaJIT 2.1.0-beta3)

Running the test with following options:
Number of threads: 1
Initializing random number generator from current time


Extra file open flags: 0
128 files, 16MiB each
2GiB total file size
Block size 16KiB
Number of IO requests: 0
Read/Write ratio for combined random IO test: 1.50
Periodic FSYNC enabled, calling fsync() each 100 requests.
Calling fsync() at the end of test, Enabled.
Using synchronous I/O mode
Doing random r/w test
Initializing worker threads...

Threads started!


File operations:
    reads/s:                      73.82
    writes/s:                     49.21
    fsyncs/s:                     157.20

Throughput:
    read, MiB/s:                  1.15
    written, MiB/s:               0.77

General statistics:
    total time:                          60.2493s
    total number of events:              16885

Latency (ms):
         min:                                  0.01
         avg:                                  3.55
         max:                                182.66
         95th percentile:                     21.89
         sum:                              59952.60

Threads fairness:
    events (avg/stddev):           16885.0000/0.00
    execution time (avg/stddev):   59.9526/0.00

sysbench 1.0.11 (using system LuaJIT 2.1.0-beta3)

Running the test with following options:
Number of threads: 1
Initializing random number generator from current time


Extra file open flags: 0
128 files, 16MiB each
2GiB total file size
Block size 16KiB
Number of IO requests: 0
Read/Write ratio for combined random IO test: 1.50
Periodic FSYNC enabled, calling fsync() each 100 requests.
Calling fsync() at the end of test, Enabled.
Using synchronous I/O mode
Doing random r/w test
Initializing worker threads...

Threads started!


File operations:
    reads/s:                      75.99
    writes/s:                     50.66
    fsyncs/s:                     161.79

Throughput:
    read, MiB/s:                  1.19
    written, MiB/s:               0.79

General statistics:
    total time:                          60.0027s
    total number of events:              17308

Latency (ms):
         min:                                  0.00
         avg:                                  3.46
         max:                                192.87
         95th percentile:                     21.50
         sum:                              59945.97

Threads fairness:
    events (avg/stddev):           17308.0000/0.00
    execution time (avg/stddev):   59.9460/0.00

sysbench 1.0.11 (using system LuaJIT 2.1.0-beta3)

Running the test with following options:
Number of threads: 1
Initializing random number generator from current time


Extra file open flags: 0
128 files, 16MiB each
2GiB total file size
Block size 16KiB
Number of IO requests: 0
Read/Write ratio for combined random IO test: 1.50
Periodic FSYNC enabled, calling fsync() each 100 requests.
Calling fsync() at the end of test, Enabled.
Using synchronous I/O mode
Doing random r/w test
Initializing worker threads...

Threads started!


File operations:
    reads/s:                      70.00
    writes/s:                     46.66
    fsyncs/s:                     148.41

Throughput:
    read, MiB/s:                  1.09
    written, MiB/s:               0.73

General statistics:
    total time:                          60.0012s
    total number of events:              15905

Latency (ms):
         min:                                  0.00
         avg:                                  3.77
         max:                                160.00
         95th percentile:                     23.52
         sum:                              59942.12

Threads fairness:
    events (avg/stddev):           15905.0000/0.00
    execution time (avg/stddev):   59.9421/0.00

sysbench 1.0.11 (using system LuaJIT 2.1.0-beta3)

Running the test with following options:
Number of threads: 1
Initializing random number generator from current time


Extra file open flags: 0
128 files, 16MiB each
2GiB total file size
Block size 16KiB
Number of IO requests: 0
Read/Write ratio for combined random IO test: 1.50
Periodic FSYNC enabled, calling fsync() each 100 requests.
Calling fsync() at the end of test, Enabled.
Using synchronous I/O mode
Doing random r/w test
Initializing worker threads...

Threads started!


File operations:
    reads/s:                      68.93
    writes/s:                     45.96
    fsyncs/s:                     145.39

Throughput:
    read, MiB/s:                  1.08
    written, MiB/s:               0.72

General statistics:
    total time:                          60.0568s
    total number of events:              15632

Latency (ms):
         min:                                  0.01
         avg:                                  3.84
         max:                                228.78
         95th percentile:                     23.95
         sum:                              59950.29

Threads fairness:
    events (avg/stddev):           15632.0000/0.00
    execution time (avg/stddev):   59.9503/0.00

sysbench 1.0.11 (using system LuaJIT 2.1.0-beta3)

Running the test with following options:
Number of threads: 1
Initializing random number generator from current time


Extra file open flags: 0
128 files, 16MiB each
2GiB total file size
Block size 16KiB
Number of IO requests: 0
Read/Write ratio for combined random IO test: 1.50
Periodic FSYNC enabled, calling fsync() each 100 requests.
Calling fsync() at the end of test, Enabled.
Using synchronous I/O mode
Doing random r/w test
Initializing worker threads...

Threads started!


File operations:
    reads/s:                      76.27
    writes/s:                     50.84
    fsyncs/s:                     162.11

Throughput:
    read, MiB/s:                  1.19
    written, MiB/s:               0.79

General statistics:
    total time:                          60.0040s
    total number of events:              17356

Latency (ms):
         min:                                  0.00
         avg:                                  3.45
         max:                                260.71
         95th percentile:                     21.50
         sum:                              59950.34

Threads fairness:
    events (avg/stddev):           17356.0000/0.00
    execution time (avg/stddev):   59.9503/0.00

sysbench 1.0.11 (using system LuaJIT 2.1.0-beta3)

Running the test with following options:
Number of threads: 1
Initializing random number generator from current time


Extra file open flags: 0
128 files, 16MiB each
2GiB total file size
Block size 16KiB
Number of IO requests: 0
Read/Write ratio for combined random IO test: 1.50
Periodic FSYNC enabled, calling fsync() each 100 requests.
Calling fsync() at the end of test, Enabled.
Using synchronous I/O mode
Doing random r/w test
Initializing worker threads...

Threads started!


File operations:
    reads/s:                      76.89
    writes/s:                     51.26
    fsyncs/s:                     162.17

Throughput:
    read, MiB/s:                  1.20
    written, MiB/s:               0.80

General statistics:
    total time:                          60.0803s
    total number of events:              17444

Latency (ms):
         min:                                  0.00
         avg:                                  3.44
         max:                                220.13
         95th percentile:                     21.89
         sum:                              59959.27

Threads fairness:
    events (avg/stddev):           17444.0000/0.00
    execution time (avg/stddev):   59.9593/0.00

sysbench 1.0.11 (using system LuaJIT 2.1.0-beta3)

Running the test with following options:
Number of threads: 1
Initializing random number generator from current time


Extra file open flags: 0
128 files, 16MiB each
2GiB total file size
Block size 16KiB
Number of IO requests: 0
Read/Write ratio for combined random IO test: 1.50
Periodic FSYNC enabled, calling fsync() each 100 requests.
Calling fsync() at the end of test, Enabled.
Using synchronous I/O mode
Doing random r/w test
Initializing worker threads...

Threads started!


File operations:
    reads/s:                      70.63
    writes/s:                     47.08
    fsyncs/s:                     148.56

Throughput:
    read, MiB/s:                  1.10
    written, MiB/s:               0.74

General statistics:
    total time:                          60.3147s
    total number of events:              16061

Latency (ms):
         min:                                  0.00
         avg:                                  3.74
         max:                                185.68
         95th percentile:                     23.10
         sum:                              60010.96

Threads fairness:
    events (avg/stddev):           16061.0000/0.00
    execution time (avg/stddev):   60.0110/0.00

sysbench 1.0.11 (using system LuaJIT 2.1.0-beta3)

Running the test with following options:
Number of threads: 1
Initializing random number generator from current time


Extra file open flags: 0
128 files, 16MiB each
2GiB total file size
Block size 16KiB
Number of IO requests: 0
Read/Write ratio for combined random IO test: 1.50
Periodic FSYNC enabled, calling fsync() each 100 requests.
Calling fsync() at the end of test, Enabled.
Using synchronous I/O mode
Doing random r/w test
Initializing worker threads...

Threads started!


File operations:
    reads/s:                      74.96
    writes/s:                     49.96
    fsyncs/s:                     159.41

Throughput:
    read, MiB/s:                  1.17
    written, MiB/s:               0.78

General statistics:
    total time:                          60.2165s
    total number of events:              17123

Latency (ms):
         min:                                  0.00
         avg:                                  3.50
         max:                                194.68
         95th percentile:                     22.28
         sum:                              59979.22

Threads fairness:
    events (avg/stddev):           17123.0000/0.00
    execution time (avg/stddev):   59.9792/0.00

sysbench 1.0.11 (using system LuaJIT 2.1.0-beta3)

Running the test with following options:
Number of threads: 1
Initializing random number generator from current time


Extra file open flags: 0
128 files, 16MiB each
2GiB total file size
Block size 16KiB
Number of IO requests: 0
Read/Write ratio for combined random IO test: 1.50
Periodic FSYNC enabled, calling fsync() each 100 requests.
Calling fsync() at the end of test, Enabled.
Using synchronous I/O mode
Doing random r/w test
Initializing worker threads...

Threads started!


File operations:
    reads/s:                      66.09
    writes/s:                     44.06
    fsyncs/s:                     140.47

Throughput:
    read, MiB/s:                  1.03
    written, MiB/s:               0.69

General statistics:
    total time:                          60.1358s
    total number of events:              15073

Latency (ms):
         min:                                  0.00
         avg:                                  3.98
         max:                                200.75
         95th percentile:                     24.38
         sum:                              59977.98

Threads fairness:
    events (avg/stddev):           15073.0000/0.00
    execution time (avg/stddev):   59.9780/0.00

sysbench 1.0.11 (using system LuaJIT 2.1.0-beta3)

Running the test with following options:
Number of threads: 1
Initializing random number generator from current time


Extra file open flags: 0
128 files, 16MiB each
2GiB total file size
Block size 16KiB
Number of IO requests: 0
Read/Write ratio for combined random IO test: 1.50
Periodic FSYNC enabled, calling fsync() each 100 requests.
Calling fsync() at the end of test, Enabled.
Using synchronous I/O mode
Doing random r/w test
Initializing worker threads...

Threads started!


File operations:
    reads/s:                      72.87
    writes/s:                     48.57
    fsyncs/s:                     155.10

Throughput:
    read, MiB/s:                  1.14
    written, MiB/s:               0.76

General statistics:
    total time:                          60.2398s
    total number of events:              16660

Latency (ms):
         min:                                  0.00
         avg:                                  3.60
         max:                                181.14
         95th percentile:                     22.69
         sum:                              59946.88

Threads fairness:
    events (avg/stddev):           16660.0000/0.00
    execution time (avg/stddev):   59.9469/0.00

sysbench 1.0.11 (using system LuaJIT 2.1.0-beta3)

Running the test with following options:
Number of threads: 1
Initializing random number generator from current time


Extra file open flags: 0
128 files, 16MiB each
2GiB total file size
Block size 16KiB
Number of IO requests: 0
Read/Write ratio for combined random IO test: 1.50
Periodic FSYNC enabled, calling fsync() each 100 requests.
Calling fsync() at the end of test, Enabled.
Using synchronous I/O mode
Doing random r/w test
Initializing worker threads...

Threads started!


File operations:
    reads/s:                      73.21
    writes/s:                     48.80
    fsyncs/s:                     155.62

Throughput:
    read, MiB/s:                  1.14
    written, MiB/s:               0.76

General statistics:
    total time:                          60.0410s
    total number of events:              16670

Latency (ms):
         min:                                  0.00
         avg:                                  3.60
         max:                                232.60
         95th percentile:                     23.10
         sum:                              59985.52

Threads fairness:
    events (avg/stddev):           16670.0000/0.00
    execution time (avg/stddev):   59.9855/0.00

sysbench 1.0.11 (using system LuaJIT 2.1.0-beta3)

Running the test with following options:
Number of threads: 1
Initializing random number generator from current time


Extra file open flags: 0
128 files, 16MiB each
2GiB total file size
Block size 16KiB
Number of IO requests: 0
Read/Write ratio for combined random IO test: 1.50
Periodic FSYNC enabled, calling fsync() each 100 requests.
Calling fsync() at the end of test, Enabled.
Using synchronous I/O mode
Doing random r/w test
Initializing worker threads...

Threads started!


File operations:
    reads/s:                      72.98
    writes/s:                     48.64
    fsyncs/s:                     155.12

Throughput:
    read, MiB/s:                  1.14
    written, MiB/s:               0.76

General statistics:
    total time:                          60.2325s
    total number of events:              16670

Latency (ms):
         min:                                  0.01
         avg:                                  3.60
         max:                                187.45
         95th percentile:                     23.10
         sum:                              59950.13

Threads fairness:
    events (avg/stddev):           16670.0000/0.00
    execution time (avg/stddev):   59.9501/0.00

sysbench 1.0.11 (using system LuaJIT 2.1.0-beta3)

Running the test with following options:
Number of threads: 1
Initializing random number generator from current time


Extra file open flags: 0
128 files, 16MiB each
2GiB total file size
Block size 16KiB
Number of IO requests: 0
Read/Write ratio for combined random IO test: 1.50
Periodic FSYNC enabled, calling fsync() each 100 requests.
Calling fsync() at the end of test, Enabled.
Using synchronous I/O mode
Doing random r/w test
Initializing worker threads...

Threads started!


File operations:
    reads/s:                      72.82
    writes/s:                     48.54
    fsyncs/s:                     153.68

Throughput:
    read, MiB/s:                  1.14
    written, MiB/s:               0.76

General statistics:
    total time:                          60.1452s
    total number of events:              16544

Latency (ms):
         min:                                  0.00
         avg:                                  3.62
         max:                                199.36
         95th percentile:                     21.50
         sum:                              59941.45

Threads fairness:
    events (avg/stddev):           16544.0000/0.00
    execution time (avg/stddev):   59.9415/0.00

sysbench 1.0.11 (using system LuaJIT 2.1.0-beta3)

Running the test with following options:
Number of threads: 1
Initializing random number generator from current time


Extra file open flags: 0
128 files, 16MiB each
2GiB total file size
Block size 16KiB
Number of IO requests: 0
Read/Write ratio for combined random IO test: 1.50
Periodic FSYNC enabled, calling fsync() each 100 requests.
Calling fsync() at the end of test, Enabled.
Using synchronous I/O mode
Doing random r/w test
Initializing worker threads...

Threads started!


File operations:
    reads/s:                      73.82
    writes/s:                     49.21
    fsyncs/s:                     157.42

Throughput:
    read, MiB/s:                  1.15
    written, MiB/s:               0.77

General statistics:
    total time:                          60.1684s
    total number of events:              16875

Latency (ms):
         min:                                  0.00
         avg:                                  3.55
         max:                                186.88
         95th percentile:                     22.28
         sum:                              59953.15

Threads fairness:
    events (avg/stddev):           16875.0000/0.00
    execution time (avg/stddev):   59.9531/0.00

sysbench 1.0.11 (using system LuaJIT 2.1.0-beta3)

Running the test with following options:
Number of threads: 1
Initializing random number generator from current time


Extra file open flags: 0
128 files, 16MiB each
2GiB total file size
Block size 16KiB
Number of IO requests: 0
Read/Write ratio for combined random IO test: 1.50
Periodic FSYNC enabled, calling fsync() each 100 requests.
Calling fsync() at the end of test, Enabled.
Using synchronous I/O mode
Doing random r/w test
Initializing worker threads...

Threads started!


File operations:
    reads/s:                      71.12
    writes/s:                     47.41
    fsyncs/s:                     151.43

Throughput:
    read, MiB/s:                  1.11
    written, MiB/s:               0.74

General statistics:
    total time:                          60.0109s
    total number of events:              16201

Latency (ms):
         min:                                  0.00
         avg:                                  3.70
         max:                                222.61
         95th percentile:                     23.10
         sum:                              59955.00

Threads fairness:
    events (avg/stddev):           16201.0000/0.00
    execution time (avg/stddev):   59.9550/0.00

sysbench 1.0.11 (using system LuaJIT 2.1.0-beta3)

Running the test with following options:
Number of threads: 1
Initializing random number generator from current time


Extra file open flags: 0
128 files, 16MiB each
2GiB total file size
Block size 16KiB
Number of IO requests: 0
Read/Write ratio for combined random IO test: 1.50
Periodic FSYNC enabled, calling fsync() each 100 requests.
Calling fsync() at the end of test, Enabled.
Using synchronous I/O mode
Doing random r/w test
Initializing worker threads...

Threads started!


File operations:
    reads/s:                      73.85
    writes/s:                     49.24
    fsyncs/s:                     156.01

Throughput:
    read, MiB/s:                  1.15
    written, MiB/s:               0.77

General statistics:
    total time:                          60.1156s
    total number of events:              16779

Latency (ms):
         min:                                  0.00
         avg:                                  3.57
         max:                                160.72
         95th percentile:                     22.69
         sum:                              59946.38

Threads fairness:
    events (avg/stddev):           16779.0000/0.00
    execution time (avg/stddev):   59.9464/0.00

sysbench 1.0.11 (using system LuaJIT 2.1.0-beta3)

Running the test with following options:
Number of threads: 1
Initializing random number generator from current time


Extra file open flags: 0
128 files, 16MiB each
2GiB total file size
Block size 16KiB
Number of IO requests: 0
Read/Write ratio for combined random IO test: 1.50
Periodic FSYNC enabled, calling fsync() each 100 requests.
Calling fsync() at the end of test, Enabled.
Using synchronous I/O mode
Doing random r/w test
Initializing worker threads...

Threads started!


File operations:
    reads/s:                      75.76
    writes/s:                     50.51
    fsyncs/s:                     159.62

Throughput:
    read, MiB/s:                  1.18
    written, MiB/s:               0.79

General statistics:
    total time:                          60.1788s
    total number of events:              17207

Latency (ms):
         min:                                  0.00
         avg:                                  3.48
         max:                                164.69
         95th percentile:                     22.28
         sum:                              59957.95

Threads fairness:
    events (avg/stddev):           17207.0000/0.00
    execution time (avg/stddev):   59.9580/0.00

sysbench 1.0.11 (using system LuaJIT 2.1.0-beta3)

Running the test with following options:
Number of threads: 1
Initializing random number generator from current time


Extra file open flags: 0
128 files, 16MiB each
2GiB total file size
Block size 16KiB
Number of IO requests: 0
Read/Write ratio for combined random IO test: 1.50
Periodic FSYNC enabled, calling fsync() each 100 requests.
Calling fsync() at the end of test, Enabled.
Using synchronous I/O mode
Doing random r/w test
Initializing worker threads...

Threads started!


File operations:
    reads/s:                      76.92
    writes/s:                     51.28
    fsyncs/s:                     162.72

Throughput:
    read, MiB/s:                  1.20
    written, MiB/s:               0.80

General statistics:
    total time:                          60.0630s
    total number of events:              17474

Latency (ms):
         min:                                  0.00
         avg:                                  3.43
         max:                                220.45
         95th percentile:                     21.11
         sum:                              59935.10

Threads fairness:
    events (avg/stddev):           17474.0000/0.00
    execution time (avg/stddev):   59.9351/0.00

sysbench 1.0.11 (using system LuaJIT 2.1.0-beta3)

Running the test with following options:
Number of threads: 1
Initializing random number generator from current time


Extra file open flags: 0
128 files, 16MiB each
2GiB total file size
Block size 16KiB
Number of IO requests: 0
Read/Write ratio for combined random IO test: 1.50
Periodic FSYNC enabled, calling fsync() each 100 requests.
Calling fsync() at the end of test, Enabled.
Using synchronous I/O mode
Doing random r/w test
Initializing worker threads...

Threads started!


File operations:
    reads/s:                      76.87
    writes/s:                     51.24
    fsyncs/s:                     163.49

Throughput:
    read, MiB/s:                  1.20
    written, MiB/s:               0.80

General statistics:
    total time:                          60.2818s
    total number of events:              17579

Latency (ms):
         min:                                  0.00
         avg:                                  3.41
         max:                                163.98
         95th percentile:                     21.11
         sum:                              59940.34

Threads fairness:
    events (avg/stddev):           17579.0000/0.00
    execution time (avg/stddev):   59.9403/0.00

sysbench 1.0.11 (using system LuaJIT 2.1.0-beta3)

Running the test with following options:
Number of threads: 1
Initializing random number generator from current time


Extra file open flags: 0
128 files, 16MiB each
2GiB total file size
Block size 16KiB
Number of IO requests: 0
Read/Write ratio for combined random IO test: 1.50
Periodic FSYNC enabled, calling fsync() each 100 requests.
Calling fsync() at the end of test, Enabled.
Using synchronous I/O mode
Doing random r/w test
Initializing worker threads...

Threads started!


File operations:
    reads/s:                      73.90
    writes/s:                     49.27
    fsyncs/s:                     155.89

Throughput:
    read, MiB/s:                  1.15
    written, MiB/s:               0.77

General statistics:
    total time:                          60.0778s
    total number of events:              16766

Latency (ms):
         min:                                  0.01
         avg:                                  3.58
         max:                                179.47
         95th percentile:                     22.69
         sum:                              59943.03

Threads fairness:
    events (avg/stddev):           16766.0000/0.00
    execution time (avg/stddev):   59.9430/0.00

sysbench 1.0.11 (using system LuaJIT 2.1.0-beta3)

Running the test with following options:
Number of threads: 1
Initializing random number generator from current time


Extra file open flags: 0
128 files, 16MiB each
2GiB total file size
Block size 16KiB
Number of IO requests: 0
Read/Write ratio for combined random IO test: 1.50
Periodic FSYNC enabled, calling fsync() each 100 requests.
Calling fsync() at the end of test, Enabled.
Using synchronous I/O mode
Doing random r/w test
Initializing worker threads...

Threads started!


File operations:
    reads/s:                      72.41
    writes/s:                     48.27
    fsyncs/s:                     154.39

Throughput:
    read, MiB/s:                  1.13
    written, MiB/s:               0.75

General statistics:
    total time:                          60.4842s
    total number of events:              16639

Latency (ms):
         min:                                  0.00
         avg:                                  3.61
         max:                                241.11
         95th percentile:                     23.10
         sum:                              60019.22

Threads fairness:
    events (avg/stddev):           16639.0000/0.00
    execution time (avg/stddev):   60.0192/0.00

