sysbench 1.0.11 (using system LuaJIT 2.1.0-beta3)

Running the test with following options:
Number of threads: 1
Initializing random number generator from current time


Extra file open flags: 0
128 files, 16MiB each
2GiB total file size
Block size 16KiB
Number of IO requests: 0
Read/Write ratio for combined random IO test: 1.50
Periodic FSYNC enabled, calling fsync() each 100 requests.
Calling fsync() at the end of test, Enabled.
Using synchronous I/O mode
Doing random r/w test
Initializing worker threads...

Threads started!


File operations:
    reads/s:                      516.98
    writes/s:                     344.65
    fsyncs/s:                     1102.67

Throughput:
    read, MiB/s:                  8.08
    written, MiB/s:               5.39

General statistics:
    total time:                          60.0001s
    total number of events:              117863

Latency (ms):
         min:                                  0.00
         avg:                                  0.51
         max:                                 88.24
         95th percentile:                      1.08
         sum:                              59784.36

Threads fairness:
    events (avg/stddev):           117863.0000/0.00
    execution time (avg/stddev):   59.7844/0.00

sysbench 1.0.11 (using system LuaJIT 2.1.0-beta3)

Running the test with following options:
Number of threads: 1
Initializing random number generator from current time


Extra file open flags: 0
128 files, 16MiB each
2GiB total file size
Block size 16KiB
Number of IO requests: 0
Read/Write ratio for combined random IO test: 1.50
Periodic FSYNC enabled, calling fsync() each 100 requests.
Calling fsync() at the end of test, Enabled.
Using synchronous I/O mode
Doing random r/w test
Initializing worker threads...

Threads started!


File operations:
    reads/s:                      495.87
    writes/s:                     330.58
    fsyncs/s:                     1056.52

Throughput:
    read, MiB/s:                  7.75
    written, MiB/s:               5.17

General statistics:
    total time:                          60.0005s
    total number of events:              113008

Latency (ms):
         min:                                  0.00
         avg:                                  0.53
         max:                                194.92
         95th percentile:                      1.12
         sum:                              59796.99

Threads fairness:
    events (avg/stddev):           113008.0000/0.00
    execution time (avg/stddev):   59.7970/0.00

sysbench 1.0.11 (using system LuaJIT 2.1.0-beta3)

Running the test with following options:
Number of threads: 1
Initializing random number generator from current time


Extra file open flags: 0
128 files, 16MiB each
2GiB total file size
Block size 16KiB
Number of IO requests: 0
Read/Write ratio for combined random IO test: 1.50
Periodic FSYNC enabled, calling fsync() each 100 requests.
Calling fsync() at the end of test, Enabled.
Using synchronous I/O mode
Doing random r/w test
Initializing worker threads...

Threads started!


File operations:
    reads/s:                      513.64
    writes/s:                     342.42
    fsyncs/s:                     1093.64

Throughput:
    read, MiB/s:                  8.03
    written, MiB/s:               5.35

General statistics:
    total time:                          60.0410s
    total number of events:              117065

Latency (ms):
         min:                                  0.00
         avg:                                  0.51
         max:                                128.44
         95th percentile:                      1.10
         sum:                              59837.14

Threads fairness:
    events (avg/stddev):           117065.0000/0.00
    execution time (avg/stddev):   59.8371/0.00

sysbench 1.0.11 (using system LuaJIT 2.1.0-beta3)

Running the test with following options:
Number of threads: 1
Initializing random number generator from current time


Extra file open flags: 0
128 files, 16MiB each
2GiB total file size
Block size 16KiB
Number of IO requests: 0
Read/Write ratio for combined random IO test: 1.50
Periodic FSYNC enabled, calling fsync() each 100 requests.
Calling fsync() at the end of test, Enabled.
Using synchronous I/O mode
Doing random r/w test
Initializing worker threads...

Threads started!


File operations:
    reads/s:                      520.80
    writes/s:                     347.20
    fsyncs/s:                     1109.56

Throughput:
    read, MiB/s:                  8.14
    written, MiB/s:               5.42

General statistics:
    total time:                          60.0215s
    total number of events:              118699

Latency (ms):
         min:                                  0.00
         avg:                                  0.50
         max:                                 45.50
         95th percentile:                      1.08
         sum:                              59812.73

Threads fairness:
    events (avg/stddev):           118699.0000/0.00
    execution time (avg/stddev):   59.8127/0.00

sysbench 1.0.11 (using system LuaJIT 2.1.0-beta3)

Running the test with following options:
Number of threads: 1
Initializing random number generator from current time


Extra file open flags: 0
128 files, 16MiB each
2GiB total file size
Block size 16KiB
Number of IO requests: 0
Read/Write ratio for combined random IO test: 1.50
Periodic FSYNC enabled, calling fsync() each 100 requests.
Calling fsync() at the end of test, Enabled.
Using synchronous I/O mode
Doing random r/w test
Initializing worker threads...

Threads started!


File operations:
    reads/s:                      506.68
    writes/s:                     337.79
    fsyncs/s:                     1078.80

Throughput:
    read, MiB/s:                  7.92
    written, MiB/s:               5.28

General statistics:
    total time:                          60.0363s
    total number of events:              115469

Latency (ms):
         min:                                  0.00
         avg:                                  0.52
         max:                                130.96
         95th percentile:                      1.10
         sum:                              59830.61

Threads fairness:
    events (avg/stddev):           115469.0000/0.00
    execution time (avg/stddev):   59.8306/0.00

sysbench 1.0.11 (using system LuaJIT 2.1.0-beta3)

Running the test with following options:
Number of threads: 1
Initializing random number generator from current time


Extra file open flags: 0
128 files, 16MiB each
2GiB total file size
Block size 16KiB
Number of IO requests: 0
Read/Write ratio for combined random IO test: 1.50
Periodic FSYNC enabled, calling fsync() each 100 requests.
Calling fsync() at the end of test, Enabled.
Using synchronous I/O mode
Doing random r/w test
Initializing worker threads...

Threads started!


File operations:
    reads/s:                      521.98
    writes/s:                     347.99
    fsyncs/s:                     1113.52

Throughput:
    read, MiB/s:                  8.16
    written, MiB/s:               5.44

General statistics:
    total time:                          60.0003s
    total number of events:              119013

Latency (ms):
         min:                                  0.00
         avg:                                  0.50
         max:                                 92.88
         95th percentile:                      1.08
         sum:                              59814.52

Threads fairness:
    events (avg/stddev):           119013.0000/0.00
    execution time (avg/stddev):   59.8145/0.00

sysbench 1.0.11 (using system LuaJIT 2.1.0-beta3)

Running the test with following options:
Number of threads: 1
Initializing random number generator from current time


Extra file open flags: 0
128 files, 16MiB each
2GiB total file size
Block size 16KiB
Number of IO requests: 0
Read/Write ratio for combined random IO test: 1.50
Periodic FSYNC enabled, calling fsync() each 100 requests.
Calling fsync() at the end of test, Enabled.
Using synchronous I/O mode
Doing random r/w test
Initializing worker threads...

Threads started!


File operations:
    reads/s:                      511.68
    writes/s:                     341.12
    fsyncs/s:                     1091.42

Throughput:
    read, MiB/s:                  8.00
    written, MiB/s:               5.33

General statistics:
    total time:                          60.0356s
    total number of events:              116726

Latency (ms):
         min:                                  0.00
         avg:                                  0.51
         max:                                 72.30
         95th percentile:                      1.12
         sum:                              59810.48

Threads fairness:
    events (avg/stddev):           116726.0000/0.00
    execution time (avg/stddev):   59.8105/0.00

sysbench 1.0.11 (using system LuaJIT 2.1.0-beta3)

Running the test with following options:
Number of threads: 1
Initializing random number generator from current time


Extra file open flags: 0
128 files, 16MiB each
2GiB total file size
Block size 16KiB
Number of IO requests: 0
Read/Write ratio for combined random IO test: 1.50
Periodic FSYNC enabled, calling fsync() each 100 requests.
Calling fsync() at the end of test, Enabled.
Using synchronous I/O mode
Doing random r/w test
Initializing worker threads...

Threads started!


File operations:
    reads/s:                      517.89
    writes/s:                     345.26
    fsyncs/s:                     1102.72

Throughput:
    read, MiB/s:                  8.09
    written, MiB/s:               5.39

General statistics:
    total time:                          60.1112s
    total number of events:              118205

Latency (ms):
         min:                                  0.00
         avg:                                  0.51
         max:                                 39.39
         95th percentile:                      1.08
         sum:                              59839.84

Threads fairness:
    events (avg/stddev):           118205.0000/0.00
    execution time (avg/stddev):   59.8398/0.00

sysbench 1.0.11 (using system LuaJIT 2.1.0-beta3)

Running the test with following options:
Number of threads: 1
Initializing random number generator from current time


Extra file open flags: 0
128 files, 16MiB each
2GiB total file size
Block size 16KiB
Number of IO requests: 0
Read/Write ratio for combined random IO test: 1.50
Periodic FSYNC enabled, calling fsync() each 100 requests.
Calling fsync() at the end of test, Enabled.
Using synchronous I/O mode
Doing random r/w test
Initializing worker threads...

Threads started!


File operations:
    reads/s:                      518.51
    writes/s:                     345.67
    fsyncs/s:                     1105.28

Throughput:
    read, MiB/s:                  8.10
    written, MiB/s:               5.40

General statistics:
    total time:                          60.0503s
    total number of events:              118279

Latency (ms):
         min:                                  0.00
         avg:                                  0.51
         max:                                159.67
         95th percentile:                      1.10
         sum:                              59819.07

Threads fairness:
    events (avg/stddev):           118279.0000/0.00
    execution time (avg/stddev):   59.8191/0.00

sysbench 1.0.11 (using system LuaJIT 2.1.0-beta3)

Running the test with following options:
Number of threads: 1
Initializing random number generator from current time


Extra file open flags: 0
128 files, 16MiB each
2GiB total file size
Block size 16KiB
Number of IO requests: 0
Read/Write ratio for combined random IO test: 1.50
Periodic FSYNC enabled, calling fsync() each 100 requests.
Calling fsync() at the end of test, Enabled.
Using synchronous I/O mode
Doing random r/w test
Initializing worker threads...

Threads started!


File operations:
    reads/s:                      512.71
    writes/s:                     341.81
    fsyncs/s:                     1091.66

Throughput:
    read, MiB/s:                  8.01
    written, MiB/s:               5.34

General statistics:
    total time:                          60.0325s
    total number of events:              116837

Latency (ms):
         min:                                  0.00
         avg:                                  0.51
         max:                                114.17
         95th percentile:                      1.10
         sum:                              59823.23

Threads fairness:
    events (avg/stddev):           116837.0000/0.00
    execution time (avg/stddev):   59.8232/0.00

sysbench 1.0.11 (using system LuaJIT 2.1.0-beta3)

Running the test with following options:
Number of threads: 1
Initializing random number generator from current time


Extra file open flags: 0
128 files, 16MiB each
2GiB total file size
Block size 16KiB
Number of IO requests: 0
Read/Write ratio for combined random IO test: 1.50
Periodic FSYNC enabled, calling fsync() each 100 requests.
Calling fsync() at the end of test, Enabled.
Using synchronous I/O mode
Doing random r/w test
Initializing worker threads...

Threads started!


File operations:
    reads/s:                      522.71
    writes/s:                     348.47
    fsyncs/s:                     1113.77

Throughput:
    read, MiB/s:                  8.17
    written, MiB/s:               5.44

General statistics:
    total time:                          60.0320s
    total number of events:              119164

Latency (ms):
         min:                                  0.00
         avg:                                  0.50
         max:                                 57.89
         95th percentile:                      1.08
         sum:                              59817.37

Threads fairness:
    events (avg/stddev):           119164.0000/0.00
    execution time (avg/stddev):   59.8174/0.00

sysbench 1.0.11 (using system LuaJIT 2.1.0-beta3)

Running the test with following options:
Number of threads: 1
Initializing random number generator from current time


Extra file open flags: 0
128 files, 16MiB each
2GiB total file size
Block size 16KiB
Number of IO requests: 0
Read/Write ratio for combined random IO test: 1.50
Periodic FSYNC enabled, calling fsync() each 100 requests.
Calling fsync() at the end of test, Enabled.
Using synchronous I/O mode
Doing random r/w test
Initializing worker threads...

Threads started!


File operations:
    reads/s:                      511.49
    writes/s:                     341.00
    fsyncs/s:                     1090.85

Throughput:
    read, MiB/s:                  7.99
    written, MiB/s:               5.33

General statistics:
    total time:                          60.0579s
    total number of events:              116716

Latency (ms):
         min:                                  0.00
         avg:                                  0.51
         max:                                 70.88
         95th percentile:                      1.12
         sum:                              59819.16

Threads fairness:
    events (avg/stddev):           116716.0000/0.00
    execution time (avg/stddev):   59.8192/0.00

sysbench 1.0.11 (using system LuaJIT 2.1.0-beta3)

Running the test with following options:
Number of threads: 1
Initializing random number generator from current time


Extra file open flags: 0
128 files, 16MiB each
2GiB total file size
Block size 16KiB
Number of IO requests: 0
Read/Write ratio for combined random IO test: 1.50
Periodic FSYNC enabled, calling fsync() each 100 requests.
Calling fsync() at the end of test, Enabled.
Using synchronous I/O mode
Doing random r/w test
Initializing worker threads...

Threads started!


File operations:
    reads/s:                      525.03
    writes/s:                     350.02
    fsyncs/s:                     1117.95

Throughput:
    read, MiB/s:                  8.20
    written, MiB/s:               5.47

General statistics:
    total time:                          60.0533s
    total number of events:              119801

Latency (ms):
         min:                                  0.00
         avg:                                  0.50
         max:                                 46.27
         95th percentile:                      1.06
         sum:                              59822.07

Threads fairness:
    events (avg/stddev):           119801.0000/0.00
    execution time (avg/stddev):   59.8221/0.00

sysbench 1.0.11 (using system LuaJIT 2.1.0-beta3)

Running the test with following options:
Number of threads: 1
Initializing random number generator from current time


Extra file open flags: 0
128 files, 16MiB each
2GiB total file size
Block size 16KiB
Number of IO requests: 0
Read/Write ratio for combined random IO test: 1.50
Periodic FSYNC enabled, calling fsync() each 100 requests.
Calling fsync() at the end of test, Enabled.
Using synchronous I/O mode
Doing random r/w test
Initializing worker threads...

Threads started!


File operations:
    reads/s:                      512.14
    writes/s:                     341.43
    fsyncs/s:                     1090.60

Throughput:
    read, MiB/s:                  8.00
    written, MiB/s:               5.33

General statistics:
    total time:                          60.0504s
    total number of events:              116846

Latency (ms):
         min:                                  0.00
         avg:                                  0.51
         max:                                117.87
         95th percentile:                      1.12
         sum:                              59816.23

Threads fairness:
    events (avg/stddev):           116846.0000/0.00
    execution time (avg/stddev):   59.8162/0.00

sysbench 1.0.11 (using system LuaJIT 2.1.0-beta3)

Running the test with following options:
Number of threads: 1
Initializing random number generator from current time


Extra file open flags: 0
128 files, 16MiB each
2GiB total file size
Block size 16KiB
Number of IO requests: 0
Read/Write ratio for combined random IO test: 1.50
Periodic FSYNC enabled, calling fsync() each 100 requests.
Calling fsync() at the end of test, Enabled.
Using synchronous I/O mode
Doing random r/w test
Initializing worker threads...

Threads started!


File operations:
    reads/s:                      510.23
    writes/s:                     340.15
    fsyncs/s:                     1086.75

Throughput:
    read, MiB/s:                  7.97
    written, MiB/s:               5.31

General statistics:
    total time:                          60.0838s
    total number of events:              116403

Latency (ms):
         min:                                  0.00
         avg:                                  0.51
         max:                                 53.63
         95th percentile:                      1.14
         sum:                              59814.85

Threads fairness:
    events (avg/stddev):           116403.0000/0.00
    execution time (avg/stddev):   59.8148/0.00

sysbench 1.0.11 (using system LuaJIT 2.1.0-beta3)

Running the test with following options:
Number of threads: 1
Initializing random number generator from current time


Extra file open flags: 0
128 files, 16MiB each
2GiB total file size
Block size 16KiB
Number of IO requests: 0
Read/Write ratio for combined random IO test: 1.50
Periodic FSYNC enabled, calling fsync() each 100 requests.
Calling fsync() at the end of test, Enabled.
Using synchronous I/O mode
Doing random r/w test
Initializing worker threads...

Threads started!


File operations:
    reads/s:                      527.14
    writes/s:                     351.43
    fsyncs/s:                     1122.90

Throughput:
    read, MiB/s:                  8.24
    written, MiB/s:               5.49

General statistics:
    total time:                          60.0913s
    total number of events:              120284

Latency (ms):
         min:                                  0.00
         avg:                                  0.50
         max:                                 46.95
         95th percentile:                      1.08
         sum:                              59816.04

Threads fairness:
    events (avg/stddev):           120284.0000/0.00
    execution time (avg/stddev):   59.8160/0.00

sysbench 1.0.11 (using system LuaJIT 2.1.0-beta3)

Running the test with following options:
Number of threads: 1
Initializing random number generator from current time


Extra file open flags: 0
128 files, 16MiB each
2GiB total file size
Block size 16KiB
Number of IO requests: 0
Read/Write ratio for combined random IO test: 1.50
Periodic FSYNC enabled, calling fsync() each 100 requests.
Calling fsync() at the end of test, Enabled.
Using synchronous I/O mode
Doing random r/w test
Initializing worker threads...

Threads started!


File operations:
    reads/s:                      506.40
    writes/s:                     337.60
    fsyncs/s:                     1078.26

Throughput:
    read, MiB/s:                  7.91
    written, MiB/s:               5.28

General statistics:
    total time:                          60.0667s
    total number of events:              115472

Latency (ms):
         min:                                  0.00
         avg:                                  0.52
         max:                                 76.42
         95th percentile:                      1.14
         sum:                              59815.81

Threads fairness:
    events (avg/stddev):           115472.0000/0.00
    execution time (avg/stddev):   59.8158/0.00

sysbench 1.0.11 (using system LuaJIT 2.1.0-beta3)

Running the test with following options:
Number of threads: 1
Initializing random number generator from current time


Extra file open flags: 0
128 files, 16MiB each
2GiB total file size
Block size 16KiB
Number of IO requests: 0
Read/Write ratio for combined random IO test: 1.50
Periodic FSYNC enabled, calling fsync() each 100 requests.
Calling fsync() at the end of test, Enabled.
Using synchronous I/O mode
Doing random r/w test
Initializing worker threads...

Threads started!


File operations:
    reads/s:                      510.60
    writes/s:                     340.40
    fsyncs/s:                     1088.05

Throughput:
    read, MiB/s:                  7.98
    written, MiB/s:               5.32

General statistics:
    total time:                          60.0453s
    total number of events:              116434

Latency (ms):
         min:                                  0.00
         avg:                                  0.51
         max:                                132.64
         95th percentile:                      1.12
         sum:                              59815.40

Threads fairness:
    events (avg/stddev):           116434.0000/0.00
    execution time (avg/stddev):   59.8154/0.00

sysbench 1.0.11 (using system LuaJIT 2.1.0-beta3)

Running the test with following options:
Number of threads: 1
Initializing random number generator from current time


Extra file open flags: 0
128 files, 16MiB each
2GiB total file size
Block size 16KiB
Number of IO requests: 0
Read/Write ratio for combined random IO test: 1.50
Periodic FSYNC enabled, calling fsync() each 100 requests.
Calling fsync() at the end of test, Enabled.
Using synchronous I/O mode
Doing random r/w test
Initializing worker threads...

Threads started!


File operations:
    reads/s:                      507.03
    writes/s:                     338.02
    fsyncs/s:                     1080.01

Throughput:
    read, MiB/s:                  7.92
    written, MiB/s:               5.28

General statistics:
    total time:                          60.1081s
    total number of events:              115724

Latency (ms):
         min:                                  0.00
         avg:                                  0.52
         max:                                 40.12
         95th percentile:                      1.12
         sum:                              59811.73

Threads fairness:
    events (avg/stddev):           115724.0000/0.00
    execution time (avg/stddev):   59.8117/0.00

sysbench 1.0.11 (using system LuaJIT 2.1.0-beta3)

Running the test with following options:
Number of threads: 1
Initializing random number generator from current time


Extra file open flags: 0
128 files, 16MiB each
2GiB total file size
Block size 16KiB
Number of IO requests: 0
Read/Write ratio for combined random IO test: 1.50
Periodic FSYNC enabled, calling fsync() each 100 requests.
Calling fsync() at the end of test, Enabled.
Using synchronous I/O mode
Doing random r/w test
Initializing worker threads...

Threads started!


File operations:
    reads/s:                      527.60
    writes/s:                     351.74
    fsyncs/s:                     1123.76

Throughput:
    read, MiB/s:                  8.24
    written, MiB/s:               5.50

General statistics:
    total time:                          60.0434s
    total number of events:              120276

Latency (ms):
         min:                                  0.00
         avg:                                  0.50
         max:                                 36.85
         95th percentile:                      1.08
         sum:                              59816.80

Threads fairness:
    events (avg/stddev):           120276.0000/0.00
    execution time (avg/stddev):   59.8168/0.00

sysbench 1.0.11 (using system LuaJIT 2.1.0-beta3)

Running the test with following options:
Number of threads: 1
Initializing random number generator from current time


Extra file open flags: 0
128 files, 16MiB each
2GiB total file size
Block size 16KiB
Number of IO requests: 0
Read/Write ratio for combined random IO test: 1.50
Periodic FSYNC enabled, calling fsync() each 100 requests.
Calling fsync() at the end of test, Enabled.
Using synchronous I/O mode
Doing random r/w test
Initializing worker threads...

Threads started!


File operations:
    reads/s:                      513.47
    writes/s:                     342.31
    fsyncs/s:                     1094.62

Throughput:
    read, MiB/s:                  8.02
    written, MiB/s:               5.35

General statistics:
    total time:                          60.0557s
    total number of events:              117145

Latency (ms):
         min:                                  0.00
         avg:                                  0.51
         max:                                115.85
         95th percentile:                      1.12
         sum:                              59817.30

Threads fairness:
    events (avg/stddev):           117145.0000/0.00
    execution time (avg/stddev):   59.8173/0.00

sysbench 1.0.11 (using system LuaJIT 2.1.0-beta3)

Running the test with following options:
Number of threads: 1
Initializing random number generator from current time


Extra file open flags: 0
128 files, 16MiB each
2GiB total file size
Block size 16KiB
Number of IO requests: 0
Read/Write ratio for combined random IO test: 1.50
Periodic FSYNC enabled, calling fsync() each 100 requests.
Calling fsync() at the end of test, Enabled.
Using synchronous I/O mode
Doing random r/w test
Initializing worker threads...

Threads started!


File operations:
    reads/s:                      514.50
    writes/s:                     343.00
    fsyncs/s:                     1096.83

Throughput:
    read, MiB/s:                  8.04
    written, MiB/s:               5.36

General statistics:
    total time:                          60.0521s
    total number of events:              117374

Latency (ms):
         min:                                  0.00
         avg:                                  0.51
         max:                                152.19
         95th percentile:                      1.10
         sum:                              59823.92

Threads fairness:
    events (avg/stddev):           117374.0000/0.00
    execution time (avg/stddev):   59.8239/0.00

sysbench 1.0.11 (using system LuaJIT 2.1.0-beta3)

Running the test with following options:
Number of threads: 1
Initializing random number generator from current time


Extra file open flags: 0
128 files, 16MiB each
2GiB total file size
Block size 16KiB
Number of IO requests: 0
Read/Write ratio for combined random IO test: 1.50
Periodic FSYNC enabled, calling fsync() each 100 requests.
Calling fsync() at the end of test, Enabled.
Using synchronous I/O mode
Doing random r/w test
Initializing worker threads...

Threads started!


File operations:
    reads/s:                      515.67
    writes/s:                     343.78
    fsyncs/s:                     1098.63

Throughput:
    read, MiB/s:                  8.06
    written, MiB/s:               5.37

General statistics:
    total time:                          60.0352s
    total number of events:              117560

Latency (ms):
         min:                                  0.00
         avg:                                  0.51
         max:                                104.08
         95th percentile:                      1.34
         sum:                              59794.29

Threads fairness:
    events (avg/stddev):           117560.0000/0.00
    execution time (avg/stddev):   59.7943/0.00

sysbench 1.0.11 (using system LuaJIT 2.1.0-beta3)

Running the test with following options:
Number of threads: 1
Initializing random number generator from current time


Extra file open flags: 0
128 files, 16MiB each
2GiB total file size
Block size 16KiB
Number of IO requests: 0
Read/Write ratio for combined random IO test: 1.50
Periodic FSYNC enabled, calling fsync() each 100 requests.
Calling fsync() at the end of test, Enabled.
Using synchronous I/O mode
Doing random r/w test
Initializing worker threads...

Threads started!


File operations:
    reads/s:                      519.28
    writes/s:                     346.19
    fsyncs/s:                     1106.32

Throughput:
    read, MiB/s:                  8.11
    written, MiB/s:               5.41

General statistics:
    total time:                          60.0766s
    total number of events:              118471

Latency (ms):
         min:                                  0.00
         avg:                                  0.50
         max:                                 43.99
         95th percentile:                      1.12
         sum:                              59814.03

Threads fairness:
    events (avg/stddev):           118471.0000/0.00
    execution time (avg/stddev):   59.8140/0.00

sysbench 1.0.11 (using system LuaJIT 2.1.0-beta3)

Running the test with following options:
Number of threads: 1
Initializing random number generator from current time


Extra file open flags: 0
128 files, 16MiB each
2GiB total file size
Block size 16KiB
Number of IO requests: 0
Read/Write ratio for combined random IO test: 1.50
Periodic FSYNC enabled, calling fsync() each 100 requests.
Calling fsync() at the end of test, Enabled.
Using synchronous I/O mode
Doing random r/w test
Initializing worker threads...

Threads started!


File operations:
    reads/s:                      519.27
    writes/s:                     346.18
    fsyncs/s:                     1105.72

Throughput:
    read, MiB/s:                  8.11
    written, MiB/s:               5.41

General statistics:
    total time:                          60.0791s
    total number of events:              118437

Latency (ms):
         min:                                  0.00
         avg:                                  0.51
         max:                                 42.92
         95th percentile:                      1.10
         sum:                              59816.78

Threads fairness:
    events (avg/stddev):           118437.0000/0.00
    execution time (avg/stddev):   59.8168/0.00

sysbench 1.0.11 (using system LuaJIT 2.1.0-beta3)

Running the test with following options:
Number of threads: 1
Initializing random number generator from current time


Extra file open flags: 0
128 files, 16MiB each
2GiB total file size
Block size 16KiB
Number of IO requests: 0
Read/Write ratio for combined random IO test: 1.50
Periodic FSYNC enabled, calling fsync() each 100 requests.
Calling fsync() at the end of test, Enabled.
Using synchronous I/O mode
Doing random r/w test
Initializing worker threads...

Threads started!


File operations:
    reads/s:                      523.76
    writes/s:                     349.17
    fsyncs/s:                     1115.86

Throughput:
    read, MiB/s:                  8.18
    written, MiB/s:               5.46

General statistics:
    total time:                          60.0256s
    total number of events:              119382

Latency (ms):
         min:                                  0.00
         avg:                                  0.50
         max:                                 39.30
         95th percentile:                      1.08
         sum:                              59814.61

Threads fairness:
    events (avg/stddev):           119382.0000/0.00
    execution time (avg/stddev):   59.8146/0.00

sysbench 1.0.11 (using system LuaJIT 2.1.0-beta3)

Running the test with following options:
Number of threads: 1
Initializing random number generator from current time


Extra file open flags: 0
128 files, 16MiB each
2GiB total file size
Block size 16KiB
Number of IO requests: 0
Read/Write ratio for combined random IO test: 1.50
Periodic FSYNC enabled, calling fsync() each 100 requests.
Calling fsync() at the end of test, Enabled.
Using synchronous I/O mode
Doing random r/w test
Initializing worker threads...

Threads started!


File operations:
    reads/s:                      508.76
    writes/s:                     339.17
    fsyncs/s:                     1083.82

Throughput:
    read, MiB/s:                  7.95
    written, MiB/s:               5.30

General statistics:
    total time:                          60.0268s
    total number of events:              115960

Latency (ms):
         min:                                  0.00
         avg:                                  0.52
         max:                                125.35
         95th percentile:                      1.10
         sum:                              59822.05

Threads fairness:
    events (avg/stddev):           115960.0000/0.00
    execution time (avg/stddev):   59.8220/0.00

sysbench 1.0.11 (using system LuaJIT 2.1.0-beta3)

Running the test with following options:
Number of threads: 1
Initializing random number generator from current time


Extra file open flags: 0
128 files, 16MiB each
2GiB total file size
Block size 16KiB
Number of IO requests: 0
Read/Write ratio for combined random IO test: 1.50
Periodic FSYNC enabled, calling fsync() each 100 requests.
Calling fsync() at the end of test, Enabled.
Using synchronous I/O mode
Doing random r/w test
Initializing worker threads...

Threads started!


File operations:
    reads/s:                      520.41
    writes/s:                     346.94
    fsyncs/s:                     1109.69

Throughput:
    read, MiB/s:                  8.13
    written, MiB/s:               5.42

General statistics:
    total time:                          60.0667s
    total number of events:              118757

Latency (ms):
         min:                                  0.00
         avg:                                  0.50
         max:                                 37.66
         95th percentile:                      1.10
         sum:                              59812.57

Threads fairness:
    events (avg/stddev):           118757.0000/0.00
    execution time (avg/stddev):   59.8126/0.00

sysbench 1.0.11 (using system LuaJIT 2.1.0-beta3)

Running the test with following options:
Number of threads: 1
Initializing random number generator from current time


Extra file open flags: 0
128 files, 16MiB each
2GiB total file size
Block size 16KiB
Number of IO requests: 0
Read/Write ratio for combined random IO test: 1.50
Periodic FSYNC enabled, calling fsync() each 100 requests.
Calling fsync() at the end of test, Enabled.
Using synchronous I/O mode
Doing random r/w test
Initializing worker threads...

Threads started!


File operations:
    reads/s:                      488.88
    writes/s:                     325.92
    fsyncs/s:                     1042.01

Throughput:
    read, MiB/s:                  7.64
    written, MiB/s:               5.09

General statistics:
    total time:                          60.0130s
    total number of events:              111436

Latency (ms):
         min:                                  0.00
         avg:                                  0.54
         max:                                181.28
         95th percentile:                      1.10
         sum:                              59826.89

Threads fairness:
    events (avg/stddev):           111436.0000/0.00
    execution time (avg/stddev):   59.8269/0.00

sysbench 1.0.11 (using system LuaJIT 2.1.0-beta3)

Running the test with following options:
Number of threads: 1
Initializing random number generator from current time


Extra file open flags: 0
128 files, 16MiB each
2GiB total file size
Block size 16KiB
Number of IO requests: 0
Read/Write ratio for combined random IO test: 1.50
Periodic FSYNC enabled, calling fsync() each 100 requests.
Calling fsync() at the end of test, Enabled.
Using synchronous I/O mode
Doing random r/w test
Initializing worker threads...

Threads started!


File operations:
    reads/s:                      329.73
    writes/s:                     219.82
    fsyncs/s:                     702.09

Throughput:
    read, MiB/s:                  5.15
    written, MiB/s:               3.43

General statistics:
    total time:                          60.0458s
    total number of events:              75160

Latency (ms):
         min:                                  0.00
         avg:                                  0.80
         max:                                220.75
         95th percentile:                      1.44
         sum:                              59880.19

Threads fairness:
    events (avg/stddev):           75160.0000/0.00
    execution time (avg/stddev):   59.8802/0.00

